[0.177s] Invoking command in '/home/roboboat/RoboBoat_Cyber_Minority/ROS2_Imp/ros2_foxy/build/detector': CMAKE_PREFIX_PATH=${CMAKE_PREFIX_PATH}:/opt/ros/foxy /usr/bin/cmake --build /home/roboboat/RoboBoat_Cyber_Minority/ROS2_Imp/ros2_foxy/build/detector -- -j12 -l12
[0.223s] -- Found ament_cmake: 0.9.12 (/opt/ros/foxy/share/ament_cmake/cmake)
[0.258s] -- Found PythonInterp: /usr/bin/python3 (found suitable version "3.8.10", minimum required is "3") 
[0.259s] -- Using PYTHON_EXECUTABLE: /usr/bin/python3
[0.546s] -- Found rclcpp: 2.4.3 (/opt/ros/foxy/share/rclcpp/cmake)
[0.590s] -- Using all available rosidl_typesupport_c: rosidl_typesupport_fastrtps_c;rosidl_typesupport_introspection_c
[0.594s] -- Found rosidl_adapter: 1.3.1 (/opt/ros/foxy/share/rosidl_adapter/cmake)
[0.753s] -- Using all available rosidl_typesupport_cpp: rosidl_typesupport_fastrtps_cpp;rosidl_typesupport_introspection_cpp
[0.814s] -- Found rmw_implementation_cmake: 1.0.4 (/opt/ros/foxy/share/rmw_implementation_cmake/cmake)
[0.816s] -- Using RMW implementation 'rmw_fastrtps_cpp' as default
[0.990s] -- Found rosidl_default_generators: 1.0.1 (/opt/ros/foxy/share/rosidl_default_generators/cmake)
[1.002s] -- Found main_control: 0.0.0 (/home/roboboat/RoboBoat_Cyber_Minority/ROS2_Imp/ros2_foxy/install/main_control/share/main_control/cmake)
[1.054s] -- Found PythonInterp: /usr/bin/python3 (found version "3.8.10") 
[1.242s] -- Found ament_cmake_ros: 0.9.2 (/opt/ros/foxy/share/ament_cmake_ros/cmake)
[1.379s] -- Using all available rosidl_typesupport_c: rosidl_typesupport_fastrtps_c;rosidl_typesupport_introspection_c
[1.388s] -- Using all available rosidl_typesupport_cpp: rosidl_typesupport_fastrtps_cpp;rosidl_typesupport_introspection_cpp
[1.425s] -- Found PythonInterp: /usr/bin/python3 (found suitable version "3.8.10", minimum required is "3.5") 
[1.425s] -- Found python_cmake_module: 0.8.1 (/opt/ros/foxy/share/python_cmake_module/cmake)
[1.459s] -- Using PYTHON_EXECUTABLE: /usr/bin/python3
[1.460s] -- Using PYTHON_INCLUDE_DIRS: /usr/include/python3.8
[1.460s] -- Using PYTHON_LIBRARIES: /usr/lib/aarch64-linux-gnu/libpython3.8.so
[1.481s] -- Found ament_lint_auto: 0.9.8 (/opt/ros/foxy/share/ament_lint_auto/cmake)
[1.498s] -- Configuring done
[1.544s] -- Generating done
[1.549s] -- Build files have been written to: /home/roboboat/RoboBoat_Cyber_Minority/ROS2_Imp/ros2_foxy/build/detector
[1.625s] [  9%] Built target detector__cpp
[1.625s] [ 12%] Built target detector__rosidl_generator_c
[1.636s] [ 18%] Built target detector_node
[1.658s] [ 36%] Built target detector__rosidl_typesupport_cpp
[1.658s] [ 36%] Built target detector__rosidl_typesupport_introspection_cpp
[1.663s] [ 45%] Built target detector__rosidl_typesupport_fastrtps_cpp
[1.671s] [ 63%] Built target detector__rosidl_typesupport_introspection_c
[1.671s] [ 63%] Built target detector__rosidl_typesupport_c
[1.702s] [ 72%] Built target detector__rosidl_typesupport_fastrtps_c
[1.735s] [ 72%] Built target detector
[1.766s] [ 75%] Built target detector__py
[1.810s] [ 81%] Built target detector__python
[1.851s] [ 96%] Built target detector__rosidl_typesupport_introspection_c__pyext
[1.851s] [100%] Built target detector__rosidl_typesupport_fastrtps_c__pyext
[1.851s] [100%] Built target detector__rosidl_typesupport_c__pyext
[1.873s] Invoked command in '/home/roboboat/RoboBoat_Cyber_Minority/ROS2_Imp/ros2_foxy/build/detector' returned '0': CMAKE_PREFIX_PATH=${CMAKE_PREFIX_PATH}:/opt/ros/foxy /usr/bin/cmake --build /home/roboboat/RoboBoat_Cyber_Minority/ROS2_Imp/ros2_foxy/build/detector -- -j12 -l12
[1.966s] Invoking command in '/home/roboboat/RoboBoat_Cyber_Minority/ROS2_Imp/ros2_foxy/build/detector': CMAKE_PREFIX_PATH=${CMAKE_PREFIX_PATH}:/opt/ros/foxy /usr/bin/cmake --install /home/roboboat/RoboBoat_Cyber_Minority/ROS2_Imp/ros2_foxy/build/detector
[1.982s] -- Install configuration: ""
[1.983s] -- Up-to-date: /home/roboboat/RoboBoat_Cyber_Minority/ROS2_Imp/ros2_foxy/install/detector/lib/detector/detector_node
[1.983s] -- Up-to-date: /home/roboboat/RoboBoat_Cyber_Minority/ROS2_Imp/ros2_foxy/install/detector/share/ament_index/resource_index/rosidl_interfaces/detector
[1.983s] -- Up-to-date: /home/roboboat/RoboBoat_Cyber_Minority/ROS2_Imp/ros2_foxy/install/detector/include/detector
[1.983s] -- Up-to-date: /home/roboboat/RoboBoat_Cyber_Minority/ROS2_Imp/ros2_foxy/install/detector/include/detector/msg
[1.983s] -- Up-to-date: /home/roboboat/RoboBoat_Cyber_Minority/ROS2_Imp/ros2_foxy/install/detector/include/detector/msg/my_custom_msg.h
[1.983s] -- Up-to-date: /home/roboboat/RoboBoat_Cyber_Minority/ROS2_Imp/ros2_foxy/install/detector/include/detector/msg/detail
[1.984s] -- Up-to-date: /home/roboboat/RoboBoat_Cyber_Minority/ROS2_Imp/ros2_foxy/install/detector/include/detector/msg/detail/my_custom_msg_detector__type_support.h
[1.984s] -- Up-to-date: /home/roboboat/RoboBoat_Cyber_Minority/ROS2_Imp/ros2_foxy/install/detector/include/detector/msg/detail/my_custom_msg__type_support.h
[1.984s] -- Up-to-date: /home/roboboat/RoboBoat_Cyber_Minority/ROS2_Imp/ros2_foxy/install/detector/include/detector/msg/detail/my_custom_msg__functions.c
[1.984s] -- Up-to-date: /home/roboboat/RoboBoat_Cyber_Minority/ROS2_Imp/ros2_foxy/install/detector/include/detector/msg/detail/my_custom_msg_detector__functions.h
[1.984s] -- Up-to-date: /home/roboboat/RoboBoat_Cyber_Minority/ROS2_Imp/ros2_foxy/install/detector/include/detector/msg/detail/my_custom_msg__functions.h
[1.984s] -- Up-to-date: /home/roboboat/RoboBoat_Cyber_Minority/ROS2_Imp/ros2_foxy/install/detector/include/detector/msg/detail/my_custom_msg_detector__struct.h
[1.984s] -- Up-to-date: /home/roboboat/RoboBoat_Cyber_Minority/ROS2_Imp/ros2_foxy/install/detector/include/detector/msg/detail/my_custom_msg_detector__functions.c
[1.984s] -- Up-to-date: /home/roboboat/RoboBoat_Cyber_Minority/ROS2_Imp/ros2_foxy/install/detector/include/detector/msg/detail/my_custom_msg__struct.h
[1.984s] -- Up-to-date: /home/roboboat/RoboBoat_Cyber_Minority/ROS2_Imp/ros2_foxy/install/detector/include/detector/msg/my_custom_msg_detector.h
[1.985s] -- Up-to-date: /home/roboboat/RoboBoat_Cyber_Minority/ROS2_Imp/ros2_foxy/install/detector/include/detector/msg/rosidl_generator_c__visibility_control.h
[1.985s] -- Up-to-date: /home/roboboat/RoboBoat_Cyber_Minority/ROS2_Imp/ros2_foxy/install/detector/share/detector/environment/library_path.sh
[1.985s] -- Installing: /home/roboboat/RoboBoat_Cyber_Minority/ROS2_Imp/ros2_foxy/install/detector/share/detector/environment/library_path.dsv
[1.985s] -- Up-to-date: /home/roboboat/RoboBoat_Cyber_Minority/ROS2_Imp/ros2_foxy/install/detector/lib/libdetector__rosidl_generator_c.so
[1.985s] -- Up-to-date: /home/roboboat/RoboBoat_Cyber_Minority/ROS2_Imp/ros2_foxy/install/detector/include/detector
[1.985s] -- Up-to-date: /home/roboboat/RoboBoat_Cyber_Minority/ROS2_Imp/ros2_foxy/install/detector/include/detector/msg
[1.985s] -- Up-to-date: /home/roboboat/RoboBoat_Cyber_Minority/ROS2_Imp/ros2_foxy/install/detector/include/detector/msg/detail
[1.985s] -- Up-to-date: /home/roboboat/RoboBoat_Cyber_Minority/ROS2_Imp/ros2_foxy/install/detector/include/detector/msg/detail/my_custom_msg_detector__rosidl_typesupport_fastrtps_c.h
[1.985s] -- Up-to-date: /home/roboboat/RoboBoat_Cyber_Minority/ROS2_Imp/ros2_foxy/install/detector/include/detector/msg/detail/my_custom_msg__rosidl_typesupport_fastrtps_c.h
[1.985s] -- Up-to-date: /home/roboboat/RoboBoat_Cyber_Minority/ROS2_Imp/ros2_foxy/install/detector/include/detector/msg/rosidl_typesupport_fastrtps_c__visibility_control.h
[1.986s] -- Up-to-date: /home/roboboat/RoboBoat_Cyber_Minority/ROS2_Imp/ros2_foxy/install/detector/lib/libdetector__rosidl_typesupport_fastrtps_c.so
[1.986s] -- Up-to-date: /home/roboboat/RoboBoat_Cyber_Minority/ROS2_Imp/ros2_foxy/install/detector/include/detector
[1.986s] -- Up-to-date: /home/roboboat/RoboBoat_Cyber_Minority/ROS2_Imp/ros2_foxy/install/detector/include/detector/msg
[1.986s] -- Up-to-date: /home/roboboat/RoboBoat_Cyber_Minority/ROS2_Imp/ros2_foxy/install/detector/include/detector/msg/detail
[1.986s] -- Up-to-date: /home/roboboat/RoboBoat_Cyber_Minority/ROS2_Imp/ros2_foxy/install/detector/include/detector/msg/detail/dds_fastrtps
[1.986s] -- Up-to-date: /home/roboboat/RoboBoat_Cyber_Minority/ROS2_Imp/ros2_foxy/install/detector/include/detector/msg/detail/my_custom_msg_detector__rosidl_typesupport_fastrtps_cpp.hpp
[1.986s] -- Up-to-date: /home/roboboat/RoboBoat_Cyber_Minority/ROS2_Imp/ros2_foxy/install/detector/include/detector/msg/detail/my_custom_msg__rosidl_typesupport_fastrtps_cpp.hpp
[1.986s] -- Up-to-date: /home/roboboat/RoboBoat_Cyber_Minority/ROS2_Imp/ros2_foxy/install/detector/include/detector/msg/rosidl_typesupport_fastrtps_cpp__visibility_control.h
[1.986s] -- Up-to-date: /home/roboboat/RoboBoat_Cyber_Minority/ROS2_Imp/ros2_foxy/install/detector/lib/libdetector__rosidl_typesupport_fastrtps_cpp.so
[1.986s] -- Up-to-date: /home/roboboat/RoboBoat_Cyber_Minority/ROS2_Imp/ros2_foxy/install/detector/include/detector
[1.987s] -- Up-to-date: /home/roboboat/RoboBoat_Cyber_Minority/ROS2_Imp/ros2_foxy/install/detector/include/detector/msg
[1.987s] -- Up-to-date: /home/roboboat/RoboBoat_Cyber_Minority/ROS2_Imp/ros2_foxy/install/detector/include/detector/msg/rosidl_typesupport_introspection_c__visibility_control.h
[1.987s] -- Up-to-date: /home/roboboat/RoboBoat_Cyber_Minority/ROS2_Imp/ros2_foxy/install/detector/include/detector/msg/detail
[1.987s] -- Up-to-date: /home/roboboat/RoboBoat_Cyber_Minority/ROS2_Imp/ros2_foxy/install/detector/include/detector/msg/detail/my_custom_msg_detector__rosidl_typesupport_introspection_c.h
[1.987s] -- Up-to-date: /home/roboboat/RoboBoat_Cyber_Minority/ROS2_Imp/ros2_foxy/install/detector/include/detector/msg/detail/my_custom_msg__rosidl_typesupport_introspection_c.h
[1.987s] -- Up-to-date: /home/roboboat/RoboBoat_Cyber_Minority/ROS2_Imp/ros2_foxy/install/detector/include/detector/msg/detail/my_custom_msg__type_support.c
[1.987s] -- Up-to-date: /home/roboboat/RoboBoat_Cyber_Minority/ROS2_Imp/ros2_foxy/install/detector/include/detector/msg/detail/my_custom_msg_detector__type_support.c
[1.987s] -- Up-to-date: /home/roboboat/RoboBoat_Cyber_Minority/ROS2_Imp/ros2_foxy/install/detector/lib/libdetector__rosidl_typesupport_introspection_c.so
[1.987s] -- Up-to-date: /home/roboboat/RoboBoat_Cyber_Minority/ROS2_Imp/ros2_foxy/install/detector/lib/libdetector__rosidl_typesupport_c.so
[1.988s] -- Up-to-date: /home/roboboat/RoboBoat_Cyber_Minority/ROS2_Imp/ros2_foxy/install/detector/include/detector
[1.988s] -- Up-to-date: /home/roboboat/RoboBoat_Cyber_Minority/ROS2_Imp/ros2_foxy/install/detector/include/detector/msg
[1.988s] -- Up-to-date: /home/roboboat/RoboBoat_Cyber_Minority/ROS2_Imp/ros2_foxy/install/detector/include/detector/msg/my_custom_msg_detector.hpp
[1.988s] -- Up-to-date: /home/roboboat/RoboBoat_Cyber_Minority/ROS2_Imp/ros2_foxy/install/detector/include/detector/msg/detail
[1.988s] -- Up-to-date: /home/roboboat/RoboBoat_Cyber_Minority/ROS2_Imp/ros2_foxy/install/detector/include/detector/msg/detail/my_custom_msg__traits.hpp
[1.988s] -- Up-to-date: /home/roboboat/RoboBoat_Cyber_Minority/ROS2_Imp/ros2_foxy/install/detector/include/detector/msg/detail/my_custom_msg__struct.hpp
[1.988s] -- Up-to-date: /home/roboboat/RoboBoat_Cyber_Minority/ROS2_Imp/ros2_foxy/install/detector/include/detector/msg/detail/my_custom_msg_detector__traits.hpp
[1.988s] -- Up-to-date: /home/roboboat/RoboBoat_Cyber_Minority/ROS2_Imp/ros2_foxy/install/detector/include/detector/msg/detail/my_custom_msg__type_support.hpp
[1.988s] -- Up-to-date: /home/roboboat/RoboBoat_Cyber_Minority/ROS2_Imp/ros2_foxy/install/detector/include/detector/msg/detail/my_custom_msg_detector__struct.hpp
[1.988s] -- Up-to-date: /home/roboboat/RoboBoat_Cyber_Minority/ROS2_Imp/ros2_foxy/install/detector/include/detector/msg/detail/my_custom_msg_detector__type_support.hpp
[1.989s] -- Up-to-date: /home/roboboat/RoboBoat_Cyber_Minority/ROS2_Imp/ros2_foxy/install/detector/include/detector/msg/detail/my_custom_msg__builder.hpp
[1.989s] -- Up-to-date: /home/roboboat/RoboBoat_Cyber_Minority/ROS2_Imp/ros2_foxy/install/detector/include/detector/msg/detail/my_custom_msg_detector__builder.hpp
[1.989s] -- Up-to-date: /home/roboboat/RoboBoat_Cyber_Minority/ROS2_Imp/ros2_foxy/install/detector/include/detector/msg/rosidl_generator_cpp__visibility_control.hpp
[1.989s] -- Up-to-date: /home/roboboat/RoboBoat_Cyber_Minority/ROS2_Imp/ros2_foxy/install/detector/include/detector/msg/my_custom_msg.hpp
[1.989s] -- Up-to-date: /home/roboboat/RoboBoat_Cyber_Minority/ROS2_Imp/ros2_foxy/install/detector/include/detector
[1.989s] -- Up-to-date: /home/roboboat/RoboBoat_Cyber_Minority/ROS2_Imp/ros2_foxy/install/detector/include/detector/msg
[1.989s] -- Up-to-date: /home/roboboat/RoboBoat_Cyber_Minority/ROS2_Imp/ros2_foxy/install/detector/include/detector/msg/detail
[1.989s] -- Up-to-date: /home/roboboat/RoboBoat_Cyber_Minority/ROS2_Imp/ros2_foxy/install/detector/include/detector/msg/detail/my_custom_msg_detector__type_support.cpp
[1.989s] -- Up-to-date: /home/roboboat/RoboBoat_Cyber_Minority/ROS2_Imp/ros2_foxy/install/detector/include/detector/msg/detail/my_custom_msg__rosidl_typesupport_introspection_cpp.hpp
[1.989s] -- Up-to-date: /home/roboboat/RoboBoat_Cyber_Minority/ROS2_Imp/ros2_foxy/install/detector/include/detector/msg/detail/my_custom_msg_detector__rosidl_typesupport_introspection_cpp.hpp
[1.989s] -- Up-to-date: /home/roboboat/RoboBoat_Cyber_Minority/ROS2_Imp/ros2_foxy/install/detector/include/detector/msg/detail/my_custom_msg__type_support.cpp
[1.990s] -- Up-to-date: /home/roboboat/RoboBoat_Cyber_Minority/ROS2_Imp/ros2_foxy/install/detector/lib/libdetector__rosidl_typesupport_introspection_cpp.so
[1.990s] -- Up-to-date: /home/roboboat/RoboBoat_Cyber_Minority/ROS2_Imp/ros2_foxy/install/detector/lib/libdetector__rosidl_typesupport_cpp.so
[1.990s] -- Up-to-date: /home/roboboat/RoboBoat_Cyber_Minority/ROS2_Imp/ros2_foxy/install/detector/share/detector/environment/pythonpath.sh
[1.990s] -- Installing: /home/roboboat/RoboBoat_Cyber_Minority/ROS2_Imp/ros2_foxy/install/detector/share/detector/environment/pythonpath.dsv
[1.990s] -- Installing: /home/roboboat/RoboBoat_Cyber_Minority/ROS2_Imp/ros2_foxy/install/detector/lib/python3.8/site-packages/detector/__init__.py
[2.034s] Compiling '/home/roboboat/RoboBoat_Cyber_Minority/ROS2_Imp/ros2_foxy/install/detector/lib/python3.8/site-packages/detector/__init__.py'...
[2.043s] -- Up-to-date: /home/roboboat/RoboBoat_Cyber_Minority/ROS2_Imp/ros2_foxy/install/detector/lib/python3.8/site-packages/detector/msg
[2.043s] -- Up-to-date: /home/roboboat/RoboBoat_Cyber_Minority/ROS2_Imp/ros2_foxy/install/detector/lib/python3.8/site-packages/detector/msg/__init__.py
[2.043s] -- Up-to-date: /home/roboboat/RoboBoat_Cyber_Minority/ROS2_Imp/ros2_foxy/install/detector/lib/python3.8/site-packages/detector/msg/_my_custom_msg_s.c
[2.043s] -- Up-to-date: /home/roboboat/RoboBoat_Cyber_Minority/ROS2_Imp/ros2_foxy/install/detector/lib/python3.8/site-packages/detector/msg/_my_custom_msg.py
[2.043s] -- Up-to-date: /home/roboboat/RoboBoat_Cyber_Minority/ROS2_Imp/ros2_foxy/install/detector/lib/python3.8/site-packages/detector/msg/_my_custom_msg_detector_s.c
[2.044s] -- Up-to-date: /home/roboboat/RoboBoat_Cyber_Minority/ROS2_Imp/ros2_foxy/install/detector/lib/python3.8/site-packages/detector/msg/_my_custom_msg_detector.py
[2.044s] -- Up-to-date: /home/roboboat/RoboBoat_Cyber_Minority/ROS2_Imp/ros2_foxy/install/detector/lib/python3.8/site-packages/detector/detector_s__rosidl_typesupport_fastrtps_c.cpython-38-aarch64-linux-gnu.so
[2.044s] -- Up-to-date: /home/roboboat/RoboBoat_Cyber_Minority/ROS2_Imp/ros2_foxy/install/detector/lib/python3.8/site-packages/detector/detector_s__rosidl_typesupport_introspection_c.cpython-38-aarch64-linux-gnu.so
[2.045s] -- Up-to-date: /home/roboboat/RoboBoat_Cyber_Minority/ROS2_Imp/ros2_foxy/install/detector/lib/python3.8/site-packages/detector/detector_s__rosidl_typesupport_c.cpython-38-aarch64-linux-gnu.so
[2.045s] -- Up-to-date: /home/roboboat/RoboBoat_Cyber_Minority/ROS2_Imp/ros2_foxy/install/detector/lib/libdetector__python.so
[2.045s] -- Up-to-date: /home/roboboat/RoboBoat_Cyber_Minority/ROS2_Imp/ros2_foxy/install/detector/share/detector/msg/MyCustomMsgDetector.idl
[2.046s] -- Up-to-date: /home/roboboat/RoboBoat_Cyber_Minority/ROS2_Imp/ros2_foxy/install/detector/share/detector/msg/MyCustomMsgDetector.msg
[2.046s] -- Up-to-date: /home/roboboat/RoboBoat_Cyber_Minority/ROS2_Imp/ros2_foxy/install/detector/include
[2.046s] -- Up-to-date: /home/roboboat/RoboBoat_Cyber_Minority/ROS2_Imp/ros2_foxy/install/detector/include/detector
[2.046s] -- Up-to-date: /home/roboboat/RoboBoat_Cyber_Minority/ROS2_Imp/ros2_foxy/install/detector/include/detector/.YOLOv5Detection.hpp.swp
[2.046s] -- Up-to-date: /home/roboboat/RoboBoat_Cyber_Minority/ROS2_Imp/ros2_foxy/install/detector/share/ament_index/resource_index/package_run_dependencies/detector
[2.047s] -- Up-to-date: /home/roboboat/RoboBoat_Cyber_Minority/ROS2_Imp/ros2_foxy/install/detector/share/ament_index/resource_index/parent_prefix_path/detector
[2.047s] -- Up-to-date: /home/roboboat/RoboBoat_Cyber_Minority/ROS2_Imp/ros2_foxy/install/detector/share/detector/environment/ament_prefix_path.sh
[2.047s] -- Installing: /home/roboboat/RoboBoat_Cyber_Minority/ROS2_Imp/ros2_foxy/install/detector/share/detector/environment/ament_prefix_path.dsv
[2.047s] -- Up-to-date: /home/roboboat/RoboBoat_Cyber_Minority/ROS2_Imp/ros2_foxy/install/detector/share/detector/environment/path.sh
[2.047s] -- Installing: /home/roboboat/RoboBoat_Cyber_Minority/ROS2_Imp/ros2_foxy/install/detector/share/detector/environment/path.dsv
[2.047s] -- Up-to-date: /home/roboboat/RoboBoat_Cyber_Minority/ROS2_Imp/ros2_foxy/install/detector/share/detector/local_setup.bash
[2.048s] -- Up-to-date: /home/roboboat/RoboBoat_Cyber_Minority/ROS2_Imp/ros2_foxy/install/detector/share/detector/local_setup.sh
[2.048s] -- Up-to-date: /home/roboboat/RoboBoat_Cyber_Minority/ROS2_Imp/ros2_foxy/install/detector/share/detector/local_setup.zsh
[2.048s] -- Installing: /home/roboboat/RoboBoat_Cyber_Minority/ROS2_Imp/ros2_foxy/install/detector/share/detector/local_setup.dsv
[2.048s] -- Installing: /home/roboboat/RoboBoat_Cyber_Minority/ROS2_Imp/ros2_foxy/install/detector/share/detector/package.dsv
[2.048s] -- Up-to-date: /home/roboboat/RoboBoat_Cyber_Minority/ROS2_Imp/ros2_foxy/install/detector/share/ament_index/resource_index/packages/detector
[2.048s] -- Up-to-date: /home/roboboat/RoboBoat_Cyber_Minority/ROS2_Imp/ros2_foxy/install/detector/share/detector/cmake/detector__rosidl_generator_cExport.cmake
[2.049s] -- Installing: /home/roboboat/RoboBoat_Cyber_Minority/ROS2_Imp/ros2_foxy/install/detector/share/detector/cmake/detector__rosidl_generator_cExport-noconfig.cmake
[2.049s] -- Up-to-date: /home/roboboat/RoboBoat_Cyber_Minority/ROS2_Imp/ros2_foxy/install/detector/share/detector/cmake/detector__rosidl_typesupport_introspection_cExport.cmake
[2.049s] -- Installing: /home/roboboat/RoboBoat_Cyber_Minority/ROS2_Imp/ros2_foxy/install/detector/share/detector/cmake/detector__rosidl_typesupport_introspection_cExport-noconfig.cmake
[2.049s] -- Up-to-date: /home/roboboat/RoboBoat_Cyber_Minority/ROS2_Imp/ros2_foxy/install/detector/share/detector/cmake/detector__rosidl_typesupport_cExport.cmake
[2.049s] -- Installing: /home/roboboat/RoboBoat_Cyber_Minority/ROS2_Imp/ros2_foxy/install/detector/share/detector/cmake/detector__rosidl_typesupport_cExport-noconfig.cmake
[2.049s] -- Up-to-date: /home/roboboat/RoboBoat_Cyber_Minority/ROS2_Imp/ros2_foxy/install/detector/share/detector/cmake/detector__rosidl_generator_cppExport.cmake
[2.049s] -- Up-to-date: /home/roboboat/RoboBoat_Cyber_Minority/ROS2_Imp/ros2_foxy/install/detector/share/detector/cmake/detector__rosidl_typesupport_introspection_cppExport.cmake
[2.050s] -- Installing: /home/roboboat/RoboBoat_Cyber_Minority/ROS2_Imp/ros2_foxy/install/detector/share/detector/cmake/detector__rosidl_typesupport_introspection_cppExport-noconfig.cmake
[2.050s] -- Up-to-date: /home/roboboat/RoboBoat_Cyber_Minority/ROS2_Imp/ros2_foxy/install/detector/share/detector/cmake/detector__rosidl_typesupport_cppExport.cmake
[2.050s] -- Installing: /home/roboboat/RoboBoat_Cyber_Minority/ROS2_Imp/ros2_foxy/install/detector/share/detector/cmake/detector__rosidl_typesupport_cppExport-noconfig.cmake
[2.050s] -- Up-to-date: /home/roboboat/RoboBoat_Cyber_Minority/ROS2_Imp/ros2_foxy/install/detector/share/detector/cmake/rosidl_cmake-extras.cmake
[2.050s] -- Up-to-date: /home/roboboat/RoboBoat_Cyber_Minority/ROS2_Imp/ros2_foxy/install/detector/share/detector/cmake/ament_cmake_export_dependencies-extras.cmake
[2.051s] -- Up-to-date: /home/roboboat/RoboBoat_Cyber_Minority/ROS2_Imp/ros2_foxy/install/detector/share/detector/cmake/ament_cmake_export_libraries-extras.cmake
[2.051s] -- Up-to-date: /home/roboboat/RoboBoat_Cyber_Minority/ROS2_Imp/ros2_foxy/install/detector/share/detector/cmake/ament_cmake_export_targets-extras.cmake
[2.051s] -- Up-to-date: /home/roboboat/RoboBoat_Cyber_Minority/ROS2_Imp/ros2_foxy/install/detector/share/detector/cmake/ament_cmake_export_include_directories-extras.cmake
[2.051s] -- Up-to-date: /home/roboboat/RoboBoat_Cyber_Minority/ROS2_Imp/ros2_foxy/install/detector/share/detector/cmake/rosidl_cmake_export_typesupport_libraries-extras.cmake
[2.051s] -- Up-to-date: /home/roboboat/RoboBoat_Cyber_Minority/ROS2_Imp/ros2_foxy/install/detector/share/detector/cmake/rosidl_cmake_export_typesupport_targets-extras.cmake
[2.051s] -- Up-to-date: /home/roboboat/RoboBoat_Cyber_Minority/ROS2_Imp/ros2_foxy/install/detector/share/detector/cmake/detectorConfig.cmake
[2.051s] -- Up-to-date: /home/roboboat/RoboBoat_Cyber_Minority/ROS2_Imp/ros2_foxy/install/detector/share/detector/cmake/detectorConfig-version.cmake
[2.051s] -- Up-to-date: /home/roboboat/RoboBoat_Cyber_Minority/ROS2_Imp/ros2_foxy/install/detector/share/detector/package.xml
[2.056s] Invoked command in '/home/roboboat/RoboBoat_Cyber_Minority/ROS2_Imp/ros2_foxy/build/detector' returned '0': CMAKE_PREFIX_PATH=${CMAKE_PREFIX_PATH}:/opt/ros/foxy /usr/bin/cmake --install /home/roboboat/RoboBoat_Cyber_Minority/ROS2_Imp/ros2_foxy/build/detector
