[3.430s] DEBUG:colcon:Command line arguments: ['/usr/bin/colcon', 'build']
[3.430s] DEBUG:colcon:Parsed command line arguments: Namespace(allow_overriding=[], ament_cmake_args=None, base_paths=['.'], build_base='build', catkin_cmake_args=None, catkin_skip_building_tests=False, cmake_args=None, cmake_clean_cache=False, cmake_clean_first=False, cmake_force_configure=False, cmake_target=None, cmake_target_skip_unavailable=False, continue_on_error=False, event_handlers=None, executor='parallel', ignore_user_meta=False, install_base='install', log_base=None, log_level=None, main=<bound method BuildVerb.main of <colcon_core.verb.build.BuildVerb object at 0xffffb9ac2ee0>>, merge_install=False, metas=['./colcon.meta'], packages_above=None, packages_above_and_dependencies=None, packages_above_depth=None, packages_end=None, packages_ignore=None, packages_ignore_regex=None, packages_select=None, packages_select_build_failed=False, packages_select_by_dep=None, packages_select_regex=None, packages_select_test_failures=False, packages_skip=None, packages_skip_build_finished=False, packages_skip_by_dep=None, packages_skip_regex=None, packages_skip_test_passed=False, packages_skip_up_to=None, packages_start=None, packages_up_to=None, packages_up_to_regex=None, parallel_workers=12, paths=None, symlink_install=False, test_result_base=None, verb_extension=<colcon_core.verb.build.BuildVerb object at 0xffffb9ac2ee0>, verb_name='build', verb_parser=<colcon_defaults.argument_parser.defaults.DefaultArgumentsDecorator object at 0xffffb97828e0>)
[3.579s] Level 1:colcon.colcon_core.package_discovery:discover_packages(colcon_meta) check parameters
[3.580s] Level 1:colcon.colcon_core.package_discovery:discover_packages(recursive) check parameters
[3.580s] Level 1:colcon.colcon_core.package_discovery:discover_packages(ignore) check parameters
[3.580s] Level 1:colcon.colcon_core.package_discovery:discover_packages(path) check parameters
[3.580s] Level 1:colcon.colcon_core.package_discovery:discover_packages(colcon_meta) discover
[3.580s] Level 1:colcon.colcon_core.package_discovery:discover_packages(recursive) discover
[3.580s] INFO:colcon.colcon_core.package_discovery:Crawling recursively for packages in '/home/roboboat/RoboBoat_Cyber_Minority/ROS2_Imp/ros2_foxy'
[3.580s] Level 1:colcon.colcon_core.package_identification:_identify(.) by extensions ['ignore', 'ignore_ament_install']
[3.580s] Level 1:colcon.colcon_core.package_identification:_identify(.) by extension 'ignore'
[3.580s] Level 1:colcon.colcon_core.package_identification:_identify(.) by extension 'ignore_ament_install'
[3.580s] Level 1:colcon.colcon_core.package_identification:_identify(.) by extensions ['colcon_pkg']
[3.580s] Level 1:colcon.colcon_core.package_identification:_identify(.) by extension 'colcon_pkg'
[3.580s] Level 1:colcon.colcon_core.package_identification:_identify(.) by extensions ['colcon_meta']
[3.581s] Level 1:colcon.colcon_core.package_identification:_identify(.) by extension 'colcon_meta'
[3.581s] Level 1:colcon.colcon_core.package_identification:_identify(.) by extensions ['ros']
[3.581s] Level 1:colcon.colcon_core.package_identification:_identify(.) by extension 'ros'
[3.601s] Level 1:colcon.colcon_core.package_identification:_identify(.) by extensions ['cmake', 'python']
[3.601s] Level 1:colcon.colcon_core.package_identification:_identify(.) by extension 'cmake'
[3.601s] Level 1:colcon.colcon_core.package_identification:_identify(.) by extension 'python'
[3.601s] Level 1:colcon.colcon_core.package_identification:_identify(.) by extensions ['python_setup_py']
[3.601s] Level 1:colcon.colcon_core.package_identification:_identify(.) by extension 'python_setup_py'
[3.601s] Level 1:colcon.colcon_core.package_identification:_identify(build) by extensions ['ignore', 'ignore_ament_install']
[3.601s] Level 1:colcon.colcon_core.package_identification:_identify(build) by extension 'ignore'
[3.602s] Level 1:colcon.colcon_core.package_identification:_identify(build) ignored
[3.602s] Level 1:colcon.colcon_core.package_identification:_identify(install) by extensions ['ignore', 'ignore_ament_install']
[3.602s] Level 1:colcon.colcon_core.package_identification:_identify(install) by extension 'ignore'
[3.602s] Level 1:colcon.colcon_core.package_identification:_identify(install) ignored
[3.602s] Level 1:colcon.colcon_core.package_identification:_identify(log) by extensions ['ignore', 'ignore_ament_install']
[3.602s] Level 1:colcon.colcon_core.package_identification:_identify(log) by extension 'ignore'
[3.602s] Level 1:colcon.colcon_core.package_identification:_identify(log) ignored
[3.603s] Level 1:colcon.colcon_core.package_identification:_identify(src) by extensions ['ignore', 'ignore_ament_install']
[3.603s] Level 1:colcon.colcon_core.package_identification:_identify(src) by extension 'ignore'
[3.603s] Level 1:colcon.colcon_core.package_identification:_identify(src) by extension 'ignore_ament_install'
[3.603s] Level 1:colcon.colcon_core.package_identification:_identify(src) by extensions ['colcon_pkg']
[3.603s] Level 1:colcon.colcon_core.package_identification:_identify(src) by extension 'colcon_pkg'
[3.603s] Level 1:colcon.colcon_core.package_identification:_identify(src) by extensions ['colcon_meta']
[3.603s] Level 1:colcon.colcon_core.package_identification:_identify(src) by extension 'colcon_meta'
[3.603s] Level 1:colcon.colcon_core.package_identification:_identify(src) by extensions ['ros']
[3.603s] Level 1:colcon.colcon_core.package_identification:_identify(src) by extension 'ros'
[3.603s] Level 1:colcon.colcon_core.package_identification:_identify(src) by extensions ['cmake', 'python']
[3.603s] Level 1:colcon.colcon_core.package_identification:_identify(src) by extension 'cmake'
[3.603s] Level 1:colcon.colcon_core.package_identification:_identify(src) by extension 'python'
[3.603s] Level 1:colcon.colcon_core.package_identification:_identify(src) by extensions ['python_setup_py']
[3.604s] Level 1:colcon.colcon_core.package_identification:_identify(src) by extension 'python_setup_py'
[3.604s] Level 1:colcon.colcon_core.package_identification:_identify(src/Main_control) by extensions ['ignore', 'ignore_ament_install']
[3.604s] Level 1:colcon.colcon_core.package_identification:_identify(src/Main_control) by extension 'ignore'
[3.604s] Level 1:colcon.colcon_core.package_identification:_identify(src/Main_control) by extension 'ignore_ament_install'
[3.604s] Level 1:colcon.colcon_core.package_identification:_identify(src/Main_control) by extensions ['colcon_pkg']
[3.604s] Level 1:colcon.colcon_core.package_identification:_identify(src/Main_control) by extension 'colcon_pkg'
[3.604s] Level 1:colcon.colcon_core.package_identification:_identify(src/Main_control) by extensions ['colcon_meta']
[3.604s] Level 1:colcon.colcon_core.package_identification:_identify(src/Main_control) by extension 'colcon_meta'
[3.604s] Level 1:colcon.colcon_core.package_identification:_identify(src/Main_control) by extensions ['ros']
[3.604s] Level 1:colcon.colcon_core.package_identification:_identify(src/Main_control) by extension 'ros'
[3.608s] DEBUG:colcon.colcon_core.package_identification:Package 'src/Main_control' with type 'ros.ament_cmake' and name 'Main_control'
[3.608s] Level 1:colcon.colcon_core.package_identification:_identify(src/build) by extensions ['ignore', 'ignore_ament_install']
[3.608s] Level 1:colcon.colcon_core.package_identification:_identify(src/build) by extension 'ignore'
[3.608s] Level 1:colcon.colcon_core.package_identification:_identify(src/build) ignored
[3.608s] Level 1:colcon.colcon_core.package_identification:_identify(src/detector) by extensions ['ignore', 'ignore_ament_install']
[3.608s] Level 1:colcon.colcon_core.package_identification:_identify(src/detector) by extension 'ignore'
[3.608s] Level 1:colcon.colcon_core.package_identification:_identify(src/detector) by extension 'ignore_ament_install'
[3.608s] Level 1:colcon.colcon_core.package_identification:_identify(src/detector) by extensions ['colcon_pkg']
[3.609s] Level 1:colcon.colcon_core.package_identification:_identify(src/detector) by extension 'colcon_pkg'
[3.609s] Level 1:colcon.colcon_core.package_identification:_identify(src/detector) by extensions ['colcon_meta']
[3.609s] Level 1:colcon.colcon_core.package_identification:_identify(src/detector) by extension 'colcon_meta'
[3.609s] Level 1:colcon.colcon_core.package_identification:_identify(src/detector) by extensions ['ros']
[3.609s] Level 1:colcon.colcon_core.package_identification:_identify(src/detector) by extension 'ros'
[3.609s] DEBUG:colcon.colcon_core.package_identification:Package 'src/detector' with type 'ros.ament_cmake' and name 'detector'
[3.610s] Level 1:colcon.colcon_core.package_identification:_identify(src/install) by extensions ['ignore', 'ignore_ament_install']
[3.610s] Level 1:colcon.colcon_core.package_identification:_identify(src/install) by extension 'ignore'
[3.610s] Level 1:colcon.colcon_core.package_identification:_identify(src/install) ignored
[3.610s] Level 1:colcon.colcon_core.package_identification:_identify(src/log) by extensions ['ignore', 'ignore_ament_install']
[3.610s] Level 1:colcon.colcon_core.package_identification:_identify(src/log) by extension 'ignore'
[3.610s] Level 1:colcon.colcon_core.package_identification:_identify(src/log) ignored
[3.610s] Level 1:colcon.colcon_core.package_discovery:discover_packages(recursive) using defaults
[3.610s] Level 1:colcon.colcon_core.package_discovery:discover_packages(ignore) discover
[3.610s] Level 1:colcon.colcon_core.package_discovery:discover_packages(ignore) using defaults
[3.610s] Level 1:colcon.colcon_core.package_discovery:discover_packages(path) discover
[3.610s] Level 1:colcon.colcon_core.package_discovery:discover_packages(path) using defaults
[3.721s] Level 1:colcon.colcon_core.package_discovery:discover_packages(prefix_path) check parameters
[3.722s] Level 1:colcon.colcon_core.package_discovery:discover_packages(prefix_path) discover
[3.739s] WARNING:colcon.colcon_ros.prefix_path.ament:The path '/home/roboboat/RoboBoat_Cyber_Minority/ROS2_Imp/ros2_foxy/install/detector' in the environment variable AMENT_PREFIX_PATH doesn't exist
[3.739s] WARNING:colcon.colcon_ros.prefix_path.ament:The path '/home/roboboat/RoboBoat_Cyber_Minority/ROS2_Imp/ros2_foxy/install/Main_control' in the environment variable AMENT_PREFIX_PATH doesn't exist
[3.740s] WARNING:colcon.colcon_ros.prefix_path.catkin:The path '/home/roboboat/RoboBoat_Cyber_Minority/ROS2_Imp/ros2_foxy/install/detector' in the environment variable CMAKE_PREFIX_PATH doesn't exist
[3.740s] WARNING:colcon.colcon_ros.prefix_path.catkin:The path '/home/roboboat/RoboBoat_Cyber_Minority/ROS2_Imp/ros2_foxy/install/Main_control' in the environment variable CMAKE_PREFIX_PATH doesn't exist
[3.758s] DEBUG:colcon.colcon_installed_package_information.package_discovery:Found 0 installed packages in /home/roboboat/RoboBoat_Cyber_Minority/ROS2_Imp/ros2_foxy/install
[3.777s] DEBUG:colcon.colcon_installed_package_information.package_discovery:Found 17 installed packages in /home/roboboat/ros2_ws/install
[3.795s] DEBUG:colcon.colcon_installed_package_information.package_discovery:Found 260 installed packages in /opt/ros/foxy
[3.796s] Level 1:colcon.colcon_core.package_discovery:discover_packages(prefix_path) using defaults
[3.895s] Level 5:colcon.colcon_core.verb:set package 'Main_control' build argument 'cmake_args' from command line to 'None'
[3.895s] Level 5:colcon.colcon_core.verb:set package 'Main_control' build argument 'cmake_target' from command line to 'None'
[3.895s] Level 5:colcon.colcon_core.verb:set package 'Main_control' build argument 'cmake_target_skip_unavailable' from command line to 'False'
[3.895s] Level 5:colcon.colcon_core.verb:set package 'Main_control' build argument 'cmake_clean_cache' from command line to 'False'
[3.895s] Level 5:colcon.colcon_core.verb:set package 'Main_control' build argument 'cmake_clean_first' from command line to 'False'
[3.895s] Level 5:colcon.colcon_core.verb:set package 'Main_control' build argument 'cmake_force_configure' from command line to 'False'
[3.896s] Level 5:colcon.colcon_core.verb:set package 'Main_control' build argument 'ament_cmake_args' from command line to 'None'
[3.896s] Level 5:colcon.colcon_core.verb:set package 'Main_control' build argument 'catkin_cmake_args' from command line to 'None'
[3.896s] Level 5:colcon.colcon_core.verb:set package 'Main_control' build argument 'catkin_skip_building_tests' from command line to 'False'
[3.896s] DEBUG:colcon.colcon_core.verb:Building package 'Main_control' with the following arguments: {'ament_cmake_args': None, 'build_base': '/home/roboboat/RoboBoat_Cyber_Minority/ROS2_Imp/ros2_foxy/build/Main_control', 'catkin_cmake_args': None, 'catkin_skip_building_tests': False, 'cmake_args': None, 'cmake_clean_cache': False, 'cmake_clean_first': False, 'cmake_force_configure': False, 'cmake_target': None, 'cmake_target_skip_unavailable': False, 'install_base': '/home/roboboat/RoboBoat_Cyber_Minority/ROS2_Imp/ros2_foxy/install/Main_control', 'merge_install': False, 'path': '/home/roboboat/RoboBoat_Cyber_Minority/ROS2_Imp/ros2_foxy/src/Main_control', 'symlink_install': False, 'test_result_base': None}
[3.912s] Level 5:colcon.colcon_core.verb:set package 'detector' build argument 'cmake_args' from command line to 'None'
[3.912s] Level 5:colcon.colcon_core.verb:set package 'detector' build argument 'cmake_target' from command line to 'None'
[3.912s] Level 5:colcon.colcon_core.verb:set package 'detector' build argument 'cmake_target_skip_unavailable' from command line to 'False'
[3.912s] Level 5:colcon.colcon_core.verb:set package 'detector' build argument 'cmake_clean_cache' from command line to 'False'
[3.912s] Level 5:colcon.colcon_core.verb:set package 'detector' build argument 'cmake_clean_first' from command line to 'False'
[3.912s] Level 5:colcon.colcon_core.verb:set package 'detector' build argument 'cmake_force_configure' from command line to 'False'
[3.912s] Level 5:colcon.colcon_core.verb:set package 'detector' build argument 'ament_cmake_args' from command line to 'None'
[3.912s] Level 5:colcon.colcon_core.verb:set package 'detector' build argument 'catkin_cmake_args' from command line to 'None'
[3.912s] Level 5:colcon.colcon_core.verb:set package 'detector' build argument 'catkin_skip_building_tests' from command line to 'False'
[3.912s] DEBUG:colcon.colcon_core.verb:Building package 'detector' with the following arguments: {'ament_cmake_args': None, 'build_base': '/home/roboboat/RoboBoat_Cyber_Minority/ROS2_Imp/ros2_foxy/build/detector', 'catkin_cmake_args': None, 'catkin_skip_building_tests': False, 'cmake_args': None, 'cmake_clean_cache': False, 'cmake_clean_first': False, 'cmake_force_configure': False, 'cmake_target': None, 'cmake_target_skip_unavailable': False, 'install_base': '/home/roboboat/RoboBoat_Cyber_Minority/ROS2_Imp/ros2_foxy/install/detector', 'merge_install': False, 'path': '/home/roboboat/RoboBoat_Cyber_Minority/ROS2_Imp/ros2_foxy/src/detector', 'symlink_install': False, 'test_result_base': None}
[3.928s] INFO:colcon.colcon_core.executor:Executing jobs using 'parallel' executor
[3.945s] DEBUG:colcon.colcon_parallel_executor.executor.parallel:run_until_complete
[3.946s] INFO:colcon.colcon_ros.task.ament_cmake.build:Building ROS package in '/home/roboboat/RoboBoat_Cyber_Minority/ROS2_Imp/ros2_foxy/src/Main_control' with build type 'ament_cmake'
[3.946s] INFO:colcon.colcon_cmake.task.cmake.build:Building CMake package in '/home/roboboat/RoboBoat_Cyber_Minority/ROS2_Imp/ros2_foxy/src/Main_control'
[3.966s] INFO:colcon.colcon_core.plugin_system:Skipping extension 'colcon_core.shell.bat': Not used on non-Windows systems
[3.966s] INFO:colcon.colcon_core.shell:Skip shell extension 'powershell' for command environment: Not usable outside of PowerShell
[3.966s] DEBUG:colcon.colcon_core.shell:Skip shell extension 'dsv' for command environment
[4.045s] INFO:colcon.colcon_ros.task.ament_cmake.build:Building ROS package in '/home/roboboat/RoboBoat_Cyber_Minority/ROS2_Imp/ros2_foxy/src/detector' with build type 'ament_cmake'
[4.045s] INFO:colcon.colcon_cmake.task.cmake.build:Building CMake package in '/home/roboboat/RoboBoat_Cyber_Minority/ROS2_Imp/ros2_foxy/src/detector'
[4.065s] INFO:colcon.colcon_core.shell:Skip shell extension 'powershell' for command environment: Not usable outside of PowerShell
[4.065s] DEBUG:colcon.colcon_core.shell:Skip shell extension 'dsv' for command environment
[4.146s] DEBUG:colcon.colcon_core.event_handler.log_command:Invoking command in '/home/roboboat/RoboBoat_Cyber_Minority/ROS2_Imp/ros2_foxy/build/Main_control': CMAKE_PREFIX_PATH=${CMAKE_PREFIX_PATH}:/home/roboboat/ros2_ws/install/Motorcontroller:/opt/ros/foxy /usr/bin/cmake /home/roboboat/RoboBoat_Cyber_Minority/ROS2_Imp/ros2_foxy/src/Main_control -DCMAKE_INSTALL_PREFIX=/home/roboboat/RoboBoat_Cyber_Minority/ROS2_Imp/ros2_foxy/install/Main_control
[4.161s] DEBUG:colcon.colcon_core.event_handler.log_command:Invoking command in '/home/roboboat/RoboBoat_Cyber_Minority/ROS2_Imp/ros2_foxy/build/detector': CMAKE_PREFIX_PATH=${CMAKE_PREFIX_PATH}:/home/roboboat/ros2_ws/install/Motorcontroller:/opt/ros/foxy /usr/bin/cmake /home/roboboat/RoboBoat_Cyber_Minority/ROS2_Imp/ros2_foxy/src/detector -DCMAKE_INSTALL_PREFIX=/home/roboboat/RoboBoat_Cyber_Minority/ROS2_Imp/ros2_foxy/install/detector
[5.394s] DEBUG:colcon.colcon_core.event_handler.log_command:Invoked command in '/home/roboboat/RoboBoat_Cyber_Minority/ROS2_Imp/ros2_foxy/build/Main_control' returned '0': CMAKE_PREFIX_PATH=${CMAKE_PREFIX_PATH}:/home/roboboat/ros2_ws/install/Motorcontroller:/opt/ros/foxy /usr/bin/cmake /home/roboboat/RoboBoat_Cyber_Minority/ROS2_Imp/ros2_foxy/src/Main_control -DCMAKE_INSTALL_PREFIX=/home/roboboat/RoboBoat_Cyber_Minority/ROS2_Imp/ros2_foxy/install/Main_control
[5.400s] DEBUG:colcon.colcon_core.event_handler.log_command:Invoking command in '/home/roboboat/RoboBoat_Cyber_Minority/ROS2_Imp/ros2_foxy/build/Main_control': CMAKE_PREFIX_PATH=${CMAKE_PREFIX_PATH}:/home/roboboat/ros2_ws/install/Motorcontroller:/opt/ros/foxy /usr/bin/cmake --build /home/roboboat/RoboBoat_Cyber_Minority/ROS2_Imp/ros2_foxy/build/Main_control -- -j12 -l12
[5.630s] DEBUG:colcon.colcon_core.event_handler.log_command:Invoked command in '/home/roboboat/RoboBoat_Cyber_Minority/ROS2_Imp/ros2_foxy/build/Main_control' returned '0': CMAKE_PREFIX_PATH=${CMAKE_PREFIX_PATH}:/home/roboboat/ros2_ws/install/Motorcontroller:/opt/ros/foxy /usr/bin/cmake --build /home/roboboat/RoboBoat_Cyber_Minority/ROS2_Imp/ros2_foxy/build/Main_control -- -j12 -l12
[5.698s] DEBUG:colcon.colcon_core.event_handler.log_command:Invoking command in '/home/roboboat/RoboBoat_Cyber_Minority/ROS2_Imp/ros2_foxy/build/Main_control': CMAKE_PREFIX_PATH=${CMAKE_PREFIX_PATH}:/home/roboboat/ros2_ws/install/Motorcontroller:/opt/ros/foxy /usr/bin/cmake --install /home/roboboat/RoboBoat_Cyber_Minority/ROS2_Imp/ros2_foxy/build/Main_control
[5.719s] Level 1:colcon.colcon_core.environment:create_environment_scripts_only(Main_control)
[5.720s] DEBUG:colcon.colcon_core.event_handler.log_command:Invoked command in '/home/roboboat/RoboBoat_Cyber_Minority/ROS2_Imp/ros2_foxy/build/Main_control' returned '0': CMAKE_PREFIX_PATH=${CMAKE_PREFIX_PATH}:/home/roboboat/ros2_ws/install/Motorcontroller:/opt/ros/foxy /usr/bin/cmake --install /home/roboboat/RoboBoat_Cyber_Minority/ROS2_Imp/ros2_foxy/build/Main_control
[5.750s] Level 1:colcon.colcon_core.environment:checking '/home/roboboat/RoboBoat_Cyber_Minority/ROS2_Imp/ros2_foxy/install/Main_control' for CMake module files
[5.751s] Level 1:colcon.colcon_core.environment:checking '/home/roboboat/RoboBoat_Cyber_Minority/ROS2_Imp/ros2_foxy/install/Main_control' for CMake config files
[5.752s] Level 1:colcon.colcon_core.shell:create_environment_hook('Main_control', 'cmake_prefix_path')
[5.770s] INFO:colcon.colcon_core.shell:Creating environment hook '/home/roboboat/RoboBoat_Cyber_Minority/ROS2_Imp/ros2_foxy/install/Main_control/share/Main_control/hook/cmake_prefix_path.ps1'
[5.772s] INFO:colcon.colcon_core.shell:Creating environment descriptor '/home/roboboat/RoboBoat_Cyber_Minority/ROS2_Imp/ros2_foxy/install/Main_control/share/Main_control/hook/cmake_prefix_path.dsv'
[5.772s] INFO:colcon.colcon_core.shell:Creating environment hook '/home/roboboat/RoboBoat_Cyber_Minority/ROS2_Imp/ros2_foxy/install/Main_control/share/Main_control/hook/cmake_prefix_path.sh'
[5.773s] Level 1:colcon.colcon_core.environment:checking '/home/roboboat/RoboBoat_Cyber_Minority/ROS2_Imp/ros2_foxy/install/Main_control/lib'
[5.774s] Level 1:colcon.colcon_core.environment:checking '/home/roboboat/RoboBoat_Cyber_Minority/ROS2_Imp/ros2_foxy/install/Main_control/bin'
[5.774s] Level 1:colcon.colcon_core.environment:checking '/home/roboboat/RoboBoat_Cyber_Minority/ROS2_Imp/ros2_foxy/install/Main_control/lib/pkgconfig/Main_control.pc'
[5.774s] Level 1:colcon.colcon_core.environment:checking '/home/roboboat/RoboBoat_Cyber_Minority/ROS2_Imp/ros2_foxy/install/Main_control/lib/python3.8/site-packages'
[5.774s] Level 1:colcon.colcon_core.environment:checking '/home/roboboat/RoboBoat_Cyber_Minority/ROS2_Imp/ros2_foxy/install/Main_control/bin'
[5.793s] INFO:colcon.colcon_core.shell:Creating package script '/home/roboboat/RoboBoat_Cyber_Minority/ROS2_Imp/ros2_foxy/install/Main_control/share/Main_control/package.ps1'
[5.794s] INFO:colcon.colcon_core.shell:Creating package descriptor '/home/roboboat/RoboBoat_Cyber_Minority/ROS2_Imp/ros2_foxy/install/Main_control/share/Main_control/package.dsv'
[5.795s] INFO:colcon.colcon_core.shell:Creating package script '/home/roboboat/RoboBoat_Cyber_Minority/ROS2_Imp/ros2_foxy/install/Main_control/share/Main_control/package.sh'
[5.798s] INFO:colcon.colcon_core.shell:Creating package script '/home/roboboat/RoboBoat_Cyber_Minority/ROS2_Imp/ros2_foxy/install/Main_control/share/Main_control/package.bash'
[5.801s] INFO:colcon.colcon_core.shell:Creating package script '/home/roboboat/RoboBoat_Cyber_Minority/ROS2_Imp/ros2_foxy/install/Main_control/share/Main_control/package.zsh'
[5.802s] Level 1:colcon.colcon_core.environment:create_file_with_runtime_dependencies(/home/roboboat/RoboBoat_Cyber_Minority/ROS2_Imp/ros2_foxy/install/Main_control/share/colcon-core/packages/Main_control)
[5.862s] Level 1:colcon.colcon_core.environment:create_environment_scripts_only(Main_control)
[5.879s] Level 1:colcon.colcon_core.environment:checking '/home/roboboat/RoboBoat_Cyber_Minority/ROS2_Imp/ros2_foxy/install/Main_control' for CMake module files
[5.880s] Level 1:colcon.colcon_core.environment:checking '/home/roboboat/RoboBoat_Cyber_Minority/ROS2_Imp/ros2_foxy/install/Main_control' for CMake config files
[5.880s] Level 1:colcon.colcon_core.shell:create_environment_hook('Main_control', 'cmake_prefix_path')
[5.897s] INFO:colcon.colcon_core.shell:Creating environment hook '/home/roboboat/RoboBoat_Cyber_Minority/ROS2_Imp/ros2_foxy/install/Main_control/share/Main_control/hook/cmake_prefix_path.ps1'
[5.898s] INFO:colcon.colcon_core.shell:Creating environment descriptor '/home/roboboat/RoboBoat_Cyber_Minority/ROS2_Imp/ros2_foxy/install/Main_control/share/Main_control/hook/cmake_prefix_path.dsv'
[5.899s] INFO:colcon.colcon_core.shell:Creating environment hook '/home/roboboat/RoboBoat_Cyber_Minority/ROS2_Imp/ros2_foxy/install/Main_control/share/Main_control/hook/cmake_prefix_path.sh'
[5.900s] Level 1:colcon.colcon_core.environment:checking '/home/roboboat/RoboBoat_Cyber_Minority/ROS2_Imp/ros2_foxy/install/Main_control/lib'
[5.900s] Level 1:colcon.colcon_core.environment:checking '/home/roboboat/RoboBoat_Cyber_Minority/ROS2_Imp/ros2_foxy/install/Main_control/bin'
[5.900s] Level 1:colcon.colcon_core.environment:checking '/home/roboboat/RoboBoat_Cyber_Minority/ROS2_Imp/ros2_foxy/install/Main_control/lib/pkgconfig/Main_control.pc'
[5.900s] Level 1:colcon.colcon_core.environment:checking '/home/roboboat/RoboBoat_Cyber_Minority/ROS2_Imp/ros2_foxy/install/Main_control/lib/python3.8/site-packages'
[5.901s] Level 1:colcon.colcon_core.environment:checking '/home/roboboat/RoboBoat_Cyber_Minority/ROS2_Imp/ros2_foxy/install/Main_control/bin'
[5.918s] INFO:colcon.colcon_core.shell:Creating package script '/home/roboboat/RoboBoat_Cyber_Minority/ROS2_Imp/ros2_foxy/install/Main_control/share/Main_control/package.ps1'
[5.919s] INFO:colcon.colcon_core.shell:Creating package descriptor '/home/roboboat/RoboBoat_Cyber_Minority/ROS2_Imp/ros2_foxy/install/Main_control/share/Main_control/package.dsv'
[5.922s] INFO:colcon.colcon_core.shell:Creating package script '/home/roboboat/RoboBoat_Cyber_Minority/ROS2_Imp/ros2_foxy/install/Main_control/share/Main_control/package.sh'
[5.923s] INFO:colcon.colcon_core.shell:Creating package script '/home/roboboat/RoboBoat_Cyber_Minority/ROS2_Imp/ros2_foxy/install/Main_control/share/Main_control/package.bash'
[5.924s] INFO:colcon.colcon_core.shell:Creating package script '/home/roboboat/RoboBoat_Cyber_Minority/ROS2_Imp/ros2_foxy/install/Main_control/share/Main_control/package.zsh'
[5.924s] Level 1:colcon.colcon_core.environment:create_file_with_runtime_dependencies(/home/roboboat/RoboBoat_Cyber_Minority/ROS2_Imp/ros2_foxy/install/Main_control/share/colcon-core/packages/Main_control)
[7.334s] DEBUG:colcon.colcon_core.event_handler.log_command:Invoked command in '/home/roboboat/RoboBoat_Cyber_Minority/ROS2_Imp/ros2_foxy/build/detector' returned '0': CMAKE_PREFIX_PATH=${CMAKE_PREFIX_PATH}:/home/roboboat/ros2_ws/install/Motorcontroller:/opt/ros/foxy /usr/bin/cmake /home/roboboat/RoboBoat_Cyber_Minority/ROS2_Imp/ros2_foxy/src/detector -DCMAKE_INSTALL_PREFIX=/home/roboboat/RoboBoat_Cyber_Minority/ROS2_Imp/ros2_foxy/install/detector
[7.339s] DEBUG:colcon.colcon_core.event_handler.log_command:Invoking command in '/home/roboboat/RoboBoat_Cyber_Minority/ROS2_Imp/ros2_foxy/build/detector': CMAKE_PREFIX_PATH=${CMAKE_PREFIX_PATH}:/home/roboboat/ros2_ws/install/Motorcontroller:/opt/ros/foxy /usr/bin/cmake --build /home/roboboat/RoboBoat_Cyber_Minority/ROS2_Imp/ros2_foxy/build/detector -- -j12 -l12
[12.727s] DEBUG:colcon.colcon_core.event_handler.log_command:Invoked command in '/home/roboboat/RoboBoat_Cyber_Minority/ROS2_Imp/ros2_foxy/build/detector' returned '0': CMAKE_PREFIX_PATH=${CMAKE_PREFIX_PATH}:/home/roboboat/ros2_ws/install/Motorcontroller:/opt/ros/foxy /usr/bin/cmake --build /home/roboboat/RoboBoat_Cyber_Minority/ROS2_Imp/ros2_foxy/build/detector -- -j12 -l12
[12.824s] DEBUG:colcon.colcon_core.event_handler.log_command:Invoking command in '/home/roboboat/RoboBoat_Cyber_Minority/ROS2_Imp/ros2_foxy/build/detector': CMAKE_PREFIX_PATH=${CMAKE_PREFIX_PATH}:/home/roboboat/ros2_ws/install/Motorcontroller:/opt/ros/foxy /usr/bin/cmake --install /home/roboboat/RoboBoat_Cyber_Minority/ROS2_Imp/ros2_foxy/build/detector
[12.920s] Level 1:colcon.colcon_core.environment:create_environment_scripts_only(detector)
[12.921s] DEBUG:colcon.colcon_core.event_handler.log_command:Invoked command in '/home/roboboat/RoboBoat_Cyber_Minority/ROS2_Imp/ros2_foxy/build/detector' returned '0': CMAKE_PREFIX_PATH=${CMAKE_PREFIX_PATH}:/home/roboboat/ros2_ws/install/Motorcontroller:/opt/ros/foxy /usr/bin/cmake --install /home/roboboat/RoboBoat_Cyber_Minority/ROS2_Imp/ros2_foxy/build/detector
[12.957s] Level 1:colcon.colcon_core.environment:checking '/home/roboboat/RoboBoat_Cyber_Minority/ROS2_Imp/ros2_foxy/install/detector' for CMake module files
[12.959s] Level 1:colcon.colcon_core.environment:checking '/home/roboboat/RoboBoat_Cyber_Minority/ROS2_Imp/ros2_foxy/install/detector' for CMake config files
[12.959s] Level 1:colcon.colcon_core.shell:create_environment_hook('detector', 'cmake_prefix_path')
[12.978s] INFO:colcon.colcon_core.shell:Creating environment hook '/home/roboboat/RoboBoat_Cyber_Minority/ROS2_Imp/ros2_foxy/install/detector/share/detector/hook/cmake_prefix_path.ps1'
[12.979s] INFO:colcon.colcon_core.shell:Creating environment descriptor '/home/roboboat/RoboBoat_Cyber_Minority/ROS2_Imp/ros2_foxy/install/detector/share/detector/hook/cmake_prefix_path.dsv'
[12.980s] INFO:colcon.colcon_core.shell:Creating environment hook '/home/roboboat/RoboBoat_Cyber_Minority/ROS2_Imp/ros2_foxy/install/detector/share/detector/hook/cmake_prefix_path.sh'
[12.981s] Level 1:colcon.colcon_core.environment:checking '/home/roboboat/RoboBoat_Cyber_Minority/ROS2_Imp/ros2_foxy/install/detector/lib'
[12.981s] Level 1:colcon.colcon_core.shell:create_environment_hook('detector', 'ld_library_path_lib')
[12.997s] INFO:colcon.colcon_core.shell:Creating environment hook '/home/roboboat/RoboBoat_Cyber_Minority/ROS2_Imp/ros2_foxy/install/detector/share/detector/hook/ld_library_path_lib.ps1'
[12.998s] INFO:colcon.colcon_core.shell:Creating environment descriptor '/home/roboboat/RoboBoat_Cyber_Minority/ROS2_Imp/ros2_foxy/install/detector/share/detector/hook/ld_library_path_lib.dsv'
[12.998s] INFO:colcon.colcon_core.shell:Creating environment hook '/home/roboboat/RoboBoat_Cyber_Minority/ROS2_Imp/ros2_foxy/install/detector/share/detector/hook/ld_library_path_lib.sh'
[12.999s] Level 1:colcon.colcon_core.environment:checking '/home/roboboat/RoboBoat_Cyber_Minority/ROS2_Imp/ros2_foxy/install/detector/bin'
[12.999s] Level 1:colcon.colcon_core.environment:checking '/home/roboboat/RoboBoat_Cyber_Minority/ROS2_Imp/ros2_foxy/install/detector/lib/pkgconfig/detector.pc'
[12.999s] Level 1:colcon.colcon_core.environment:checking '/home/roboboat/RoboBoat_Cyber_Minority/ROS2_Imp/ros2_foxy/install/detector/lib/python3.8/site-packages'
[12.999s] Level 1:colcon.colcon_core.shell:create_environment_hook('detector', 'pythonpath')
[13.015s] INFO:colcon.colcon_core.shell:Creating environment hook '/home/roboboat/RoboBoat_Cyber_Minority/ROS2_Imp/ros2_foxy/install/detector/share/detector/hook/pythonpath.ps1'
[13.016s] INFO:colcon.colcon_core.shell:Creating environment descriptor '/home/roboboat/RoboBoat_Cyber_Minority/ROS2_Imp/ros2_foxy/install/detector/share/detector/hook/pythonpath.dsv'
[13.016s] INFO:colcon.colcon_core.shell:Creating environment hook '/home/roboboat/RoboBoat_Cyber_Minority/ROS2_Imp/ros2_foxy/install/detector/share/detector/hook/pythonpath.sh'
[13.017s] Level 1:colcon.colcon_core.environment:checking '/home/roboboat/RoboBoat_Cyber_Minority/ROS2_Imp/ros2_foxy/install/detector/bin'
[13.033s] INFO:colcon.colcon_core.shell:Creating package script '/home/roboboat/RoboBoat_Cyber_Minority/ROS2_Imp/ros2_foxy/install/detector/share/detector/package.ps1'
[13.034s] INFO:colcon.colcon_core.shell:Creating package descriptor '/home/roboboat/RoboBoat_Cyber_Minority/ROS2_Imp/ros2_foxy/install/detector/share/detector/package.dsv'
[13.035s] INFO:colcon.colcon_core.shell:Creating package script '/home/roboboat/RoboBoat_Cyber_Minority/ROS2_Imp/ros2_foxy/install/detector/share/detector/package.sh'
[13.036s] INFO:colcon.colcon_core.shell:Creating package script '/home/roboboat/RoboBoat_Cyber_Minority/ROS2_Imp/ros2_foxy/install/detector/share/detector/package.bash'
[13.038s] INFO:colcon.colcon_core.shell:Creating package script '/home/roboboat/RoboBoat_Cyber_Minority/ROS2_Imp/ros2_foxy/install/detector/share/detector/package.zsh'
[13.039s] Level 1:colcon.colcon_core.environment:create_file_with_runtime_dependencies(/home/roboboat/RoboBoat_Cyber_Minority/ROS2_Imp/ros2_foxy/install/detector/share/colcon-core/packages/detector)
[13.148s] Level 1:colcon.colcon_core.environment:create_environment_scripts_only(detector)
[13.165s] Level 1:colcon.colcon_core.environment:checking '/home/roboboat/RoboBoat_Cyber_Minority/ROS2_Imp/ros2_foxy/install/detector' for CMake module files
[13.166s] Level 1:colcon.colcon_core.environment:checking '/home/roboboat/RoboBoat_Cyber_Minority/ROS2_Imp/ros2_foxy/install/detector' for CMake config files
[13.167s] Level 1:colcon.colcon_core.shell:create_environment_hook('detector', 'cmake_prefix_path')
[13.183s] INFO:colcon.colcon_core.shell:Creating environment hook '/home/roboboat/RoboBoat_Cyber_Minority/ROS2_Imp/ros2_foxy/install/detector/share/detector/hook/cmake_prefix_path.ps1'
[13.184s] INFO:colcon.colcon_core.shell:Creating environment descriptor '/home/roboboat/RoboBoat_Cyber_Minority/ROS2_Imp/ros2_foxy/install/detector/share/detector/hook/cmake_prefix_path.dsv'
[13.185s] INFO:colcon.colcon_core.shell:Creating environment hook '/home/roboboat/RoboBoat_Cyber_Minority/ROS2_Imp/ros2_foxy/install/detector/share/detector/hook/cmake_prefix_path.sh'
[13.188s] Level 1:colcon.colcon_core.environment:checking '/home/roboboat/RoboBoat_Cyber_Minority/ROS2_Imp/ros2_foxy/install/detector/lib'
[13.190s] Level 1:colcon.colcon_core.shell:create_environment_hook('detector', 'ld_library_path_lib')
[13.207s] INFO:colcon.colcon_core.shell:Creating environment hook '/home/roboboat/RoboBoat_Cyber_Minority/ROS2_Imp/ros2_foxy/install/detector/share/detector/hook/ld_library_path_lib.ps1'
[13.208s] INFO:colcon.colcon_core.shell:Creating environment descriptor '/home/roboboat/RoboBoat_Cyber_Minority/ROS2_Imp/ros2_foxy/install/detector/share/detector/hook/ld_library_path_lib.dsv'
[13.208s] INFO:colcon.colcon_core.shell:Creating environment hook '/home/roboboat/RoboBoat_Cyber_Minority/ROS2_Imp/ros2_foxy/install/detector/share/detector/hook/ld_library_path_lib.sh'
[13.210s] Level 1:colcon.colcon_core.environment:checking '/home/roboboat/RoboBoat_Cyber_Minority/ROS2_Imp/ros2_foxy/install/detector/bin'
[13.210s] Level 1:colcon.colcon_core.environment:checking '/home/roboboat/RoboBoat_Cyber_Minority/ROS2_Imp/ros2_foxy/install/detector/lib/pkgconfig/detector.pc'
[13.211s] Level 1:colcon.colcon_core.environment:checking '/home/roboboat/RoboBoat_Cyber_Minority/ROS2_Imp/ros2_foxy/install/detector/lib/python3.8/site-packages'
[13.211s] Level 1:colcon.colcon_core.shell:create_environment_hook('detector', 'pythonpath')
[13.234s] INFO:colcon.colcon_core.shell:Creating environment hook '/home/roboboat/RoboBoat_Cyber_Minority/ROS2_Imp/ros2_foxy/install/detector/share/detector/hook/pythonpath.ps1'
[13.235s] INFO:colcon.colcon_core.shell:Creating environment descriptor '/home/roboboat/RoboBoat_Cyber_Minority/ROS2_Imp/ros2_foxy/install/detector/share/detector/hook/pythonpath.dsv'
[13.235s] INFO:colcon.colcon_core.shell:Creating environment hook '/home/roboboat/RoboBoat_Cyber_Minority/ROS2_Imp/ros2_foxy/install/detector/share/detector/hook/pythonpath.sh'
[13.236s] Level 1:colcon.colcon_core.environment:checking '/home/roboboat/RoboBoat_Cyber_Minority/ROS2_Imp/ros2_foxy/install/detector/bin'
[13.252s] INFO:colcon.colcon_core.shell:Creating package script '/home/roboboat/RoboBoat_Cyber_Minority/ROS2_Imp/ros2_foxy/install/detector/share/detector/package.ps1'
[13.253s] INFO:colcon.colcon_core.shell:Creating package descriptor '/home/roboboat/RoboBoat_Cyber_Minority/ROS2_Imp/ros2_foxy/install/detector/share/detector/package.dsv'
[13.255s] INFO:colcon.colcon_core.shell:Creating package script '/home/roboboat/RoboBoat_Cyber_Minority/ROS2_Imp/ros2_foxy/install/detector/share/detector/package.sh'
[13.256s] INFO:colcon.colcon_core.shell:Creating package script '/home/roboboat/RoboBoat_Cyber_Minority/ROS2_Imp/ros2_foxy/install/detector/share/detector/package.bash'
[13.257s] INFO:colcon.colcon_core.shell:Creating package script '/home/roboboat/RoboBoat_Cyber_Minority/ROS2_Imp/ros2_foxy/install/detector/share/detector/package.zsh'
[13.257s] Level 1:colcon.colcon_core.environment:create_file_with_runtime_dependencies(/home/roboboat/RoboBoat_Cyber_Minority/ROS2_Imp/ros2_foxy/install/detector/share/colcon-core/packages/detector)
[13.258s] DEBUG:colcon.colcon_parallel_executor.executor.parallel:closing loop
[13.258s] DEBUG:colcon.colcon_parallel_executor.executor.parallel:loop closed
[13.258s] DEBUG:colcon.colcon_parallel_executor.executor.parallel:run_until_complete finished with '0'
[13.258s] DEBUG:colcon.colcon_core.event_reactor:joining thread
[13.283s] INFO:colcon.colcon_core.plugin_system:Skipping extension 'colcon_notification.desktop_notification.terminal_notifier': Not used on non-Darwin systems
[13.283s] INFO:colcon.colcon_core.plugin_system:Skipping extension 'colcon_notification.desktop_notification.win32': Not used on non-Windows systems
[13.283s] INFO:colcon.colcon_notification.desktop_notification:Sending desktop notification using 'notify2'
[13.328s] DEBUG:colcon.colcon_core.event_reactor:joined thread
[13.383s] INFO:colcon.colcon_core.shell:Creating prefix script '/home/roboboat/RoboBoat_Cyber_Minority/ROS2_Imp/ros2_foxy/install/local_setup.ps1'
[13.385s] INFO:colcon.colcon_core.shell:Creating prefix util module '/home/roboboat/RoboBoat_Cyber_Minority/ROS2_Imp/ros2_foxy/install/_local_setup_util_ps1.py'
[13.386s] INFO:colcon.colcon_core.shell:Creating prefix chain script '/home/roboboat/RoboBoat_Cyber_Minority/ROS2_Imp/ros2_foxy/install/setup.ps1'
[13.406s] INFO:colcon.colcon_core.shell:Creating prefix script '/home/roboboat/RoboBoat_Cyber_Minority/ROS2_Imp/ros2_foxy/install/local_setup.sh'
[13.407s] INFO:colcon.colcon_core.shell:Creating prefix util module '/home/roboboat/RoboBoat_Cyber_Minority/ROS2_Imp/ros2_foxy/install/_local_setup_util_sh.py'
[13.407s] INFO:colcon.colcon_core.shell:Creating prefix chain script '/home/roboboat/RoboBoat_Cyber_Minority/ROS2_Imp/ros2_foxy/install/setup.sh'
[13.426s] INFO:colcon.colcon_core.shell:Creating prefix script '/home/roboboat/RoboBoat_Cyber_Minority/ROS2_Imp/ros2_foxy/install/local_setup.bash'
[13.427s] INFO:colcon.colcon_core.shell:Creating prefix chain script '/home/roboboat/RoboBoat_Cyber_Minority/ROS2_Imp/ros2_foxy/install/setup.bash'
[13.445s] INFO:colcon.colcon_core.shell:Creating prefix script '/home/roboboat/RoboBoat_Cyber_Minority/ROS2_Imp/ros2_foxy/install/local_setup.zsh'
[13.446s] INFO:colcon.colcon_core.shell:Creating prefix chain script '/home/roboboat/RoboBoat_Cyber_Minority/ROS2_Imp/ros2_foxy/install/setup.zsh'
