[0.089s] Invoking command in '/home/roboboat/RoboBoat_Cyber_Minority/ROS2_Imp/ros2_foxy/src/detector/build/detector': CMAKE_PREFIX_PATH=${CMAKE_PREFIX_PATH}:/opt/ros/foxy /usr/bin/cmake --build /home/roboboat/RoboBoat_Cyber_Minority/ROS2_Imp/ros2_foxy/src/detector/build/detector -- -j12 -l12
[0.161s] [35m[1mScanning dependencies of target detector_node[0m
[0.176s] [ 12%] Built target detector__cpp
[0.177s] [ 12%] Built target detector__rosidl_generator_c
[0.199s] [ 15%] [32mBuilding CXX object CMakeFiles/detector_node.dir/src/detector_node.cpp.o[0m
[0.211s] [ 33%] Built target detector__rosidl_typesupport_introspection_cpp
[0.212s] [ 33%] Built target detector__rosidl_typesupport_cpp
[0.215s] [ 42%] Built target detector__rosidl_typesupport_fastrtps_cpp
[0.244s] [ 51%] Built target detector__rosidl_typesupport_introspection_c
[0.245s] [ 60%] Built target detector__rosidl_typesupport_c
[0.252s] [ 69%] Built target detector__rosidl_typesupport_fastrtps_c
[0.288s] [ 69%] Built target detector
[0.322s] [ 72%] Built target detector__py
[0.362s] [ 78%] Built target detector__python
[0.402s] [ 96%] Built target detector__rosidl_typesupport_fastrtps_c__pyext
[0.402s] [ 96%] Built target detector__rosidl_typesupport_c__pyext
[0.402s] [ 96%] Built target detector__rosidl_typesupport_introspection_c__pyext
[5.080s] [100%] [32m[1mLinking CXX executable detector_node[0m
[5.323s] [100%] Built target detector_node
[5.362s] Invoked command in '/home/roboboat/RoboBoat_Cyber_Minority/ROS2_Imp/ros2_foxy/src/detector/build/detector' returned '0': CMAKE_PREFIX_PATH=${CMAKE_PREFIX_PATH}:/opt/ros/foxy /usr/bin/cmake --build /home/roboboat/RoboBoat_Cyber_Minority/ROS2_Imp/ros2_foxy/src/detector/build/detector -- -j12 -l12
[5.475s] Invoking command in '/home/roboboat/RoboBoat_Cyber_Minority/ROS2_Imp/ros2_foxy/src/detector/build/detector': CMAKE_PREFIX_PATH=${CMAKE_PREFIX_PATH}:/opt/ros/foxy /usr/bin/cmake --install /home/roboboat/RoboBoat_Cyber_Minority/ROS2_Imp/ros2_foxy/src/detector/build/detector
[5.493s] -- Install configuration: ""
[5.493s] -- Execute custom install script
[5.494s] -- Up-to-date symlink: /home/roboboat/RoboBoat_Cyber_Minority/ROS2_Imp/ros2_foxy/src/detector/install/detector/lib/detector/detector_node
[5.495s] -- Up-to-date symlink: /home/roboboat/RoboBoat_Cyber_Minority/ROS2_Imp/ros2_foxy/src/detector/install/detector/share/ament_index/resource_index/rosidl_interfaces/detector
[5.495s] -- Up-to-date symlink: /home/roboboat/RoboBoat_Cyber_Minority/ROS2_Imp/ros2_foxy/src/detector/install/detector/include/detector/msg/detail/my_custom_msg__functions.h
[5.496s] -- Up-to-date symlink: /home/roboboat/RoboBoat_Cyber_Minority/ROS2_Imp/ros2_foxy/src/detector/install/detector/include/detector/msg/detail/my_custom_msg__struct.h
[5.496s] -- Up-to-date symlink: /home/roboboat/RoboBoat_Cyber_Minority/ROS2_Imp/ros2_foxy/src/detector/install/detector/include/detector/msg/detail/my_custom_msg__type_support.h
[5.496s] -- Up-to-date symlink: /home/roboboat/RoboBoat_Cyber_Minority/ROS2_Imp/ros2_foxy/src/detector/install/detector/include/detector/msg/detail/yol_ov5helper__functions.h
[5.496s] -- Up-to-date symlink: /home/roboboat/RoboBoat_Cyber_Minority/ROS2_Imp/ros2_foxy/src/detector/install/detector/include/detector/msg/detail/yol_ov5helper__struct.h
[5.497s] -- Up-to-date symlink: /home/roboboat/RoboBoat_Cyber_Minority/ROS2_Imp/ros2_foxy/src/detector/install/detector/include/detector/msg/detail/yol_ov5helper__type_support.h
[5.497s] -- Up-to-date symlink: /home/roboboat/RoboBoat_Cyber_Minority/ROS2_Imp/ros2_foxy/src/detector/install/detector/include/detector/msg/my_custom_msg.h
[5.497s] -- Up-to-date symlink: /home/roboboat/RoboBoat_Cyber_Minority/ROS2_Imp/ros2_foxy/src/detector/install/detector/include/detector/msg/rosidl_generator_c__visibility_control.h
[5.497s] -- Up-to-date symlink: /home/roboboat/RoboBoat_Cyber_Minority/ROS2_Imp/ros2_foxy/src/detector/install/detector/include/detector/msg/yol_ov5helper.h
[5.498s] -- Up-to-date symlink: /home/roboboat/RoboBoat_Cyber_Minority/ROS2_Imp/ros2_foxy/src/detector/install/detector/share/detector/environment/library_path.sh
[5.498s] -- Up-to-date symlink: /home/roboboat/RoboBoat_Cyber_Minority/ROS2_Imp/ros2_foxy/src/detector/install/detector/share/detector/environment/library_path.dsv
[5.499s] -- Up-to-date symlink: /home/roboboat/RoboBoat_Cyber_Minority/ROS2_Imp/ros2_foxy/src/detector/install/detector/include/detector/msg/detail/my_custom_msg__rosidl_typesupport_fastrtps_c.h
[5.499s] -- Up-to-date symlink: /home/roboboat/RoboBoat_Cyber_Minority/ROS2_Imp/ros2_foxy/src/detector/install/detector/include/detector/msg/detail/yol_ov5helper__rosidl_typesupport_fastrtps_c.h
[5.500s] -- Up-to-date symlink: /home/roboboat/RoboBoat_Cyber_Minority/ROS2_Imp/ros2_foxy/src/detector/install/detector/include/detector/msg/rosidl_typesupport_fastrtps_c__visibility_control.h
[5.500s] -- Up-to-date symlink: /home/roboboat/RoboBoat_Cyber_Minority/ROS2_Imp/ros2_foxy/src/detector/install/detector/lib/libdetector__rosidl_typesupport_fastrtps_c.so
[5.501s] -- Up-to-date symlink: /home/roboboat/RoboBoat_Cyber_Minority/ROS2_Imp/ros2_foxy/src/detector/install/detector/include/detector/msg/detail/my_custom_msg__rosidl_typesupport_fastrtps_cpp.hpp
[5.501s] -- Up-to-date symlink: /home/roboboat/RoboBoat_Cyber_Minority/ROS2_Imp/ros2_foxy/src/detector/install/detector/include/detector/msg/detail/yol_ov5helper__rosidl_typesupport_fastrtps_cpp.hpp
[5.501s] -- Up-to-date symlink: /home/roboboat/RoboBoat_Cyber_Minority/ROS2_Imp/ros2_foxy/src/detector/install/detector/include/detector/msg/rosidl_typesupport_fastrtps_cpp__visibility_control.h
[5.502s] -- Up-to-date symlink: /home/roboboat/RoboBoat_Cyber_Minority/ROS2_Imp/ros2_foxy/src/detector/install/detector/lib/libdetector__rosidl_typesupport_fastrtps_cpp.so
[5.503s] -- Up-to-date symlink: /home/roboboat/RoboBoat_Cyber_Minority/ROS2_Imp/ros2_foxy/src/detector/install/detector/include/detector/msg/detail/my_custom_msg__rosidl_typesupport_introspection_c.h
[5.503s] -- Up-to-date symlink: /home/roboboat/RoboBoat_Cyber_Minority/ROS2_Imp/ros2_foxy/src/detector/install/detector/include/detector/msg/detail/yol_ov5helper__rosidl_typesupport_introspection_c.h
[5.503s] -- Up-to-date symlink: /home/roboboat/RoboBoat_Cyber_Minority/ROS2_Imp/ros2_foxy/src/detector/install/detector/include/detector/msg/rosidl_typesupport_introspection_c__visibility_control.h
[5.504s] -- Up-to-date symlink: /home/roboboat/RoboBoat_Cyber_Minority/ROS2_Imp/ros2_foxy/src/detector/install/detector/include/detector/msg/detail/my_custom_msg__builder.hpp
[5.504s] -- Up-to-date symlink: /home/roboboat/RoboBoat_Cyber_Minority/ROS2_Imp/ros2_foxy/src/detector/install/detector/include/detector/msg/detail/my_custom_msg__struct.hpp
[5.505s] -- Up-to-date symlink: /home/roboboat/RoboBoat_Cyber_Minority/ROS2_Imp/ros2_foxy/src/detector/install/detector/include/detector/msg/detail/my_custom_msg__traits.hpp
[5.505s] -- Up-to-date symlink: /home/roboboat/RoboBoat_Cyber_Minority/ROS2_Imp/ros2_foxy/src/detector/install/detector/include/detector/msg/detail/my_custom_msg__type_support.hpp
[5.505s] -- Up-to-date symlink: /home/roboboat/RoboBoat_Cyber_Minority/ROS2_Imp/ros2_foxy/src/detector/install/detector/include/detector/msg/detail/yol_ov5helper__builder.hpp
[5.505s] -- Up-to-date symlink: /home/roboboat/RoboBoat_Cyber_Minority/ROS2_Imp/ros2_foxy/src/detector/install/detector/include/detector/msg/detail/yol_ov5helper__struct.hpp
[5.506s] -- Up-to-date symlink: /home/roboboat/RoboBoat_Cyber_Minority/ROS2_Imp/ros2_foxy/src/detector/install/detector/include/detector/msg/detail/yol_ov5helper__traits.hpp
[5.506s] -- Up-to-date symlink: /home/roboboat/RoboBoat_Cyber_Minority/ROS2_Imp/ros2_foxy/src/detector/install/detector/include/detector/msg/detail/yol_ov5helper__type_support.hpp
[5.506s] -- Up-to-date symlink: /home/roboboat/RoboBoat_Cyber_Minority/ROS2_Imp/ros2_foxy/src/detector/install/detector/include/detector/msg/my_custom_msg.hpp
[5.506s] -- Up-to-date symlink: /home/roboboat/RoboBoat_Cyber_Minority/ROS2_Imp/ros2_foxy/src/detector/install/detector/include/detector/msg/rosidl_generator_cpp__visibility_control.hpp
[5.507s] -- Up-to-date symlink: /home/roboboat/RoboBoat_Cyber_Minority/ROS2_Imp/ros2_foxy/src/detector/install/detector/include/detector/msg/yol_ov5helper.hpp
[5.507s] -- Up-to-date symlink: /home/roboboat/RoboBoat_Cyber_Minority/ROS2_Imp/ros2_foxy/src/detector/install/detector/include/detector/msg/detail/my_custom_msg__rosidl_typesupport_introspection_cpp.hpp
[5.507s] -- Up-to-date symlink: /home/roboboat/RoboBoat_Cyber_Minority/ROS2_Imp/ros2_foxy/src/detector/install/detector/include/detector/msg/detail/yol_ov5helper__rosidl_typesupport_introspection_cpp.hpp
[5.508s] -- Up-to-date symlink: /home/roboboat/RoboBoat_Cyber_Minority/ROS2_Imp/ros2_foxy/src/detector/install/detector/share/detector/environment/pythonpath.sh
[5.508s] -- Up-to-date symlink: /home/roboboat/RoboBoat_Cyber_Minority/ROS2_Imp/ros2_foxy/src/detector/install/detector/share/detector/environment/pythonpath.dsv
[5.509s] -- Up-to-date symlink: /home/roboboat/RoboBoat_Cyber_Minority/ROS2_Imp/ros2_foxy/src/detector/install/detector/lib/python3.8/site-packages/detector/__init__.py
[5.509s] -- Up-to-date symlink: /home/roboboat/RoboBoat_Cyber_Minority/ROS2_Imp/ros2_foxy/src/detector/install/detector/lib/python3.8/site-packages/detector/msg/__init__.py
[5.509s] -- Up-to-date symlink: /home/roboboat/RoboBoat_Cyber_Minority/ROS2_Imp/ros2_foxy/src/detector/install/detector/lib/python3.8/site-packages/detector/msg/_my_custom_msg.py
[5.510s] -- Up-to-date symlink: /home/roboboat/RoboBoat_Cyber_Minority/ROS2_Imp/ros2_foxy/src/detector/install/detector/lib/python3.8/site-packages/detector/msg/_yol_ov5helper.py
[5.510s] -- Up-to-date symlink: /home/roboboat/RoboBoat_Cyber_Minority/ROS2_Imp/ros2_foxy/src/detector/install/detector/lib/python3.8/site-packages/detector/detector_s__rosidl_typesupport_fastrtps_c.cpython-38-aarch64-linux-gnu.so
[5.511s] -- Up-to-date symlink: /home/roboboat/RoboBoat_Cyber_Minority/ROS2_Imp/ros2_foxy/src/detector/install/detector/lib/python3.8/site-packages/detector/detector_s__rosidl_typesupport_introspection_c.cpython-38-aarch64-linux-gnu.so
[5.512s] -- Up-to-date symlink: /home/roboboat/RoboBoat_Cyber_Minority/ROS2_Imp/ros2_foxy/src/detector/install/detector/lib/python3.8/site-packages/detector/detector_s__rosidl_typesupport_c.cpython-38-aarch64-linux-gnu.so
[5.512s] -- Up-to-date symlink: /home/roboboat/RoboBoat_Cyber_Minority/ROS2_Imp/ros2_foxy/src/detector/install/detector/lib/libdetector__python.so
[5.512s] -- Up-to-date symlink: /home/roboboat/RoboBoat_Cyber_Minority/ROS2_Imp/ros2_foxy/src/detector/install/detector/share/detector/msg/MyCustomMsg.idl
[5.513s] -- Up-to-date symlink: /home/roboboat/RoboBoat_Cyber_Minority/ROS2_Imp/ros2_foxy/src/detector/install/detector/share/detector/msg/MyCustomMsg.msg
[5.513s] -- Up-to-date symlink: /home/roboboat/RoboBoat_Cyber_Minority/ROS2_Imp/ros2_foxy/src/detector/install/detector/include/detector/.YOLOv5Detection.hpp.swp
[5.514s] -- Up-to-date symlink: /home/roboboat/RoboBoat_Cyber_Minority/ROS2_Imp/ros2_foxy/src/detector/install/detector/share/ament_index/resource_index/package_run_dependencies/detector
[5.514s] -- Up-to-date symlink: /home/roboboat/RoboBoat_Cyber_Minority/ROS2_Imp/ros2_foxy/src/detector/install/detector/share/ament_index/resource_index/parent_prefix_path/detector
[5.515s] -- Up-to-date symlink: /home/roboboat/RoboBoat_Cyber_Minority/ROS2_Imp/ros2_foxy/src/detector/install/detector/share/detector/environment/ament_prefix_path.sh
[5.515s] -- Up-to-date symlink: /home/roboboat/RoboBoat_Cyber_Minority/ROS2_Imp/ros2_foxy/src/detector/install/detector/share/detector/environment/ament_prefix_path.dsv
[5.515s] -- Up-to-date symlink: /home/roboboat/RoboBoat_Cyber_Minority/ROS2_Imp/ros2_foxy/src/detector/install/detector/share/detector/environment/path.sh
[5.516s] -- Up-to-date symlink: /home/roboboat/RoboBoat_Cyber_Minority/ROS2_Imp/ros2_foxy/src/detector/install/detector/share/detector/environment/path.dsv
[5.516s] -- Up-to-date symlink: /home/roboboat/RoboBoat_Cyber_Minority/ROS2_Imp/ros2_foxy/src/detector/install/detector/share/detector/local_setup.bash
[5.516s] -- Up-to-date symlink: /home/roboboat/RoboBoat_Cyber_Minority/ROS2_Imp/ros2_foxy/src/detector/install/detector/share/detector/local_setup.sh
[5.517s] -- Up-to-date symlink: /home/roboboat/RoboBoat_Cyber_Minority/ROS2_Imp/ros2_foxy/src/detector/install/detector/share/detector/local_setup.zsh
[5.517s] -- Up-to-date symlink: /home/roboboat/RoboBoat_Cyber_Minority/ROS2_Imp/ros2_foxy/src/detector/install/detector/share/detector/local_setup.dsv
[5.517s] -- Symlinking: /home/roboboat/RoboBoat_Cyber_Minority/ROS2_Imp/ros2_foxy/src/detector/install/detector/share/detector/package.dsv
[5.532s] -- Up-to-date symlink: /home/roboboat/RoboBoat_Cyber_Minority/ROS2_Imp/ros2_foxy/src/detector/install/detector/share/ament_index/resource_index/packages/detector
[5.533s] -- Up-to-date symlink: /home/roboboat/RoboBoat_Cyber_Minority/ROS2_Imp/ros2_foxy/src/detector/install/detector/share/detector/cmake/rosidl_cmake-extras.cmake
[5.533s] -- Up-to-date symlink: /home/roboboat/RoboBoat_Cyber_Minority/ROS2_Imp/ros2_foxy/src/detector/install/detector/share/detector/cmake/ament_cmake_export_dependencies-extras.cmake
[5.533s] -- Up-to-date symlink: /home/roboboat/RoboBoat_Cyber_Minority/ROS2_Imp/ros2_foxy/src/detector/install/detector/share/detector/cmake/ament_cmake_export_libraries-extras.cmake
[5.534s] -- Up-to-date symlink: /home/roboboat/RoboBoat_Cyber_Minority/ROS2_Imp/ros2_foxy/src/detector/install/detector/share/detector/cmake/ament_cmake_export_targets-extras.cmake
[5.534s] -- Up-to-date symlink: /home/roboboat/RoboBoat_Cyber_Minority/ROS2_Imp/ros2_foxy/src/detector/install/detector/share/detector/cmake/ament_cmake_export_include_directories-extras.cmake
[5.535s] -- Up-to-date symlink: /home/roboboat/RoboBoat_Cyber_Minority/ROS2_Imp/ros2_foxy/src/detector/install/detector/share/detector/cmake/rosidl_cmake_export_typesupport_libraries-extras.cmake
[5.535s] -- Up-to-date symlink: /home/roboboat/RoboBoat_Cyber_Minority/ROS2_Imp/ros2_foxy/src/detector/install/detector/share/detector/cmake/rosidl_cmake_export_typesupport_targets-extras.cmake
[5.535s] -- Up-to-date symlink: /home/roboboat/RoboBoat_Cyber_Minority/ROS2_Imp/ros2_foxy/src/detector/install/detector/share/detector/cmake/detectorConfig.cmake
[5.536s] -- Up-to-date symlink: /home/roboboat/RoboBoat_Cyber_Minority/ROS2_Imp/ros2_foxy/src/detector/install/detector/share/detector/cmake/detectorConfig-version.cmake
[5.536s] -- Up-to-date symlink: /home/roboboat/RoboBoat_Cyber_Minority/ROS2_Imp/ros2_foxy/src/detector/install/detector/share/detector/package.xml
[5.536s] -- Up-to-date: /home/roboboat/RoboBoat_Cyber_Minority/ROS2_Imp/ros2_foxy/src/detector/install/detector/lib/libdetector__rosidl_generator_c.so
[5.537s] -- Up-to-date: /home/roboboat/RoboBoat_Cyber_Minority/ROS2_Imp/ros2_foxy/src/detector/install/detector/lib/libdetector__rosidl_typesupport_introspection_c.so
[5.537s] -- Up-to-date: /home/roboboat/RoboBoat_Cyber_Minority/ROS2_Imp/ros2_foxy/src/detector/install/detector/lib/libdetector__rosidl_typesupport_c.so
[5.538s] -- Up-to-date: /home/roboboat/RoboBoat_Cyber_Minority/ROS2_Imp/ros2_foxy/src/detector/install/detector/lib/libdetector__rosidl_typesupport_introspection_cpp.so
[5.538s] -- Up-to-date: /home/roboboat/RoboBoat_Cyber_Minority/ROS2_Imp/ros2_foxy/src/detector/install/detector/lib/libdetector__rosidl_typesupport_cpp.so
[5.590s] -- Up-to-date: /home/roboboat/RoboBoat_Cyber_Minority/ROS2_Imp/ros2_foxy/src/detector/install/detector/share/detector/cmake/detector__rosidl_generator_cExport.cmake
[5.591s] -- Up-to-date: /home/roboboat/RoboBoat_Cyber_Minority/ROS2_Imp/ros2_foxy/src/detector/install/detector/share/detector/cmake/detector__rosidl_generator_cExport-noconfig.cmake
[5.591s] -- Up-to-date: /home/roboboat/RoboBoat_Cyber_Minority/ROS2_Imp/ros2_foxy/src/detector/install/detector/share/detector/cmake/detector__rosidl_typesupport_introspection_cExport.cmake
[5.591s] -- Up-to-date: /home/roboboat/RoboBoat_Cyber_Minority/ROS2_Imp/ros2_foxy/src/detector/install/detector/share/detector/cmake/detector__rosidl_typesupport_introspection_cExport-noconfig.cmake
[5.591s] -- Up-to-date: /home/roboboat/RoboBoat_Cyber_Minority/ROS2_Imp/ros2_foxy/src/detector/install/detector/share/detector/cmake/detector__rosidl_typesupport_cExport.cmake
[5.591s] -- Up-to-date: /home/roboboat/RoboBoat_Cyber_Minority/ROS2_Imp/ros2_foxy/src/detector/install/detector/share/detector/cmake/detector__rosidl_typesupport_cExport-noconfig.cmake
[5.591s] -- Up-to-date: /home/roboboat/RoboBoat_Cyber_Minority/ROS2_Imp/ros2_foxy/src/detector/install/detector/share/detector/cmake/detector__rosidl_generator_cppExport.cmake
[5.591s] -- Up-to-date: /home/roboboat/RoboBoat_Cyber_Minority/ROS2_Imp/ros2_foxy/src/detector/install/detector/share/detector/cmake/detector__rosidl_typesupport_introspection_cppExport.cmake
[5.591s] -- Up-to-date: /home/roboboat/RoboBoat_Cyber_Minority/ROS2_Imp/ros2_foxy/src/detector/install/detector/share/detector/cmake/detector__rosidl_typesupport_introspection_cppExport-noconfig.cmake
[5.592s] -- Up-to-date: /home/roboboat/RoboBoat_Cyber_Minority/ROS2_Imp/ros2_foxy/src/detector/install/detector/share/detector/cmake/detector__rosidl_typesupport_cppExport.cmake
[5.592s] -- Up-to-date: /home/roboboat/RoboBoat_Cyber_Minority/ROS2_Imp/ros2_foxy/src/detector/install/detector/share/detector/cmake/detector__rosidl_typesupport_cppExport-noconfig.cmake
[5.602s] Invoked command in '/home/roboboat/RoboBoat_Cyber_Minority/ROS2_Imp/ros2_foxy/src/detector/build/detector' returned '0': CMAKE_PREFIX_PATH=${CMAKE_PREFIX_PATH}:/opt/ros/foxy /usr/bin/cmake --install /home/roboboat/RoboBoat_Cyber_Minority/ROS2_Imp/ros2_foxy/src/detector/build/detector
