[0.106s] Invoking command in '/home/roboboat/RoboBoat_Cyber_Minority/ROS2_Imp/ros2_foxy/src/main_control/build/main_control': CMAKE_PREFIX_PATH=${CMAKE_PREFIX_PATH}:/home/roboboat/ros2_ws/install/Motorcontroller:/opt/ros/foxy /usr/bin/cmake --build /home/roboboat/RoboBoat_Cyber_Minority/ROS2_Imp/ros2_foxy/src/main_control/build/main_control -- -j12 -l12
[0.199s] [  9%] Built target main_control__cpp
[0.200s] [ 12%] Built target main_control__rosidl_generator_c
[0.202s] [ 18%] Built target main_control_pub
[0.235s] [ 54%] Built target main_control__rosidl_typesupport_introspection_cpp
[0.236s] [ 54%] Built target main_control__rosidl_typesupport_c
[0.236s] [ 54%] Built target main_control__rosidl_typesupport_cpp
[0.236s] [ 54%] Built target main_control__rosidl_typesupport_introspection_c
[0.240s] [ 63%] Built target main_control__rosidl_typesupport_fastrtps_cpp
[0.289s] [ 72%] Built target main_control__rosidl_typesupport_fastrtps_c
[0.322s] [ 72%] Built target main_control
[0.357s] [ 75%] Built target main_control__py
[0.406s] [ 81%] Built target main_control__python
[0.448s] [100%] Built target main_control__rosidl_typesupport_introspection_c__pyext
[0.448s] [100%] Built target main_control__rosidl_typesupport_fastrtps_c__pyext
[0.448s] [100%] Built target main_control__rosidl_typesupport_c__pyext
[0.474s] Invoked command in '/home/roboboat/RoboBoat_Cyber_Minority/ROS2_Imp/ros2_foxy/src/main_control/build/main_control' returned '0': CMAKE_PREFIX_PATH=${CMAKE_PREFIX_PATH}:/home/roboboat/ros2_ws/install/Motorcontroller:/opt/ros/foxy /usr/bin/cmake --build /home/roboboat/RoboBoat_Cyber_Minority/ROS2_Imp/ros2_foxy/src/main_control/build/main_control -- -j12 -l12
[0.593s] Invoking command in '/home/roboboat/RoboBoat_Cyber_Minority/ROS2_Imp/ros2_foxy/src/main_control/build/main_control': CMAKE_PREFIX_PATH=${CMAKE_PREFIX_PATH}:/home/roboboat/ros2_ws/install/Motorcontroller:/opt/ros/foxy /usr/bin/cmake --install /home/roboboat/RoboBoat_Cyber_Minority/ROS2_Imp/ros2_foxy/src/main_control/build/main_control
[0.611s] -- Install configuration: ""
[0.611s] -- Up-to-date: /home/roboboat/RoboBoat_Cyber_Minority/ROS2_Imp/ros2_foxy/src/main_control/install/main_control/share/ament_index/resource_index/rosidl_interfaces/main_control
[0.612s] -- Up-to-date: /home/roboboat/RoboBoat_Cyber_Minority/ROS2_Imp/ros2_foxy/src/main_control/install/main_control/include/main_control
[0.612s] -- Up-to-date: /home/roboboat/RoboBoat_Cyber_Minority/ROS2_Imp/ros2_foxy/src/main_control/install/main_control/include/main_control/msg
[0.612s] -- Up-to-date: /home/roboboat/RoboBoat_Cyber_Minority/ROS2_Imp/ros2_foxy/src/main_control/install/main_control/include/main_control/msg/my_custom_msg.h
[0.612s] -- Up-to-date: /home/roboboat/RoboBoat_Cyber_Minority/ROS2_Imp/ros2_foxy/src/main_control/install/main_control/include/main_control/msg/detail
[0.613s] -- Up-to-date: /home/roboboat/RoboBoat_Cyber_Minority/ROS2_Imp/ros2_foxy/src/main_control/install/main_control/include/main_control/msg/detail/my_custom_msg__type_support.h
[0.613s] -- Up-to-date: /home/roboboat/RoboBoat_Cyber_Minority/ROS2_Imp/ros2_foxy/src/main_control/install/main_control/include/main_control/msg/detail/my_custom_msg__functions.c
[0.613s] -- Up-to-date: /home/roboboat/RoboBoat_Cyber_Minority/ROS2_Imp/ros2_foxy/src/main_control/install/main_control/include/main_control/msg/detail/my_custom_msg__functions.h
[0.613s] -- Up-to-date: /home/roboboat/RoboBoat_Cyber_Minority/ROS2_Imp/ros2_foxy/src/main_control/install/main_control/include/main_control/msg/detail/my_custom_msg__struct.h
[0.614s] -- Up-to-date: /home/roboboat/RoboBoat_Cyber_Minority/ROS2_Imp/ros2_foxy/src/main_control/install/main_control/include/main_control/msg/rosidl_generator_c__visibility_control.h
[0.614s] -- Up-to-date: /home/roboboat/RoboBoat_Cyber_Minority/ROS2_Imp/ros2_foxy/src/main_control/install/main_control/share/main_control/environment/library_path.sh
[0.614s] -- Up-to-date: /home/roboboat/RoboBoat_Cyber_Minority/ROS2_Imp/ros2_foxy/src/main_control/install/main_control/share/main_control/environment/library_path.dsv
[0.614s] -- Up-to-date: /home/roboboat/RoboBoat_Cyber_Minority/ROS2_Imp/ros2_foxy/src/main_control/install/main_control/lib/libmain_control__rosidl_generator_c.so
[0.615s] -- Up-to-date: /home/roboboat/RoboBoat_Cyber_Minority/ROS2_Imp/ros2_foxy/src/main_control/install/main_control/include/main_control
[0.615s] -- Up-to-date: /home/roboboat/RoboBoat_Cyber_Minority/ROS2_Imp/ros2_foxy/src/main_control/install/main_control/include/main_control/msg
[0.615s] -- Up-to-date: /home/roboboat/RoboBoat_Cyber_Minority/ROS2_Imp/ros2_foxy/src/main_control/install/main_control/include/main_control/msg/detail
[0.616s] -- Up-to-date: /home/roboboat/RoboBoat_Cyber_Minority/ROS2_Imp/ros2_foxy/src/main_control/install/main_control/include/main_control/msg/detail/my_custom_msg__rosidl_typesupport_fastrtps_c.h
[0.616s] -- Up-to-date: /home/roboboat/RoboBoat_Cyber_Minority/ROS2_Imp/ros2_foxy/src/main_control/install/main_control/include/main_control/msg/rosidl_typesupport_fastrtps_c__visibility_control.h
[0.616s] -- Up-to-date: /home/roboboat/RoboBoat_Cyber_Minority/ROS2_Imp/ros2_foxy/src/main_control/install/main_control/lib/libmain_control__rosidl_typesupport_fastrtps_c.so
[0.616s] -- Up-to-date: /home/roboboat/RoboBoat_Cyber_Minority/ROS2_Imp/ros2_foxy/src/main_control/install/main_control/include/main_control
[0.616s] -- Up-to-date: /home/roboboat/RoboBoat_Cyber_Minority/ROS2_Imp/ros2_foxy/src/main_control/install/main_control/include/main_control/msg
[0.617s] -- Up-to-date: /home/roboboat/RoboBoat_Cyber_Minority/ROS2_Imp/ros2_foxy/src/main_control/install/main_control/include/main_control/msg/detail
[0.617s] -- Up-to-date: /home/roboboat/RoboBoat_Cyber_Minority/ROS2_Imp/ros2_foxy/src/main_control/install/main_control/include/main_control/msg/detail/dds_fastrtps
[0.617s] -- Up-to-date: /home/roboboat/RoboBoat_Cyber_Minority/ROS2_Imp/ros2_foxy/src/main_control/install/main_control/include/main_control/msg/detail/my_custom_msg__rosidl_typesupport_fastrtps_cpp.hpp
[0.617s] -- Up-to-date: /home/roboboat/RoboBoat_Cyber_Minority/ROS2_Imp/ros2_foxy/src/main_control/install/main_control/include/main_control/msg/rosidl_typesupport_fastrtps_cpp__visibility_control.h
[0.617s] -- Up-to-date: /home/roboboat/RoboBoat_Cyber_Minority/ROS2_Imp/ros2_foxy/src/main_control/install/main_control/lib/libmain_control__rosidl_typesupport_fastrtps_cpp.so
[0.617s] -- Up-to-date: /home/roboboat/RoboBoat_Cyber_Minority/ROS2_Imp/ros2_foxy/src/main_control/install/main_control/include/main_control
[0.618s] -- Up-to-date: /home/roboboat/RoboBoat_Cyber_Minority/ROS2_Imp/ros2_foxy/src/main_control/install/main_control/include/main_control/msg
[0.618s] -- Up-to-date: /home/roboboat/RoboBoat_Cyber_Minority/ROS2_Imp/ros2_foxy/src/main_control/install/main_control/include/main_control/msg/rosidl_typesupport_introspection_c__visibility_control.h
[0.618s] -- Up-to-date: /home/roboboat/RoboBoat_Cyber_Minority/ROS2_Imp/ros2_foxy/src/main_control/install/main_control/include/main_control/msg/detail
[0.618s] -- Up-to-date: /home/roboboat/RoboBoat_Cyber_Minority/ROS2_Imp/ros2_foxy/src/main_control/install/main_control/include/main_control/msg/detail/my_custom_msg__rosidl_typesupport_introspection_c.h
[0.618s] -- Up-to-date: /home/roboboat/RoboBoat_Cyber_Minority/ROS2_Imp/ros2_foxy/src/main_control/install/main_control/include/main_control/msg/detail/my_custom_msg__type_support.c
[0.619s] -- Up-to-date: /home/roboboat/RoboBoat_Cyber_Minority/ROS2_Imp/ros2_foxy/src/main_control/install/main_control/lib/libmain_control__rosidl_typesupport_introspection_c.so
[0.619s] -- Up-to-date: /home/roboboat/RoboBoat_Cyber_Minority/ROS2_Imp/ros2_foxy/src/main_control/install/main_control/lib/libmain_control__rosidl_typesupport_c.so
[0.619s] -- Up-to-date: /home/roboboat/RoboBoat_Cyber_Minority/ROS2_Imp/ros2_foxy/src/main_control/install/main_control/include/main_control
[0.619s] -- Up-to-date: /home/roboboat/RoboBoat_Cyber_Minority/ROS2_Imp/ros2_foxy/src/main_control/install/main_control/include/main_control/msg
[0.619s] -- Up-to-date: /home/roboboat/RoboBoat_Cyber_Minority/ROS2_Imp/ros2_foxy/src/main_control/install/main_control/include/main_control/msg/detail
[0.619s] -- Up-to-date: /home/roboboat/RoboBoat_Cyber_Minority/ROS2_Imp/ros2_foxy/src/main_control/install/main_control/include/main_control/msg/detail/my_custom_msg__traits.hpp
[0.619s] -- Up-to-date: /home/roboboat/RoboBoat_Cyber_Minority/ROS2_Imp/ros2_foxy/src/main_control/install/main_control/include/main_control/msg/detail/my_custom_msg__struct.hpp
[0.620s] -- Up-to-date: /home/roboboat/RoboBoat_Cyber_Minority/ROS2_Imp/ros2_foxy/src/main_control/install/main_control/include/main_control/msg/detail/my_custom_msg__type_support.hpp
[0.620s] -- Up-to-date: /home/roboboat/RoboBoat_Cyber_Minority/ROS2_Imp/ros2_foxy/src/main_control/install/main_control/include/main_control/msg/detail/my_custom_msg__builder.hpp
[0.620s] -- Up-to-date: /home/roboboat/RoboBoat_Cyber_Minority/ROS2_Imp/ros2_foxy/src/main_control/install/main_control/include/main_control/msg/rosidl_generator_cpp__visibility_control.hpp
[0.620s] -- Up-to-date: /home/roboboat/RoboBoat_Cyber_Minority/ROS2_Imp/ros2_foxy/src/main_control/install/main_control/include/main_control/msg/my_custom_msg.hpp
[0.620s] -- Up-to-date: /home/roboboat/RoboBoat_Cyber_Minority/ROS2_Imp/ros2_foxy/src/main_control/install/main_control/include/main_control
[0.620s] -- Up-to-date: /home/roboboat/RoboBoat_Cyber_Minority/ROS2_Imp/ros2_foxy/src/main_control/install/main_control/include/main_control/msg
[0.620s] -- Up-to-date: /home/roboboat/RoboBoat_Cyber_Minority/ROS2_Imp/ros2_foxy/src/main_control/install/main_control/include/main_control/msg/detail
[0.621s] -- Up-to-date: /home/roboboat/RoboBoat_Cyber_Minority/ROS2_Imp/ros2_foxy/src/main_control/install/main_control/include/main_control/msg/detail/my_custom_msg__rosidl_typesupport_introspection_cpp.hpp
[0.621s] -- Up-to-date: /home/roboboat/RoboBoat_Cyber_Minority/ROS2_Imp/ros2_foxy/src/main_control/install/main_control/include/main_control/msg/detail/my_custom_msg__type_support.cpp
[0.621s] -- Up-to-date: /home/roboboat/RoboBoat_Cyber_Minority/ROS2_Imp/ros2_foxy/src/main_control/install/main_control/lib/libmain_control__rosidl_typesupport_introspection_cpp.so
[0.621s] -- Up-to-date: /home/roboboat/RoboBoat_Cyber_Minority/ROS2_Imp/ros2_foxy/src/main_control/install/main_control/lib/libmain_control__rosidl_typesupport_cpp.so
[0.621s] -- Up-to-date: /home/roboboat/RoboBoat_Cyber_Minority/ROS2_Imp/ros2_foxy/src/main_control/install/main_control/share/main_control/environment/pythonpath.sh
[0.621s] -- Up-to-date: /home/roboboat/RoboBoat_Cyber_Minority/ROS2_Imp/ros2_foxy/src/main_control/install/main_control/share/main_control/environment/pythonpath.dsv
[0.622s] -- Up-to-date: /home/roboboat/RoboBoat_Cyber_Minority/ROS2_Imp/ros2_foxy/src/main_control/install/main_control/lib/python3.8/site-packages/main_control/__init__.py
[0.669s] -- Up-to-date: /home/roboboat/RoboBoat_Cyber_Minority/ROS2_Imp/ros2_foxy/src/main_control/install/main_control/lib/python3.8/site-packages/main_control/msg
[0.670s] -- Up-to-date: /home/roboboat/RoboBoat_Cyber_Minority/ROS2_Imp/ros2_foxy/src/main_control/install/main_control/lib/python3.8/site-packages/main_control/msg/__init__.py
[0.670s] -- Up-to-date: /home/roboboat/RoboBoat_Cyber_Minority/ROS2_Imp/ros2_foxy/src/main_control/install/main_control/lib/python3.8/site-packages/main_control/msg/_my_custom_msg_s.c
[0.670s] -- Up-to-date: /home/roboboat/RoboBoat_Cyber_Minority/ROS2_Imp/ros2_foxy/src/main_control/install/main_control/lib/python3.8/site-packages/main_control/msg/_my_custom_msg.py
[0.671s] -- Up-to-date: /home/roboboat/RoboBoat_Cyber_Minority/ROS2_Imp/ros2_foxy/src/main_control/install/main_control/lib/python3.8/site-packages/main_control/main_control_s__rosidl_typesupport_fastrtps_c.cpython-38-aarch64-linux-gnu.so
[0.671s] -- Up-to-date: /home/roboboat/RoboBoat_Cyber_Minority/ROS2_Imp/ros2_foxy/src/main_control/install/main_control/lib/python3.8/site-packages/main_control/main_control_s__rosidl_typesupport_introspection_c.cpython-38-aarch64-linux-gnu.so
[0.671s] -- Up-to-date: /home/roboboat/RoboBoat_Cyber_Minority/ROS2_Imp/ros2_foxy/src/main_control/install/main_control/lib/python3.8/site-packages/main_control/main_control_s__rosidl_typesupport_c.cpython-38-aarch64-linux-gnu.so
[0.672s] -- Up-to-date: /home/roboboat/RoboBoat_Cyber_Minority/ROS2_Imp/ros2_foxy/src/main_control/install/main_control/lib/libmain_control__python.so
[0.672s] -- Up-to-date: /home/roboboat/RoboBoat_Cyber_Minority/ROS2_Imp/ros2_foxy/src/main_control/install/main_control/share/main_control/msg/MyCustomMsg.idl
[0.673s] -- Up-to-date: /home/roboboat/RoboBoat_Cyber_Minority/ROS2_Imp/ros2_foxy/src/main_control/install/main_control/share/main_control/msg/MyCustomMsg.msg
[0.673s] -- Up-to-date: /home/roboboat/RoboBoat_Cyber_Minority/ROS2_Imp/ros2_foxy/src/main_control/install/main_control/lib/main_control/main_control_pub
[0.673s] -- Up-to-date: /home/roboboat/RoboBoat_Cyber_Minority/ROS2_Imp/ros2_foxy/src/main_control/install/main_control/share/ament_index/resource_index/package_run_dependencies/main_control
[0.674s] -- Up-to-date: /home/roboboat/RoboBoat_Cyber_Minority/ROS2_Imp/ros2_foxy/src/main_control/install/main_control/share/ament_index/resource_index/parent_prefix_path/main_control
[0.674s] -- Up-to-date: /home/roboboat/RoboBoat_Cyber_Minority/ROS2_Imp/ros2_foxy/src/main_control/install/main_control/share/main_control/environment/ament_prefix_path.sh
[0.674s] -- Up-to-date: /home/roboboat/RoboBoat_Cyber_Minority/ROS2_Imp/ros2_foxy/src/main_control/install/main_control/share/main_control/environment/ament_prefix_path.dsv
[0.675s] -- Up-to-date: /home/roboboat/RoboBoat_Cyber_Minority/ROS2_Imp/ros2_foxy/src/main_control/install/main_control/share/main_control/environment/path.sh
[0.675s] -- Up-to-date: /home/roboboat/RoboBoat_Cyber_Minority/ROS2_Imp/ros2_foxy/src/main_control/install/main_control/share/main_control/environment/path.dsv
[0.675s] -- Up-to-date: /home/roboboat/RoboBoat_Cyber_Minority/ROS2_Imp/ros2_foxy/src/main_control/install/main_control/share/main_control/local_setup.bash
[0.676s] -- Up-to-date: /home/roboboat/RoboBoat_Cyber_Minority/ROS2_Imp/ros2_foxy/src/main_control/install/main_control/share/main_control/local_setup.sh
[0.676s] -- Up-to-date: /home/roboboat/RoboBoat_Cyber_Minority/ROS2_Imp/ros2_foxy/src/main_control/install/main_control/share/main_control/local_setup.zsh
[0.677s] -- Up-to-date: /home/roboboat/RoboBoat_Cyber_Minority/ROS2_Imp/ros2_foxy/src/main_control/install/main_control/share/main_control/local_setup.dsv
[0.677s] -- Installing: /home/roboboat/RoboBoat_Cyber_Minority/ROS2_Imp/ros2_foxy/src/main_control/install/main_control/share/main_control/package.dsv
[0.677s] -- Up-to-date: /home/roboboat/RoboBoat_Cyber_Minority/ROS2_Imp/ros2_foxy/src/main_control/install/main_control/share/ament_index/resource_index/packages/main_control
[0.677s] -- Up-to-date: /home/roboboat/RoboBoat_Cyber_Minority/ROS2_Imp/ros2_foxy/src/main_control/install/main_control/share/main_control/cmake/main_control__rosidl_generator_cExport.cmake
[0.678s] -- Up-to-date: /home/roboboat/RoboBoat_Cyber_Minority/ROS2_Imp/ros2_foxy/src/main_control/install/main_control/share/main_control/cmake/main_control__rosidl_generator_cExport-noconfig.cmake
[0.678s] -- Up-to-date: /home/roboboat/RoboBoat_Cyber_Minority/ROS2_Imp/ros2_foxy/src/main_control/install/main_control/share/main_control/cmake/main_control__rosidl_typesupport_introspection_cExport.cmake
[0.678s] -- Up-to-date: /home/roboboat/RoboBoat_Cyber_Minority/ROS2_Imp/ros2_foxy/src/main_control/install/main_control/share/main_control/cmake/main_control__rosidl_typesupport_introspection_cExport-noconfig.cmake
[0.678s] -- Up-to-date: /home/roboboat/RoboBoat_Cyber_Minority/ROS2_Imp/ros2_foxy/src/main_control/install/main_control/share/main_control/cmake/main_control__rosidl_typesupport_cExport.cmake
[0.679s] -- Up-to-date: /home/roboboat/RoboBoat_Cyber_Minority/ROS2_Imp/ros2_foxy/src/main_control/install/main_control/share/main_control/cmake/main_control__rosidl_typesupport_cExport-noconfig.cmake
[0.679s] -- Up-to-date: /home/roboboat/RoboBoat_Cyber_Minority/ROS2_Imp/ros2_foxy/src/main_control/install/main_control/share/main_control/cmake/main_control__rosidl_generator_cppExport.cmake
[0.679s] -- Up-to-date: /home/roboboat/RoboBoat_Cyber_Minority/ROS2_Imp/ros2_foxy/src/main_control/install/main_control/share/main_control/cmake/main_control__rosidl_typesupport_introspection_cppExport.cmake
[0.679s] -- Up-to-date: /home/roboboat/RoboBoat_Cyber_Minority/ROS2_Imp/ros2_foxy/src/main_control/install/main_control/share/main_control/cmake/main_control__rosidl_typesupport_introspection_cppExport-noconfig.cmake
[0.679s] -- Up-to-date: /home/roboboat/RoboBoat_Cyber_Minority/ROS2_Imp/ros2_foxy/src/main_control/install/main_control/share/main_control/cmake/main_control__rosidl_typesupport_cppExport.cmake
[0.680s] -- Up-to-date: /home/roboboat/RoboBoat_Cyber_Minority/ROS2_Imp/ros2_foxy/src/main_control/install/main_control/share/main_control/cmake/main_control__rosidl_typesupport_cppExport-noconfig.cmake
[0.680s] -- Up-to-date: /home/roboboat/RoboBoat_Cyber_Minority/ROS2_Imp/ros2_foxy/src/main_control/install/main_control/share/main_control/cmake/rosidl_cmake-extras.cmake
[0.680s] -- Up-to-date: /home/roboboat/RoboBoat_Cyber_Minority/ROS2_Imp/ros2_foxy/src/main_control/install/main_control/share/main_control/cmake/ament_cmake_export_dependencies-extras.cmake
[0.680s] -- Up-to-date: /home/roboboat/RoboBoat_Cyber_Minority/ROS2_Imp/ros2_foxy/src/main_control/install/main_control/share/main_control/cmake/ament_cmake_export_libraries-extras.cmake
[0.681s] -- Up-to-date: /home/roboboat/RoboBoat_Cyber_Minority/ROS2_Imp/ros2_foxy/src/main_control/install/main_control/share/main_control/cmake/ament_cmake_export_targets-extras.cmake
[0.681s] -- Up-to-date: /home/roboboat/RoboBoat_Cyber_Minority/ROS2_Imp/ros2_foxy/src/main_control/install/main_control/share/main_control/cmake/ament_cmake_export_include_directories-extras.cmake
[0.681s] -- Up-to-date: /home/roboboat/RoboBoat_Cyber_Minority/ROS2_Imp/ros2_foxy/src/main_control/install/main_control/share/main_control/cmake/rosidl_cmake_export_typesupport_libraries-extras.cmake
[0.681s] -- Up-to-date: /home/roboboat/RoboBoat_Cyber_Minority/ROS2_Imp/ros2_foxy/src/main_control/install/main_control/share/main_control/cmake/rosidl_cmake_export_typesupport_targets-extras.cmake
[0.681s] -- Up-to-date: /home/roboboat/RoboBoat_Cyber_Minority/ROS2_Imp/ros2_foxy/src/main_control/install/main_control/share/main_control/cmake/main_controlConfig.cmake
[0.682s] -- Up-to-date: /home/roboboat/RoboBoat_Cyber_Minority/ROS2_Imp/ros2_foxy/src/main_control/install/main_control/share/main_control/cmake/main_controlConfig-version.cmake
[0.682s] -- Up-to-date: /home/roboboat/RoboBoat_Cyber_Minority/ROS2_Imp/ros2_foxy/src/main_control/install/main_control/share/main_control/package.xml
[0.686s] Invoked command in '/home/roboboat/RoboBoat_Cyber_Minority/ROS2_Imp/ros2_foxy/src/main_control/build/main_control' returned '0': CMAKE_PREFIX_PATH=${CMAKE_PREFIX_PATH}:/home/roboboat/ros2_ws/install/Motorcontroller:/opt/ros/foxy /usr/bin/cmake --install /home/roboboat/RoboBoat_Cyber_Minority/ROS2_Imp/ros2_foxy/src/main_control/build/main_control
