[0.091s] Invoking command in '/home/roboboat/RoboBoat_Cyber_Minority/ROS2_Imp/ros2_foxy/src/detector/build/detector': CMAKE_PREFIX_PATH=${CMAKE_PREFIX_PATH}:/opt/ros/foxy /usr/bin/cmake --build /home/roboboat/RoboBoat_Cyber_Minority/ROS2_Imp/ros2_foxy/src/detector/build/detector -- -j12 -l12
[0.147s] -- Found ament_cmake: 0.9.12 (/opt/ros/foxy/share/ament_cmake/cmake)
[0.180s] -- Found PythonInterp: /usr/bin/python3 (found suitable version "3.8.10", minimum required is "3") 
[0.180s] -- Using PYTHON_EXECUTABLE: /usr/bin/python3
[0.470s] -- Override CMake install command with custom implementation using symlinks instead of copying resources
[0.502s] -- Found rclcpp: 2.4.3 (/opt/ros/foxy/share/rclcpp/cmake)
[0.560s] -- Using all available rosidl_typesupport_c: rosidl_typesupport_fastrtps_c;rosidl_typesupport_introspection_c
[0.564s] -- Found rosidl_adapter: 1.3.1 (/opt/ros/foxy/share/rosidl_adapter/cmake)
[0.736s] -- Using all available rosidl_typesupport_cpp: rosidl_typesupport_fastrtps_cpp;rosidl_typesupport_introspection_cpp
[0.797s] -- Found rmw_implementation_cmake: 1.0.4 (/opt/ros/foxy/share/rmw_implementation_cmake/cmake)
[0.798s] -- Using RMW implementation 'rmw_fastrtps_cpp' as default
[0.971s] -- Found rosidl_default_generators: 1.0.1 (/opt/ros/foxy/share/rosidl_default_generators/cmake)
[1.026s] -- Found PythonInterp: /usr/bin/python3 (found version "3.8.10") 
[1.224s] -- Found ament_cmake_ros: 0.9.2 (/opt/ros/foxy/share/ament_cmake_ros/cmake)
[1.405s] -- Using all available rosidl_typesupport_c: rosidl_typesupport_fastrtps_c;rosidl_typesupport_introspection_c
[1.416s] -- Using all available rosidl_typesupport_cpp: rosidl_typesupport_fastrtps_cpp;rosidl_typesupport_introspection_cpp
[1.452s] -- Found PythonInterp: /usr/bin/python3 (found suitable version "3.8.10", minimum required is "3.5") 
[1.453s] -- Found python_cmake_module: 0.8.1 (/opt/ros/foxy/share/python_cmake_module/cmake)
[1.489s] -- Using PYTHON_EXECUTABLE: /usr/bin/python3
[1.490s] -- Using PYTHON_INCLUDE_DIRS: /usr/include/python3.8
[1.490s] -- Using PYTHON_LIBRARIES: /usr/lib/aarch64-linux-gnu/libpython3.8.so
[1.543s] -- Found ament_lint_auto: 0.9.8 (/opt/ros/foxy/share/ament_lint_auto/cmake)
[1.607s] -- Configuring done
[1.694s] -- Generating done
[1.700s] -- Build files have been written to: /home/roboboat/RoboBoat_Cyber_Minority/ROS2_Imp/ros2_foxy/src/detector/build/detector
[1.761s] [35m[1mScanning dependencies of target detector__cpp[0m
[1.775s] [  3%] [34m[1mGenerating C code for ROS interfaces[0m
[1.777s] [  6%] [34m[1mGenerating C++ code for ROS interfaces[0m
[1.777s] [35m[1mScanning dependencies of target detector_node[0m
[1.823s] [  9%] [32mBuilding CXX object CMakeFiles/detector_node.dir/src/detector_node.cpp.o[0m
[2.102s] [  9%] Built target detector__cpp
[2.123s] [35m[1mScanning dependencies of target detector__rosidl_generator_c[0m
[2.126s] [ 18%] [34m[1mGenerating C++ type support for eProsima Fast-RTPS[0m
[2.126s] [ 18%] [34m[1mGenerating C++ type support dispatch for ROS interfaces[0m
[2.126s] [ 18%] [34m[1mGenerating C++ introspection for ROS interfaces[0m
[2.143s] [ 21%] [32mBuilding C object CMakeFiles/detector__rosidl_generator_c.dir/rosidl_generator_c/detector/msg/detail/my_custom_msg_detector__functions.c.o[0m
[2.227s] [ 24%] [32m[1mLinking C shared library libdetector__rosidl_generator_c.so[0m
[2.278s] [ 24%] Built target detector__rosidl_generator_c
[2.298s] [ 30%] [34m[1mGenerating C type support dispatch for ROS interfaces[0m
[2.298s] [ 30%] [34m[1mGenerating C introspection for ROS interfaces[0m
[2.430s] [35m[1mScanning dependencies of target detector__rosidl_typesupport_cpp[0m
[2.449s] [ 33%] [32mBuilding CXX object CMakeFiles/detector__rosidl_typesupport_cpp.dir/rosidl_typesupport_cpp/detector/msg/my_custom_msg_detector__type_support.cpp.o[0m
[2.468s] [35m[1mScanning dependencies of target detector__rosidl_typesupport_introspection_cpp[0m
[2.468s] [35m[1mScanning dependencies of target detector__rosidl_typesupport_fastrtps_cpp[0m
[2.489s] [ 39%] [32mBuilding CXX object CMakeFiles/detector__rosidl_typesupport_introspection_cpp.dir/rosidl_typesupport_introspection_cpp/detector/msg/detail/my_custom_msg_detector__type_support.cpp.o[0m
[2.489s] [ 39%] [32mBuilding CXX object CMakeFiles/detector__rosidl_typesupport_fastrtps_cpp.dir/rosidl_typesupport_fastrtps_cpp/detector/msg/detail/dds_fastrtps/my_custom_msg_detector__type_support.cpp.o[0m
[2.607s] [35m[1mScanning dependencies of target detector__rosidl_typesupport_c[0m
[2.626s] [ 42%] [32mBuilding CXX object CMakeFiles/detector__rosidl_typesupport_c.dir/rosidl_typesupport_c/detector/msg/my_custom_msg_detector__type_support.cpp.o[0m
[2.639s] [35m[1mScanning dependencies of target detector__rosidl_typesupport_introspection_c[0m
[2.660s] [ 45%] [32mBuilding C object CMakeFiles/detector__rosidl_typesupport_introspection_c.dir/rosidl_typesupport_introspection_c/detector/msg/detail/my_custom_msg_detector__type_support.c.o[0m
[2.675s] [ 48%] [32m[1mLinking CXX shared library libdetector__rosidl_typesupport_c.so[0m
[2.720s] [ 51%] [32m[1mLinking C shared library libdetector__rosidl_typesupport_introspection_c.so[0m
[2.732s] [ 51%] Built target detector__rosidl_typesupport_c
[2.766s] [ 51%] Built target detector__rosidl_typesupport_introspection_c
[2.902s] [ 54%] [32m[1mLinking CXX shared library libdetector__rosidl_typesupport_cpp.so[0m
[2.956s] [ 54%] Built target detector__rosidl_typesupport_cpp
[3.086s] [ 57%] [32m[1mLinking CXX shared library libdetector__rosidl_typesupport_introspection_cpp.so[0m
[3.195s] [ 57%] Built target detector__rosidl_typesupport_introspection_cpp
[3.285s] [ 60%] [32m[1mLinking CXX shared library libdetector__rosidl_typesupport_fastrtps_cpp.so[0m
[3.409s] [ 60%] Built target detector__rosidl_typesupport_fastrtps_cpp
[3.437s] [ 63%] [34m[1mGenerating C type support for eProsima Fast-RTPS[0m
[3.778s] [35m[1mScanning dependencies of target detector__rosidl_typesupport_fastrtps_c[0m
[3.799s] [ 66%] [32mBuilding CXX object CMakeFiles/detector__rosidl_typesupport_fastrtps_c.dir/rosidl_typesupport_fastrtps_c/detector/msg/detail/my_custom_msg_detector__type_support_c.cpp.o[0m
[4.369s] [ 69%] [32m[1mLinking CXX shared library libdetector__rosidl_typesupport_fastrtps_c.so[0m
[4.490s] [ 69%] Built target detector__rosidl_typesupport_fastrtps_c
[4.537s] [ 69%] Built target detector
[4.559s] [35m[1mScanning dependencies of target detector__py[0m
[4.577s] [ 72%] [34m[1mGenerating Python code for ROS interfaces[0m
[5.086s] [ 72%] Built target detector__py
[5.116s] [35m[1mScanning dependencies of target detector__python[0m
[5.139s] [ 75%] [32mBuilding C object CMakeFiles/detector__python.dir/rosidl_generator_py/detector/msg/_my_custom_msg_detector_s.c.o[0m
[5.318s] [ 78%] [32m[1mLinking C shared library rosidl_generator_py/detector/libdetector__python.so[0m
[5.376s] [ 78%] Built target detector__python
[5.406s] [35m[1mScanning dependencies of target detector__rosidl_typesupport_introspection_c__pyext[0m
[5.406s] [35m[1mScanning dependencies of target detector__rosidl_typesupport_c__pyext[0m
[5.406s] [35m[1mScanning dependencies of target detector__rosidl_typesupport_fastrtps_c__pyext[0m
[5.430s] [ 87%] [32mBuilding C object CMakeFiles/detector__rosidl_typesupport_c__pyext.dir/rosidl_generator_py/detector/_detector_s.ep.rosidl_typesupport_c.c.o[0m
[5.431s] [ 87%] [32mBuilding C object CMakeFiles/detector__rosidl_typesupport_fastrtps_c__pyext.dir/rosidl_generator_py/detector/_detector_s.ep.rosidl_typesupport_fastrtps_c.c.o[0m
[5.431s] [ 87%] [32mBuilding C object CMakeFiles/detector__rosidl_typesupport_introspection_c__pyext.dir/rosidl_generator_py/detector/_detector_s.ep.rosidl_typesupport_introspection_c.c.o[0m
[5.549s] [ 93%] [32m[1mLinking C shared library rosidl_generator_py/detector/detector_s__rosidl_typesupport_introspection_c.cpython-38-aarch64-linux-gnu.so[0m
[5.549s] [ 93%] [32m[1mLinking C shared library rosidl_generator_py/detector/detector_s__rosidl_typesupport_c.cpython-38-aarch64-linux-gnu.so[0m
[5.552s] [ 96%] [32m[1mLinking CXX shared library rosidl_generator_py/detector/detector_s__rosidl_typesupport_fastrtps_c.cpython-38-aarch64-linux-gnu.so[0m
[5.599s] [ 96%] Built target detector__rosidl_typesupport_c__pyext
[5.600s] [ 96%] Built target detector__rosidl_typesupport_introspection_c__pyext
[5.639s] [ 96%] Built target detector__rosidl_typesupport_fastrtps_c__pyext
[6.879s] [100%] [32m[1mLinking CXX executable detector_node[0m
[7.120s] [100%] Built target detector_node
[7.150s] Invoked command in '/home/roboboat/RoboBoat_Cyber_Minority/ROS2_Imp/ros2_foxy/src/detector/build/detector' returned '0': CMAKE_PREFIX_PATH=${CMAKE_PREFIX_PATH}:/opt/ros/foxy /usr/bin/cmake --build /home/roboboat/RoboBoat_Cyber_Minority/ROS2_Imp/ros2_foxy/src/detector/build/detector -- -j12 -l12
[7.258s] Invoking command in '/home/roboboat/RoboBoat_Cyber_Minority/ROS2_Imp/ros2_foxy/src/detector/build/detector': CMAKE_PREFIX_PATH=${CMAKE_PREFIX_PATH}:/opt/ros/foxy /usr/bin/cmake --install /home/roboboat/RoboBoat_Cyber_Minority/ROS2_Imp/ros2_foxy/src/detector/build/detector
[7.276s] -- Install configuration: ""
[7.277s] -- Execute custom install script
[7.278s] -- Up-to-date symlink: /home/roboboat/RoboBoat_Cyber_Minority/ROS2_Imp/ros2_foxy/src/detector/install/detector/lib/detector/detector_node
[7.287s] -- Up-to-date symlink: /home/roboboat/RoboBoat_Cyber_Minority/ROS2_Imp/ros2_foxy/src/detector/install/detector/share/ament_index/resource_index/rosidl_interfaces/detector
[7.287s] -- Up-to-date symlink: /home/roboboat/RoboBoat_Cyber_Minority/ROS2_Imp/ros2_foxy/src/detector/install/detector/include/detector/msg/detail/my_custom_msg__functions.h
[7.288s] -- Up-to-date symlink: /home/roboboat/RoboBoat_Cyber_Minority/ROS2_Imp/ros2_foxy/src/detector/install/detector/include/detector/msg/detail/my_custom_msg__struct.h
[7.288s] -- Up-to-date symlink: /home/roboboat/RoboBoat_Cyber_Minority/ROS2_Imp/ros2_foxy/src/detector/install/detector/include/detector/msg/detail/my_custom_msg__type_support.h
[7.288s] -- Symlinking: /home/roboboat/RoboBoat_Cyber_Minority/ROS2_Imp/ros2_foxy/src/detector/install/detector/include/detector/msg/detail/my_custom_msg_detector__functions.h
[7.309s] -- Symlinking: /home/roboboat/RoboBoat_Cyber_Minority/ROS2_Imp/ros2_foxy/src/detector/install/detector/include/detector/msg/detail/my_custom_msg_detector__struct.h
[7.324s] -- Symlinking: /home/roboboat/RoboBoat_Cyber_Minority/ROS2_Imp/ros2_foxy/src/detector/install/detector/include/detector/msg/detail/my_custom_msg_detector__type_support.h
[7.338s] -- Up-to-date symlink: /home/roboboat/RoboBoat_Cyber_Minority/ROS2_Imp/ros2_foxy/src/detector/install/detector/include/detector/msg/detail/yol_ov5helper__functions.h
[7.338s] -- Up-to-date symlink: /home/roboboat/RoboBoat_Cyber_Minority/ROS2_Imp/ros2_foxy/src/detector/install/detector/include/detector/msg/detail/yol_ov5helper__struct.h
[7.339s] -- Up-to-date symlink: /home/roboboat/RoboBoat_Cyber_Minority/ROS2_Imp/ros2_foxy/src/detector/install/detector/include/detector/msg/detail/yol_ov5helper__type_support.h
[7.339s] -- Up-to-date symlink: /home/roboboat/RoboBoat_Cyber_Minority/ROS2_Imp/ros2_foxy/src/detector/install/detector/include/detector/msg/my_custom_msg.h
[7.340s] -- Symlinking: /home/roboboat/RoboBoat_Cyber_Minority/ROS2_Imp/ros2_foxy/src/detector/install/detector/include/detector/msg/my_custom_msg_detector.h
[7.359s] -- Up-to-date symlink: /home/roboboat/RoboBoat_Cyber_Minority/ROS2_Imp/ros2_foxy/src/detector/install/detector/include/detector/msg/rosidl_generator_c__visibility_control.h
[7.359s] -- Up-to-date symlink: /home/roboboat/RoboBoat_Cyber_Minority/ROS2_Imp/ros2_foxy/src/detector/install/detector/include/detector/msg/yol_ov5helper.h
[7.360s] -- Up-to-date symlink: /home/roboboat/RoboBoat_Cyber_Minority/ROS2_Imp/ros2_foxy/src/detector/install/detector/share/detector/environment/library_path.sh
[7.361s] -- Up-to-date symlink: /home/roboboat/RoboBoat_Cyber_Minority/ROS2_Imp/ros2_foxy/src/detector/install/detector/share/detector/environment/library_path.dsv
[7.362s] -- Up-to-date symlink: /home/roboboat/RoboBoat_Cyber_Minority/ROS2_Imp/ros2_foxy/src/detector/install/detector/include/detector/msg/detail/my_custom_msg__rosidl_typesupport_fastrtps_c.h
[7.363s] -- Symlinking: /home/roboboat/RoboBoat_Cyber_Minority/ROS2_Imp/ros2_foxy/src/detector/install/detector/include/detector/msg/detail/my_custom_msg_detector__rosidl_typesupport_fastrtps_c.h
[7.377s] -- Up-to-date symlink: /home/roboboat/RoboBoat_Cyber_Minority/ROS2_Imp/ros2_foxy/src/detector/install/detector/include/detector/msg/detail/yol_ov5helper__rosidl_typesupport_fastrtps_c.h
[7.378s] -- Up-to-date symlink: /home/roboboat/RoboBoat_Cyber_Minority/ROS2_Imp/ros2_foxy/src/detector/install/detector/include/detector/msg/rosidl_typesupport_fastrtps_c__visibility_control.h
[7.379s] -- Up-to-date symlink: /home/roboboat/RoboBoat_Cyber_Minority/ROS2_Imp/ros2_foxy/src/detector/install/detector/lib/libdetector__rosidl_typesupport_fastrtps_c.so
[7.382s] -- Up-to-date symlink: /home/roboboat/RoboBoat_Cyber_Minority/ROS2_Imp/ros2_foxy/src/detector/install/detector/include/detector/msg/detail/my_custom_msg__rosidl_typesupport_fastrtps_cpp.hpp
[7.382s] -- Symlinking: /home/roboboat/RoboBoat_Cyber_Minority/ROS2_Imp/ros2_foxy/src/detector/install/detector/include/detector/msg/detail/my_custom_msg_detector__rosidl_typesupport_fastrtps_cpp.hpp
[7.403s] -- Up-to-date symlink: /home/roboboat/RoboBoat_Cyber_Minority/ROS2_Imp/ros2_foxy/src/detector/install/detector/include/detector/msg/detail/yol_ov5helper__rosidl_typesupport_fastrtps_cpp.hpp
[7.404s] -- Up-to-date symlink: /home/roboboat/RoboBoat_Cyber_Minority/ROS2_Imp/ros2_foxy/src/detector/install/detector/include/detector/msg/rosidl_typesupport_fastrtps_cpp__visibility_control.h
[7.405s] -- Up-to-date symlink: /home/roboboat/RoboBoat_Cyber_Minority/ROS2_Imp/ros2_foxy/src/detector/install/detector/lib/libdetector__rosidl_typesupport_fastrtps_cpp.so
[7.407s] -- Up-to-date symlink: /home/roboboat/RoboBoat_Cyber_Minority/ROS2_Imp/ros2_foxy/src/detector/install/detector/include/detector/msg/detail/my_custom_msg__rosidl_typesupport_introspection_c.h
[7.407s] -- Symlinking: /home/roboboat/RoboBoat_Cyber_Minority/ROS2_Imp/ros2_foxy/src/detector/install/detector/include/detector/msg/detail/my_custom_msg_detector__rosidl_typesupport_introspection_c.h
[7.428s] -- Up-to-date symlink: /home/roboboat/RoboBoat_Cyber_Minority/ROS2_Imp/ros2_foxy/src/detector/install/detector/include/detector/msg/detail/yol_ov5helper__rosidl_typesupport_introspection_c.h
[7.428s] -- Up-to-date symlink: /home/roboboat/RoboBoat_Cyber_Minority/ROS2_Imp/ros2_foxy/src/detector/install/detector/include/detector/msg/rosidl_typesupport_introspection_c__visibility_control.h
[7.431s] -- Up-to-date symlink: /home/roboboat/RoboBoat_Cyber_Minority/ROS2_Imp/ros2_foxy/src/detector/install/detector/include/detector/msg/detail/my_custom_msg__builder.hpp
[7.432s] -- Up-to-date symlink: /home/roboboat/RoboBoat_Cyber_Minority/ROS2_Imp/ros2_foxy/src/detector/install/detector/include/detector/msg/detail/my_custom_msg__struct.hpp
[7.432s] -- Up-to-date symlink: /home/roboboat/RoboBoat_Cyber_Minority/ROS2_Imp/ros2_foxy/src/detector/install/detector/include/detector/msg/detail/my_custom_msg__traits.hpp
[7.433s] -- Up-to-date symlink: /home/roboboat/RoboBoat_Cyber_Minority/ROS2_Imp/ros2_foxy/src/detector/install/detector/include/detector/msg/detail/my_custom_msg__type_support.hpp
[7.433s] -- Symlinking: /home/roboboat/RoboBoat_Cyber_Minority/ROS2_Imp/ros2_foxy/src/detector/install/detector/include/detector/msg/detail/my_custom_msg_detector__builder.hpp
[7.452s] -- Symlinking: /home/roboboat/RoboBoat_Cyber_Minority/ROS2_Imp/ros2_foxy/src/detector/install/detector/include/detector/msg/detail/my_custom_msg_detector__struct.hpp
[7.468s] -- Symlinking: /home/roboboat/RoboBoat_Cyber_Minority/ROS2_Imp/ros2_foxy/src/detector/install/detector/include/detector/msg/detail/my_custom_msg_detector__traits.hpp
[7.485s] -- Symlinking: /home/roboboat/RoboBoat_Cyber_Minority/ROS2_Imp/ros2_foxy/src/detector/install/detector/include/detector/msg/detail/my_custom_msg_detector__type_support.hpp
[7.500s] -- Up-to-date symlink: /home/roboboat/RoboBoat_Cyber_Minority/ROS2_Imp/ros2_foxy/src/detector/install/detector/include/detector/msg/detail/yol_ov5helper__builder.hpp
[7.501s] -- Up-to-date symlink: /home/roboboat/RoboBoat_Cyber_Minority/ROS2_Imp/ros2_foxy/src/detector/install/detector/include/detector/msg/detail/yol_ov5helper__struct.hpp
[7.501s] -- Up-to-date symlink: /home/roboboat/RoboBoat_Cyber_Minority/ROS2_Imp/ros2_foxy/src/detector/install/detector/include/detector/msg/detail/yol_ov5helper__traits.hpp
[7.502s] -- Up-to-date symlink: /home/roboboat/RoboBoat_Cyber_Minority/ROS2_Imp/ros2_foxy/src/detector/install/detector/include/detector/msg/detail/yol_ov5helper__type_support.hpp
[7.503s] -- Up-to-date symlink: /home/roboboat/RoboBoat_Cyber_Minority/ROS2_Imp/ros2_foxy/src/detector/install/detector/include/detector/msg/my_custom_msg.hpp
[7.503s] -- Symlinking: /home/roboboat/RoboBoat_Cyber_Minority/ROS2_Imp/ros2_foxy/src/detector/install/detector/include/detector/msg/my_custom_msg_detector.hpp
[7.523s] -- Up-to-date symlink: /home/roboboat/RoboBoat_Cyber_Minority/ROS2_Imp/ros2_foxy/src/detector/install/detector/include/detector/msg/rosidl_generator_cpp__visibility_control.hpp
[7.524s] -- Up-to-date symlink: /home/roboboat/RoboBoat_Cyber_Minority/ROS2_Imp/ros2_foxy/src/detector/install/detector/include/detector/msg/yol_ov5helper.hpp
[7.526s] -- Up-to-date symlink: /home/roboboat/RoboBoat_Cyber_Minority/ROS2_Imp/ros2_foxy/src/detector/install/detector/include/detector/msg/detail/my_custom_msg__rosidl_typesupport_introspection_cpp.hpp
[7.526s] -- Symlinking: /home/roboboat/RoboBoat_Cyber_Minority/ROS2_Imp/ros2_foxy/src/detector/install/detector/include/detector/msg/detail/my_custom_msg_detector__rosidl_typesupport_introspection_cpp.hpp
[7.541s] -- Up-to-date symlink: /home/roboboat/RoboBoat_Cyber_Minority/ROS2_Imp/ros2_foxy/src/detector/install/detector/include/detector/msg/detail/yol_ov5helper__rosidl_typesupport_introspection_cpp.hpp
[7.542s] -- Up-to-date symlink: /home/roboboat/RoboBoat_Cyber_Minority/ROS2_Imp/ros2_foxy/src/detector/install/detector/share/detector/environment/pythonpath.sh
[7.543s] -- Up-to-date symlink: /home/roboboat/RoboBoat_Cyber_Minority/ROS2_Imp/ros2_foxy/src/detector/install/detector/share/detector/environment/pythonpath.dsv
[7.577s] -- Up-to-date symlink: /home/roboboat/RoboBoat_Cyber_Minority/ROS2_Imp/ros2_foxy/src/detector/install/detector/lib/python3.8/site-packages/detector/__init__.py
[7.579s] -- Up-to-date symlink: /home/roboboat/RoboBoat_Cyber_Minority/ROS2_Imp/ros2_foxy/src/detector/install/detector/lib/python3.8/site-packages/detector/msg/__init__.py
[7.581s] -- Up-to-date symlink: /home/roboboat/RoboBoat_Cyber_Minority/ROS2_Imp/ros2_foxy/src/detector/install/detector/lib/python3.8/site-packages/detector/msg/_my_custom_msg.py
[7.581s] -- Symlinking: /home/roboboat/RoboBoat_Cyber_Minority/ROS2_Imp/ros2_foxy/src/detector/install/detector/lib/python3.8/site-packages/detector/msg/_my_custom_msg_detector.py
[7.615s] -- Up-to-date symlink: /home/roboboat/RoboBoat_Cyber_Minority/ROS2_Imp/ros2_foxy/src/detector/install/detector/lib/python3.8/site-packages/detector/msg/_yol_ov5helper.py
[7.617s] -- Up-to-date symlink: /home/roboboat/RoboBoat_Cyber_Minority/ROS2_Imp/ros2_foxy/src/detector/install/detector/lib/python3.8/site-packages/detector/detector_s__rosidl_typesupport_fastrtps_c.cpython-38-aarch64-linux-gnu.so
[7.619s] -- Up-to-date symlink: /home/roboboat/RoboBoat_Cyber_Minority/ROS2_Imp/ros2_foxy/src/detector/install/detector/lib/python3.8/site-packages/detector/detector_s__rosidl_typesupport_introspection_c.cpython-38-aarch64-linux-gnu.so
[7.621s] -- Up-to-date symlink: /home/roboboat/RoboBoat_Cyber_Minority/ROS2_Imp/ros2_foxy/src/detector/install/detector/lib/python3.8/site-packages/detector/detector_s__rosidl_typesupport_c.cpython-38-aarch64-linux-gnu.so
[7.622s] -- Up-to-date symlink: /home/roboboat/RoboBoat_Cyber_Minority/ROS2_Imp/ros2_foxy/src/detector/install/detector/lib/libdetector__python.so
[7.623s] -- Symlinking: /home/roboboat/RoboBoat_Cyber_Minority/ROS2_Imp/ros2_foxy/src/detector/install/detector/share/detector/msg/MyCustomMsgDetector.idl
[7.642s] -- Symlinking: /home/roboboat/RoboBoat_Cyber_Minority/ROS2_Imp/ros2_foxy/src/detector/install/detector/share/detector/msg/MyCustomMsgDetector.msg
[7.657s] -- Up-to-date symlink: /home/roboboat/RoboBoat_Cyber_Minority/ROS2_Imp/ros2_foxy/src/detector/install/detector/include/detector/.YOLOv5Detection.hpp.swp
[7.698s] -- Up-to-date symlink: /home/roboboat/RoboBoat_Cyber_Minority/ROS2_Imp/ros2_foxy/src/detector/install/detector/share/ament_index/resource_index/package_run_dependencies/detector
[7.700s] -- Up-to-date symlink: /home/roboboat/RoboBoat_Cyber_Minority/ROS2_Imp/ros2_foxy/src/detector/install/detector/share/ament_index/resource_index/parent_prefix_path/detector
[7.701s] -- Up-to-date symlink: /home/roboboat/RoboBoat_Cyber_Minority/ROS2_Imp/ros2_foxy/src/detector/install/detector/share/detector/environment/ament_prefix_path.sh
[7.702s] -- Up-to-date symlink: /home/roboboat/RoboBoat_Cyber_Minority/ROS2_Imp/ros2_foxy/src/detector/install/detector/share/detector/environment/ament_prefix_path.dsv
[7.704s] -- Up-to-date symlink: /home/roboboat/RoboBoat_Cyber_Minority/ROS2_Imp/ros2_foxy/src/detector/install/detector/share/detector/environment/path.sh
[7.705s] -- Up-to-date symlink: /home/roboboat/RoboBoat_Cyber_Minority/ROS2_Imp/ros2_foxy/src/detector/install/detector/share/detector/environment/path.dsv
[7.706s] -- Up-to-date symlink: /home/roboboat/RoboBoat_Cyber_Minority/ROS2_Imp/ros2_foxy/src/detector/install/detector/share/detector/local_setup.bash
[7.707s] -- Up-to-date symlink: /home/roboboat/RoboBoat_Cyber_Minority/ROS2_Imp/ros2_foxy/src/detector/install/detector/share/detector/local_setup.sh
[7.708s] -- Up-to-date symlink: /home/roboboat/RoboBoat_Cyber_Minority/ROS2_Imp/ros2_foxy/src/detector/install/detector/share/detector/local_setup.zsh
[7.709s] -- Up-to-date symlink: /home/roboboat/RoboBoat_Cyber_Minority/ROS2_Imp/ros2_foxy/src/detector/install/detector/share/detector/local_setup.dsv
[7.710s] -- Symlinking: /home/roboboat/RoboBoat_Cyber_Minority/ROS2_Imp/ros2_foxy/src/detector/install/detector/share/detector/package.dsv
[7.747s] -- Up-to-date symlink: /home/roboboat/RoboBoat_Cyber_Minority/ROS2_Imp/ros2_foxy/src/detector/install/detector/share/ament_index/resource_index/packages/detector
[7.748s] -- Up-to-date symlink: /home/roboboat/RoboBoat_Cyber_Minority/ROS2_Imp/ros2_foxy/src/detector/install/detector/share/detector/cmake/rosidl_cmake-extras.cmake
[7.749s] -- Up-to-date symlink: /home/roboboat/RoboBoat_Cyber_Minority/ROS2_Imp/ros2_foxy/src/detector/install/detector/share/detector/cmake/ament_cmake_export_dependencies-extras.cmake
[7.750s] -- Up-to-date symlink: /home/roboboat/RoboBoat_Cyber_Minority/ROS2_Imp/ros2_foxy/src/detector/install/detector/share/detector/cmake/ament_cmake_export_libraries-extras.cmake
[7.751s] -- Up-to-date symlink: /home/roboboat/RoboBoat_Cyber_Minority/ROS2_Imp/ros2_foxy/src/detector/install/detector/share/detector/cmake/ament_cmake_export_targets-extras.cmake
[7.752s] -- Up-to-date symlink: /home/roboboat/RoboBoat_Cyber_Minority/ROS2_Imp/ros2_foxy/src/detector/install/detector/share/detector/cmake/ament_cmake_export_include_directories-extras.cmake
[7.753s] -- Up-to-date symlink: /home/roboboat/RoboBoat_Cyber_Minority/ROS2_Imp/ros2_foxy/src/detector/install/detector/share/detector/cmake/rosidl_cmake_export_typesupport_libraries-extras.cmake
[7.755s] -- Up-to-date symlink: /home/roboboat/RoboBoat_Cyber_Minority/ROS2_Imp/ros2_foxy/src/detector/install/detector/share/detector/cmake/rosidl_cmake_export_typesupport_targets-extras.cmake
[7.756s] -- Up-to-date symlink: /home/roboboat/RoboBoat_Cyber_Minority/ROS2_Imp/ros2_foxy/src/detector/install/detector/share/detector/cmake/detectorConfig.cmake
[7.757s] -- Up-to-date symlink: /home/roboboat/RoboBoat_Cyber_Minority/ROS2_Imp/ros2_foxy/src/detector/install/detector/share/detector/cmake/detectorConfig-version.cmake
[7.758s] -- Up-to-date symlink: /home/roboboat/RoboBoat_Cyber_Minority/ROS2_Imp/ros2_foxy/src/detector/install/detector/share/detector/package.xml
[7.786s] -- Installing: /home/roboboat/RoboBoat_Cyber_Minority/ROS2_Imp/ros2_foxy/src/detector/install/detector/lib/libdetector__rosidl_generator_c.so
[7.787s] -- Set runtime path of "/home/roboboat/RoboBoat_Cyber_Minority/ROS2_Imp/ros2_foxy/src/detector/install/detector/lib/libdetector__rosidl_generator_c.so" to ""
[7.788s] -- Installing: /home/roboboat/RoboBoat_Cyber_Minority/ROS2_Imp/ros2_foxy/src/detector/install/detector/lib/libdetector__rosidl_typesupport_introspection_c.so
[7.790s] -- Set runtime path of "/home/roboboat/RoboBoat_Cyber_Minority/ROS2_Imp/ros2_foxy/src/detector/install/detector/lib/libdetector__rosidl_typesupport_introspection_c.so" to ""
[7.791s] -- Installing: /home/roboboat/RoboBoat_Cyber_Minority/ROS2_Imp/ros2_foxy/src/detector/install/detector/lib/libdetector__rosidl_typesupport_c.so
[7.792s] -- Set runtime path of "/home/roboboat/RoboBoat_Cyber_Minority/ROS2_Imp/ros2_foxy/src/detector/install/detector/lib/libdetector__rosidl_typesupport_c.so" to ""
[7.794s] -- Installing: /home/roboboat/RoboBoat_Cyber_Minority/ROS2_Imp/ros2_foxy/src/detector/install/detector/lib/libdetector__rosidl_typesupport_introspection_cpp.so
[7.796s] -- Set runtime path of "/home/roboboat/RoboBoat_Cyber_Minority/ROS2_Imp/ros2_foxy/src/detector/install/detector/lib/libdetector__rosidl_typesupport_introspection_cpp.so" to ""
[7.797s] -- Installing: /home/roboboat/RoboBoat_Cyber_Minority/ROS2_Imp/ros2_foxy/src/detector/install/detector/lib/libdetector__rosidl_typesupport_cpp.so
[7.798s] -- Set runtime path of "/home/roboboat/RoboBoat_Cyber_Minority/ROS2_Imp/ros2_foxy/src/detector/install/detector/lib/libdetector__rosidl_typesupport_cpp.so" to ""
[7.854s] Compiling '/home/roboboat/RoboBoat_Cyber_Minority/ROS2_Imp/ros2_foxy/src/detector/install/detector/lib/python3.8/site-packages/detector/__init__.py'...
[7.863s] -- Up-to-date: /home/roboboat/RoboBoat_Cyber_Minority/ROS2_Imp/ros2_foxy/src/detector/install/detector/share/detector/cmake/detector__rosidl_generator_cExport.cmake
[7.863s] -- Installing: /home/roboboat/RoboBoat_Cyber_Minority/ROS2_Imp/ros2_foxy/src/detector/install/detector/share/detector/cmake/detector__rosidl_generator_cExport-noconfig.cmake
[7.865s] -- Up-to-date: /home/roboboat/RoboBoat_Cyber_Minority/ROS2_Imp/ros2_foxy/src/detector/install/detector/share/detector/cmake/detector__rosidl_typesupport_introspection_cExport.cmake
[7.865s] -- Installing: /home/roboboat/RoboBoat_Cyber_Minority/ROS2_Imp/ros2_foxy/src/detector/install/detector/share/detector/cmake/detector__rosidl_typesupport_introspection_cExport-noconfig.cmake
[7.867s] -- Up-to-date: /home/roboboat/RoboBoat_Cyber_Minority/ROS2_Imp/ros2_foxy/src/detector/install/detector/share/detector/cmake/detector__rosidl_typesupport_cExport.cmake
[7.867s] -- Installing: /home/roboboat/RoboBoat_Cyber_Minority/ROS2_Imp/ros2_foxy/src/detector/install/detector/share/detector/cmake/detector__rosidl_typesupport_cExport-noconfig.cmake
[7.868s] -- Up-to-date: /home/roboboat/RoboBoat_Cyber_Minority/ROS2_Imp/ros2_foxy/src/detector/install/detector/share/detector/cmake/detector__rosidl_generator_cppExport.cmake
[7.869s] -- Up-to-date: /home/roboboat/RoboBoat_Cyber_Minority/ROS2_Imp/ros2_foxy/src/detector/install/detector/share/detector/cmake/detector__rosidl_typesupport_introspection_cppExport.cmake
[7.870s] -- Installing: /home/roboboat/RoboBoat_Cyber_Minority/ROS2_Imp/ros2_foxy/src/detector/install/detector/share/detector/cmake/detector__rosidl_typesupport_introspection_cppExport-noconfig.cmake
[7.871s] -- Up-to-date: /home/roboboat/RoboBoat_Cyber_Minority/ROS2_Imp/ros2_foxy/src/detector/install/detector/share/detector/cmake/detector__rosidl_typesupport_cppExport.cmake
[7.871s] -- Installing: /home/roboboat/RoboBoat_Cyber_Minority/ROS2_Imp/ros2_foxy/src/detector/install/detector/share/detector/cmake/detector__rosidl_typesupport_cppExport-noconfig.cmake
[7.881s] Invoked command in '/home/roboboat/RoboBoat_Cyber_Minority/ROS2_Imp/ros2_foxy/src/detector/build/detector' returned '0': CMAKE_PREFIX_PATH=${CMAKE_PREFIX_PATH}:/opt/ros/foxy /usr/bin/cmake --install /home/roboboat/RoboBoat_Cyber_Minority/ROS2_Imp/ros2_foxy/src/detector/build/detector
