[0.048s] Invoking command in '/home/roboboat/ros2_ws/build/zed_multi_camera': CMAKE_PREFIX_PATH=/home/roboboat/ros2_ws/install/zed_wrapper:/home/roboboat/ros2_ws/install/zed_components:/home/roboboat/ros2_ws/install/zed_interfaces:/home/roboboat/ros2_ws/install/zed_ros2:/opt/ros/foxy /usr/bin/cmake /home/roboboat/ros2_ws/src/zed-ros2-examples/tutorials/zed_multi_camera -DCMAKE_BUILD_TYPE=Release -DAMENT_CMAKE_SYMLINK_INSTALL=1 -DCMAKE_INSTALL_PREFIX=/home/roboboat/ros2_ws/install/zed_multi_camera
[0.118s] -- The C compiler identification is GNU 9.4.0
[0.185s] -- The CXX compiler identification is GNU 9.4.0
[0.190s] -- Check for working C compiler: /usr/bin/cc
[0.276s] -- Check for working C compiler: /usr/bin/cc -- works
[0.277s] -- Detecting C compiler ABI info
[0.362s] -- Detecting C compiler ABI info - done
[0.375s] -- Detecting C compile features
[0.376s] -- Detecting C compile features - done
[0.380s] -- Check for working CXX compiler: /usr/bin/c++
[0.479s] -- Check for working CXX compiler: /usr/bin/c++ -- works
[0.480s] -- Detecting CXX compiler ABI info
[0.583s] -- Detecting CXX compiler ABI info - done
[0.597s] -- Detecting CXX compile features
[0.597s] -- Detecting CXX compile features - done
[0.600s] -- Found ament_cmake: 0.9.11 (/opt/ros/foxy/share/ament_cmake/cmake)
[0.635s] -- Found PythonInterp: /usr/bin/python3 (found suitable version "3.8.10", minimum required is "3") 
[0.635s] -- Using PYTHON_EXECUTABLE: /usr/bin/python3
[0.896s] -- Override CMake install command with custom implementation using symlinks instead of copying resources
[0.926s] -- Found ament_lint_auto: 0.9.7 (/opt/ros/foxy/share/ament_lint_auto/cmake)
[1.042s] -- Added test 'copyright' to check source files copyright and LICENSE
[1.044s] -- Added test 'flake8' to check Python code syntax and style conventions
[1.044s] -- Added test 'lint_cmake' to check CMake code style
[1.045s] -- Added test 'pep257' to check Python code against some of the style conventions in PEP 257
[1.046s] -- Added test 'xmllint' to check XML markup files
[1.049s] -- Configuring done
[1.053s] -- Generating done
[1.054s] -- Build files have been written to: /home/roboboat/ros2_ws/build/zed_multi_camera
[1.071s] Invoked command in '/home/roboboat/ros2_ws/build/zed_multi_camera' returned '0': CMAKE_PREFIX_PATH=/home/roboboat/ros2_ws/install/zed_wrapper:/home/roboboat/ros2_ws/install/zed_components:/home/roboboat/ros2_ws/install/zed_interfaces:/home/roboboat/ros2_ws/install/zed_ros2:/opt/ros/foxy /usr/bin/cmake /home/roboboat/ros2_ws/src/zed-ros2-examples/tutorials/zed_multi_camera -DCMAKE_BUILD_TYPE=Release -DAMENT_CMAKE_SYMLINK_INSTALL=1 -DCMAKE_INSTALL_PREFIX=/home/roboboat/ros2_ws/install/zed_multi_camera
[1.072s] Invoking command in '/home/roboboat/ros2_ws/build/zed_multi_camera': CMAKE_PREFIX_PATH=/home/roboboat/ros2_ws/install/zed_wrapper:/home/roboboat/ros2_ws/install/zed_components:/home/roboboat/ros2_ws/install/zed_interfaces:/home/roboboat/ros2_ws/install/zed_ros2:/opt/ros/foxy /usr/bin/cmake --build /home/roboboat/ros2_ws/build/zed_multi_camera -- -j12 -l12
[1.126s] Invoked command in '/home/roboboat/ros2_ws/build/zed_multi_camera' returned '0': CMAKE_PREFIX_PATH=/home/roboboat/ros2_ws/install/zed_wrapper:/home/roboboat/ros2_ws/install/zed_components:/home/roboboat/ros2_ws/install/zed_interfaces:/home/roboboat/ros2_ws/install/zed_ros2:/opt/ros/foxy /usr/bin/cmake --build /home/roboboat/ros2_ws/build/zed_multi_camera -- -j12 -l12
[1.165s] Invoking command in '/home/roboboat/ros2_ws/build/zed_multi_camera': CMAKE_PREFIX_PATH=/home/roboboat/ros2_ws/install/zed_wrapper:/home/roboboat/ros2_ws/install/zed_components:/home/roboboat/ros2_ws/install/zed_interfaces:/home/roboboat/ros2_ws/install/zed_ros2:/opt/ros/foxy /usr/bin/cmake --install /home/roboboat/ros2_ws/build/zed_multi_camera
[1.178s] -- Install configuration: "Release"
[1.179s] -- Execute custom install script
[1.180s] -- Symlinking: /home/roboboat/ros2_ws/install/zed_multi_camera/share/zed_multi_camera/launch/zed_multi_camera.launch.py
[1.194s] -- Symlinking: /home/roboboat/ros2_ws/install/zed_multi_camera/share/ament_index/resource_index/package_run_dependencies/zed_multi_camera
[1.208s] -- Symlinking: /home/roboboat/ros2_ws/install/zed_multi_camera/share/ament_index/resource_index/parent_prefix_path/zed_multi_camera
[1.222s] -- Symlinking: /home/roboboat/ros2_ws/install/zed_multi_camera/share/zed_multi_camera/environment/ament_prefix_path.sh
[1.238s] -- Symlinking: /home/roboboat/ros2_ws/install/zed_multi_camera/share/zed_multi_camera/environment/ament_prefix_path.dsv
[1.253s] -- Symlinking: /home/roboboat/ros2_ws/install/zed_multi_camera/share/zed_multi_camera/environment/path.sh
[1.268s] -- Symlinking: /home/roboboat/ros2_ws/install/zed_multi_camera/share/zed_multi_camera/environment/path.dsv
[1.284s] -- Symlinking: /home/roboboat/ros2_ws/install/zed_multi_camera/share/zed_multi_camera/local_setup.bash
[1.298s] -- Symlinking: /home/roboboat/ros2_ws/install/zed_multi_camera/share/zed_multi_camera/local_setup.sh
[1.312s] -- Symlinking: /home/roboboat/ros2_ws/install/zed_multi_camera/share/zed_multi_camera/local_setup.zsh
[1.326s] -- Symlinking: /home/roboboat/ros2_ws/install/zed_multi_camera/share/zed_multi_camera/local_setup.dsv
[1.341s] -- Symlinking: /home/roboboat/ros2_ws/install/zed_multi_camera/share/zed_multi_camera/package.dsv
[1.354s] -- Symlinking: /home/roboboat/ros2_ws/install/zed_multi_camera/share/ament_index/resource_index/packages/zed_multi_camera
[1.367s] -- Symlinking: /home/roboboat/ros2_ws/install/zed_multi_camera/share/zed_multi_camera/cmake/zed_multi_cameraConfig.cmake
[1.381s] -- Symlinking: /home/roboboat/ros2_ws/install/zed_multi_camera/share/zed_multi_camera/cmake/zed_multi_cameraConfig-version.cmake
[1.395s] -- Symlinking: /home/roboboat/ros2_ws/install/zed_multi_camera/share/zed_multi_camera/package.xml
[1.415s] Invoked command in '/home/roboboat/ros2_ws/build/zed_multi_camera' returned '0': CMAKE_PREFIX_PATH=/home/roboboat/ros2_ws/install/zed_wrapper:/home/roboboat/ros2_ws/install/zed_components:/home/roboboat/ros2_ws/install/zed_interfaces:/home/roboboat/ros2_ws/install/zed_ros2:/opt/ros/foxy /usr/bin/cmake --install /home/roboboat/ros2_ws/build/zed_multi_camera
