[0.113s] Invoking command in '/home/roboboat/RoboBoat_Cyber_Minority/ROS2_Imp/ros2_foxy/build/detector': CMAKE_PREFIX_PATH=${CMAKE_PREFIX_PATH}:/home/roboboat/ros2_ws/install/Motorcontroller:/opt/ros/foxy /usr/bin/cmake /home/roboboat/RoboBoat_Cyber_Minority/ROS2_Imp/ros2_foxy/src/detector -DCMAKE_INSTALL_PREFIX=/home/roboboat/RoboBoat_Cyber_Minority/ROS2_Imp/ros2_foxy/install/detector
[0.216s] -- The C compiler identification is GNU 9.4.0
[0.344s] -- The CXX compiler identification is GNU 9.4.0
[0.375s] -- Check for working C compiler: /usr/bin/cc
[0.497s] -- Check for working C compiler: /usr/bin/cc -- works
[0.518s] -- Detecting C compiler ABI info
[0.637s] -- Detecting C compiler ABI info - done
[0.676s] -- Detecting C compile features
[0.677s] -- Detecting C compile features - done
[0.683s] -- Check for working CXX compiler: /usr/bin/c++
[0.806s] -- Check for working CXX compiler: /usr/bin/c++ -- works
[0.809s] -- Detecting CXX compiler ABI info
[0.945s] -- Detecting CXX compiler ABI info - done
[0.968s] -- Detecting CXX compile features
[0.969s] -- Detecting CXX compile features - done
[0.974s] -- Found ament_cmake: 0.9.12 (/opt/ros/foxy/share/ament_cmake/cmake)
[1.019s] -- Found PythonInterp: /usr/bin/python3 (found suitable version "3.8.10", minimum required is "3") 
[1.019s] -- Using PYTHON_EXECUTABLE: /usr/bin/python3
[1.357s] -- Found rclcpp: 2.4.3 (/opt/ros/foxy/share/rclcpp/cmake)
[1.433s] -- Using all available rosidl_typesupport_c: rosidl_typesupport_fastrtps_c;rosidl_typesupport_introspection_c
[1.452s] -- Found rosidl_adapter: 1.3.1 (/opt/ros/foxy/share/rosidl_adapter/cmake)
[1.627s] -- Found OpenSSL: /usr/lib/aarch64-linux-gnu/libcrypto.so (found version "1.1.1f")  
[1.669s] -- Found FastRTPS: /opt/ros/foxy/include  
[1.793s] -- Using all available rosidl_typesupport_cpp: rosidl_typesupport_fastrtps_cpp;rosidl_typesupport_introspection_cpp
[1.871s] -- Found rmw_implementation_cmake: 1.0.4 (/opt/ros/foxy/share/rmw_implementation_cmake/cmake)
[1.873s] -- Using RMW implementation 'rmw_fastrtps_cpp' as default
[1.882s] -- Looking for pthread.h
[1.993s] -- Looking for pthread.h - found
[1.993s] -- Performing Test CMAKE_HAVE_LIBC_PTHREAD
[2.135s] -- Performing Test CMAKE_HAVE_LIBC_PTHREAD - Failed
[2.135s] -- Looking for pthread_create in pthreads
[2.258s] -- Looking for pthread_create in pthreads - not found
[2.259s] -- Looking for pthread_create in pthread
[2.384s] -- Looking for pthread_create in pthread - found
[2.387s] -- Found Threads: TRUE  
[2.654s] -- Found rosidl_default_generators: 1.0.1 (/opt/ros/foxy/share/rosidl_default_generators/cmake)
[2.685s] CMake Error at CMakeLists.txt:23 (find_package):
[2.685s]   By not providing "Finddetector.cmake" in CMAKE_MODULE_PATH this project has
[2.685s]   asked CMake to find a package configuration file provided by "detector",
[2.685s]   but CMake did not find one.
[2.685s] 
[2.685s]   Could not find a package configuration file provided by "detector" with any
[2.685s]   of the following names:
[2.685s] 
[2.685s]     detectorConfig.cmake
[2.685s]     detector-config.cmake
[2.686s] 
[2.686s]   Add the installation prefix of "detector" to CMAKE_PREFIX_PATH or set
[2.686s]   "detector_DIR" to a directory containing one of the above files.  If
[2.686s]   "detector" provides a separate development package or SDK, be sure it has
[2.686s]   been installed.
[2.686s] 
[2.686s] 
[2.688s] -- Configuring incomplete, errors occurred!
[2.688s] See also "/home/roboboat/RoboBoat_Cyber_Minority/ROS2_Imp/ros2_foxy/build/detector/CMakeFiles/CMakeOutput.log".
[2.688s] See also "/home/roboboat/RoboBoat_Cyber_Minority/ROS2_Imp/ros2_foxy/build/detector/CMakeFiles/CMakeError.log".
[2.705s] Invoked command in '/home/roboboat/RoboBoat_Cyber_Minority/ROS2_Imp/ros2_foxy/build/detector' returned '1': CMAKE_PREFIX_PATH=${CMAKE_PREFIX_PATH}:/home/roboboat/ros2_ws/install/Motorcontroller:/opt/ros/foxy /usr/bin/cmake /home/roboboat/RoboBoat_Cyber_Minority/ROS2_Imp/ros2_foxy/src/detector -DCMAKE_INSTALL_PREFIX=/home/roboboat/RoboBoat_Cyber_Minority/ROS2_Imp/ros2_foxy/install/detector
