[0.082s] Invoking command in '/home/roboboat/RoboBoat_Cyber_Minority/Comp_2024/GPS_Related_Tasks/src/urg_node/build/urg_node': CMAKE_PREFIX_PATH=${CMAKE_PREFIX_PATH}:/opt/ros/foxy /usr/bin/cmake /home/roboboat/RoboBoat_Cyber_Minority/Comp_2024/GPS_Related_Tasks/src/urg_node -DCMAKE_INSTALL_PREFIX=/home/roboboat/RoboBoat_Cyber_Minority/Comp_2024/GPS_Related_Tasks/src/urg_node/install/urg_node
[0.180s] -- The C compiler identification is GNU 9.4.0
[0.258s] -- The CXX compiler identification is GNU 9.4.0
[0.264s] -- Check for working C compiler: /usr/bin/cc
[0.387s] -- Check for working C compiler: /usr/bin/cc -- works
[0.388s] -- Detecting C compiler ABI info
[0.531s] -- Detecting C compiler ABI info - done
[0.564s] -- Detecting C compile features
[0.564s] -- Detecting C compile features - done
[0.569s] -- Check for working CXX compiler: /usr/bin/c++
[0.720s] -- Check for working CXX compiler: /usr/bin/c++ -- works
[0.722s] -- Detecting CXX compiler ABI info
[0.854s] -- Detecting CXX compiler ABI info - done
[0.883s] -- Detecting CXX compile features
[0.884s] -- Detecting CXX compile features - done
[0.889s] -- Found ament_cmake: 0.9.12 (/opt/ros/foxy/share/ament_cmake/cmake)
[0.930s] -- Found PythonInterp: /usr/bin/python3 (found suitable version "3.8.10", minimum required is "3") 
[0.931s] -- Using PYTHON_EXECUTABLE: /usr/bin/python3
[1.255s] -- Found Boost: /usr/lib/aarch64-linux-gnu/cmake/Boost-1.71.0/BoostConfig.cmake (found version "1.71.0")  
[1.257s] -- Found diagnostic_updater: 3.1.2 (/opt/ros/foxy/share/diagnostic_updater/cmake)
[1.301s] -- Using all available rosidl_typesupport_c: rosidl_typesupport_fastrtps_c;rosidl_typesupport_introspection_c
[1.310s] -- Found rosidl_adapter: 1.3.1 (/opt/ros/foxy/share/rosidl_adapter/cmake)
[1.449s] -- Found OpenSSL: /usr/lib/aarch64-linux-gnu/libcrypto.so (found version "1.1.1f")  
[1.488s] -- Found FastRTPS: /opt/ros/foxy/include  
[1.592s] -- Using all available rosidl_typesupport_cpp: rosidl_typesupport_fastrtps_cpp;rosidl_typesupport_introspection_cpp
[1.761s] -- Found rmw_implementation_cmake: 1.0.4 (/opt/ros/foxy/share/rmw_implementation_cmake/cmake)
[1.762s] -- Using RMW implementation 'rmw_fastrtps_cpp' as default
[1.763s] -- Looking for pthread.h
[1.897s] -- Looking for pthread.h - found
[1.897s] -- Performing Test CMAKE_HAVE_LIBC_PTHREAD
[2.068s] -- Performing Test CMAKE_HAVE_LIBC_PTHREAD - Failed
[2.068s] -- Looking for pthread_create in pthreads
[2.209s] -- Looking for pthread_create in pthreads - not found
[2.209s] -- Looking for pthread_create in pthread
[2.344s] -- Looking for pthread_create in pthread - found
[2.347s] -- Found Threads: TRUE  
[2.558s] -- Found laser_proc: 1.0.2 (/opt/ros/foxy/share/laser_proc/cmake)
[2.719s] -- Found rclcpp_components: 2.4.3 (/opt/ros/foxy/share/rclcpp_components/cmake)
[2.793s] -- Found std_srvs: 2.0.5 (/opt/ros/foxy/share/std_srvs/cmake)
[2.805s] -- Found urg_c: 1.0.4001 (/opt/ros/foxy/share/urg_c/cmake)
[2.809s] -- Found urg_node_msgs: 1.0.1 (/opt/ros/foxy/share/urg_node_msgs/cmake)
[2.866s] -- Found ament_lint_auto: 0.9.8 (/opt/ros/foxy/share/ament_lint_auto/cmake)
[2.986s] -- Added test 'cppcheck' to perform static code analysis on C / C++ code
[2.987s] -- Configured cppcheck include dirs: $<BUILD_INTERFACE:/home/roboboat/RoboBoat_Cyber_Minority/Comp_2024/GPS_Related_Tasks/src/urg_node/include>
[2.987s] -- Configured cppcheck exclude dirs and/or files: 
[2.992s] -- Added test 'cpplint' to check C / C++ code against the Google style
[2.993s] -- Configured cpplint exclude dirs and/or files: 
[2.994s] -- Added test 'flake8' to check Python code syntax and style conventions
[2.996s] -- Added test 'lint_cmake' to check CMake code style
[2.997s] -- Added test 'pep257' to check Python code against some of the style conventions in PEP 257
[3.004s] -- Added test 'uncrustify' to check C / C++ code style
[3.005s] -- Configured uncrustify additional arguments: 
[3.006s] -- Added test 'xmllint' to check XML markup files
[3.014s] -- Configuring done
[3.053s] -- Generating done
[3.056s] -- Build files have been written to: /home/roboboat/RoboBoat_Cyber_Minority/Comp_2024/GPS_Related_Tasks/src/urg_node/build/urg_node
[3.078s] Invoked command in '/home/roboboat/RoboBoat_Cyber_Minority/Comp_2024/GPS_Related_Tasks/src/urg_node/build/urg_node' returned '0': CMAKE_PREFIX_PATH=${CMAKE_PREFIX_PATH}:/opt/ros/foxy /usr/bin/cmake /home/roboboat/RoboBoat_Cyber_Minority/Comp_2024/GPS_Related_Tasks/src/urg_node -DCMAKE_INSTALL_PREFIX=/home/roboboat/RoboBoat_Cyber_Minority/Comp_2024/GPS_Related_Tasks/src/urg_node/install/urg_node
[3.085s] Invoking command in '/home/roboboat/RoboBoat_Cyber_Minority/Comp_2024/GPS_Related_Tasks/src/urg_node/build/urg_node': CMAKE_PREFIX_PATH=${CMAKE_PREFIX_PATH}:/opt/ros/foxy /usr/bin/cmake --build /home/roboboat/RoboBoat_Cyber_Minority/Comp_2024/GPS_Related_Tasks/src/urg_node/build/urg_node -- -j12 -l12
[3.162s] [35m[1mScanning dependencies of target urg_node_driver[0m
[3.162s] [35m[1mScanning dependencies of target urg_node[0m
[3.214s] [ 14%] [32mBuilding CXX object CMakeFiles/urg_node_driver.dir/rclcpp_components/node_main_urg_node_driver.cpp.o[0m
[3.228s] [ 28%] [32mBuilding CXX object CMakeFiles/urg_node.dir/src/urg_c_wrapper.cpp.o[0m
[3.228s] [ 42%] [32mBuilding CXX object CMakeFiles/urg_node.dir/src/urg_node.cpp.o[0m
[7.073s] [ 57%] [32m[1mLinking CXX executable urg_node_driver[0m
[7.274s] [ 57%] Built target urg_node_driver
[12.475s] [ 71%] [32m[1mLinking CXX shared library liburg_node.so[0m
[12.986s] [ 71%] Built target urg_node
[13.006s] [35m[1mScanning dependencies of target getID[0m
[13.057s] [ 85%] [32mBuilding CXX object CMakeFiles/getID.dir/src/get_id.cpp.o[0m
[16.009s] [100%] [32m[1mLinking CXX executable getID[0m
[16.324s] [100%] Built target getID
[16.380s] Invoked command in '/home/roboboat/RoboBoat_Cyber_Minority/Comp_2024/GPS_Related_Tasks/src/urg_node/build/urg_node' returned '0': CMAKE_PREFIX_PATH=${CMAKE_PREFIX_PATH}:/opt/ros/foxy /usr/bin/cmake --build /home/roboboat/RoboBoat_Cyber_Minority/Comp_2024/GPS_Related_Tasks/src/urg_node/build/urg_node -- -j12 -l12
[16.463s] Invoking command in '/home/roboboat/RoboBoat_Cyber_Minority/Comp_2024/GPS_Related_Tasks/src/urg_node/build/urg_node': CMAKE_PREFIX_PATH=${CMAKE_PREFIX_PATH}:/opt/ros/foxy /usr/bin/cmake --install /home/roboboat/RoboBoat_Cyber_Minority/Comp_2024/GPS_Related_Tasks/src/urg_node/build/urg_node
[16.482s] -- Install configuration: ""
[16.482s] -- Installing: /home/roboboat/RoboBoat_Cyber_Minority/Comp_2024/GPS_Related_Tasks/src/urg_node/install/urg_node/lib/urg_node/urg_node_driver
[16.483s] -- Set runtime path of "/home/roboboat/RoboBoat_Cyber_Minority/Comp_2024/GPS_Related_Tasks/src/urg_node/install/urg_node/lib/urg_node/urg_node_driver" to ""
[16.483s] -- Installing: /home/roboboat/RoboBoat_Cyber_Minority/Comp_2024/GPS_Related_Tasks/src/urg_node/install/urg_node/lib/liburg_node.so
[16.488s] -- Set runtime path of "/home/roboboat/RoboBoat_Cyber_Minority/Comp_2024/GPS_Related_Tasks/src/urg_node/install/urg_node/lib/liburg_node.so" to ""
[16.488s] -- Installing: /home/roboboat/RoboBoat_Cyber_Minority/Comp_2024/GPS_Related_Tasks/src/urg_node/install/urg_node/lib/urg_node/getID
[16.489s] -- Set runtime path of "/home/roboboat/RoboBoat_Cyber_Minority/Comp_2024/GPS_Related_Tasks/src/urg_node/install/urg_node/lib/urg_node/getID" to ""
[16.489s] -- Installing: /home/roboboat/RoboBoat_Cyber_Minority/Comp_2024/GPS_Related_Tasks/src/urg_node/install/urg_node/include
[16.490s] -- Installing: /home/roboboat/RoboBoat_Cyber_Minority/Comp_2024/GPS_Related_Tasks/src/urg_node/install/urg_node/include/urg_node
[16.491s] -- Installing: /home/roboboat/RoboBoat_Cyber_Minority/Comp_2024/GPS_Related_Tasks/src/urg_node/install/urg_node/include/urg_node/urg_node.hpp
[16.491s] -- Installing: /home/roboboat/RoboBoat_Cyber_Minority/Comp_2024/GPS_Related_Tasks/src/urg_node/install/urg_node/include/urg_node/urg_c_wrapper.hpp
[16.491s] -- Installing: /home/roboboat/RoboBoat_Cyber_Minority/Comp_2024/GPS_Related_Tasks/src/urg_node/install/urg_node/lib/urg_node/set_urg_ip.py
[16.491s] -- Installing: /home/roboboat/RoboBoat_Cyber_Minority/Comp_2024/GPS_Related_Tasks/src/urg_node/install/urg_node/share/urg_node/launch
[16.492s] -- Installing: /home/roboboat/RoboBoat_Cyber_Minority/Comp_2024/GPS_Related_Tasks/src/urg_node/install/urg_node/share/urg_node/launch/urg_node_ethernet.yaml
[16.492s] -- Installing: /home/roboboat/RoboBoat_Cyber_Minority/Comp_2024/GPS_Related_Tasks/src/urg_node/install/urg_node/share/urg_node/launch/urg_lidar.launch.xml
[16.492s] -- Installing: /home/roboboat/RoboBoat_Cyber_Minority/Comp_2024/GPS_Related_Tasks/src/urg_node/install/urg_node/share/urg_node/launch/urg_node_launch.py
[16.493s] -- Installing: /home/roboboat/RoboBoat_Cyber_Minority/Comp_2024/GPS_Related_Tasks/src/urg_node/install/urg_node/share/urg_node/launch/urg_node_serial.yaml
[16.493s] -- Installing: /home/roboboat/RoboBoat_Cyber_Minority/Comp_2024/GPS_Related_Tasks/src/urg_node/install/urg_node/share/urg_node/launch/hokuyo_laser.urdf
[16.493s] -- Installing: /home/roboboat/RoboBoat_Cyber_Minority/Comp_2024/GPS_Related_Tasks/src/urg_node/install/urg_node/share/urg_node/environment/library_path.sh
[16.494s] -- Installing: /home/roboboat/RoboBoat_Cyber_Minority/Comp_2024/GPS_Related_Tasks/src/urg_node/install/urg_node/share/urg_node/environment/library_path.dsv
[16.494s] -- Installing: /home/roboboat/RoboBoat_Cyber_Minority/Comp_2024/GPS_Related_Tasks/src/urg_node/install/urg_node/share/ament_index/resource_index/package_run_dependencies/urg_node
[16.494s] -- Installing: /home/roboboat/RoboBoat_Cyber_Minority/Comp_2024/GPS_Related_Tasks/src/urg_node/install/urg_node/share/ament_index/resource_index/parent_prefix_path/urg_node
[16.495s] -- Installing: /home/roboboat/RoboBoat_Cyber_Minority/Comp_2024/GPS_Related_Tasks/src/urg_node/install/urg_node/share/urg_node/environment/ament_prefix_path.sh
[16.495s] -- Installing: /home/roboboat/RoboBoat_Cyber_Minority/Comp_2024/GPS_Related_Tasks/src/urg_node/install/urg_node/share/urg_node/environment/ament_prefix_path.dsv
[16.495s] -- Installing: /home/roboboat/RoboBoat_Cyber_Minority/Comp_2024/GPS_Related_Tasks/src/urg_node/install/urg_node/share/urg_node/environment/path.sh
[16.495s] -- Installing: /home/roboboat/RoboBoat_Cyber_Minority/Comp_2024/GPS_Related_Tasks/src/urg_node/install/urg_node/share/urg_node/environment/path.dsv
[16.496s] -- Installing: /home/roboboat/RoboBoat_Cyber_Minority/Comp_2024/GPS_Related_Tasks/src/urg_node/install/urg_node/share/urg_node/local_setup.bash
[16.496s] -- Installing: /home/roboboat/RoboBoat_Cyber_Minority/Comp_2024/GPS_Related_Tasks/src/urg_node/install/urg_node/share/urg_node/local_setup.sh
[16.496s] -- Installing: /home/roboboat/RoboBoat_Cyber_Minority/Comp_2024/GPS_Related_Tasks/src/urg_node/install/urg_node/share/urg_node/local_setup.zsh
[16.496s] -- Installing: /home/roboboat/RoboBoat_Cyber_Minority/Comp_2024/GPS_Related_Tasks/src/urg_node/install/urg_node/share/urg_node/local_setup.dsv
[16.497s] -- Installing: /home/roboboat/RoboBoat_Cyber_Minority/Comp_2024/GPS_Related_Tasks/src/urg_node/install/urg_node/share/urg_node/package.dsv
[16.497s] -- Installing: /home/roboboat/RoboBoat_Cyber_Minority/Comp_2024/GPS_Related_Tasks/src/urg_node/install/urg_node/share/ament_index/resource_index/packages/urg_node
[16.497s] -- Installing: /home/roboboat/RoboBoat_Cyber_Minority/Comp_2024/GPS_Related_Tasks/src/urg_node/install/urg_node/share/ament_index/resource_index/rclcpp_components/urg_node
[16.497s] -- Installing: /home/roboboat/RoboBoat_Cyber_Minority/Comp_2024/GPS_Related_Tasks/src/urg_node/install/urg_node/share/urg_node/cmake/ament_cmake_export_dependencies-extras.cmake
[16.498s] -- Installing: /home/roboboat/RoboBoat_Cyber_Minority/Comp_2024/GPS_Related_Tasks/src/urg_node/install/urg_node/share/urg_node/cmake/ament_cmake_export_include_directories-extras.cmake
[16.498s] -- Installing: /home/roboboat/RoboBoat_Cyber_Minority/Comp_2024/GPS_Related_Tasks/src/urg_node/install/urg_node/share/urg_node/cmake/ament_cmake_export_libraries-extras.cmake
[16.499s] -- Installing: /home/roboboat/RoboBoat_Cyber_Minority/Comp_2024/GPS_Related_Tasks/src/urg_node/install/urg_node/share/urg_node/cmake/urg_nodeConfig.cmake
[16.500s] -- Installing: /home/roboboat/RoboBoat_Cyber_Minority/Comp_2024/GPS_Related_Tasks/src/urg_node/install/urg_node/share/urg_node/cmake/urg_nodeConfig-version.cmake
[16.501s] -- Installing: /home/roboboat/RoboBoat_Cyber_Minority/Comp_2024/GPS_Related_Tasks/src/urg_node/install/urg_node/share/urg_node/package.xml
[16.502s] Invoked command in '/home/roboboat/RoboBoat_Cyber_Minority/Comp_2024/GPS_Related_Tasks/src/urg_node/build/urg_node' returned '0': CMAKE_PREFIX_PATH=${CMAKE_PREFIX_PATH}:/opt/ros/foxy /usr/bin/cmake --install /home/roboboat/RoboBoat_Cyber_Minority/Comp_2024/GPS_Related_Tasks/src/urg_node/build/urg_node
