[0.395s] Invoking command in '/home/roboboat/RoboBoat_Cyber_Minority/Comp_2024/GPS_Related_Tasks/build/task2': CMAKE_PREFIX_PATH=${CMAKE_PREFIX_PATH}:/opt/ros/foxy /usr/bin/cmake --build /home/roboboat/RoboBoat_Cyber_Minority/Comp_2024/GPS_Related_Tasks/build/task2 -- -j12 -l12
[0.490s] Invoked command in '/home/roboboat/RoboBoat_Cyber_Minority/Comp_2024/GPS_Related_Tasks/build/task2' returned '0': CMAKE_PREFIX_PATH=${CMAKE_PREFIX_PATH}:/opt/ros/foxy /usr/bin/cmake --build /home/roboboat/RoboBoat_Cyber_Minority/Comp_2024/GPS_Related_Tasks/build/task2 -- -j12 -l12
[0.557s] Invoking command in '/home/roboboat/RoboBoat_Cyber_Minority/Comp_2024/GPS_Related_Tasks/build/task2': CMAKE_PREFIX_PATH=${CMAKE_PREFIX_PATH}:/opt/ros/foxy /usr/bin/cmake --install /home/roboboat/RoboBoat_Cyber_Minority/Comp_2024/GPS_Related_Tasks/build/task2
[0.573s] -- Install configuration: ""
[0.573s] -- Up-to-date: /home/roboboat/RoboBoat_Cyber_Minority/Comp_2024/GPS_Related_Tasks/install/task2/share/ament_index/resource_index/package_run_dependencies/task2
[0.575s] -- Up-to-date: /home/roboboat/RoboBoat_Cyber_Minority/Comp_2024/GPS_Related_Tasks/install/task2/share/ament_index/resource_index/parent_prefix_path/task2
[0.575s] -- Up-to-date: /home/roboboat/RoboBoat_Cyber_Minority/Comp_2024/GPS_Related_Tasks/install/task2/share/task2/environment/ament_prefix_path.sh
[0.580s] -- Up-to-date: /home/roboboat/RoboBoat_Cyber_Minority/Comp_2024/GPS_Related_Tasks/install/task2/share/task2/environment/ament_prefix_path.dsv
[0.581s] -- Up-to-date: /home/roboboat/RoboBoat_Cyber_Minority/Comp_2024/GPS_Related_Tasks/install/task2/share/task2/environment/path.sh
[0.581s] -- Up-to-date: /home/roboboat/RoboBoat_Cyber_Minority/Comp_2024/GPS_Related_Tasks/install/task2/share/task2/environment/path.dsv
[0.582s] -- Up-to-date: /home/roboboat/RoboBoat_Cyber_Minority/Comp_2024/GPS_Related_Tasks/install/task2/share/task2/local_setup.bash
[0.582s] -- Up-to-date: /home/roboboat/RoboBoat_Cyber_Minority/Comp_2024/GPS_Related_Tasks/install/task2/share/task2/local_setup.sh
[0.582s] -- Up-to-date: /home/roboboat/RoboBoat_Cyber_Minority/Comp_2024/GPS_Related_Tasks/install/task2/share/task2/local_setup.zsh
[0.583s] -- Up-to-date: /home/roboboat/RoboBoat_Cyber_Minority/Comp_2024/GPS_Related_Tasks/install/task2/share/task2/local_setup.dsv
[0.584s] -- Installing: /home/roboboat/RoboBoat_Cyber_Minority/Comp_2024/GPS_Related_Tasks/install/task2/share/task2/package.dsv
[0.588s] -- Up-to-date: /home/roboboat/RoboBoat_Cyber_Minority/Comp_2024/GPS_Related_Tasks/install/task2/share/ament_index/resource_index/packages/task2
[0.588s] -- Up-to-date: /home/roboboat/RoboBoat_Cyber_Minority/Comp_2024/GPS_Related_Tasks/install/task2/share/task2/cmake/task2Config.cmake
[0.588s] -- Up-to-date: /home/roboboat/RoboBoat_Cyber_Minority/Comp_2024/GPS_Related_Tasks/install/task2/share/task2/cmake/task2Config-version.cmake
[0.589s] -- Up-to-date: /home/roboboat/RoboBoat_Cyber_Minority/Comp_2024/GPS_Related_Tasks/install/task2/share/task2/package.xml
[0.774s] Invoked command in '/home/roboboat/RoboBoat_Cyber_Minority/Comp_2024/GPS_Related_Tasks/build/task2' returned '0': CMAKE_PREFIX_PATH=${CMAKE_PREFIX_PATH}:/opt/ros/foxy /usr/bin/cmake --install /home/roboboat/RoboBoat_Cyber_Minority/Comp_2024/GPS_Related_Tasks/build/task2
