[3.377s] DEBUG:colcon:Command line arguments: ['/usr/bin/colcon', 'build']
[3.377s] DEBUG:colcon:Parsed command line arguments: Namespace(allow_overriding=[], ament_cmake_args=None, base_paths=['.'], build_base='build', catkin_cmake_args=None, catkin_skip_building_tests=False, cmake_args=None, cmake_clean_cache=False, cmake_clean_first=False, cmake_force_configure=False, cmake_target=None, cmake_target_skip_unavailable=False, continue_on_error=False, event_handlers=None, executor='parallel', ignore_user_meta=False, install_base='install', log_base=None, log_level=None, main=<bound method BuildVerb.main of <colcon_core.verb.build.BuildVerb object at 0xffffb16eaa60>>, merge_install=False, metas=['./colcon.meta'], packages_above=None, packages_above_and_dependencies=None, packages_above_depth=None, packages_end=None, packages_ignore=None, packages_ignore_regex=None, packages_select=None, packages_select_build_failed=False, packages_select_by_dep=None, packages_select_regex=None, packages_select_test_failures=False, packages_skip=None, packages_skip_build_finished=False, packages_skip_by_dep=None, packages_skip_regex=None, packages_skip_test_passed=False, packages_skip_up_to=None, packages_start=None, packages_up_to=None, packages_up_to_regex=None, parallel_workers=12, paths=None, symlink_install=False, test_result_base=None, verb_extension=<colcon_core.verb.build.BuildVerb object at 0xffffb16eaa60>, verb_name='build', verb_parser=<colcon_defaults.argument_parser.defaults.DefaultArgumentsDecorator object at 0xffffb13bd160>)
[3.524s] Level 1:colcon.colcon_core.package_discovery:discover_packages(colcon_meta) check parameters
[3.524s] Level 1:colcon.colcon_core.package_discovery:discover_packages(recursive) check parameters
[3.524s] Level 1:colcon.colcon_core.package_discovery:discover_packages(ignore) check parameters
[3.524s] Level 1:colcon.colcon_core.package_discovery:discover_packages(path) check parameters
[3.524s] Level 1:colcon.colcon_core.package_discovery:discover_packages(colcon_meta) discover
[3.524s] Level 1:colcon.colcon_core.package_discovery:discover_packages(recursive) discover
[3.524s] INFO:colcon.colcon_core.package_discovery:Crawling recursively for packages in '/home/roboboat/RoboBoat_Cyber_Minority/Comp_2024/GPS_Related_Tasks'
[3.524s] Level 1:colcon.colcon_core.package_identification:_identify(.) by extensions ['ignore', 'ignore_ament_install']
[3.525s] Level 1:colcon.colcon_core.package_identification:_identify(.) by extension 'ignore'
[3.525s] Level 1:colcon.colcon_core.package_identification:_identify(.) by extension 'ignore_ament_install'
[3.525s] Level 1:colcon.colcon_core.package_identification:_identify(.) by extensions ['colcon_pkg']
[3.525s] Level 1:colcon.colcon_core.package_identification:_identify(.) by extension 'colcon_pkg'
[3.525s] Level 1:colcon.colcon_core.package_identification:_identify(.) by extensions ['colcon_meta']
[3.525s] Level 1:colcon.colcon_core.package_identification:_identify(.) by extension 'colcon_meta'
[3.525s] Level 1:colcon.colcon_core.package_identification:_identify(.) by extensions ['ros']
[3.525s] Level 1:colcon.colcon_core.package_identification:_identify(.) by extension 'ros'
[3.546s] Level 1:colcon.colcon_core.package_identification:_identify(.) by extensions ['cmake', 'python']
[3.546s] Level 1:colcon.colcon_core.package_identification:_identify(.) by extension 'cmake'
[3.546s] Level 1:colcon.colcon_core.package_identification:_identify(.) by extension 'python'
[3.547s] Level 1:colcon.colcon_core.package_identification:_identify(.) by extensions ['python_setup_py']
[3.547s] Level 1:colcon.colcon_core.package_identification:_identify(.) by extension 'python_setup_py'
[3.547s] Level 1:colcon.colcon_core.package_identification:_identify(build) by extensions ['ignore', 'ignore_ament_install']
[3.547s] Level 1:colcon.colcon_core.package_identification:_identify(build) by extension 'ignore'
[3.547s] Level 1:colcon.colcon_core.package_identification:_identify(build) ignored
[3.547s] Level 1:colcon.colcon_core.package_identification:_identify(install) by extensions ['ignore', 'ignore_ament_install']
[3.548s] Level 1:colcon.colcon_core.package_identification:_identify(install) by extension 'ignore'
[3.548s] Level 1:colcon.colcon_core.package_identification:_identify(install) ignored
[3.548s] Level 1:colcon.colcon_core.package_identification:_identify(log) by extensions ['ignore', 'ignore_ament_install']
[3.548s] Level 1:colcon.colcon_core.package_identification:_identify(log) by extension 'ignore'
[3.548s] Level 1:colcon.colcon_core.package_identification:_identify(log) ignored
[3.548s] Level 1:colcon.colcon_core.package_identification:_identify(src) by extensions ['ignore', 'ignore_ament_install']
[3.548s] Level 1:colcon.colcon_core.package_identification:_identify(src) by extension 'ignore'
[3.548s] Level 1:colcon.colcon_core.package_identification:_identify(src) by extension 'ignore_ament_install'
[3.548s] Level 1:colcon.colcon_core.package_identification:_identify(src) by extensions ['colcon_pkg']
[3.548s] Level 1:colcon.colcon_core.package_identification:_identify(src) by extension 'colcon_pkg'
[3.548s] Level 1:colcon.colcon_core.package_identification:_identify(src) by extensions ['colcon_meta']
[3.549s] Level 1:colcon.colcon_core.package_identification:_identify(src) by extension 'colcon_meta'
[3.549s] Level 1:colcon.colcon_core.package_identification:_identify(src) by extensions ['ros']
[3.549s] Level 1:colcon.colcon_core.package_identification:_identify(src) by extension 'ros'
[3.549s] Level 1:colcon.colcon_core.package_identification:_identify(src) by extensions ['cmake', 'python']
[3.549s] Level 1:colcon.colcon_core.package_identification:_identify(src) by extension 'cmake'
[3.549s] Level 1:colcon.colcon_core.package_identification:_identify(src) by extension 'python'
[3.549s] Level 1:colcon.colcon_core.package_identification:_identify(src) by extensions ['python_setup_py']
[3.549s] Level 1:colcon.colcon_core.package_identification:_identify(src) by extension 'python_setup_py'
[3.549s] Level 1:colcon.colcon_core.package_identification:_identify(src/finals_tasks) by extensions ['ignore', 'ignore_ament_install']
[3.549s] Level 1:colcon.colcon_core.package_identification:_identify(src/finals_tasks) by extension 'ignore'
[3.549s] Level 1:colcon.colcon_core.package_identification:_identify(src/finals_tasks) by extension 'ignore_ament_install'
[3.549s] Level 1:colcon.colcon_core.package_identification:_identify(src/finals_tasks) by extensions ['colcon_pkg']
[3.549s] Level 1:colcon.colcon_core.package_identification:_identify(src/finals_tasks) by extension 'colcon_pkg'
[3.550s] Level 1:colcon.colcon_core.package_identification:_identify(src/finals_tasks) by extensions ['colcon_meta']
[3.550s] Level 1:colcon.colcon_core.package_identification:_identify(src/finals_tasks) by extension 'colcon_meta'
[3.550s] Level 1:colcon.colcon_core.package_identification:_identify(src/finals_tasks) by extensions ['ros']
[3.550s] Level 1:colcon.colcon_core.package_identification:_identify(src/finals_tasks) by extension 'ros'
[3.553s] DEBUG:colcon.colcon_core.package_identification:Package 'src/finals_tasks' with type 'ros.ament_cmake' and name 'finals_tasks'
[3.554s] Level 1:colcon.colcon_core.package_identification:_identify(src/task1) by extensions ['ignore', 'ignore_ament_install']
[3.554s] Level 1:colcon.colcon_core.package_identification:_identify(src/task1) by extension 'ignore'
[3.554s] Level 1:colcon.colcon_core.package_identification:_identify(src/task1) by extension 'ignore_ament_install'
[3.554s] Level 1:colcon.colcon_core.package_identification:_identify(src/task1) by extensions ['colcon_pkg']
[3.554s] Level 1:colcon.colcon_core.package_identification:_identify(src/task1) by extension 'colcon_pkg'
[3.554s] Level 1:colcon.colcon_core.package_identification:_identify(src/task1) by extensions ['colcon_meta']
[3.554s] Level 1:colcon.colcon_core.package_identification:_identify(src/task1) by extension 'colcon_meta'
[3.554s] Level 1:colcon.colcon_core.package_identification:_identify(src/task1) by extensions ['ros']
[3.554s] Level 1:colcon.colcon_core.package_identification:_identify(src/task1) by extension 'ros'
[3.555s] DEBUG:colcon.colcon_core.package_identification:Package 'src/task1' with type 'ros.ament_cmake' and name 'task1'
[3.555s] Level 1:colcon.colcon_core.package_identification:_identify(src/task2) by extensions ['ignore', 'ignore_ament_install']
[3.555s] Level 1:colcon.colcon_core.package_identification:_identify(src/task2) by extension 'ignore'
[3.555s] Level 1:colcon.colcon_core.package_identification:_identify(src/task2) by extension 'ignore_ament_install'
[3.555s] Level 1:colcon.colcon_core.package_identification:_identify(src/task2) by extensions ['colcon_pkg']
[3.555s] Level 1:colcon.colcon_core.package_identification:_identify(src/task2) by extension 'colcon_pkg'
[3.556s] Level 1:colcon.colcon_core.package_identification:_identify(src/task2) by extensions ['colcon_meta']
[3.556s] Level 1:colcon.colcon_core.package_identification:_identify(src/task2) by extension 'colcon_meta'
[3.556s] Level 1:colcon.colcon_core.package_identification:_identify(src/task2) by extensions ['ros']
[3.556s] Level 1:colcon.colcon_core.package_identification:_identify(src/task2) by extension 'ros'
[3.556s] DEBUG:colcon.colcon_core.package_identification:Package 'src/task2' with type 'ros.ament_cmake' and name 'task2'
[3.556s] Level 1:colcon.colcon_core.package_identification:_identify(src/task8) by extensions ['ignore', 'ignore_ament_install']
[3.557s] Level 1:colcon.colcon_core.package_identification:_identify(src/task8) by extension 'ignore'
[3.557s] Level 1:colcon.colcon_core.package_identification:_identify(src/task8) by extension 'ignore_ament_install'
[3.557s] Level 1:colcon.colcon_core.package_identification:_identify(src/task8) by extensions ['colcon_pkg']
[3.557s] Level 1:colcon.colcon_core.package_identification:_identify(src/task8) by extension 'colcon_pkg'
[3.557s] Level 1:colcon.colcon_core.package_identification:_identify(src/task8) by extensions ['colcon_meta']
[3.557s] Level 1:colcon.colcon_core.package_identification:_identify(src/task8) by extension 'colcon_meta'
[3.557s] Level 1:colcon.colcon_core.package_identification:_identify(src/task8) by extensions ['ros']
[3.557s] Level 1:colcon.colcon_core.package_identification:_identify(src/task8) by extension 'ros'
[3.558s] DEBUG:colcon.colcon_core.package_identification:Package 'src/task8' with type 'ros.ament_cmake' and name 'task8'
[3.558s] Level 1:colcon.colcon_core.package_identification:_identify(src/urg_node) by extensions ['ignore', 'ignore_ament_install']
[3.558s] Level 1:colcon.colcon_core.package_identification:_identify(src/urg_node) by extension 'ignore'
[3.558s] Level 1:colcon.colcon_core.package_identification:_identify(src/urg_node) by extension 'ignore_ament_install'
[3.558s] Level 1:colcon.colcon_core.package_identification:_identify(src/urg_node) by extensions ['colcon_pkg']
[3.558s] Level 1:colcon.colcon_core.package_identification:_identify(src/urg_node) by extension 'colcon_pkg'
[3.558s] Level 1:colcon.colcon_core.package_identification:_identify(src/urg_node) by extensions ['colcon_meta']
[3.558s] Level 1:colcon.colcon_core.package_identification:_identify(src/urg_node) by extension 'colcon_meta'
[3.558s] Level 1:colcon.colcon_core.package_identification:_identify(src/urg_node) by extensions ['ros']
[3.558s] Level 1:colcon.colcon_core.package_identification:_identify(src/urg_node) by extension 'ros'
[3.560s] DEBUG:colcon.colcon_core.package_identification:Package 'src/urg_node' with type 'ros.ament_cmake' and name 'urg_node'
[3.560s] Level 1:colcon.colcon_core.package_identification:_identify(src/vectornav) by extensions ['ignore', 'ignore_ament_install']
[3.560s] Level 1:colcon.colcon_core.package_identification:_identify(src/vectornav) by extension 'ignore'
[3.560s] Level 1:colcon.colcon_core.package_identification:_identify(src/vectornav) by extension 'ignore_ament_install'
[3.561s] Level 1:colcon.colcon_core.package_identification:_identify(src/vectornav) by extensions ['colcon_pkg']
[3.561s] Level 1:colcon.colcon_core.package_identification:_identify(src/vectornav) by extension 'colcon_pkg'
[3.561s] Level 1:colcon.colcon_core.package_identification:_identify(src/vectornav) by extensions ['colcon_meta']
[3.561s] Level 1:colcon.colcon_core.package_identification:_identify(src/vectornav) by extension 'colcon_meta'
[3.561s] Level 1:colcon.colcon_core.package_identification:_identify(src/vectornav) by extensions ['ros']
[3.561s] Level 1:colcon.colcon_core.package_identification:_identify(src/vectornav) by extension 'ros'
[3.561s] Level 1:colcon.colcon_core.package_identification:_identify(src/vectornav) by extensions ['cmake', 'python']
[3.561s] Level 1:colcon.colcon_core.package_identification:_identify(src/vectornav) by extension 'cmake'
[3.561s] Level 1:colcon.colcon_core.package_identification:_identify(src/vectornav) by extension 'python'
[3.561s] Level 1:colcon.colcon_core.package_identification:_identify(src/vectornav) by extensions ['python_setup_py']
[3.561s] Level 1:colcon.colcon_core.package_identification:_identify(src/vectornav) by extension 'python_setup_py'
[3.561s] Level 1:colcon.colcon_core.package_identification:_identify(src/vectornav/vectornav) by extensions ['ignore', 'ignore_ament_install']
[3.561s] Level 1:colcon.colcon_core.package_identification:_identify(src/vectornav/vectornav) by extension 'ignore'
[3.562s] Level 1:colcon.colcon_core.package_identification:_identify(src/vectornav/vectornav) by extension 'ignore_ament_install'
[3.562s] Level 1:colcon.colcon_core.package_identification:_identify(src/vectornav/vectornav) by extensions ['colcon_pkg']
[3.562s] Level 1:colcon.colcon_core.package_identification:_identify(src/vectornav/vectornav) by extension 'colcon_pkg'
[3.562s] Level 1:colcon.colcon_core.package_identification:_identify(src/vectornav/vectornav) by extensions ['colcon_meta']
[3.562s] Level 1:colcon.colcon_core.package_identification:_identify(src/vectornav/vectornav) by extension 'colcon_meta'
[3.562s] Level 1:colcon.colcon_core.package_identification:_identify(src/vectornav/vectornav) by extensions ['ros']
[3.562s] Level 1:colcon.colcon_core.package_identification:_identify(src/vectornav/vectornav) by extension 'ros'
[3.563s] DEBUG:colcon.colcon_core.package_identification:Package 'src/vectornav/vectornav' with type 'ros.ament_cmake' and name 'vectornav'
[3.563s] Level 1:colcon.colcon_core.package_identification:_identify(src/vectornav/vectornav_msgs) by extensions ['ignore', 'ignore_ament_install']
[3.563s] Level 1:colcon.colcon_core.package_identification:_identify(src/vectornav/vectornav_msgs) by extension 'ignore'
[3.563s] Level 1:colcon.colcon_core.package_identification:_identify(src/vectornav/vectornav_msgs) by extension 'ignore_ament_install'
[3.564s] Level 1:colcon.colcon_core.package_identification:_identify(src/vectornav/vectornav_msgs) by extensions ['colcon_pkg']
[3.564s] Level 1:colcon.colcon_core.package_identification:_identify(src/vectornav/vectornav_msgs) by extension 'colcon_pkg'
[3.564s] Level 1:colcon.colcon_core.package_identification:_identify(src/vectornav/vectornav_msgs) by extensions ['colcon_meta']
[3.564s] Level 1:colcon.colcon_core.package_identification:_identify(src/vectornav/vectornav_msgs) by extension 'colcon_meta'
[3.564s] Level 1:colcon.colcon_core.package_identification:_identify(src/vectornav/vectornav_msgs) by extensions ['ros']
[3.564s] Level 1:colcon.colcon_core.package_identification:_identify(src/vectornav/vectornav_msgs) by extension 'ros'
[3.565s] DEBUG:colcon.colcon_core.package_identification:Package 'src/vectornav/vectornav_msgs' with type 'ros.ament_cmake' and name 'vectornav_msgs'
[3.565s] Level 1:colcon.colcon_core.package_discovery:discover_packages(recursive) using defaults
[3.565s] Level 1:colcon.colcon_core.package_discovery:discover_packages(ignore) discover
[3.565s] Level 1:colcon.colcon_core.package_discovery:discover_packages(ignore) using defaults
[3.565s] Level 1:colcon.colcon_core.package_discovery:discover_packages(path) discover
[3.565s] Level 1:colcon.colcon_core.package_discovery:discover_packages(path) using defaults
[3.676s] Level 1:colcon.colcon_core.package_discovery:discover_packages(prefix_path) check parameters
[3.676s] Level 1:colcon.colcon_core.package_discovery:discover_packages(prefix_path) discover
[3.711s] DEBUG:colcon.colcon_installed_package_information.package_discovery:Found 4 installed packages in /home/roboboat/RoboBoat_Cyber_Minority/ROS2_Imp/ros2_foxy/install
[3.728s] DEBUG:colcon.colcon_installed_package_information.package_discovery:Found 260 installed packages in /opt/ros/foxy
[3.730s] Level 1:colcon.colcon_core.package_discovery:discover_packages(prefix_path) using defaults
[3.825s] Level 5:colcon.colcon_core.verb:set package 'finals_tasks' build argument 'cmake_args' from command line to 'None'
[3.825s] Level 5:colcon.colcon_core.verb:set package 'finals_tasks' build argument 'cmake_target' from command line to 'None'
[3.825s] Level 5:colcon.colcon_core.verb:set package 'finals_tasks' build argument 'cmake_target_skip_unavailable' from command line to 'False'
[3.825s] Level 5:colcon.colcon_core.verb:set package 'finals_tasks' build argument 'cmake_clean_cache' from command line to 'False'
[3.825s] Level 5:colcon.colcon_core.verb:set package 'finals_tasks' build argument 'cmake_clean_first' from command line to 'False'
[3.825s] Level 5:colcon.colcon_core.verb:set package 'finals_tasks' build argument 'cmake_force_configure' from command line to 'False'
[3.826s] Level 5:colcon.colcon_core.verb:set package 'finals_tasks' build argument 'ament_cmake_args' from command line to 'None'
[3.826s] Level 5:colcon.colcon_core.verb:set package 'finals_tasks' build argument 'catkin_cmake_args' from command line to 'None'
[3.826s] Level 5:colcon.colcon_core.verb:set package 'finals_tasks' build argument 'catkin_skip_building_tests' from command line to 'False'
[3.826s] DEBUG:colcon.colcon_core.verb:Building package 'finals_tasks' with the following arguments: {'ament_cmake_args': None, 'build_base': '/home/roboboat/RoboBoat_Cyber_Minority/Comp_2024/GPS_Related_Tasks/build/finals_tasks', 'catkin_cmake_args': None, 'catkin_skip_building_tests': False, 'cmake_args': None, 'cmake_clean_cache': False, 'cmake_clean_first': False, 'cmake_force_configure': False, 'cmake_target': None, 'cmake_target_skip_unavailable': False, 'install_base': '/home/roboboat/RoboBoat_Cyber_Minority/Comp_2024/GPS_Related_Tasks/install/finals_tasks', 'merge_install': False, 'path': '/home/roboboat/RoboBoat_Cyber_Minority/Comp_2024/GPS_Related_Tasks/src/finals_tasks', 'symlink_install': False, 'test_result_base': None}
[3.841s] Level 5:colcon.colcon_core.verb:set package 'task1' build argument 'cmake_args' from command line to 'None'
[3.842s] Level 5:colcon.colcon_core.verb:set package 'task1' build argument 'cmake_target' from command line to 'None'
[3.842s] Level 5:colcon.colcon_core.verb:set package 'task1' build argument 'cmake_target_skip_unavailable' from command line to 'False'
[3.842s] Level 5:colcon.colcon_core.verb:set package 'task1' build argument 'cmake_clean_cache' from command line to 'False'
[3.842s] Level 5:colcon.colcon_core.verb:set package 'task1' build argument 'cmake_clean_first' from command line to 'False'
[3.842s] Level 5:colcon.colcon_core.verb:set package 'task1' build argument 'cmake_force_configure' from command line to 'False'
[3.842s] Level 5:colcon.colcon_core.verb:set package 'task1' build argument 'ament_cmake_args' from command line to 'None'
[3.842s] Level 5:colcon.colcon_core.verb:set package 'task1' build argument 'catkin_cmake_args' from command line to 'None'
[3.842s] Level 5:colcon.colcon_core.verb:set package 'task1' build argument 'catkin_skip_building_tests' from command line to 'False'
[3.842s] DEBUG:colcon.colcon_core.verb:Building package 'task1' with the following arguments: {'ament_cmake_args': None, 'build_base': '/home/roboboat/RoboBoat_Cyber_Minority/Comp_2024/GPS_Related_Tasks/build/task1', 'catkin_cmake_args': None, 'catkin_skip_building_tests': False, 'cmake_args': None, 'cmake_clean_cache': False, 'cmake_clean_first': False, 'cmake_force_configure': False, 'cmake_target': None, 'cmake_target_skip_unavailable': False, 'install_base': '/home/roboboat/RoboBoat_Cyber_Minority/Comp_2024/GPS_Related_Tasks/install/task1', 'merge_install': False, 'path': '/home/roboboat/RoboBoat_Cyber_Minority/Comp_2024/GPS_Related_Tasks/src/task1', 'symlink_install': False, 'test_result_base': None}
[3.858s] Level 5:colcon.colcon_core.verb:set package 'task2' build argument 'cmake_args' from command line to 'None'
[3.858s] Level 5:colcon.colcon_core.verb:set package 'task2' build argument 'cmake_target' from command line to 'None'
[3.858s] Level 5:colcon.colcon_core.verb:set package 'task2' build argument 'cmake_target_skip_unavailable' from command line to 'False'
[3.858s] Level 5:colcon.colcon_core.verb:set package 'task2' build argument 'cmake_clean_cache' from command line to 'False'
[3.858s] Level 5:colcon.colcon_core.verb:set package 'task2' build argument 'cmake_clean_first' from command line to 'False'
[3.858s] Level 5:colcon.colcon_core.verb:set package 'task2' build argument 'cmake_force_configure' from command line to 'False'
[3.858s] Level 5:colcon.colcon_core.verb:set package 'task2' build argument 'ament_cmake_args' from command line to 'None'
[3.858s] Level 5:colcon.colcon_core.verb:set package 'task2' build argument 'catkin_cmake_args' from command line to 'None'
[3.858s] Level 5:colcon.colcon_core.verb:set package 'task2' build argument 'catkin_skip_building_tests' from command line to 'False'
[3.858s] DEBUG:colcon.colcon_core.verb:Building package 'task2' with the following arguments: {'ament_cmake_args': None, 'build_base': '/home/roboboat/RoboBoat_Cyber_Minority/Comp_2024/GPS_Related_Tasks/build/task2', 'catkin_cmake_args': None, 'catkin_skip_building_tests': False, 'cmake_args': None, 'cmake_clean_cache': False, 'cmake_clean_first': False, 'cmake_force_configure': False, 'cmake_target': None, 'cmake_target_skip_unavailable': False, 'install_base': '/home/roboboat/RoboBoat_Cyber_Minority/Comp_2024/GPS_Related_Tasks/install/task2', 'merge_install': False, 'path': '/home/roboboat/RoboBoat_Cyber_Minority/Comp_2024/GPS_Related_Tasks/src/task2', 'symlink_install': False, 'test_result_base': None}
[3.874s] Level 5:colcon.colcon_core.verb:set package 'task8' build argument 'cmake_args' from command line to 'None'
[3.874s] Level 5:colcon.colcon_core.verb:set package 'task8' build argument 'cmake_target' from command line to 'None'
[3.874s] Level 5:colcon.colcon_core.verb:set package 'task8' build argument 'cmake_target_skip_unavailable' from command line to 'False'
[3.874s] Level 5:colcon.colcon_core.verb:set package 'task8' build argument 'cmake_clean_cache' from command line to 'False'
[3.874s] Level 5:colcon.colcon_core.verb:set package 'task8' build argument 'cmake_clean_first' from command line to 'False'
[3.874s] Level 5:colcon.colcon_core.verb:set package 'task8' build argument 'cmake_force_configure' from command line to 'False'
[3.874s] Level 5:colcon.colcon_core.verb:set package 'task8' build argument 'ament_cmake_args' from command line to 'None'
[3.874s] Level 5:colcon.colcon_core.verb:set package 'task8' build argument 'catkin_cmake_args' from command line to 'None'
[3.874s] Level 5:colcon.colcon_core.verb:set package 'task8' build argument 'catkin_skip_building_tests' from command line to 'False'
[3.874s] DEBUG:colcon.colcon_core.verb:Building package 'task8' with the following arguments: {'ament_cmake_args': None, 'build_base': '/home/roboboat/RoboBoat_Cyber_Minority/Comp_2024/GPS_Related_Tasks/build/task8', 'catkin_cmake_args': None, 'catkin_skip_building_tests': False, 'cmake_args': None, 'cmake_clean_cache': False, 'cmake_clean_first': False, 'cmake_force_configure': False, 'cmake_target': None, 'cmake_target_skip_unavailable': False, 'install_base': '/home/roboboat/RoboBoat_Cyber_Minority/Comp_2024/GPS_Related_Tasks/install/task8', 'merge_install': False, 'path': '/home/roboboat/RoboBoat_Cyber_Minority/Comp_2024/GPS_Related_Tasks/src/task8', 'symlink_install': False, 'test_result_base': None}
[3.890s] Level 5:colcon.colcon_core.verb:set package 'urg_node' build argument 'cmake_args' from command line to 'None'
[3.890s] Level 5:colcon.colcon_core.verb:set package 'urg_node' build argument 'cmake_target' from command line to 'None'
[3.890s] Level 5:colcon.colcon_core.verb:set package 'urg_node' build argument 'cmake_target_skip_unavailable' from command line to 'False'
[3.890s] Level 5:colcon.colcon_core.verb:set package 'urg_node' build argument 'cmake_clean_cache' from command line to 'False'
[3.890s] Level 5:colcon.colcon_core.verb:set package 'urg_node' build argument 'cmake_clean_first' from command line to 'False'
[3.890s] Level 5:colcon.colcon_core.verb:set package 'urg_node' build argument 'cmake_force_configure' from command line to 'False'
[3.890s] Level 5:colcon.colcon_core.verb:set package 'urg_node' build argument 'ament_cmake_args' from command line to 'None'
[3.890s] Level 5:colcon.colcon_core.verb:set package 'urg_node' build argument 'catkin_cmake_args' from command line to 'None'
[3.890s] Level 5:colcon.colcon_core.verb:set package 'urg_node' build argument 'catkin_skip_building_tests' from command line to 'False'
[3.890s] DEBUG:colcon.colcon_core.verb:Building package 'urg_node' with the following arguments: {'ament_cmake_args': None, 'build_base': '/home/roboboat/RoboBoat_Cyber_Minority/Comp_2024/GPS_Related_Tasks/build/urg_node', 'catkin_cmake_args': None, 'catkin_skip_building_tests': False, 'cmake_args': None, 'cmake_clean_cache': False, 'cmake_clean_first': False, 'cmake_force_configure': False, 'cmake_target': None, 'cmake_target_skip_unavailable': False, 'install_base': '/home/roboboat/RoboBoat_Cyber_Minority/Comp_2024/GPS_Related_Tasks/install/urg_node', 'merge_install': False, 'path': '/home/roboboat/RoboBoat_Cyber_Minority/Comp_2024/GPS_Related_Tasks/src/urg_node', 'symlink_install': False, 'test_result_base': None}
[3.906s] Level 5:colcon.colcon_core.verb:set package 'vectornav_msgs' build argument 'cmake_args' from command line to 'None'
[3.906s] Level 5:colcon.colcon_core.verb:set package 'vectornav_msgs' build argument 'cmake_target' from command line to 'None'
[3.906s] Level 5:colcon.colcon_core.verb:set package 'vectornav_msgs' build argument 'cmake_target_skip_unavailable' from command line to 'False'
[3.906s] Level 5:colcon.colcon_core.verb:set package 'vectornav_msgs' build argument 'cmake_clean_cache' from command line to 'False'
[3.906s] Level 5:colcon.colcon_core.verb:set package 'vectornav_msgs' build argument 'cmake_clean_first' from command line to 'False'
[3.906s] Level 5:colcon.colcon_core.verb:set package 'vectornav_msgs' build argument 'cmake_force_configure' from command line to 'False'
[3.906s] Level 5:colcon.colcon_core.verb:set package 'vectornav_msgs' build argument 'ament_cmake_args' from command line to 'None'
[3.906s] Level 5:colcon.colcon_core.verb:set package 'vectornav_msgs' build argument 'catkin_cmake_args' from command line to 'None'
[3.906s] Level 5:colcon.colcon_core.verb:set package 'vectornav_msgs' build argument 'catkin_skip_building_tests' from command line to 'False'
[3.907s] DEBUG:colcon.colcon_core.verb:Building package 'vectornav_msgs' with the following arguments: {'ament_cmake_args': None, 'build_base': '/home/roboboat/RoboBoat_Cyber_Minority/Comp_2024/GPS_Related_Tasks/build/vectornav_msgs', 'catkin_cmake_args': None, 'catkin_skip_building_tests': False, 'cmake_args': None, 'cmake_clean_cache': False, 'cmake_clean_first': False, 'cmake_force_configure': False, 'cmake_target': None, 'cmake_target_skip_unavailable': False, 'install_base': '/home/roboboat/RoboBoat_Cyber_Minority/Comp_2024/GPS_Related_Tasks/install/vectornav_msgs', 'merge_install': False, 'path': '/home/roboboat/RoboBoat_Cyber_Minority/Comp_2024/GPS_Related_Tasks/src/vectornav/vectornav_msgs', 'symlink_install': False, 'test_result_base': None}
[3.922s] Level 5:colcon.colcon_core.verb:set package 'vectornav' build argument 'cmake_args' from command line to 'None'
[3.922s] Level 5:colcon.colcon_core.verb:set package 'vectornav' build argument 'cmake_target' from command line to 'None'
[3.922s] Level 5:colcon.colcon_core.verb:set package 'vectornav' build argument 'cmake_target_skip_unavailable' from command line to 'False'
[3.922s] Level 5:colcon.colcon_core.verb:set package 'vectornav' build argument 'cmake_clean_cache' from command line to 'False'
[3.923s] Level 5:colcon.colcon_core.verb:set package 'vectornav' build argument 'cmake_clean_first' from command line to 'False'
[3.923s] Level 5:colcon.colcon_core.verb:set package 'vectornav' build argument 'cmake_force_configure' from command line to 'False'
[3.923s] Level 5:colcon.colcon_core.verb:set package 'vectornav' build argument 'ament_cmake_args' from command line to 'None'
[3.923s] Level 5:colcon.colcon_core.verb:set package 'vectornav' build argument 'catkin_cmake_args' from command line to 'None'
[3.923s] Level 5:colcon.colcon_core.verb:set package 'vectornav' build argument 'catkin_skip_building_tests' from command line to 'False'
[3.923s] DEBUG:colcon.colcon_core.verb:Building package 'vectornav' with the following arguments: {'ament_cmake_args': None, 'build_base': '/home/roboboat/RoboBoat_Cyber_Minority/Comp_2024/GPS_Related_Tasks/build/vectornav', 'catkin_cmake_args': None, 'catkin_skip_building_tests': False, 'cmake_args': None, 'cmake_clean_cache': False, 'cmake_clean_first': False, 'cmake_force_configure': False, 'cmake_target': None, 'cmake_target_skip_unavailable': False, 'install_base': '/home/roboboat/RoboBoat_Cyber_Minority/Comp_2024/GPS_Related_Tasks/install/vectornav', 'merge_install': False, 'path': '/home/roboboat/RoboBoat_Cyber_Minority/Comp_2024/GPS_Related_Tasks/src/vectornav/vectornav', 'symlink_install': False, 'test_result_base': None}
[3.938s] INFO:colcon.colcon_core.executor:Executing jobs using 'parallel' executor
[3.956s] DEBUG:colcon.colcon_parallel_executor.executor.parallel:run_until_complete
[3.956s] INFO:colcon.colcon_ros.task.ament_cmake.build:Building ROS package in '/home/roboboat/RoboBoat_Cyber_Minority/Comp_2024/GPS_Related_Tasks/src/vectornav/vectornav_msgs' with build type 'ament_cmake'
[3.956s] INFO:colcon.colcon_cmake.task.cmake.build:Building CMake package in '/home/roboboat/RoboBoat_Cyber_Minority/Comp_2024/GPS_Related_Tasks/src/vectornav/vectornav_msgs'
[3.976s] INFO:colcon.colcon_core.plugin_system:Skipping extension 'colcon_core.shell.bat': Not used on non-Windows systems
[3.976s] INFO:colcon.colcon_core.shell:Skip shell extension 'powershell' for command environment: Not usable outside of PowerShell
[3.976s] DEBUG:colcon.colcon_core.shell:Skip shell extension 'dsv' for command environment
[4.038s] INFO:colcon.colcon_ros.task.ament_cmake.build:Building ROS package in '/home/roboboat/RoboBoat_Cyber_Minority/Comp_2024/GPS_Related_Tasks/src/finals_tasks' with build type 'ament_cmake'
[4.038s] INFO:colcon.colcon_cmake.task.cmake.build:Building CMake package in '/home/roboboat/RoboBoat_Cyber_Minority/Comp_2024/GPS_Related_Tasks/src/finals_tasks'
[4.057s] INFO:colcon.colcon_core.shell:Skip shell extension 'powershell' for command environment: Not usable outside of PowerShell
[4.057s] DEBUG:colcon.colcon_core.shell:Skip shell extension 'dsv' for command environment
[4.122s] INFO:colcon.colcon_ros.task.ament_cmake.build:Building ROS package in '/home/roboboat/RoboBoat_Cyber_Minority/Comp_2024/GPS_Related_Tasks/src/task1' with build type 'ament_cmake'
[4.123s] INFO:colcon.colcon_cmake.task.cmake.build:Building CMake package in '/home/roboboat/RoboBoat_Cyber_Minority/Comp_2024/GPS_Related_Tasks/src/task1'
[4.142s] INFO:colcon.colcon_core.shell:Skip shell extension 'powershell' for command environment: Not usable outside of PowerShell
[4.142s] DEBUG:colcon.colcon_core.shell:Skip shell extension 'dsv' for command environment
[4.201s] INFO:colcon.colcon_ros.task.ament_cmake.build:Building ROS package in '/home/roboboat/RoboBoat_Cyber_Minority/Comp_2024/GPS_Related_Tasks/src/task2' with build type 'ament_cmake'
[4.202s] INFO:colcon.colcon_cmake.task.cmake.build:Building CMake package in '/home/roboboat/RoboBoat_Cyber_Minority/Comp_2024/GPS_Related_Tasks/src/task2'
[4.221s] INFO:colcon.colcon_core.shell:Skip shell extension 'powershell' for command environment: Not usable outside of PowerShell
[4.221s] DEBUG:colcon.colcon_core.shell:Skip shell extension 'dsv' for command environment
[4.281s] INFO:colcon.colcon_ros.task.ament_cmake.build:Building ROS package in '/home/roboboat/RoboBoat_Cyber_Minority/Comp_2024/GPS_Related_Tasks/src/task8' with build type 'ament_cmake'
[4.282s] INFO:colcon.colcon_cmake.task.cmake.build:Building CMake package in '/home/roboboat/RoboBoat_Cyber_Minority/Comp_2024/GPS_Related_Tasks/src/task8'
[4.300s] INFO:colcon.colcon_core.shell:Skip shell extension 'powershell' for command environment: Not usable outside of PowerShell
[4.301s] DEBUG:colcon.colcon_core.shell:Skip shell extension 'dsv' for command environment
[4.362s] INFO:colcon.colcon_ros.task.ament_cmake.build:Building ROS package in '/home/roboboat/RoboBoat_Cyber_Minority/Comp_2024/GPS_Related_Tasks/src/urg_node' with build type 'ament_cmake'
[4.362s] INFO:colcon.colcon_cmake.task.cmake.build:Building CMake package in '/home/roboboat/RoboBoat_Cyber_Minority/Comp_2024/GPS_Related_Tasks/src/urg_node'
[4.382s] INFO:colcon.colcon_core.shell:Skip shell extension 'powershell' for command environment: Not usable outside of PowerShell
[4.382s] DEBUG:colcon.colcon_core.shell:Skip shell extension 'dsv' for command environment
[4.456s] DEBUG:colcon.colcon_core.event_handler.log_command:Invoking command in '/home/roboboat/RoboBoat_Cyber_Minority/Comp_2024/GPS_Related_Tasks/build/vectornav_msgs': CMAKE_PREFIX_PATH=${CMAKE_PREFIX_PATH}:/opt/ros/foxy /usr/bin/cmake --build /home/roboboat/RoboBoat_Cyber_Minority/Comp_2024/GPS_Related_Tasks/build/vectornav_msgs -- -j12 -l12
[4.464s] DEBUG:colcon.colcon_core.event_handler.log_command:Invoking command in '/home/roboboat/RoboBoat_Cyber_Minority/Comp_2024/GPS_Related_Tasks/build/finals_tasks': CMAKE_PREFIX_PATH=${CMAKE_PREFIX_PATH}:/opt/ros/foxy /usr/bin/cmake --build /home/roboboat/RoboBoat_Cyber_Minority/Comp_2024/GPS_Related_Tasks/build/finals_tasks -- -j12 -l12
[4.472s] DEBUG:colcon.colcon_core.event_handler.log_command:Invoking command in '/home/roboboat/RoboBoat_Cyber_Minority/Comp_2024/GPS_Related_Tasks/build/task1': CMAKE_PREFIX_PATH=${CMAKE_PREFIX_PATH}:/opt/ros/foxy /usr/bin/cmake --build /home/roboboat/RoboBoat_Cyber_Minority/Comp_2024/GPS_Related_Tasks/build/task1 -- -j12 -l12
[4.481s] DEBUG:colcon.colcon_core.event_handler.log_command:Invoking command in '/home/roboboat/RoboBoat_Cyber_Minority/Comp_2024/GPS_Related_Tasks/build/task2': CMAKE_PREFIX_PATH=${CMAKE_PREFIX_PATH}:/opt/ros/foxy /usr/bin/cmake --build /home/roboboat/RoboBoat_Cyber_Minority/Comp_2024/GPS_Related_Tasks/build/task2 -- -j12 -l12
[4.489s] DEBUG:colcon.colcon_core.event_handler.log_command:Invoking command in '/home/roboboat/RoboBoat_Cyber_Minority/Comp_2024/GPS_Related_Tasks/build/task8': CMAKE_PREFIX_PATH=${CMAKE_PREFIX_PATH}:/opt/ros/foxy /usr/bin/cmake --build /home/roboboat/RoboBoat_Cyber_Minority/Comp_2024/GPS_Related_Tasks/build/task8 -- -j12 -l12
[4.505s] DEBUG:colcon.colcon_core.event_handler.log_command:Invoking command in '/home/roboboat/RoboBoat_Cyber_Minority/Comp_2024/GPS_Related_Tasks/build/urg_node': CMAKE_PREFIX_PATH=${CMAKE_PREFIX_PATH}:/opt/ros/foxy /usr/bin/cmake --build /home/roboboat/RoboBoat_Cyber_Minority/Comp_2024/GPS_Related_Tasks/build/urg_node -- -j12 -l12
[4.530s] DEBUG:colcon.colcon_core.event_handler.log_command:Invoked command in '/home/roboboat/RoboBoat_Cyber_Minority/Comp_2024/GPS_Related_Tasks/build/finals_tasks' returned '0': CMAKE_PREFIX_PATH=${CMAKE_PREFIX_PATH}:/opt/ros/foxy /usr/bin/cmake --build /home/roboboat/RoboBoat_Cyber_Minority/Comp_2024/GPS_Related_Tasks/build/finals_tasks -- -j12 -l12
[4.541s] DEBUG:colcon.colcon_core.event_handler.log_command:Invoked command in '/home/roboboat/RoboBoat_Cyber_Minority/Comp_2024/GPS_Related_Tasks/build/task1' returned '0': CMAKE_PREFIX_PATH=${CMAKE_PREFIX_PATH}:/opt/ros/foxy /usr/bin/cmake --build /home/roboboat/RoboBoat_Cyber_Minority/Comp_2024/GPS_Related_Tasks/build/task1 -- -j12 -l12
[4.551s] DEBUG:colcon.colcon_core.event_handler.log_command:Invoked command in '/home/roboboat/RoboBoat_Cyber_Minority/Comp_2024/GPS_Related_Tasks/build/task2' returned '0': CMAKE_PREFIX_PATH=${CMAKE_PREFIX_PATH}:/opt/ros/foxy /usr/bin/cmake --build /home/roboboat/RoboBoat_Cyber_Minority/Comp_2024/GPS_Related_Tasks/build/task2 -- -j12 -l12
[4.563s] DEBUG:colcon.colcon_core.event_handler.log_command:Invoked command in '/home/roboboat/RoboBoat_Cyber_Minority/Comp_2024/GPS_Related_Tasks/build/task8' returned '0': CMAKE_PREFIX_PATH=${CMAKE_PREFIX_PATH}:/opt/ros/foxy /usr/bin/cmake --build /home/roboboat/RoboBoat_Cyber_Minority/Comp_2024/GPS_Related_Tasks/build/task8 -- -j12 -l12
[4.601s] DEBUG:colcon.colcon_core.event_handler.log_command:Invoking command in '/home/roboboat/RoboBoat_Cyber_Minority/Comp_2024/GPS_Related_Tasks/build/finals_tasks': CMAKE_PREFIX_PATH=${CMAKE_PREFIX_PATH}:/opt/ros/foxy /usr/bin/cmake --install /home/roboboat/RoboBoat_Cyber_Minority/Comp_2024/GPS_Related_Tasks/build/finals_tasks
[4.612s] DEBUG:colcon.colcon_core.event_handler.log_command:Invoking command in '/home/roboboat/RoboBoat_Cyber_Minority/Comp_2024/GPS_Related_Tasks/build/task1': CMAKE_PREFIX_PATH=${CMAKE_PREFIX_PATH}:/opt/ros/foxy /usr/bin/cmake --install /home/roboboat/RoboBoat_Cyber_Minority/Comp_2024/GPS_Related_Tasks/build/task1
[4.620s] DEBUG:colcon.colcon_core.event_handler.log_command:Invoking command in '/home/roboboat/RoboBoat_Cyber_Minority/Comp_2024/GPS_Related_Tasks/build/task2': CMAKE_PREFIX_PATH=${CMAKE_PREFIX_PATH}:/opt/ros/foxy /usr/bin/cmake --install /home/roboboat/RoboBoat_Cyber_Minority/Comp_2024/GPS_Related_Tasks/build/task2
[4.629s] DEBUG:colcon.colcon_core.event_handler.log_command:Invoking command in '/home/roboboat/RoboBoat_Cyber_Minority/Comp_2024/GPS_Related_Tasks/build/task8': CMAKE_PREFIX_PATH=${CMAKE_PREFIX_PATH}:/opt/ros/foxy /usr/bin/cmake --install /home/roboboat/RoboBoat_Cyber_Minority/Comp_2024/GPS_Related_Tasks/build/task8
[4.633s] Level 1:colcon.colcon_core.environment:create_environment_scripts_only(finals_tasks)
[4.638s] DEBUG:colcon.colcon_core.event_handler.log_command:Invoked command in '/home/roboboat/RoboBoat_Cyber_Minority/Comp_2024/GPS_Related_Tasks/build/finals_tasks' returned '0': CMAKE_PREFIX_PATH=${CMAKE_PREFIX_PATH}:/opt/ros/foxy /usr/bin/cmake --install /home/roboboat/RoboBoat_Cyber_Minority/Comp_2024/GPS_Related_Tasks/build/finals_tasks
[4.698s] Level 1:colcon.colcon_core.environment:checking '/home/roboboat/RoboBoat_Cyber_Minority/Comp_2024/GPS_Related_Tasks/install/finals_tasks' for CMake module files
[4.698s] Level 1:colcon.colcon_core.environment:checking '/home/roboboat/RoboBoat_Cyber_Minority/Comp_2024/GPS_Related_Tasks/install/finals_tasks' for CMake config files
[4.699s] Level 1:colcon.colcon_core.shell:create_environment_hook('finals_tasks', 'cmake_prefix_path')
[4.717s] INFO:colcon.colcon_core.shell:Creating environment hook '/home/roboboat/RoboBoat_Cyber_Minority/Comp_2024/GPS_Related_Tasks/install/finals_tasks/share/finals_tasks/hook/cmake_prefix_path.ps1'
[4.718s] INFO:colcon.colcon_core.shell:Creating environment descriptor '/home/roboboat/RoboBoat_Cyber_Minority/Comp_2024/GPS_Related_Tasks/install/finals_tasks/share/finals_tasks/hook/cmake_prefix_path.dsv'
[4.719s] INFO:colcon.colcon_core.shell:Creating environment hook '/home/roboboat/RoboBoat_Cyber_Minority/Comp_2024/GPS_Related_Tasks/install/finals_tasks/share/finals_tasks/hook/cmake_prefix_path.sh'
[4.724s] Level 1:colcon.colcon_core.environment:checking '/home/roboboat/RoboBoat_Cyber_Minority/Comp_2024/GPS_Related_Tasks/install/finals_tasks/bin'
[4.724s] Level 1:colcon.colcon_core.environment:checking '/home/roboboat/RoboBoat_Cyber_Minority/Comp_2024/GPS_Related_Tasks/install/finals_tasks/lib/pkgconfig/finals_tasks.pc'
[4.724s] Level 1:colcon.colcon_core.environment:checking '/home/roboboat/RoboBoat_Cyber_Minority/Comp_2024/GPS_Related_Tasks/install/finals_tasks/lib/python3.8/site-packages'
[4.725s] Level 1:colcon.colcon_core.environment:checking '/home/roboboat/RoboBoat_Cyber_Minority/Comp_2024/GPS_Related_Tasks/install/finals_tasks/bin'
[4.744s] INFO:colcon.colcon_core.shell:Creating package script '/home/roboboat/RoboBoat_Cyber_Minority/Comp_2024/GPS_Related_Tasks/install/finals_tasks/share/finals_tasks/package.ps1'
[4.745s] INFO:colcon.colcon_core.shell:Creating package descriptor '/home/roboboat/RoboBoat_Cyber_Minority/Comp_2024/GPS_Related_Tasks/install/finals_tasks/share/finals_tasks/package.dsv'
[4.747s] INFO:colcon.colcon_core.shell:Creating package script '/home/roboboat/RoboBoat_Cyber_Minority/Comp_2024/GPS_Related_Tasks/install/finals_tasks/share/finals_tasks/package.sh'
[4.748s] INFO:colcon.colcon_core.shell:Creating package script '/home/roboboat/RoboBoat_Cyber_Minority/Comp_2024/GPS_Related_Tasks/install/finals_tasks/share/finals_tasks/package.bash'
[4.749s] INFO:colcon.colcon_core.shell:Creating package script '/home/roboboat/RoboBoat_Cyber_Minority/Comp_2024/GPS_Related_Tasks/install/finals_tasks/share/finals_tasks/package.zsh'
[4.750s] Level 1:colcon.colcon_core.environment:create_file_with_runtime_dependencies(/home/roboboat/RoboBoat_Cyber_Minority/Comp_2024/GPS_Related_Tasks/install/finals_tasks/share/colcon-core/packages/finals_tasks)
[4.759s] Level 1:colcon.colcon_core.environment:create_environment_scripts_only(task1)
[4.760s] DEBUG:colcon.colcon_core.event_handler.log_command:Invoked command in '/home/roboboat/RoboBoat_Cyber_Minority/Comp_2024/GPS_Related_Tasks/build/task1' returned '0': CMAKE_PREFIX_PATH=${CMAKE_PREFIX_PATH}:/opt/ros/foxy /usr/bin/cmake --install /home/roboboat/RoboBoat_Cyber_Minority/Comp_2024/GPS_Related_Tasks/build/task1
[4.779s] Level 1:colcon.colcon_core.environment:checking '/home/roboboat/RoboBoat_Cyber_Minority/Comp_2024/GPS_Related_Tasks/install/task1' for CMake module files
[4.780s] Level 1:colcon.colcon_core.environment:checking '/home/roboboat/RoboBoat_Cyber_Minority/Comp_2024/GPS_Related_Tasks/install/task1' for CMake config files
[4.780s] Level 1:colcon.colcon_core.shell:create_environment_hook('task1', 'cmake_prefix_path')
[4.799s] INFO:colcon.colcon_core.shell:Creating environment hook '/home/roboboat/RoboBoat_Cyber_Minority/Comp_2024/GPS_Related_Tasks/install/task1/share/task1/hook/cmake_prefix_path.ps1'
[4.800s] INFO:colcon.colcon_core.shell:Creating environment descriptor '/home/roboboat/RoboBoat_Cyber_Minority/Comp_2024/GPS_Related_Tasks/install/task1/share/task1/hook/cmake_prefix_path.dsv'
[4.801s] INFO:colcon.colcon_core.shell:Creating environment hook '/home/roboboat/RoboBoat_Cyber_Minority/Comp_2024/GPS_Related_Tasks/install/task1/share/task1/hook/cmake_prefix_path.sh'
[4.802s] Level 1:colcon.colcon_core.environment:checking '/home/roboboat/RoboBoat_Cyber_Minority/Comp_2024/GPS_Related_Tasks/install/task1/bin'
[4.803s] Level 1:colcon.colcon_core.environment:checking '/home/roboboat/RoboBoat_Cyber_Minority/Comp_2024/GPS_Related_Tasks/install/task1/lib/pkgconfig/task1.pc'
[4.803s] Level 1:colcon.colcon_core.environment:checking '/home/roboboat/RoboBoat_Cyber_Minority/Comp_2024/GPS_Related_Tasks/install/task1/lib/python3.8/site-packages'
[4.803s] Level 1:colcon.colcon_core.environment:checking '/home/roboboat/RoboBoat_Cyber_Minority/Comp_2024/GPS_Related_Tasks/install/task1/bin'
[4.823s] INFO:colcon.colcon_core.shell:Creating package script '/home/roboboat/RoboBoat_Cyber_Minority/Comp_2024/GPS_Related_Tasks/install/task1/share/task1/package.ps1'
[4.824s] INFO:colcon.colcon_core.shell:Creating package descriptor '/home/roboboat/RoboBoat_Cyber_Minority/Comp_2024/GPS_Related_Tasks/install/task1/share/task1/package.dsv'
[4.825s] INFO:colcon.colcon_core.shell:Creating package script '/home/roboboat/RoboBoat_Cyber_Minority/Comp_2024/GPS_Related_Tasks/install/task1/share/task1/package.sh'
[4.828s] INFO:colcon.colcon_core.shell:Creating package script '/home/roboboat/RoboBoat_Cyber_Minority/Comp_2024/GPS_Related_Tasks/install/task1/share/task1/package.bash'
[4.829s] INFO:colcon.colcon_core.shell:Creating package script '/home/roboboat/RoboBoat_Cyber_Minority/Comp_2024/GPS_Related_Tasks/install/task1/share/task1/package.zsh'
[4.831s] Level 1:colcon.colcon_core.environment:create_file_with_runtime_dependencies(/home/roboboat/RoboBoat_Cyber_Minority/Comp_2024/GPS_Related_Tasks/install/task1/share/colcon-core/packages/task1)
[4.841s] Level 1:colcon.colcon_core.environment:create_environment_scripts_only(task2)
[4.842s] DEBUG:colcon.colcon_core.event_handler.log_command:Invoked command in '/home/roboboat/RoboBoat_Cyber_Minority/Comp_2024/GPS_Related_Tasks/build/task2' returned '0': CMAKE_PREFIX_PATH=${CMAKE_PREFIX_PATH}:/opt/ros/foxy /usr/bin/cmake --install /home/roboboat/RoboBoat_Cyber_Minority/Comp_2024/GPS_Related_Tasks/build/task2
[4.861s] Level 1:colcon.colcon_core.environment:checking '/home/roboboat/RoboBoat_Cyber_Minority/Comp_2024/GPS_Related_Tasks/install/task2' for CMake module files
[4.862s] Level 1:colcon.colcon_core.environment:checking '/home/roboboat/RoboBoat_Cyber_Minority/Comp_2024/GPS_Related_Tasks/install/task2' for CMake config files
[4.862s] Level 1:colcon.colcon_core.shell:create_environment_hook('task2', 'cmake_prefix_path')
[4.879s] INFO:colcon.colcon_core.shell:Creating environment hook '/home/roboboat/RoboBoat_Cyber_Minority/Comp_2024/GPS_Related_Tasks/install/task2/share/task2/hook/cmake_prefix_path.ps1'
[4.880s] INFO:colcon.colcon_core.shell:Creating environment descriptor '/home/roboboat/RoboBoat_Cyber_Minority/Comp_2024/GPS_Related_Tasks/install/task2/share/task2/hook/cmake_prefix_path.dsv'
[4.881s] INFO:colcon.colcon_core.shell:Creating environment hook '/home/roboboat/RoboBoat_Cyber_Minority/Comp_2024/GPS_Related_Tasks/install/task2/share/task2/hook/cmake_prefix_path.sh'
[4.885s] Level 1:colcon.colcon_core.environment:checking '/home/roboboat/RoboBoat_Cyber_Minority/Comp_2024/GPS_Related_Tasks/install/task2/bin'
[4.885s] Level 1:colcon.colcon_core.environment:checking '/home/roboboat/RoboBoat_Cyber_Minority/Comp_2024/GPS_Related_Tasks/install/task2/lib/pkgconfig/task2.pc'
[4.886s] Level 1:colcon.colcon_core.environment:checking '/home/roboboat/RoboBoat_Cyber_Minority/Comp_2024/GPS_Related_Tasks/install/task2/lib/python3.8/site-packages'
[4.887s] Level 1:colcon.colcon_core.environment:checking '/home/roboboat/RoboBoat_Cyber_Minority/Comp_2024/GPS_Related_Tasks/install/task2/bin'
[4.910s] INFO:colcon.colcon_core.shell:Creating package script '/home/roboboat/RoboBoat_Cyber_Minority/Comp_2024/GPS_Related_Tasks/install/task2/share/task2/package.ps1'
[4.911s] INFO:colcon.colcon_core.shell:Creating package descriptor '/home/roboboat/RoboBoat_Cyber_Minority/Comp_2024/GPS_Related_Tasks/install/task2/share/task2/package.dsv'
[4.912s] INFO:colcon.colcon_core.shell:Creating package script '/home/roboboat/RoboBoat_Cyber_Minority/Comp_2024/GPS_Related_Tasks/install/task2/share/task2/package.sh'
[4.913s] INFO:colcon.colcon_core.shell:Creating package script '/home/roboboat/RoboBoat_Cyber_Minority/Comp_2024/GPS_Related_Tasks/install/task2/share/task2/package.bash'
[4.913s] INFO:colcon.colcon_core.shell:Creating package script '/home/roboboat/RoboBoat_Cyber_Minority/Comp_2024/GPS_Related_Tasks/install/task2/share/task2/package.zsh'
[4.914s] Level 1:colcon.colcon_core.environment:create_file_with_runtime_dependencies(/home/roboboat/RoboBoat_Cyber_Minority/Comp_2024/GPS_Related_Tasks/install/task2/share/colcon-core/packages/task2)
[4.922s] Level 1:colcon.colcon_core.environment:create_environment_scripts_only(task8)
[4.923s] DEBUG:colcon.colcon_core.event_handler.log_command:Invoked command in '/home/roboboat/RoboBoat_Cyber_Minority/Comp_2024/GPS_Related_Tasks/build/task8' returned '0': CMAKE_PREFIX_PATH=${CMAKE_PREFIX_PATH}:/opt/ros/foxy /usr/bin/cmake --install /home/roboboat/RoboBoat_Cyber_Minority/Comp_2024/GPS_Related_Tasks/build/task8
[4.943s] Level 1:colcon.colcon_core.environment:checking '/home/roboboat/RoboBoat_Cyber_Minority/Comp_2024/GPS_Related_Tasks/install/task8' for CMake module files
[4.944s] Level 1:colcon.colcon_core.environment:checking '/home/roboboat/RoboBoat_Cyber_Minority/Comp_2024/GPS_Related_Tasks/install/task8' for CMake config files
[4.944s] Level 1:colcon.colcon_core.shell:create_environment_hook('task8', 'cmake_prefix_path')
[4.962s] INFO:colcon.colcon_core.shell:Creating environment hook '/home/roboboat/RoboBoat_Cyber_Minority/Comp_2024/GPS_Related_Tasks/install/task8/share/task8/hook/cmake_prefix_path.ps1'
[4.962s] INFO:colcon.colcon_core.shell:Creating environment descriptor '/home/roboboat/RoboBoat_Cyber_Minority/Comp_2024/GPS_Related_Tasks/install/task8/share/task8/hook/cmake_prefix_path.dsv'
[4.963s] INFO:colcon.colcon_core.shell:Creating environment hook '/home/roboboat/RoboBoat_Cyber_Minority/Comp_2024/GPS_Related_Tasks/install/task8/share/task8/hook/cmake_prefix_path.sh'
[4.967s] Level 1:colcon.colcon_core.environment:checking '/home/roboboat/RoboBoat_Cyber_Minority/Comp_2024/GPS_Related_Tasks/install/task8/bin'
[4.967s] Level 1:colcon.colcon_core.environment:checking '/home/roboboat/RoboBoat_Cyber_Minority/Comp_2024/GPS_Related_Tasks/install/task8/lib/pkgconfig/task8.pc'
[4.967s] Level 1:colcon.colcon_core.environment:checking '/home/roboboat/RoboBoat_Cyber_Minority/Comp_2024/GPS_Related_Tasks/install/task8/lib/python3.8/site-packages'
[4.968s] Level 1:colcon.colcon_core.environment:checking '/home/roboboat/RoboBoat_Cyber_Minority/Comp_2024/GPS_Related_Tasks/install/task8/bin'
[4.984s] INFO:colcon.colcon_core.shell:Creating package script '/home/roboboat/RoboBoat_Cyber_Minority/Comp_2024/GPS_Related_Tasks/install/task8/share/task8/package.ps1'
[4.985s] INFO:colcon.colcon_core.shell:Creating package descriptor '/home/roboboat/RoboBoat_Cyber_Minority/Comp_2024/GPS_Related_Tasks/install/task8/share/task8/package.dsv'
[4.986s] INFO:colcon.colcon_core.shell:Creating package script '/home/roboboat/RoboBoat_Cyber_Minority/Comp_2024/GPS_Related_Tasks/install/task8/share/task8/package.sh'
[4.987s] INFO:colcon.colcon_core.shell:Creating package script '/home/roboboat/RoboBoat_Cyber_Minority/Comp_2024/GPS_Related_Tasks/install/task8/share/task8/package.bash'
[4.988s] INFO:colcon.colcon_core.shell:Creating package script '/home/roboboat/RoboBoat_Cyber_Minority/Comp_2024/GPS_Related_Tasks/install/task8/share/task8/package.zsh'
[4.989s] Level 1:colcon.colcon_core.environment:create_file_with_runtime_dependencies(/home/roboboat/RoboBoat_Cyber_Minority/Comp_2024/GPS_Related_Tasks/install/task8/share/colcon-core/packages/task8)
[4.998s] DEBUG:colcon.colcon_core.event_handler.log_command:Invoked command in '/home/roboboat/RoboBoat_Cyber_Minority/Comp_2024/GPS_Related_Tasks/build/urg_node' returned '0': CMAKE_PREFIX_PATH=${CMAKE_PREFIX_PATH}:/opt/ros/foxy /usr/bin/cmake --build /home/roboboat/RoboBoat_Cyber_Minority/Comp_2024/GPS_Related_Tasks/build/urg_node -- -j12 -l12
[5.027s] Level 1:colcon.colcon_core.environment:create_environment_scripts_only(finals_tasks)
[5.045s] Level 1:colcon.colcon_core.environment:checking '/home/roboboat/RoboBoat_Cyber_Minority/Comp_2024/GPS_Related_Tasks/install/finals_tasks' for CMake module files
[5.046s] Level 1:colcon.colcon_core.environment:checking '/home/roboboat/RoboBoat_Cyber_Minority/Comp_2024/GPS_Related_Tasks/install/finals_tasks' for CMake config files
[5.047s] Level 1:colcon.colcon_core.shell:create_environment_hook('finals_tasks', 'cmake_prefix_path')
[5.064s] INFO:colcon.colcon_core.shell:Creating environment hook '/home/roboboat/RoboBoat_Cyber_Minority/Comp_2024/GPS_Related_Tasks/install/finals_tasks/share/finals_tasks/hook/cmake_prefix_path.ps1'
[5.065s] INFO:colcon.colcon_core.shell:Creating environment descriptor '/home/roboboat/RoboBoat_Cyber_Minority/Comp_2024/GPS_Related_Tasks/install/finals_tasks/share/finals_tasks/hook/cmake_prefix_path.dsv'
[5.065s] INFO:colcon.colcon_core.shell:Creating environment hook '/home/roboboat/RoboBoat_Cyber_Minority/Comp_2024/GPS_Related_Tasks/install/finals_tasks/share/finals_tasks/hook/cmake_prefix_path.sh'
[5.068s] Level 1:colcon.colcon_core.environment:checking '/home/roboboat/RoboBoat_Cyber_Minority/Comp_2024/GPS_Related_Tasks/install/finals_tasks/bin'
[5.069s] Level 1:colcon.colcon_core.environment:checking '/home/roboboat/RoboBoat_Cyber_Minority/Comp_2024/GPS_Related_Tasks/install/finals_tasks/lib/pkgconfig/finals_tasks.pc'
[5.070s] Level 1:colcon.colcon_core.environment:checking '/home/roboboat/RoboBoat_Cyber_Minority/Comp_2024/GPS_Related_Tasks/install/finals_tasks/lib/python3.8/site-packages'
[5.070s] Level 1:colcon.colcon_core.environment:checking '/home/roboboat/RoboBoat_Cyber_Minority/Comp_2024/GPS_Related_Tasks/install/finals_tasks/bin'
[5.094s] INFO:colcon.colcon_core.shell:Creating package script '/home/roboboat/RoboBoat_Cyber_Minority/Comp_2024/GPS_Related_Tasks/install/finals_tasks/share/finals_tasks/package.ps1'
[5.094s] INFO:colcon.colcon_core.shell:Creating package descriptor '/home/roboboat/RoboBoat_Cyber_Minority/Comp_2024/GPS_Related_Tasks/install/finals_tasks/share/finals_tasks/package.dsv'
[5.095s] INFO:colcon.colcon_core.shell:Creating package script '/home/roboboat/RoboBoat_Cyber_Minority/Comp_2024/GPS_Related_Tasks/install/finals_tasks/share/finals_tasks/package.sh'
[5.096s] INFO:colcon.colcon_core.shell:Creating package script '/home/roboboat/RoboBoat_Cyber_Minority/Comp_2024/GPS_Related_Tasks/install/finals_tasks/share/finals_tasks/package.bash'
[5.096s] INFO:colcon.colcon_core.shell:Creating package script '/home/roboboat/RoboBoat_Cyber_Minority/Comp_2024/GPS_Related_Tasks/install/finals_tasks/share/finals_tasks/package.zsh'
[5.097s] Level 1:colcon.colcon_core.environment:create_file_with_runtime_dependencies(/home/roboboat/RoboBoat_Cyber_Minority/Comp_2024/GPS_Related_Tasks/install/finals_tasks/share/colcon-core/packages/finals_tasks)
[5.100s] DEBUG:colcon.colcon_core.event_handler.log_command:Invoked command in '/home/roboboat/RoboBoat_Cyber_Minority/Comp_2024/GPS_Related_Tasks/build/vectornav_msgs' returned '0': CMAKE_PREFIX_PATH=${CMAKE_PREFIX_PATH}:/opt/ros/foxy /usr/bin/cmake --build /home/roboboat/RoboBoat_Cyber_Minority/Comp_2024/GPS_Related_Tasks/build/vectornav_msgs -- -j12 -l12
[5.127s] Level 1:colcon.colcon_core.environment:create_environment_scripts_only(task1)
[5.145s] Level 1:colcon.colcon_core.environment:checking '/home/roboboat/RoboBoat_Cyber_Minority/Comp_2024/GPS_Related_Tasks/install/task1' for CMake module files
[5.145s] Level 1:colcon.colcon_core.environment:checking '/home/roboboat/RoboBoat_Cyber_Minority/Comp_2024/GPS_Related_Tasks/install/task1' for CMake config files
[5.146s] Level 1:colcon.colcon_core.shell:create_environment_hook('task1', 'cmake_prefix_path')
[5.163s] INFO:colcon.colcon_core.shell:Creating environment hook '/home/roboboat/RoboBoat_Cyber_Minority/Comp_2024/GPS_Related_Tasks/install/task1/share/task1/hook/cmake_prefix_path.ps1'
[5.164s] INFO:colcon.colcon_core.shell:Creating environment descriptor '/home/roboboat/RoboBoat_Cyber_Minority/Comp_2024/GPS_Related_Tasks/install/task1/share/task1/hook/cmake_prefix_path.dsv'
[5.164s] INFO:colcon.colcon_core.shell:Creating environment hook '/home/roboboat/RoboBoat_Cyber_Minority/Comp_2024/GPS_Related_Tasks/install/task1/share/task1/hook/cmake_prefix_path.sh'
[5.165s] Level 1:colcon.colcon_core.environment:checking '/home/roboboat/RoboBoat_Cyber_Minority/Comp_2024/GPS_Related_Tasks/install/task1/bin'
[5.165s] Level 1:colcon.colcon_core.environment:checking '/home/roboboat/RoboBoat_Cyber_Minority/Comp_2024/GPS_Related_Tasks/install/task1/lib/pkgconfig/task1.pc'
[5.168s] Level 1:colcon.colcon_core.environment:checking '/home/roboboat/RoboBoat_Cyber_Minority/Comp_2024/GPS_Related_Tasks/install/task1/lib/python3.8/site-packages'
[5.168s] Level 1:colcon.colcon_core.environment:checking '/home/roboboat/RoboBoat_Cyber_Minority/Comp_2024/GPS_Related_Tasks/install/task1/bin'
[5.187s] INFO:colcon.colcon_core.shell:Creating package script '/home/roboboat/RoboBoat_Cyber_Minority/Comp_2024/GPS_Related_Tasks/install/task1/share/task1/package.ps1'
[5.188s] INFO:colcon.colcon_core.shell:Creating package descriptor '/home/roboboat/RoboBoat_Cyber_Minority/Comp_2024/GPS_Related_Tasks/install/task1/share/task1/package.dsv'
[5.188s] INFO:colcon.colcon_core.shell:Creating package script '/home/roboboat/RoboBoat_Cyber_Minority/Comp_2024/GPS_Related_Tasks/install/task1/share/task1/package.sh'
[5.193s] INFO:colcon.colcon_core.shell:Creating package script '/home/roboboat/RoboBoat_Cyber_Minority/Comp_2024/GPS_Related_Tasks/install/task1/share/task1/package.bash'
[5.194s] INFO:colcon.colcon_core.shell:Creating package script '/home/roboboat/RoboBoat_Cyber_Minority/Comp_2024/GPS_Related_Tasks/install/task1/share/task1/package.zsh'
[5.195s] Level 1:colcon.colcon_core.environment:create_file_with_runtime_dependencies(/home/roboboat/RoboBoat_Cyber_Minority/Comp_2024/GPS_Related_Tasks/install/task1/share/colcon-core/packages/task1)
[5.219s] Level 1:colcon.colcon_core.environment:create_environment_scripts_only(task2)
[5.238s] Level 1:colcon.colcon_core.environment:checking '/home/roboboat/RoboBoat_Cyber_Minority/Comp_2024/GPS_Related_Tasks/install/task2' for CMake module files
[5.239s] Level 1:colcon.colcon_core.environment:checking '/home/roboboat/RoboBoat_Cyber_Minority/Comp_2024/GPS_Related_Tasks/install/task2' for CMake config files
[5.239s] Level 1:colcon.colcon_core.shell:create_environment_hook('task2', 'cmake_prefix_path')
[5.256s] INFO:colcon.colcon_core.shell:Creating environment hook '/home/roboboat/RoboBoat_Cyber_Minority/Comp_2024/GPS_Related_Tasks/install/task2/share/task2/hook/cmake_prefix_path.ps1'
[5.257s] INFO:colcon.colcon_core.shell:Creating environment descriptor '/home/roboboat/RoboBoat_Cyber_Minority/Comp_2024/GPS_Related_Tasks/install/task2/share/task2/hook/cmake_prefix_path.dsv'
[5.258s] INFO:colcon.colcon_core.shell:Creating environment hook '/home/roboboat/RoboBoat_Cyber_Minority/Comp_2024/GPS_Related_Tasks/install/task2/share/task2/hook/cmake_prefix_path.sh'
[5.260s] Level 1:colcon.colcon_core.environment:checking '/home/roboboat/RoboBoat_Cyber_Minority/Comp_2024/GPS_Related_Tasks/install/task2/bin'
[5.261s] Level 1:colcon.colcon_core.environment:checking '/home/roboboat/RoboBoat_Cyber_Minority/Comp_2024/GPS_Related_Tasks/install/task2/lib/pkgconfig/task2.pc'
[5.261s] Level 1:colcon.colcon_core.environment:checking '/home/roboboat/RoboBoat_Cyber_Minority/Comp_2024/GPS_Related_Tasks/install/task2/lib/python3.8/site-packages'
[5.262s] Level 1:colcon.colcon_core.environment:checking '/home/roboboat/RoboBoat_Cyber_Minority/Comp_2024/GPS_Related_Tasks/install/task2/bin'
[5.279s] INFO:colcon.colcon_core.shell:Creating package script '/home/roboboat/RoboBoat_Cyber_Minority/Comp_2024/GPS_Related_Tasks/install/task2/share/task2/package.ps1'
[5.280s] INFO:colcon.colcon_core.shell:Creating package descriptor '/home/roboboat/RoboBoat_Cyber_Minority/Comp_2024/GPS_Related_Tasks/install/task2/share/task2/package.dsv'
[5.282s] INFO:colcon.colcon_core.shell:Creating package script '/home/roboboat/RoboBoat_Cyber_Minority/Comp_2024/GPS_Related_Tasks/install/task2/share/task2/package.sh'
[5.283s] INFO:colcon.colcon_core.shell:Creating package script '/home/roboboat/RoboBoat_Cyber_Minority/Comp_2024/GPS_Related_Tasks/install/task2/share/task2/package.bash'
[5.284s] INFO:colcon.colcon_core.shell:Creating package script '/home/roboboat/RoboBoat_Cyber_Minority/Comp_2024/GPS_Related_Tasks/install/task2/share/task2/package.zsh'
[5.285s] Level 1:colcon.colcon_core.environment:create_file_with_runtime_dependencies(/home/roboboat/RoboBoat_Cyber_Minority/Comp_2024/GPS_Related_Tasks/install/task2/share/colcon-core/packages/task2)
[5.303s] Level 1:colcon.colcon_core.environment:create_environment_scripts_only(task8)
[5.320s] Level 1:colcon.colcon_core.environment:checking '/home/roboboat/RoboBoat_Cyber_Minority/Comp_2024/GPS_Related_Tasks/install/task8' for CMake module files
[5.321s] Level 1:colcon.colcon_core.environment:checking '/home/roboboat/RoboBoat_Cyber_Minority/Comp_2024/GPS_Related_Tasks/install/task8' for CMake config files
[5.321s] Level 1:colcon.colcon_core.shell:create_environment_hook('task8', 'cmake_prefix_path')
[5.338s] INFO:colcon.colcon_core.shell:Creating environment hook '/home/roboboat/RoboBoat_Cyber_Minority/Comp_2024/GPS_Related_Tasks/install/task8/share/task8/hook/cmake_prefix_path.ps1'
[5.339s] INFO:colcon.colcon_core.shell:Creating environment descriptor '/home/roboboat/RoboBoat_Cyber_Minority/Comp_2024/GPS_Related_Tasks/install/task8/share/task8/hook/cmake_prefix_path.dsv'
[5.340s] INFO:colcon.colcon_core.shell:Creating environment hook '/home/roboboat/RoboBoat_Cyber_Minority/Comp_2024/GPS_Related_Tasks/install/task8/share/task8/hook/cmake_prefix_path.sh'
[5.343s] Level 1:colcon.colcon_core.environment:checking '/home/roboboat/RoboBoat_Cyber_Minority/Comp_2024/GPS_Related_Tasks/install/task8/bin'
[5.344s] Level 1:colcon.colcon_core.environment:checking '/home/roboboat/RoboBoat_Cyber_Minority/Comp_2024/GPS_Related_Tasks/install/task8/lib/pkgconfig/task8.pc'
[5.344s] Level 1:colcon.colcon_core.environment:checking '/home/roboboat/RoboBoat_Cyber_Minority/Comp_2024/GPS_Related_Tasks/install/task8/lib/python3.8/site-packages'
[5.344s] Level 1:colcon.colcon_core.environment:checking '/home/roboboat/RoboBoat_Cyber_Minority/Comp_2024/GPS_Related_Tasks/install/task8/bin'
[5.362s] INFO:colcon.colcon_core.shell:Creating package script '/home/roboboat/RoboBoat_Cyber_Minority/Comp_2024/GPS_Related_Tasks/install/task8/share/task8/package.ps1'
[5.363s] INFO:colcon.colcon_core.shell:Creating package descriptor '/home/roboboat/RoboBoat_Cyber_Minority/Comp_2024/GPS_Related_Tasks/install/task8/share/task8/package.dsv'
[5.364s] INFO:colcon.colcon_core.shell:Creating package script '/home/roboboat/RoboBoat_Cyber_Minority/Comp_2024/GPS_Related_Tasks/install/task8/share/task8/package.sh'
[5.366s] INFO:colcon.colcon_core.shell:Creating package script '/home/roboboat/RoboBoat_Cyber_Minority/Comp_2024/GPS_Related_Tasks/install/task8/share/task8/package.bash'
[5.366s] INFO:colcon.colcon_core.shell:Creating package script '/home/roboboat/RoboBoat_Cyber_Minority/Comp_2024/GPS_Related_Tasks/install/task8/share/task8/package.zsh'
[5.367s] Level 1:colcon.colcon_core.environment:create_file_with_runtime_dependencies(/home/roboboat/RoboBoat_Cyber_Minority/Comp_2024/GPS_Related_Tasks/install/task8/share/colcon-core/packages/task8)
[5.375s] DEBUG:colcon.colcon_core.event_handler.log_command:Invoking command in '/home/roboboat/RoboBoat_Cyber_Minority/Comp_2024/GPS_Related_Tasks/build/urg_node': CMAKE_PREFIX_PATH=${CMAKE_PREFIX_PATH}:/opt/ros/foxy /usr/bin/cmake --install /home/roboboat/RoboBoat_Cyber_Minority/Comp_2024/GPS_Related_Tasks/build/urg_node
[5.392s] DEBUG:colcon.colcon_core.event_handler.log_command:Invoking command in '/home/roboboat/RoboBoat_Cyber_Minority/Comp_2024/GPS_Related_Tasks/build/vectornav_msgs': CMAKE_PREFIX_PATH=${CMAKE_PREFIX_PATH}:/opt/ros/foxy /usr/bin/cmake --install /home/roboboat/RoboBoat_Cyber_Minority/Comp_2024/GPS_Related_Tasks/build/vectornav_msgs
[5.398s] Level 1:colcon.colcon_core.environment:create_environment_scripts_only(urg_node)
[5.405s] DEBUG:colcon.colcon_core.event_handler.log_command:Invoked command in '/home/roboboat/RoboBoat_Cyber_Minority/Comp_2024/GPS_Related_Tasks/build/urg_node' returned '0': CMAKE_PREFIX_PATH=${CMAKE_PREFIX_PATH}:/opt/ros/foxy /usr/bin/cmake --install /home/roboboat/RoboBoat_Cyber_Minority/Comp_2024/GPS_Related_Tasks/build/urg_node
[5.438s] Level 1:colcon.colcon_core.environment:checking '/home/roboboat/RoboBoat_Cyber_Minority/Comp_2024/GPS_Related_Tasks/install/urg_node' for CMake module files
[5.441s] Level 1:colcon.colcon_core.environment:checking '/home/roboboat/RoboBoat_Cyber_Minority/Comp_2024/GPS_Related_Tasks/install/urg_node' for CMake config files
[5.443s] Level 1:colcon.colcon_core.shell:create_environment_hook('urg_node', 'cmake_prefix_path')
[5.473s] INFO:colcon.colcon_core.shell:Creating environment hook '/home/roboboat/RoboBoat_Cyber_Minority/Comp_2024/GPS_Related_Tasks/install/urg_node/share/urg_node/hook/cmake_prefix_path.ps1'
[5.474s] INFO:colcon.colcon_core.shell:Creating environment descriptor '/home/roboboat/RoboBoat_Cyber_Minority/Comp_2024/GPS_Related_Tasks/install/urg_node/share/urg_node/hook/cmake_prefix_path.dsv'
[5.474s] INFO:colcon.colcon_core.shell:Creating environment hook '/home/roboboat/RoboBoat_Cyber_Minority/Comp_2024/GPS_Related_Tasks/install/urg_node/share/urg_node/hook/cmake_prefix_path.sh'
[5.477s] Level 1:colcon.colcon_core.environment:checking '/home/roboboat/RoboBoat_Cyber_Minority/Comp_2024/GPS_Related_Tasks/install/urg_node/lib'
[5.478s] Level 1:colcon.colcon_core.shell:create_environment_hook('urg_node', 'ld_library_path_lib')
[5.513s] INFO:colcon.colcon_core.shell:Creating environment hook '/home/roboboat/RoboBoat_Cyber_Minority/Comp_2024/GPS_Related_Tasks/install/urg_node/share/urg_node/hook/ld_library_path_lib.ps1'
[5.514s] INFO:colcon.colcon_core.shell:Creating environment descriptor '/home/roboboat/RoboBoat_Cyber_Minority/Comp_2024/GPS_Related_Tasks/install/urg_node/share/urg_node/hook/ld_library_path_lib.dsv'
[5.515s] INFO:colcon.colcon_core.shell:Creating environment hook '/home/roboboat/RoboBoat_Cyber_Minority/Comp_2024/GPS_Related_Tasks/install/urg_node/share/urg_node/hook/ld_library_path_lib.sh'
[5.517s] Level 1:colcon.colcon_core.environment:checking '/home/roboboat/RoboBoat_Cyber_Minority/Comp_2024/GPS_Related_Tasks/install/urg_node/bin'
[5.517s] Level 1:colcon.colcon_core.environment:checking '/home/roboboat/RoboBoat_Cyber_Minority/Comp_2024/GPS_Related_Tasks/install/urg_node/lib/pkgconfig/urg_node.pc'
[5.517s] Level 1:colcon.colcon_core.environment:checking '/home/roboboat/RoboBoat_Cyber_Minority/Comp_2024/GPS_Related_Tasks/install/urg_node/lib/python3.8/site-packages'
[5.518s] Level 1:colcon.colcon_core.environment:checking '/home/roboboat/RoboBoat_Cyber_Minority/Comp_2024/GPS_Related_Tasks/install/urg_node/bin'
[5.535s] INFO:colcon.colcon_core.shell:Creating package script '/home/roboboat/RoboBoat_Cyber_Minority/Comp_2024/GPS_Related_Tasks/install/urg_node/share/urg_node/package.ps1'
[5.536s] INFO:colcon.colcon_core.shell:Creating package descriptor '/home/roboboat/RoboBoat_Cyber_Minority/Comp_2024/GPS_Related_Tasks/install/urg_node/share/urg_node/package.dsv'
[5.537s] INFO:colcon.colcon_core.shell:Creating package script '/home/roboboat/RoboBoat_Cyber_Minority/Comp_2024/GPS_Related_Tasks/install/urg_node/share/urg_node/package.sh'
[5.540s] INFO:colcon.colcon_core.shell:Creating package script '/home/roboboat/RoboBoat_Cyber_Minority/Comp_2024/GPS_Related_Tasks/install/urg_node/share/urg_node/package.bash'
[5.541s] INFO:colcon.colcon_core.shell:Creating package script '/home/roboboat/RoboBoat_Cyber_Minority/Comp_2024/GPS_Related_Tasks/install/urg_node/share/urg_node/package.zsh'
[5.541s] Level 1:colcon.colcon_core.environment:create_file_with_runtime_dependencies(/home/roboboat/RoboBoat_Cyber_Minority/Comp_2024/GPS_Related_Tasks/install/urg_node/share/colcon-core/packages/urg_node)
[5.553s] Level 1:colcon.colcon_core.environment:create_environment_scripts_only(vectornav_msgs)
[5.555s] DEBUG:colcon.colcon_core.event_handler.log_command:Invoked command in '/home/roboboat/RoboBoat_Cyber_Minority/Comp_2024/GPS_Related_Tasks/build/vectornav_msgs' returned '0': CMAKE_PREFIX_PATH=${CMAKE_PREFIX_PATH}:/opt/ros/foxy /usr/bin/cmake --install /home/roboboat/RoboBoat_Cyber_Minority/Comp_2024/GPS_Related_Tasks/build/vectornav_msgs
[5.574s] Level 1:colcon.colcon_core.environment:checking '/home/roboboat/RoboBoat_Cyber_Minority/Comp_2024/GPS_Related_Tasks/install/vectornav_msgs' for CMake module files
[5.575s] Level 1:colcon.colcon_core.environment:checking '/home/roboboat/RoboBoat_Cyber_Minority/Comp_2024/GPS_Related_Tasks/install/vectornav_msgs' for CMake config files
[5.576s] Level 1:colcon.colcon_core.shell:create_environment_hook('vectornav_msgs', 'cmake_prefix_path')
[5.593s] INFO:colcon.colcon_core.shell:Creating environment hook '/home/roboboat/RoboBoat_Cyber_Minority/Comp_2024/GPS_Related_Tasks/install/vectornav_msgs/share/vectornav_msgs/hook/cmake_prefix_path.ps1'
[5.594s] INFO:colcon.colcon_core.shell:Creating environment descriptor '/home/roboboat/RoboBoat_Cyber_Minority/Comp_2024/GPS_Related_Tasks/install/vectornav_msgs/share/vectornav_msgs/hook/cmake_prefix_path.dsv'
[5.595s] INFO:colcon.colcon_core.shell:Creating environment hook '/home/roboboat/RoboBoat_Cyber_Minority/Comp_2024/GPS_Related_Tasks/install/vectornav_msgs/share/vectornav_msgs/hook/cmake_prefix_path.sh'
[5.599s] Level 1:colcon.colcon_core.environment:checking '/home/roboboat/RoboBoat_Cyber_Minority/Comp_2024/GPS_Related_Tasks/install/vectornav_msgs/lib'
[5.599s] Level 1:colcon.colcon_core.shell:create_environment_hook('vectornav_msgs', 'ld_library_path_lib')
[5.624s] INFO:colcon.colcon_core.shell:Creating environment hook '/home/roboboat/RoboBoat_Cyber_Minority/Comp_2024/GPS_Related_Tasks/install/vectornav_msgs/share/vectornav_msgs/hook/ld_library_path_lib.ps1'
[5.625s] INFO:colcon.colcon_core.shell:Creating environment descriptor '/home/roboboat/RoboBoat_Cyber_Minority/Comp_2024/GPS_Related_Tasks/install/vectornav_msgs/share/vectornav_msgs/hook/ld_library_path_lib.dsv'
[5.625s] INFO:colcon.colcon_core.shell:Creating environment hook '/home/roboboat/RoboBoat_Cyber_Minority/Comp_2024/GPS_Related_Tasks/install/vectornav_msgs/share/vectornav_msgs/hook/ld_library_path_lib.sh'
[5.626s] Level 1:colcon.colcon_core.environment:checking '/home/roboboat/RoboBoat_Cyber_Minority/Comp_2024/GPS_Related_Tasks/install/vectornav_msgs/bin'
[5.626s] Level 1:colcon.colcon_core.environment:checking '/home/roboboat/RoboBoat_Cyber_Minority/Comp_2024/GPS_Related_Tasks/install/vectornav_msgs/lib/pkgconfig/vectornav_msgs.pc'
[5.626s] Level 1:colcon.colcon_core.environment:checking '/home/roboboat/RoboBoat_Cyber_Minority/Comp_2024/GPS_Related_Tasks/install/vectornav_msgs/lib/python3.8/site-packages'
[5.627s] Level 1:colcon.colcon_core.shell:create_environment_hook('vectornav_msgs', 'pythonpath')
[5.644s] INFO:colcon.colcon_core.shell:Creating environment hook '/home/roboboat/RoboBoat_Cyber_Minority/Comp_2024/GPS_Related_Tasks/install/vectornav_msgs/share/vectornav_msgs/hook/pythonpath.ps1'
[5.644s] INFO:colcon.colcon_core.shell:Creating environment descriptor '/home/roboboat/RoboBoat_Cyber_Minority/Comp_2024/GPS_Related_Tasks/install/vectornav_msgs/share/vectornav_msgs/hook/pythonpath.dsv'
[5.645s] INFO:colcon.colcon_core.shell:Creating environment hook '/home/roboboat/RoboBoat_Cyber_Minority/Comp_2024/GPS_Related_Tasks/install/vectornav_msgs/share/vectornav_msgs/hook/pythonpath.sh'
[5.647s] Level 1:colcon.colcon_core.environment:checking '/home/roboboat/RoboBoat_Cyber_Minority/Comp_2024/GPS_Related_Tasks/install/vectornav_msgs/bin'
[5.664s] INFO:colcon.colcon_core.shell:Creating package script '/home/roboboat/RoboBoat_Cyber_Minority/Comp_2024/GPS_Related_Tasks/install/vectornav_msgs/share/vectornav_msgs/package.ps1'
[5.665s] INFO:colcon.colcon_core.shell:Creating package descriptor '/home/roboboat/RoboBoat_Cyber_Minority/Comp_2024/GPS_Related_Tasks/install/vectornav_msgs/share/vectornav_msgs/package.dsv'
[5.667s] INFO:colcon.colcon_core.shell:Creating package script '/home/roboboat/RoboBoat_Cyber_Minority/Comp_2024/GPS_Related_Tasks/install/vectornav_msgs/share/vectornav_msgs/package.sh'
[5.669s] INFO:colcon.colcon_core.shell:Creating package script '/home/roboboat/RoboBoat_Cyber_Minority/Comp_2024/GPS_Related_Tasks/install/vectornav_msgs/share/vectornav_msgs/package.bash'
[5.670s] INFO:colcon.colcon_core.shell:Creating package script '/home/roboboat/RoboBoat_Cyber_Minority/Comp_2024/GPS_Related_Tasks/install/vectornav_msgs/share/vectornav_msgs/package.zsh'
[5.672s] Level 1:colcon.colcon_core.environment:create_file_with_runtime_dependencies(/home/roboboat/RoboBoat_Cyber_Minority/Comp_2024/GPS_Related_Tasks/install/vectornav_msgs/share/colcon-core/packages/vectornav_msgs)
[5.705s] Level 1:colcon.colcon_core.environment:create_environment_scripts_only(urg_node)
[5.723s] Level 1:colcon.colcon_core.environment:checking '/home/roboboat/RoboBoat_Cyber_Minority/Comp_2024/GPS_Related_Tasks/install/urg_node' for CMake module files
[5.724s] Level 1:colcon.colcon_core.environment:checking '/home/roboboat/RoboBoat_Cyber_Minority/Comp_2024/GPS_Related_Tasks/install/urg_node' for CMake config files
[5.724s] Level 1:colcon.colcon_core.shell:create_environment_hook('urg_node', 'cmake_prefix_path')
[5.743s] INFO:colcon.colcon_core.shell:Creating environment hook '/home/roboboat/RoboBoat_Cyber_Minority/Comp_2024/GPS_Related_Tasks/install/urg_node/share/urg_node/hook/cmake_prefix_path.ps1'
[5.744s] INFO:colcon.colcon_core.shell:Creating environment descriptor '/home/roboboat/RoboBoat_Cyber_Minority/Comp_2024/GPS_Related_Tasks/install/urg_node/share/urg_node/hook/cmake_prefix_path.dsv'
[5.744s] INFO:colcon.colcon_core.shell:Creating environment hook '/home/roboboat/RoboBoat_Cyber_Minority/Comp_2024/GPS_Related_Tasks/install/urg_node/share/urg_node/hook/cmake_prefix_path.sh'
[5.748s] Level 1:colcon.colcon_core.environment:checking '/home/roboboat/RoboBoat_Cyber_Minority/Comp_2024/GPS_Related_Tasks/install/urg_node/lib'
[5.749s] Level 1:colcon.colcon_core.shell:create_environment_hook('urg_node', 'ld_library_path_lib')
[5.767s] INFO:colcon.colcon_core.shell:Creating environment hook '/home/roboboat/RoboBoat_Cyber_Minority/Comp_2024/GPS_Related_Tasks/install/urg_node/share/urg_node/hook/ld_library_path_lib.ps1'
[5.767s] INFO:colcon.colcon_core.shell:Creating environment descriptor '/home/roboboat/RoboBoat_Cyber_Minority/Comp_2024/GPS_Related_Tasks/install/urg_node/share/urg_node/hook/ld_library_path_lib.dsv'
[5.768s] INFO:colcon.colcon_core.shell:Creating environment hook '/home/roboboat/RoboBoat_Cyber_Minority/Comp_2024/GPS_Related_Tasks/install/urg_node/share/urg_node/hook/ld_library_path_lib.sh'
[5.768s] Level 1:colcon.colcon_core.environment:checking '/home/roboboat/RoboBoat_Cyber_Minority/Comp_2024/GPS_Related_Tasks/install/urg_node/bin'
[5.770s] Level 1:colcon.colcon_core.environment:checking '/home/roboboat/RoboBoat_Cyber_Minority/Comp_2024/GPS_Related_Tasks/install/urg_node/lib/pkgconfig/urg_node.pc'
[5.771s] Level 1:colcon.colcon_core.environment:checking '/home/roboboat/RoboBoat_Cyber_Minority/Comp_2024/GPS_Related_Tasks/install/urg_node/lib/python3.8/site-packages'
[5.772s] Level 1:colcon.colcon_core.environment:checking '/home/roboboat/RoboBoat_Cyber_Minority/Comp_2024/GPS_Related_Tasks/install/urg_node/bin'
[5.791s] INFO:colcon.colcon_core.shell:Creating package script '/home/roboboat/RoboBoat_Cyber_Minority/Comp_2024/GPS_Related_Tasks/install/urg_node/share/urg_node/package.ps1'
[5.792s] INFO:colcon.colcon_core.shell:Creating package descriptor '/home/roboboat/RoboBoat_Cyber_Minority/Comp_2024/GPS_Related_Tasks/install/urg_node/share/urg_node/package.dsv'
[5.795s] INFO:colcon.colcon_core.shell:Creating package script '/home/roboboat/RoboBoat_Cyber_Minority/Comp_2024/GPS_Related_Tasks/install/urg_node/share/urg_node/package.sh'
[5.796s] INFO:colcon.colcon_core.shell:Creating package script '/home/roboboat/RoboBoat_Cyber_Minority/Comp_2024/GPS_Related_Tasks/install/urg_node/share/urg_node/package.bash'
[5.797s] INFO:colcon.colcon_core.shell:Creating package script '/home/roboboat/RoboBoat_Cyber_Minority/Comp_2024/GPS_Related_Tasks/install/urg_node/share/urg_node/package.zsh'
[5.797s] Level 1:colcon.colcon_core.environment:create_file_with_runtime_dependencies(/home/roboboat/RoboBoat_Cyber_Minority/Comp_2024/GPS_Related_Tasks/install/urg_node/share/colcon-core/packages/urg_node)
[6.050s] Level 1:colcon.colcon_core.environment:create_environment_scripts_only(vectornav_msgs)
[6.072s] Level 1:colcon.colcon_core.environment:checking '/home/roboboat/RoboBoat_Cyber_Minority/Comp_2024/GPS_Related_Tasks/install/vectornav_msgs' for CMake module files
[6.073s] Level 1:colcon.colcon_core.environment:checking '/home/roboboat/RoboBoat_Cyber_Minority/Comp_2024/GPS_Related_Tasks/install/vectornav_msgs' for CMake config files
[6.074s] Level 1:colcon.colcon_core.shell:create_environment_hook('vectornav_msgs', 'cmake_prefix_path')
[6.090s] INFO:colcon.colcon_core.shell:Creating environment hook '/home/roboboat/RoboBoat_Cyber_Minority/Comp_2024/GPS_Related_Tasks/install/vectornav_msgs/share/vectornav_msgs/hook/cmake_prefix_path.ps1'
[6.091s] INFO:colcon.colcon_core.shell:Creating environment descriptor '/home/roboboat/RoboBoat_Cyber_Minority/Comp_2024/GPS_Related_Tasks/install/vectornav_msgs/share/vectornav_msgs/hook/cmake_prefix_path.dsv'
[6.092s] INFO:colcon.colcon_core.shell:Creating environment hook '/home/roboboat/RoboBoat_Cyber_Minority/Comp_2024/GPS_Related_Tasks/install/vectornav_msgs/share/vectornav_msgs/hook/cmake_prefix_path.sh'
[6.095s] Level 1:colcon.colcon_core.environment:checking '/home/roboboat/RoboBoat_Cyber_Minority/Comp_2024/GPS_Related_Tasks/install/vectornav_msgs/lib'
[6.095s] Level 1:colcon.colcon_core.shell:create_environment_hook('vectornav_msgs', 'ld_library_path_lib')
[6.114s] INFO:colcon.colcon_core.shell:Creating environment hook '/home/roboboat/RoboBoat_Cyber_Minority/Comp_2024/GPS_Related_Tasks/install/vectornav_msgs/share/vectornav_msgs/hook/ld_library_path_lib.ps1'
[6.114s] INFO:colcon.colcon_core.shell:Creating environment descriptor '/home/roboboat/RoboBoat_Cyber_Minority/Comp_2024/GPS_Related_Tasks/install/vectornav_msgs/share/vectornav_msgs/hook/ld_library_path_lib.dsv'
[6.115s] INFO:colcon.colcon_core.shell:Creating environment hook '/home/roboboat/RoboBoat_Cyber_Minority/Comp_2024/GPS_Related_Tasks/install/vectornav_msgs/share/vectornav_msgs/hook/ld_library_path_lib.sh'
[6.115s] Level 1:colcon.colcon_core.environment:checking '/home/roboboat/RoboBoat_Cyber_Minority/Comp_2024/GPS_Related_Tasks/install/vectornav_msgs/bin'
[6.116s] Level 1:colcon.colcon_core.environment:checking '/home/roboboat/RoboBoat_Cyber_Minority/Comp_2024/GPS_Related_Tasks/install/vectornav_msgs/lib/pkgconfig/vectornav_msgs.pc'
[6.116s] Level 1:colcon.colcon_core.environment:checking '/home/roboboat/RoboBoat_Cyber_Minority/Comp_2024/GPS_Related_Tasks/install/vectornav_msgs/lib/python3.8/site-packages'
[6.116s] Level 1:colcon.colcon_core.shell:create_environment_hook('vectornav_msgs', 'pythonpath')
[6.133s] INFO:colcon.colcon_core.shell:Creating environment hook '/home/roboboat/RoboBoat_Cyber_Minority/Comp_2024/GPS_Related_Tasks/install/vectornav_msgs/share/vectornav_msgs/hook/pythonpath.ps1'
[6.133s] INFO:colcon.colcon_core.shell:Creating environment descriptor '/home/roboboat/RoboBoat_Cyber_Minority/Comp_2024/GPS_Related_Tasks/install/vectornav_msgs/share/vectornav_msgs/hook/pythonpath.dsv'
[6.134s] INFO:colcon.colcon_core.shell:Creating environment hook '/home/roboboat/RoboBoat_Cyber_Minority/Comp_2024/GPS_Related_Tasks/install/vectornav_msgs/share/vectornav_msgs/hook/pythonpath.sh'
[6.137s] Level 1:colcon.colcon_core.environment:checking '/home/roboboat/RoboBoat_Cyber_Minority/Comp_2024/GPS_Related_Tasks/install/vectornav_msgs/bin'
[6.158s] INFO:colcon.colcon_core.shell:Creating package script '/home/roboboat/RoboBoat_Cyber_Minority/Comp_2024/GPS_Related_Tasks/install/vectornav_msgs/share/vectornav_msgs/package.ps1'
[6.160s] INFO:colcon.colcon_core.shell:Creating package descriptor '/home/roboboat/RoboBoat_Cyber_Minority/Comp_2024/GPS_Related_Tasks/install/vectornav_msgs/share/vectornav_msgs/package.dsv'
[6.160s] INFO:colcon.colcon_core.shell:Creating package script '/home/roboboat/RoboBoat_Cyber_Minority/Comp_2024/GPS_Related_Tasks/install/vectornav_msgs/share/vectornav_msgs/package.sh'
[6.161s] INFO:colcon.colcon_core.shell:Creating package script '/home/roboboat/RoboBoat_Cyber_Minority/Comp_2024/GPS_Related_Tasks/install/vectornav_msgs/share/vectornav_msgs/package.bash'
[6.162s] INFO:colcon.colcon_core.shell:Creating package script '/home/roboboat/RoboBoat_Cyber_Minority/Comp_2024/GPS_Related_Tasks/install/vectornav_msgs/share/vectornav_msgs/package.zsh'
[6.162s] Level 1:colcon.colcon_core.environment:create_file_with_runtime_dependencies(/home/roboboat/RoboBoat_Cyber_Minority/Comp_2024/GPS_Related_Tasks/install/vectornav_msgs/share/colcon-core/packages/vectornav_msgs)
[6.165s] INFO:colcon.colcon_ros.task.ament_cmake.build:Building ROS package in '/home/roboboat/RoboBoat_Cyber_Minority/Comp_2024/GPS_Related_Tasks/src/vectornav/vectornav' with build type 'ament_cmake'
[6.166s] INFO:colcon.colcon_cmake.task.cmake.build:Building CMake package in '/home/roboboat/RoboBoat_Cyber_Minority/Comp_2024/GPS_Related_Tasks/src/vectornav/vectornav'
[6.183s] INFO:colcon.colcon_core.shell:Skip shell extension 'powershell' for command environment: Not usable outside of PowerShell
[6.183s] DEBUG:colcon.colcon_core.shell:Skip shell extension 'dsv' for command environment
[6.264s] DEBUG:colcon.colcon_core.event_handler.log_command:Invoking command in '/home/roboboat/RoboBoat_Cyber_Minority/Comp_2024/GPS_Related_Tasks/build/vectornav': AMENT_PREFIX_PATH=/home/roboboat/RoboBoat_Cyber_Minority/Comp_2024/GPS_Related_Tasks/install/vectornav_msgs:${AMENT_PREFIX_PATH} CMAKE_PREFIX_PATH=/home/roboboat/RoboBoat_Cyber_Minority/Comp_2024/GPS_Related_Tasks/install/vectornav_msgs:/home/roboboat/RoboBoat_Cyber_Minority/ROS2_Imp/ros2_foxy/install/vectornav:/home/roboboat/RoboBoat_Cyber_Minority/ROS2_Imp/ros2_foxy/install/vectornav_msgs:/home/roboboat/RoboBoat_Cyber_Minority/ROS2_Imp/ros2_foxy/install/main_control:/home/roboboat/RoboBoat_Cyber_Minority/ROS2_Imp/ros2_foxy/install/detector:/opt/ros/foxy LD_LIBRARY_PATH=/home/roboboat/RoboBoat_Cyber_Minority/Comp_2024/GPS_Related_Tasks/install/vectornav_msgs/lib:${LD_LIBRARY_PATH} PYTHONPATH=/home/roboboat/RoboBoat_Cyber_Minority/Comp_2024/GPS_Related_Tasks/install/vectornav_msgs/lib/python3.8/site-packages:${PYTHONPATH} /usr/bin/cmake --build /home/roboboat/RoboBoat_Cyber_Minority/Comp_2024/GPS_Related_Tasks/build/vectornav -- -j12 -l12
[6.434s] DEBUG:colcon.colcon_core.event_handler.log_command:Invoked command in '/home/roboboat/RoboBoat_Cyber_Minority/Comp_2024/GPS_Related_Tasks/build/vectornav' returned '0': AMENT_PREFIX_PATH=/home/roboboat/RoboBoat_Cyber_Minority/Comp_2024/GPS_Related_Tasks/install/vectornav_msgs:${AMENT_PREFIX_PATH} CMAKE_PREFIX_PATH=/home/roboboat/RoboBoat_Cyber_Minority/Comp_2024/GPS_Related_Tasks/install/vectornav_msgs:/home/roboboat/RoboBoat_Cyber_Minority/ROS2_Imp/ros2_foxy/install/vectornav:/home/roboboat/RoboBoat_Cyber_Minority/ROS2_Imp/ros2_foxy/install/vectornav_msgs:/home/roboboat/RoboBoat_Cyber_Minority/ROS2_Imp/ros2_foxy/install/main_control:/home/roboboat/RoboBoat_Cyber_Minority/ROS2_Imp/ros2_foxy/install/detector:/opt/ros/foxy LD_LIBRARY_PATH=/home/roboboat/RoboBoat_Cyber_Minority/Comp_2024/GPS_Related_Tasks/install/vectornav_msgs/lib:${LD_LIBRARY_PATH} PYTHONPATH=/home/roboboat/RoboBoat_Cyber_Minority/Comp_2024/GPS_Related_Tasks/install/vectornav_msgs/lib/python3.8/site-packages:${PYTHONPATH} /usr/bin/cmake --build /home/roboboat/RoboBoat_Cyber_Minority/Comp_2024/GPS_Related_Tasks/build/vectornav -- -j12 -l12
[6.490s] DEBUG:colcon.colcon_core.event_handler.log_command:Invoking command in '/home/roboboat/RoboBoat_Cyber_Minority/Comp_2024/GPS_Related_Tasks/build/vectornav': AMENT_PREFIX_PATH=/home/roboboat/RoboBoat_Cyber_Minority/Comp_2024/GPS_Related_Tasks/install/vectornav_msgs:${AMENT_PREFIX_PATH} CMAKE_PREFIX_PATH=/home/roboboat/RoboBoat_Cyber_Minority/Comp_2024/GPS_Related_Tasks/install/vectornav_msgs:/home/roboboat/RoboBoat_Cyber_Minority/ROS2_Imp/ros2_foxy/install/vectornav:/home/roboboat/RoboBoat_Cyber_Minority/ROS2_Imp/ros2_foxy/install/vectornav_msgs:/home/roboboat/RoboBoat_Cyber_Minority/ROS2_Imp/ros2_foxy/install/main_control:/home/roboboat/RoboBoat_Cyber_Minority/ROS2_Imp/ros2_foxy/install/detector:/opt/ros/foxy LD_LIBRARY_PATH=/home/roboboat/RoboBoat_Cyber_Minority/Comp_2024/GPS_Related_Tasks/install/vectornav_msgs/lib:${LD_LIBRARY_PATH} PYTHONPATH=/home/roboboat/RoboBoat_Cyber_Minority/Comp_2024/GPS_Related_Tasks/install/vectornav_msgs/lib/python3.8/site-packages:${PYTHONPATH} /usr/bin/cmake --install /home/roboboat/RoboBoat_Cyber_Minority/Comp_2024/GPS_Related_Tasks/build/vectornav
[6.519s] Level 1:colcon.colcon_core.environment:create_environment_scripts_only(vectornav)
[6.533s] DEBUG:colcon.colcon_core.event_handler.log_command:Invoked command in '/home/roboboat/RoboBoat_Cyber_Minority/Comp_2024/GPS_Related_Tasks/build/vectornav' returned '0': AMENT_PREFIX_PATH=/home/roboboat/RoboBoat_Cyber_Minority/Comp_2024/GPS_Related_Tasks/install/vectornav_msgs:${AMENT_PREFIX_PATH} CMAKE_PREFIX_PATH=/home/roboboat/RoboBoat_Cyber_Minority/Comp_2024/GPS_Related_Tasks/install/vectornav_msgs:/home/roboboat/RoboBoat_Cyber_Minority/ROS2_Imp/ros2_foxy/install/vectornav:/home/roboboat/RoboBoat_Cyber_Minority/ROS2_Imp/ros2_foxy/install/vectornav_msgs:/home/roboboat/RoboBoat_Cyber_Minority/ROS2_Imp/ros2_foxy/install/main_control:/home/roboboat/RoboBoat_Cyber_Minority/ROS2_Imp/ros2_foxy/install/detector:/opt/ros/foxy LD_LIBRARY_PATH=/home/roboboat/RoboBoat_Cyber_Minority/Comp_2024/GPS_Related_Tasks/install/vectornav_msgs/lib:${LD_LIBRARY_PATH} PYTHONPATH=/home/roboboat/RoboBoat_Cyber_Minority/Comp_2024/GPS_Related_Tasks/install/vectornav_msgs/lib/python3.8/site-packages:${PYTHONPATH} /usr/bin/cmake --install /home/roboboat/RoboBoat_Cyber_Minority/Comp_2024/GPS_Related_Tasks/build/vectornav
[6.560s] Level 1:colcon.colcon_core.environment:checking '/home/roboboat/RoboBoat_Cyber_Minority/Comp_2024/GPS_Related_Tasks/install/vectornav' for CMake module files
[6.561s] Level 1:colcon.colcon_core.environment:checking '/home/roboboat/RoboBoat_Cyber_Minority/Comp_2024/GPS_Related_Tasks/install/vectornav' for CMake config files
[6.562s] Level 1:colcon.colcon_core.shell:create_environment_hook('vectornav', 'cmake_prefix_path')
[6.583s] INFO:colcon.colcon_core.shell:Creating environment hook '/home/roboboat/RoboBoat_Cyber_Minority/Comp_2024/GPS_Related_Tasks/install/vectornav/share/vectornav/hook/cmake_prefix_path.ps1'
[6.584s] INFO:colcon.colcon_core.shell:Creating environment descriptor '/home/roboboat/RoboBoat_Cyber_Minority/Comp_2024/GPS_Related_Tasks/install/vectornav/share/vectornav/hook/cmake_prefix_path.dsv'
[6.585s] INFO:colcon.colcon_core.shell:Creating environment hook '/home/roboboat/RoboBoat_Cyber_Minority/Comp_2024/GPS_Related_Tasks/install/vectornav/share/vectornav/hook/cmake_prefix_path.sh'
[6.588s] Level 1:colcon.colcon_core.environment:checking '/home/roboboat/RoboBoat_Cyber_Minority/Comp_2024/GPS_Related_Tasks/install/vectornav/lib'
[6.588s] Level 1:colcon.colcon_core.shell:create_environment_hook('vectornav', 'ld_library_path_lib')
[6.613s] INFO:colcon.colcon_core.shell:Creating environment hook '/home/roboboat/RoboBoat_Cyber_Minority/Comp_2024/GPS_Related_Tasks/install/vectornav/share/vectornav/hook/ld_library_path_lib.ps1'
[6.614s] INFO:colcon.colcon_core.shell:Creating environment descriptor '/home/roboboat/RoboBoat_Cyber_Minority/Comp_2024/GPS_Related_Tasks/install/vectornav/share/vectornav/hook/ld_library_path_lib.dsv'
[6.614s] INFO:colcon.colcon_core.shell:Creating environment hook '/home/roboboat/RoboBoat_Cyber_Minority/Comp_2024/GPS_Related_Tasks/install/vectornav/share/vectornav/hook/ld_library_path_lib.sh'
[6.615s] Level 1:colcon.colcon_core.environment:checking '/home/roboboat/RoboBoat_Cyber_Minority/Comp_2024/GPS_Related_Tasks/install/vectornav/bin'
[6.615s] Level 1:colcon.colcon_core.environment:checking '/home/roboboat/RoboBoat_Cyber_Minority/Comp_2024/GPS_Related_Tasks/install/vectornav/lib/pkgconfig/vectornav.pc'
[6.615s] Level 1:colcon.colcon_core.environment:checking '/home/roboboat/RoboBoat_Cyber_Minority/Comp_2024/GPS_Related_Tasks/install/vectornav/lib/python3.8/site-packages'
[6.615s] Level 1:colcon.colcon_core.environment:checking '/home/roboboat/RoboBoat_Cyber_Minority/Comp_2024/GPS_Related_Tasks/install/vectornav/bin'
[6.632s] INFO:colcon.colcon_core.shell:Creating package script '/home/roboboat/RoboBoat_Cyber_Minority/Comp_2024/GPS_Related_Tasks/install/vectornav/share/vectornav/package.ps1'
[6.633s] INFO:colcon.colcon_core.shell:Creating package descriptor '/home/roboboat/RoboBoat_Cyber_Minority/Comp_2024/GPS_Related_Tasks/install/vectornav/share/vectornav/package.dsv'
[6.634s] INFO:colcon.colcon_core.shell:Creating package script '/home/roboboat/RoboBoat_Cyber_Minority/Comp_2024/GPS_Related_Tasks/install/vectornav/share/vectornav/package.sh'
[6.637s] INFO:colcon.colcon_core.shell:Creating package script '/home/roboboat/RoboBoat_Cyber_Minority/Comp_2024/GPS_Related_Tasks/install/vectornav/share/vectornav/package.bash'
[6.637s] INFO:colcon.colcon_core.shell:Creating package script '/home/roboboat/RoboBoat_Cyber_Minority/Comp_2024/GPS_Related_Tasks/install/vectornav/share/vectornav/package.zsh'
[6.640s] Level 1:colcon.colcon_core.environment:create_file_with_runtime_dependencies(/home/roboboat/RoboBoat_Cyber_Minority/Comp_2024/GPS_Related_Tasks/install/vectornav/share/colcon-core/packages/vectornav)
[6.716s] Level 1:colcon.colcon_core.environment:create_environment_scripts_only(vectornav)
[6.735s] Level 1:colcon.colcon_core.environment:checking '/home/roboboat/RoboBoat_Cyber_Minority/Comp_2024/GPS_Related_Tasks/install/vectornav' for CMake module files
[6.736s] Level 1:colcon.colcon_core.environment:checking '/home/roboboat/RoboBoat_Cyber_Minority/Comp_2024/GPS_Related_Tasks/install/vectornav' for CMake config files
[6.736s] Level 1:colcon.colcon_core.shell:create_environment_hook('vectornav', 'cmake_prefix_path')
[6.752s] INFO:colcon.colcon_core.shell:Creating environment hook '/home/roboboat/RoboBoat_Cyber_Minority/Comp_2024/GPS_Related_Tasks/install/vectornav/share/vectornav/hook/cmake_prefix_path.ps1'
[6.753s] INFO:colcon.colcon_core.shell:Creating environment descriptor '/home/roboboat/RoboBoat_Cyber_Minority/Comp_2024/GPS_Related_Tasks/install/vectornav/share/vectornav/hook/cmake_prefix_path.dsv'
[6.754s] INFO:colcon.colcon_core.shell:Creating environment hook '/home/roboboat/RoboBoat_Cyber_Minority/Comp_2024/GPS_Related_Tasks/install/vectornav/share/vectornav/hook/cmake_prefix_path.sh'
[6.756s] Level 1:colcon.colcon_core.environment:checking '/home/roboboat/RoboBoat_Cyber_Minority/Comp_2024/GPS_Related_Tasks/install/vectornav/lib'
[6.756s] Level 1:colcon.colcon_core.shell:create_environment_hook('vectornav', 'ld_library_path_lib')
[6.772s] INFO:colcon.colcon_core.shell:Creating environment hook '/home/roboboat/RoboBoat_Cyber_Minority/Comp_2024/GPS_Related_Tasks/install/vectornav/share/vectornav/hook/ld_library_path_lib.ps1'
[6.773s] INFO:colcon.colcon_core.shell:Creating environment descriptor '/home/roboboat/RoboBoat_Cyber_Minority/Comp_2024/GPS_Related_Tasks/install/vectornav/share/vectornav/hook/ld_library_path_lib.dsv'
[6.774s] INFO:colcon.colcon_core.shell:Creating environment hook '/home/roboboat/RoboBoat_Cyber_Minority/Comp_2024/GPS_Related_Tasks/install/vectornav/share/vectornav/hook/ld_library_path_lib.sh'
[6.776s] Level 1:colcon.colcon_core.environment:checking '/home/roboboat/RoboBoat_Cyber_Minority/Comp_2024/GPS_Related_Tasks/install/vectornav/bin'
[6.776s] Level 1:colcon.colcon_core.environment:checking '/home/roboboat/RoboBoat_Cyber_Minority/Comp_2024/GPS_Related_Tasks/install/vectornav/lib/pkgconfig/vectornav.pc'
[6.779s] Level 1:colcon.colcon_core.environment:checking '/home/roboboat/RoboBoat_Cyber_Minority/Comp_2024/GPS_Related_Tasks/install/vectornav/lib/python3.8/site-packages'
[6.779s] Level 1:colcon.colcon_core.environment:checking '/home/roboboat/RoboBoat_Cyber_Minority/Comp_2024/GPS_Related_Tasks/install/vectornav/bin'
[6.796s] INFO:colcon.colcon_core.shell:Creating package script '/home/roboboat/RoboBoat_Cyber_Minority/Comp_2024/GPS_Related_Tasks/install/vectornav/share/vectornav/package.ps1'
[6.797s] INFO:colcon.colcon_core.shell:Creating package descriptor '/home/roboboat/RoboBoat_Cyber_Minority/Comp_2024/GPS_Related_Tasks/install/vectornav/share/vectornav/package.dsv'
[6.799s] INFO:colcon.colcon_core.shell:Creating package script '/home/roboboat/RoboBoat_Cyber_Minority/Comp_2024/GPS_Related_Tasks/install/vectornav/share/vectornav/package.sh'
[6.800s] INFO:colcon.colcon_core.shell:Creating package script '/home/roboboat/RoboBoat_Cyber_Minority/Comp_2024/GPS_Related_Tasks/install/vectornav/share/vectornav/package.bash'
[6.800s] INFO:colcon.colcon_core.shell:Creating package script '/home/roboboat/RoboBoat_Cyber_Minority/Comp_2024/GPS_Related_Tasks/install/vectornav/share/vectornav/package.zsh'
[6.801s] Level 1:colcon.colcon_core.environment:create_file_with_runtime_dependencies(/home/roboboat/RoboBoat_Cyber_Minority/Comp_2024/GPS_Related_Tasks/install/vectornav/share/colcon-core/packages/vectornav)
[6.802s] DEBUG:colcon.colcon_parallel_executor.executor.parallel:closing loop
[6.803s] DEBUG:colcon.colcon_parallel_executor.executor.parallel:loop closed
[6.803s] DEBUG:colcon.colcon_parallel_executor.executor.parallel:run_until_complete finished with '0'
[6.803s] DEBUG:colcon.colcon_core.event_reactor:joining thread
[6.828s] INFO:colcon.colcon_core.plugin_system:Skipping extension 'colcon_notification.desktop_notification.terminal_notifier': Not used on non-Darwin systems
[6.829s] INFO:colcon.colcon_core.plugin_system:Skipping extension 'colcon_notification.desktop_notification.win32': Not used on non-Windows systems
[6.829s] INFO:colcon.colcon_notification.desktop_notification:Sending desktop notification using 'notify2'
[6.866s] DEBUG:colcon.colcon_core.event_reactor:joined thread
[6.887s] INFO:colcon.colcon_core.shell:Creating prefix script '/home/roboboat/RoboBoat_Cyber_Minority/Comp_2024/GPS_Related_Tasks/install/local_setup.ps1'
[6.889s] INFO:colcon.colcon_core.shell:Creating prefix util module '/home/roboboat/RoboBoat_Cyber_Minority/Comp_2024/GPS_Related_Tasks/install/_local_setup_util_ps1.py'
[6.892s] INFO:colcon.colcon_core.shell:Creating prefix chain script '/home/roboboat/RoboBoat_Cyber_Minority/Comp_2024/GPS_Related_Tasks/install/setup.ps1'
[6.911s] INFO:colcon.colcon_core.shell:Creating prefix script '/home/roboboat/RoboBoat_Cyber_Minority/Comp_2024/GPS_Related_Tasks/install/local_setup.sh'
[6.913s] INFO:colcon.colcon_core.shell:Creating prefix util module '/home/roboboat/RoboBoat_Cyber_Minority/Comp_2024/GPS_Related_Tasks/install/_local_setup_util_sh.py'
[6.914s] INFO:colcon.colcon_core.shell:Creating prefix chain script '/home/roboboat/RoboBoat_Cyber_Minority/Comp_2024/GPS_Related_Tasks/install/setup.sh'
[6.934s] INFO:colcon.colcon_core.shell:Creating prefix script '/home/roboboat/RoboBoat_Cyber_Minority/Comp_2024/GPS_Related_Tasks/install/local_setup.bash'
[6.937s] INFO:colcon.colcon_core.shell:Creating prefix chain script '/home/roboboat/RoboBoat_Cyber_Minority/Comp_2024/GPS_Related_Tasks/install/setup.bash'
[6.990s] INFO:colcon.colcon_core.shell:Creating prefix script '/home/roboboat/RoboBoat_Cyber_Minority/Comp_2024/GPS_Related_Tasks/install/local_setup.zsh'
[6.993s] INFO:colcon.colcon_core.shell:Creating prefix chain script '/home/roboboat/RoboBoat_Cyber_Minority/Comp_2024/GPS_Related_Tasks/install/setup.zsh'
