[0.033s] Invoking command in '/home/roboboat/ros2_ws/build/zed_interfaces': CMAKE_PREFIX_PATH=/opt/ros/foxy /usr/bin/cmake /home/roboboat/ros2_ws/src/zed-ros2-wrapper/zed-ros2-interfaces -DCMAKE_BUILD_TYPE=Release -DAMENT_CMAKE_SYMLINK_INSTALL=1 -DCMAKE_INSTALL_PREFIX=/home/roboboat/ros2_ws/install/zed_interfaces
[0.313s] -- The C compiler identification is GNU 9.4.0
[0.494s] -- The CXX compiler identification is GNU 9.4.0
[0.521s] -- Check for working C compiler: /usr/bin/cc
[0.639s] -- Check for working C compiler: /usr/bin/cc -- works
[0.666s] -- Detecting C compiler ABI info
[0.824s] -- Detecting C compiler ABI info - done
[0.865s] -- Detecting C compile features
[0.866s] -- Detecting C compile features - done
[0.874s] -- Check for working CXX compiler: /usr/bin/c++
[1.008s] -- Check for working CXX compiler: /usr/bin/c++ -- works
[1.010s] -- Detecting CXX compiler ABI info
[1.136s] -- Detecting CXX compiler ABI info - done
[1.155s] -- Detecting CXX compile features
[1.156s] -- Detecting CXX compile features - done
[1.170s] -- Found ament_cmake: 0.9.11 (/opt/ros/foxy/share/ament_cmake/cmake)
[1.225s] -- Found PythonInterp: /usr/bin/python3 (found suitable version "3.8.10", minimum required is "3") 
[1.225s] -- Using PYTHON_EXECUTABLE: /usr/bin/python3
[1.508s] -- Override CMake install command with custom implementation using symlinks instead of copying resources
[1.563s] -- Found builtin_interfaces: 1.0.0 (/opt/ros/foxy/share/builtin_interfaces/cmake)
[1.614s] -- Using all available rosidl_typesupport_c: rosidl_typesupport_fastrtps_c;rosidl_typesupport_introspection_c
[1.627s] -- Found rosidl_adapter: 1.3.0 (/opt/ros/foxy/share/rosidl_adapter/cmake)
[1.796s] -- Found OpenSSL: /usr/lib/aarch64-linux-gnu/libcrypto.so (found version "1.1.1f")  
[1.845s] -- Found FastRTPS: /opt/ros/foxy/include  
[1.969s] -- Using all available rosidl_typesupport_cpp: rosidl_typesupport_fastrtps_cpp;rosidl_typesupport_introspection_cpp
[2.014s] -- Found rosidl_default_generators: 1.0.1 (/opt/ros/foxy/share/rosidl_default_generators/cmake)
[2.032s] -- Found std_msgs: 2.0.5 (/opt/ros/foxy/share/std_msgs/cmake)
[2.066s] -- Found geometry_msgs: 2.0.5 (/opt/ros/foxy/share/geometry_msgs/cmake)
[2.123s] -- Found shape_msgs: 2.0.5 (/opt/ros/foxy/share/shape_msgs/cmake)
[2.212s] -- Found ament_lint_auto: 0.9.7 (/opt/ros/foxy/share/ament_lint_auto/cmake)
[2.363s] -- Found PythonInterp: /usr/bin/python3 (found version "3.8.10") 
[2.701s] -- Found ament_cmake_ros: 0.9.2 (/opt/ros/foxy/share/ament_cmake_ros/cmake)
[3.067s] -- Using all available rosidl_typesupport_c: rosidl_typesupport_fastrtps_c;rosidl_typesupport_introspection_c
[3.240s] -- Using all available rosidl_typesupport_cpp: rosidl_typesupport_fastrtps_cpp;rosidl_typesupport_introspection_cpp
[3.276s] -- Found PythonInterp: /usr/bin/python3 (found suitable version "3.8.10", minimum required is "3.5") 
[3.284s] -- Found python_cmake_module: 0.8.1 (/opt/ros/foxy/share/python_cmake_module/cmake)
[3.338s] -- Found PythonLibs: /usr/lib/aarch64-linux-gnu/libpython3.8.so (found suitable version "3.8.10", minimum required is "3.5") 
[3.338s] -- Using PYTHON_EXECUTABLE: /usr/bin/python3
[3.338s] -- Using PYTHON_INCLUDE_DIRS: /usr/include/python3.8
[3.338s] -- Using PYTHON_LIBRARIES: /usr/lib/aarch64-linux-gnu/libpython3.8.so
[3.368s] -- Found PythonExtra: .so  
[3.525s] -- Added test 'copyright' to check source files copyright and LICENSE
[3.528s] -- Added test 'lint_cmake' to check CMake code style
[3.531s] -- Added test 'xmllint' to check XML markup files
[3.547s] -- Configuring done
[3.680s] -- Generating done
[3.684s] -- Build files have been written to: /home/roboboat/ros2_ws/build/zed_interfaces
[3.707s] Invoked command in '/home/roboboat/ros2_ws/build/zed_interfaces' returned '0': CMAKE_PREFIX_PATH=/opt/ros/foxy /usr/bin/cmake /home/roboboat/ros2_ws/src/zed-ros2-wrapper/zed-ros2-interfaces -DCMAKE_BUILD_TYPE=Release -DAMENT_CMAKE_SYMLINK_INSTALL=1 -DCMAKE_INSTALL_PREFIX=/home/roboboat/ros2_ws/install/zed_interfaces
[3.713s] Invoking command in '/home/roboboat/ros2_ws/build/zed_interfaces': CMAKE_PREFIX_PATH=/opt/ros/foxy /usr/bin/cmake --build /home/roboboat/ros2_ws/build/zed_interfaces -- -j12 -l12
[3.785s] [  1%] [34m[1mGenerating C code for ROS interfaces[0m
[3.786s] [35m[1mScanning dependencies of target zed_interfaces__cpp[0m
[3.802s] [  1%] [34m[1mGenerating C++ code for ROS interfaces[0m
[5.889s] [  1%] Built target zed_interfaces__cpp
[5.905s] [  3%] [34m[1mGenerating C++ type support dispatch for ROS interfaces[0m
[5.905s] [  3%] [34m[1mGenerating C++ introspection for ROS interfaces[0m
[5.905s] [  3%] [34m[1mGenerating C++ type support for eProsima Fast-RTPS[0m
[6.138s] [35m[1mScanning dependencies of target zed_interfaces__rosidl_generator_c[0m
[6.190s] [  3%] [32mBuilding C object CMakeFiles/zed_interfaces__rosidl_generator_c.dir/rosidl_generator_c/zed_interfaces/msg/detail/object__functions.c.o[0m
[6.190s] [  7%] [32mBuilding C object CMakeFiles/zed_interfaces__rosidl_generator_c.dir/rosidl_generator_c/zed_interfaces/msg/detail/objects_stamped__functions.c.o[0m
[6.190s] [  5%] [32mBuilding C object CMakeFiles/zed_interfaces__rosidl_generator_c.dir/rosidl_generator_c/zed_interfaces/msg/detail/bounding_box3_d__functions.c.o[0m
[6.190s] [  7%] [32mBuilding C object CMakeFiles/zed_interfaces__rosidl_generator_c.dir/rosidl_generator_c/zed_interfaces/msg/detail/bounding_box2_df__functions.c.o[0m
[6.191s] [  7%] [32mBuilding C object CMakeFiles/zed_interfaces__rosidl_generator_c.dir/rosidl_generator_c/zed_interfaces/msg/detail/keypoint3_d__functions.c.o[0m
[6.191s] [  7%] [32mBuilding C object CMakeFiles/zed_interfaces__rosidl_generator_c.dir/rosidl_generator_c/zed_interfaces/msg/detail/keypoint2_di__functions.c.o[0m
[6.191s] [  7%] [32mBuilding C object CMakeFiles/zed_interfaces__rosidl_generator_c.dir/rosidl_generator_c/zed_interfaces/msg/detail/keypoint2_df__functions.c.o[0m
[6.191s] [  8%] [32mBuilding C object CMakeFiles/zed_interfaces__rosidl_generator_c.dir/rosidl_generator_c/zed_interfaces/msg/detail/skeleton2_d__functions.c.o[0m
[6.192s] [  9%] [32mBuilding C object CMakeFiles/zed_interfaces__rosidl_generator_c.dir/rosidl_generator_c/zed_interfaces/msg/detail/bounding_box2_di__functions.c.o[0m
[6.372s] [ 10%] [32mBuilding C object CMakeFiles/zed_interfaces__rosidl_generator_c.dir/rosidl_generator_c/zed_interfaces/msg/detail/skeleton3_d__functions.c.o[0m
[6.373s] [ 10%] [32mBuilding C object CMakeFiles/zed_interfaces__rosidl_generator_c.dir/rosidl_generator_c/zed_interfaces/msg/detail/depth_info_stamped__functions.c.o[0m
[6.375s] [ 11%] [32mBuilding C object CMakeFiles/zed_interfaces__rosidl_generator_c.dir/rosidl_generator_c/zed_interfaces/srv/detail/set_pose__functions.c.o[0m
[6.375s] [ 12%] [32mBuilding C object CMakeFiles/zed_interfaces__rosidl_generator_c.dir/rosidl_generator_c/zed_interfaces/msg/detail/plane_stamped__functions.c.o[0m
[6.376s] [ 13%] [32mBuilding C object CMakeFiles/zed_interfaces__rosidl_generator_c.dir/rosidl_generator_c/zed_interfaces/srv/detail/start_svo_rec__functions.c.o[0m
[6.376s] [ 13%] [32mBuilding C object CMakeFiles/zed_interfaces__rosidl_generator_c.dir/rosidl_generator_c/zed_interfaces/srv/detail/set_roi__functions.c.o[0m
[6.602s] [ 14%] [32m[1mLinking C shared library libzed_interfaces__rosidl_generator_c.so[0m
[6.682s] [ 14%] Built target zed_interfaces__rosidl_generator_c
[6.701s] [ 16%] [34m[1mGenerating C introspection for ROS interfaces[0m
[6.701s] [ 16%] [34m[1mGenerating C type support dispatch for ROS interfaces[0m
[7.600s] [35m[1mScanning dependencies of target zed_interfaces__rosidl_typesupport_cpp[0m
[7.640s] [ 21%] [32mBuilding CXX object CMakeFiles/zed_interfaces__rosidl_typesupport_cpp.dir/rosidl_typesupport_cpp/zed_interfaces/msg/keypoint3_d__type_support.cpp.o[0m
[7.640s] [ 21%] [32mBuilding CXX object CMakeFiles/zed_interfaces__rosidl_typesupport_cpp.dir/rosidl_typesupport_cpp/zed_interfaces/msg/objects_stamped__type_support.cpp.o[0m
[7.640s] [ 21%] [32mBuilding CXX object CMakeFiles/zed_interfaces__rosidl_typesupport_cpp.dir/rosidl_typesupport_cpp/zed_interfaces/msg/keypoint2_di__type_support.cpp.o[0m
[7.642s] [ 21%] [32mBuilding CXX object CMakeFiles/zed_interfaces__rosidl_typesupport_cpp.dir/rosidl_typesupport_cpp/zed_interfaces/msg/keypoint2_df__type_support.cpp.o[0m
[7.642s] [ 21%] [32mBuilding CXX object CMakeFiles/zed_interfaces__rosidl_typesupport_cpp.dir/rosidl_typesupport_cpp/zed_interfaces/msg/object__type_support.cpp.o[0m
[7.643s] [ 21%] [32mBuilding CXX object CMakeFiles/zed_interfaces__rosidl_typesupport_cpp.dir/rosidl_typesupport_cpp/zed_interfaces/msg/bounding_box2_df__type_support.cpp.o[0m
[7.643s] [ 21%] [32mBuilding CXX object CMakeFiles/zed_interfaces__rosidl_typesupport_cpp.dir/rosidl_typesupport_cpp/zed_interfaces/msg/bounding_box2_di__type_support.cpp.o[0m
[7.652s] [ 22%] [32mBuilding CXX object CMakeFiles/zed_interfaces__rosidl_typesupport_cpp.dir/rosidl_typesupport_cpp/zed_interfaces/msg/bounding_box3_d__type_support.cpp.o[0m
[8.145s] [35m[1mScanning dependencies of target zed_interfaces__rosidl_typesupport_introspection_cpp[0m
[8.187s] [ 23%] [32mBuilding CXX object CMakeFiles/zed_interfaces__rosidl_typesupport_introspection_cpp.dir/rosidl_typesupport_introspection_cpp/zed_interfaces/msg/detail/object__type_support.cpp.o[0m
[8.199s] [ 24%] [32mBuilding CXX object CMakeFiles/zed_interfaces__rosidl_typesupport_cpp.dir/rosidl_typesupport_cpp/zed_interfaces/msg/skeleton2_d__type_support.cpp.o[0m
[8.202s] [ 24%] [32mBuilding CXX object CMakeFiles/zed_interfaces__rosidl_typesupport_cpp.dir/rosidl_typesupport_cpp/zed_interfaces/msg/skeleton3_d__type_support.cpp.o[0m
[8.202s] [ 25%] [32mBuilding CXX object CMakeFiles/zed_interfaces__rosidl_typesupport_cpp.dir/rosidl_typesupport_cpp/zed_interfaces/msg/depth_info_stamped__type_support.cpp.o[0m
[8.206s] [ 25%] [32mBuilding CXX object CMakeFiles/zed_interfaces__rosidl_typesupport_cpp.dir/rosidl_typesupport_cpp/zed_interfaces/msg/plane_stamped__type_support.cpp.o[0m
[8.208s] [ 26%] [32mBuilding CXX object CMakeFiles/zed_interfaces__rosidl_typesupport_introspection_cpp.dir/rosidl_typesupport_introspection_cpp/zed_interfaces/msg/detail/objects_stamped__type_support.cpp.o[0m
[8.211s] [ 26%] [32mBuilding CXX object CMakeFiles/zed_interfaces__rosidl_typesupport_introspection_cpp.dir/rosidl_typesupport_introspection_cpp/zed_interfaces/msg/detail/keypoint2_di__type_support.cpp.o[0m
[8.211s] [ 27%] [32mBuilding CXX object CMakeFiles/zed_interfaces__rosidl_typesupport_cpp.dir/rosidl_typesupport_cpp/zed_interfaces/srv/set_pose__type_support.cpp.o[0m
[8.330s] [ 28%] [32mBuilding CXX object CMakeFiles/zed_interfaces__rosidl_typesupport_introspection_cpp.dir/rosidl_typesupport_introspection_cpp/zed_interfaces/msg/detail/keypoint2_df__type_support.cpp.o[0m
[8.335s] [35m[1mScanning dependencies of target zed_interfaces__rosidl_typesupport_fastrtps_cpp[0m
[8.396s] [ 29%] [32mBuilding CXX object CMakeFiles/zed_interfaces__rosidl_typesupport_fastrtps_cpp.dir/rosidl_typesupport_fastrtps_cpp/zed_interfaces/msg/detail/dds_fastrtps/object__type_support.cpp.o[0m
[8.654s] [35m[1mScanning dependencies of target zed_interfaces__rosidl_typesupport_c[0m
[8.692s] [ 30%] [32mBuilding CXX object CMakeFiles/zed_interfaces__rosidl_typesupport_c.dir/rosidl_typesupport_c/zed_interfaces/msg/object__type_support.cpp.o[0m
[8.692s] [ 30%] [32mBuilding CXX object CMakeFiles/zed_interfaces__rosidl_typesupport_cpp.dir/rosidl_typesupport_cpp/zed_interfaces/srv/start_svo_rec__type_support.cpp.o[0m
[8.701s] [ 30%] [32mBuilding CXX object CMakeFiles/zed_interfaces__rosidl_typesupport_cpp.dir/rosidl_typesupport_cpp/zed_interfaces/srv/set_roi__type_support.cpp.o[0m
[8.713s] [ 31%] [32mBuilding CXX object CMakeFiles/zed_interfaces__rosidl_typesupport_c.dir/rosidl_typesupport_c/zed_interfaces/msg/objects_stamped__type_support.cpp.o[0m
[8.715s] [ 32%] [32mBuilding CXX object CMakeFiles/zed_interfaces__rosidl_typesupport_fastrtps_cpp.dir/rosidl_typesupport_fastrtps_cpp/zed_interfaces/msg/detail/dds_fastrtps/objects_stamped__type_support.cpp.o[0m
[8.716s] [ 33%] [32mBuilding CXX object CMakeFiles/zed_interfaces__rosidl_typesupport_introspection_cpp.dir/rosidl_typesupport_introspection_cpp/zed_interfaces/msg/detail/keypoint3_d__type_support.cpp.o[0m
[8.730s] [ 33%] [32mBuilding CXX object CMakeFiles/zed_interfaces__rosidl_typesupport_fastrtps_cpp.dir/rosidl_typesupport_fastrtps_cpp/zed_interfaces/msg/detail/dds_fastrtps/keypoint2_di__type_support.cpp.o[0m
[8.756s] [ 34%] [32mBuilding CXX object CMakeFiles/zed_interfaces__rosidl_typesupport_fastrtps_cpp.dir/rosidl_typesupport_fastrtps_cpp/zed_interfaces/msg/detail/dds_fastrtps/keypoint2_df__type_support.cpp.o[0m
[8.782s] [ 35%] [32mBuilding CXX object CMakeFiles/zed_interfaces__rosidl_typesupport_c.dir/rosidl_typesupport_c/zed_interfaces/msg/keypoint2_di__type_support.cpp.o[0m
[8.836s] [ 35%] [32mBuilding CXX object CMakeFiles/zed_interfaces__rosidl_typesupport_c.dir/rosidl_typesupport_c/zed_interfaces/msg/keypoint2_df__type_support.cpp.o[0m
[8.859s] [ 36%] [32mBuilding CXX object CMakeFiles/zed_interfaces__rosidl_typesupport_c.dir/rosidl_typesupport_c/zed_interfaces/msg/keypoint3_d__type_support.cpp.o[0m
[8.866s] [ 37%] [32mBuilding CXX object CMakeFiles/zed_interfaces__rosidl_typesupport_introspection_cpp.dir/rosidl_typesupport_introspection_cpp/zed_interfaces/msg/detail/bounding_box2_di__type_support.cpp.o[0m
[8.896s] [ 38%] [32mBuilding CXX object CMakeFiles/zed_interfaces__rosidl_typesupport_c.dir/rosidl_typesupport_c/zed_interfaces/msg/bounding_box2_di__type_support.cpp.o[0m
[8.915s] [ 39%] [32mBuilding CXX object CMakeFiles/zed_interfaces__rosidl_typesupport_c.dir/rosidl_typesupport_c/zed_interfaces/msg/bounding_box2_df__type_support.cpp.o[0m
[8.954s] [ 40%] [32mBuilding CXX object CMakeFiles/zed_interfaces__rosidl_typesupport_fastrtps_cpp.dir/rosidl_typesupport_fastrtps_cpp/zed_interfaces/msg/detail/dds_fastrtps/keypoint3_d__type_support.cpp.o[0m
[8.976s] [ 40%] [32mBuilding CXX object CMakeFiles/zed_interfaces__rosidl_typesupport_c.dir/rosidl_typesupport_c/zed_interfaces/msg/bounding_box3_d__type_support.cpp.o[0m
[9.037s] [ 41%] [32mBuilding CXX object CMakeFiles/zed_interfaces__rosidl_typesupport_c.dir/rosidl_typesupport_c/zed_interfaces/msg/skeleton2_d__type_support.cpp.o[0m
[9.077s] [ 41%] [32mBuilding CXX object CMakeFiles/zed_interfaces__rosidl_typesupport_introspection_cpp.dir/rosidl_typesupport_introspection_cpp/zed_interfaces/msg/detail/bounding_box2_df__type_support.cpp.o[0m
[9.103s] [ 42%] [32mBuilding CXX object CMakeFiles/zed_interfaces__rosidl_typesupport_c.dir/rosidl_typesupport_c/zed_interfaces/msg/skeleton3_d__type_support.cpp.o[0m
[9.160s] [35m[1mScanning dependencies of target zed_interfaces__rosidl_typesupport_introspection_c[0m
[9.168s] [ 42%] [32mBuilding CXX object CMakeFiles/zed_interfaces__rosidl_typesupport_c.dir/rosidl_typesupport_c/zed_interfaces/msg/depth_info_stamped__type_support.cpp.o[0m
[9.208s] [ 43%] [32mBuilding CXX object CMakeFiles/zed_interfaces__rosidl_typesupport_c.dir/rosidl_typesupport_c/zed_interfaces/msg/plane_stamped__type_support.cpp.o[0m
[9.216s] [ 44%] [32mBuilding C object CMakeFiles/zed_interfaces__rosidl_typesupport_introspection_c.dir/rosidl_typesupport_introspection_c/zed_interfaces/msg/detail/object__type_support.c.o[0m
[9.225s] [ 45%] [32m[1mLinking CXX shared library libzed_interfaces__rosidl_typesupport_cpp.so[0m
[9.239s] [ 46%] [32mBuilding CXX object CMakeFiles/zed_interfaces__rosidl_typesupport_c.dir/rosidl_typesupport_c/zed_interfaces/srv/set_pose__type_support.cpp.o[0m
[9.242s] [ 47%] [32mBuilding CXX object CMakeFiles/zed_interfaces__rosidl_typesupport_introspection_cpp.dir/rosidl_typesupport_introspection_cpp/zed_interfaces/msg/detail/bounding_box3_d__type_support.cpp.o[0m
[9.287s] [ 47%] [32mBuilding CXX object CMakeFiles/zed_interfaces__rosidl_typesupport_c.dir/rosidl_typesupport_c/zed_interfaces/srv/start_svo_rec__type_support.cpp.o[0m
[9.288s] [ 47%] [32mBuilding C object CMakeFiles/zed_interfaces__rosidl_typesupport_introspection_c.dir/rosidl_typesupport_introspection_c/zed_interfaces/msg/detail/objects_stamped__type_support.c.o[0m
[9.294s] [ 47%] Built target zed_interfaces__rosidl_typesupport_cpp
[9.304s] [ 47%] [32mBuilding CXX object CMakeFiles/zed_interfaces__rosidl_typesupport_fastrtps_cpp.dir/rosidl_typesupport_fastrtps_cpp/zed_interfaces/msg/detail/dds_fastrtps/bounding_box2_di__type_support.cpp.o[0m
[9.309s] [ 48%] [32mBuilding CXX object CMakeFiles/zed_interfaces__rosidl_typesupport_c.dir/rosidl_typesupport_c/zed_interfaces/srv/set_roi__type_support.cpp.o[0m
[9.309s] [ 49%] [32mBuilding CXX object CMakeFiles/zed_interfaces__rosidl_typesupport_fastrtps_cpp.dir/rosidl_typesupport_fastrtps_cpp/zed_interfaces/msg/detail/dds_fastrtps/bounding_box2_df__type_support.cpp.o[0m
[9.364s] [ 50%] [32mBuilding C object CMakeFiles/zed_interfaces__rosidl_typesupport_introspection_c.dir/rosidl_typesupport_introspection_c/zed_interfaces/msg/detail/keypoint2_di__type_support.c.o[0m
[9.370s] [ 52%] [32m[1mLinking CXX shared library libzed_interfaces__rosidl_typesupport_c.so[0m
[9.370s] [ 52%] [32mBuilding C object CMakeFiles/zed_interfaces__rosidl_typesupport_introspection_c.dir/rosidl_typesupport_introspection_c/zed_interfaces/msg/detail/keypoint2_df__type_support.c.o[0m
[9.420s] [ 53%] [32mBuilding CXX object CMakeFiles/zed_interfaces__rosidl_typesupport_introspection_cpp.dir/rosidl_typesupport_introspection_cpp/zed_interfaces/msg/detail/skeleton2_d__type_support.cpp.o[0m
[9.430s] [ 54%] [32mBuilding C object CMakeFiles/zed_interfaces__rosidl_typesupport_introspection_c.dir/rosidl_typesupport_introspection_c/zed_interfaces/msg/detail/keypoint3_d__type_support.c.o[0m
[9.437s] [ 54%] [32mBuilding C object CMakeFiles/zed_interfaces__rosidl_typesupport_introspection_c.dir/rosidl_typesupport_introspection_c/zed_interfaces/msg/detail/bounding_box2_di__type_support.c.o[0m
[9.446s] [ 54%] Built target zed_interfaces__rosidl_typesupport_c
[9.466s] [ 55%] [32mBuilding CXX object CMakeFiles/zed_interfaces__rosidl_typesupport_fastrtps_cpp.dir/rosidl_typesupport_fastrtps_cpp/zed_interfaces/msg/detail/dds_fastrtps/bounding_box3_d__type_support.cpp.o[0m
[9.495s] [ 56%] [32mBuilding C object CMakeFiles/zed_interfaces__rosidl_typesupport_introspection_c.dir/rosidl_typesupport_introspection_c/zed_interfaces/msg/detail/bounding_box2_df__type_support.c.o[0m
[9.507s] [ 57%] [32mBuilding CXX object CMakeFiles/zed_interfaces__rosidl_typesupport_fastrtps_cpp.dir/rosidl_typesupport_fastrtps_cpp/zed_interfaces/msg/detail/dds_fastrtps/skeleton2_d__type_support.cpp.o[0m
[9.507s] [ 57%] [32mBuilding C object CMakeFiles/zed_interfaces__rosidl_typesupport_introspection_c.dir/rosidl_typesupport_introspection_c/zed_interfaces/msg/detail/bounding_box3_d__type_support.c.o[0m
[9.521s] [ 57%] [32mBuilding C object CMakeFiles/zed_interfaces__rosidl_typesupport_introspection_c.dir/rosidl_typesupport_introspection_c/zed_interfaces/msg/detail/skeleton2_d__type_support.c.o[0m
[9.582s] [ 58%] [32mBuilding C object CMakeFiles/zed_interfaces__rosidl_typesupport_introspection_c.dir/rosidl_typesupport_introspection_c/zed_interfaces/msg/detail/skeleton3_d__type_support.c.o[0m
[9.589s] [ 59%] [32mBuilding C object CMakeFiles/zed_interfaces__rosidl_typesupport_introspection_c.dir/rosidl_typesupport_introspection_c/zed_interfaces/msg/detail/depth_info_stamped__type_support.c.o[0m
[9.591s] [ 59%] [32mBuilding C object CMakeFiles/zed_interfaces__rosidl_typesupport_introspection_c.dir/rosidl_typesupport_introspection_c/zed_interfaces/msg/detail/plane_stamped__type_support.c.o[0m
[9.634s] [ 59%] [32mBuilding CXX object CMakeFiles/zed_interfaces__rosidl_typesupport_introspection_cpp.dir/rosidl_typesupport_introspection_cpp/zed_interfaces/msg/detail/skeleton3_d__type_support.cpp.o[0m
[9.661s] [ 60%] [32mBuilding C object CMakeFiles/zed_interfaces__rosidl_typesupport_introspection_c.dir/rosidl_typesupport_introspection_c/zed_interfaces/srv/detail/set_pose__type_support.c.o[0m
[9.665s] [ 61%] [32mBuilding C object CMakeFiles/zed_interfaces__rosidl_typesupport_introspection_c.dir/rosidl_typesupport_introspection_c/zed_interfaces/srv/detail/start_svo_rec__type_support.c.o[0m
[9.680s] [ 62%] [32mBuilding C object CMakeFiles/zed_interfaces__rosidl_typesupport_introspection_c.dir/rosidl_typesupport_introspection_c/zed_interfaces/srv/detail/set_roi__type_support.c.o[0m
[9.719s] [ 63%] [32mBuilding CXX object CMakeFiles/zed_interfaces__rosidl_typesupport_fastrtps_cpp.dir/rosidl_typesupport_fastrtps_cpp/zed_interfaces/msg/detail/dds_fastrtps/skeleton3_d__type_support.cpp.o[0m
[9.746s] [ 64%] [32mBuilding CXX object CMakeFiles/zed_interfaces__rosidl_typesupport_fastrtps_cpp.dir/rosidl_typesupport_fastrtps_cpp/zed_interfaces/msg/detail/dds_fastrtps/depth_info_stamped__type_support.cpp.o[0m
[9.764s] [ 64%] [32m[1mLinking C shared library libzed_interfaces__rosidl_typesupport_introspection_c.so[0m
[9.773s] [ 65%] [32mBuilding CXX object CMakeFiles/zed_interfaces__rosidl_typesupport_introspection_cpp.dir/rosidl_typesupport_introspection_cpp/zed_interfaces/msg/detail/depth_info_stamped__type_support.cpp.o[0m
[9.808s] [ 66%] [32mBuilding CXX object CMakeFiles/zed_interfaces__rosidl_typesupport_introspection_cpp.dir/rosidl_typesupport_introspection_cpp/zed_interfaces/msg/detail/plane_stamped__type_support.cpp.o[0m
[9.814s] [ 67%] [32mBuilding CXX object CMakeFiles/zed_interfaces__rosidl_typesupport_fastrtps_cpp.dir/rosidl_typesupport_fastrtps_cpp/zed_interfaces/msg/detail/dds_fastrtps/plane_stamped__type_support.cpp.o[0m
[9.828s] [ 67%] Built target zed_interfaces__rosidl_typesupport_introspection_c
[9.847s] [ 67%] [32mBuilding CXX object CMakeFiles/zed_interfaces__rosidl_typesupport_introspection_cpp.dir/rosidl_typesupport_introspection_cpp/zed_interfaces/srv/detail/set_pose__type_support.cpp.o[0m
[9.993s] [ 68%] [32mBuilding CXX object CMakeFiles/zed_interfaces__rosidl_typesupport_introspection_cpp.dir/rosidl_typesupport_introspection_cpp/zed_interfaces/srv/detail/start_svo_rec__type_support.cpp.o[0m
[10.083s] [ 69%] [32mBuilding CXX object CMakeFiles/zed_interfaces__rosidl_typesupport_introspection_cpp.dir/rosidl_typesupport_introspection_cpp/zed_interfaces/srv/detail/set_roi__type_support.cpp.o[0m
[10.098s] [ 69%] [32mBuilding CXX object CMakeFiles/zed_interfaces__rosidl_typesupport_fastrtps_cpp.dir/rosidl_typesupport_fastrtps_cpp/zed_interfaces/srv/detail/dds_fastrtps/set_pose__type_support.cpp.o[0m
[10.187s] [ 70%] [32mBuilding CXX object CMakeFiles/zed_interfaces__rosidl_typesupport_fastrtps_cpp.dir/rosidl_typesupport_fastrtps_cpp/zed_interfaces/srv/detail/dds_fastrtps/start_svo_rec__type_support.cpp.o[0m
[10.231s] [ 71%] [32mBuilding CXX object CMakeFiles/zed_interfaces__rosidl_typesupport_fastrtps_cpp.dir/rosidl_typesupport_fastrtps_cpp/zed_interfaces/srv/detail/dds_fastrtps/set_roi__type_support.cpp.o[0m
[10.633s] [ 72%] [32m[1mLinking CXX shared library libzed_interfaces__rosidl_typesupport_introspection_cpp.so[0m
[10.754s] [ 72%] Built target zed_interfaces__rosidl_typesupport_introspection_cpp
[11.007s] [ 72%] [32m[1mLinking CXX shared library libzed_interfaces__rosidl_typesupport_fastrtps_cpp.so[0m
[11.138s] [ 72%] Built target zed_interfaces__rosidl_typesupport_fastrtps_cpp
[11.155s] [ 73%] [34m[1mGenerating C type support for eProsima Fast-RTPS[0m
[13.067s] [35m[1mScanning dependencies of target zed_interfaces__rosidl_typesupport_fastrtps_c[0m
[13.130s] [ 75%] [32mBuilding CXX object CMakeFiles/zed_interfaces__rosidl_typesupport_fastrtps_c.dir/rosidl_typesupport_fastrtps_c/zed_interfaces/msg/detail/objects_stamped__type_support_c.cpp.o[0m
[13.131s] [ 75%] [32mBuilding CXX object CMakeFiles/zed_interfaces__rosidl_typesupport_fastrtps_c.dir/rosidl_typesupport_fastrtps_c/zed_interfaces/msg/detail/keypoint3_d__type_support_c.cpp.o[0m
[13.131s] [ 75%] [32mBuilding CXX object CMakeFiles/zed_interfaces__rosidl_typesupport_fastrtps_c.dir/rosidl_typesupport_fastrtps_c/zed_interfaces/msg/detail/bounding_box3_d__type_support_c.cpp.o[0m
[13.131s] [ 78%] [32mBuilding CXX object CMakeFiles/zed_interfaces__rosidl_typesupport_fastrtps_c.dir/rosidl_typesupport_fastrtps_c/zed_interfaces/msg/detail/skeleton3_d__type_support_c.cpp.o[0m
[13.131s] [ 78%] [32mBuilding CXX object CMakeFiles/zed_interfaces__rosidl_typesupport_fastrtps_c.dir/rosidl_typesupport_fastrtps_c/zed_interfaces/msg/detail/keypoint2_di__type_support_c.cpp.o[0m
[13.131s] [ 78%] [32mBuilding CXX object CMakeFiles/zed_interfaces__rosidl_typesupport_fastrtps_c.dir/rosidl_typesupport_fastrtps_c/zed_interfaces/msg/detail/depth_info_stamped__type_support_c.cpp.o[0m
[13.131s] [ 77%] [32mBuilding CXX object CMakeFiles/zed_interfaces__rosidl_typesupport_fastrtps_c.dir/rosidl_typesupport_fastrtps_c/zed_interfaces/msg/detail/object__type_support_c.cpp.o[0m
[13.131s] [ 77%] [32mBuilding CXX object CMakeFiles/zed_interfaces__rosidl_typesupport_fastrtps_c.dir/rosidl_typesupport_fastrtps_c/zed_interfaces/msg/detail/bounding_box2_df__type_support_c.cpp.o[0m
[13.132s] [ 79%] [32mBuilding CXX object CMakeFiles/zed_interfaces__rosidl_typesupport_fastrtps_c.dir/rosidl_typesupport_fastrtps_c/zed_interfaces/msg/detail/bounding_box2_di__type_support_c.cpp.o[0m
[13.132s] [ 81%] [32mBuilding CXX object CMakeFiles/zed_interfaces__rosidl_typesupport_fastrtps_c.dir/rosidl_typesupport_fastrtps_c/zed_interfaces/msg/detail/keypoint2_df__type_support_c.cpp.o[0m
[13.132s] [ 81%] [32mBuilding CXX object CMakeFiles/zed_interfaces__rosidl_typesupport_fastrtps_c.dir/rosidl_typesupport_fastrtps_c/zed_interfaces/msg/detail/skeleton2_d__type_support_c.cpp.o[0m
[13.144s] [ 81%] [32mBuilding CXX object CMakeFiles/zed_interfaces__rosidl_typesupport_fastrtps_c.dir/rosidl_typesupport_fastrtps_c/zed_interfaces/msg/detail/plane_stamped__type_support_c.cpp.o[0m
[13.759s] [ 82%] [32mBuilding CXX object CMakeFiles/zed_interfaces__rosidl_typesupport_fastrtps_c.dir/rosidl_typesupport_fastrtps_c/zed_interfaces/srv/detail/set_pose__type_support_c.cpp.o[0m
[13.761s] [ 83%] [32mBuilding CXX object CMakeFiles/zed_interfaces__rosidl_typesupport_fastrtps_c.dir/rosidl_typesupport_fastrtps_c/zed_interfaces/srv/detail/start_svo_rec__type_support_c.cpp.o[0m
[13.768s] [ 83%] [32mBuilding CXX object CMakeFiles/zed_interfaces__rosidl_typesupport_fastrtps_c.dir/rosidl_typesupport_fastrtps_c/zed_interfaces/srv/detail/set_roi__type_support_c.cpp.o[0m
[14.438s] [ 84%] [32m[1mLinking CXX shared library libzed_interfaces__rosidl_typesupport_fastrtps_c.so[0m
[14.570s] [ 84%] Built target zed_interfaces__rosidl_typesupport_fastrtps_c
[14.590s] [35m[1mScanning dependencies of target zed_interfaces[0m
[14.607s] [ 84%] Built target zed_interfaces
[14.623s] [35m[1mScanning dependencies of target zed_interfaces__py[0m
[14.639s] [ 85%] [34m[1mGenerating Python code for ROS interfaces[0m
[18.915s] [ 85%] Built target zed_interfaces__py
[18.932s] [35m[1mScanning dependencies of target zed_interfaces__python[0m
[19.020s] [ 87%] [32mBuilding C object CMakeFiles/zed_interfaces__python.dir/rosidl_generator_py/zed_interfaces/msg/_keypoint3_d_s.c.o[0m
[19.020s] [ 89%] [32mBuilding C object CMakeFiles/zed_interfaces__python.dir/rosidl_generator_py/zed_interfaces/msg/_bounding_box2_df_s.c.o[0m
[19.021s] [ 91%] [32mBuilding C object CMakeFiles/zed_interfaces__python.dir/rosidl_generator_py/zed_interfaces/msg/_skeleton2_d_s.c.o[0m
[19.021s] [ 91%] [32mBuilding C object CMakeFiles/zed_interfaces__python.dir/rosidl_generator_py/zed_interfaces/msg/_skeleton3_d_s.c.o[0m
[19.022s] [ 93%] [32mBuilding C object CMakeFiles/zed_interfaces__python.dir/rosidl_generator_py/zed_interfaces/msg/_object_s.c.o[0m
[19.022s] [ 93%] [32mBuilding C object CMakeFiles/zed_interfaces__python.dir/rosidl_generator_py/zed_interfaces/msg/_depth_info_stamped_s.c.o[0m
[19.022s] [ 89%] [32mBuilding C object CMakeFiles/zed_interfaces__python.dir/rosidl_generator_py/zed_interfaces/msg/_keypoint2_df_s.c.o[0m
[19.022s] [ 89%] [32mBuilding C object CMakeFiles/zed_interfaces__python.dir/rosidl_generator_py/zed_interfaces/msg/_objects_stamped_s.c.o[0m
[19.022s] [ 89%] [32mBuilding C object CMakeFiles/zed_interfaces__python.dir/rosidl_generator_py/zed_interfaces/msg/_keypoint2_di_s.c.o[0m
[19.022s] [ 89%] [32mBuilding C object CMakeFiles/zed_interfaces__python.dir/rosidl_generator_py/zed_interfaces/msg/_bounding_box2_di_s.c.o[0m
[19.024s] [ 93%] [32mBuilding C object CMakeFiles/zed_interfaces__python.dir/rosidl_generator_py/zed_interfaces/msg/_bounding_box3_d_s.c.o[0m
[19.028s] [ 93%] [32mBuilding C object CMakeFiles/zed_interfaces__python.dir/rosidl_generator_py/zed_interfaces/msg/_plane_stamped_s.c.o[0m
[19.321s] [ 95%] [32mBuilding C object CMakeFiles/zed_interfaces__python.dir/rosidl_generator_py/zed_interfaces/srv/_set_pose_s.c.o[0m
[19.321s] [ 95%] [32mBuilding C object CMakeFiles/zed_interfaces__python.dir/rosidl_generator_py/zed_interfaces/srv/_start_svo_rec_s.c.o[0m
[19.344s] [ 95%] [32mBuilding C object CMakeFiles/zed_interfaces__python.dir/rosidl_generator_py/zed_interfaces/srv/_set_roi_s.c.o[0m
[19.526s] [ 96%] [32m[1mLinking C shared library rosidl_generator_py/zed_interfaces/libzed_interfaces__python.so[0m
[19.607s] [ 96%] Built target zed_interfaces__python
[19.624s] [35m[1mScanning dependencies of target zed_interfaces__rosidl_typesupport_fastrtps_c__pyext[0m
[19.624s] [35m[1mScanning dependencies of target zed_interfaces__rosidl_typesupport_c__pyext[0m
[19.624s] [35m[1mScanning dependencies of target zed_interfaces__rosidl_typesupport_introspection_c__pyext[0m
[19.665s] [ 98%] [32mBuilding C object CMakeFiles/zed_interfaces__rosidl_typesupport_introspection_c__pyext.dir/rosidl_generator_py/zed_interfaces/_zed_interfaces_s.ep.rosidl_typesupport_introspection_c.c.o[0m
[19.666s] [ 98%] [32mBuilding C object CMakeFiles/zed_interfaces__rosidl_typesupport_c__pyext.dir/rosidl_generator_py/zed_interfaces/_zed_interfaces_s.ep.rosidl_typesupport_c.c.o[0m
[19.666s] [ 99%] [32mBuilding C object CMakeFiles/zed_interfaces__rosidl_typesupport_fastrtps_c__pyext.dir/rosidl_generator_py/zed_interfaces/_zed_interfaces_s.ep.rosidl_typesupport_fastrtps_c.c.o[0m
[20.151s] [ 99%] [32m[1mLinking C shared library rosidl_generator_py/zed_interfaces/zed_interfaces_s__rosidl_typesupport_c.cpython-38-aarch64-linux-gnu.so[0m
[20.196s] [100%] [32m[1mLinking C shared library rosidl_generator_py/zed_interfaces/zed_interfaces_s__rosidl_typesupport_introspection_c.cpython-38-aarch64-linux-gnu.so[0m
[20.211s] [100%] Built target zed_interfaces__rosidl_typesupport_c__pyext
[20.224s] [100%] [32m[1mLinking CXX shared library rosidl_generator_py/zed_interfaces/zed_interfaces_s__rosidl_typesupport_fastrtps_c.cpython-38-aarch64-linux-gnu.so[0m
[20.255s] [100%] Built target zed_interfaces__rosidl_typesupport_introspection_c__pyext
[20.321s] [100%] Built target zed_interfaces__rosidl_typesupport_fastrtps_c__pyext
[20.347s] Invoked command in '/home/roboboat/ros2_ws/build/zed_interfaces' returned '0': CMAKE_PREFIX_PATH=/opt/ros/foxy /usr/bin/cmake --build /home/roboboat/ros2_ws/build/zed_interfaces -- -j12 -l12
[20.709s] Invoking command in '/home/roboboat/ros2_ws/build/zed_interfaces': CMAKE_PREFIX_PATH=/opt/ros/foxy /usr/bin/cmake --install /home/roboboat/ros2_ws/build/zed_interfaces
[20.725s] -- Install configuration: "Release"
[20.726s] -- Execute custom install script
[20.726s] -- Symlinking: /home/roboboat/ros2_ws/install/zed_interfaces/share/ament_index/resource_index/rosidl_interfaces/zed_interfaces
[20.742s] -- Symlinking: /home/roboboat/ros2_ws/install/zed_interfaces/include/zed_interfaces/msg/bounding_box2_df.h
[20.754s] -- Symlinking: /home/roboboat/ros2_ws/install/zed_interfaces/include/zed_interfaces/msg/bounding_box2_di.h
[20.768s] -- Symlinking: /home/roboboat/ros2_ws/install/zed_interfaces/include/zed_interfaces/msg/bounding_box3_d.h
[20.784s] -- Symlinking: /home/roboboat/ros2_ws/install/zed_interfaces/include/zed_interfaces/msg/depth_info_stamped.h
[20.799s] -- Symlinking: /home/roboboat/ros2_ws/install/zed_interfaces/include/zed_interfaces/msg/detail/bounding_box2_df__functions.h
[20.811s] -- Symlinking: /home/roboboat/ros2_ws/install/zed_interfaces/include/zed_interfaces/msg/detail/bounding_box2_df__struct.h
[20.825s] -- Symlinking: /home/roboboat/ros2_ws/install/zed_interfaces/include/zed_interfaces/msg/detail/bounding_box2_df__type_support.h
[20.842s] -- Symlinking: /home/roboboat/ros2_ws/install/zed_interfaces/include/zed_interfaces/msg/detail/bounding_box2_di__functions.h
[20.855s] -- Symlinking: /home/roboboat/ros2_ws/install/zed_interfaces/include/zed_interfaces/msg/detail/bounding_box2_di__struct.h
[20.869s] -- Symlinking: /home/roboboat/ros2_ws/install/zed_interfaces/include/zed_interfaces/msg/detail/bounding_box2_di__type_support.h
[20.886s] -- Symlinking: /home/roboboat/ros2_ws/install/zed_interfaces/include/zed_interfaces/msg/detail/bounding_box3_d__functions.h
[20.899s] -- Symlinking: /home/roboboat/ros2_ws/install/zed_interfaces/include/zed_interfaces/msg/detail/bounding_box3_d__struct.h
[20.913s] -- Symlinking: /home/roboboat/ros2_ws/install/zed_interfaces/include/zed_interfaces/msg/detail/bounding_box3_d__type_support.h
[20.929s] -- Symlinking: /home/roboboat/ros2_ws/install/zed_interfaces/include/zed_interfaces/msg/detail/depth_info_stamped__functions.h
[20.941s] -- Symlinking: /home/roboboat/ros2_ws/install/zed_interfaces/include/zed_interfaces/msg/detail/depth_info_stamped__struct.h
[20.958s] -- Symlinking: /home/roboboat/ros2_ws/install/zed_interfaces/include/zed_interfaces/msg/detail/depth_info_stamped__type_support.h
[20.974s] -- Symlinking: /home/roboboat/ros2_ws/install/zed_interfaces/include/zed_interfaces/msg/detail/keypoint2_df__functions.h
[20.991s] -- Symlinking: /home/roboboat/ros2_ws/install/zed_interfaces/include/zed_interfaces/msg/detail/keypoint2_df__struct.h
[21.008s] -- Symlinking: /home/roboboat/ros2_ws/install/zed_interfaces/include/zed_interfaces/msg/detail/keypoint2_df__type_support.h
[21.023s] -- Symlinking: /home/roboboat/ros2_ws/install/zed_interfaces/include/zed_interfaces/msg/detail/keypoint2_di__functions.h
[21.034s] -- Symlinking: /home/roboboat/ros2_ws/install/zed_interfaces/include/zed_interfaces/msg/detail/keypoint2_di__struct.h
[21.051s] -- Symlinking: /home/roboboat/ros2_ws/install/zed_interfaces/include/zed_interfaces/msg/detail/keypoint2_di__type_support.h
[21.066s] -- Symlinking: /home/roboboat/ros2_ws/install/zed_interfaces/include/zed_interfaces/msg/detail/keypoint3_d__functions.h
[21.082s] -- Symlinking: /home/roboboat/ros2_ws/install/zed_interfaces/include/zed_interfaces/msg/detail/keypoint3_d__struct.h
[21.094s] -- Symlinking: /home/roboboat/ros2_ws/install/zed_interfaces/include/zed_interfaces/msg/detail/keypoint3_d__type_support.h
[21.111s] -- Symlinking: /home/roboboat/ros2_ws/install/zed_interfaces/include/zed_interfaces/msg/detail/object__functions.h
[21.128s] -- Symlinking: /home/roboboat/ros2_ws/install/zed_interfaces/include/zed_interfaces/msg/detail/object__struct.h
[21.144s] -- Symlinking: /home/roboboat/ros2_ws/install/zed_interfaces/include/zed_interfaces/msg/detail/object__type_support.h
[21.161s] -- Symlinking: /home/roboboat/ros2_ws/install/zed_interfaces/include/zed_interfaces/msg/detail/objects_stamped__functions.h
[21.174s] -- Symlinking: /home/roboboat/ros2_ws/install/zed_interfaces/include/zed_interfaces/msg/detail/objects_stamped__struct.h
[21.190s] -- Symlinking: /home/roboboat/ros2_ws/install/zed_interfaces/include/zed_interfaces/msg/detail/objects_stamped__type_support.h
[21.206s] -- Symlinking: /home/roboboat/ros2_ws/install/zed_interfaces/include/zed_interfaces/msg/detail/plane_stamped__functions.h
[21.222s] -- Symlinking: /home/roboboat/ros2_ws/install/zed_interfaces/include/zed_interfaces/msg/detail/plane_stamped__struct.h
[21.237s] -- Symlinking: /home/roboboat/ros2_ws/install/zed_interfaces/include/zed_interfaces/msg/detail/plane_stamped__type_support.h
[21.250s] -- Symlinking: /home/roboboat/ros2_ws/install/zed_interfaces/include/zed_interfaces/msg/detail/skeleton2_d__functions.h
[21.267s] -- Symlinking: /home/roboboat/ros2_ws/install/zed_interfaces/include/zed_interfaces/msg/detail/skeleton2_d__struct.h
[21.281s] -- Symlinking: /home/roboboat/ros2_ws/install/zed_interfaces/include/zed_interfaces/msg/detail/skeleton2_d__type_support.h
[21.299s] -- Symlinking: /home/roboboat/ros2_ws/install/zed_interfaces/include/zed_interfaces/msg/detail/skeleton3_d__functions.h
[21.314s] -- Symlinking: /home/roboboat/ros2_ws/install/zed_interfaces/include/zed_interfaces/msg/detail/skeleton3_d__struct.h
[21.327s] -- Symlinking: /home/roboboat/ros2_ws/install/zed_interfaces/include/zed_interfaces/msg/detail/skeleton3_d__type_support.h
[21.341s] -- Symlinking: /home/roboboat/ros2_ws/install/zed_interfaces/include/zed_interfaces/msg/keypoint2_df.h
[21.353s] -- Symlinking: /home/roboboat/ros2_ws/install/zed_interfaces/include/zed_interfaces/msg/keypoint2_di.h
[21.370s] -- Symlinking: /home/roboboat/ros2_ws/install/zed_interfaces/include/zed_interfaces/msg/keypoint3_d.h
[21.386s] -- Symlinking: /home/roboboat/ros2_ws/install/zed_interfaces/include/zed_interfaces/msg/object.h
[21.400s] -- Symlinking: /home/roboboat/ros2_ws/install/zed_interfaces/include/zed_interfaces/msg/objects_stamped.h
[21.419s] -- Symlinking: /home/roboboat/ros2_ws/install/zed_interfaces/include/zed_interfaces/msg/plane_stamped.h
[21.434s] -- Symlinking: /home/roboboat/ros2_ws/install/zed_interfaces/include/zed_interfaces/msg/rosidl_generator_c__visibility_control.h
[21.450s] -- Symlinking: /home/roboboat/ros2_ws/install/zed_interfaces/include/zed_interfaces/msg/skeleton2_d.h
[21.462s] -- Symlinking: /home/roboboat/ros2_ws/install/zed_interfaces/include/zed_interfaces/msg/skeleton3_d.h
[21.477s] -- Symlinking: /home/roboboat/ros2_ws/install/zed_interfaces/include/zed_interfaces/srv/detail/set_pose__functions.h
[21.492s] -- Symlinking: /home/roboboat/ros2_ws/install/zed_interfaces/include/zed_interfaces/srv/detail/set_pose__struct.h
[21.506s] -- Symlinking: /home/roboboat/ros2_ws/install/zed_interfaces/include/zed_interfaces/srv/detail/set_pose__type_support.h
[21.522s] -- Symlinking: /home/roboboat/ros2_ws/install/zed_interfaces/include/zed_interfaces/srv/detail/set_roi__functions.h
[21.534s] -- Symlinking: /home/roboboat/ros2_ws/install/zed_interfaces/include/zed_interfaces/srv/detail/set_roi__struct.h
[21.551s] -- Symlinking: /home/roboboat/ros2_ws/install/zed_interfaces/include/zed_interfaces/srv/detail/set_roi__type_support.h
[21.566s] -- Symlinking: /home/roboboat/ros2_ws/install/zed_interfaces/include/zed_interfaces/srv/detail/start_svo_rec__functions.h
[21.582s] -- Symlinking: /home/roboboat/ros2_ws/install/zed_interfaces/include/zed_interfaces/srv/detail/start_svo_rec__struct.h
[21.594s] -- Symlinking: /home/roboboat/ros2_ws/install/zed_interfaces/include/zed_interfaces/srv/detail/start_svo_rec__type_support.h
[21.609s] -- Symlinking: /home/roboboat/ros2_ws/install/zed_interfaces/include/zed_interfaces/srv/set_pose.h
[21.622s] -- Symlinking: /home/roboboat/ros2_ws/install/zed_interfaces/include/zed_interfaces/srv/set_roi.h
[21.639s] -- Symlinking: /home/roboboat/ros2_ws/install/zed_interfaces/include/zed_interfaces/srv/start_svo_rec.h
[21.655s] -- Symlinking: /home/roboboat/ros2_ws/install/zed_interfaces/share/zed_interfaces/environment/library_path.sh
[21.668s] -- Symlinking: /home/roboboat/ros2_ws/install/zed_interfaces/share/zed_interfaces/environment/library_path.dsv
[21.688s] -- Symlinking: /home/roboboat/ros2_ws/install/zed_interfaces/include/zed_interfaces/msg/detail/bounding_box2_df__rosidl_typesupport_fastrtps_c.h
[21.705s] -- Symlinking: /home/roboboat/ros2_ws/install/zed_interfaces/include/zed_interfaces/msg/detail/bounding_box2_di__rosidl_typesupport_fastrtps_c.h
[21.722s] -- Symlinking: /home/roboboat/ros2_ws/install/zed_interfaces/include/zed_interfaces/msg/detail/bounding_box3_d__rosidl_typesupport_fastrtps_c.h
[21.739s] -- Symlinking: /home/roboboat/ros2_ws/install/zed_interfaces/include/zed_interfaces/msg/detail/depth_info_stamped__rosidl_typesupport_fastrtps_c.h
[21.754s] -- Symlinking: /home/roboboat/ros2_ws/install/zed_interfaces/include/zed_interfaces/msg/detail/keypoint2_df__rosidl_typesupport_fastrtps_c.h
[21.770s] -- Symlinking: /home/roboboat/ros2_ws/install/zed_interfaces/include/zed_interfaces/msg/detail/keypoint2_di__rosidl_typesupport_fastrtps_c.h
[21.782s] -- Symlinking: /home/roboboat/ros2_ws/install/zed_interfaces/include/zed_interfaces/msg/detail/keypoint3_d__rosidl_typesupport_fastrtps_c.h
[21.798s] -- Symlinking: /home/roboboat/ros2_ws/install/zed_interfaces/include/zed_interfaces/msg/detail/object__rosidl_typesupport_fastrtps_c.h
[21.814s] -- Symlinking: /home/roboboat/ros2_ws/install/zed_interfaces/include/zed_interfaces/msg/detail/objects_stamped__rosidl_typesupport_fastrtps_c.h
[21.831s] -- Symlinking: /home/roboboat/ros2_ws/install/zed_interfaces/include/zed_interfaces/msg/detail/plane_stamped__rosidl_typesupport_fastrtps_c.h
[21.848s] -- Symlinking: /home/roboboat/ros2_ws/install/zed_interfaces/include/zed_interfaces/msg/detail/skeleton2_d__rosidl_typesupport_fastrtps_c.h
[21.864s] -- Symlinking: /home/roboboat/ros2_ws/install/zed_interfaces/include/zed_interfaces/msg/detail/skeleton3_d__rosidl_typesupport_fastrtps_c.h
[21.878s] -- Symlinking: /home/roboboat/ros2_ws/install/zed_interfaces/include/zed_interfaces/msg/rosidl_typesupport_fastrtps_c__visibility_control.h
[21.894s] -- Symlinking: /home/roboboat/ros2_ws/install/zed_interfaces/include/zed_interfaces/srv/detail/set_pose__rosidl_typesupport_fastrtps_c.h
[21.906s] -- Symlinking: /home/roboboat/ros2_ws/install/zed_interfaces/include/zed_interfaces/srv/detail/set_roi__rosidl_typesupport_fastrtps_c.h
[21.920s] -- Symlinking: /home/roboboat/ros2_ws/install/zed_interfaces/include/zed_interfaces/srv/detail/start_svo_rec__rosidl_typesupport_fastrtps_c.h
[21.936s] -- Symlinking: /home/roboboat/ros2_ws/install/zed_interfaces/lib/libzed_interfaces__rosidl_typesupport_fastrtps_c.so
[21.951s] -- Symlinking: /home/roboboat/ros2_ws/install/zed_interfaces/include/zed_interfaces/msg/detail/bounding_box2_df__rosidl_typesupport_fastrtps_cpp.hpp
[21.967s] -- Symlinking: /home/roboboat/ros2_ws/install/zed_interfaces/include/zed_interfaces/msg/detail/bounding_box2_di__rosidl_typesupport_fastrtps_cpp.hpp
[21.982s] -- Symlinking: /home/roboboat/ros2_ws/install/zed_interfaces/include/zed_interfaces/msg/detail/bounding_box3_d__rosidl_typesupport_fastrtps_cpp.hpp
[21.998s] -- Symlinking: /home/roboboat/ros2_ws/install/zed_interfaces/include/zed_interfaces/msg/detail/depth_info_stamped__rosidl_typesupport_fastrtps_cpp.hpp
[22.011s] -- Symlinking: /home/roboboat/ros2_ws/install/zed_interfaces/include/zed_interfaces/msg/detail/keypoint2_df__rosidl_typesupport_fastrtps_cpp.hpp
[22.027s] -- Symlinking: /home/roboboat/ros2_ws/install/zed_interfaces/include/zed_interfaces/msg/detail/keypoint2_di__rosidl_typesupport_fastrtps_cpp.hpp
[22.045s] -- Symlinking: /home/roboboat/ros2_ws/install/zed_interfaces/include/zed_interfaces/msg/detail/keypoint3_d__rosidl_typesupport_fastrtps_cpp.hpp
[22.060s] -- Symlinking: /home/roboboat/ros2_ws/install/zed_interfaces/include/zed_interfaces/msg/detail/object__rosidl_typesupport_fastrtps_cpp.hpp
[22.076s] -- Symlinking: /home/roboboat/ros2_ws/install/zed_interfaces/include/zed_interfaces/msg/detail/objects_stamped__rosidl_typesupport_fastrtps_cpp.hpp
[22.089s] -- Symlinking: /home/roboboat/ros2_ws/install/zed_interfaces/include/zed_interfaces/msg/detail/plane_stamped__rosidl_typesupport_fastrtps_cpp.hpp
[22.110s] -- Symlinking: /home/roboboat/ros2_ws/install/zed_interfaces/include/zed_interfaces/msg/detail/skeleton2_d__rosidl_typesupport_fastrtps_cpp.hpp
[22.125s] -- Symlinking: /home/roboboat/ros2_ws/install/zed_interfaces/include/zed_interfaces/msg/detail/skeleton3_d__rosidl_typesupport_fastrtps_cpp.hpp
[22.140s] -- Symlinking: /home/roboboat/ros2_ws/install/zed_interfaces/include/zed_interfaces/msg/rosidl_typesupport_fastrtps_cpp__visibility_control.h
[22.153s] -- Symlinking: /home/roboboat/ros2_ws/install/zed_interfaces/include/zed_interfaces/srv/detail/set_pose__rosidl_typesupport_fastrtps_cpp.hpp
[22.168s] -- Symlinking: /home/roboboat/ros2_ws/install/zed_interfaces/include/zed_interfaces/srv/detail/set_roi__rosidl_typesupport_fastrtps_cpp.hpp
[22.180s] -- Symlinking: /home/roboboat/ros2_ws/install/zed_interfaces/include/zed_interfaces/srv/detail/start_svo_rec__rosidl_typesupport_fastrtps_cpp.hpp
[22.196s] -- Symlinking: /home/roboboat/ros2_ws/install/zed_interfaces/lib/libzed_interfaces__rosidl_typesupport_fastrtps_cpp.so
[22.213s] -- Symlinking: /home/roboboat/ros2_ws/install/zed_interfaces/include/zed_interfaces/msg/detail/bounding_box2_df__rosidl_typesupport_introspection_c.h
[22.229s] -- Symlinking: /home/roboboat/ros2_ws/install/zed_interfaces/include/zed_interfaces/msg/detail/bounding_box2_di__rosidl_typesupport_introspection_c.h
[22.246s] -- Symlinking: /home/roboboat/ros2_ws/install/zed_interfaces/include/zed_interfaces/msg/detail/bounding_box3_d__rosidl_typesupport_introspection_c.h
[22.259s] -- Symlinking: /home/roboboat/ros2_ws/install/zed_interfaces/include/zed_interfaces/msg/detail/depth_info_stamped__rosidl_typesupport_introspection_c.h
[22.272s] -- Symlinking: /home/roboboat/ros2_ws/install/zed_interfaces/include/zed_interfaces/msg/detail/keypoint2_df__rosidl_typesupport_introspection_c.h
[22.290s] -- Symlinking: /home/roboboat/ros2_ws/install/zed_interfaces/include/zed_interfaces/msg/detail/keypoint2_di__rosidl_typesupport_introspection_c.h
[22.303s] -- Symlinking: /home/roboboat/ros2_ws/install/zed_interfaces/include/zed_interfaces/msg/detail/keypoint3_d__rosidl_typesupport_introspection_c.h
[22.318s] -- Symlinking: /home/roboboat/ros2_ws/install/zed_interfaces/include/zed_interfaces/msg/detail/object__rosidl_typesupport_introspection_c.h
[22.334s] -- Symlinking: /home/roboboat/ros2_ws/install/zed_interfaces/include/zed_interfaces/msg/detail/objects_stamped__rosidl_typesupport_introspection_c.h
[22.347s] -- Symlinking: /home/roboboat/ros2_ws/install/zed_interfaces/include/zed_interfaces/msg/detail/plane_stamped__rosidl_typesupport_introspection_c.h
[22.365s] -- Symlinking: /home/roboboat/ros2_ws/install/zed_interfaces/include/zed_interfaces/msg/detail/skeleton2_d__rosidl_typesupport_introspection_c.h
[22.381s] -- Symlinking: /home/roboboat/ros2_ws/install/zed_interfaces/include/zed_interfaces/msg/detail/skeleton3_d__rosidl_typesupport_introspection_c.h
[22.397s] -- Symlinking: /home/roboboat/ros2_ws/install/zed_interfaces/include/zed_interfaces/msg/rosidl_typesupport_introspection_c__visibility_control.h
[22.410s] -- Symlinking: /home/roboboat/ros2_ws/install/zed_interfaces/include/zed_interfaces/srv/detail/set_pose__rosidl_typesupport_introspection_c.h
[22.427s] -- Symlinking: /home/roboboat/ros2_ws/install/zed_interfaces/include/zed_interfaces/srv/detail/set_roi__rosidl_typesupport_introspection_c.h
[22.442s] -- Symlinking: /home/roboboat/ros2_ws/install/zed_interfaces/include/zed_interfaces/srv/detail/start_svo_rec__rosidl_typesupport_introspection_c.h
[22.459s] -- Symlinking: /home/roboboat/ros2_ws/install/zed_interfaces/include/zed_interfaces/msg/bounding_box2_df.hpp
[22.475s] -- Symlinking: /home/roboboat/ros2_ws/install/zed_interfaces/include/zed_interfaces/msg/bounding_box2_di.hpp
[22.489s] -- Symlinking: /home/roboboat/ros2_ws/install/zed_interfaces/include/zed_interfaces/msg/bounding_box3_d.hpp
[22.760s] -- Symlinking: /home/roboboat/ros2_ws/install/zed_interfaces/include/zed_interfaces/msg/depth_info_stamped.hpp
[23.103s] -- Symlinking: /home/roboboat/ros2_ws/install/zed_interfaces/include/zed_interfaces/msg/detail/bounding_box2_df__builder.hpp
[23.120s] -- Symlinking: /home/roboboat/ros2_ws/install/zed_interfaces/include/zed_interfaces/msg/detail/bounding_box2_df__struct.hpp
[23.141s] -- Symlinking: /home/roboboat/ros2_ws/install/zed_interfaces/include/zed_interfaces/msg/detail/bounding_box2_df__traits.hpp
[23.155s] -- Symlinking: /home/roboboat/ros2_ws/install/zed_interfaces/include/zed_interfaces/msg/detail/bounding_box2_di__builder.hpp
[23.170s] -- Symlinking: /home/roboboat/ros2_ws/install/zed_interfaces/include/zed_interfaces/msg/detail/bounding_box2_di__struct.hpp
[23.187s] -- Symlinking: /home/roboboat/ros2_ws/install/zed_interfaces/include/zed_interfaces/msg/detail/bounding_box2_di__traits.hpp
[23.202s] -- Symlinking: /home/roboboat/ros2_ws/install/zed_interfaces/include/zed_interfaces/msg/detail/bounding_box3_d__builder.hpp
[23.215s] -- Symlinking: /home/roboboat/ros2_ws/install/zed_interfaces/include/zed_interfaces/msg/detail/bounding_box3_d__struct.hpp
[23.228s] -- Symlinking: /home/roboboat/ros2_ws/install/zed_interfaces/include/zed_interfaces/msg/detail/bounding_box3_d__traits.hpp
[23.243s] -- Symlinking: /home/roboboat/ros2_ws/install/zed_interfaces/include/zed_interfaces/msg/detail/depth_info_stamped__builder.hpp
[23.255s] -- Symlinking: /home/roboboat/ros2_ws/install/zed_interfaces/include/zed_interfaces/msg/detail/depth_info_stamped__struct.hpp
[23.269s] -- Symlinking: /home/roboboat/ros2_ws/install/zed_interfaces/include/zed_interfaces/msg/detail/depth_info_stamped__traits.hpp
[23.289s] -- Symlinking: /home/roboboat/ros2_ws/install/zed_interfaces/include/zed_interfaces/msg/detail/keypoint2_df__builder.hpp
[23.303s] -- Symlinking: /home/roboboat/ros2_ws/install/zed_interfaces/include/zed_interfaces/msg/detail/keypoint2_df__struct.hpp
[23.319s] -- Symlinking: /home/roboboat/ros2_ws/install/zed_interfaces/include/zed_interfaces/msg/detail/keypoint2_df__traits.hpp
[23.331s] -- Symlinking: /home/roboboat/ros2_ws/install/zed_interfaces/include/zed_interfaces/msg/detail/keypoint2_di__builder.hpp
[23.348s] -- Symlinking: /home/roboboat/ros2_ws/install/zed_interfaces/include/zed_interfaces/msg/detail/keypoint2_di__struct.hpp
[23.362s] -- Symlinking: /home/roboboat/ros2_ws/install/zed_interfaces/include/zed_interfaces/msg/detail/keypoint2_di__traits.hpp
[23.379s] -- Symlinking: /home/roboboat/ros2_ws/install/zed_interfaces/include/zed_interfaces/msg/detail/keypoint3_d__builder.hpp
[23.398s] -- Symlinking: /home/roboboat/ros2_ws/install/zed_interfaces/include/zed_interfaces/msg/detail/keypoint3_d__struct.hpp
[23.413s] -- Symlinking: /home/roboboat/ros2_ws/install/zed_interfaces/include/zed_interfaces/msg/detail/keypoint3_d__traits.hpp
[23.428s] -- Symlinking: /home/roboboat/ros2_ws/install/zed_interfaces/include/zed_interfaces/msg/detail/object__builder.hpp
[23.440s] -- Symlinking: /home/roboboat/ros2_ws/install/zed_interfaces/include/zed_interfaces/msg/detail/object__struct.hpp
[23.458s] -- Symlinking: /home/roboboat/ros2_ws/install/zed_interfaces/include/zed_interfaces/msg/detail/object__traits.hpp
[23.474s] -- Symlinking: /home/roboboat/ros2_ws/install/zed_interfaces/include/zed_interfaces/msg/detail/objects_stamped__builder.hpp
[23.490s] -- Symlinking: /home/roboboat/ros2_ws/install/zed_interfaces/include/zed_interfaces/msg/detail/objects_stamped__struct.hpp
[23.504s] -- Symlinking: /home/roboboat/ros2_ws/install/zed_interfaces/include/zed_interfaces/msg/detail/objects_stamped__traits.hpp
[23.518s] -- Symlinking: /home/roboboat/ros2_ws/install/zed_interfaces/include/zed_interfaces/msg/detail/plane_stamped__builder.hpp
[23.534s] -- Symlinking: /home/roboboat/ros2_ws/install/zed_interfaces/include/zed_interfaces/msg/detail/plane_stamped__struct.hpp
[23.546s] -- Symlinking: /home/roboboat/ros2_ws/install/zed_interfaces/include/zed_interfaces/msg/detail/plane_stamped__traits.hpp
[23.562s] -- Symlinking: /home/roboboat/ros2_ws/install/zed_interfaces/include/zed_interfaces/msg/detail/skeleton2_d__builder.hpp
[23.576s] -- Symlinking: /home/roboboat/ros2_ws/install/zed_interfaces/include/zed_interfaces/msg/detail/skeleton2_d__struct.hpp
[23.590s] -- Symlinking: /home/roboboat/ros2_ws/install/zed_interfaces/include/zed_interfaces/msg/detail/skeleton2_d__traits.hpp
[23.607s] -- Symlinking: /home/roboboat/ros2_ws/install/zed_interfaces/include/zed_interfaces/msg/detail/skeleton3_d__builder.hpp
[23.622s] -- Symlinking: /home/roboboat/ros2_ws/install/zed_interfaces/include/zed_interfaces/msg/detail/skeleton3_d__struct.hpp
[23.637s] -- Symlinking: /home/roboboat/ros2_ws/install/zed_interfaces/include/zed_interfaces/msg/detail/skeleton3_d__traits.hpp
[23.650s] -- Symlinking: /home/roboboat/ros2_ws/install/zed_interfaces/include/zed_interfaces/msg/keypoint2_df.hpp
[23.666s] -- Symlinking: /home/roboboat/ros2_ws/install/zed_interfaces/include/zed_interfaces/msg/keypoint2_di.hpp
[23.678s] -- Symlinking: /home/roboboat/ros2_ws/install/zed_interfaces/include/zed_interfaces/msg/keypoint3_d.hpp
[23.695s] -- Symlinking: /home/roboboat/ros2_ws/install/zed_interfaces/include/zed_interfaces/msg/object.hpp
[23.708s] -- Symlinking: /home/roboboat/ros2_ws/install/zed_interfaces/include/zed_interfaces/msg/objects_stamped.hpp
[23.722s] -- Symlinking: /home/roboboat/ros2_ws/install/zed_interfaces/include/zed_interfaces/msg/plane_stamped.hpp
[23.734s] -- Symlinking: /home/roboboat/ros2_ws/install/zed_interfaces/include/zed_interfaces/msg/skeleton2_d.hpp
[23.750s] -- Symlinking: /home/roboboat/ros2_ws/install/zed_interfaces/include/zed_interfaces/msg/skeleton3_d.hpp
[23.767s] -- Symlinking: /home/roboboat/ros2_ws/install/zed_interfaces/include/zed_interfaces/srv/detail/set_pose__builder.hpp
[23.781s] -- Symlinking: /home/roboboat/ros2_ws/install/zed_interfaces/include/zed_interfaces/srv/detail/set_pose__struct.hpp
[23.800s] -- Symlinking: /home/roboboat/ros2_ws/install/zed_interfaces/include/zed_interfaces/srv/detail/set_pose__traits.hpp
[23.813s] -- Symlinking: /home/roboboat/ros2_ws/install/zed_interfaces/include/zed_interfaces/srv/detail/set_roi__builder.hpp
[23.828s] -- Symlinking: /home/roboboat/ros2_ws/install/zed_interfaces/include/zed_interfaces/srv/detail/set_roi__struct.hpp
[23.841s] -- Symlinking: /home/roboboat/ros2_ws/install/zed_interfaces/include/zed_interfaces/srv/detail/set_roi__traits.hpp
[23.857s] -- Symlinking: /home/roboboat/ros2_ws/install/zed_interfaces/include/zed_interfaces/srv/detail/start_svo_rec__builder.hpp
[23.874s] -- Symlinking: /home/roboboat/ros2_ws/install/zed_interfaces/include/zed_interfaces/srv/detail/start_svo_rec__struct.hpp
[23.892s] -- Symlinking: /home/roboboat/ros2_ws/install/zed_interfaces/include/zed_interfaces/srv/detail/start_svo_rec__traits.hpp
[23.905s] -- Symlinking: /home/roboboat/ros2_ws/install/zed_interfaces/include/zed_interfaces/srv/set_pose.hpp
[23.918s] -- Symlinking: /home/roboboat/ros2_ws/install/zed_interfaces/include/zed_interfaces/srv/set_roi.hpp
[23.933s] -- Symlinking: /home/roboboat/ros2_ws/install/zed_interfaces/include/zed_interfaces/srv/start_svo_rec.hpp
[23.951s] -- Symlinking: /home/roboboat/ros2_ws/install/zed_interfaces/include/zed_interfaces/msg/detail/bounding_box2_df__rosidl_typesupport_introspection_cpp.hpp
[23.966s] -- Symlinking: /home/roboboat/ros2_ws/install/zed_interfaces/include/zed_interfaces/msg/detail/bounding_box2_di__rosidl_typesupport_introspection_cpp.hpp
[23.981s] -- Symlinking: /home/roboboat/ros2_ws/install/zed_interfaces/include/zed_interfaces/msg/detail/bounding_box3_d__rosidl_typesupport_introspection_cpp.hpp
[23.994s] -- Symlinking: /home/roboboat/ros2_ws/install/zed_interfaces/include/zed_interfaces/msg/detail/depth_info_stamped__rosidl_typesupport_introspection_cpp.hpp
[24.011s] -- Symlinking: /home/roboboat/ros2_ws/install/zed_interfaces/include/zed_interfaces/msg/detail/keypoint2_df__rosidl_typesupport_introspection_cpp.hpp
[24.026s] -- Symlinking: /home/roboboat/ros2_ws/install/zed_interfaces/include/zed_interfaces/msg/detail/keypoint2_di__rosidl_typesupport_introspection_cpp.hpp
[24.038s] -- Symlinking: /home/roboboat/ros2_ws/install/zed_interfaces/include/zed_interfaces/msg/detail/keypoint3_d__rosidl_typesupport_introspection_cpp.hpp
[24.053s] -- Symlinking: /home/roboboat/ros2_ws/install/zed_interfaces/include/zed_interfaces/msg/detail/object__rosidl_typesupport_introspection_cpp.hpp
[24.065s] -- Symlinking: /home/roboboat/ros2_ws/install/zed_interfaces/include/zed_interfaces/msg/detail/objects_stamped__rosidl_typesupport_introspection_cpp.hpp
[24.082s] -- Symlinking: /home/roboboat/ros2_ws/install/zed_interfaces/include/zed_interfaces/msg/detail/plane_stamped__rosidl_typesupport_introspection_cpp.hpp
[24.099s] -- Symlinking: /home/roboboat/ros2_ws/install/zed_interfaces/include/zed_interfaces/msg/detail/skeleton2_d__rosidl_typesupport_introspection_cpp.hpp
[24.115s] -- Symlinking: /home/roboboat/ros2_ws/install/zed_interfaces/include/zed_interfaces/msg/detail/skeleton3_d__rosidl_typesupport_introspection_cpp.hpp
[24.127s] -- Symlinking: /home/roboboat/ros2_ws/install/zed_interfaces/include/zed_interfaces/srv/detail/set_pose__rosidl_typesupport_introspection_cpp.hpp
[24.142s] -- Symlinking: /home/roboboat/ros2_ws/install/zed_interfaces/include/zed_interfaces/srv/detail/set_roi__rosidl_typesupport_introspection_cpp.hpp
[24.154s] -- Symlinking: /home/roboboat/ros2_ws/install/zed_interfaces/include/zed_interfaces/srv/detail/start_svo_rec__rosidl_typesupport_introspection_cpp.hpp
[24.170s] -- Symlinking: /home/roboboat/ros2_ws/install/zed_interfaces/share/zed_interfaces/environment/pythonpath.sh
[24.186s] -- Symlinking: /home/roboboat/ros2_ws/install/zed_interfaces/share/zed_interfaces/environment/pythonpath.dsv
[24.200s] -- Symlinking: /home/roboboat/ros2_ws/install/zed_interfaces/lib/python3.8/site-packages/zed_interfaces/__init__.py
[24.214s] -- Symlinking: /home/roboboat/ros2_ws/install/zed_interfaces/lib/python3.8/site-packages/zed_interfaces/msg/__init__.py
[24.231s] -- Symlinking: /home/roboboat/ros2_ws/install/zed_interfaces/lib/python3.8/site-packages/zed_interfaces/msg/_bounding_box2_df.py
[24.246s] -- Symlinking: /home/roboboat/ros2_ws/install/zed_interfaces/lib/python3.8/site-packages/zed_interfaces/msg/_bounding_box2_di.py
[24.258s] -- Symlinking: /home/roboboat/ros2_ws/install/zed_interfaces/lib/python3.8/site-packages/zed_interfaces/msg/_bounding_box3_d.py
[24.274s] -- Symlinking: /home/roboboat/ros2_ws/install/zed_interfaces/lib/python3.8/site-packages/zed_interfaces/msg/_depth_info_stamped.py
[24.287s] -- Symlinking: /home/roboboat/ros2_ws/install/zed_interfaces/lib/python3.8/site-packages/zed_interfaces/msg/_keypoint2_df.py
[24.302s] -- Symlinking: /home/roboboat/ros2_ws/install/zed_interfaces/lib/python3.8/site-packages/zed_interfaces/msg/_keypoint2_di.py
[24.318s] -- Symlinking: /home/roboboat/ros2_ws/install/zed_interfaces/lib/python3.8/site-packages/zed_interfaces/msg/_keypoint3_d.py
[24.330s] -- Symlinking: /home/roboboat/ros2_ws/install/zed_interfaces/lib/python3.8/site-packages/zed_interfaces/msg/_object.py
[24.347s] -- Symlinking: /home/roboboat/ros2_ws/install/zed_interfaces/lib/python3.8/site-packages/zed_interfaces/msg/_objects_stamped.py
[24.364s] -- Symlinking: /home/roboboat/ros2_ws/install/zed_interfaces/lib/python3.8/site-packages/zed_interfaces/msg/_plane_stamped.py
[24.377s] -- Symlinking: /home/roboboat/ros2_ws/install/zed_interfaces/lib/python3.8/site-packages/zed_interfaces/msg/_skeleton2_d.py
[24.394s] -- Symlinking: /home/roboboat/ros2_ws/install/zed_interfaces/lib/python3.8/site-packages/zed_interfaces/msg/_skeleton3_d.py
[24.407s] -- Symlinking: /home/roboboat/ros2_ws/install/zed_interfaces/lib/python3.8/site-packages/zed_interfaces/srv/__init__.py
[24.423s] -- Symlinking: /home/roboboat/ros2_ws/install/zed_interfaces/lib/python3.8/site-packages/zed_interfaces/srv/_set_pose.py
[24.438s] -- Symlinking: /home/roboboat/ros2_ws/install/zed_interfaces/lib/python3.8/site-packages/zed_interfaces/srv/_set_roi.py
[24.453s] -- Symlinking: /home/roboboat/ros2_ws/install/zed_interfaces/lib/python3.8/site-packages/zed_interfaces/srv/_start_svo_rec.py
[24.467s] -- Symlinking: /home/roboboat/ros2_ws/install/zed_interfaces/lib/python3.8/site-packages/zed_interfaces/zed_interfaces_s__rosidl_typesupport_fastrtps_c.cpython-38-aarch64-linux-gnu.so
[24.484s] -- Symlinking: /home/roboboat/ros2_ws/install/zed_interfaces/lib/python3.8/site-packages/zed_interfaces/zed_interfaces_s__rosidl_typesupport_introspection_c.cpython-38-aarch64-linux-gnu.so
[24.504s] -- Symlinking: /home/roboboat/ros2_ws/install/zed_interfaces/lib/python3.8/site-packages/zed_interfaces/zed_interfaces_s__rosidl_typesupport_c.cpython-38-aarch64-linux-gnu.so
[24.520s] -- Symlinking: /home/roboboat/ros2_ws/install/zed_interfaces/lib/libzed_interfaces__python.so
[24.537s] -- Symlinking: /home/roboboat/ros2_ws/install/zed_interfaces/share/zed_interfaces/msg/Object.idl
[24.554s] -- Symlinking: /home/roboboat/ros2_ws/install/zed_interfaces/share/zed_interfaces/msg/ObjectsStamped.idl
[24.570s] -- Symlinking: /home/roboboat/ros2_ws/install/zed_interfaces/share/zed_interfaces/msg/Keypoint2Di.idl
[24.587s] -- Symlinking: /home/roboboat/ros2_ws/install/zed_interfaces/share/zed_interfaces/msg/Keypoint2Df.idl
[24.603s] -- Symlinking: /home/roboboat/ros2_ws/install/zed_interfaces/share/zed_interfaces/msg/Keypoint3D.idl
[24.619s] -- Symlinking: /home/roboboat/ros2_ws/install/zed_interfaces/share/zed_interfaces/msg/BoundingBox2Di.idl
[24.631s] -- Symlinking: /home/roboboat/ros2_ws/install/zed_interfaces/share/zed_interfaces/msg/BoundingBox2Df.idl
[24.649s] -- Symlinking: /home/roboboat/ros2_ws/install/zed_interfaces/share/zed_interfaces/msg/BoundingBox3D.idl
[24.666s] -- Symlinking: /home/roboboat/ros2_ws/install/zed_interfaces/share/zed_interfaces/msg/Skeleton2D.idl
[24.683s] -- Symlinking: /home/roboboat/ros2_ws/install/zed_interfaces/share/zed_interfaces/msg/Skeleton3D.idl
[24.695s] -- Symlinking: /home/roboboat/ros2_ws/install/zed_interfaces/share/zed_interfaces/msg/DepthInfoStamped.idl
[24.711s] -- Symlinking: /home/roboboat/ros2_ws/install/zed_interfaces/share/zed_interfaces/msg/PlaneStamped.idl
[24.723s] -- Symlinking: /home/roboboat/ros2_ws/install/zed_interfaces/share/zed_interfaces/srv/SetPose.idl
[24.737s] -- Symlinking: /home/roboboat/ros2_ws/install/zed_interfaces/share/zed_interfaces/srv/StartSvoRec.idl
[24.753s] -- Symlinking: /home/roboboat/ros2_ws/install/zed_interfaces/share/zed_interfaces/srv/SetROI.idl
[24.766s] -- Symlinking: /home/roboboat/ros2_ws/install/zed_interfaces/share/zed_interfaces/msg/Object.msg
[24.782s] -- Symlinking: /home/roboboat/ros2_ws/install/zed_interfaces/share/zed_interfaces/msg/ObjectsStamped.msg
[24.795s] -- Symlinking: /home/roboboat/ros2_ws/install/zed_interfaces/share/zed_interfaces/msg/Keypoint2Di.msg
[24.812s] -- Symlinking: /home/roboboat/ros2_ws/install/zed_interfaces/share/zed_interfaces/msg/Keypoint2Df.msg
[24.831s] -- Symlinking: /home/roboboat/ros2_ws/install/zed_interfaces/share/zed_interfaces/msg/Keypoint3D.msg
[24.847s] -- Symlinking: /home/roboboat/ros2_ws/install/zed_interfaces/share/zed_interfaces/msg/BoundingBox2Di.msg
[24.862s] -- Symlinking: /home/roboboat/ros2_ws/install/zed_interfaces/share/zed_interfaces/msg/BoundingBox2Df.msg
[24.877s] -- Symlinking: /home/roboboat/ros2_ws/install/zed_interfaces/share/zed_interfaces/msg/BoundingBox3D.msg
[24.891s] -- Symlinking: /home/roboboat/ros2_ws/install/zed_interfaces/share/zed_interfaces/msg/Skeleton2D.msg
[24.906s] -- Symlinking: /home/roboboat/ros2_ws/install/zed_interfaces/share/zed_interfaces/msg/Skeleton3D.msg
[24.925s] -- Symlinking: /home/roboboat/ros2_ws/install/zed_interfaces/share/zed_interfaces/msg/DepthInfoStamped.msg
[24.938s] -- Symlinking: /home/roboboat/ros2_ws/install/zed_interfaces/share/zed_interfaces/msg/PlaneStamped.msg
[24.954s] -- Symlinking: /home/roboboat/ros2_ws/install/zed_interfaces/share/zed_interfaces/srv/SetPose.srv
[24.967s] -- Symlinking: /home/roboboat/ros2_ws/install/zed_interfaces/share/zed_interfaces/srv/SetPose_Request.msg
[24.983s] -- Symlinking: /home/roboboat/ros2_ws/install/zed_interfaces/share/zed_interfaces/srv/SetPose_Response.msg
[24.996s] -- Symlinking: /home/roboboat/ros2_ws/install/zed_interfaces/share/zed_interfaces/srv/StartSvoRec.srv
[25.011s] -- Symlinking: /home/roboboat/ros2_ws/install/zed_interfaces/share/zed_interfaces/srv/StartSvoRec_Request.msg
[25.024s] -- Symlinking: /home/roboboat/ros2_ws/install/zed_interfaces/share/zed_interfaces/srv/StartSvoRec_Response.msg
[25.039s] -- Symlinking: /home/roboboat/ros2_ws/install/zed_interfaces/share/zed_interfaces/srv/SetROI.srv
[25.054s] -- Symlinking: /home/roboboat/ros2_ws/install/zed_interfaces/share/zed_interfaces/srv/SetROI_Request.msg
[25.070s] -- Symlinking: /home/roboboat/ros2_ws/install/zed_interfaces/share/zed_interfaces/srv/SetROI_Response.msg
[25.084s] -- Symlinking: /home/roboboat/ros2_ws/install/zed_interfaces/share/zed_interfaces/meshes/zed.stl
[25.098s] -- Symlinking: /home/roboboat/ros2_ws/install/zed_interfaces/share/zed_interfaces/meshes/zed2.stl
[25.114s] -- Symlinking: /home/roboboat/ros2_ws/install/zed_interfaces/share/zed_interfaces/meshes/zed2i.stl
[25.127s] -- Symlinking: /home/roboboat/ros2_ws/install/zed_interfaces/share/zed_interfaces/meshes/zedm.stl
[25.142s] -- Symlinking: /home/roboboat/ros2_ws/install/zed_interfaces/share/ament_index/resource_index/package_run_dependencies/zed_interfaces
[25.159s] -- Symlinking: /home/roboboat/ros2_ws/install/zed_interfaces/share/ament_index/resource_index/parent_prefix_path/zed_interfaces
[25.171s] -- Symlinking: /home/roboboat/ros2_ws/install/zed_interfaces/share/zed_interfaces/environment/ament_prefix_path.sh
[25.185s] -- Symlinking: /home/roboboat/ros2_ws/install/zed_interfaces/share/zed_interfaces/environment/ament_prefix_path.dsv
[25.201s] -- Symlinking: /home/roboboat/ros2_ws/install/zed_interfaces/share/zed_interfaces/environment/path.sh
[25.214s] -- Symlinking: /home/roboboat/ros2_ws/install/zed_interfaces/share/zed_interfaces/environment/path.dsv
[25.230s] -- Symlinking: /home/roboboat/ros2_ws/install/zed_interfaces/share/zed_interfaces/local_setup.bash
[25.246s] -- Symlinking: /home/roboboat/ros2_ws/install/zed_interfaces/share/zed_interfaces/local_setup.sh
[25.260s] -- Symlinking: /home/roboboat/ros2_ws/install/zed_interfaces/share/zed_interfaces/local_setup.zsh
[25.276s] -- Symlinking: /home/roboboat/ros2_ws/install/zed_interfaces/share/zed_interfaces/local_setup.dsv
[25.291s] -- Symlinking: /home/roboboat/ros2_ws/install/zed_interfaces/share/zed_interfaces/package.dsv
[25.304s] -- Symlinking: /home/roboboat/ros2_ws/install/zed_interfaces/share/ament_index/resource_index/packages/zed_interfaces
[25.322s] -- Symlinking: /home/roboboat/ros2_ws/install/zed_interfaces/share/zed_interfaces/cmake/rosidl_cmake-extras.cmake
[25.339s] -- Symlinking: /home/roboboat/ros2_ws/install/zed_interfaces/share/zed_interfaces/cmake/ament_cmake_export_dependencies-extras.cmake
[25.356s] -- Symlinking: /home/roboboat/ros2_ws/install/zed_interfaces/share/zed_interfaces/cmake/ament_cmake_export_libraries-extras.cmake
[25.369s] -- Symlinking: /home/roboboat/ros2_ws/install/zed_interfaces/share/zed_interfaces/cmake/ament_cmake_export_targets-extras.cmake
[25.387s] -- Symlinking: /home/roboboat/ros2_ws/install/zed_interfaces/share/zed_interfaces/cmake/ament_cmake_export_include_directories-extras.cmake
[25.403s] -- Symlinking: /home/roboboat/ros2_ws/install/zed_interfaces/share/zed_interfaces/cmake/rosidl_cmake_export_typesupport_libraries-extras.cmake
[25.419s] -- Symlinking: /home/roboboat/ros2_ws/install/zed_interfaces/share/zed_interfaces/cmake/rosidl_cmake_export_typesupport_targets-extras.cmake
[25.431s] -- Symlinking: /home/roboboat/ros2_ws/install/zed_interfaces/share/zed_interfaces/cmake/zed_interfacesConfig.cmake
[25.449s] -- Symlinking: /home/roboboat/ros2_ws/install/zed_interfaces/share/zed_interfaces/cmake/zed_interfacesConfig-version.cmake
[25.466s] -- Symlinking: /home/roboboat/ros2_ws/install/zed_interfaces/share/zed_interfaces/package.xml
[25.477s] -- Installing: /home/roboboat/ros2_ws/install/zed_interfaces/lib/libzed_interfaces__rosidl_generator_c.so
[25.479s] -- Set runtime path of "/home/roboboat/ros2_ws/install/zed_interfaces/lib/libzed_interfaces__rosidl_generator_c.so" to ""
[25.479s] -- Installing: /home/roboboat/ros2_ws/install/zed_interfaces/lib/libzed_interfaces__rosidl_typesupport_introspection_c.so
[25.480s] -- Set runtime path of "/home/roboboat/ros2_ws/install/zed_interfaces/lib/libzed_interfaces__rosidl_typesupport_introspection_c.so" to ""
[25.481s] -- Installing: /home/roboboat/ros2_ws/install/zed_interfaces/lib/libzed_interfaces__rosidl_typesupport_c.so
[25.482s] -- Set runtime path of "/home/roboboat/ros2_ws/install/zed_interfaces/lib/libzed_interfaces__rosidl_typesupport_c.so" to ""
[25.482s] -- Installing: /home/roboboat/ros2_ws/install/zed_interfaces/lib/libzed_interfaces__rosidl_typesupport_introspection_cpp.so
[25.484s] -- Set runtime path of "/home/roboboat/ros2_ws/install/zed_interfaces/lib/libzed_interfaces__rosidl_typesupport_introspection_cpp.so" to ""
[25.484s] -- Installing: /home/roboboat/ros2_ws/install/zed_interfaces/lib/libzed_interfaces__rosidl_typesupport_cpp.so
[25.485s] -- Set runtime path of "/home/roboboat/ros2_ws/install/zed_interfaces/lib/libzed_interfaces__rosidl_typesupport_cpp.so" to ""
[25.539s] Compiling '/home/roboboat/ros2_ws/install/zed_interfaces/lib/python3.8/site-packages/zed_interfaces/__init__.py'...
[25.546s] -- Installing: /home/roboboat/ros2_ws/install/zed_interfaces/share/zed_interfaces/cmake/zed_interfaces__rosidl_generator_cExport.cmake
[25.547s] -- Installing: /home/roboboat/ros2_ws/install/zed_interfaces/share/zed_interfaces/cmake/zed_interfaces__rosidl_generator_cExport-release.cmake
[25.547s] -- Installing: /home/roboboat/ros2_ws/install/zed_interfaces/share/zed_interfaces/cmake/zed_interfaces__rosidl_typesupport_introspection_cExport.cmake
[25.547s] -- Installing: /home/roboboat/ros2_ws/install/zed_interfaces/share/zed_interfaces/cmake/zed_interfaces__rosidl_typesupport_introspection_cExport-release.cmake
[25.547s] -- Installing: /home/roboboat/ros2_ws/install/zed_interfaces/share/zed_interfaces/cmake/zed_interfaces__rosidl_typesupport_cExport.cmake
[25.548s] -- Installing: /home/roboboat/ros2_ws/install/zed_interfaces/share/zed_interfaces/cmake/zed_interfaces__rosidl_typesupport_cExport-release.cmake
[25.548s] -- Installing: /home/roboboat/ros2_ws/install/zed_interfaces/share/zed_interfaces/cmake/zed_interfaces__rosidl_generator_cppExport.cmake
[25.548s] -- Installing: /home/roboboat/ros2_ws/install/zed_interfaces/share/zed_interfaces/cmake/zed_interfaces__rosidl_typesupport_introspection_cppExport.cmake
[25.549s] -- Installing: /home/roboboat/ros2_ws/install/zed_interfaces/share/zed_interfaces/cmake/zed_interfaces__rosidl_typesupport_introspection_cppExport-release.cmake
[25.549s] -- Installing: /home/roboboat/ros2_ws/install/zed_interfaces/share/zed_interfaces/cmake/zed_interfaces__rosidl_typesupport_cppExport.cmake
[25.549s] -- Installing: /home/roboboat/ros2_ws/install/zed_interfaces/share/zed_interfaces/cmake/zed_interfaces__rosidl_typesupport_cppExport-release.cmake
[25.556s] Invoked command in '/home/roboboat/ros2_ws/build/zed_interfaces' returned '0': CMAKE_PREFIX_PATH=/opt/ros/foxy /usr/bin/cmake --install /home/roboboat/ros2_ws/build/zed_interfaces
