[0.113s] Invoking command in '/home/roboboat/RoboBoat_Cyber_Minority/ROS2_Imp/ros2_foxy/build/detector': CMAKE_PREFIX_PATH=${CMAKE_PREFIX_PATH}:/home/roboboat/ros2_ws/install/Motorcontroller:/opt/ros/foxy /usr/bin/cmake /home/roboboat/RoboBoat_Cyber_Minority/ROS2_Imp/ros2_foxy/src/detector -DCMAKE_INSTALL_PREFIX=/home/roboboat/RoboBoat_Cyber_Minority/ROS2_Imp/ros2_foxy/install/detector
[0.194s] -- The C compiler identification is GNU 9.4.0
[0.268s] -- The CXX compiler identification is GNU 9.4.0
[0.275s] -- Check for working C compiler: /usr/bin/cc
[0.377s] -- Check for working C compiler: /usr/bin/cc -- works
[0.378s] -- Detecting C compiler ABI info
[0.492s] -- Detecting C compiler ABI info - done
[0.523s] -- Detecting C compile features
[0.524s] -- Detecting C compile features - done
[0.529s] -- Check for working CXX compiler: /usr/bin/c++
[0.650s] -- Check for working CXX compiler: /usr/bin/c++ -- works
[0.651s] -- Detecting CXX compiler ABI info
[0.777s] -- Detecting CXX compiler ABI info - done
[0.800s] -- Detecting CXX compile features
[0.801s] -- Detecting CXX compile features - done
[0.806s] -- Found ament_cmake: 0.9.12 (/opt/ros/foxy/share/ament_cmake/cmake)
[0.850s] -- Found PythonInterp: /usr/bin/python3 (found suitable version "3.8.10", minimum required is "3") 
[0.850s] -- Using PYTHON_EXECUTABLE: /usr/bin/python3
[1.178s] -- Found rclcpp: 2.4.3 (/opt/ros/foxy/share/rclcpp/cmake)
[1.245s] -- Using all available rosidl_typesupport_c: rosidl_typesupport_fastrtps_c;rosidl_typesupport_introspection_c
[1.256s] -- Found rosidl_adapter: 1.3.1 (/opt/ros/foxy/share/rosidl_adapter/cmake)
[1.401s] -- Found OpenSSL: /usr/lib/aarch64-linux-gnu/libcrypto.so (found version "1.1.1f")  
[1.444s] -- Found FastRTPS: /opt/ros/foxy/include  
[1.562s] -- Using all available rosidl_typesupport_cpp: rosidl_typesupport_fastrtps_cpp;rosidl_typesupport_introspection_cpp
[1.638s] -- Found rmw_implementation_cmake: 1.0.4 (/opt/ros/foxy/share/rmw_implementation_cmake/cmake)
[1.643s] -- Using RMW implementation 'rmw_fastrtps_cpp' as default
[1.643s] -- Looking for pthread.h
[1.761s] -- Looking for pthread.h - found
[1.762s] -- Performing Test CMAKE_HAVE_LIBC_PTHREAD
[1.889s] -- Performing Test CMAKE_HAVE_LIBC_PTHREAD - Failed
[1.890s] -- Looking for pthread_create in pthreads
[2.017s] -- Looking for pthread_create in pthreads - not found
[2.017s] -- Looking for pthread_create in pthread
[2.151s] -- Looking for pthread_create in pthread - found
[2.153s] -- Found Threads: TRUE  
[2.356s] -- Found rosidl_default_generators: 1.0.1 (/opt/ros/foxy/share/rosidl_default_generators/cmake)
[2.407s] -- Found PythonInterp: /usr/bin/python3 (found version "3.8.10") 
[2.652s] CMake Error at /opt/ros/foxy/share/rosidl_adapter/cmake/rosidl_adapt_interfaces.cmake:60 (message):
[2.652s]   execute_process(/usr/bin/python3 -m rosidl_adapter --package-name detector
[2.653s]   --arguments-file
[2.653s]   /home/roboboat/RoboBoat_Cyber_Minority/ROS2_Imp/ros2_foxy/build/detector/rosidl_adapter__arguments__detector.json
[2.653s]   --output-dir
[2.653s]   /home/roboboat/RoboBoat_Cyber_Minority/ROS2_Imp/ros2_foxy/build/detector/rosidl_adapter/detector
[2.653s]   --output-file
[2.653s]   /home/roboboat/RoboBoat_Cyber_Minority/ROS2_Imp/ros2_foxy/build/detector/rosidl_adapter/detector.idls)
[2.653s]   returned error code 1:
[2.653s] 
[2.653s]   Traceback (most recent call last):
[2.654s] 
[2.654s]     File "/usr/lib/python3.8/runpy.py", line 194, in _run_module_as_main
[2.654s]       return _run_code(code, main_globals, None,
[2.654s]     File "/usr/lib/python3.8/runpy.py", line 87, in _run_code
[2.654s]       exec(code, run_globals)
[2.654s]     File "/opt/ros/foxy/lib/python3.8/site-packages/rosidl_adapter/__main__.py", line 19, in <module>
[2.654s]       sys.exit(main())
[2.654s]     File "/opt/ros/foxy/lib/python3.8/site-packages/rosidl_adapter/main.py", line 53, in main
[2.654s]       abs_idl_file = convert_to_idl(
[2.654s]     File "/opt/ros/foxy/lib/python3.8/site-packages/rosidl_adapter/__init__.py", line 19, in convert_to_idl
[2.654s]       return convert_msg_to_idl(
[2.655s]     File "/opt/ros/foxy/lib/python3.8/site-packages/rosidl_adapter/msg/__init__.py", line 28, in convert_msg_to_idl
[2.655s]       msg = parse_message_string(package_name, input_file.stem, content)
[2.655s]     File "/opt/ros/foxy/lib/python3.8/site-packages/rosidl_adapter/parser.py", line 540, in parse_message_string
[2.655s]       msg = MessageSpecification(pkg_name, msg_name, fields, constants)
[2.655s]     File "/opt/ros/foxy/lib/python3.8/site-packages/rosidl_adapter/parser.py", line 387, in __init__
[2.655s]       self.base_type = BaseType(
[2.655s]     File "/opt/ros/foxy/lib/python3.8/site-packages/rosidl_adapter/parser.py", line 204, in __init__
[2.655s]       raise InvalidResourceName(
[2.656s] 
[2.656s]   rosidl_adapter.parser.InvalidResourceName: 'yv5helper' is an invalid
[2.656s]   message name.  It should have the pattern '^[A-Z][A-Za-z0-9]*$'
[2.656s] 
[2.657s] Call Stack (most recent call first):
[2.657s]   /opt/ros/foxy/share/rosidl_cmake/cmake/rosidl_generate_interfaces.cmake:130 (rosidl_adapt_interfaces)
[2.657s]   CMakeLists.txt:28 (rosidl_generate_interfaces)
[2.657s] 
[2.658s] 
[2.658s] -- Configuring incomplete, errors occurred!
[2.658s] See also "/home/roboboat/RoboBoat_Cyber_Minority/ROS2_Imp/ros2_foxy/build/detector/CMakeFiles/CMakeOutput.log".
[2.658s] See also "/home/roboboat/RoboBoat_Cyber_Minority/ROS2_Imp/ros2_foxy/build/detector/CMakeFiles/CMakeError.log".
[2.674s] Invoked command in '/home/roboboat/RoboBoat_Cyber_Minority/ROS2_Imp/ros2_foxy/build/detector' returned '1': CMAKE_PREFIX_PATH=${CMAKE_PREFIX_PATH}:/home/roboboat/ros2_ws/install/Motorcontroller:/opt/ros/foxy /usr/bin/cmake /home/roboboat/RoboBoat_Cyber_Minority/ROS2_Imp/ros2_foxy/src/detector -DCMAKE_INSTALL_PREFIX=/home/roboboat/RoboBoat_Cyber_Minority/ROS2_Imp/ros2_foxy/install/detector
