[3.387s] DEBUG:colcon:Command line arguments: ['/usr/bin/colcon', 'build']
[3.387s] DEBUG:colcon:Parsed command line arguments: Namespace(allow_overriding=[], ament_cmake_args=None, base_paths=['.'], build_base='build', catkin_cmake_args=None, catkin_skip_building_tests=False, cmake_args=None, cmake_clean_cache=False, cmake_clean_first=False, cmake_force_configure=False, cmake_target=None, cmake_target_skip_unavailable=False, continue_on_error=False, event_handlers=None, executor='parallel', ignore_user_meta=False, install_base='install', log_base=None, log_level=None, main=<bound method BuildVerb.main of <colcon_core.verb.build.BuildVerb object at 0xffffaa1a8880>>, merge_install=False, metas=['./colcon.meta'], packages_above=None, packages_above_and_dependencies=None, packages_above_depth=None, packages_end=None, packages_ignore=None, packages_ignore_regex=None, packages_select=None, packages_select_build_failed=False, packages_select_by_dep=None, packages_select_regex=None, packages_select_test_failures=False, packages_skip=None, packages_skip_build_finished=False, packages_skip_by_dep=None, packages_skip_regex=None, packages_skip_test_passed=False, packages_skip_up_to=None, packages_start=None, packages_up_to=None, packages_up_to_regex=None, parallel_workers=12, paths=None, symlink_install=False, test_result_base=None, verb_extension=<colcon_core.verb.build.BuildVerb object at 0xffffaa1a8880>, verb_name='build', verb_parser=<colcon_defaults.argument_parser.defaults.DefaultArgumentsDecorator object at 0xffffa9e4a3a0>)
[3.535s] Level 1:colcon.colcon_core.package_discovery:discover_packages(colcon_meta) check parameters
[3.535s] Level 1:colcon.colcon_core.package_discovery:discover_packages(recursive) check parameters
[3.535s] Level 1:colcon.colcon_core.package_discovery:discover_packages(ignore) check parameters
[3.535s] Level 1:colcon.colcon_core.package_discovery:discover_packages(path) check parameters
[3.535s] Level 1:colcon.colcon_core.package_discovery:discover_packages(colcon_meta) discover
[3.536s] Level 1:colcon.colcon_core.package_discovery:discover_packages(recursive) discover
[3.536s] INFO:colcon.colcon_core.package_discovery:Crawling recursively for packages in '/home/roboboat/RoboBoat_Cyber_Minority/ROS2_Imp/ros2_foxy/src/vectornav-ros2'
[3.536s] Level 1:colcon.colcon_core.package_identification:_identify(.) by extensions ['ignore', 'ignore_ament_install']
[3.536s] Level 1:colcon.colcon_core.package_identification:_identify(.) by extension 'ignore'
[3.536s] Level 1:colcon.colcon_core.package_identification:_identify(.) by extension 'ignore_ament_install'
[3.536s] Level 1:colcon.colcon_core.package_identification:_identify(.) by extensions ['colcon_pkg']
[3.536s] Level 1:colcon.colcon_core.package_identification:_identify(.) by extension 'colcon_pkg'
[3.536s] Level 1:colcon.colcon_core.package_identification:_identify(.) by extensions ['colcon_meta']
[3.536s] Level 1:colcon.colcon_core.package_identification:_identify(.) by extension 'colcon_meta'
[3.536s] Level 1:colcon.colcon_core.package_identification:_identify(.) by extensions ['ros']
[3.536s] Level 1:colcon.colcon_core.package_identification:_identify(.) by extension 'ros'
[3.557s] Level 1:colcon.colcon_core.package_identification:_identify(.) by extensions ['cmake', 'python']
[3.558s] Level 1:colcon.colcon_core.package_identification:_identify(.) by extension 'cmake'
[3.558s] Level 1:colcon.colcon_core.package_identification:_identify(.) by extension 'python'
[3.558s] Level 1:colcon.colcon_core.package_identification:_identify(.) by extensions ['python_setup_py']
[3.558s] Level 1:colcon.colcon_core.package_identification:_identify(.) by extension 'python_setup_py'
[3.558s] Level 1:colcon.colcon_core.package_identification:_identify(build) by extensions ['ignore', 'ignore_ament_install']
[3.558s] Level 1:colcon.colcon_core.package_identification:_identify(build) by extension 'ignore'
[3.558s] Level 1:colcon.colcon_core.package_identification:_identify(build) ignored
[3.559s] Level 1:colcon.colcon_core.package_identification:_identify(install) by extensions ['ignore', 'ignore_ament_install']
[3.559s] Level 1:colcon.colcon_core.package_identification:_identify(install) by extension 'ignore'
[3.559s] Level 1:colcon.colcon_core.package_identification:_identify(install) ignored
[3.559s] Level 1:colcon.colcon_core.package_identification:_identify(log) by extensions ['ignore', 'ignore_ament_install']
[3.559s] Level 1:colcon.colcon_core.package_identification:_identify(log) by extension 'ignore'
[3.559s] Level 1:colcon.colcon_core.package_identification:_identify(log) ignored
[3.559s] Level 1:colcon.colcon_core.package_identification:_identify(vectornav) by extensions ['ignore', 'ignore_ament_install']
[3.559s] Level 1:colcon.colcon_core.package_identification:_identify(vectornav) by extension 'ignore'
[3.559s] Level 1:colcon.colcon_core.package_identification:_identify(vectornav) by extension 'ignore_ament_install'
[3.559s] Level 1:colcon.colcon_core.package_identification:_identify(vectornav) by extensions ['colcon_pkg']
[3.560s] Level 1:colcon.colcon_core.package_identification:_identify(vectornav) by extension 'colcon_pkg'
[3.560s] Level 1:colcon.colcon_core.package_identification:_identify(vectornav) by extensions ['colcon_meta']
[3.560s] Level 1:colcon.colcon_core.package_identification:_identify(vectornav) by extension 'colcon_meta'
[3.560s] Level 1:colcon.colcon_core.package_identification:_identify(vectornav) by extensions ['ros']
[3.560s] Level 1:colcon.colcon_core.package_identification:_identify(vectornav) by extension 'ros'
[3.564s] DEBUG:colcon.colcon_core.package_identification:Package 'vectornav' with type 'ros.ament_cmake' and name 'vectornav'
[3.564s] Level 1:colcon.colcon_core.package_identification:_identify(vectornav_msgs) by extensions ['ignore', 'ignore_ament_install']
[3.564s] Level 1:colcon.colcon_core.package_identification:_identify(vectornav_msgs) by extension 'ignore'
[3.565s] Level 1:colcon.colcon_core.package_identification:_identify(vectornav_msgs) by extension 'ignore_ament_install'
[3.565s] Level 1:colcon.colcon_core.package_identification:_identify(vectornav_msgs) by extensions ['colcon_pkg']
[3.565s] Level 1:colcon.colcon_core.package_identification:_identify(vectornav_msgs) by extension 'colcon_pkg'
[3.565s] Level 1:colcon.colcon_core.package_identification:_identify(vectornav_msgs) by extensions ['colcon_meta']
[3.565s] Level 1:colcon.colcon_core.package_identification:_identify(vectornav_msgs) by extension 'colcon_meta'
[3.565s] Level 1:colcon.colcon_core.package_identification:_identify(vectornav_msgs) by extensions ['ros']
[3.565s] Level 1:colcon.colcon_core.package_identification:_identify(vectornav_msgs) by extension 'ros'
[3.566s] DEBUG:colcon.colcon_core.package_identification:Package 'vectornav_msgs' with type 'ros.ament_cmake' and name 'vectornav_msgs'
[3.566s] Level 1:colcon.colcon_core.package_discovery:discover_packages(recursive) using defaults
[3.566s] Level 1:colcon.colcon_core.package_discovery:discover_packages(ignore) discover
[3.566s] Level 1:colcon.colcon_core.package_discovery:discover_packages(ignore) using defaults
[3.566s] Level 1:colcon.colcon_core.package_discovery:discover_packages(path) discover
[3.566s] Level 1:colcon.colcon_core.package_discovery:discover_packages(path) using defaults
[3.676s] Level 1:colcon.colcon_core.package_discovery:discover_packages(prefix_path) check parameters
[3.677s] Level 1:colcon.colcon_core.package_discovery:discover_packages(prefix_path) discover
[3.711s] DEBUG:colcon.colcon_installed_package_information.package_discovery:Found 4 installed packages in /home/roboboat/RoboBoat_Cyber_Minority/ROS2_Imp/ros2_foxy/install
[3.728s] DEBUG:colcon.colcon_installed_package_information.package_discovery:Found 256 installed packages in /opt/ros/foxy
[3.729s] Level 1:colcon.colcon_core.package_discovery:discover_packages(prefix_path) using defaults
[3.826s] Level 5:colcon.colcon_core.verb:set package 'vectornav_msgs' build argument 'cmake_args' from command line to 'None'
[3.826s] Level 5:colcon.colcon_core.verb:set package 'vectornav_msgs' build argument 'cmake_target' from command line to 'None'
[3.826s] Level 5:colcon.colcon_core.verb:set package 'vectornav_msgs' build argument 'cmake_target_skip_unavailable' from command line to 'False'
[3.826s] Level 5:colcon.colcon_core.verb:set package 'vectornav_msgs' build argument 'cmake_clean_cache' from command line to 'False'
[3.826s] Level 5:colcon.colcon_core.verb:set package 'vectornav_msgs' build argument 'cmake_clean_first' from command line to 'False'
[3.826s] Level 5:colcon.colcon_core.verb:set package 'vectornav_msgs' build argument 'cmake_force_configure' from command line to 'False'
[3.826s] Level 5:colcon.colcon_core.verb:set package 'vectornav_msgs' build argument 'ament_cmake_args' from command line to 'None'
[3.826s] Level 5:colcon.colcon_core.verb:set package 'vectornav_msgs' build argument 'catkin_cmake_args' from command line to 'None'
[3.826s] Level 5:colcon.colcon_core.verb:set package 'vectornav_msgs' build argument 'catkin_skip_building_tests' from command line to 'False'
[3.826s] DEBUG:colcon.colcon_core.verb:Building package 'vectornav_msgs' with the following arguments: {'ament_cmake_args': None, 'build_base': '/home/roboboat/RoboBoat_Cyber_Minority/ROS2_Imp/ros2_foxy/src/vectornav-ros2/build/vectornav_msgs', 'catkin_cmake_args': None, 'catkin_skip_building_tests': False, 'cmake_args': None, 'cmake_clean_cache': False, 'cmake_clean_first': False, 'cmake_force_configure': False, 'cmake_target': None, 'cmake_target_skip_unavailable': False, 'install_base': '/home/roboboat/RoboBoat_Cyber_Minority/ROS2_Imp/ros2_foxy/src/vectornav-ros2/install/vectornav_msgs', 'merge_install': False, 'path': '/home/roboboat/RoboBoat_Cyber_Minority/ROS2_Imp/ros2_foxy/src/vectornav-ros2/vectornav_msgs', 'symlink_install': False, 'test_result_base': None}
[3.842s] Level 5:colcon.colcon_core.verb:set package 'vectornav' build argument 'cmake_args' from command line to 'None'
[3.843s] Level 5:colcon.colcon_core.verb:set package 'vectornav' build argument 'cmake_target' from command line to 'None'
[3.843s] Level 5:colcon.colcon_core.verb:set package 'vectornav' build argument 'cmake_target_skip_unavailable' from command line to 'False'
[3.843s] Level 5:colcon.colcon_core.verb:set package 'vectornav' build argument 'cmake_clean_cache' from command line to 'False'
[3.843s] Level 5:colcon.colcon_core.verb:set package 'vectornav' build argument 'cmake_clean_first' from command line to 'False'
[3.843s] Level 5:colcon.colcon_core.verb:set package 'vectornav' build argument 'cmake_force_configure' from command line to 'False'
[3.843s] Level 5:colcon.colcon_core.verb:set package 'vectornav' build argument 'ament_cmake_args' from command line to 'None'
[3.843s] Level 5:colcon.colcon_core.verb:set package 'vectornav' build argument 'catkin_cmake_args' from command line to 'None'
[3.843s] Level 5:colcon.colcon_core.verb:set package 'vectornav' build argument 'catkin_skip_building_tests' from command line to 'False'
[3.843s] DEBUG:colcon.colcon_core.verb:Building package 'vectornav' with the following arguments: {'ament_cmake_args': None, 'build_base': '/home/roboboat/RoboBoat_Cyber_Minority/ROS2_Imp/ros2_foxy/src/vectornav-ros2/build/vectornav', 'catkin_cmake_args': None, 'catkin_skip_building_tests': False, 'cmake_args': None, 'cmake_clean_cache': False, 'cmake_clean_first': False, 'cmake_force_configure': False, 'cmake_target': None, 'cmake_target_skip_unavailable': False, 'install_base': '/home/roboboat/RoboBoat_Cyber_Minority/ROS2_Imp/ros2_foxy/src/vectornav-ros2/install/vectornav', 'merge_install': False, 'path': '/home/roboboat/RoboBoat_Cyber_Minority/ROS2_Imp/ros2_foxy/src/vectornav-ros2/vectornav', 'symlink_install': False, 'test_result_base': None}
[3.858s] INFO:colcon.colcon_core.executor:Executing jobs using 'parallel' executor
[3.876s] DEBUG:colcon.colcon_parallel_executor.executor.parallel:run_until_complete
[3.876s] INFO:colcon.colcon_ros.task.ament_cmake.build:Building ROS package in '/home/roboboat/RoboBoat_Cyber_Minority/ROS2_Imp/ros2_foxy/src/vectornav-ros2/vectornav_msgs' with build type 'ament_cmake'
[3.877s] INFO:colcon.colcon_cmake.task.cmake.build:Building CMake package in '/home/roboboat/RoboBoat_Cyber_Minority/ROS2_Imp/ros2_foxy/src/vectornav-ros2/vectornav_msgs'
[3.896s] INFO:colcon.colcon_core.plugin_system:Skipping extension 'colcon_core.shell.bat': Not used on non-Windows systems
[3.896s] INFO:colcon.colcon_core.shell:Skip shell extension 'powershell' for command environment: Not usable outside of PowerShell
[3.897s] DEBUG:colcon.colcon_core.shell:Skip shell extension 'dsv' for command environment
[3.970s] DEBUG:colcon.colcon_core.event_handler.log_command:Invoking command in '/home/roboboat/RoboBoat_Cyber_Minority/ROS2_Imp/ros2_foxy/src/vectornav-ros2/build/vectornav_msgs': CMAKE_PREFIX_PATH=${CMAKE_PREFIX_PATH}:/opt/ros/foxy /usr/bin/cmake --build /home/roboboat/RoboBoat_Cyber_Minority/ROS2_Imp/ros2_foxy/src/vectornav-ros2/build/vectornav_msgs -- -j12 -l12
[4.011s] DEBUG:colcon.colcon_core.event_handler.log_command:Invoked command in '/home/roboboat/RoboBoat_Cyber_Minority/ROS2_Imp/ros2_foxy/src/vectornav-ros2/build/vectornav_msgs' returned '2': CMAKE_PREFIX_PATH=${CMAKE_PREFIX_PATH}:/opt/ros/foxy /usr/bin/cmake --build /home/roboboat/RoboBoat_Cyber_Minority/ROS2_Imp/ros2_foxy/src/vectornav-ros2/build/vectornav_msgs -- -j12 -l12
[4.414s] Level 1:colcon.colcon_core.environment:create_environment_scripts_only(vectornav_msgs)
[4.441s] Level 1:colcon.colcon_core.environment:checking '/home/roboboat/RoboBoat_Cyber_Minority/ROS2_Imp/ros2_foxy/src/vectornav-ros2/install/vectornav_msgs' for CMake module files
[4.442s] Level 1:colcon.colcon_core.environment:checking '/home/roboboat/RoboBoat_Cyber_Minority/ROS2_Imp/ros2_foxy/src/vectornav-ros2/install/vectornav_msgs' for CMake config files
[4.442s] Level 1:colcon.colcon_core.shell:create_environment_hook('vectornav_msgs', 'cmake_prefix_path')
[4.459s] INFO:colcon.colcon_core.shell:Creating environment hook '/home/roboboat/RoboBoat_Cyber_Minority/ROS2_Imp/ros2_foxy/src/vectornav-ros2/install/vectornav_msgs/share/vectornav_msgs/hook/cmake_prefix_path.ps1'
[4.461s] INFO:colcon.colcon_core.shell:Creating environment descriptor '/home/roboboat/RoboBoat_Cyber_Minority/ROS2_Imp/ros2_foxy/src/vectornav-ros2/install/vectornav_msgs/share/vectornav_msgs/hook/cmake_prefix_path.dsv'
[4.461s] INFO:colcon.colcon_core.shell:Creating environment hook '/home/roboboat/RoboBoat_Cyber_Minority/ROS2_Imp/ros2_foxy/src/vectornav-ros2/install/vectornav_msgs/share/vectornav_msgs/hook/cmake_prefix_path.sh'
[4.464s] Level 1:colcon.colcon_core.environment:checking '/home/roboboat/RoboBoat_Cyber_Minority/ROS2_Imp/ros2_foxy/src/vectornav-ros2/install/vectornav_msgs/lib'
[4.464s] Level 1:colcon.colcon_core.shell:create_environment_hook('vectornav_msgs', 'ld_library_path_lib')
[4.482s] INFO:colcon.colcon_core.shell:Creating environment hook '/home/roboboat/RoboBoat_Cyber_Minority/ROS2_Imp/ros2_foxy/src/vectornav-ros2/install/vectornav_msgs/share/vectornav_msgs/hook/ld_library_path_lib.ps1'
[4.483s] INFO:colcon.colcon_core.shell:Creating environment descriptor '/home/roboboat/RoboBoat_Cyber_Minority/ROS2_Imp/ros2_foxy/src/vectornav-ros2/install/vectornav_msgs/share/vectornav_msgs/hook/ld_library_path_lib.dsv'
[4.483s] INFO:colcon.colcon_core.shell:Creating environment hook '/home/roboboat/RoboBoat_Cyber_Minority/ROS2_Imp/ros2_foxy/src/vectornav-ros2/install/vectornav_msgs/share/vectornav_msgs/hook/ld_library_path_lib.sh'
[4.484s] Level 1:colcon.colcon_core.environment:checking '/home/roboboat/RoboBoat_Cyber_Minority/ROS2_Imp/ros2_foxy/src/vectornav-ros2/install/vectornav_msgs/bin'
[4.484s] Level 1:colcon.colcon_core.environment:checking '/home/roboboat/RoboBoat_Cyber_Minority/ROS2_Imp/ros2_foxy/src/vectornav-ros2/install/vectornav_msgs/lib/pkgconfig/vectornav_msgs.pc'
[4.484s] Level 1:colcon.colcon_core.environment:checking '/home/roboboat/RoboBoat_Cyber_Minority/ROS2_Imp/ros2_foxy/src/vectornav-ros2/install/vectornav_msgs/lib/python3.8/site-packages'
[4.484s] Level 1:colcon.colcon_core.shell:create_environment_hook('vectornav_msgs', 'pythonpath')
[4.501s] INFO:colcon.colcon_core.shell:Creating environment hook '/home/roboboat/RoboBoat_Cyber_Minority/ROS2_Imp/ros2_foxy/src/vectornav-ros2/install/vectornav_msgs/share/vectornav_msgs/hook/pythonpath.ps1'
[4.502s] INFO:colcon.colcon_core.shell:Creating environment descriptor '/home/roboboat/RoboBoat_Cyber_Minority/ROS2_Imp/ros2_foxy/src/vectornav-ros2/install/vectornav_msgs/share/vectornav_msgs/hook/pythonpath.dsv'
[4.502s] INFO:colcon.colcon_core.shell:Creating environment hook '/home/roboboat/RoboBoat_Cyber_Minority/ROS2_Imp/ros2_foxy/src/vectornav-ros2/install/vectornav_msgs/share/vectornav_msgs/hook/pythonpath.sh'
[4.504s] Level 1:colcon.colcon_core.environment:checking '/home/roboboat/RoboBoat_Cyber_Minority/ROS2_Imp/ros2_foxy/src/vectornav-ros2/install/vectornav_msgs/bin'
[4.521s] INFO:colcon.colcon_core.shell:Creating package script '/home/roboboat/RoboBoat_Cyber_Minority/ROS2_Imp/ros2_foxy/src/vectornav-ros2/install/vectornav_msgs/share/vectornav_msgs/package.ps1'
[4.522s] INFO:colcon.colcon_core.shell:Creating package descriptor '/home/roboboat/RoboBoat_Cyber_Minority/ROS2_Imp/ros2_foxy/src/vectornav-ros2/install/vectornav_msgs/share/vectornav_msgs/package.dsv'
[4.525s] INFO:colcon.colcon_core.shell:Creating package script '/home/roboboat/RoboBoat_Cyber_Minority/ROS2_Imp/ros2_foxy/src/vectornav-ros2/install/vectornav_msgs/share/vectornav_msgs/package.sh'
[4.526s] INFO:colcon.colcon_core.shell:Creating package script '/home/roboboat/RoboBoat_Cyber_Minority/ROS2_Imp/ros2_foxy/src/vectornav-ros2/install/vectornav_msgs/share/vectornav_msgs/package.bash'
[4.527s] INFO:colcon.colcon_core.shell:Creating package script '/home/roboboat/RoboBoat_Cyber_Minority/ROS2_Imp/ros2_foxy/src/vectornav-ros2/install/vectornav_msgs/share/vectornav_msgs/package.zsh'
[4.528s] Level 1:colcon.colcon_core.environment:create_file_with_runtime_dependencies(/home/roboboat/RoboBoat_Cyber_Minority/ROS2_Imp/ros2_foxy/src/vectornav-ros2/install/vectornav_msgs/share/colcon-core/packages/vectornav_msgs)
[4.539s] DEBUG:colcon.colcon_parallel_executor.executor.parallel:closing loop
[4.539s] DEBUG:colcon.colcon_parallel_executor.executor.parallel:loop closed
[4.539s] DEBUG:colcon.colcon_parallel_executor.executor.parallel:run_until_complete finished with '2'
[4.540s] DEBUG:colcon.colcon_core.event_reactor:joining thread
[4.585s] INFO:colcon.colcon_core.plugin_system:Skipping extension 'colcon_notification.desktop_notification.terminal_notifier': Not used on non-Darwin systems
[4.585s] INFO:colcon.colcon_core.plugin_system:Skipping extension 'colcon_notification.desktop_notification.win32': Not used on non-Windows systems
[4.585s] INFO:colcon.colcon_notification.desktop_notification:Sending desktop notification using 'notify2'
[4.627s] DEBUG:colcon.colcon_core.event_reactor:joined thread
[4.648s] INFO:colcon.colcon_core.shell:Creating prefix script '/home/roboboat/RoboBoat_Cyber_Minority/ROS2_Imp/ros2_foxy/src/vectornav-ros2/install/local_setup.ps1'
[4.649s] INFO:colcon.colcon_core.shell:Creating prefix util module '/home/roboboat/RoboBoat_Cyber_Minority/ROS2_Imp/ros2_foxy/src/vectornav-ros2/install/_local_setup_util_ps1.py'
[4.652s] INFO:colcon.colcon_core.shell:Creating prefix chain script '/home/roboboat/RoboBoat_Cyber_Minority/ROS2_Imp/ros2_foxy/src/vectornav-ros2/install/setup.ps1'
[4.671s] INFO:colcon.colcon_core.shell:Creating prefix script '/home/roboboat/RoboBoat_Cyber_Minority/ROS2_Imp/ros2_foxy/src/vectornav-ros2/install/local_setup.sh'
[4.673s] INFO:colcon.colcon_core.shell:Creating prefix util module '/home/roboboat/RoboBoat_Cyber_Minority/ROS2_Imp/ros2_foxy/src/vectornav-ros2/install/_local_setup_util_sh.py'
[4.673s] INFO:colcon.colcon_core.shell:Creating prefix chain script '/home/roboboat/RoboBoat_Cyber_Minority/ROS2_Imp/ros2_foxy/src/vectornav-ros2/install/setup.sh'
[4.692s] INFO:colcon.colcon_core.shell:Creating prefix script '/home/roboboat/RoboBoat_Cyber_Minority/ROS2_Imp/ros2_foxy/src/vectornav-ros2/install/local_setup.bash'
[4.694s] INFO:colcon.colcon_core.shell:Creating prefix chain script '/home/roboboat/RoboBoat_Cyber_Minority/ROS2_Imp/ros2_foxy/src/vectornav-ros2/install/setup.bash'
[4.712s] INFO:colcon.colcon_core.shell:Creating prefix script '/home/roboboat/RoboBoat_Cyber_Minority/ROS2_Imp/ros2_foxy/src/vectornav-ros2/install/local_setup.zsh'
[4.714s] INFO:colcon.colcon_core.shell:Creating prefix chain script '/home/roboboat/RoboBoat_Cyber_Minority/ROS2_Imp/ros2_foxy/src/vectornav-ros2/install/setup.zsh'
