-- The C compiler identification is GNU 9.4.0
-- The CXX compiler identification is GNU 9.4.0
-- Check for working C compiler: /usr/bin/cc
-- Check for working C compiler: /usr/bin/cc -- works
-- Detecting C compiler ABI info
-- Detecting C compiler ABI info - done
-- Detecting C compile features
-- Detecting C compile features - done
-- Check for working CXX compiler: /usr/bin/c++
-- Check for working CXX compiler: /usr/bin/c++ -- works
-- Detecting CXX compiler ABI info
-- Detecting CXX compiler ABI info - done
-- Detecting CXX compile features
-- Detecting CXX compile features - done
-- Looking for sgemm_
-- Looking for sgemm_ - not found
-- Looking for pthread.h
-- Looking for pthread.h - found
-- Performing Test CMAKE_HAVE_LIBC_PTHREAD
-- Performing Test CMAKE_HAVE_LIBC_PTHREAD - Failed
-- Looking for pthread_create in pthreads
-- Looking for pthread_create in pthreads - not found
-- Looking for pthread_create in pthread
-- Looking for pthread_create in pthread - found
-- Found Threads: TRUE  
-- Looking for sgemm_
-- Looking for sgemm_ - found
-- Found BLAS: /usr/lib/aarch64-linux-gnu/libopenblas.so  
-- Found CUDA: /usr/local/cuda (found suitable version "11.8", minimum required is "11.4") 
-- Found OpenCV: /usr (found version "4.5.4") 
-- Found CUDA: /usr/local/cuda (found suitable version "11.8", minimum required is "11.4") 
-- Found GLUT: /usr/lib/aarch64-linux-gnu/libglut.so  
-- Found GLEW: /usr/include (found version "2.1.0") 
-- Found OpenGL: /usr/lib/aarch64-linux-gnu/libOpenGL.so   
-- Configuring done
-- Generating done
-- Build files have been written to: /home/roboboat/ros2_ws/build/SamplesAndTutos
[35m[1mScanning dependencies of target ZED_Object_detection_image_viewer[0m
[35m[1mScanning dependencies of target ZED_ROI_Exposure[0m
[35m[1mScanning dependencies of target ZED_Object_detection_birds_eye_viewer[0m
[35m[1mScanning dependencies of target ZED_Body_Tracking_Viewer[0m
[35m[1mScanning dependencies of target ZED_SVO_Playback[0m
[35m[1mScanning dependencies of target ZED_Plane_Detection[0m
[35m[1mScanning dependencies of target ZED_SVO_Export[0m
[35m[1mScanning dependencies of target ZED_Positional_Tracking[0m
[35m[1mScanning dependencies of target ZED_Spatial_Mapping[0m
[35m[1mScanning dependencies of target ZED_Depth_Sensing[0m
[35m[1mScanning dependencies of target ZED_Camera_Control[0m
[35m[1mScanning dependencies of target ZED_SVO_Recording[0m
[  1%] [32mBuilding CXX object svo recording/recording/cpp/CMakeFiles/ZED_SVO_Recording.dir/src/main.cpp.o[0m
[  4%] [32mBuilding CXX object depth sensing/cpp/CMakeFiles/ZED_Depth_Sensing.dir/src/GLViewer.cpp.o[0m
[  4%] [32mBuilding CXX object camera control/cpp/CMakeFiles/ZED_Camera_Control.dir/src/main.cpp.o[0m
[  5%] [32mBuilding CXX object plane detection/overview/cpp/CMakeFiles/ZED_Plane_Detection.dir/src/GLViewer.cpp.o[0m
[  8%] [32mBuilding CXX object object detection/image viewer/cpp/CMakeFiles/ZED_Object_detection_image_viewer.dir/src/GLViewer.cpp.o[0m
[ 10%] [32mBuilding CXX object spatial mapping/overview/cpp/CMakeFiles/ZED_Spatial_Mapping.dir/src/GLViewer.cpp.o[0m
[ 10%] [32mBuilding CXX object positional tracking/cpp/CMakeFiles/ZED_Positional_Tracking.dir/src/GLViewer.cpp.o[0m
[ 11%] [32mBuilding CXX object camera roi/auto exposure/cpp/CMakeFiles/ZED_ROI_Exposure.dir/src/main.cpp.o[0m
[ 13%] [32mBuilding CXX object svo recording/export/cpp/CMakeFiles/ZED_SVO_Export.dir/src/main.cpp.o[0m
[ 14%] [32mBuilding CXX object svo recording/playback/cpp/CMakeFiles/ZED_SVO_Playback.dir/src/main.cpp.o[0m
[ 15%] [32mBuilding CXX object object detection/birds eye viewer/cpp/CMakeFiles/ZED_Object_detection_birds_eye_viewer.dir/src/BatchSystemHandler.cpp.o[0m
[ 17%] [32mBuilding CXX object body tracking/cpp/CMakeFiles/ZED_Body_Tracking_Viewer.dir/src/GLViewer.cpp.o[0m
[01m[K/home/roboboat/ros2_ws/src/zed-examples/depth sensing/cpp/src/GLViewer.cpp:25:1:[m[K [01;35m[Kwarning: [m[KISO C++ forbids converting a string constant to ‘[01m[KGLchar*[m[K’ {aka ‘[01m[Kchar*[m[K’} [[01;35m[K-Wwrite-strings[m[K]
   25 | [01;35m[K"#version 330 core\n"[m[K
      | [01;35m[K^~~~~~~~~~~~~~~~~~~~~[m[K
   26 | [01;35m[K"layout(location = 0) in vec3 in_Vertex;\n"[m[K
      | [01;35m[K~~~~~~~~~~~~~~~~~~~~~~~~~~~~~~~~~~~~~~~~~~~[m[K
   27 | [01;35m[K"layout(location = 1) in vec3 in_Color;\n"[m[K
      | [01;35m[K~~~~~~~~~~~~~~~~~~~~~~~~~~~~~~~~~~~~~~~~~~[m[K
   28 | [01;35m[K"uniform mat4 u_mvpMatrix;\n"[m[K
      | [01;35m[K~~~~~~~~~~~~~~~~~~~~~~~~~~~~~[m[K
   29 | [01;35m[K"out vec3 b_color;\n"[m[K
      | [01;35m[K~~~~~~~~~~~~~~~~~~~~~[m[K
   30 | [01;35m[K"void main() {\n"[m[K
      | [01;35m[K~~~~~~~~~~~~~~~~~[m[K
   31 | [01;35m[K"   b_color = in_Color;\n"[m[K
      | [01;35m[K~~~~~~~~~~~~~~~~~~~~~~~~~~[m[K
   32 | [01;35m[K" gl_Position = u_mvpMatrix * vec4(in_Vertex, 1);\n"[m[K
      | [01;35m[K~~~~~~~~~~~~~~~~~~~~~~~~~~~~~~~~~~~~~~~~~~~~~~~~~~~~[m[K
   33 | [01;35m[K"}"[m[K;
      | [01;35m[K~~~[m[K
[01m[K/home/roboboat/ros2_ws/src/zed-examples/depth sensing/cpp/src/GLViewer.cpp:36:1:[m[K [01;35m[Kwarning: [m[KISO C++ forbids converting a string constant to ‘[01m[KGLchar*[m[K’ {aka ‘[01m[Kchar*[m[K’} [[01;35m[K-Wwrite-strings[m[K]
   36 | [01;35m[K"#version 330 core\n"[m[K
      | [01;35m[K^~~~~~~~~~~~~~~~~~~~~[m[K
   37 | [01;35m[K"in vec3 b_color;\n"[m[K
      | [01;35m[K~~~~~~~~~~~~~~~~~~~~[m[K
   38 | [01;35m[K"layout(location = 0) out vec4 out_Color;\n"[m[K
      | [01;35m[K~~~~~~~~~~~~~~~~~~~~~~~~~~~~~~~~~~~~~~~~~~~~[m[K
   39 | [01;35m[K"void main() {\n"[m[K
      | [01;35m[K~~~~~~~~~~~~~~~~~[m[K
   40 | [01;35m[K"   out_Color = vec4(b_color, 1);\n"[m[K
      | [01;35m[K~~~~~~~~~~~~~~~~~~~~~~~~~~~~~~~~~~~~[m[K
   41 | [01;35m[K"}"[m[K;
      | [01;35m[K~~~[m[K
[01m[K/home/roboboat/ros2_ws/src/zed-examples/depth sensing/cpp/src/GLViewer.cpp:495:1:[m[K [01;35m[Kwarning: [m[KISO C++ forbids converting a string constant to ‘[01m[KGLchar*[m[K’ {aka ‘[01m[Kchar*[m[K’} [[01;35m[K-Wwrite-strings[m[K]
  495 | [01;35m[K"#version 330 core\n"[m[K
      | [01;35m[K^~~~~~~~~~~~~~~~~~~~~[m[K
  496 | [01;35m[K"layout(location = 0) in vec4 in_VertexRGBA;\n"[m[K
      | [01;35m[K~~~~~~~~~~~~~~~~~~~~~~~~~~~~~~~~~~~~~~~~~~~~~~~[m[K
  497 | [01;35m[K"uniform mat4 u_mvpMatrix;\n"[m[K
      | [01;35m[K~~~~~~~~~~~~~~~~~~~~~~~~~~~~~[m[K
  498 | [01;35m[K"out vec4 b_color;\n"[m[K
      | [01;35m[K~~~~~~~~~~~~~~~~~~~~~[m[K
  499 | [01;35m[K"void main() {\n"[m[K
      | [01;35m[K~~~~~~~~~~~~~~~~~[m[K
  500 | [01;35m[K// Decompose the 4th channel of the XYZRGBA buffer to retrieve the color of the point (1float to 4uint)[m[K
      | [01;35m[K~~~~~~~~~~~~~~~~~~~~~~~~~~~~~~~~~~~~~~~~~~~~~~~~~~~~~~~~~~~~~~~~~~~~~~~~~~~~~~~~~~~~~~~~~~~~~~~~~~~~~~~[m[K
  501 | [01;35m[K"   uint vertexColor = floatBitsToUint(in_VertexRGBA.w); \n"[m[K
      | [01;35m[K~~~~~~~~~~~~~~~~~~~~~~~~~~~~~~~~~~~~~~~~~~~~~~~~~~~~~~~~~~~~[m[K
  502 | [01;35m[K"   vec3 clr_int = vec3((vertexColor & uint(0x000000FF)), (vertexColor & uint(0x0000FF00)) >> 8, (vertexColor & uint(0x00FF0000)) >> 16);\n"[m[K
      | [01;35m[K~~~~~~~~~~~~~~~~~~~~~~~~~~~~~~~~~~~~~~~~~~~~~~~~~~~~~~~~~~~~~~~~~~~~~~~~~~~~~~~~~~~~~~~~~~~~~~~~~~~~~~~~~~~~~~~~~~~~~~~~~~~~~~~~~~~~~~~~~~~~[m[K
  503 | [01;35m[K"   b_color = vec4(clr_int.r / 255.0f, clr_int.g / 255.0f, clr_int.b / 255.0f, 1.f);"[m[K
      | [01;35m[K~~~~~~~~~~~~~~~~~~~~~~~~~~~~~~~~~~~~~~~~~~~~~~~~~~~~~~~~~~~~~~~~~~~~~~~~~~~~~~~~~~~~~[m[K
  504 | [01;35m[K" gl_Position = u_mvpMatrix * vec4(in_VertexRGBA.xyz, 1);\n"[m[K
      | [01;35m[K~~~~~~~~~~~~~~~~~~~~~~~~~~~~~~~~~~~~~~~~~~~~~~~~~~~~~~~~~~~~[m[K
  505 | [01;35m[K"}"[m[K;
      | [01;35m[K~~~[m[K
[01m[K/home/roboboat/ros2_ws/src/zed-examples/depth sensing/cpp/src/GLViewer.cpp:508:1:[m[K [01;35m[Kwarning: [m[KISO C++ forbids converting a string constant to ‘[01m[KGLchar*[m[K’ {aka ‘[01m[Kchar*[m[K’} [[01;35m[K-Wwrite-strings[m[K]
  508 | [01;35m[K"#version 330 core\n"[m[K
      | [01;35m[K^~~~~~~~~~~~~~~~~~~~~[m[K
  509 | [01;35m[K"in vec4 b_color;\n"[m[K
      | [01;35m[K~~~~~~~~~~~~~~~~~~~~[m[K
  510 | [01;35m[K"layout(location = 0) out vec4 out_Color;\n"[m[K
      | [01;35m[K~~~~~~~~~~~~~~~~~~~~~~~~~~~~~~~~~~~~~~~~~~~~[m[K
  511 | [01;35m[K"void main() {\n"[m[K
      | [01;35m[K~~~~~~~~~~~~~~~~~[m[K
  512 | [01;35m[K"   out_Color = b_color;\n"[m[K
      | [01;35m[K~~~~~~~~~~~~~~~~~~~~~~~~~~~[m[K
  513 | [01;35m[K"}"[m[K;
      | [01;35m[K~~~[m[K
[01m[K/home/roboboat/ros2_ws/src/zed-examples/plane detection/overview/cpp/src/GLViewer.cpp:24:1:[m[K [01;35m[Kwarning: [m[KISO C++ forbids converting a string constant to ‘[01m[KGLchar*[m[K’ {aka ‘[01m[Kchar*[m[K’} [[01;35m[K-Wwrite-strings[m[K]
   24 | [01;35m[K"#version 330 core\n"[m[K
      | [01;35m[K^~~~~~~~~~~~~~~~~~~~~[m[K
   25 | [01;35m[K"layout(location = 0) in vec3 in_Vertex;\n"[m[K
      | [01;35m[K~~~~~~~~~~~~~~~~~~~~~~~~~~~~~~~~~~~~~~~~~~~[m[K
   26 | [01;35m[K"layout(location = 1) in float in_dist;\n"[m[K
      | [01;35m[K~~~~~~~~~~~~~~~~~~~~~~~~~~~~~~~~~~~~~~~~~~[m[K
   27 | [01;35m[K"uniform mat4 u_mvpMatrix;\n"[m[K
      | [01;35m[K~~~~~~~~~~~~~~~~~~~~~~~~~~~~~[m[K
   28 | [01;35m[K"uniform vec3 u_color;\n"[m[K
      | [01;35m[K~~~~~~~~~~~~~~~~~~~~~~~~~[m[K
   29 | [01;35m[K"out vec3 b_color;\n"[m[K
      | [01;35m[K~~~~~~~~~~~~~~~~~~~~~[m[K
   30 | [01;35m[K"out float distance;\n"[m[K
      | [01;35m[K~~~~~~~~~~~~~~~~~~~~~~~[m[K
   31 | [01;35m[K"void main() {\n"[m[K
      | [01;35m[K~~~~~~~~~~~~~~~~~[m[K
   32 | [01;35m[K"   b_color = u_color;\n"[m[K
      | [01;35m[K~~~~~~~~~~~~~~~~~~~~~~~~~[m[K
   33 | [01;35m[K"   distance = in_dist;\n"[m[K
      | [01;35m[K~~~~~~~~~~~~~~~~~~~~~~~~~~[m[K
   34 | [01;35m[K"   gl_Position = u_mvpMatrix * vec4(in_Vertex, 1);\n"[m[K
      | [01;35m[K~~~~~~~~~~~~~~~~~~~~~~~~~~~~~~~~~~~~~~~~~~~~~~~~~~~~~~[m[K
   35 | [01;35m[K"}"[m[K;
      | [01;35m[K~~~[m[K
[01m[K/home/roboboat/ros2_ws/src/zed-examples/plane detection/overview/cpp/src/GLViewer.cpp:38:1:[m[K [01;35m[Kwarning: [m[KISO C++ forbids converting a string constant to ‘[01m[KGLchar*[m[K’ {aka ‘[01m[Kchar*[m[K’} [[01;35m[K-Wwrite-strings[m[K]
   38 | [01;35m[K"#version 330 core\n"[m[K
      | [01;35m[K^~~~~~~~~~~~~~~~~~~~~[m[K
   39 | [01;35m[K"in vec3 b_color;\n"[m[K
      | [01;35m[K~~~~~~~~~~~~~~~~~~~~[m[K
   40 | [01;35m[K"in float distance;\n"[m[K
      | [01;35m[K~~~~~~~~~~~~~~~~~~~~~~[m[K
   41 | [01;35m[K"layout(location = 0) out vec4 color;\n"[m[K
      | [01;35m[K~~~~~~~~~~~~~~~~~~~~~~~~~~~~~~~~~~~~~~~~[m[K
   42 | [01;35m[K"void main() {\n"[m[K
      | [01;35m[K~~~~~~~~~~~~~~~~~[m[K
   43 | [01;35m[K"   color = vec4(b_color,distance);\n"[m[K
      | [01;35m[K~~~~~~~~~~~~~~~~~~~~~~~~~~~~~~~~~~~~~~[m[K
   44 | [01;35m[K"}"[m[K;
      | [01;35m[K~~~[m[K
[01m[K/home/roboboat/ros2_ws/src/zed-examples/plane detection/overview/cpp/src/GLViewer.cpp:47:1:[m[K [01;35m[Kwarning: [m[KISO C++ forbids converting a string constant to ‘[01m[KGLchar*[m[K’ {aka ‘[01m[Kchar*[m[K’} [[01;35m[K-Wwrite-strings[m[K]
   47 | [01;35m[K"#version 330 core\n"[m[K
      | [01;35m[K^~~~~~~~~~~~~~~~~~~~~[m[K
   48 | [01;35m[K" in vec2 UV;\n"[m[K
      | [01;35m[K~~~~~~~~~~~~~~~~[m[K
   49 | [01;35m[K" out vec4 color;\n"[m[K
      | [01;35m[K~~~~~~~~~~~~~~~~~~~~[m[K
   50 | [01;35m[K" uniform sampler2D texImage;\n"[m[K
      | [01;35m[K~~~~~~~~~~~~~~~~~~~~~~~~~~~~~~~~[m[K
   51 | [01;35m[K" uniform bool revert;\n"[m[K
      | [01;35m[K~~~~~~~~~~~~~~~~~~~~~~~~~[m[K
   52 | [01;35m[K" uniform bool rgbflip;\n"[m[K
      | [01;35m[K~~~~~~~~~~~~~~~~~~~~~~~~~~[m[K
   53 | [01;35m[K" void main() {\n"[m[K
      | [01;35m[K~~~~~~~~~~~~~~~~~~[m[K
   54 | [01;35m[K"    vec2 scaler  =revert?vec2(UV.x,1.f - UV.y):vec2(UV.x,UV.y);\n"[m[K
      | [01;35m[K~~~~~~~~~~~~~~~~~~~~~~~~~~~~~~~~~~~~~~~~~~~~~~~~~~~~~~~~~~~~~~~~~~~[m[K
   55 | [01;35m[K"    vec3 rgbcolor = rgbflip?vec3(texture(texImage, scaler).zyx):vec3(texture(texImage, scaler).xyz);\n"[m[K
      | [01;35m[K~~~~~~~~~~~~~~~~~~~~~~~~~~~~~~~~~~~~~~~~~~~~~~~~~~~~~~~~~~~~~~~~~~~~~~~~~~~~~~~~~~~~~~~~~~~~~~~~~~~~~~~~[m[K
   56 | [01;35m[K"    color = vec4(rgbcolor,1);\n"[m[K
      | [01;35m[K~~~~~~~~~~~~~~~~~~~~~~~~~~~~~~~~~[m[K
   57 | [01;35m[K"}"[m[K;
      | [01;35m[K~~~[m[K
[01m[K/home/roboboat/ros2_ws/src/zed-examples/plane detection/overview/cpp/src/GLViewer.cpp:60:1:[m[K [01;35m[Kwarning: [m[KISO C++ forbids converting a string constant to ‘[01m[KGLchar*[m[K’ {aka ‘[01m[Kchar*[m[K’} [[01;35m[K-Wwrite-strings[m[K]
   60 | [01;35m[K"#version 330\n"[m[K
      | [01;35m[K^~~~~~~~~~~~~~~~[m[K
   61 | [01;35m[K"layout(location = 0) in vec3 vert;\n"[m[K
      | [01;35m[K~~~~~~~~~~~~~~~~~~~~~~~~~~~~~~~~~~~~~~[m[K
   62 | [01;35m[K"out vec2 UV;"[m[K
      | [01;35m[K~~~~~~~~~~~~~~[m[K
   63 | [01;35m[K"void main() {\n"[m[K
      | [01;35m[K~~~~~~~~~~~~~~~~~[m[K
   64 | [01;35m[K"   UV = (vert.xy+vec2(1,1))/2;\n"[m[K
      | [01;35m[K~~~~~~~~~~~~~~~~~~~~~~~~~~~~~~~~~~[m[K
   65 | [01;35m[K" gl_Position = vec4(vert, 1);\n"[m[K
      | [01;35m[K~~~~~~~~~~~~~~~~~~~~~~~~~~~~~~~~~[m[K
   66 | [01;35m[K"}\n"[m[K;
      | [01;35m[K~~~~~[m[K
[01m[K/home/roboboat/ros2_ws/src/zed-examples/positional tracking/cpp/src/GLViewer.cpp:23:1:[m[K [01;35m[Kwarning: [m[KISO C++ forbids converting a string constant to ‘[01m[KGLchar*[m[K’ {aka ‘[01m[Kchar*[m[K’} [[01;35m[K-Wwrite-strings[m[K]
   23 | [01;35m[K"#version 330 core\n"[m[K
      | [01;35m[K^~~~~~~~~~~~~~~~~~~~~[m[K
   24 | [01;35m[K"layout(location = 0) in vec3 in_Vertex;\n"[m[K
      | [01;35m[K~~~~~~~~~~~~~~~~~~~~~~~~~~~~~~~~~~~~~~~~~~~[m[K
   25 | [01;35m[K"layout(location = 1) in vec3 in_Color;\n"[m[K
      | [01;35m[K~~~~~~~~~~~~~~~~~~~~~~~~~~~~~~~~~~~~~~~~~~[m[K
   26 | [01;35m[K"uniform mat4 u_mvpMatrix;\n"[m[K
      | [01;35m[K~~~~~~~~~~~~~~~~~~~~~~~~~~~~~[m[K
   27 | [01;35m[K"out vec3 b_color;\n"[m[K
      | [01;35m[K~~~~~~~~~~~~~~~~~~~~~[m[K
   28 | [01;35m[K"void main() {\n"[m[K
      | [01;35m[K~~~~~~~~~~~~~~~~~[m[K
   29 | [01;35m[K"   b_color = in_Color;\n"[m[K
      | [01;35m[K~~~~~~~~~~~~~~~~~~~~~~~~~~[m[K
   30 | [01;35m[K" gl_Position = u_mvpMatrix * vec4(in_Vertex, 1);\n"[m[K
      | [01;35m[K~~~~~~~~~~~~~~~~~~~~~~~~~~~~~~~~~~~~~~~~~~~~~~~~~~~~[m[K
   31 | [01;35m[K"}"[m[K;
      | [01;35m[K~~~[m[K
[01m[K/home/roboboat/ros2_ws/src/zed-examples/positional tracking/cpp/src/GLViewer.cpp:34:1:[m[K [01;35m[Kwarning: [m[KISO C++ forbids converting a string constant to ‘[01m[KGLchar*[m[K’ {aka ‘[01m[Kchar*[m[K’} [[01;35m[K-Wwrite-strings[m[K]
   34 | [01;35m[K"#version 330 core\n"[m[K
      | [01;35m[K^~~~~~~~~~~~~~~~~~~~~[m[K
   35 | [01;35m[K"in vec3 b_color;\n"[m[K
      | [01;35m[K~~~~~~~~~~~~~~~~~~~~[m[K
   36 | [01;35m[K"layout(location = 0) out vec4 out_Color;\n"[m[K
      | [01;35m[K~~~~~~~~~~~~~~~~~~~~~~~~~~~~~~~~~~~~~~~~~~~~[m[K
   37 | [01;35m[K"void main() {\n"[m[K
      | [01;35m[K~~~~~~~~~~~~~~~~~[m[K
   38 | [01;35m[K"   out_Color = vec4(b_color, 1);\n"[m[K
      | [01;35m[K~~~~~~~~~~~~~~~~~~~~~~~~~~~~~~~~~~~~[m[K
   39 | [01;35m[K"}"[m[K;
      | [01;35m[K~~~[m[K
[01m[K/home/roboboat/ros2_ws/src/zed-examples/body tracking/cpp/src/GLViewer.cpp:9:1:[m[K [01;35m[Kwarning: [m[KISO C++ forbids converting a string constant to ‘[01m[KGLchar*[m[K’ {aka ‘[01m[Kchar*[m[K’} [[01;35m[K-Wwrite-strings[m[K]
    9 | [01;35m[K"#version 330 core\n"[m[K
      | [01;35m[K^~~~~~~~~~~~~~~~~~~~~[m[K
   10 | [01;35m[K"layout(location = 0) in vec3 in_Vertex;\n"[m[K
      | [01;35m[K~~~~~~~~~~~~~~~~~~~~~~~~~~~~~~~~~~~~~~~~~~~[m[K
   11 | [01;35m[K"layout(location = 1) in vec4 in_Color;\n"[m[K
      | [01;35m[K~~~~~~~~~~~~~~~~~~~~~~~~~~~~~~~~~~~~~~~~~~[m[K
   12 | [01;35m[K"uniform mat4 u_mvpMatrix;\n"[m[K
      | [01;35m[K~~~~~~~~~~~~~~~~~~~~~~~~~~~~~[m[K
   13 | [01;35m[K"out vec4 b_color;\n"[m[K
      | [01;35m[K~~~~~~~~~~~~~~~~~~~~~[m[K
   14 | [01;35m[K"void main() {\n"[m[K
      | [01;35m[K~~~~~~~~~~~~~~~~~[m[K
   15 | [01;35m[K"   b_color = in_Color;\n"[m[K
      | [01;35m[K~~~~~~~~~~~~~~~~~~~~~~~~~~[m[K
   16 | [01;35m[K" gl_Position = u_mvpMatrix * vec4(in_Vertex, 1);\n"[m[K
      | [01;35m[K~~~~~~~~~~~~~~~~~~~~~~~~~~~~~~~~~~~~~~~~~~~~~~~~~~~~[m[K
   17 | [01;35m[K"}"[m[K;
      | [01;35m[K~~~[m[K
[01m[K/home/roboboat/ros2_ws/src/zed-examples/body tracking/cpp/src/GLViewer.cpp:20:1:[m[K [01;35m[Kwarning: [m[KISO C++ forbids converting a string constant to ‘[01m[KGLchar*[m[K’ {aka ‘[01m[Kchar*[m[K’} [[01;35m[K-Wwrite-strings[m[K]
   20 | [01;35m[K"#version 330 core\n"[m[K
      | [01;35m[K^~~~~~~~~~~~~~~~~~~~~[m[K
   21 | [01;35m[K"in vec4 b_color;\n"[m[K
      | [01;35m[K~~~~~~~~~~~~~~~~~~~~[m[K
   22 | [01;35m[K"layout(location = 0) out vec4 out_Color;\n"[m[K
      | [01;35m[K~~~~~~~~~~~~~~~~~~~~~~~~~~~~~~~~~~~~~~~~~~~~[m[K
   23 | [01;35m[K"void main() {\n"[m[K
      | [01;35m[K~~~~~~~~~~~~~~~~~[m[K
   24 | [01;35m[K" float gamma = 2.2;\n"[m[K
      | [01;35m[K~~~~~~~~~~~~~~~~~~~~~~~[m[K
   25 | [01;35m[K"   out_Color = b_color;//pow(b_color, vec4(1.0/gamma));;\n"[m[K
      | [01;35m[K~~~~~~~~~~~~~~~~~~~~~~~~~~~~~~~~~~~~~~~~~~~~~~~~~~~~~~~~~~~~[m[K
   26 | [01;35m[K"}"[m[K;
      | [01;35m[K~~~[m[K
[01m[K/home/roboboat/ros2_ws/src/zed-examples/body tracking/cpp/src/GLViewer.cpp:29:1:[m[K [01;35m[Kwarning: [m[KISO C++ forbids converting a string constant to ‘[01m[KGLchar*[m[K’ {aka ‘[01m[Kchar*[m[K’} [[01;35m[K-Wwrite-strings[m[K]
   29 | [01;35m[K"#version 330 core\n"[m[K
      | [01;35m[K^~~~~~~~~~~~~~~~~~~~~[m[K
   30 | [01;35m[K"layout(location = 0) in vec3 in_Vertex;\n"[m[K
      | [01;35m[K~~~~~~~~~~~~~~~~~~~~~~~~~~~~~~~~~~~~~~~~~~~[m[K
   31 | [01;35m[K"layout(location = 1) in vec4 in_Color;\n"[m[K
      | [01;35m[K~~~~~~~~~~~~~~~~~~~~~~~~~~~~~~~~~~~~~~~~~~[m[K
   32 | [01;35m[K"layout(location = 2) in vec3 in_Normal;\n"[m[K
      | [01;35m[K~~~~~~~~~~~~~~~~~~~~~~~~~~~~~~~~~~~~~~~~~~~[m[K
   33 | [01;35m[K"out vec4 b_color;\n"[m[K
      | [01;35m[K~~~~~~~~~~~~~~~~~~~~~[m[K
   34 | [01;35m[K"out vec3 b_position;\n"[m[K
      | [01;35m[K~~~~~~~~~~~~~~~~~~~~~~~~[m[K
   35 | [01;35m[K"out vec3 b_normal;\n"[m[K
      | [01;35m[K~~~~~~~~~~~~~~~~~~~~~~[m[K
   36 | [01;35m[K"uniform mat4 u_mvpMatrix;\n"[m[K
      | [01;35m[K~~~~~~~~~~~~~~~~~~~~~~~~~~~~~[m[K
   37 | [01;35m[K"uniform vec4 u_color;\n"[m[K
      | [01;35m[K~~~~~~~~~~~~~~~~~~~~~~~~~[m[K
   38 | [01;35m[K"void main() {\n"[m[K
      | [01;35m[K~~~~~~~~~~~~~~~~~[m[K
   39 | [01;35m[K"   b_color = in_Color;\n"[m[K
      | [01;35m[K~~~~~~~~~~~~~~~~~~~~~~~~~~[m[K
   40 | [01;35m[K"   b_position = in_Vertex;\n"[m[K
      | [01;35m[K~~~~~~~~~~~~~~~~~~~~~~~~~~~~~~[m[K
   41 | [01;35m[K"   b_normal = in_Normal;\n"[m[K
      | [01;35m[K~~~~~~~~~~~~~~~~~~~~~~~~~~~~[m[K
   42 | [01;35m[K" gl_Position =  u_mvpMatrix * vec4(in_Vertex, 1);\n"[m[K
      | [01;35m[K~~~~~~~~~~~~~~~~~~~~~~~~~~~~~~~~~~~~~~~~~~~~~~~~~~~~~[m[K
   43 | [01;35m[K"}"[m[K;
      | [01;35m[K~~~[m[K
[01m[K/home/roboboat/ros2_ws/src/zed-examples/body tracking/cpp/src/GLViewer.cpp:46:1:[m[K [01;35m[Kwarning: [m[KISO C++ forbids converting a string constant to ‘[01m[KGLchar*[m[K’ {aka ‘[01m[Kchar*[m[K’} [[01;35m[K-Wwrite-strings[m[K]
   46 | [01;35m[K"#version 330 core\n"[m[K
      | [01;35m[K^~~~~~~~~~~~~~~~~~~~~[m[K
   47 | [01;35m[K"in vec4 b_color;\n"[m[K
      | [01;35m[K~~~~~~~~~~~~~~~~~~~~[m[K
   48 | [01;35m[K"in vec3 b_position;\n"[m[K
      | [01;35m[K~~~~~~~~~~~~~~~~~~~~~~~[m[K
   49 | [01;35m[K"in vec3 b_normal;\n"[m[K
      | [01;35m[K~~~~~~~~~~~~~~~~~~~~~[m[K
   50 | [01;35m[K"out vec4 out_Color;\n"[m[K
      | [01;35m[K~~~~~~~~~~~~~~~~~~~~~~~[m[K
   51 | [01;35m[K"void main() {\n"[m[K
      | [01;35m[K~~~~~~~~~~~~~~~~~[m[K
   52 | [01;35m[K" vec3 lightPosition = vec3(0, 10000, 0);\n"[m[K
      | [01;35m[K~~~~~~~~~~~~~~~~~~~~~~~~~~~~~~~~~~~~~~~~~~~~[m[K
   53 | [01;35m[K" vec3 lightColor = vec3(1,1,1);\n"[m[K
      | [01;35m[K~~~~~~~~~~~~~~~~~~~~~~~~~~~~~~~~~~~[m[K
   54 | [01;35m[K" float ambientStrength = 0.4;\n"[m[K
      | [01;35m[K~~~~~~~~~~~~~~~~~~~~~~~~~~~~~~~~~[m[K
   55 | [01;35m[K" vec3 ambient = ambientStrength * lightColor;\n"[m[K
      | [01;35m[K~~~~~~~~~~~~~~~~~~~~~~~~~~~~~~~~~~~~~~~~~~~~~~~~~[m[K
   56 | [01;35m[K" vec3 lightDir = normalize(lightPosition - b_position);\n"[m[K
      | [01;35m[K~~~~~~~~~~~~~~~~~~~~~~~~~~~~~~~~~~~~~~~~~~~~~~~~~~~~~~~~~~~[m[K
   57 | [01;35m[K" float diffuse = (1 - 0) * max(dot(b_normal, lightDir), 0.0);\n"[m[K
      | [01;35m[K~~~~~~~~~~~~~~~~~~~~~~~~~~~~~~~~~~~~~~~~~~~~~~~~~~~~~~~~~~~~~~~~~[m[K
   58 | [01;35m[K"   out_Color = vec4(b_color.rgb * (diffuse + ambient), 1);\n"[m[K
      | [01;35m[K~~~~~~~~~~~~~~~~~~~~~~~~~~~~~~~~~~~~~~~~~~~~~~~~~~~~~~~~~~~~~~[m[K
   59 | [01;35m[K"}"[m[K;
      | [01;35m[K~~~[m[K
[01m[K/home/roboboat/ros2_ws/src/zed-examples/body tracking/cpp/src/GLViewer.cpp:903:1:[m[K [01;35m[Kwarning: [m[KISO C++ forbids converting a string constant to ‘[01m[KGLchar*[m[K’ {aka ‘[01m[Kchar*[m[K’} [[01;35m[K-Wwrite-strings[m[K]
  903 | [01;35m[K"#version 330 core\n"[m[K
      | [01;35m[K^~~~~~~~~~~~~~~~~~~~~[m[K
  904 | [01;35m[K" in vec2 UV;\n"[m[K
      | [01;35m[K~~~~~~~~~~~~~~~~[m[K
  905 | [01;35m[K" out vec4 color;\n"[m[K
      | [01;35m[K~~~~~~~~~~~~~~~~~~~~[m[K
  906 | [01;35m[K" uniform sampler2D texImage;\n"[m[K
      | [01;35m[K~~~~~~~~~~~~~~~~~~~~~~~~~~~~~~~~[m[K
  907 | [01;35m[K" void main() {\n"[m[K
      | [01;35m[K~~~~~~~~~~~~~~~~~~[m[K
  908 | [01;35m[K" vec2 scaler  =vec2(UV.x,1.f - UV.y);\n"[m[K
      | [01;35m[K~~~~~~~~~~~~~~~~~~~~~~~~~~~~~~~~~~~~~~~~~[m[K
  909 | [01;35m[K" vec3 rgbcolor = vec3(texture(texImage, scaler).zyx);\n"[m[K
      | [01;35m[K~~~~~~~~~~~~~~~~~~~~~~~~~~~~~~~~~~~~~~~~~~~~~~~~~~~~~~~~~[m[K
  910 | [01;35m[K" vec3 color_rgb = pow(rgbcolor, vec3(1.65f));\n"[m[K
      | [01;35m[K~~~~~~~~~~~~~~~~~~~~~~~~~~~~~~~~~~~~~~~~~~~~~~~~~[m[K
  911 | [01;35m[K" color = vec4(color_rgb,1);\n"[m[K
      | [01;35m[K~~~~~~~~~~~~~~~~~~~~~~~~~~~~~~~[m[K
  912 | [01;35m[K"}"[m[K;
      | [01;35m[K~~~[m[K
[01m[K/home/roboboat/ros2_ws/src/zed-examples/body tracking/cpp/src/GLViewer.cpp:915:1:[m[K [01;35m[Kwarning: [m[KISO C++ forbids converting a string constant to ‘[01m[KGLchar*[m[K’ {aka ‘[01m[Kchar*[m[K’} [[01;35m[K-Wwrite-strings[m[K]
  915 | [01;35m[K"#version 330\n"[m[K
      | [01;35m[K^~~~~~~~~~~~~~~~[m[K
  916 | [01;35m[K"layout(location = 0) in vec3 vert;\n"[m[K
      | [01;35m[K~~~~~~~~~~~~~~~~~~~~~~~~~~~~~~~~~~~~~~[m[K
  917 | [01;35m[K"out vec2 UV;"[m[K
      | [01;35m[K~~~~~~~~~~~~~~[m[K
  918 | [01;35m[K"void main() {\n"[m[K
      | [01;35m[K~~~~~~~~~~~~~~~~~[m[K
  919 | [01;35m[K" UV = (vert.xy+vec2(1,1))* .5f;\n"[m[K
      | [01;35m[K~~~~~~~~~~~~~~~~~~~~~~~~~~~~~~~~~~~[m[K
  920 | [01;35m[K" gl_Position = vec4(vert, 1);\n"[m[K
      | [01;35m[K~~~~~~~~~~~~~~~~~~~~~~~~~~~~~~~~~[m[K
  921 | [01;35m[K"}\n"[m[K;
      | [01;35m[K~~~~~[m[K
[01m[K/home/roboboat/ros2_ws/src/zed-examples/body tracking/cpp/src/GLViewer.cpp:989:1:[m[K [01;35m[Kwarning: [m[KISO C++ forbids converting a string constant to ‘[01m[KGLchar*[m[K’ {aka ‘[01m[Kchar*[m[K’} [[01;35m[K-Wwrite-strings[m[K]
  989 | [01;35m[K"#version 330 core\n"[m[K
      | [01;35m[K^~~~~~~~~~~~~~~~~~~~~[m[K
  990 | [01;35m[K"layout(location = 0) in vec4 in_VertexRGBA;\n"[m[K
      | [01;35m[K~~~~~~~~~~~~~~~~~~~~~~~~~~~~~~~~~~~~~~~~~~~~~~~[m[K
  991 | [01;35m[K"uniform mat4 u_mvpMatrix;\n"[m[K
      | [01;35m[K~~~~~~~~~~~~~~~~~~~~~~~~~~~~~[m[K
  992 | [01;35m[K"out vec4 b_color;\n"[m[K
      | [01;35m[K~~~~~~~~~~~~~~~~~~~~~[m[K
  993 | [01;35m[K"void main() {\n"[m[K
      | [01;35m[K~~~~~~~~~~~~~~~~~[m[K
  994 | [01;35m[K// Decompose the 4th channel of the XYZRGBA buffer to retrieve the color of the point (1float to 4uint)[m[K
      | [01;35m[K~~~~~~~~~~~~~~~~~~~~~~~~~~~~~~~~~~~~~~~~~~~~~~~~~~~~~~~~~~~~~~~~~~~~~~~~~~~~~~~~~~~~~~~~~~~~~~~~~~~~~~~[m[K
  995 | [01;35m[K"   uint vertexColor = floatBitsToUint(in_VertexRGBA.w); \n"[m[K
      | [01;35m[K~~~~~~~~~~~~~~~~~~~~~~~~~~~~~~~~~~~~~~~~~~~~~~~~~~~~~~~~~~~~[m[K
  996 | [01;35m[K"   vec3 clr_int = vec3((vertexColor & uint(0x000000FF)), (vertexColor & uint(0x0000FF00)) >> 8, (vertexColor & uint(0x00FF0000)) >> 16);\n"[m[K
      | [01;35m[K~~~~~~~~~~~~~~~~~~~~~~~~~~~~~~~~~~~~~~~~~~~~~~~~~~~~~~~~~~~~~~~~~~~~~~~~~~~~~~~~~~~~~~~~~~~~~~~~~~~~~~~~~~~~~~~~~~~~~~~~~~~~~~~~~~~~~~~~~~~~[m[K
  997 | [01;35m[K"   b_color = vec4(clr_int.r / 255.0f, clr_int.g / 255.0f, clr_int.b / 255.0f, 1.f);"[m[K
      | [01;35m[K~~~~~~~~~~~~~~~~~~~~~~~~~~~~~~~~~~~~~~~~~~~~~~~~~~~~~~~~~~~~~~~~~~~~~~~~~~~~~~~~~~~~~[m[K
  998 | [01;35m[K" gl_Position = u_mvpMatrix * vec4(in_VertexRGBA.xyz, 1);\n"[m[K
      | [01;35m[K~~~~~~~~~~~~~~~~~~~~~~~~~~~~~~~~~~~~~~~~~~~~~~~~~~~~~~~~~~~~[m[K
  999 | [01;35m[K"}"[m[K;
      | [01;35m[K~~~[m[K
[01m[K/home/roboboat/ros2_ws/src/zed-examples/body tracking/cpp/src/GLViewer.cpp:1002:1:[m[K [01;35m[Kwarning: [m[KISO C++ forbids converting a string constant to ‘[01m[KGLchar*[m[K’ {aka ‘[01m[Kchar*[m[K’} [[01;35m[K-Wwrite-strings[m[K]
 1002 | [01;35m[K"#version 330 core\n"[m[K
      | [01;35m[K^~~~~~~~~~~~~~~~~~~~~[m[K
 1003 | [01;35m[K"in vec4 b_color;\n"[m[K
      | [01;35m[K~~~~~~~~~~~~~~~~~~~~[m[K
 1004 | [01;35m[K"layout(location = 0) out vec4 out_Color;\n"[m[K
      | [01;35m[K~~~~~~~~~~~~~~~~~~~~~~~~~~~~~~~~~~~~~~~~~~~~[m[K
 1005 | [01;35m[K"void main() {\n"[m[K
      | [01;35m[K~~~~~~~~~~~~~~~~~[m[K
 1006 | [01;35m[K"   out_Color = b_color;\n"[m[K
      | [01;35m[K~~~~~~~~~~~~~~~~~~~~~~~~~~~[m[K
 1007 | [01;35m[K"}"[m[K;
      | [01;35m[K~~~[m[K
[01m[K/home/roboboat/ros2_ws/src/zed-examples/object detection/image viewer/cpp/src/GLViewer.cpp:9:9:[m[K [01;35m[Kwarning: [m[KISO C++ forbids converting a string constant to ‘[01m[KGLchar*[m[K’ {aka ‘[01m[Kchar*[m[K’} [[01;35m[K-Wwrite-strings[m[K]
    9 |         [01;35m[K"#version 330 core\n"[m[K
      |         [01;35m[K^~~~~~~~~~~~~~~~~~~~~[m[K
   10 | [01;35m[K        "layout(location = 0) in vec3 in_Vertex;\n"[m[K
      |         [01;35m[K~~~~~~~~~~~~~~~~~~~~~~~~~~~~~~~~~~~~~~~~~~~[m[K
   11 | [01;35m[K        "layout(location = 1) in vec4 in_Color;\n"[m[K
      |         [01;35m[K~~~~~~~~~~~~~~~~~~~~~~~~~~~~~~~~~~~~~~~~~~[m[K
   12 | [01;35m[K        "uniform mat4 u_mvpMatrix;\n"[m[K
      |         [01;35m[K~~~~~~~~~~~~~~~~~~~~~~~~~~~~~[m[K
   13 | [01;35m[K        "out vec4 b_color;\n"[m[K
      |         [01;35m[K~~~~~~~~~~~~~~~~~~~~~[m[K
   14 | [01;35m[K        "void main() {\n"[m[K
      |         [01;35m[K~~~~~~~~~~~~~~~~~[m[K
   15 | [01;35m[K        "   b_color = in_Color;\n"[m[K
      |         [01;35m[K~~~~~~~~~~~~~~~~~~~~~~~~~~[m[K
   16 | [01;35m[K        " gl_Position = u_mvpMatrix * vec4(in_Vertex, 1);\n"[m[K
      |         [01;35m[K~~~~~~~~~~~~~~~~~~~~~~~~~~~~~~~~~~~~~~~~~~~~~~~~~~~~[m[K
   17 | [01;35m[K        "}"[m[K;
      |         [01;35m[K~~~[m[K
[01m[K/home/roboboat/ros2_ws/src/zed-examples/object detection/image viewer/cpp/src/GLViewer.cpp:20:9:[m[K [01;35m[Kwarning: [m[KISO C++ forbids converting a string constant to ‘[01m[KGLchar*[m[K’ {aka ‘[01m[Kchar*[m[K’} [[01;35m[K-Wwrite-strings[m[K]
   20 |         [01;35m[K"#version 330 core\n"[m[K
      |         [01;35m[K^~~~~~~~~~~~~~~~~~~~~[m[K
   21 | [01;35m[K        "in vec4 b_color;\n"[m[K
      |         [01;35m[K~~~~~~~~~~~~~~~~~~~~[m[K
   22 | [01;35m[K        "layout(location = 0) out vec4 out_Color;\n"[m[K
      |         [01;35m[K~~~~~~~~~~~~~~~~~~~~~~~~~~~~~~~~~~~~~~~~~~~~[m[K
   23 | [01;35m[K        "void main() {\n"[m[K
      |         [01;35m[K~~~~~~~~~~~~~~~~~[m[K
   24 | [01;35m[K        " float gamma = 2.2;\n"[m[K
      |         [01;35m[K~~~~~~~~~~~~~~~~~~~~~~~[m[K
   25 | [01;35m[K        "   out_Color = b_color;//pow(b_color, vec4(1.0/gamma));;\n"[m[K
      |         [01;35m[K~~~~~~~~~~~~~~~~~~~~~~~~~~~~~~~~~~~~~~~~~~~~~~~~~~~~~~~~~~~~[m[K
   26 | [01;35m[K        "}"[m[K;
      |         [01;35m[K~~~[m[K
[01m[K/home/roboboat/ros2_ws/src/zed-examples/object detection/image viewer/cpp/src/GLViewer.cpp:29:3:[m[K [01;35m[Kwarning: [m[KISO C++ forbids converting a string constant to ‘[01m[KGLchar*[m[K’ {aka ‘[01m[Kchar*[m[K’} [[01;35m[K-Wwrite-strings[m[K]
   29 |   [01;35m[K"#version 330 core\n"[m[K
      |   [01;35m[K^~~~~~~~~~~~~~~~~~~~~[m[K
   30 | [01;35m[K  "layout(location = 0) in vec3 in_Vertex;\n"[m[K
      |   [01;35m[K~~~~~~~~~~~~~~~~~~~~~~~~~~~~~~~~~~~~~~~~~~~[m[K
   31 | [01;35m[K  "layout(location = 1) in vec4 in_Color;\n"[m[K
      |   [01;35m[K~~~~~~~~~~~~~~~~~~~~~~~~~~~~~~~~~~~~~~~~~~[m[K
   32 | [01;35m[K  "layout(location = 2) in vec3 in_Normal;\n"[m[K
      |   [01;35m[K~~~~~~~~~~~~~~~~~~~~~~~~~~~~~~~~~~~~~~~~~~~[m[K
   33 | [01;35m[K  "out vec4 b_color;\n"[m[K
      |   [01;35m[K~~~~~~~~~~~~~~~~~~~~~[m[K
   34 | [01;35m[K  "out vec3 b_position;\n"[m[K
      |   [01;35m[K~~~~~~~~~~~~~~~~~~~~~~~~[m[K
   35 | [01;35m[K  "out vec3 b_normal;\n"[m[K
      |   [01;35m[K~~~~~~~~~~~~~~~~~~~~~~[m[K
   36 | [01;35m[K  "uniform mat4 u_mvpMatrix;\n"[m[K
      |   [01;35m[K~~~~~~~~~~~~~~~~~~~~~~~~~~~~~[m[K
   37 | [01;35m[K  "uniform vec4 u_color;\n"[m[K
      |   [01;35m[K~~~~~~~~~~~~~~~~~~~~~~~~~[m[K
   38 | [01;35m[K  "void main() {\n"[m[K
      |   [01;35m[K~~~~~~~~~~~~~~~~~[m[K
   39 | [01;35m[K  "   b_color = in_Color;\n"[m[K
      |   [01;35m[K~~~~~~~~~~~~~~~~~~~~~~~~~~[m[K
   40 | [01;35m[K  "   b_position = in_Vertex;\n"[m[K
      |   [01;35m[K~~~~~~~~~~~~~~~~~~~~~~~~~~~~~~[m[K
   41 | [01;35m[K  "   b_normal = in_Normal;\n"[m[K
      |   [01;35m[K~~~~~~~~~~~~~~~~~~~~~~~~~~~~[m[K
   42 | [01;35m[K  " gl_Position =  u_mvpMatrix * vec4(in_Vertex, 1);\n"[m[K
      |   [01;35m[K~~~~~~~~~~~~~~~~~~~~~~~~~~~~~~~~~~~~~~~~~~~~~~~~~~~~~[m[K
   43 | [01;35m[K  "}"[m[K;
      |   [01;35m[K~~~[m[K
[01m[K/home/roboboat/ros2_ws/src/zed-examples/object detection/image viewer/cpp/src/GLViewer.cpp:46:3:[m[K [01;35m[Kwarning: [m[KISO C++ forbids converting a string constant to ‘[01m[KGLchar*[m[K’ {aka ‘[01m[Kchar*[m[K’} [[01;35m[K-Wwrite-strings[m[K]
   46 |   [01;35m[K"#version 330 core\n"[m[K
      |   [01;35m[K^~~~~~~~~~~~~~~~~~~~~[m[K
   47 | [01;35m[K  "in vec4 b_color;\n"[m[K
      |   [01;35m[K~~~~~~~~~~~~~~~~~~~~[m[K
   48 | [01;35m[K  "in vec3 b_position;\n"[m[K
      |   [01;35m[K~~~~~~~~~~~~~~~~~~~~~~~[m[K
   49 | [01;35m[K  "in vec3 b_normal;\n"[m[K
      |   [01;35m[K~~~~~~~~~~~~~~~~~~~~~[m[K
   50 | [01;35m[K  "out vec4 out_Color;\n"[m[K
      |   [01;35m[K~~~~~~~~~~~~~~~~~~~~~~~[m[K
   51 | [01;35m[K  "void main() {\n"[m[K
      |   [01;35m[K~~~~~~~~~~~~~~~~~[m[K
   52 | [01;35m[K  " vec3 lightPosition = vec3(0, 10, 0);\n"[m[K
      |   [01;35m[K~~~~~~~~~~~~~~~~~~~~~~~~~~~~~~~~~~~~~~~~~[m[K
   53 | [01;35m[K  " vec3 lightColor = vec3(1,1,1);\n"[m[K
      |   [01;35m[K~~~~~~~~~~~~~~~~~~~~~~~~~~~~~~~~~~~[m[K
   54 | [01;35m[K  " float ambientStrength = 0.3;\n"[m[K
      |   [01;35m[K~~~~~~~~~~~~~~~~~~~~~~~~~~~~~~~~~[m[K
   55 | [01;35m[K  " vec3 ambient = ambientStrength * lightColor;\n"[m[K
      |   [01;35m[K~~~~~~~~~~~~~~~~~~~~~~~~~~~~~~~~~~~~~~~~~~~~~~~~~[m[K
   56 | [01;35m[K  " vec3 norm = normalize(b_normal); \n"[m[K
      |   [01;35m[K~~~~~~~~~~~~~~~~~~~~~~~~~~~~~~~~~~~~~~[m[K
   57 | [01;35m[K  " vec3 lightDir = normalize(lightPosition - b_position);\n"[m[K
      |   [01;35m[K~~~~~~~~~~~~~~~~~~~~~~~~~~~~~~~~~~~~~~~~~~~~~~~~~~~~~~~~~~~[m[K
   58 | [01;35m[K  " float diffuse = (1 - ambientStrength) * max(dot(b_normal, lightDir), 0.0);\n"[m[K
      |   [01;35m[K~~~~~~~~~~~~~~~~~~~~~~~~~~~~~~~~~~~~~~~~~~~~~~~~~~~~~~~~~~~~~~~~~~~~~~~~~~~~~~~[m[K
   59 | [01;35m[K  "   out_Color = vec4(b_color.rgb * (diffuse + ambient), 1);\n"[m[K
      |   [01;35m[K~~~~~~~~~~~~~~~~~~~~~~~~~~~~~~~~~~~~~~~~~~~~~~~~~~~~~~~~~~~~~~[m[K
   60 | [01;35m[K  "}"[m[K;
      |   [01;35m[K~~~[m[K
[01m[K/home/roboboat/ros2_ws/src/zed-examples/spatial mapping/overview/cpp/src/GLViewer.cpp:33:1:[m[K [01;35m[Kwarning: [m[KISO C++ forbids converting a string constant to ‘[01m[KGLchar*[m[K’ {aka ‘[01m[Kchar*[m[K’} [[01;35m[K-Wwrite-strings[m[K]
   33 | [01;35m[K"#version 330 core\n"[m[K
      | [01;35m[K^~~~~~~~~~~~~~~~~~~~~[m[K
   34 | [01;35m[K"layout(location = 0) in vec3 in_Vertex;\n"[m[K
      | [01;35m[K~~~~~~~~~~~~~~~~~~~~~~~~~~~~~~~~~~~~~~~~~~~[m[K
   35 | [01;35m[K"uniform mat4 u_mvpMatrix;\n"[m[K
      | [01;35m[K~~~~~~~~~~~~~~~~~~~~~~~~~~~~~[m[K
   36 | [01;35m[K"uniform vec3 u_color;\n"[m[K
      | [01;35m[K~~~~~~~~~~~~~~~~~~~~~~~~~[m[K
   37 | [01;35m[K"out vec3 b_color;\n"[m[K
      | [01;35m[K~~~~~~~~~~~~~~~~~~~~~[m[K
   38 | [01;35m[K"void main() {\n"[m[K
      | [01;35m[K~~~~~~~~~~~~~~~~~[m[K
   39 | [01;35m[K"   b_color = u_color;\n"[m[K
      | [01;35m[K~~~~~~~~~~~~~~~~~~~~~~~~~[m[K
   40 | [01;35m[K"   gl_Position = u_mvpMatrix * vec4(in_Vertex, 1);\n"[m[K
      | [01;35m[K~~~~~~~~~~~~~~~~~~~~~~~~~~~~~~~~~~~~~~~~~~~~~~~~~~~~~~[m[K
   41 | [01;35m[K"}"[m[K;
      | [01;35m[K~~~[m[K
[01m[K/home/roboboat/ros2_ws/src/zed-examples/spatial mapping/overview/cpp/src/GLViewer.cpp:44:1:[m[K [01;35m[Kwarning: [m[KISO C++ forbids converting a string constant to ‘[01m[KGLchar*[m[K’ {aka ‘[01m[Kchar*[m[K’} [[01;35m[K-Wwrite-strings[m[K]
   44 | [01;35m[K"#version 330 core\n"[m[K
      | [01;35m[K^~~~~~~~~~~~~~~~~~~~~[m[K
   45 | [01;35m[K"layout(location = 0) in vec4 in_Vertex;\n"[m[K
      | [01;35m[K~~~~~~~~~~~~~~~~~~~~~~~~~~~~~~~~~~~~~~~~~~~[m[K
   46 | [01;35m[K"uniform mat4 u_mvpMatrix;\n"[m[K
      | [01;35m[K~~~~~~~~~~~~~~~~~~~~~~~~~~~~~[m[K
   47 | [01;35m[K"uniform vec3 u_color;\n"[m[K
      | [01;35m[K~~~~~~~~~~~~~~~~~~~~~~~~~[m[K
   48 | [01;35m[K"out vec3 b_color;\n"[m[K
      | [01;35m[K~~~~~~~~~~~~~~~~~~~~~[m[K
   49 | [01;35m[K"void main() {\n"[m[K
      | [01;35m[K~~~~~~~~~~~~~~~~~[m[K
   50 | [01;35m[K"   b_color = u_color;\n"[m[K
      | [01;35m[K~~~~~~~~~~~~~~~~~~~~~~~~~[m[K
   51 | [01;35m[K"   gl_Position = u_mvpMatrix * vec4(in_Vertex.xyz, 1);\n"[m[K
      | [01;35m[K~~~~~~~~~~~~~~~~~~~~~~~~~~~~~~~~~~~~~~~~~~~~~~~~~~~~~~~~~~[m[K
   52 | [01;35m[K"}"[m[K;
      | [01;35m[K~~~[m[K
[01m[K/home/roboboat/ros2_ws/src/zed-examples/spatial mapping/overview/cpp/src/GLViewer.cpp:55:1:[m[K [01;35m[Kwarning: [m[KISO C++ forbids converting a string constant to ‘[01m[KGLchar*[m[K’ {aka ‘[01m[Kchar*[m[K’} [[01;35m[K-Wwrite-strings[m[K]
   55 | [01;35m[K"#version 330 core\n"[m[K
      | [01;35m[K^~~~~~~~~~~~~~~~~~~~~[m[K
   56 | [01;35m[K"in vec3 b_color;\n"[m[K
      | [01;35m[K~~~~~~~~~~~~~~~~~~~~[m[K
   57 | [01;35m[K"layout(location = 0) out vec4 color;\n"[m[K
      | [01;35m[K~~~~~~~~~~~~~~~~~~~~~~~~~~~~~~~~~~~~~~~~[m[K
   58 | [01;35m[K"void main() {\n"[m[K
      | [01;35m[K~~~~~~~~~~~~~~~~~[m[K
   59 | [01;35m[K"   color = vec4(b_color,1);\n"[m[K
      | [01;35m[K~~~~~~~~~~~~~~~~~~~~~~~~~~~~~~~[m[K
   60 | [01;35m[K"}"[m[K;
      | [01;35m[K~~~[m[K
[01m[K/home/roboboat/ros2_ws/src/zed-examples/spatial mapping/overview/cpp/src/GLViewer.cpp:63:1:[m[K [01;35m[Kwarning: [m[KISO C++ forbids converting a string constant to ‘[01m[KGLchar*[m[K’ {aka ‘[01m[Kchar*[m[K’} [[01;35m[K-Wwrite-strings[m[K]
   63 | [01;35m[K"#version 330 core\n"[m[K
      | [01;35m[K^~~~~~~~~~~~~~~~~~~~~[m[K
   64 | [01;35m[K" in vec2 UV;\n"[m[K
      | [01;35m[K~~~~~~~~~~~~~~~~[m[K
   65 | [01;35m[K" out vec4 color;\n"[m[K
      | [01;35m[K~~~~~~~~~~~~~~~~~~~~[m[K
   66 | [01;35m[K" uniform sampler2D texImage;\n"[m[K
      | [01;35m[K~~~~~~~~~~~~~~~~~~~~~~~~~~~~~~~~[m[K
   67 | [01;35m[K" uniform bool revert;\n"[m[K
      | [01;35m[K~~~~~~~~~~~~~~~~~~~~~~~~~[m[K
   68 | [01;35m[K" uniform bool rgbflip;\n"[m[K
      | [01;35m[K~~~~~~~~~~~~~~~~~~~~~~~~~~[m[K
   69 | [01;35m[K" void main() {\n"[m[K
      | [01;35m[K~~~~~~~~~~~~~~~~~~[m[K
   70 | [01;35m[K"    vec2 scaler  =revert?vec2(UV.x,1.f - UV.y):vec2(UV.x,UV.y);\n"[m[K
      | [01;35m[K~~~~~~~~~~~~~~~~~~~~~~~~~~~~~~~~~~~~~~~~~~~~~~~~~~~~~~~~~~~~~~~~~~~[m[K
   71 | [01;35m[K"    vec3 rgbcolor = rgbflip?vec3(texture(texImage, scaler).zyx):vec3(texture(texImage, scaler).xyz);\n"[m[K
      | [01;35m[K~~~~~~~~~~~~~~~~~~~~~~~~~~~~~~~~~~~~~~~~~~~~~~~~~~~~~~~~~~~~~~~~~~~~~~~~~~~~~~~~~~~~~~~~~~~~~~~~~~~~~~~~[m[K
   72 | [01;35m[K"    color = vec4(rgbcolor,1);\n"[m[K
      | [01;35m[K~~~~~~~~~~~~~~~~~~~~~~~~~~~~~~~~~[m[K
   73 | [01;35m[K"}"[m[K;
      | [01;35m[K~~~[m[K
[01m[K/home/roboboat/ros2_ws/src/zed-examples/spatial mapping/overview/cpp/src/GLViewer.cpp:76:1:[m[K [01;35m[Kwarning: [m[KISO C++ forbids converting a string constant to ‘[01m[KGLchar*[m[K’ {aka ‘[01m[Kchar*[m[K’} [[01;35m[K-Wwrite-strings[m[K]
   76 | [01;35m[K"#version 330\n"[m[K
      | [01;35m[K^~~~~~~~~~~~~~~~[m[K
   77 | [01;35m[K"layout(location = 0) in vec3 vert;\n"[m[K
      | [01;35m[K~~~~~~~~~~~~~~~~~~~~~~~~~~~~~~~~~~~~~~[m[K
   78 | [01;35m[K"out vec2 UV;"[m[K
      | [01;35m[K~~~~~~~~~~~~~~[m[K
   79 | [01;35m[K"void main() {\n"[m[K
      | [01;35m[K~~~~~~~~~~~~~~~~~[m[K
   80 | [01;35m[K"   UV = (vert.xy+vec2(1,1))/2;\n"[m[K
      | [01;35m[K~~~~~~~~~~~~~~~~~~~~~~~~~~~~~~~~~~[m[K
   81 | [01;35m[K" gl_Position = vec4(vert, 1);\n"[m[K
      | [01;35m[K~~~~~~~~~~~~~~~~~~~~~~~~~~~~~~~~~[m[K
   82 | [01;35m[K"}\n"[m[K;
      | [01;35m[K~~~~~[m[K
[01m[K/home/roboboat/ros2_ws/src/zed-examples/object detection/image viewer/cpp/src/GLViewer.cpp:950:9:[m[K [01;35m[Kwarning: [m[KISO C++ forbids converting a string constant to ‘[01m[KGLchar*[m[K’ {aka ‘[01m[Kchar*[m[K’} [[01;35m[K-Wwrite-strings[m[K]
  950 |         [01;35m[K"#version 330 core\n"[m[K
      |         [01;35m[K^~~~~~~~~~~~~~~~~~~~~[m[K
  951 | [01;35m[K        " in vec2 UV;\n"[m[K
      |         [01;35m[K~~~~~~~~~~~~~~~~[m[K
  952 | [01;35m[K        " out vec4 color;\n"[m[K
      |         [01;35m[K~~~~~~~~~~~~~~~~~~~~[m[K
  953 | [01;35m[K        " uniform sampler2D texImage;\n"[m[K
      |         [01;35m[K~~~~~~~~~~~~~~~~~~~~~~~~~~~~~~~~[m[K
  954 | [01;35m[K        " uniform bool revert;\n"[m[K
      |         [01;35m[K~~~~~~~~~~~~~~~~~~~~~~~~~[m[K
  955 | [01;35m[K        " uniform bool rgbflip;\n"[m[K
      |         [01;35m[K~~~~~~~~~~~~~~~~~~~~~~~~~~[m[K
  956 | [01;35m[K        " void main() {\n"[m[K
      |         [01;35m[K~~~~~~~~~~~~~~~~~~[m[K
  957 | [01;35m[K        "    vec2 scaler  =revert?vec2(UV.x,1.f - UV.y):vec2(UV.x,UV.y);\n"[m[K
      |         [01;35m[K~~~~~~~~~~~~~~~~~~~~~~~~~~~~~~~~~~~~~~~~~~~~~~~~~~~~~~~~~~~~~~~~~~~[m[K
  958 | [01;35m[K        "    vec3 rgbcolor = rgbflip?vec3(texture(texImage, scaler).zyx):vec3(texture(texImage, scaler).xyz);\n"[m[K
      |         [01;35m[K~~~~~~~~~~~~~~~~~~~~~~~~~~~~~~~~~~~~~~~~~~~~~~~~~~~~~~~~~~~~~~~~~~~~~~~~~~~~~~~~~~~~~~~~~~~~~~~~~~~~~~~~[m[K
  959 | [01;35m[K        " float gamma = 1.0/1.65;\n"[m[K
      |         [01;35m[K~~~~~~~~~~~~~~~~~~~~~~~~~~~~[m[K
  960 | [01;35m[K        "   vec3 color_rgb = pow(rgbcolor, vec3(1.0/gamma));;\n"[m[K
      |         [01;35m[K~~~~~~~~~~~~~~~~~~~~~~~~~~~~~~~~~~~~~~~~~~~~~~~~~~~~~~~~[m[K
  961 | [01;35m[K        "    color = vec4(color_rgb,1);\n"[m[K
      |         [01;35m[K~~~~~~~~~~~~~~~~~~~~~~~~~~~~~~~~~~[m[K
  962 | [01;35m[K        "}"[m[K;
      |         [01;35m[K~~~[m[K
[01m[K/home/roboboat/ros2_ws/src/zed-examples/object detection/image viewer/cpp/src/GLViewer.cpp:965:9:[m[K [01;35m[Kwarning: [m[KISO C++ forbids converting a string constant to ‘[01m[KGLchar*[m[K’ {aka ‘[01m[Kchar*[m[K’} [[01;35m[K-Wwrite-strings[m[K]
  965 |         [01;35m[K"#version 330\n"[m[K
      |         [01;35m[K^~~~~~~~~~~~~~~~[m[K
  966 | [01;35m[K        "layout(location = 0) in vec3 vert;\n"[m[K
      |         [01;35m[K~~~~~~~~~~~~~~~~~~~~~~~~~~~~~~~~~~~~~~[m[K
  967 | [01;35m[K        "out vec2 UV;"[m[K
      |         [01;35m[K~~~~~~~~~~~~~~[m[K
  968 | [01;35m[K        "void main() {\n"[m[K
      |         [01;35m[K~~~~~~~~~~~~~~~~~[m[K
  969 | [01;35m[K        "   UV = (vert.xy+vec2(1,1))/2;\n"[m[K
      |         [01;35m[K~~~~~~~~~~~~~~~~~~~~~~~~~~~~~~~~~~[m[K
  970 | [01;35m[K        " gl_Position = vec4(vert, 1);\n"[m[K
      |         [01;35m[K~~~~~~~~~~~~~~~~~~~~~~~~~~~~~~~~~[m[K
  971 | [01;35m[K        "}\n"[m[K;
      |         [01;35m[K~~~~~[m[K
[ 18%] [32m[1mLinking CXX executable ZED_SVO_Recording[0m
[ 18%] Built target ZED_SVO_Recording
[ 20%] [32mBuilding CXX object object detection/birds eye viewer/cpp/CMakeFiles/ZED_Object_detection_birds_eye_viewer.dir/src/GLViewer.cpp.o[0m
[ 21%] [32mBuilding CXX object plane detection/overview/cpp/CMakeFiles/ZED_Plane_Detection.dir/src/main.cpp.o[0m
[ 23%] [32mBuilding CXX object depth sensing/cpp/CMakeFiles/ZED_Depth_Sensing.dir/src/main.cpp.o[0m
[ 24%] [32mBuilding CXX object spatial mapping/overview/cpp/CMakeFiles/ZED_Spatial_Mapping.dir/src/main.cpp.o[0m
[ 26%] [32mBuilding CXX object positional tracking/cpp/CMakeFiles/ZED_Positional_Tracking.dir/src/main.cpp.o[0m
[ 27%] [32mBuilding CXX object body tracking/cpp/CMakeFiles/ZED_Body_Tracking_Viewer.dir/src/TrackingViewer.cpp.o[0m
[ 28%] [32mBuilding CXX object object detection/birds eye viewer/cpp/CMakeFiles/ZED_Object_detection_birds_eye_viewer.dir/src/TrackingViewer.cpp.o[0m
[ 30%] [32mBuilding CXX object object detection/image viewer/cpp/CMakeFiles/ZED_Object_detection_image_viewer.dir/src/main.cpp.o[0m
[ 31%] [32m[1mLinking CXX executable ZED_Spatial_Mapping[0m
[ 33%] [32m[1mLinking CXX executable ZED_Depth_Sensing[0m
[ 34%] [32m[1mLinking CXX executable ZED_Plane_Detection[0m
[ 34%] Built target ZED_Spatial_Mapping
[35m[1mScanning dependencies of target ZED_Streaming_Receiver[0m
[ 36%] [32m[1mLinking CXX executable ZED_SVO_Playback[0m
[ 37%] [32m[1mLinking CXX executable ZED_ROI_Exposure[0m
[ 39%] [32mBuilding CXX object camera streaming/receiver/cpp/CMakeFiles/ZED_Streaming_Receiver.dir/src/main.cpp.o[0m
[ 39%] Built target ZED_Depth_Sensing
[ 40%] [32m[1mLinking CXX executable ZED_Positional_Tracking[0m
[35m[1mScanning dependencies of target ZED_Streaming_Sender[0m
[ 40%] Built target ZED_Plane_Detection
[35m[1mScanning dependencies of target ZED_Point_Cloud_Mapping[0m
[ 42%] [32mBuilding CXX object camera streaming/sender/cpp/CMakeFiles/ZED_Streaming_Sender.dir/src/main.cpp.o[0m
[ 43%] [32mBuilding CXX object spatial mapping/advanced point cloud mapping/cpp/CMakeFiles/ZED_Point_Cloud_Mapping.dir/src/GLViewer.cpp.o[0m
[ 44%] [32m[1mLinking CXX executable ZED_SVO_Export[0m
[ 46%] [32m[1mLinking CXX executable ZED_Camera_Control[0m
[ 46%] Built target ZED_Positional_Tracking
[35m[1mScanning dependencies of target ZED_Floor_Plane_Detection[0m
[ 46%] Built target ZED_SVO_Playback
[ 46%] Built target ZED_ROI_Exposure
[ 47%] [32mBuilding CXX object plane detection/floor plane/cpp/CMakeFiles/ZED_Floor_Plane_Detection.dir/src/GLViewer.cpp.o[0m
[35m[1mScanning dependencies of target ZED_Sensing_ROI[0m
[ 49%] [34m[1mBuilding NVCC (Device) object other/cuda refocus/CMakeFiles/ZED_CUDA_Refocus.dir/src/ZED_CUDA_Refocus_generated_dof_gpu.cu.o[0m
[ 50%] [32mBuilding CXX object camera roi/sensing roi/cpp/CMakeFiles/ZED_Sensing_ROI.dir/src/main.cpp.o[0m
[ 50%] Built target ZED_Camera_Control
[ 52%] [32mBuilding CXX object plane detection/floor plane/cpp/CMakeFiles/ZED_Floor_Plane_Detection.dir/src/main.cpp.o[0m
[ 52%] Built target ZED_SVO_Export
[35m[1mScanning dependencies of target ZED_openGL[0m
[ 53%] [32mBuilding CXX object other/opengl gpu interop/CMakeFiles/ZED_openGL.dir/src/main.cpp.o[0m
[01m[K/home/roboboat/ros2_ws/src/zed-examples/object detection/birds eye viewer/cpp/src/GLViewer.cpp:13:1:[m[K [01;35m[Kwarning: [m[KISO C++ forbids converting a string constant to ‘[01m[KGLchar*[m[K’ {aka ‘[01m[Kchar*[m[K’} [[01;35m[K-Wwrite-strings[m[K]
   13 | [01;35m[K"#version 330 core\n"[m[K
      | [01;35m[K^~~~~~~~~~~~~~~~~~~~~[m[K
   14 | [01;35m[K"layout(location = 0) in vec3 in_Vertex;\n"[m[K
      | [01;35m[K~~~~~~~~~~~~~~~~~~~~~~~~~~~~~~~~~~~~~~~~~~~[m[K
   15 | [01;35m[K"layout(location = 1) in vec4 in_Color;\n"[m[K
      | [01;35m[K~~~~~~~~~~~~~~~~~~~~~~~~~~~~~~~~~~~~~~~~~~[m[K
   16 | [01;35m[K"uniform mat4 u_mvpMatrix;\n"[m[K
      | [01;35m[K~~~~~~~~~~~~~~~~~~~~~~~~~~~~~[m[K
   17 | [01;35m[K"out vec4 b_color;\n"[m[K
      | [01;35m[K~~~~~~~~~~~~~~~~~~~~~[m[K
   18 | [01;35m[K"void main() {\n"[m[K
      | [01;35m[K~~~~~~~~~~~~~~~~~[m[K
   19 | [01;35m[K"   b_color = in_Color;\n"[m[K
      | [01;35m[K~~~~~~~~~~~~~~~~~~~~~~~~~~[m[K
   20 | [01;35m[K" gl_Position = u_mvpMatrix * vec4(in_Vertex, 1);\n"[m[K
      | [01;35m[K~~~~~~~~~~~~~~~~~~~~~~~~~~~~~~~~~~~~~~~~~~~~~~~~~~~~[m[K
   21 | [01;35m[K"}"[m[K;
      | [01;35m[K~~~[m[K
[01m[K/home/roboboat/ros2_ws/src/zed-examples/object detection/birds eye viewer/cpp/src/GLViewer.cpp:24:1:[m[K [01;35m[Kwarning: [m[KISO C++ forbids converting a string constant to ‘[01m[KGLchar*[m[K’ {aka ‘[01m[Kchar*[m[K’} [[01;35m[K-Wwrite-strings[m[K]
   24 | [01;35m[K"#version 330 core\n"[m[K
      | [01;35m[K^~~~~~~~~~~~~~~~~~~~~[m[K
   25 | [01;35m[K"in vec4 b_color;\n"[m[K
      | [01;35m[K~~~~~~~~~~~~~~~~~~~~[m[K
   26 | [01;35m[K"layout(location = 0) out vec4 out_Color;\n"[m[K
      | [01;35m[K~~~~~~~~~~~~~~~~~~~~~~~~~~~~~~~~~~~~~~~~~~~~[m[K
   27 | [01;35m[K"void main() {\n"[m[K
      | [01;35m[K~~~~~~~~~~~~~~~~~[m[K
   28 | [01;35m[K"   out_Color = b_color;\n"[m[K
      | [01;35m[K~~~~~~~~~~~~~~~~~~~~~~~~~~~[m[K
   29 | [01;35m[K"}"[m[K;
      | [01;35m[K~~~[m[K
[01m[K/home/roboboat/ros2_ws/src/zed-examples/object detection/birds eye viewer/cpp/src/GLViewer.cpp:812:1:[m[K [01;35m[Kwarning: [m[KISO C++ forbids converting a string constant to ‘[01m[KGLchar*[m[K’ {aka ‘[01m[Kchar*[m[K’} [[01;35m[K-Wwrite-strings[m[K]
  812 | [01;35m[K"#version 330 core\n"[m[K
      | [01;35m[K^~~~~~~~~~~~~~~~~~~~~[m[K
  813 | [01;35m[K"layout(location = 0) in vec4 in_VertexRGBA;\n"[m[K
      | [01;35m[K~~~~~~~~~~~~~~~~~~~~~~~~~~~~~~~~~~~~~~~~~~~~~~~[m[K
  814 | [01;35m[K"uniform mat4 u_mvpMatrix;\n"[m[K
      | [01;35m[K~~~~~~~~~~~~~~~~~~~~~~~~~~~~~[m[K
  815 | [01;35m[K"out vec4 b_color;\n"[m[K
      | [01;35m[K~~~~~~~~~~~~~~~~~~~~~[m[K
  816 | [01;35m[K"void main() {\n"[m[K
      | [01;35m[K~~~~~~~~~~~~~~~~~[m[K
  817 | [01;35m[K// Decompose the 4th channel of the XYZRGBA buffer to retrieve the color of the point (1float to 4uint)[m[K
      | [01;35m[K~~~~~~~~~~~~~~~~~~~~~~~~~~~~~~~~~~~~~~~~~~~~~~~~~~~~~~~~~~~~~~~~~~~~~~~~~~~~~~~~~~~~~~~~~~~~~~~~~~~~~~~[m[K
  818 | [01;35m[K"   uint vertexColor = floatBitsToUint(in_VertexRGBA.w); \n"[m[K
      | [01;35m[K~~~~~~~~~~~~~~~~~~~~~~~~~~~~~~~~~~~~~~~~~~~~~~~~~~~~~~~~~~~~[m[K
  819 | [01;35m[K"   vec3 clr_int = vec3((vertexColor & uint(0x000000FF)), (vertexColor & uint(0x0000FF00)) >> 8, (vertexColor & uint(0x00FF0000)) >> 16);\n"[m[K
      | [01;35m[K~~~~~~~~~~~~~~~~~~~~~~~~~~~~~~~~~~~~~~~~~~~~~~~~~~~~~~~~~~~~~~~~~~~~~~~~~~~~~~~~~~~~~~~~~~~~~~~~~~~~~~~~~~~~~~~~~~~~~~~~~~~~~~~~~~~~~~~~~~~~[m[K
  820 | [01;35m[K"   b_color = vec4(clr_int.r / 255.0f, clr_int.g / 255.0f, clr_int.b / 255.0f, 1.f);"[m[K
      | [01;35m[K~~~~~~~~~~~~~~~~~~~~~~~~~~~~~~~~~~~~~~~~~~~~~~~~~~~~~~~~~~~~~~~~~~~~~~~~~~~~~~~~~~~~~[m[K
  821 | [01;35m[K" gl_Position = u_mvpMatrix * vec4(in_VertexRGBA.xyz, 1);\n"[m[K
      | [01;35m[K~~~~~~~~~~~~~~~~~~~~~~~~~~~~~~~~~~~~~~~~~~~~~~~~~~~~~~~~~~~~[m[K
  822 | [01;35m[K"}"[m[K;
      | [01;35m[K~~~[m[K
[01m[K/home/roboboat/ros2_ws/src/zed-examples/object detection/birds eye viewer/cpp/src/GLViewer.cpp:825:1:[m[K [01;35m[Kwarning: [m[KISO C++ forbids converting a string constant to ‘[01m[KGLchar*[m[K’ {aka ‘[01m[Kchar*[m[K’} [[01;35m[K-Wwrite-strings[m[K]
  825 | [01;35m[K"#version 330 core\n"[m[K
      | [01;35m[K^~~~~~~~~~~~~~~~~~~~~[m[K
  826 | [01;35m[K"in vec4 b_color;\n"[m[K
      | [01;35m[K~~~~~~~~~~~~~~~~~~~~[m[K
  827 | [01;35m[K"layout(location = 0) out vec4 out_Color;\n"[m[K
      | [01;35m[K~~~~~~~~~~~~~~~~~~~~~~~~~~~~~~~~~~~~~~~~~~~~[m[K
  828 | [01;35m[K"void main() {\n"[m[K
      | [01;35m[K~~~~~~~~~~~~~~~~~[m[K
  829 | [01;35m[K"   out_Color = b_color;\n"[m[K
      | [01;35m[K~~~~~~~~~~~~~~~~~~~~~~~~~~~[m[K
  830 | [01;35m[K"}"[m[K;
      | [01;35m[K~~~[m[K
[01m[K/home/roboboat/ros2_ws/src/zed-examples/spatial mapping/advanced point cloud mapping/cpp/src/GLViewer.cpp:4:9:[m[K [01;35m[Kwarning: [m[KISO C++ forbids converting a string constant to ‘[01m[KGLchar*[m[K’ {aka ‘[01m[Kchar*[m[K’} [[01;35m[K-Wwrite-strings[m[K]
    4 |         [01;35m[K"#version 330 core\n"[m[K
      |         [01;35m[K^~~~~~~~~~~~~~~~~~~~~[m[K
    5 | [01;35m[K        "layout(location = 0) in vec3 in_Vertex;\n"[m[K
      |         [01;35m[K~~~~~~~~~~~~~~~~~~~~~~~~~~~~~~~~~~~~~~~~~~~[m[K
    6 | [01;35m[K        "layout(location = 1) in vec3 in_Color;\n"[m[K
      |         [01;35m[K~~~~~~~~~~~~~~~~~~~~~~~~~~~~~~~~~~~~~~~~~~[m[K
    7 | [01;35m[K        "uniform mat4 u_mvpMatrix;\n"[m[K
      |         [01;35m[K~~~~~~~~~~~~~~~~~~~~~~~~~~~~~[m[K
    8 | [01;35m[K        "out vec3 b_color;\n"[m[K
      |         [01;35m[K~~~~~~~~~~~~~~~~~~~~~[m[K
    9 | [01;35m[K        "void main() {\n"[m[K
      |         [01;35m[K~~~~~~~~~~~~~~~~~[m[K
   10 | [01;35m[K        "   b_color = in_Color;\n"[m[K
      |         [01;35m[K~~~~~~~~~~~~~~~~~~~~~~~~~~[m[K
   11 | [01;35m[K        " gl_Position = u_mvpMatrix * vec4(in_Vertex, 1);\n"[m[K
      |         [01;35m[K~~~~~~~~~~~~~~~~~~~~~~~~~~~~~~~~~~~~~~~~~~~~~~~~~~~~[m[K
   12 | [01;35m[K        "}"[m[K;
      |         [01;35m[K~~~[m[K
[01m[K/home/roboboat/ros2_ws/src/zed-examples/spatial mapping/advanced point cloud mapping/cpp/src/GLViewer.cpp:15:5:[m[K [01;35m[Kwarning: [m[KISO C++ forbids converting a string constant to ‘[01m[KGLchar*[m[K’ {aka ‘[01m[Kchar*[m[K’} [[01;35m[K-Wwrite-strings[m[K]
   15 |     [01;35m[K"#version 330 core\n"[m[K
      |     [01;35m[K^~~~~~~~~~~~~~~~~~~~~[m[K
   16 | [01;35m[K    "layout(location = 0) in vec4 in_VertexRGBA;\n"[m[K
      |     [01;35m[K~~~~~~~~~~~~~~~~~~~~~~~~~~~~~~~~~~~~~~~~~~~~~~~[m[K
   17 | [01;35m[K    "uniform mat4 u_mvpMatrix;\n"[m[K
      |     [01;35m[K~~~~~~~~~~~~~~~~~~~~~~~~~~~~~[m[K
   18 | [01;35m[K    "uniform float pointsize;\n"[m[K
      |     [01;35m[K~~~~~~~~~~~~~~~~~~~~~~~~~~~~[m[K
   19 | [01;35m[K    "out vec3 b_color;\n"[m[K
      |     [01;35m[K~~~~~~~~~~~~~~~~~~~~~[m[K
   20 | [01;35m[K    "void main() {\n"[m[K
      |     [01;35m[K~~~~~~~~~~~~~~~~~[m[K
   21 | [01;35m[K    "   uint vertexColor = floatBitsToUint(in_VertexRGBA.w); \n"[m[K
      |     [01;35m[K~~~~~~~~~~~~~~~~~~~~~~~~~~~~~~~~~~~~~~~~~~~~~~~~~~~~~~~~~~~~[m[K
   22 | [01;35m[K    "   b_color = vec3(((vertexColor & uint(0x00FF0000)) >> 16) / 255.f, ((vertexColor & uint(0x0000FF00)) >> 8) / 255.f, (vertexColor & uint(0x000000FF)) / 255.f);\n"[m[K
      |     [01;35m[K~~~~~~~~~~~~~~~~~~~~~~~~~~~~~~~~~~~~~~~~~~~~~~~~~~~~~~~~~~~~~~~~~~~~~~~~~~~~~~~~~~~~~~~~~~~~~~~~~~~~~~~~~~~~~~~~~~~~~~~~~~~~~~~~~~~~~~~~~~~~~~~~~~~~~~~~~~~~~~~~~~~[m[K
   23 | [01;35m[K    " gl_Position = u_mvpMatrix * vec4(in_VertexRGBA.xyz, 1);\n"[m[K
      |     [01;35m[K~~~~~~~~~~~~~~~~~~~~~~~~~~~~~~~~~~~~~~~~~~~~~~~~~~~~~~~~~~~~[m[K
   24 | [01;35m[K    "   gl_PointSize = pointsize;\n"[m[K
      |     [01;35m[K~~~~~~~~~~~~~~~~~~~~~~~~~~~~~~~~[m[K
   25 | [01;35m[K    "}"[m[K;
      |     [01;35m[K~~~[m[K
[01m[K/home/roboboat/ros2_ws/src/zed-examples/spatial mapping/advanced point cloud mapping/cpp/src/GLViewer.cpp:28:9:[m[K [01;35m[Kwarning: [m[KISO C++ forbids converting a string constant to ‘[01m[KGLchar*[m[K’ {aka ‘[01m[Kchar*[m[K’} [[01;35m[K-Wwrite-strings[m[K]
   28 |         [01;35m[K"#version 330 core\n"[m[K
      |         [01;35m[K^~~~~~~~~~~~~~~~~~~~~[m[K
   29 | [01;35m[K        "in vec3 b_color;\n"[m[K
      |         [01;35m[K~~~~~~~~~~~~~~~~~~~~[m[K
   30 | [01;35m[K        "layout(location = 0) out vec4 out_Color;\n"[m[K
      |         [01;35m[K~~~~~~~~~~~~~~~~~~~~~~~~~~~~~~~~~~~~~~~~~~~~[m[K
   31 | [01;35m[K        "void main() {\n"[m[K
      |         [01;35m[K~~~~~~~~~~~~~~~~~[m[K
   32 | [01;35m[K        "   out_Color = vec4(b_color, 1);\n"[m[K
      |         [01;35m[K~~~~~~~~~~~~~~~~~~~~~~~~~~~~~~~~~~~~[m[K
   33 | [01;35m[K        "}"[m[K;
      |         [01;35m[K~~~[m[K
[ 55%] [32m[1mLinking CXX executable ZED_Object_detection_image_viewer[0m
[01m[K/home/roboboat/ros2_ws/src/zed-examples/plane detection/floor plane/cpp/src/GLViewer.cpp:13:1:[m[K [01;35m[Kwarning: [m[KISO C++ forbids converting a string constant to ‘[01m[KGLchar*[m[K’ {aka ‘[01m[Kchar*[m[K’} [[01;35m[K-Wwrite-strings[m[K]
   13 | [01;35m[K"#version 330 core\n"[m[K
      | [01;35m[K^~~~~~~~~~~~~~~~~~~~~[m[K
   14 | [01;35m[K"layout(location = 0) in vec3 in_Vertex;\n"[m[K
      | [01;35m[K~~~~~~~~~~~~~~~~~~~~~~~~~~~~~~~~~~~~~~~~~~~[m[K
   15 | [01;35m[K"layout(location = 1) in vec4 in_Color;\n"[m[K
      | [01;35m[K~~~~~~~~~~~~~~~~~~~~~~~~~~~~~~~~~~~~~~~~~~[m[K
   16 | [01;35m[K"uniform mat4 u_mvpMatrix;\n"[m[K
      | [01;35m[K~~~~~~~~~~~~~~~~~~~~~~~~~~~~~[m[K
   17 | [01;35m[K"out vec4 b_color;\n"[m[K
      | [01;35m[K~~~~~~~~~~~~~~~~~~~~~[m[K
   18 | [01;35m[K"void main() {\n"[m[K
      | [01;35m[K~~~~~~~~~~~~~~~~~[m[K
   19 | [01;35m[K"   b_color = in_Color;\n"[m[K
      | [01;35m[K~~~~~~~~~~~~~~~~~~~~~~~~~~[m[K
   20 | [01;35m[K" gl_Position = u_mvpMatrix * vec4(in_Vertex, 1);\n"[m[K
      | [01;35m[K~~~~~~~~~~~~~~~~~~~~~~~~~~~~~~~~~~~~~~~~~~~~~~~~~~~~[m[K
   21 | [01;35m[K"}"[m[K;
      | [01;35m[K~~~[m[K
[01m[K/home/roboboat/ros2_ws/src/zed-examples/plane detection/floor plane/cpp/src/GLViewer.cpp:24:1:[m[K [01;35m[Kwarning: [m[KISO C++ forbids converting a string constant to ‘[01m[KGLchar*[m[K’ {aka ‘[01m[Kchar*[m[K’} [[01;35m[K-Wwrite-strings[m[K]
   24 | [01;35m[K"#version 330 core\n"[m[K
      | [01;35m[K^~~~~~~~~~~~~~~~~~~~~[m[K
   25 | [01;35m[K"in vec4 b_color;\n"[m[K
      | [01;35m[K~~~~~~~~~~~~~~~~~~~~[m[K
   26 | [01;35m[K"layout(location = 0) out vec4 out_Color;\n"[m[K
      | [01;35m[K~~~~~~~~~~~~~~~~~~~~~~~~~~~~~~~~~~~~~~~~~~~~[m[K
   27 | [01;35m[K"void main() {\n"[m[K
      | [01;35m[K~~~~~~~~~~~~~~~~~[m[K
   28 | [01;35m[K"   out_Color = b_color;\n"[m[K
      | [01;35m[K~~~~~~~~~~~~~~~~~~~~~~~~~~~[m[K
   29 | [01;35m[K"}"[m[K;
      | [01;35m[K~~~[m[K
[01m[K/home/roboboat/ros2_ws/src/zed-examples/plane detection/floor plane/cpp/src/GLViewer.cpp:602:1:[m[K [01;35m[Kwarning: [m[KISO C++ forbids converting a string constant to ‘[01m[KGLchar*[m[K’ {aka ‘[01m[Kchar*[m[K’} [[01;35m[K-Wwrite-strings[m[K]
  602 | [01;35m[K"#version 330 core\n"[m[K
      | [01;35m[K^~~~~~~~~~~~~~~~~~~~~[m[K
  603 | [01;35m[K"layout(location = 0) in vec4 in_VertexRGBA;\n"[m[K
      | [01;35m[K~~~~~~~~~~~~~~~~~~~~~~~~~~~~~~~~~~~~~~~~~~~~~~~[m[K
  604 | [01;35m[K"uniform mat4 u_mvpMatrix;\n"[m[K
      | [01;35m[K~~~~~~~~~~~~~~~~~~~~~~~~~~~~~[m[K
  605 | [01;35m[K"out vec4 b_color;\n"[m[K
      | [01;35m[K~~~~~~~~~~~~~~~~~~~~~[m[K
  606 | [01;35m[K"void main() {\n"[m[K
      | [01;35m[K~~~~~~~~~~~~~~~~~[m[K
  607 | [01;35m[K// Decompose the 4th channel of the XYZRGBA buffer to retrieve the color of the point (1float to 4uint)[m[K
      | [01;35m[K~~~~~~~~~~~~~~~~~~~~~~~~~~~~~~~~~~~~~~~~~~~~~~~~~~~~~~~~~~~~~~~~~~~~~~~~~~~~~~~~~~~~~~~~~~~~~~~~~~~~~~~[m[K
  608 | [01;35m[K"   uint vertexColor = floatBitsToUint(in_VertexRGBA.w); \n"[m[K
      | [01;35m[K~~~~~~~~~~~~~~~~~~~~~~~~~~~~~~~~~~~~~~~~~~~~~~~~~~~~~~~~~~~~[m[K
  609 | [01;35m[K"   vec3 clr_int = vec3((vertexColor & uint(0x000000FF)), (vertexColor & uint(0x0000FF00)) >> 8, (vertexColor & uint(0x00FF0000)) >> 16);\n"[m[K
      | [01;35m[K~~~~~~~~~~~~~~~~~~~~~~~~~~~~~~~~~~~~~~~~~~~~~~~~~~~~~~~~~~~~~~~~~~~~~~~~~~~~~~~~~~~~~~~~~~~~~~~~~~~~~~~~~~~~~~~~~~~~~~~~~~~~~~~~~~~~~~~~~~~~[m[K
  610 | [01;35m[K"   b_color = vec4(clr_int.r / 255.0f, clr_int.g / 255.0f, clr_int.b / 255.0f, 1.f);"[m[K
      | [01;35m[K~~~~~~~~~~~~~~~~~~~~~~~~~~~~~~~~~~~~~~~~~~~~~~~~~~~~~~~~~~~~~~~~~~~~~~~~~~~~~~~~~~~~~[m[K
  611 | [01;35m[K" gl_Position = u_mvpMatrix * vec4(in_VertexRGBA.xyz, 1);\n"[m[K
      | [01;35m[K~~~~~~~~~~~~~~~~~~~~~~~~~~~~~~~~~~~~~~~~~~~~~~~~~~~~~~~~~~~~[m[K
  612 | [01;35m[K"}"[m[K;
      | [01;35m[K~~~[m[K
[01m[K/home/roboboat/ros2_ws/src/zed-examples/plane detection/floor plane/cpp/src/GLViewer.cpp:615:1:[m[K [01;35m[Kwarning: [m[KISO C++ forbids converting a string constant to ‘[01m[KGLchar*[m[K’ {aka ‘[01m[Kchar*[m[K’} [[01;35m[K-Wwrite-strings[m[K]
  615 | [01;35m[K"#version 330 core\n"[m[K
      | [01;35m[K^~~~~~~~~~~~~~~~~~~~~[m[K
  616 | [01;35m[K"in vec4 b_color;\n"[m[K
      | [01;35m[K~~~~~~~~~~~~~~~~~~~~[m[K
  617 | [01;35m[K"layout(location = 0) out vec4 out_Color;\n"[m[K
      | [01;35m[K~~~~~~~~~~~~~~~~~~~~~~~~~~~~~~~~~~~~~~~~~~~~[m[K
  618 | [01;35m[K"void main() {\n"[m[K
      | [01;35m[K~~~~~~~~~~~~~~~~~[m[K
  619 | [01;35m[K"   out_Color = b_color;\n"[m[K
      | [01;35m[K~~~~~~~~~~~~~~~~~~~~~~~~~~~[m[K
  620 | [01;35m[K"}"[m[K;
      | [01;35m[K~~~[m[K
[01m[K/home/roboboat/ros2_ws/src/zed-examples/plane detection/floor plane/cpp/src/GLViewer.cpp:831:1:[m[K [01;35m[Kwarning: [m[KISO C++ forbids converting a string constant to ‘[01m[KGLchar*[m[K’ {aka ‘[01m[Kchar*[m[K’} [[01;35m[K-Wwrite-strings[m[K]
  831 | [01;35m[K"#version 330\n"[m[K
      | [01;35m[K^~~~~~~~~~~~~~~~[m[K
  832 | [01;35m[K"layout(location = 0) in vec2 vert;\n"[m[K
      | [01;35m[K~~~~~~~~~~~~~~~~~~~~~~~~~~~~~~~~~~~~~~[m[K
  833 | [01;35m[K"layout(location = 1) in vec3 vert_tex;\n"[m[K
      | [01;35m[K~~~~~~~~~~~~~~~~~~~~~~~~~~~~~~~~~~~~~~~~~~[m[K
  834 | [01;35m[K"out vec2 UV;"[m[K
      | [01;35m[K~~~~~~~~~~~~~~[m[K
  835 | [01;35m[K"void main() {\n"[m[K
      | [01;35m[K~~~~~~~~~~~~~~~~~[m[K
  836 | [01;35m[K" UV = vert;\n"[m[K
      | [01;35m[K~~~~~~~~~~~~~~~[m[K
  837 | [01;35m[K" gl_Position = vec4(vert_tex, 1);\n"[m[K
      | [01;35m[K~~~~~~~~~~~~~~~~~~~~~~~~~~~~~~~~~~~~~[m[K
  838 | [01;35m[K"}\n"[m[K;
      | [01;35m[K~~~~~[m[K
[01m[K/home/roboboat/ros2_ws/src/zed-examples/plane detection/floor plane/cpp/src/GLViewer.cpp:841:1:[m[K [01;35m[Kwarning: [m[KISO C++ forbids converting a string constant to ‘[01m[KGLchar*[m[K’ {aka ‘[01m[Kchar*[m[K’} [[01;35m[K-Wwrite-strings[m[K]
  841 | [01;35m[K"#version 330 core\n"[m[K
      | [01;35m[K^~~~~~~~~~~~~~~~~~~~~[m[K
  842 | [01;35m[K" in vec2 UV;\n"[m[K
      | [01;35m[K~~~~~~~~~~~~~~~~[m[K
  843 | [01;35m[K" out vec4 color;\n"[m[K
      | [01;35m[K~~~~~~~~~~~~~~~~~~~~[m[K
  844 | [01;35m[K" uniform sampler2D texImage;\n"[m[K
      | [01;35m[K~~~~~~~~~~~~~~~~~~~~~~~~~~~~~~~~[m[K
  845 | [01;35m[K" void main() {\n"[m[K
      | [01;35m[K~~~~~~~~~~~~~~~~~~[m[K
  846 | [01;35m[K" vec2 scaler = vec2(UV.x, UV.y);\n"[m[K
      | [01;35m[K~~~~~~~~~~~~~~~~~~~~~~~~~~~~~~~~~~~~[m[K
  847 | [01;35m[K" color = vec4(texture(texImage, scaler).zyxw);\n"[m[K
      | [01;35m[K~~~~~~~~~~~~~~~~~~~~~~~~~~~~~~~~~~~~~~~~~~~~~~~~~~[m[K
  848 | [01;35m[K"}"[m[K;
      | [01;35m[K~~~[m[K
[ 56%] [32m[1mLinking CXX executable ZED_Streaming_Sender[0m
[ 56%] Built target ZED_Object_detection_image_viewer
[ 56%] Built target ZED_Streaming_Sender
[35m[1mScanning dependencies of target ZED_Multi_Camera[0m
[ 57%] [32mBuilding CXX object spatial mapping/advanced point cloud mapping/cpp/CMakeFiles/ZED_Point_Cloud_Mapping.dir/src/main.cpp.o[0m
[ 59%] [32mBuilding CXX object other/multi camera/cpp/CMakeFiles/ZED_Multi_Camera.dir/src/main.cpp.o[0m
[ 60%] [32m[1mLinking CXX executable ZED_openGL[0m
[35m[1mScanning dependencies of target ZED_Tutorial_1[0m
/usr/local/zed/include/sl/Camera.hpp(5438): warning #815-D: type qualifier on return type is meaningless

/home/roboboat/ros2_ws/src/zed-examples/other/cuda refocus/src/dof_gpu.cu(56): warning #20054-D: dynamic initialization is not supported for a function-scope static __shared__ variable within a __device__/__global__ function

[ 62%] [32mBuilding CXX object tutorials/tutorial 1 - hello ZED/cpp/CMakeFiles/ZED_Tutorial_1.dir/main.cpp.o[0m
/home/roboboat/ros2_ws/src/zed-examples/other/cuda refocus/src/dof_gpu.cu(126): warning #20054-D: dynamic initialization is not supported for a function-scope static __shared__ variable within a __device__/__global__ function

[ 62%] Built target ZED_openGL
[35m[1mScanning dependencies of target ZED_Tutorial_2[0m
[ 63%] [32mBuilding CXX object tutorials/tutorial 2 - image capture/cpp/CMakeFiles/ZED_Tutorial_2.dir/main.cpp.o[0m
[ 65%] [32mBuilding CXX object object detection/birds eye viewer/cpp/CMakeFiles/ZED_Object_detection_birds_eye_viewer.dir/src/main.cpp.o[0m
[ 66%] [32m[1mLinking CXX executable ZED_Floor_Plane_Detection[0m
[ 66%] Built target ZED_Floor_Plane_Detection
[ 68%] [32mBuilding CXX object body tracking/cpp/CMakeFiles/ZED_Body_Tracking_Viewer.dir/src/main.cpp.o[0m
[35m[1mScanning dependencies of target ZED_Tutorial_3[0m
[ 69%] [32mBuilding CXX object tutorials/tutorial 3 - depth sensing/cpp/CMakeFiles/ZED_Tutorial_3.dir/main.cpp.o[0m
[ 71%] [32m[1mLinking CXX executable ZED_Tutorial_1[0m
[ 72%] [32m[1mLinking CXX executable ZED_Tutorial_2[0m
[ 72%] Built target ZED_Tutorial_1
[35m[1mScanning dependencies of target ZED_Tutorial_4[0m
[ 73%] [32mBuilding CXX object tutorials/tutorial 4 - positional tracking/cpp/CMakeFiles/ZED_Tutorial_4.dir/main.cpp.o[0m
[ 73%] Built target ZED_Tutorial_2
[35m[1mScanning dependencies of target ZED_Tutorial_5[0m
[35m[1mScanning dependencies of target ZED_Tutorial_6[0m
[ 75%] [32mBuilding CXX object tutorials/tutorial 6 - object detection/cpp/CMakeFiles/ZED_Tutorial_6.dir/main.cpp.o[0m
[ 76%] [32mBuilding CXX object tutorials/tutorial 5 - spatial mapping/cpp/CMakeFiles/ZED_Tutorial_5.dir/main.cpp.o[0m
[35m[1mScanning dependencies of target ZED_Tutorial_7[0m
[ 78%] [32mBuilding CXX object tutorials/tutorial 7 - sensor data/cpp/CMakeFiles/ZED_Tutorial_7.dir/main.cpp.o[0m
[ 79%] [32m[1mLinking CXX executable ZED_Tutorial_3[0m
[ 79%] Built target ZED_Tutorial_3
[35m[1mScanning dependencies of target ZED_Tutorial_8[0m
[ 81%] [32mBuilding CXX object tutorials/tutorial 8 - body tracking/cpp/CMakeFiles/ZED_Tutorial_8.dir/main.cpp.o[0m
/usr/local/zed/include/sl/Camera.hpp(5438): warning #815-D: type qualifier on return type is meaningless

[ 82%] [32m[1mLinking CXX executable ZED_Streaming_Receiver[0m
[ 84%] [32m[1mLinking CXX executable ZED_Sensing_ROI[0m
[ 85%] [32m[1mLinking CXX executable ZED_Tutorial_4[0m
[ 85%] Built target ZED_Streaming_Receiver
[ 85%] Built target ZED_Sensing_ROI
[ 85%] Built target ZED_Tutorial_4
[ 86%] [32m[1mLinking CXX executable ZED_Tutorial_5[0m
[ 86%] Built target ZED_Tutorial_5
[ 88%] [32m[1mLinking CXX executable ZED_Tutorial_7[0m
[ 88%] Built target ZED_Tutorial_7
[ 89%] [32m[1mLinking CXX executable ZED_Tutorial_6[0m
[ 89%] Built target ZED_Tutorial_6
[ 91%] [32m[1mLinking CXX executable ZED_Tutorial_8[0m
[ 92%] [32m[1mLinking CXX executable ZED_Multi_Camera[0m
[ 92%] Built target ZED_Tutorial_8
[35m[1mScanning dependencies of target ZED_CUDA_Refocus[0m
[ 94%] [32mBuilding CXX object other/cuda refocus/CMakeFiles/ZED_CUDA_Refocus.dir/src/main.cpp.o[0m
[ 95%] [32m[1mLinking CXX executable ZED_Point_Cloud_Mapping[0m
[ 95%] Built target ZED_Multi_Camera
[ 95%] Built target ZED_Point_Cloud_Mapping
[ 97%] [32m[1mLinking CXX executable ZED_Object_detection_birds_eye_viewer[0m
[ 98%] [32m[1mLinking CXX executable ZED_Body_Tracking_Viewer[0m
[100%] [32m[1mLinking CXX executable ZED_CUDA_Refocus[0m
[100%] Built target ZED_Object_detection_birds_eye_viewer
[100%] Built target ZED_Body_Tracking_Viewer
[100%] Built target ZED_CUDA_Refocus
-- Install configuration: "Release"
-- Installing: /home/roboboat/ros2_ws/src/zed-examples/bin/ZED_Camera_Control
-- Set runtime path of "/home/roboboat/ros2_ws/src/zed-examples/bin/ZED_Camera_Control" to ""
-- Installing: /home/roboboat/ros2_ws/src/zed-examples/bin/ZED_Depth_Sensing
-- Set runtime path of "/home/roboboat/ros2_ws/src/zed-examples/bin/ZED_Depth_Sensing" to ""
-- Installing: /home/roboboat/ros2_ws/src/zed-examples/bin/ZED_Object_detection_image_viewer
-- Set runtime path of "/home/roboboat/ros2_ws/src/zed-examples/bin/ZED_Object_detection_image_viewer" to ""
-- Installing: /home/roboboat/ros2_ws/src/zed-examples/bin/ZED_Object_detection_birds_eye_viewer
-- Set runtime path of "/home/roboboat/ros2_ws/src/zed-examples/bin/ZED_Object_detection_birds_eye_viewer" to ""
-- Installing: /home/roboboat/ros2_ws/src/zed-examples/bin/ZED_ROI_Exposure
-- Set runtime path of "/home/roboboat/ros2_ws/src/zed-examples/bin/ZED_ROI_Exposure" to ""
-- Installing: /home/roboboat/ros2_ws/src/zed-examples/bin/ZED_Body_Tracking_Viewer
-- Set runtime path of "/home/roboboat/ros2_ws/src/zed-examples/bin/ZED_Body_Tracking_Viewer" to ""
-- Installing: /home/roboboat/ros2_ws/src/zed-examples/bin/ZED_Plane_Detection
-- Set runtime path of "/home/roboboat/ros2_ws/src/zed-examples/bin/ZED_Plane_Detection" to ""
-- Installing: /home/roboboat/ros2_ws/src/zed-examples/bin/ZED_Positional_Tracking
-- Set runtime path of "/home/roboboat/ros2_ws/src/zed-examples/bin/ZED_Positional_Tracking" to ""
-- Installing: /home/roboboat/ros2_ws/src/zed-examples/bin/ZED_Spatial_Mapping
-- Set runtime path of "/home/roboboat/ros2_ws/src/zed-examples/bin/ZED_Spatial_Mapping" to ""
-- Installing: /home/roboboat/ros2_ws/src/zed-examples/bin/ZED_SVO_Export
-- Set runtime path of "/home/roboboat/ros2_ws/src/zed-examples/bin/ZED_SVO_Export" to ""
-- Installing: /home/roboboat/ros2_ws/src/zed-examples/bin/ZED_SVO_Playback
-- Set runtime path of "/home/roboboat/ros2_ws/src/zed-examples/bin/ZED_SVO_Playback" to ""
-- Installing: /home/roboboat/ros2_ws/src/zed-examples/bin/ZED_SVO_Recording
-- Set runtime path of "/home/roboboat/ros2_ws/src/zed-examples/bin/ZED_SVO_Recording" to ""
-- Installing: /home/roboboat/ros2_ws/src/zed-examples/bin/ZED_Streaming_Receiver
-- Set runtime path of "/home/roboboat/ros2_ws/src/zed-examples/bin/ZED_Streaming_Receiver" to ""
-- Installing: /home/roboboat/ros2_ws/src/zed-examples/bin/ZED_Streaming_Sender
-- Set runtime path of "/home/roboboat/ros2_ws/src/zed-examples/bin/ZED_Streaming_Sender" to ""
-- Installing: /home/roboboat/ros2_ws/src/zed-examples/bin/ZED_Point_Cloud_Mapping
-- Set runtime path of "/home/roboboat/ros2_ws/src/zed-examples/bin/ZED_Point_Cloud_Mapping" to ""
-- Installing: /home/roboboat/ros2_ws/src/zed-examples/bin/ZED_Floor_Plane_Detection
-- Set runtime path of "/home/roboboat/ros2_ws/src/zed-examples/bin/ZED_Floor_Plane_Detection" to ""
-- Installing: /home/roboboat/ros2_ws/src/zed-examples/bin/ZED_Sensing_ROI
-- Set runtime path of "/home/roboboat/ros2_ws/src/zed-examples/bin/ZED_Sensing_ROI" to ""
-- Installing: /home/roboboat/ros2_ws/src/zed-examples/bin/ZED_CUDA_Refocus
-- Set runtime path of "/home/roboboat/ros2_ws/src/zed-examples/bin/ZED_CUDA_Refocus" to ""
-- Installing: /home/roboboat/ros2_ws/src/zed-examples/bin/ZED_openGL
-- Set runtime path of "/home/roboboat/ros2_ws/src/zed-examples/bin/ZED_openGL" to ""
-- Installing: /home/roboboat/ros2_ws/src/zed-examples/bin/ZED_Multi_Camera
-- Set runtime path of "/home/roboboat/ros2_ws/src/zed-examples/bin/ZED_Multi_Camera" to ""
