[0.104s] Invoking command in '/home/roboboat/RoboBoat_Cyber_Minority/ROS2_Imp/ros2_foxy/src/detector/build/detector': CMAKE_PREFIX_PATH=${CMAKE_PREFIX_PATH}:/home/roboboat/ros2_ws/install/Motorcontroller:/opt/ros/foxy /usr/bin/cmake --build /home/roboboat/RoboBoat_Cyber_Minority/ROS2_Imp/ros2_foxy/src/detector/build/detector -- -j12 -l12
[0.190s] [35m[1mScanning dependencies of target detector_node[0m
[0.206s] [  6%] Built target detector__cpp
[0.206s] [ 12%] Built target detector__rosidl_generator_c
[0.226s] [ 15%] [32mBuilding CXX object CMakeFiles/detector_node.dir/src/detector_node.cpp.o[0m
[0.242s] [ 27%] Built target detector__rosidl_typesupport_introspection_cpp
[0.242s] [ 33%] Built target detector__rosidl_typesupport_cpp
[0.245s] [ 42%] Built target detector__rosidl_typesupport_fastrtps_cpp
[0.278s] [ 51%] Built target detector__rosidl_typesupport_introspection_c
[0.278s] [ 60%] Built target detector__rosidl_typesupport_c
[0.285s] [ 69%] Built target detector__rosidl_typesupport_fastrtps_c
[0.322s] [ 69%] Built target detector
[0.359s] [ 72%] Built target detector__py
[0.404s] [ 78%] Built target detector__python
[0.446s] [ 84%] Built target detector__rosidl_typesupport_fastrtps_c__pyext
[0.446s] [ 90%] Built target detector__rosidl_typesupport_introspection_c__pyext
[0.446s] [ 96%] Built target detector__rosidl_typesupport_c__pyext
[2.199s] [01m[K/home/roboboat/RoboBoat_Cyber_Minority/ROS2_Imp/ros2_foxy/src/detector/src/detector_node.cpp:47:28:[m[K [01;31m[Kerror: [m[K‘[01m[Kmsg[m[K’ is not a member of ‘[01m[Kstd[m[K’
[2.199s]    47 |     rclcpp::Publisher<std::[01;31m[Kmsg[m[K::string>::SharedPtr publisher_;
[2.200s]       |                            [01;31m[K^~~[m[K
[2.200s] [01m[K/home/roboboat/RoboBoat_Cyber_Minority/ROS2_Imp/ros2_foxy/src/detector/src/detector_node.cpp:47:28:[m[K [01;36m[Knote: [m[Ksuggested alternatives:
[2.200s] In file included from [01m[K/opt/ros/foxy/include/builtin_interfaces/msg/duration.hpp:7[m[K,
[2.200s]                  from [01m[K/opt/ros/foxy/include/rclcpp/duration.hpp:20[m[K,
[2.201s]                  from [01m[K/opt/ros/foxy/include/rclcpp/qos.hpp:20[m[K,
[2.201s]                  from [01m[K/opt/ros/foxy/include/rclcpp/node_interfaces/node_graph_interface.hpp:31[m[K,
[2.201s]                  from [01m[K/opt/ros/foxy/include/rclcpp/client.hpp:34[m[K,
[2.201s]                  from [01m[K/opt/ros/foxy/include/rclcpp/callback_group.hpp:23[m[K,
[2.202s]                  from [01m[K/opt/ros/foxy/include/rclcpp/any_executable.hpp:20[m[K,
[2.202s]                  from [01m[K/opt/ros/foxy/include/rclcpp/memory_strategy.hpp:24[m[K,
[2.202s]                  from [01m[K/opt/ros/foxy/include/rclcpp/memory_strategies.hpp:18[m[K,
[2.202s]                  from [01m[K/opt/ros/foxy/include/rclcpp/executor_options.hpp:20[m[K,
[2.203s]                  from [01m[K/opt/ros/foxy/include/rclcpp/executor.hpp:33[m[K,
[2.203s]                  from [01m[K/opt/ros/foxy/include/rclcpp/executors/multi_threaded_executor.hpp:26[m[K,
[2.203s]                  from [01m[K/opt/ros/foxy/include/rclcpp/executors.hpp:21[m[K,
[2.203s]                  from [01m[K/opt/ros/foxy/include/rclcpp/rclcpp.hpp:146[m[K,
[2.203s]                  from [01m[K/home/roboboat/RoboBoat_Cyber_Minority/ROS2_Imp/ros2_foxy/src/detector/src/detector_node.cpp:1[m[K:
[2.204s] [01m[K/opt/ros/foxy/include/builtin_interfaces/msg/detail/duration__struct.hpp:26:11:[m[K [01;36m[Knote: [m[K  ‘[01m[Kbuiltin_interfaces::msg[m[K’
[2.204s]    26 | namespace [01;36m[Kmsg[m[K
[2.204s]       |           [01;36m[K^~~[m[K
[2.204s] In file included from [01m[K/opt/ros/foxy/include/statistics_msgs/msg/detail/metrics_message__struct.hpp:22[m[K,
[2.205s]                  from [01m[K/opt/ros/foxy/include/statistics_msgs/msg/metrics_message.hpp:7[m[K,
[2.205s]                  from [01m[K/opt/ros/foxy/include/libstatistics_collector/collector/generate_statistics_message.hpp:21[m[K,
[2.205s]                  from [01m[K/opt/ros/foxy/include/rclcpp/topic_statistics/subscription_topic_statistics.hpp:23[m[K,
[2.205s]                  from [01m[K/opt/ros/foxy/include/rclcpp/subscription.hpp:50[m[K,
[2.206s]                  from [01m[K/opt/ros/foxy/include/rclcpp/any_executable.hpp:25[m[K,
[2.206s]                  from [01m[K/opt/ros/foxy/include/rclcpp/memory_strategy.hpp:24[m[K,
[2.206s]                  from [01m[K/opt/ros/foxy/include/rclcpp/memory_strategies.hpp:18[m[K,
[2.206s]                  from [01m[K/opt/ros/foxy/include/rclcpp/executor_options.hpp:20[m[K,
[2.206s]                  from [01m[K/opt/ros/foxy/include/rclcpp/executor.hpp:33[m[K,
[2.207s]                  from [01m[K/opt/ros/foxy/include/rclcpp/executors/multi_threaded_executor.hpp:26[m[K,
[2.207s]                  from [01m[K/opt/ros/foxy/include/rclcpp/executors.hpp:21[m[K,
[2.207s]                  from [01m[K/opt/ros/foxy/include/rclcpp/rclcpp.hpp:146[m[K,
[2.207s]                  from [01m[K/home/roboboat/RoboBoat_Cyber_Minority/ROS2_Imp/ros2_foxy/src/detector/src/detector_node.cpp:1[m[K:
[2.208s] [01m[K/opt/ros/foxy/include/statistics_msgs/msg/detail/statistic_data_point__struct.hpp:26:11:[m[K [01;36m[Knote: [m[K  ‘[01m[Kstatistics_msgs::msg[m[K’
[2.208s]    26 | namespace [01;36m[Kmsg[m[K
[2.210s]       |           [01;36m[K^~~[m[K
[2.211s] In file included from [01m[K/opt/ros/foxy/include/rcl_interfaces/msg/list_parameters_result.hpp:7[m[K,
[2.211s]                  from [01m[K/opt/ros/foxy/include/rclcpp/node.hpp:34[m[K,
[2.211s]                  from [01m[K/opt/ros/foxy/include/rclcpp/executors/single_threaded_executor.hpp:28[m[K,
[2.211s]                  from [01m[K/opt/ros/foxy/include/rclcpp/executors.hpp:22[m[K,
[2.211s]                  from [01m[K/opt/ros/foxy/include/rclcpp/rclcpp.hpp:146[m[K,
[2.212s]                  from [01m[K/home/roboboat/RoboBoat_Cyber_Minority/ROS2_Imp/ros2_foxy/src/detector/src/detector_node.cpp:1[m[K:
[2.212s] [01m[K/opt/ros/foxy/include/rcl_interfaces/msg/detail/list_parameters_result__struct.hpp:26:11:[m[K [01;36m[Knote: [m[K  ‘[01m[Krcl_interfaces::msg[m[K’
[2.213s]    26 | namespace [01;36m[Kmsg[m[K
[2.213s]       |           [01;36m[K^~~[m[K
[2.213s] In file included from [01m[K/opt/ros/foxy/include/std_msgs/msg/string.hpp:7[m[K,
[2.213s]                  from [01m[K/home/roboboat/RoboBoat_Cyber_Minority/ROS2_Imp/ros2_foxy/src/detector/src/detector_node.cpp:2[m[K:
[2.214s] [01m[K/opt/ros/foxy/include/std_msgs/msg/detail/string__struct.hpp:26:11:[m[K [01;36m[Knote: [m[K  ‘[01m[Kstd_msgs::msg[m[K’
[2.214s]    26 | namespace [01;36m[Kmsg[m[K
[2.214s]       |           [01;36m[K^~~[m[K
[2.214s] [01m[K/home/roboboat/RoboBoat_Cyber_Minority/ROS2_Imp/ros2_foxy/src/detector/src/detector_node.cpp:47:28:[m[K [01;31m[Kerror: [m[K‘[01m[Kmsg[m[K’ is not a member of ‘[01m[Kstd[m[K’
[2.214s]    47 |     rclcpp::Publisher<std::[01;31m[Kmsg[m[K::string>::SharedPtr publisher_;
[2.215s]       |                            [01;31m[K^~~[m[K
[2.215s] [01m[K/home/roboboat/RoboBoat_Cyber_Minority/ROS2_Imp/ros2_foxy/src/detector/src/detector_node.cpp:47:28:[m[K [01;36m[Knote: [m[Ksuggested alternatives:
[2.215s] In file included from [01m[K/opt/ros/foxy/include/builtin_interfaces/msg/duration.hpp:7[m[K,
[2.215s]                  from [01m[K/opt/ros/foxy/include/rclcpp/duration.hpp:20[m[K,
[2.215s]                  from [01m[K/opt/ros/foxy/include/rclcpp/qos.hpp:20[m[K,
[2.216s]                  from [01m[K/opt/ros/foxy/include/rclcpp/node_interfaces/node_graph_interface.hpp:31[m[K,
[2.216s]                  from [01m[K/opt/ros/foxy/include/rclcpp/client.hpp:34[m[K,
[2.216s]                  from [01m[K/opt/ros/foxy/include/rclcpp/callback_group.hpp:23[m[K,
[2.216s]                  from [01m[K/opt/ros/foxy/include/rclcpp/any_executable.hpp:20[m[K,
[2.217s]                  from [01m[K/opt/ros/foxy/include/rclcpp/memory_strategy.hpp:24[m[K,
[2.217s]                  from [01m[K/opt/ros/foxy/include/rclcpp/memory_strategies.hpp:18[m[K,
[2.217s]                  from [01m[K/opt/ros/foxy/include/rclcpp/executor_options.hpp:20[m[K,
[2.217s]                  from [01m[K/opt/ros/foxy/include/rclcpp/executor.hpp:33[m[K,
[2.217s]                  from [01m[K/opt/ros/foxy/include/rclcpp/executors/multi_threaded_executor.hpp:26[m[K,
[2.218s]                  from [01m[K/opt/ros/foxy/include/rclcpp/executors.hpp:21[m[K,
[2.218s]                  from [01m[K/opt/ros/foxy/include/rclcpp/rclcpp.hpp:146[m[K,
[2.218s]                  from [01m[K/home/roboboat/RoboBoat_Cyber_Minority/ROS2_Imp/ros2_foxy/src/detector/src/detector_node.cpp:1[m[K:
[2.218s] [01m[K/opt/ros/foxy/include/builtin_interfaces/msg/detail/duration__struct.hpp:26:11:[m[K [01;36m[Knote: [m[K  ‘[01m[Kbuiltin_interfaces::msg[m[K’
[2.219s]    26 | namespace [01;36m[Kmsg[m[K
[2.219s]       |           [01;36m[K^~~[m[K
[2.219s] In file included from [01m[K/opt/ros/foxy/include/statistics_msgs/msg/detail/metrics_message__struct.hpp:22[m[K,
[2.219s]                  from [01m[K/opt/ros/foxy/include/statistics_msgs/msg/metrics_message.hpp:7[m[K,
[2.219s]                  from [01m[K/opt/ros/foxy/include/libstatistics_collector/collector/generate_statistics_message.hpp:21[m[K,
[2.220s]                  from [01m[K/opt/ros/foxy/include/rclcpp/topic_statistics/subscription_topic_statistics.hpp:23[m[K,
[2.220s]                  from [01m[K/opt/ros/foxy/include/rclcpp/subscription.hpp:50[m[K,
[2.220s]                  from [01m[K/opt/ros/foxy/include/rclcpp/any_executable.hpp:25[m[K,
[2.220s]                  from [01m[K/opt/ros/foxy/include/rclcpp/memory_strategy.hpp:24[m[K,
[2.220s]                  from [01m[K/opt/ros/foxy/include/rclcpp/memory_strategies.hpp:18[m[K,
[2.221s]                  from [01m[K/opt/ros/foxy/include/rclcpp/executor_options.hpp:20[m[K,
[2.221s]                  from [01m[K/opt/ros/foxy/include/rclcpp/executor.hpp:33[m[K,
[2.221s]                  from [01m[K/opt/ros/foxy/include/rclcpp/executors/multi_threaded_executor.hpp:26[m[K,
[2.221s]                  from [01m[K/opt/ros/foxy/include/rclcpp/executors.hpp:21[m[K,
[2.222s]                  from [01m[K/opt/ros/foxy/include/rclcpp/rclcpp.hpp:146[m[K,
[2.222s]                  from [01m[K/home/roboboat/RoboBoat_Cyber_Minority/ROS2_Imp/ros2_foxy/src/detector/src/detector_node.cpp:1[m[K:
[2.222s] [01m[K/opt/ros/foxy/include/statistics_msgs/msg/detail/statistic_data_point__struct.hpp:26:11:[m[K [01;36m[Knote: [m[K  ‘[01m[Kstatistics_msgs::msg[m[K’
[2.222s]    26 | namespace [01;36m[Kmsg[m[K
[2.222s]       |           [01;36m[K^~~[m[K
[2.223s] In file included from [01m[K/opt/ros/foxy/include/rcl_interfaces/msg/list_parameters_result.hpp:7[m[K,
[2.223s]                  from [01m[K/opt/ros/foxy/include/rclcpp/node.hpp:34[m[K,
[2.223s]                  from [01m[K/opt/ros/foxy/include/rclcpp/executors/single_threaded_executor.hpp:28[m[K,
[2.223s]                  from [01m[K/opt/ros/foxy/include/rclcpp/executors.hpp:22[m[K,
[2.223s]                  from [01m[K/opt/ros/foxy/include/rclcpp/rclcpp.hpp:146[m[K,
[2.224s]                  from [01m[K/home/roboboat/RoboBoat_Cyber_Minority/ROS2_Imp/ros2_foxy/src/detector/src/detector_node.cpp:1[m[K:
[2.224s] [01m[K/opt/ros/foxy/include/rcl_interfaces/msg/detail/list_parameters_result__struct.hpp:26:11:[m[K [01;36m[Knote: [m[K  ‘[01m[Krcl_interfaces::msg[m[K’
[2.224s]    26 | namespace [01;36m[Kmsg[m[K
[2.224s]       |           [01;36m[K^~~[m[K
[2.225s] In file included from [01m[K/opt/ros/foxy/include/std_msgs/msg/string.hpp:7[m[K,
[2.225s]                  from [01m[K/home/roboboat/RoboBoat_Cyber_Minority/ROS2_Imp/ros2_foxy/src/detector/src/detector_node.cpp:2[m[K:
[2.225s] [01m[K/opt/ros/foxy/include/std_msgs/msg/detail/string__struct.hpp:26:11:[m[K [01;36m[Knote: [m[K  ‘[01m[Kstd_msgs::msg[m[K’
[2.225s]    26 | namespace [01;36m[Kmsg[m[K
[2.225s]       |           [01;36m[K^~~[m[K
[2.226s] [01m[K/home/roboboat/RoboBoat_Cyber_Minority/ROS2_Imp/ros2_foxy/src/detector/src/detector_node.cpp:47:39:[m[K [01;31m[Kerror: [m[Ktemplate argument 1 is invalid
[2.226s]    47 |     rclcpp::Publisher<std::msg::string[01;31m[K>[m[K::SharedPtr publisher_;
[2.226s]       |                                       [01;31m[K^[m[K
[2.226s] [01m[K/home/roboboat/RoboBoat_Cyber_Minority/ROS2_Imp/ros2_foxy/src/detector/src/detector_node.cpp:47:42:[m[K [01;31m[Kerror: [m[Kexpected ‘[01m[K;[m[K’ at end of member declaration
[2.227s]    47 |     rclcpp::Publisher<std::msg::string>::[01;31m[KSharedPtr[m[K publisher_;
[2.227s]       |                                          [01;31m[K^~~~~~~~~[m[K
[2.227s]       |                                                   [32m[K;[m[K
[2.227s] [01m[K/home/roboboat/RoboBoat_Cyber_Minority/ROS2_Imp/ros2_foxy/src/detector/src/detector_node.cpp:47:52:[m[K [01;31m[Kerror: [m[K‘[01m[Kpublisher_[m[K’ does not name a type; did you mean ‘[01m[Krcl_publisher_t[m[K’?
[2.227s]    47 |     rclcpp::Publisher<std::msg::string>::SharedPtr [01;31m[Kpublisher_[m[K;
[2.228s]       |                                                    [01;31m[K^~~~~~~~~~[m[K
[2.228s]       |                                                    [32m[Krcl_publisher_t[m[K
[2.228s] [01m[K/home/roboboat/RoboBoat_Cyber_Minority/ROS2_Imp/ros2_foxy/src/detector/src/detector_node.cpp:[m[K In constructor ‘[01m[KDetectorPublisherNode::DetectorPublisherNode()[m[K’:
[2.228s] [01m[K/home/roboboat/RoboBoat_Cyber_Minority/ROS2_Imp/ros2_foxy/src/detector/src/detector_node.cpp:13:9:[m[K [01;31m[Kerror: [m[K‘[01m[Kpublisher_[m[K’ was not declared in this scope; did you mean ‘[01m[Krcl_publisher_t[m[K’?
[2.228s]    13 |         [01;31m[Kpublisher_[m[K = create_publisher<std::msg::string>("detector", 10);
[2.229s]       |         [01;31m[K^~~~~~~~~~[m[K
[2.229s]       |         [32m[Krcl_publisher_t[m[K
[2.229s] [01m[K/home/roboboat/RoboBoat_Cyber_Minority/ROS2_Imp/ros2_foxy/src/detector/src/detector_node.cpp:13:44:[m[K [01;31m[Kerror: [m[K‘[01m[Kmsg[m[K’ is not a member of ‘[01m[Kstd[m[K’
[2.229s]    13 |         publisher_ = create_publisher<std::[01;31m[Kmsg[m[K::string>("detector", 10);
[2.230s]       |                                            [01;31m[K^~~[m[K
[2.230s] [01m[K/home/roboboat/RoboBoat_Cyber_Minority/ROS2_Imp/ros2_foxy/src/detector/src/detector_node.cpp:13:44:[m[K [01;36m[Knote: [m[Ksuggested alternatives:
[2.231s] In file included from [01m[K/opt/ros/foxy/include/builtin_interfaces/msg/duration.hpp:7[m[K,
[2.231s]                  from [01m[K/opt/ros/foxy/include/rclcpp/duration.hpp:20[m[K,
[2.231s]                  from [01m[K/opt/ros/foxy/include/rclcpp/qos.hpp:20[m[K,
[2.231s]                  from [01m[K/opt/ros/foxy/include/rclcpp/node_interfaces/node_graph_interface.hpp:31[m[K,
[2.232s]                  from [01m[K/opt/ros/foxy/include/rclcpp/client.hpp:34[m[K,
[2.232s]                  from [01m[K/opt/ros/foxy/include/rclcpp/callback_group.hpp:23[m[K,
[2.232s]                  from [01m[K/opt/ros/foxy/include/rclcpp/any_executable.hpp:20[m[K,
[2.232s]                  from [01m[K/opt/ros/foxy/include/rclcpp/memory_strategy.hpp:24[m[K,
[2.233s]                  from [01m[K/opt/ros/foxy/include/rclcpp/memory_strategies.hpp:18[m[K,
[2.233s]                  from [01m[K/opt/ros/foxy/include/rclcpp/executor_options.hpp:20[m[K,
[2.233s]                  from [01m[K/opt/ros/foxy/include/rclcpp/executor.hpp:33[m[K,
[2.233s]                  from [01m[K/opt/ros/foxy/include/rclcpp/executors/multi_threaded_executor.hpp:26[m[K,
[2.233s]                  from [01m[K/opt/ros/foxy/include/rclcpp/executors.hpp:21[m[K,
[2.234s]                  from [01m[K/opt/ros/foxy/include/rclcpp/rclcpp.hpp:146[m[K,
[2.234s]                  from [01m[K/home/roboboat/RoboBoat_Cyber_Minority/ROS2_Imp/ros2_foxy/src/detector/src/detector_node.cpp:1[m[K:
[2.234s] [01m[K/opt/ros/foxy/include/builtin_interfaces/msg/detail/duration__struct.hpp:26:11:[m[K [01;36m[Knote: [m[K  ‘[01m[Kbuiltin_interfaces::msg[m[K’
[2.234s]    26 | namespace [01;36m[Kmsg[m[K
[2.234s]       |           [01;36m[K^~~[m[K
[2.234s] In file included from [01m[K/opt/ros/foxy/include/statistics_msgs/msg/detail/metrics_message__struct.hpp:22[m[K,
[2.235s]                  from [01m[K/opt/ros/foxy/include/statistics_msgs/msg/metrics_message.hpp:7[m[K,
[2.235s]                  from [01m[K/opt/ros/foxy/include/libstatistics_collector/collector/generate_statistics_message.hpp:21[m[K,
[2.235s]                  from [01m[K/opt/ros/foxy/include/rclcpp/topic_statistics/subscription_topic_statistics.hpp:23[m[K,
[2.235s]                  from [01m[K/opt/ros/foxy/include/rclcpp/subscription.hpp:50[m[K,
[2.235s]                  from [01m[K/opt/ros/foxy/include/rclcpp/any_executable.hpp:25[m[K,
[2.235s]                  from [01m[K/opt/ros/foxy/include/rclcpp/memory_strategy.hpp:24[m[K,
[2.235s]                  from [01m[K/opt/ros/foxy/include/rclcpp/memory_strategies.hpp:18[m[K,
[2.235s]                  from [01m[K/opt/ros/foxy/include/rclcpp/executor_options.hpp:20[m[K,
[2.235s]                  from [01m[K/opt/ros/foxy/include/rclcpp/executor.hpp:33[m[K,
[2.235s]                  from [01m[K/opt/ros/foxy/include/rclcpp/executors/multi_threaded_executor.hpp:26[m[K,
[2.235s]                  from [01m[K/opt/ros/foxy/include/rclcpp/executors.hpp:21[m[K,
[2.235s]                  from [01m[K/opt/ros/foxy/include/rclcpp/rclcpp.hpp:146[m[K,
[2.236s]                  from [01m[K/home/roboboat/RoboBoat_Cyber_Minority/ROS2_Imp/ros2_foxy/src/detector/src/detector_node.cpp:1[m[K:
[2.236s] [01m[K/opt/ros/foxy/include/statistics_msgs/msg/detail/statistic_data_point__struct.hpp:26:11:[m[K [01;36m[Knote: [m[K  ‘[01m[Kstatistics_msgs::msg[m[K’
[2.236s]    26 | namespace [01;36m[Kmsg[m[K
[2.236s]       |           [01;36m[K^~~[m[K
[2.236s] In file included from [01m[K/opt/ros/foxy/include/rcl_interfaces/msg/list_parameters_result.hpp:7[m[K,
[2.236s]                  from [01m[K/opt/ros/foxy/include/rclcpp/node.hpp:34[m[K,
[2.236s]                  from [01m[K/opt/ros/foxy/include/rclcpp/executors/single_threaded_executor.hpp:28[m[K,
[2.236s]                  from [01m[K/opt/ros/foxy/include/rclcpp/executors.hpp:22[m[K,
[2.236s]                  from [01m[K/opt/ros/foxy/include/rclcpp/rclcpp.hpp:146[m[K,
[2.236s]                  from [01m[K/home/roboboat/RoboBoat_Cyber_Minority/ROS2_Imp/ros2_foxy/src/detector/src/detector_node.cpp:1[m[K:
[2.237s] [01m[K/opt/ros/foxy/include/rcl_interfaces/msg/detail/list_parameters_result__struct.hpp:26:11:[m[K [01;36m[Knote: [m[K  ‘[01m[Krcl_interfaces::msg[m[K’
[2.237s]    26 | namespace [01;36m[Kmsg[m[K
[2.237s]       |           [01;36m[K^~~[m[K
[2.237s] In file included from [01m[K/opt/ros/foxy/include/std_msgs/msg/string.hpp:7[m[K,
[2.237s]                  from [01m[K/home/roboboat/RoboBoat_Cyber_Minority/ROS2_Imp/ros2_foxy/src/detector/src/detector_node.cpp:2[m[K:
[2.238s] [01m[K/opt/ros/foxy/include/std_msgs/msg/detail/string__struct.hpp:26:11:[m[K [01;36m[Knote: [m[K  ‘[01m[Kstd_msgs::msg[m[K’
[2.238s]    26 | namespace [01;36m[Kmsg[m[K
[2.238s]       |           [01;36m[K^~~[m[K
[2.238s] [01m[K/home/roboboat/RoboBoat_Cyber_Minority/ROS2_Imp/ros2_foxy/src/detector/src/detector_node.cpp:13:44:[m[K [01;31m[Kerror: [m[K‘[01m[Kmsg[m[K’ is not a member of ‘[01m[Kstd[m[K’
[2.238s]    13 |         publisher_ = create_publisher<std::[01;31m[Kmsg[m[K::string>("detector", 10);
[2.239s]       |                                            [01;31m[K^~~[m[K
[2.239s] [01m[K/home/roboboat/RoboBoat_Cyber_Minority/ROS2_Imp/ros2_foxy/src/detector/src/detector_node.cpp:13:44:[m[K [01;36m[Knote: [m[Ksuggested alternatives:
[2.239s] In file included from [01m[K/opt/ros/foxy/include/builtin_interfaces/msg/duration.hpp:7[m[K,
[2.239s]                  from [01m[K/opt/ros/foxy/include/rclcpp/duration.hpp:20[m[K,
[2.239s]                  from [01m[K/opt/ros/foxy/include/rclcpp/qos.hpp:20[m[K,
[2.240s]                  from [01m[K/opt/ros/foxy/include/rclcpp/node_interfaces/node_graph_interface.hpp:31[m[K,
[2.240s]                  from [01m[K/opt/ros/foxy/include/rclcpp/client.hpp:34[m[K,
[2.240s]                  from [01m[K/opt/ros/foxy/include/rclcpp/callback_group.hpp:23[m[K,
[2.240s]                  from [01m[K/opt/ros/foxy/include/rclcpp/any_executable.hpp:20[m[K,
[2.240s]                  from [01m[K/opt/ros/foxy/include/rclcpp/memory_strategy.hpp:24[m[K,
[2.240s]                  from [01m[K/opt/ros/foxy/include/rclcpp/memory_strategies.hpp:18[m[K,
[2.241s]                  from [01m[K/opt/ros/foxy/include/rclcpp/executor_options.hpp:20[m[K,
[2.241s]                  from [01m[K/opt/ros/foxy/include/rclcpp/executor.hpp:33[m[K,
[2.241s]                  from [01m[K/opt/ros/foxy/include/rclcpp/executors/multi_threaded_executor.hpp:26[m[K,
[2.241s]                  from [01m[K/opt/ros/foxy/include/rclcpp/executors.hpp:21[m[K,
[2.241s]                  from [01m[K/opt/ros/foxy/include/rclcpp/rclcpp.hpp:146[m[K,
[2.242s]                  from [01m[K/home/roboboat/RoboBoat_Cyber_Minority/ROS2_Imp/ros2_foxy/src/detector/src/detector_node.cpp:1[m[K:
[2.242s] [01m[K/opt/ros/foxy/include/builtin_interfaces/msg/detail/duration__struct.hpp:26:11:[m[K [01;36m[Knote: [m[K  ‘[01m[Kbuiltin_interfaces::msg[m[K’
[2.242s]    26 | namespace [01;36m[Kmsg[m[K
[2.242s]       |           [01;36m[K^~~[m[K
[2.242s] In file included from [01m[K/opt/ros/foxy/include/statistics_msgs/msg/detail/metrics_message__struct.hpp:22[m[K,
[2.242s]                  from [01m[K/opt/ros/foxy/include/statistics_msgs/msg/metrics_message.hpp:7[m[K,
[2.243s]                  from [01m[K/opt/ros/foxy/include/libstatistics_collector/collector/generate_statistics_message.hpp:21[m[K,
[2.243s]                  from [01m[K/opt/ros/foxy/include/rclcpp/topic_statistics/subscription_topic_statistics.hpp:23[m[K,
[2.243s]                  from [01m[K/opt/ros/foxy/include/rclcpp/subscription.hpp:50[m[K,
[2.243s]                  from [01m[K/opt/ros/foxy/include/rclcpp/any_executable.hpp:25[m[K,
[2.243s]                  from [01m[K/opt/ros/foxy/include/rclcpp/memory_strategy.hpp:24[m[K,
[2.244s]                  from [01m[K/opt/ros/foxy/include/rclcpp/memory_strategies.hpp:18[m[K,
[2.244s]                  from [01m[K/opt/ros/foxy/include/rclcpp/executor_options.hpp:20[m[K,
[2.244s]                  from [01m[K/opt/ros/foxy/include/rclcpp/executor.hpp:33[m[K,
[2.244s]                  from [01m[K/opt/ros/foxy/include/rclcpp/executors/multi_threaded_executor.hpp:26[m[K,
[2.244s]                  from [01m[K/opt/ros/foxy/include/rclcpp/executors.hpp:21[m[K,
[2.244s]                  from [01m[K/opt/ros/foxy/include/rclcpp/rclcpp.hpp:146[m[K,
[2.244s]                  from [01m[K/home/roboboat/RoboBoat_Cyber_Minority/ROS2_Imp/ros2_foxy/src/detector/src/detector_node.cpp:1[m[K:
[2.245s] [01m[K/opt/ros/foxy/include/statistics_msgs/msg/detail/statistic_data_point__struct.hpp:26:11:[m[K [01;36m[Knote: [m[K  ‘[01m[Kstatistics_msgs::msg[m[K’
[2.245s]    26 | namespace [01;36m[Kmsg[m[K
[2.245s]       |           [01;36m[K^~~[m[K
[2.245s] In file included from [01m[K/opt/ros/foxy/include/rcl_interfaces/msg/list_parameters_result.hpp:7[m[K,
[2.245s]                  from [01m[K/opt/ros/foxy/include/rclcpp/node.hpp:34[m[K,
[2.245s]                  from [01m[K/opt/ros/foxy/include/rclcpp/executors/single_threaded_executor.hpp:28[m[K,
[2.246s]                  from [01m[K/opt/ros/foxy/include/rclcpp/executors.hpp:22[m[K,
[2.246s]                  from [01m[K/opt/ros/foxy/include/rclcpp/rclcpp.hpp:146[m[K,
[2.246s]                  from [01m[K/home/roboboat/RoboBoat_Cyber_Minority/ROS2_Imp/ros2_foxy/src/detector/src/detector_node.cpp:1[m[K:
[2.246s] [01m[K/opt/ros/foxy/include/rcl_interfaces/msg/detail/list_parameters_result__struct.hpp:26:11:[m[K [01;36m[Knote: [m[K  ‘[01m[Krcl_interfaces::msg[m[K’
[2.246s]    26 | namespace [01;36m[Kmsg[m[K
[2.246s]       |           [01;36m[K^~~[m[K
[2.246s] In file included from [01m[K/opt/ros/foxy/include/std_msgs/msg/string.hpp:7[m[K,
[2.246s]                  from [01m[K/home/roboboat/RoboBoat_Cyber_Minority/ROS2_Imp/ros2_foxy/src/detector/src/detector_node.cpp:2[m[K:
[2.246s] [01m[K/opt/ros/foxy/include/std_msgs/msg/detail/string__struct.hpp:26:11:[m[K [01;36m[Knote: [m[K  ‘[01m[Kstd_msgs::msg[m[K’
[2.246s]    26 | namespace [01;36m[Kmsg[m[K
[2.246s]       |           [01;36m[K^~~[m[K
[2.246s] [01m[K/home/roboboat/RoboBoat_Cyber_Minority/ROS2_Imp/ros2_foxy/src/detector/src/detector_node.cpp:13:22:[m[K [01;31m[Kerror: [m[Kparse error in template argument list
[2.247s]    13 |         publisher_ = [01;31m[Kcreate_publisher<std::msg::string>[m[K("detector", 10);
[2.247s]       |                      [01;31m[K^~~~~~~~~~~~~~~~~~~~~~~~~~~~~~~~~~[m[K
[2.247s] [01m[K/home/roboboat/RoboBoat_Cyber_Minority/ROS2_Imp/ros2_foxy/src/detector/src/detector_node.cpp:13:71:[m[K [01;31m[Kerror: [m[Kno matching function for call to ‘[01m[KDetectorPublisherNode::create_publisher<<expression error> >(const char [9], int)[m[K’
[2.247s]    13 |         publisher_ = create_publisher<std::msg::string>("detector", 10[01;31m[K)[m[K;
[2.247s]       |                                                                       [01;31m[K^[m[K
[2.247s] In file included from [01m[K/opt/ros/foxy/include/rclcpp/executors/single_threaded_executor.hpp:28[m[K,
[2.247s]                  from [01m[K/opt/ros/foxy/include/rclcpp/executors.hpp:22[m[K,
[2.247s]                  from [01m[K/opt/ros/foxy/include/rclcpp/rclcpp.hpp:146[m[K,
[2.247s]                  from [01m[K/home/roboboat/RoboBoat_Cyber_Minority/ROS2_Imp/ros2_foxy/src/detector/src/detector_node.cpp:1[m[K:
[2.247s] [01m[K/opt/ros/foxy/include/rclcpp/node.hpp:184:3:[m[K [01;36m[Knote: [m[Kcandidate: ‘[01m[Ktemplate<class MessageT, class AllocatorT, class PublisherT> std::shared_ptr<PublisherT> rclcpp::Node::create_publisher(const string&, const rclcpp::QoS&, const rclcpp::PublisherOptionsWithAllocator<AllocatorT>&)[m[K’
[2.247s]   184 |   [01;36m[Kcreate_publisher[m[K(
[2.247s]       |   [01;36m[K^~~~~~~~~~~~~~~~[m[K
[2.248s] [01m[K/opt/ros/foxy/include/rclcpp/node.hpp:184:3:[m[K [01;36m[Knote: [m[K  template argument deduction/substitution failed:
[2.248s] [01m[K/home/roboboat/RoboBoat_Cyber_Minority/ROS2_Imp/ros2_foxy/src/detector/src/detector_node.cpp:13:71:[m[K [01;31m[Kerror: [m[Ktemplate argument 1 is invalid
[2.248s]    13 |         publisher_ = create_publisher<std::msg::string>("detector", 10[01;31m[K)[m[K;
[2.248s]       |                                                                       [01;31m[K^[m[K
[2.248s] [01m[K/home/roboboat/RoboBoat_Cyber_Minority/ROS2_Imp/ros2_foxy/src/detector/src/detector_node.cpp:[m[K In member function ‘[01m[Kvoid DetectorPublisherNode::publishDetectorData()[m[K’:
[2.248s] [01m[K/home/roboboat/RoboBoat_Cyber_Minority/ROS2_Imp/ros2_foxy/src/detector/src/detector_node.cpp:20:14:[m[K [01;31m[Kerror: [m[K‘[01m[Kstd::msg[m[K’ has not been declared
[2.248s]    20 |         std::[01;31m[Kmsg[m[K::string msg;
[2.248s]       |              [01;31m[K^~~[m[K
[2.248s] [01m[K/home/roboboat/RoboBoat_Cyber_Minority/ROS2_Imp/ros2_foxy/src/detector/src/detector_node.cpp:21:9:[m[K [01;31m[Kerror: [m[K‘[01m[Kmsg[m[K’ was not declared in this scope
[2.248s]    21 |         [01;31m[Kmsg[m[K.data = data;
[2.248s]       |         [01;31m[K^~~[m[K
[2.248s] [01m[K/home/roboboat/RoboBoat_Cyber_Minority/ROS2_Imp/ros2_foxy/src/detector/src/detector_node.cpp:21:9:[m[K [01;36m[Knote: [m[Ksuggested alternatives:
[2.249s] In file included from [01m[K/opt/ros/foxy/include/builtin_interfaces/msg/duration.hpp:7[m[K,
[2.249s]                  from [01m[K/opt/ros/foxy/include/rclcpp/duration.hpp:20[m[K,
[2.249s]                  from [01m[K/opt/ros/foxy/include/rclcpp/qos.hpp:20[m[K,
[2.249s]                  from [01m[K/opt/ros/foxy/include/rclcpp/node_interfaces/node_graph_interface.hpp:31[m[K,
[2.249s]                  from [01m[K/opt/ros/foxy/include/rclcpp/client.hpp:34[m[K,
[2.249s]                  from [01m[K/opt/ros/foxy/include/rclcpp/callback_group.hpp:23[m[K,
[2.249s]                  from [01m[K/opt/ros/foxy/include/rclcpp/any_executable.hpp:20[m[K,
[2.249s]                  from [01m[K/opt/ros/foxy/include/rclcpp/memory_strategy.hpp:24[m[K,
[2.249s]                  from [01m[K/opt/ros/foxy/include/rclcpp/memory_strategies.hpp:18[m[K,
[2.249s]                  from [01m[K/opt/ros/foxy/include/rclcpp/executor_options.hpp:20[m[K,
[2.249s]                  from [01m[K/opt/ros/foxy/include/rclcpp/executor.hpp:33[m[K,
[2.250s]                  from [01m[K/opt/ros/foxy/include/rclcpp/executors/multi_threaded_executor.hpp:26[m[K,
[2.250s]                  from [01m[K/opt/ros/foxy/include/rclcpp/executors.hpp:21[m[K,
[2.250s]                  from [01m[K/opt/ros/foxy/include/rclcpp/rclcpp.hpp:146[m[K,
[2.250s]                  from [01m[K/home/roboboat/RoboBoat_Cyber_Minority/ROS2_Imp/ros2_foxy/src/detector/src/detector_node.cpp:1[m[K:
[2.250s] [01m[K/opt/ros/foxy/include/builtin_interfaces/msg/detail/duration__struct.hpp:26:11:[m[K [01;36m[Knote: [m[K  ‘[01m[Kbuiltin_interfaces::msg[m[K’
[2.250s]    26 | namespace [01;36m[Kmsg[m[K
[2.250s]       |           [01;36m[K^~~[m[K
[2.250s] In file included from [01m[K/opt/ros/foxy/include/statistics_msgs/msg/detail/metrics_message__struct.hpp:22[m[K,
[2.251s]                  from [01m[K/opt/ros/foxy/include/statistics_msgs/msg/metrics_message.hpp:7[m[K,
[2.251s]                  from [01m[K/opt/ros/foxy/include/libstatistics_collector/collector/generate_statistics_message.hpp:21[m[K,
[2.251s]                  from [01m[K/opt/ros/foxy/include/rclcpp/topic_statistics/subscription_topic_statistics.hpp:23[m[K,
[2.251s]                  from [01m[K/opt/ros/foxy/include/rclcpp/subscription.hpp:50[m[K,
[2.251s]                  from [01m[K/opt/ros/foxy/include/rclcpp/any_executable.hpp:25[m[K,
[2.251s]                  from [01m[K/opt/ros/foxy/include/rclcpp/memory_strategy.hpp:24[m[K,
[2.251s]                  from [01m[K/opt/ros/foxy/include/rclcpp/memory_strategies.hpp:18[m[K,
[2.251s]                  from [01m[K/opt/ros/foxy/include/rclcpp/executor_options.hpp:20[m[K,
[2.251s]                  from [01m[K/opt/ros/foxy/include/rclcpp/executor.hpp:33[m[K,
[2.252s]                  from [01m[K/opt/ros/foxy/include/rclcpp/executors/multi_threaded_executor.hpp:26[m[K,
[2.252s]                  from [01m[K/opt/ros/foxy/include/rclcpp/executors.hpp:21[m[K,
[2.252s]                  from [01m[K/opt/ros/foxy/include/rclcpp/rclcpp.hpp:146[m[K,
[2.252s]                  from [01m[K/home/roboboat/RoboBoat_Cyber_Minority/ROS2_Imp/ros2_foxy/src/detector/src/detector_node.cpp:1[m[K:
[2.252s] [01m[K/opt/ros/foxy/include/statistics_msgs/msg/detail/statistic_data_point__struct.hpp:26:11:[m[K [01;36m[Knote: [m[K  ‘[01m[Kstatistics_msgs::msg[m[K’
[2.252s]    26 | namespace [01;36m[Kmsg[m[K
[2.252s]       |           [01;36m[K^~~[m[K
[2.252s] In file included from [01m[K/opt/ros/foxy/include/rcl_interfaces/msg/list_parameters_result.hpp:7[m[K,
[2.252s]                  from [01m[K/opt/ros/foxy/include/rclcpp/node.hpp:34[m[K,
[2.252s]                  from [01m[K/opt/ros/foxy/include/rclcpp/executors/single_threaded_executor.hpp:28[m[K,
[2.252s]                  from [01m[K/opt/ros/foxy/include/rclcpp/executors.hpp:22[m[K,
[2.252s]                  from [01m[K/opt/ros/foxy/include/rclcpp/rclcpp.hpp:146[m[K,
[2.253s]                  from [01m[K/home/roboboat/RoboBoat_Cyber_Minority/ROS2_Imp/ros2_foxy/src/detector/src/detector_node.cpp:1[m[K:
[2.253s] [01m[K/opt/ros/foxy/include/rcl_interfaces/msg/detail/list_parameters_result__struct.hpp:26:11:[m[K [01;36m[Knote: [m[K  ‘[01m[Krcl_interfaces::msg[m[K’
[2.253s]    26 | namespace [01;36m[Kmsg[m[K
[2.253s]       |           [01;36m[K^~~[m[K
[2.253s] In file included from [01m[K/opt/ros/foxy/include/std_msgs/msg/string.hpp:7[m[K,
[2.253s]                  from [01m[K/home/roboboat/RoboBoat_Cyber_Minority/ROS2_Imp/ros2_foxy/src/detector/src/detector_node.cpp:2[m[K:
[2.253s] [01m[K/opt/ros/foxy/include/std_msgs/msg/detail/string__struct.hpp:26:11:[m[K [01;36m[Knote: [m[K  ‘[01m[Kstd_msgs::msg[m[K’
[2.253s]    26 | namespace [01;36m[Kmsg[m[K
[2.253s]       |           [01;36m[K^~~[m[K
[2.253s] [01m[K/home/roboboat/RoboBoat_Cyber_Minority/ROS2_Imp/ros2_foxy/src/detector/src/detector_node.cpp:22:9:[m[K [01;31m[Kerror: [m[K‘[01m[Kpublisher_[m[K’ was not declared in this scope; did you mean ‘[01m[Krcl_publisher_t[m[K’?
[2.253s]    22 |         [01;31m[Kpublisher_[m[K->publish(msg);
[2.253s]       |         [01;31m[K^~~~~~~~~~[m[K
[2.253s]       |         [32m[Krcl_publisher_t[m[K
[2.960s] make[2]: *** [CMakeFiles/detector_node.dir/build.make:63: CMakeFiles/detector_node.dir/src/detector_node.cpp.o] Error 1
[2.961s] make[1]: *** [CMakeFiles/Makefile2:155: CMakeFiles/detector_node.dir/all] Error 2
[2.962s] make: *** [Makefile:141: all] Error 2
[2.967s] Invoked command in '/home/roboboat/RoboBoat_Cyber_Minority/ROS2_Imp/ros2_foxy/src/detector/build/detector' returned '2': CMAKE_PREFIX_PATH=${CMAKE_PREFIX_PATH}:/home/roboboat/ros2_ws/install/Motorcontroller:/opt/ros/foxy /usr/bin/cmake --build /home/roboboat/RoboBoat_Cyber_Minority/ROS2_Imp/ros2_foxy/src/detector/build/detector -- -j12 -l12
