[0.068s] Invoking command in '/home/roboboat/ros2_ws/build/zed_rgb_convert': CMAKE_PREFIX_PATH=/home/roboboat/ros2_ws/install/zed_components:/home/roboboat/ros2_ws/install/zed_interfaces:/home/roboboat/ros2_ws/install/zed_ros2:/home/roboboat/ros2_ws/install/zed_multi_camera:/home/roboboat/ros2_ws/install/zed_display_rviz2:/home/roboboat/ros2_ws/install/zed_wrapper:/home/roboboat/ros2_ws/install/zed_tutorial_video:/home/roboboat/ros2_ws/install/zed_tutorial_pos_tracking:/home/roboboat/ros2_ws/install/zed_tutorial_depth:/home/roboboat/ros2_ws/install/zed_topic_benchmark_interfaces:/home/roboboat/ros2_ws/install/zed_rgb_convert:/home/roboboat/ros2_ws/install/rviz_plugin_zed_od:/opt/ros/foxy LD_LIBRARY_PATH=/home/roboboat/ros2_ws/install/zed_components/lib:/home/roboboat/ros2_ws/install/zed_interfaces/lib:/home/roboboat/ros2_ws/install/zed_topic_benchmark_interfaces/lib:/home/roboboat/ros2_ws/install/zed_rgb_convert/lib:/home/roboboat/ros2_ws/install/rviz_plugin_zed_od/lib:/opt/ros/foxy/opt/yaml_cpp_vendor/lib:/opt/ros/foxy/opt/rviz_ogre_vendor/lib:/opt/ros/foxy/lib/aarch64-linux-gnu:/opt/ros/foxy/lib PYTHONPATH=/home/roboboat/ros2_ws/install/zed_interfaces/lib/python3.8/site-packages:/home/roboboat/ros2_ws/install/zed_topic_benchmark_interfaces/lib/python3.8/site-packages:/opt/ros/foxy/lib/python3.8/site-packages /usr/bin/cmake --build /home/roboboat/ros2_ws/build/zed_rgb_convert -- -j12 -l12
[0.185s] [ 50%] Built target zed_rgb_convert_component
[0.260s] [100%] Built target zed_rgb_convert
[0.279s] Invoked command in '/home/roboboat/ros2_ws/build/zed_rgb_convert' returned '0': CMAKE_PREFIX_PATH=/home/roboboat/ros2_ws/install/zed_components:/home/roboboat/ros2_ws/install/zed_interfaces:/home/roboboat/ros2_ws/install/zed_ros2:/home/roboboat/ros2_ws/install/zed_multi_camera:/home/roboboat/ros2_ws/install/zed_display_rviz2:/home/roboboat/ros2_ws/install/zed_wrapper:/home/roboboat/ros2_ws/install/zed_tutorial_video:/home/roboboat/ros2_ws/install/zed_tutorial_pos_tracking:/home/roboboat/ros2_ws/install/zed_tutorial_depth:/home/roboboat/ros2_ws/install/zed_topic_benchmark_interfaces:/home/roboboat/ros2_ws/install/zed_rgb_convert:/home/roboboat/ros2_ws/install/rviz_plugin_zed_od:/opt/ros/foxy LD_LIBRARY_PATH=/home/roboboat/ros2_ws/install/zed_components/lib:/home/roboboat/ros2_ws/install/zed_interfaces/lib:/home/roboboat/ros2_ws/install/zed_topic_benchmark_interfaces/lib:/home/roboboat/ros2_ws/install/zed_rgb_convert/lib:/home/roboboat/ros2_ws/install/rviz_plugin_zed_od/lib:/opt/ros/foxy/opt/yaml_cpp_vendor/lib:/opt/ros/foxy/opt/rviz_ogre_vendor/lib:/opt/ros/foxy/lib/aarch64-linux-gnu:/opt/ros/foxy/lib PYTHONPATH=/home/roboboat/ros2_ws/install/zed_interfaces/lib/python3.8/site-packages:/home/roboboat/ros2_ws/install/zed_topic_benchmark_interfaces/lib/python3.8/site-packages:/opt/ros/foxy/lib/python3.8/site-packages /usr/bin/cmake --build /home/roboboat/ros2_ws/build/zed_rgb_convert -- -j12 -l12
[0.330s] Invoking command in '/home/roboboat/ros2_ws/build/zed_rgb_convert': CMAKE_PREFIX_PATH=/home/roboboat/ros2_ws/install/zed_components:/home/roboboat/ros2_ws/install/zed_interfaces:/home/roboboat/ros2_ws/install/zed_ros2:/home/roboboat/ros2_ws/install/zed_multi_camera:/home/roboboat/ros2_ws/install/zed_display_rviz2:/home/roboboat/ros2_ws/install/zed_wrapper:/home/roboboat/ros2_ws/install/zed_tutorial_video:/home/roboboat/ros2_ws/install/zed_tutorial_pos_tracking:/home/roboboat/ros2_ws/install/zed_tutorial_depth:/home/roboboat/ros2_ws/install/zed_topic_benchmark_interfaces:/home/roboboat/ros2_ws/install/zed_rgb_convert:/home/roboboat/ros2_ws/install/rviz_plugin_zed_od:/opt/ros/foxy LD_LIBRARY_PATH=/home/roboboat/ros2_ws/install/zed_components/lib:/home/roboboat/ros2_ws/install/zed_interfaces/lib:/home/roboboat/ros2_ws/install/zed_topic_benchmark_interfaces/lib:/home/roboboat/ros2_ws/install/zed_rgb_convert/lib:/home/roboboat/ros2_ws/install/rviz_plugin_zed_od/lib:/opt/ros/foxy/opt/yaml_cpp_vendor/lib:/opt/ros/foxy/opt/rviz_ogre_vendor/lib:/opt/ros/foxy/lib/aarch64-linux-gnu:/opt/ros/foxy/lib PYTHONPATH=/home/roboboat/ros2_ws/install/zed_interfaces/lib/python3.8/site-packages:/home/roboboat/ros2_ws/install/zed_topic_benchmark_interfaces/lib/python3.8/site-packages:/opt/ros/foxy/lib/python3.8/site-packages /usr/bin/cmake --install /home/roboboat/ros2_ws/build/zed_rgb_convert
[0.350s] -- Install configuration: "Release"
[0.353s] -- Execute custom install script
[0.354s] -- Up-to-date symlink: /home/roboboat/ros2_ws/install/zed_rgb_convert/lib/zed_rgb_convert/zed_rgb_convert
[0.354s] -- Up-to-date symlink: /home/roboboat/ros2_ws/install/zed_rgb_convert/lib/libzed_rgb_convert_component.so
[0.355s] -- Up-to-date symlink: /home/roboboat/ros2_ws/install/zed_rgb_convert/include/zed_rgb_convert//cvt_visibility_control.hpp
[0.356s] -- Up-to-date symlink: /home/roboboat/ros2_ws/install/zed_rgb_convert/share/zed_rgb_convert/launch/zed_rgb_convert.launch.py
[0.357s] -- Up-to-date symlink: /home/roboboat/ros2_ws/install/zed_rgb_convert/share/zed_rgb_convert/environment/library_path.sh
[0.358s] -- Up-to-date symlink: /home/roboboat/ros2_ws/install/zed_rgb_convert/share/zed_rgb_convert/environment/library_path.dsv
[0.361s] -- Up-to-date symlink: /home/roboboat/ros2_ws/install/zed_rgb_convert/share/ament_index/resource_index/package_run_dependencies/zed_rgb_convert
[0.361s] -- Up-to-date symlink: /home/roboboat/ros2_ws/install/zed_rgb_convert/share/ament_index/resource_index/parent_prefix_path/zed_rgb_convert
[0.361s] -- Up-to-date symlink: /home/roboboat/ros2_ws/install/zed_rgb_convert/share/zed_rgb_convert/environment/ament_prefix_path.sh
[0.361s] -- Up-to-date symlink: /home/roboboat/ros2_ws/install/zed_rgb_convert/share/zed_rgb_convert/environment/ament_prefix_path.dsv
[0.362s] -- Up-to-date symlink: /home/roboboat/ros2_ws/install/zed_rgb_convert/share/zed_rgb_convert/environment/path.sh
[0.362s] -- Up-to-date symlink: /home/roboboat/ros2_ws/install/zed_rgb_convert/share/zed_rgb_convert/environment/path.dsv
[0.362s] -- Up-to-date symlink: /home/roboboat/ros2_ws/install/zed_rgb_convert/share/zed_rgb_convert/local_setup.bash
[0.363s] -- Up-to-date symlink: /home/roboboat/ros2_ws/install/zed_rgb_convert/share/zed_rgb_convert/local_setup.sh
[0.363s] -- Up-to-date symlink: /home/roboboat/ros2_ws/install/zed_rgb_convert/share/zed_rgb_convert/local_setup.zsh
[0.363s] -- Up-to-date symlink: /home/roboboat/ros2_ws/install/zed_rgb_convert/share/zed_rgb_convert/local_setup.dsv
[0.364s] -- Symlinking: /home/roboboat/ros2_ws/install/zed_rgb_convert/share/zed_rgb_convert/package.dsv
[0.387s] -- Up-to-date symlink: /home/roboboat/ros2_ws/install/zed_rgb_convert/share/ament_index/resource_index/packages/zed_rgb_convert
[0.387s] -- Up-to-date symlink: /home/roboboat/ros2_ws/install/zed_rgb_convert/share/ament_index/resource_index/rclcpp_components/zed_rgb_convert
[0.388s] -- Up-to-date symlink: /home/roboboat/ros2_ws/install/zed_rgb_convert/share/zed_rgb_convert/cmake/ament_cmake_export_include_directories-extras.cmake
[0.389s] -- Up-to-date symlink: /home/roboboat/ros2_ws/install/zed_rgb_convert/share/zed_rgb_convert/cmake/ament_cmake_export_libraries-extras.cmake
[0.389s] -- Up-to-date symlink: /home/roboboat/ros2_ws/install/zed_rgb_convert/share/zed_rgb_convert/cmake/ament_cmake_export_dependencies-extras.cmake
[0.390s] -- Up-to-date symlink: /home/roboboat/ros2_ws/install/zed_rgb_convert/share/zed_rgb_convert/cmake/zed_rgb_convertConfig.cmake
[0.390s] -- Up-to-date symlink: /home/roboboat/ros2_ws/install/zed_rgb_convert/share/zed_rgb_convert/cmake/zed_rgb_convertConfig-version.cmake
[0.391s] -- Up-to-date symlink: /home/roboboat/ros2_ws/install/zed_rgb_convert/share/zed_rgb_convert/package.xml
[0.399s] Invoked command in '/home/roboboat/ros2_ws/build/zed_rgb_convert' returned '0': CMAKE_PREFIX_PATH=/home/roboboat/ros2_ws/install/zed_components:/home/roboboat/ros2_ws/install/zed_interfaces:/home/roboboat/ros2_ws/install/zed_ros2:/home/roboboat/ros2_ws/install/zed_multi_camera:/home/roboboat/ros2_ws/install/zed_display_rviz2:/home/roboboat/ros2_ws/install/zed_wrapper:/home/roboboat/ros2_ws/install/zed_tutorial_video:/home/roboboat/ros2_ws/install/zed_tutorial_pos_tracking:/home/roboboat/ros2_ws/install/zed_tutorial_depth:/home/roboboat/ros2_ws/install/zed_topic_benchmark_interfaces:/home/roboboat/ros2_ws/install/zed_rgb_convert:/home/roboboat/ros2_ws/install/rviz_plugin_zed_od:/opt/ros/foxy LD_LIBRARY_PATH=/home/roboboat/ros2_ws/install/zed_components/lib:/home/roboboat/ros2_ws/install/zed_interfaces/lib:/home/roboboat/ros2_ws/install/zed_topic_benchmark_interfaces/lib:/home/roboboat/ros2_ws/install/zed_rgb_convert/lib:/home/roboboat/ros2_ws/install/rviz_plugin_zed_od/lib:/opt/ros/foxy/opt/yaml_cpp_vendor/lib:/opt/ros/foxy/opt/rviz_ogre_vendor/lib:/opt/ros/foxy/lib/aarch64-linux-gnu:/opt/ros/foxy/lib PYTHONPATH=/home/roboboat/ros2_ws/install/zed_interfaces/lib/python3.8/site-packages:/home/roboboat/ros2_ws/install/zed_topic_benchmark_interfaces/lib/python3.8/site-packages:/opt/ros/foxy/lib/python3.8/site-packages /usr/bin/cmake --install /home/roboboat/ros2_ws/build/zed_rgb_convert
