[3.850s] DEBUG:colcon:Command line arguments: ['/usr/bin/colcon', 'build']
[3.850s] DEBUG:colcon:Parsed command line arguments: Namespace(allow_overriding=[], ament_cmake_args=None, base_paths=['.'], build_base='build', catkin_cmake_args=None, catkin_skip_building_tests=False, cmake_args=None, cmake_clean_cache=False, cmake_clean_first=False, cmake_force_configure=False, cmake_target=None, cmake_target_skip_unavailable=False, continue_on_error=False, event_handlers=None, executor='parallel', ignore_user_meta=False, install_base='install', log_base=None, log_level=None, main=<bound method BuildVerb.main of <colcon_core.verb.build.BuildVerb object at 0xffff81131ee0>>, merge_install=False, metas=['./colcon.meta'], packages_above=None, packages_above_and_dependencies=None, packages_above_depth=None, packages_end=None, packages_ignore=None, packages_ignore_regex=None, packages_select=None, packages_select_build_failed=False, packages_select_by_dep=None, packages_select_regex=None, packages_select_test_failures=False, packages_skip=None, packages_skip_build_finished=False, packages_skip_by_dep=None, packages_skip_regex=None, packages_skip_test_passed=False, packages_skip_up_to=None, packages_start=None, packages_up_to=None, packages_up_to_regex=None, parallel_workers=12, paths=None, symlink_install=False, test_result_base=None, verb_extension=<colcon_core.verb.build.BuildVerb object at 0xffff81131ee0>, verb_name='build', verb_parser=<colcon_defaults.argument_parser.defaults.DefaultArgumentsDecorator object at 0xffff80def6a0>)
[4.095s] Level 1:colcon.colcon_core.package_discovery:discover_packages(colcon_meta) check parameters
[4.095s] Level 1:colcon.colcon_core.package_discovery:discover_packages(recursive) check parameters
[4.095s] Level 1:colcon.colcon_core.package_discovery:discover_packages(ignore) check parameters
[4.095s] Level 1:colcon.colcon_core.package_discovery:discover_packages(path) check parameters
[4.095s] Level 1:colcon.colcon_core.package_discovery:discover_packages(colcon_meta) discover
[4.095s] Level 1:colcon.colcon_core.package_discovery:discover_packages(recursive) discover
[4.095s] INFO:colcon.colcon_core.package_discovery:Crawling recursively for packages in '/home/roboboat/RoboBoat_Cyber_Minority/ROS2_Imp/ros2_foxy/src/detector'
[4.096s] Level 1:colcon.colcon_core.package_identification:_identify(.) by extensions ['ignore', 'ignore_ament_install']
[4.096s] Level 1:colcon.colcon_core.package_identification:_identify(.) by extension 'ignore'
[4.096s] Level 1:colcon.colcon_core.package_identification:_identify(.) by extension 'ignore_ament_install'
[4.096s] Level 1:colcon.colcon_core.package_identification:_identify(.) by extensions ['colcon_pkg']
[4.096s] Level 1:colcon.colcon_core.package_identification:_identify(.) by extension 'colcon_pkg'
[4.096s] Level 1:colcon.colcon_core.package_identification:_identify(.) by extensions ['colcon_meta']
[4.096s] Level 1:colcon.colcon_core.package_identification:_identify(.) by extension 'colcon_meta'
[4.096s] Level 1:colcon.colcon_core.package_identification:_identify(.) by extensions ['ros']
[4.096s] Level 1:colcon.colcon_core.package_identification:_identify(.) by extension 'ros'
[4.139s] DEBUG:colcon.colcon_core.package_identification:Package '.' with type 'ros.ament_cmake' and name 'detector'
[4.139s] Level 1:colcon.colcon_core.package_discovery:discover_packages(recursive) using defaults
[4.139s] Level 1:colcon.colcon_core.package_discovery:discover_packages(ignore) discover
[4.139s] Level 1:colcon.colcon_core.package_discovery:discover_packages(ignore) using defaults
[4.139s] Level 1:colcon.colcon_core.package_discovery:discover_packages(path) discover
[4.140s] Level 1:colcon.colcon_core.package_discovery:discover_packages(path) using defaults
[4.286s] Level 1:colcon.colcon_core.package_discovery:discover_packages(prefix_path) check parameters
[4.286s] Level 1:colcon.colcon_core.package_discovery:discover_packages(prefix_path) discover
[4.340s] DEBUG:colcon.colcon_installed_package_information.package_discovery:Found 17 installed packages in /home/roboboat/ros2_ws/install
[4.357s] DEBUG:colcon.colcon_installed_package_information.package_discovery:Found 260 installed packages in /opt/ros/foxy
[4.359s] Level 1:colcon.colcon_core.package_discovery:discover_packages(prefix_path) using defaults
[4.526s] Level 5:colcon.colcon_core.verb:set package 'detector' build argument 'cmake_args' from command line to 'None'
[4.526s] Level 5:colcon.colcon_core.verb:set package 'detector' build argument 'cmake_target' from command line to 'None'
[4.526s] Level 5:colcon.colcon_core.verb:set package 'detector' build argument 'cmake_target_skip_unavailable' from command line to 'False'
[4.526s] Level 5:colcon.colcon_core.verb:set package 'detector' build argument 'cmake_clean_cache' from command line to 'False'
[4.526s] Level 5:colcon.colcon_core.verb:set package 'detector' build argument 'cmake_clean_first' from command line to 'False'
[4.526s] Level 5:colcon.colcon_core.verb:set package 'detector' build argument 'cmake_force_configure' from command line to 'False'
[4.526s] Level 5:colcon.colcon_core.verb:set package 'detector' build argument 'ament_cmake_args' from command line to 'None'
[4.526s] Level 5:colcon.colcon_core.verb:set package 'detector' build argument 'catkin_cmake_args' from command line to 'None'
[4.526s] Level 5:colcon.colcon_core.verb:set package 'detector' build argument 'catkin_skip_building_tests' from command line to 'False'
[4.526s] DEBUG:colcon.colcon_core.verb:Building package 'detector' with the following arguments: {'ament_cmake_args': None, 'build_base': '/home/roboboat/RoboBoat_Cyber_Minority/ROS2_Imp/ros2_foxy/src/detector/build/detector', 'catkin_cmake_args': None, 'catkin_skip_building_tests': False, 'cmake_args': None, 'cmake_clean_cache': False, 'cmake_clean_first': False, 'cmake_force_configure': False, 'cmake_target': None, 'cmake_target_skip_unavailable': False, 'install_base': '/home/roboboat/RoboBoat_Cyber_Minority/ROS2_Imp/ros2_foxy/src/detector/install/detector', 'merge_install': False, 'path': '/home/roboboat/RoboBoat_Cyber_Minority/ROS2_Imp/ros2_foxy/src/detector', 'symlink_install': False, 'test_result_base': None}
[4.542s] INFO:colcon.colcon_core.executor:Executing jobs using 'parallel' executor
[4.559s] DEBUG:colcon.colcon_parallel_executor.executor.parallel:run_until_complete
[4.560s] INFO:colcon.colcon_ros.task.ament_cmake.build:Building ROS package in '/home/roboboat/RoboBoat_Cyber_Minority/ROS2_Imp/ros2_foxy/src/detector' with build type 'ament_cmake'
[4.560s] INFO:colcon.colcon_cmake.task.cmake.build:Building CMake package in '/home/roboboat/RoboBoat_Cyber_Minority/ROS2_Imp/ros2_foxy/src/detector'
[4.592s] INFO:colcon.colcon_core.plugin_system:Skipping extension 'colcon_core.shell.bat': Not used on non-Windows systems
[4.592s] INFO:colcon.colcon_core.shell:Skip shell extension 'powershell' for command environment: Not usable outside of PowerShell
[4.592s] DEBUG:colcon.colcon_core.shell:Skip shell extension 'dsv' for command environment
[4.672s] DEBUG:colcon.colcon_core.event_handler.log_command:Invoking command in '/home/roboboat/RoboBoat_Cyber_Minority/ROS2_Imp/ros2_foxy/src/detector/build/detector': CMAKE_PREFIX_PATH=${CMAKE_PREFIX_PATH}:/home/roboboat/ros2_ws/install/Motorcontroller:/opt/ros/foxy /usr/bin/cmake --build /home/roboboat/RoboBoat_Cyber_Minority/ROS2_Imp/ros2_foxy/src/detector/build/detector -- -j12 -l12
[5.114s] DEBUG:colcon.colcon_core.event_handler.log_command:Invoked command in '/home/roboboat/RoboBoat_Cyber_Minority/ROS2_Imp/ros2_foxy/src/detector/build/detector' returned '2': CMAKE_PREFIX_PATH=${CMAKE_PREFIX_PATH}:/home/roboboat/ros2_ws/install/Motorcontroller:/opt/ros/foxy /usr/bin/cmake --build /home/roboboat/RoboBoat_Cyber_Minority/ROS2_Imp/ros2_foxy/src/detector/build/detector -- -j12 -l12
[5.235s] Level 1:colcon.colcon_core.environment:create_environment_scripts_only(detector)
[5.319s] Level 1:colcon.colcon_core.environment:checking '/home/roboboat/RoboBoat_Cyber_Minority/ROS2_Imp/ros2_foxy/src/detector/install/detector' for CMake module files
[5.320s] Level 1:colcon.colcon_core.environment:checking '/home/roboboat/RoboBoat_Cyber_Minority/ROS2_Imp/ros2_foxy/src/detector/install/detector' for CMake config files
[5.321s] Level 1:colcon.colcon_core.shell:create_environment_hook('detector', 'cmake_prefix_path')
[5.346s] INFO:colcon.colcon_core.shell:Creating environment hook '/home/roboboat/RoboBoat_Cyber_Minority/ROS2_Imp/ros2_foxy/src/detector/install/detector/share/detector/hook/cmake_prefix_path.ps1'
[5.369s] INFO:colcon.colcon_core.shell:Creating environment descriptor '/home/roboboat/RoboBoat_Cyber_Minority/ROS2_Imp/ros2_foxy/src/detector/install/detector/share/detector/hook/cmake_prefix_path.dsv'
[5.371s] INFO:colcon.colcon_core.shell:Creating environment hook '/home/roboboat/RoboBoat_Cyber_Minority/ROS2_Imp/ros2_foxy/src/detector/install/detector/share/detector/hook/cmake_prefix_path.sh'
[5.373s] Level 1:colcon.colcon_core.environment:checking '/home/roboboat/RoboBoat_Cyber_Minority/ROS2_Imp/ros2_foxy/src/detector/install/detector/lib'
[5.373s] Level 1:colcon.colcon_core.shell:create_environment_hook('detector', 'ld_library_path_lib')
[5.394s] INFO:colcon.colcon_core.shell:Creating environment hook '/home/roboboat/RoboBoat_Cyber_Minority/ROS2_Imp/ros2_foxy/src/detector/install/detector/share/detector/hook/ld_library_path_lib.ps1'
[5.395s] INFO:colcon.colcon_core.shell:Creating environment descriptor '/home/roboboat/RoboBoat_Cyber_Minority/ROS2_Imp/ros2_foxy/src/detector/install/detector/share/detector/hook/ld_library_path_lib.dsv'
[5.395s] INFO:colcon.colcon_core.shell:Creating environment hook '/home/roboboat/RoboBoat_Cyber_Minority/ROS2_Imp/ros2_foxy/src/detector/install/detector/share/detector/hook/ld_library_path_lib.sh'
[5.396s] Level 1:colcon.colcon_core.environment:checking '/home/roboboat/RoboBoat_Cyber_Minority/ROS2_Imp/ros2_foxy/src/detector/install/detector/bin'
[5.396s] Level 1:colcon.colcon_core.environment:checking '/home/roboboat/RoboBoat_Cyber_Minority/ROS2_Imp/ros2_foxy/src/detector/install/detector/lib/pkgconfig/detector.pc'
[5.396s] Level 1:colcon.colcon_core.environment:checking '/home/roboboat/RoboBoat_Cyber_Minority/ROS2_Imp/ros2_foxy/src/detector/install/detector/lib/python3.8/site-packages'
[5.396s] Level 1:colcon.colcon_core.shell:create_environment_hook('detector', 'pythonpath')
[5.416s] INFO:colcon.colcon_core.shell:Creating environment hook '/home/roboboat/RoboBoat_Cyber_Minority/ROS2_Imp/ros2_foxy/src/detector/install/detector/share/detector/hook/pythonpath.ps1'
[5.417s] INFO:colcon.colcon_core.shell:Creating environment descriptor '/home/roboboat/RoboBoat_Cyber_Minority/ROS2_Imp/ros2_foxy/src/detector/install/detector/share/detector/hook/pythonpath.dsv'
[5.418s] INFO:colcon.colcon_core.shell:Creating environment hook '/home/roboboat/RoboBoat_Cyber_Minority/ROS2_Imp/ros2_foxy/src/detector/install/detector/share/detector/hook/pythonpath.sh'
[5.418s] Level 1:colcon.colcon_core.environment:checking '/home/roboboat/RoboBoat_Cyber_Minority/ROS2_Imp/ros2_foxy/src/detector/install/detector/bin'
[5.435s] INFO:colcon.colcon_core.shell:Creating package script '/home/roboboat/RoboBoat_Cyber_Minority/ROS2_Imp/ros2_foxy/src/detector/install/detector/share/detector/package.ps1'
[5.437s] INFO:colcon.colcon_core.shell:Creating package descriptor '/home/roboboat/RoboBoat_Cyber_Minority/ROS2_Imp/ros2_foxy/src/detector/install/detector/share/detector/package.dsv'
[5.438s] INFO:colcon.colcon_core.shell:Creating package script '/home/roboboat/RoboBoat_Cyber_Minority/ROS2_Imp/ros2_foxy/src/detector/install/detector/share/detector/package.sh'
[5.439s] INFO:colcon.colcon_core.shell:Creating package script '/home/roboboat/RoboBoat_Cyber_Minority/ROS2_Imp/ros2_foxy/src/detector/install/detector/share/detector/package.bash'
[5.441s] INFO:colcon.colcon_core.shell:Creating package script '/home/roboboat/RoboBoat_Cyber_Minority/ROS2_Imp/ros2_foxy/src/detector/install/detector/share/detector/package.zsh'
[5.443s] Level 1:colcon.colcon_core.environment:create_file_with_runtime_dependencies(/home/roboboat/RoboBoat_Cyber_Minority/ROS2_Imp/ros2_foxy/src/detector/install/detector/share/colcon-core/packages/detector)
[5.444s] DEBUG:colcon.colcon_parallel_executor.executor.parallel:closing loop
[5.444s] DEBUG:colcon.colcon_parallel_executor.executor.parallel:loop closed
[5.444s] DEBUG:colcon.colcon_parallel_executor.executor.parallel:run_until_complete finished with '2'
[5.444s] DEBUG:colcon.colcon_core.event_reactor:joining thread
[5.522s] INFO:colcon.colcon_core.plugin_system:Skipping extension 'colcon_notification.desktop_notification.terminal_notifier': Not used on non-Darwin systems
[5.522s] INFO:colcon.colcon_core.plugin_system:Skipping extension 'colcon_notification.desktop_notification.win32': Not used on non-Windows systems
[5.522s] INFO:colcon.colcon_notification.desktop_notification:Sending desktop notification using 'notify2'
[5.586s] DEBUG:colcon.colcon_core.event_reactor:joined thread
[5.606s] INFO:colcon.colcon_core.shell:Creating prefix script '/home/roboboat/RoboBoat_Cyber_Minority/ROS2_Imp/ros2_foxy/src/detector/install/local_setup.ps1'
[5.608s] INFO:colcon.colcon_core.shell:Creating prefix util module '/home/roboboat/RoboBoat_Cyber_Minority/ROS2_Imp/ros2_foxy/src/detector/install/_local_setup_util_ps1.py'
[5.610s] INFO:colcon.colcon_core.shell:Creating prefix chain script '/home/roboboat/RoboBoat_Cyber_Minority/ROS2_Imp/ros2_foxy/src/detector/install/setup.ps1'
[5.638s] INFO:colcon.colcon_core.shell:Creating prefix script '/home/roboboat/RoboBoat_Cyber_Minority/ROS2_Imp/ros2_foxy/src/detector/install/local_setup.sh'
[5.639s] INFO:colcon.colcon_core.shell:Creating prefix util module '/home/roboboat/RoboBoat_Cyber_Minority/ROS2_Imp/ros2_foxy/src/detector/install/_local_setup_util_sh.py'
[5.639s] INFO:colcon.colcon_core.shell:Creating prefix chain script '/home/roboboat/RoboBoat_Cyber_Minority/ROS2_Imp/ros2_foxy/src/detector/install/setup.sh'
[5.665s] INFO:colcon.colcon_core.shell:Creating prefix script '/home/roboboat/RoboBoat_Cyber_Minority/ROS2_Imp/ros2_foxy/src/detector/install/local_setup.bash'
[5.666s] INFO:colcon.colcon_core.shell:Creating prefix chain script '/home/roboboat/RoboBoat_Cyber_Minority/ROS2_Imp/ros2_foxy/src/detector/install/setup.bash'
[5.691s] INFO:colcon.colcon_core.shell:Creating prefix script '/home/roboboat/RoboBoat_Cyber_Minority/ROS2_Imp/ros2_foxy/src/detector/install/local_setup.zsh'
[5.692s] INFO:colcon.colcon_core.shell:Creating prefix chain script '/home/roboboat/RoboBoat_Cyber_Minority/ROS2_Imp/ros2_foxy/src/detector/install/setup.zsh'
