[0.114s] Invoking command in '/home/roboboat/RoboBoat_Cyber_Minority/ROS2_Imp/ros2_foxy/build/vectornav_msgs': CMAKE_PREFIX_PATH=${CMAKE_PREFIX_PATH}:/opt/ros/foxy /usr/bin/cmake --build /home/roboboat/RoboBoat_Cyber_Minority/ROS2_Imp/ros2_foxy/build/vectornav_msgs -- -j12 -l12
[0.157s] -- Found ament_cmake: 0.9.12 (/opt/ros/foxy/share/ament_cmake/cmake)
[0.190s] -- Found PythonInterp: /usr/bin/python3 (found suitable version "3.8.10", minimum required is "3") 
[0.190s] -- Using PYTHON_EXECUTABLE: /usr/bin/python3
[0.477s] -- Found geometry_msgs: 2.0.5 (/opt/ros/foxy/share/geometry_msgs/cmake)
[0.505s] -- Using all available rosidl_typesupport_c: rosidl_typesupport_fastrtps_c;rosidl_typesupport_introspection_c
[0.509s] -- Found rosidl_adapter: 1.3.1 (/opt/ros/foxy/share/rosidl_adapter/cmake)
[0.675s] -- Using all available rosidl_typesupport_cpp: rosidl_typesupport_fastrtps_cpp;rosidl_typesupport_introspection_cpp
[0.776s] -- Found rosidl_default_generators: 1.0.1 (/opt/ros/foxy/share/rosidl_default_generators/cmake)
[0.787s] Grabbing messages action/MagCal.action
[0.824s] -- Found PythonInterp: /usr/bin/python3 (found version "3.8.10") 
[1.231s] -- Found ament_cmake_ros: 0.9.2 (/opt/ros/foxy/share/ament_cmake_ros/cmake)
[1.577s] -- Using all available rosidl_typesupport_c: rosidl_typesupport_fastrtps_c;rosidl_typesupport_introspection_c
[1.742s] -- Using all available rosidl_typesupport_cpp: rosidl_typesupport_fastrtps_cpp;rosidl_typesupport_introspection_cpp
[1.786s] -- Found PythonInterp: /usr/bin/python3 (found suitable version "3.8.10", minimum required is "3.5") 
[1.786s] -- Found python_cmake_module: 0.8.1 (/opt/ros/foxy/share/python_cmake_module/cmake)
[1.823s] -- Using PYTHON_EXECUTABLE: /usr/bin/python3
[1.823s] -- Using PYTHON_INCLUDE_DIRS: /usr/include/python3.8
[1.823s] -- Using PYTHON_LIBRARIES: /usr/lib/aarch64-linux-gnu/libpython3.8.so
[1.919s] -- Configuring done
[2.041s] -- Generating done
[2.046s] -- Build files have been written to: /home/roboboat/RoboBoat_Cyber_Minority/ROS2_Imp/ros2_foxy/build/vectornav_msgs
[2.122s] [  0%] Built target vectornav_msgs__cpp
[2.122s] [ 12%] Built target vectornav_msgs__rosidl_generator_c
[2.159s] [ 48%] Built target vectornav_msgs__rosidl_typesupport_c
[2.159s] [ 46%] Built target vectornav_msgs__rosidl_typesupport_introspection_cpp
[2.160s] [ 48%] Built target vectornav_msgs__rosidl_typesupport_cpp
[2.163s] [ 60%] Built target vectornav_msgs__rosidl_typesupport_introspection_c
[2.164s] [ 71%] Built target vectornav_msgs__rosidl_typesupport_fastrtps_cpp
[2.217s] [ 83%] Built target vectornav_msgs__rosidl_typesupport_fastrtps_c
[2.251s] [ 83%] Built target vectornav_msgs
[2.288s] [ 84%] Built target vectornav_msgs__py
[2.345s] [ 95%] Built target vectornav_msgs__python
[2.387s] [ 99%] Built target vectornav_msgs__rosidl_typesupport_c__pyext
[2.387s] [100%] Built target vectornav_msgs__rosidl_typesupport_introspection_c__pyext
[2.388s] [100%] Built target vectornav_msgs__rosidl_typesupport_fastrtps_c__pyext
[2.413s] Invoked command in '/home/roboboat/RoboBoat_Cyber_Minority/ROS2_Imp/ros2_foxy/build/vectornav_msgs' returned '0': CMAKE_PREFIX_PATH=${CMAKE_PREFIX_PATH}:/opt/ros/foxy /usr/bin/cmake --build /home/roboboat/RoboBoat_Cyber_Minority/ROS2_Imp/ros2_foxy/build/vectornav_msgs -- -j12 -l12
[2.694s] Invoking command in '/home/roboboat/RoboBoat_Cyber_Minority/ROS2_Imp/ros2_foxy/build/vectornav_msgs': CMAKE_PREFIX_PATH=${CMAKE_PREFIX_PATH}:/opt/ros/foxy /usr/bin/cmake --install /home/roboboat/RoboBoat_Cyber_Minority/ROS2_Imp/ros2_foxy/build/vectornav_msgs
[2.711s] -- Install configuration: ""
[2.711s] -- Up-to-date: /home/roboboat/RoboBoat_Cyber_Minority/ROS2_Imp/ros2_foxy/install/vectornav_msgs/share/ament_index/resource_index/rosidl_interfaces/vectornav_msgs
[2.711s] -- Up-to-date: /home/roboboat/RoboBoat_Cyber_Minority/ROS2_Imp/ros2_foxy/install/vectornav_msgs/include/vectornav_msgs
[2.711s] -- Up-to-date: /home/roboboat/RoboBoat_Cyber_Minority/ROS2_Imp/ros2_foxy/install/vectornav_msgs/include/vectornav_msgs/action
[2.712s] -- Up-to-date: /home/roboboat/RoboBoat_Cyber_Minority/ROS2_Imp/ros2_foxy/install/vectornav_msgs/include/vectornav_msgs/action/mag_cal.h
[2.712s] -- Up-to-date: /home/roboboat/RoboBoat_Cyber_Minority/ROS2_Imp/ros2_foxy/install/vectornav_msgs/include/vectornav_msgs/action/detail
[2.712s] -- Up-to-date: /home/roboboat/RoboBoat_Cyber_Minority/ROS2_Imp/ros2_foxy/install/vectornav_msgs/include/vectornav_msgs/action/detail/mag_cal__functions.c
[2.712s] -- Up-to-date: /home/roboboat/RoboBoat_Cyber_Minority/ROS2_Imp/ros2_foxy/install/vectornav_msgs/include/vectornav_msgs/action/detail/mag_cal__type_support.h
[2.712s] -- Up-to-date: /home/roboboat/RoboBoat_Cyber_Minority/ROS2_Imp/ros2_foxy/install/vectornav_msgs/include/vectornav_msgs/action/detail/mag_cal__functions.h
[2.713s] -- Up-to-date: /home/roboboat/RoboBoat_Cyber_Minority/ROS2_Imp/ros2_foxy/install/vectornav_msgs/include/vectornav_msgs/action/detail/mag_cal__struct.h
[2.713s] -- Up-to-date: /home/roboboat/RoboBoat_Cyber_Minority/ROS2_Imp/ros2_foxy/install/vectornav_msgs/include/vectornav_msgs/msg
[2.713s] -- Up-to-date: /home/roboboat/RoboBoat_Cyber_Minority/ROS2_Imp/ros2_foxy/install/vectornav_msgs/include/vectornav_msgs/msg/ins_group.h
[2.713s] -- Up-to-date: /home/roboboat/RoboBoat_Cyber_Minority/ROS2_Imp/ros2_foxy/install/vectornav_msgs/include/vectornav_msgs/msg/imu_group.h
[2.713s] -- Up-to-date: /home/roboboat/RoboBoat_Cyber_Minority/ROS2_Imp/ros2_foxy/install/vectornav_msgs/include/vectornav_msgs/msg/dop.h
[2.713s] -- Up-to-date: /home/roboboat/RoboBoat_Cyber_Minority/ROS2_Imp/ros2_foxy/install/vectornav_msgs/include/vectornav_msgs/msg/vpe_status.h
[2.713s] -- Up-to-date: /home/roboboat/RoboBoat_Cyber_Minority/ROS2_Imp/ros2_foxy/install/vectornav_msgs/include/vectornav_msgs/msg/time_group.h
[2.713s] -- Up-to-date: /home/roboboat/RoboBoat_Cyber_Minority/ROS2_Imp/ros2_foxy/install/vectornav_msgs/include/vectornav_msgs/msg/common_group.h
[2.714s] -- Up-to-date: /home/roboboat/RoboBoat_Cyber_Minority/ROS2_Imp/ros2_foxy/install/vectornav_msgs/include/vectornav_msgs/msg/time_utc.h
[2.714s] -- Up-to-date: /home/roboboat/RoboBoat_Cyber_Minority/ROS2_Imp/ros2_foxy/install/vectornav_msgs/include/vectornav_msgs/msg/detail
[2.714s] -- Up-to-date: /home/roboboat/RoboBoat_Cyber_Minority/ROS2_Imp/ros2_foxy/install/vectornav_msgs/include/vectornav_msgs/msg/detail/gps_group__functions.c
[2.714s] -- Up-to-date: /home/roboboat/RoboBoat_Cyber_Minority/ROS2_Imp/ros2_foxy/install/vectornav_msgs/include/vectornav_msgs/msg/detail/time_utc__functions.h
[2.714s] -- Up-to-date: /home/roboboat/RoboBoat_Cyber_Minority/ROS2_Imp/ros2_foxy/install/vectornav_msgs/include/vectornav_msgs/msg/detail/dop__type_support.h
[2.714s] -- Up-to-date: /home/roboboat/RoboBoat_Cyber_Minority/ROS2_Imp/ros2_foxy/install/vectornav_msgs/include/vectornav_msgs/msg/detail/time_status__struct.h
[2.714s] -- Up-to-date: /home/roboboat/RoboBoat_Cyber_Minority/ROS2_Imp/ros2_foxy/install/vectornav_msgs/include/vectornav_msgs/msg/detail/vpe_status__struct.h
[2.715s] -- Up-to-date: /home/roboboat/RoboBoat_Cyber_Minority/ROS2_Imp/ros2_foxy/install/vectornav_msgs/include/vectornav_msgs/msg/detail/time_utc__struct.h
[2.715s] -- Up-to-date: /home/roboboat/RoboBoat_Cyber_Minority/ROS2_Imp/ros2_foxy/install/vectornav_msgs/include/vectornav_msgs/msg/detail/attitude_group__functions.c
[2.715s] -- Up-to-date: /home/roboboat/RoboBoat_Cyber_Minority/ROS2_Imp/ros2_foxy/install/vectornav_msgs/include/vectornav_msgs/msg/detail/vpe_status__functions.h
[2.715s] -- Up-to-date: /home/roboboat/RoboBoat_Cyber_Minority/ROS2_Imp/ros2_foxy/install/vectornav_msgs/include/vectornav_msgs/msg/detail/attitude_group__struct.h
[2.715s] -- Up-to-date: /home/roboboat/RoboBoat_Cyber_Minority/ROS2_Imp/ros2_foxy/install/vectornav_msgs/include/vectornav_msgs/msg/detail/ins_status__struct.h
[2.715s] -- Up-to-date: /home/roboboat/RoboBoat_Cyber_Minority/ROS2_Imp/ros2_foxy/install/vectornav_msgs/include/vectornav_msgs/msg/detail/time_status__type_support.h
[2.715s] -- Up-to-date: /home/roboboat/RoboBoat_Cyber_Minority/ROS2_Imp/ros2_foxy/install/vectornav_msgs/include/vectornav_msgs/msg/detail/ins_group__type_support.h
[2.716s] -- Up-to-date: /home/roboboat/RoboBoat_Cyber_Minority/ROS2_Imp/ros2_foxy/install/vectornav_msgs/include/vectornav_msgs/msg/detail/time_status__functions.c
[2.716s] -- Up-to-date: /home/roboboat/RoboBoat_Cyber_Minority/ROS2_Imp/ros2_foxy/install/vectornav_msgs/include/vectornav_msgs/msg/detail/imu_group__struct.h
[2.716s] -- Up-to-date: /home/roboboat/RoboBoat_Cyber_Minority/ROS2_Imp/ros2_foxy/install/vectornav_msgs/include/vectornav_msgs/msg/detail/time_utc__functions.c
[2.716s] -- Up-to-date: /home/roboboat/RoboBoat_Cyber_Minority/ROS2_Imp/ros2_foxy/install/vectornav_msgs/include/vectornav_msgs/msg/detail/attitude_group__type_support.h
[2.716s] -- Up-to-date: /home/roboboat/RoboBoat_Cyber_Minority/ROS2_Imp/ros2_foxy/install/vectornav_msgs/include/vectornav_msgs/msg/detail/ins_group__functions.c
[2.716s] -- Up-to-date: /home/roboboat/RoboBoat_Cyber_Minority/ROS2_Imp/ros2_foxy/install/vectornav_msgs/include/vectornav_msgs/msg/detail/common_group__struct.h
[2.716s] -- Up-to-date: /home/roboboat/RoboBoat_Cyber_Minority/ROS2_Imp/ros2_foxy/install/vectornav_msgs/include/vectornav_msgs/msg/detail/ins_group__struct.h
[2.716s] -- Up-to-date: /home/roboboat/RoboBoat_Cyber_Minority/ROS2_Imp/ros2_foxy/install/vectornav_msgs/include/vectornav_msgs/msg/detail/imu_group__functions.c
[2.717s] -- Up-to-date: /home/roboboat/RoboBoat_Cyber_Minority/ROS2_Imp/ros2_foxy/install/vectornav_msgs/include/vectornav_msgs/msg/detail/time_group__type_support.h
[2.717s] -- Up-to-date: /home/roboboat/RoboBoat_Cyber_Minority/ROS2_Imp/ros2_foxy/install/vectornav_msgs/include/vectornav_msgs/msg/detail/time_group__functions.c
[2.717s] -- Up-to-date: /home/roboboat/RoboBoat_Cyber_Minority/ROS2_Imp/ros2_foxy/install/vectornav_msgs/include/vectornav_msgs/msg/detail/ins_status__functions.c
[2.717s] -- Up-to-date: /home/roboboat/RoboBoat_Cyber_Minority/ROS2_Imp/ros2_foxy/install/vectornav_msgs/include/vectornav_msgs/msg/detail/time_group__struct.h
[2.718s] -- Up-to-date: /home/roboboat/RoboBoat_Cyber_Minority/ROS2_Imp/ros2_foxy/install/vectornav_msgs/include/vectornav_msgs/msg/detail/time_group__functions.h
[2.718s] -- Up-to-date: /home/roboboat/RoboBoat_Cyber_Minority/ROS2_Imp/ros2_foxy/install/vectornav_msgs/include/vectornav_msgs/msg/detail/dop__functions.h
[2.718s] -- Up-to-date: /home/roboboat/RoboBoat_Cyber_Minority/ROS2_Imp/ros2_foxy/install/vectornav_msgs/include/vectornav_msgs/msg/detail/common_group__functions.h
[2.718s] -- Up-to-date: /home/roboboat/RoboBoat_Cyber_Minority/ROS2_Imp/ros2_foxy/install/vectornav_msgs/include/vectornav_msgs/msg/detail/gps_group__struct.h
[2.718s] -- Up-to-date: /home/roboboat/RoboBoat_Cyber_Minority/ROS2_Imp/ros2_foxy/install/vectornav_msgs/include/vectornav_msgs/msg/detail/time_status__functions.h
[2.718s] -- Up-to-date: /home/roboboat/RoboBoat_Cyber_Minority/ROS2_Imp/ros2_foxy/install/vectornav_msgs/include/vectornav_msgs/msg/detail/ins_status__type_support.h
[2.718s] -- Up-to-date: /home/roboboat/RoboBoat_Cyber_Minority/ROS2_Imp/ros2_foxy/install/vectornav_msgs/include/vectornav_msgs/msg/detail/vpe_status__type_support.h
[2.718s] -- Up-to-date: /home/roboboat/RoboBoat_Cyber_Minority/ROS2_Imp/ros2_foxy/install/vectornav_msgs/include/vectornav_msgs/msg/detail/time_utc__type_support.h
[2.718s] -- Up-to-date: /home/roboboat/RoboBoat_Cyber_Minority/ROS2_Imp/ros2_foxy/install/vectornav_msgs/include/vectornav_msgs/msg/detail/gps_group__type_support.h
[2.719s] -- Up-to-date: /home/roboboat/RoboBoat_Cyber_Minority/ROS2_Imp/ros2_foxy/install/vectornav_msgs/include/vectornav_msgs/msg/detail/ins_status__functions.h
[2.719s] -- Up-to-date: /home/roboboat/RoboBoat_Cyber_Minority/ROS2_Imp/ros2_foxy/install/vectornav_msgs/include/vectornav_msgs/msg/detail/imu_group__type_support.h
[2.719s] -- Up-to-date: /home/roboboat/RoboBoat_Cyber_Minority/ROS2_Imp/ros2_foxy/install/vectornav_msgs/include/vectornav_msgs/msg/detail/common_group__functions.c
[2.719s] -- Up-to-date: /home/roboboat/RoboBoat_Cyber_Minority/ROS2_Imp/ros2_foxy/install/vectornav_msgs/include/vectornav_msgs/msg/detail/imu_group__functions.h
[2.719s] -- Up-to-date: /home/roboboat/RoboBoat_Cyber_Minority/ROS2_Imp/ros2_foxy/install/vectornav_msgs/include/vectornav_msgs/msg/detail/dop__functions.c
[2.720s] -- Up-to-date: /home/roboboat/RoboBoat_Cyber_Minority/ROS2_Imp/ros2_foxy/install/vectornav_msgs/include/vectornav_msgs/msg/detail/vpe_status__functions.c
[2.720s] -- Up-to-date: /home/roboboat/RoboBoat_Cyber_Minority/ROS2_Imp/ros2_foxy/install/vectornav_msgs/include/vectornav_msgs/msg/detail/attitude_group__functions.h
[2.720s] -- Up-to-date: /home/roboboat/RoboBoat_Cyber_Minority/ROS2_Imp/ros2_foxy/install/vectornav_msgs/include/vectornav_msgs/msg/detail/dop__struct.h
[2.720s] -- Up-to-date: /home/roboboat/RoboBoat_Cyber_Minority/ROS2_Imp/ros2_foxy/install/vectornav_msgs/include/vectornav_msgs/msg/detail/gps_group__functions.h
[2.721s] -- Up-to-date: /home/roboboat/RoboBoat_Cyber_Minority/ROS2_Imp/ros2_foxy/install/vectornav_msgs/include/vectornav_msgs/msg/detail/common_group__type_support.h
[2.721s] -- Up-to-date: /home/roboboat/RoboBoat_Cyber_Minority/ROS2_Imp/ros2_foxy/install/vectornav_msgs/include/vectornav_msgs/msg/detail/ins_group__functions.h
[2.721s] -- Up-to-date: /home/roboboat/RoboBoat_Cyber_Minority/ROS2_Imp/ros2_foxy/install/vectornav_msgs/include/vectornav_msgs/msg/attitude_group.h
[2.721s] -- Up-to-date: /home/roboboat/RoboBoat_Cyber_Minority/ROS2_Imp/ros2_foxy/install/vectornav_msgs/include/vectornav_msgs/msg/time_status.h
[2.721s] -- Up-to-date: /home/roboboat/RoboBoat_Cyber_Minority/ROS2_Imp/ros2_foxy/install/vectornav_msgs/include/vectornav_msgs/msg/ins_status.h
[2.722s] -- Up-to-date: /home/roboboat/RoboBoat_Cyber_Minority/ROS2_Imp/ros2_foxy/install/vectornav_msgs/include/vectornav_msgs/msg/gps_group.h
[2.722s] -- Up-to-date: /home/roboboat/RoboBoat_Cyber_Minority/ROS2_Imp/ros2_foxy/install/vectornav_msgs/include/vectornav_msgs/msg/rosidl_generator_c__visibility_control.h
[2.722s] -- Up-to-date: /home/roboboat/RoboBoat_Cyber_Minority/ROS2_Imp/ros2_foxy/install/vectornav_msgs/share/vectornav_msgs/environment/library_path.sh
[2.722s] -- Installing: /home/roboboat/RoboBoat_Cyber_Minority/ROS2_Imp/ros2_foxy/install/vectornav_msgs/share/vectornav_msgs/environment/library_path.dsv
[2.722s] -- Up-to-date: /home/roboboat/RoboBoat_Cyber_Minority/ROS2_Imp/ros2_foxy/install/vectornav_msgs/lib/libvectornav_msgs__rosidl_generator_c.so
[2.722s] -- Up-to-date: /home/roboboat/RoboBoat_Cyber_Minority/ROS2_Imp/ros2_foxy/install/vectornav_msgs/include/vectornav_msgs
[2.723s] -- Up-to-date: /home/roboboat/RoboBoat_Cyber_Minority/ROS2_Imp/ros2_foxy/install/vectornav_msgs/include/vectornav_msgs/action
[2.723s] -- Up-to-date: /home/roboboat/RoboBoat_Cyber_Minority/ROS2_Imp/ros2_foxy/install/vectornav_msgs/include/vectornav_msgs/action/detail
[2.723s] -- Up-to-date: /home/roboboat/RoboBoat_Cyber_Minority/ROS2_Imp/ros2_foxy/install/vectornav_msgs/include/vectornav_msgs/action/detail/mag_cal__rosidl_typesupport_fastrtps_c.h
[2.723s] -- Up-to-date: /home/roboboat/RoboBoat_Cyber_Minority/ROS2_Imp/ros2_foxy/install/vectornav_msgs/include/vectornav_msgs/msg
[2.723s] -- Up-to-date: /home/roboboat/RoboBoat_Cyber_Minority/ROS2_Imp/ros2_foxy/install/vectornav_msgs/include/vectornav_msgs/msg/detail
[2.723s] -- Up-to-date: /home/roboboat/RoboBoat_Cyber_Minority/ROS2_Imp/ros2_foxy/install/vectornav_msgs/include/vectornav_msgs/msg/detail/ins_group__rosidl_typesupport_fastrtps_c.h
[2.723s] -- Up-to-date: /home/roboboat/RoboBoat_Cyber_Minority/ROS2_Imp/ros2_foxy/install/vectornav_msgs/include/vectornav_msgs/msg/detail/time_group__rosidl_typesupport_fastrtps_c.h
[2.723s] -- Up-to-date: /home/roboboat/RoboBoat_Cyber_Minority/ROS2_Imp/ros2_foxy/install/vectornav_msgs/include/vectornav_msgs/msg/detail/imu_group__rosidl_typesupport_fastrtps_c.h
[2.724s] -- Up-to-date: /home/roboboat/RoboBoat_Cyber_Minority/ROS2_Imp/ros2_foxy/install/vectornav_msgs/include/vectornav_msgs/msg/detail/gps_group__rosidl_typesupport_fastrtps_c.h
[2.724s] -- Up-to-date: /home/roboboat/RoboBoat_Cyber_Minority/ROS2_Imp/ros2_foxy/install/vectornav_msgs/include/vectornav_msgs/msg/detail/common_group__rosidl_typesupport_fastrtps_c.h
[2.724s] -- Up-to-date: /home/roboboat/RoboBoat_Cyber_Minority/ROS2_Imp/ros2_foxy/install/vectornav_msgs/include/vectornav_msgs/msg/detail/vpe_status__rosidl_typesupport_fastrtps_c.h
[2.724s] -- Up-to-date: /home/roboboat/RoboBoat_Cyber_Minority/ROS2_Imp/ros2_foxy/install/vectornav_msgs/include/vectornav_msgs/msg/detail/time_status__rosidl_typesupport_fastrtps_c.h
[2.724s] -- Up-to-date: /home/roboboat/RoboBoat_Cyber_Minority/ROS2_Imp/ros2_foxy/install/vectornav_msgs/include/vectornav_msgs/msg/detail/ins_status__rosidl_typesupport_fastrtps_c.h
[2.724s] -- Up-to-date: /home/roboboat/RoboBoat_Cyber_Minority/ROS2_Imp/ros2_foxy/install/vectornav_msgs/include/vectornav_msgs/msg/detail/time_utc__rosidl_typesupport_fastrtps_c.h
[2.724s] -- Up-to-date: /home/roboboat/RoboBoat_Cyber_Minority/ROS2_Imp/ros2_foxy/install/vectornav_msgs/include/vectornav_msgs/msg/detail/attitude_group__rosidl_typesupport_fastrtps_c.h
[2.724s] -- Up-to-date: /home/roboboat/RoboBoat_Cyber_Minority/ROS2_Imp/ros2_foxy/install/vectornav_msgs/include/vectornav_msgs/msg/detail/dop__rosidl_typesupport_fastrtps_c.h
[2.724s] -- Up-to-date: /home/roboboat/RoboBoat_Cyber_Minority/ROS2_Imp/ros2_foxy/install/vectornav_msgs/include/vectornav_msgs/msg/rosidl_typesupport_fastrtps_c__visibility_control.h
[2.725s] -- Up-to-date: /home/roboboat/RoboBoat_Cyber_Minority/ROS2_Imp/ros2_foxy/install/vectornav_msgs/lib/libvectornav_msgs__rosidl_typesupport_fastrtps_c.so
[2.725s] -- Up-to-date: /home/roboboat/RoboBoat_Cyber_Minority/ROS2_Imp/ros2_foxy/install/vectornav_msgs/include/vectornav_msgs
[2.725s] -- Up-to-date: /home/roboboat/RoboBoat_Cyber_Minority/ROS2_Imp/ros2_foxy/install/vectornav_msgs/include/vectornav_msgs/action
[2.725s] -- Up-to-date: /home/roboboat/RoboBoat_Cyber_Minority/ROS2_Imp/ros2_foxy/install/vectornav_msgs/include/vectornav_msgs/action/detail
[2.725s] -- Up-to-date: /home/roboboat/RoboBoat_Cyber_Minority/ROS2_Imp/ros2_foxy/install/vectornav_msgs/include/vectornav_msgs/action/detail/mag_cal__rosidl_typesupport_fastrtps_cpp.hpp
[2.726s] -- Up-to-date: /home/roboboat/RoboBoat_Cyber_Minority/ROS2_Imp/ros2_foxy/install/vectornav_msgs/include/vectornav_msgs/action/detail/dds_fastrtps
[2.726s] -- Up-to-date: /home/roboboat/RoboBoat_Cyber_Minority/ROS2_Imp/ros2_foxy/install/vectornav_msgs/include/vectornav_msgs/msg
[2.726s] -- Up-to-date: /home/roboboat/RoboBoat_Cyber_Minority/ROS2_Imp/ros2_foxy/install/vectornav_msgs/include/vectornav_msgs/msg/detail
[2.726s] -- Up-to-date: /home/roboboat/RoboBoat_Cyber_Minority/ROS2_Imp/ros2_foxy/install/vectornav_msgs/include/vectornav_msgs/msg/detail/time_utc__rosidl_typesupport_fastrtps_cpp.hpp
[2.726s] -- Up-to-date: /home/roboboat/RoboBoat_Cyber_Minority/ROS2_Imp/ros2_foxy/install/vectornav_msgs/include/vectornav_msgs/msg/detail/ins_status__rosidl_typesupport_fastrtps_cpp.hpp
[2.726s] -- Up-to-date: /home/roboboat/RoboBoat_Cyber_Minority/ROS2_Imp/ros2_foxy/install/vectornav_msgs/include/vectornav_msgs/msg/detail/dds_fastrtps
[2.726s] -- Up-to-date: /home/roboboat/RoboBoat_Cyber_Minority/ROS2_Imp/ros2_foxy/install/vectornav_msgs/include/vectornav_msgs/msg/detail/vpe_status__rosidl_typesupport_fastrtps_cpp.hpp
[2.726s] -- Up-to-date: /home/roboboat/RoboBoat_Cyber_Minority/ROS2_Imp/ros2_foxy/install/vectornav_msgs/include/vectornav_msgs/msg/detail/imu_group__rosidl_typesupport_fastrtps_cpp.hpp
[2.727s] -- Up-to-date: /home/roboboat/RoboBoat_Cyber_Minority/ROS2_Imp/ros2_foxy/install/vectornav_msgs/include/vectornav_msgs/msg/detail/dop__rosidl_typesupport_fastrtps_cpp.hpp
[2.727s] -- Up-to-date: /home/roboboat/RoboBoat_Cyber_Minority/ROS2_Imp/ros2_foxy/install/vectornav_msgs/include/vectornav_msgs/msg/detail/ins_group__rosidl_typesupport_fastrtps_cpp.hpp
[2.727s] -- Up-to-date: /home/roboboat/RoboBoat_Cyber_Minority/ROS2_Imp/ros2_foxy/install/vectornav_msgs/include/vectornav_msgs/msg/detail/time_group__rosidl_typesupport_fastrtps_cpp.hpp
[2.727s] -- Up-to-date: /home/roboboat/RoboBoat_Cyber_Minority/ROS2_Imp/ros2_foxy/install/vectornav_msgs/include/vectornav_msgs/msg/detail/attitude_group__rosidl_typesupport_fastrtps_cpp.hpp
[2.727s] -- Up-to-date: /home/roboboat/RoboBoat_Cyber_Minority/ROS2_Imp/ros2_foxy/install/vectornav_msgs/include/vectornav_msgs/msg/detail/time_status__rosidl_typesupport_fastrtps_cpp.hpp
[2.727s] -- Up-to-date: /home/roboboat/RoboBoat_Cyber_Minority/ROS2_Imp/ros2_foxy/install/vectornav_msgs/include/vectornav_msgs/msg/detail/common_group__rosidl_typesupport_fastrtps_cpp.hpp
[2.727s] -- Up-to-date: /home/roboboat/RoboBoat_Cyber_Minority/ROS2_Imp/ros2_foxy/install/vectornav_msgs/include/vectornav_msgs/msg/detail/gps_group__rosidl_typesupport_fastrtps_cpp.hpp
[2.727s] -- Up-to-date: /home/roboboat/RoboBoat_Cyber_Minority/ROS2_Imp/ros2_foxy/install/vectornav_msgs/include/vectornav_msgs/msg/rosidl_typesupport_fastrtps_cpp__visibility_control.h
[2.727s] -- Up-to-date: /home/roboboat/RoboBoat_Cyber_Minority/ROS2_Imp/ros2_foxy/install/vectornav_msgs/lib/libvectornav_msgs__rosidl_typesupport_fastrtps_cpp.so
[2.728s] -- Up-to-date: /home/roboboat/RoboBoat_Cyber_Minority/ROS2_Imp/ros2_foxy/install/vectornav_msgs/include/vectornav_msgs
[2.728s] -- Up-to-date: /home/roboboat/RoboBoat_Cyber_Minority/ROS2_Imp/ros2_foxy/install/vectornav_msgs/include/vectornav_msgs/action
[2.728s] -- Up-to-date: /home/roboboat/RoboBoat_Cyber_Minority/ROS2_Imp/ros2_foxy/install/vectornav_msgs/include/vectornav_msgs/action/detail
[2.728s] -- Up-to-date: /home/roboboat/RoboBoat_Cyber_Minority/ROS2_Imp/ros2_foxy/install/vectornav_msgs/include/vectornav_msgs/action/detail/mag_cal__type_support.c
[2.728s] -- Up-to-date: /home/roboboat/RoboBoat_Cyber_Minority/ROS2_Imp/ros2_foxy/install/vectornav_msgs/include/vectornav_msgs/action/detail/mag_cal__rosidl_typesupport_introspection_c.h
[2.728s] -- Up-to-date: /home/roboboat/RoboBoat_Cyber_Minority/ROS2_Imp/ros2_foxy/install/vectornav_msgs/include/vectornav_msgs/msg
[2.728s] -- Up-to-date: /home/roboboat/RoboBoat_Cyber_Minority/ROS2_Imp/ros2_foxy/install/vectornav_msgs/include/vectornav_msgs/msg/rosidl_typesupport_introspection_c__visibility_control.h
[2.728s] -- Up-to-date: /home/roboboat/RoboBoat_Cyber_Minority/ROS2_Imp/ros2_foxy/install/vectornav_msgs/include/vectornav_msgs/msg/detail
[2.729s] -- Up-to-date: /home/roboboat/RoboBoat_Cyber_Minority/ROS2_Imp/ros2_foxy/install/vectornav_msgs/include/vectornav_msgs/msg/detail/dop__type_support.c
[2.729s] -- Up-to-date: /home/roboboat/RoboBoat_Cyber_Minority/ROS2_Imp/ros2_foxy/install/vectornav_msgs/include/vectornav_msgs/msg/detail/dop__rosidl_typesupport_introspection_c.h
[2.729s] -- Up-to-date: /home/roboboat/RoboBoat_Cyber_Minority/ROS2_Imp/ros2_foxy/install/vectornav_msgs/include/vectornav_msgs/msg/detail/ins_status__rosidl_typesupport_introspection_c.h
[2.729s] -- Up-to-date: /home/roboboat/RoboBoat_Cyber_Minority/ROS2_Imp/ros2_foxy/install/vectornav_msgs/include/vectornav_msgs/msg/detail/common_group__type_support.c
[2.729s] -- Up-to-date: /home/roboboat/RoboBoat_Cyber_Minority/ROS2_Imp/ros2_foxy/install/vectornav_msgs/include/vectornav_msgs/msg/detail/imu_group__type_support.c
[2.729s] -- Up-to-date: /home/roboboat/RoboBoat_Cyber_Minority/ROS2_Imp/ros2_foxy/install/vectornav_msgs/include/vectornav_msgs/msg/detail/time_status__type_support.c
[2.729s] -- Up-to-date: /home/roboboat/RoboBoat_Cyber_Minority/ROS2_Imp/ros2_foxy/install/vectornav_msgs/include/vectornav_msgs/msg/detail/time_group__type_support.c
[2.729s] -- Up-to-date: /home/roboboat/RoboBoat_Cyber_Minority/ROS2_Imp/ros2_foxy/install/vectornav_msgs/include/vectornav_msgs/msg/detail/imu_group__rosidl_typesupport_introspection_c.h
[2.730s] -- Up-to-date: /home/roboboat/RoboBoat_Cyber_Minority/ROS2_Imp/ros2_foxy/install/vectornav_msgs/include/vectornav_msgs/msg/detail/attitude_group__type_support.c
[2.730s] -- Up-to-date: /home/roboboat/RoboBoat_Cyber_Minority/ROS2_Imp/ros2_foxy/install/vectornav_msgs/include/vectornav_msgs/msg/detail/time_status__rosidl_typesupport_introspection_c.h
[2.730s] -- Up-to-date: /home/roboboat/RoboBoat_Cyber_Minority/ROS2_Imp/ros2_foxy/install/vectornav_msgs/include/vectornav_msgs/msg/detail/ins_status__type_support.c
[2.730s] -- Up-to-date: /home/roboboat/RoboBoat_Cyber_Minority/ROS2_Imp/ros2_foxy/install/vectornav_msgs/include/vectornav_msgs/msg/detail/time_utc__rosidl_typesupport_introspection_c.h
[2.730s] -- Up-to-date: /home/roboboat/RoboBoat_Cyber_Minority/ROS2_Imp/ros2_foxy/install/vectornav_msgs/include/vectornav_msgs/msg/detail/vpe_status__rosidl_typesupport_introspection_c.h
[2.730s] -- Up-to-date: /home/roboboat/RoboBoat_Cyber_Minority/ROS2_Imp/ros2_foxy/install/vectornav_msgs/include/vectornav_msgs/msg/detail/common_group__rosidl_typesupport_introspection_c.h
[2.730s] -- Up-to-date: /home/roboboat/RoboBoat_Cyber_Minority/ROS2_Imp/ros2_foxy/install/vectornav_msgs/include/vectornav_msgs/msg/detail/ins_group__rosidl_typesupport_introspection_c.h
[2.730s] -- Up-to-date: /home/roboboat/RoboBoat_Cyber_Minority/ROS2_Imp/ros2_foxy/install/vectornav_msgs/include/vectornav_msgs/msg/detail/vpe_status__type_support.c
[2.731s] -- Up-to-date: /home/roboboat/RoboBoat_Cyber_Minority/ROS2_Imp/ros2_foxy/install/vectornav_msgs/include/vectornav_msgs/msg/detail/attitude_group__rosidl_typesupport_introspection_c.h
[2.731s] -- Up-to-date: /home/roboboat/RoboBoat_Cyber_Minority/ROS2_Imp/ros2_foxy/install/vectornav_msgs/include/vectornav_msgs/msg/detail/gps_group__type_support.c
[2.731s] -- Up-to-date: /home/roboboat/RoboBoat_Cyber_Minority/ROS2_Imp/ros2_foxy/install/vectornav_msgs/include/vectornav_msgs/msg/detail/ins_group__type_support.c
[2.731s] -- Up-to-date: /home/roboboat/RoboBoat_Cyber_Minority/ROS2_Imp/ros2_foxy/install/vectornav_msgs/include/vectornav_msgs/msg/detail/time_utc__type_support.c
[2.731s] -- Up-to-date: /home/roboboat/RoboBoat_Cyber_Minority/ROS2_Imp/ros2_foxy/install/vectornav_msgs/include/vectornav_msgs/msg/detail/time_group__rosidl_typesupport_introspection_c.h
[2.731s] -- Up-to-date: /home/roboboat/RoboBoat_Cyber_Minority/ROS2_Imp/ros2_foxy/install/vectornav_msgs/include/vectornav_msgs/msg/detail/gps_group__rosidl_typesupport_introspection_c.h
[2.731s] -- Up-to-date: /home/roboboat/RoboBoat_Cyber_Minority/ROS2_Imp/ros2_foxy/install/vectornav_msgs/lib/libvectornav_msgs__rosidl_typesupport_introspection_c.so
[2.731s] -- Up-to-date: /home/roboboat/RoboBoat_Cyber_Minority/ROS2_Imp/ros2_foxy/install/vectornav_msgs/lib/libvectornav_msgs__rosidl_typesupport_c.so
[2.731s] -- Up-to-date: /home/roboboat/RoboBoat_Cyber_Minority/ROS2_Imp/ros2_foxy/install/vectornav_msgs/include/vectornav_msgs
[2.732s] -- Up-to-date: /home/roboboat/RoboBoat_Cyber_Minority/ROS2_Imp/ros2_foxy/install/vectornav_msgs/include/vectornav_msgs/action
[2.732s] -- Up-to-date: /home/roboboat/RoboBoat_Cyber_Minority/ROS2_Imp/ros2_foxy/install/vectornav_msgs/include/vectornav_msgs/action/detail
[2.732s] -- Up-to-date: /home/roboboat/RoboBoat_Cyber_Minority/ROS2_Imp/ros2_foxy/install/vectornav_msgs/include/vectornav_msgs/action/detail/mag_cal__traits.hpp
[2.732s] -- Up-to-date: /home/roboboat/RoboBoat_Cyber_Minority/ROS2_Imp/ros2_foxy/install/vectornav_msgs/include/vectornav_msgs/action/detail/mag_cal__type_support.hpp
[2.732s] -- Up-to-date: /home/roboboat/RoboBoat_Cyber_Minority/ROS2_Imp/ros2_foxy/install/vectornav_msgs/include/vectornav_msgs/action/detail/mag_cal__builder.hpp
[2.732s] -- Up-to-date: /home/roboboat/RoboBoat_Cyber_Minority/ROS2_Imp/ros2_foxy/install/vectornav_msgs/include/vectornav_msgs/action/detail/mag_cal__struct.hpp
[2.732s] -- Up-to-date: /home/roboboat/RoboBoat_Cyber_Minority/ROS2_Imp/ros2_foxy/install/vectornav_msgs/include/vectornav_msgs/action/mag_cal.hpp
[2.732s] -- Up-to-date: /home/roboboat/RoboBoat_Cyber_Minority/ROS2_Imp/ros2_foxy/install/vectornav_msgs/include/vectornav_msgs/msg
[2.733s] -- Up-to-date: /home/roboboat/RoboBoat_Cyber_Minority/ROS2_Imp/ros2_foxy/install/vectornav_msgs/include/vectornav_msgs/msg/gps_group.hpp
[2.733s] -- Up-to-date: /home/roboboat/RoboBoat_Cyber_Minority/ROS2_Imp/ros2_foxy/install/vectornav_msgs/include/vectornav_msgs/msg/imu_group.hpp
[2.733s] -- Up-to-date: /home/roboboat/RoboBoat_Cyber_Minority/ROS2_Imp/ros2_foxy/install/vectornav_msgs/include/vectornav_msgs/msg/ins_group.hpp
[2.733s] -- Up-to-date: /home/roboboat/RoboBoat_Cyber_Minority/ROS2_Imp/ros2_foxy/install/vectornav_msgs/include/vectornav_msgs/msg/detail
[2.733s] -- Up-to-date: /home/roboboat/RoboBoat_Cyber_Minority/ROS2_Imp/ros2_foxy/install/vectornav_msgs/include/vectornav_msgs/msg/detail/ins_group__builder.hpp
[2.733s] -- Up-to-date: /home/roboboat/RoboBoat_Cyber_Minority/ROS2_Imp/ros2_foxy/install/vectornav_msgs/include/vectornav_msgs/msg/detail/common_group__type_support.hpp
[2.733s] -- Up-to-date: /home/roboboat/RoboBoat_Cyber_Minority/ROS2_Imp/ros2_foxy/install/vectornav_msgs/include/vectornav_msgs/msg/detail/vpe_status__type_support.hpp
[2.733s] -- Up-to-date: /home/roboboat/RoboBoat_Cyber_Minority/ROS2_Imp/ros2_foxy/install/vectornav_msgs/include/vectornav_msgs/msg/detail/vpe_status__struct.hpp
[2.733s] -- Up-to-date: /home/roboboat/RoboBoat_Cyber_Minority/ROS2_Imp/ros2_foxy/install/vectornav_msgs/include/vectornav_msgs/msg/detail/time_utc__traits.hpp
[2.734s] -- Up-to-date: /home/roboboat/RoboBoat_Cyber_Minority/ROS2_Imp/ros2_foxy/install/vectornav_msgs/include/vectornav_msgs/msg/detail/time_group__type_support.hpp
[2.734s] -- Up-to-date: /home/roboboat/RoboBoat_Cyber_Minority/ROS2_Imp/ros2_foxy/install/vectornav_msgs/include/vectornav_msgs/msg/detail/time_status__type_support.hpp
[2.734s] -- Up-to-date: /home/roboboat/RoboBoat_Cyber_Minority/ROS2_Imp/ros2_foxy/install/vectornav_msgs/include/vectornav_msgs/msg/detail/time_group__traits.hpp
[2.734s] -- Up-to-date: /home/roboboat/RoboBoat_Cyber_Minority/ROS2_Imp/ros2_foxy/install/vectornav_msgs/include/vectornav_msgs/msg/detail/common_group__traits.hpp
[2.734s] -- Up-to-date: /home/roboboat/RoboBoat_Cyber_Minority/ROS2_Imp/ros2_foxy/install/vectornav_msgs/include/vectornav_msgs/msg/detail/gps_group__builder.hpp
[2.734s] -- Up-to-date: /home/roboboat/RoboBoat_Cyber_Minority/ROS2_Imp/ros2_foxy/install/vectornav_msgs/include/vectornav_msgs/msg/detail/imu_group__struct.hpp
[2.734s] -- Up-to-date: /home/roboboat/RoboBoat_Cyber_Minority/ROS2_Imp/ros2_foxy/install/vectornav_msgs/include/vectornav_msgs/msg/detail/gps_group__type_support.hpp
[2.734s] -- Up-to-date: /home/roboboat/RoboBoat_Cyber_Minority/ROS2_Imp/ros2_foxy/install/vectornav_msgs/include/vectornav_msgs/msg/detail/dop__builder.hpp
[2.735s] -- Up-to-date: /home/roboboat/RoboBoat_Cyber_Minority/ROS2_Imp/ros2_foxy/install/vectornav_msgs/include/vectornav_msgs/msg/detail/imu_group__builder.hpp
[2.735s] -- Up-to-date: /home/roboboat/RoboBoat_Cyber_Minority/ROS2_Imp/ros2_foxy/install/vectornav_msgs/include/vectornav_msgs/msg/detail/time_utc__type_support.hpp
[2.735s] -- Up-to-date: /home/roboboat/RoboBoat_Cyber_Minority/ROS2_Imp/ros2_foxy/install/vectornav_msgs/include/vectornav_msgs/msg/detail/ins_group__type_support.hpp
[2.735s] -- Up-to-date: /home/roboboat/RoboBoat_Cyber_Minority/ROS2_Imp/ros2_foxy/install/vectornav_msgs/include/vectornav_msgs/msg/detail/imu_group__traits.hpp
[2.735s] -- Up-to-date: /home/roboboat/RoboBoat_Cyber_Minority/ROS2_Imp/ros2_foxy/install/vectornav_msgs/include/vectornav_msgs/msg/detail/time_utc__struct.hpp
[2.735s] -- Up-to-date: /home/roboboat/RoboBoat_Cyber_Minority/ROS2_Imp/ros2_foxy/install/vectornav_msgs/include/vectornav_msgs/msg/detail/dop__traits.hpp
[2.735s] -- Up-to-date: /home/roboboat/RoboBoat_Cyber_Minority/ROS2_Imp/ros2_foxy/install/vectornav_msgs/include/vectornav_msgs/msg/detail/gps_group__traits.hpp
[2.735s] -- Up-to-date: /home/roboboat/RoboBoat_Cyber_Minority/ROS2_Imp/ros2_foxy/install/vectornav_msgs/include/vectornav_msgs/msg/detail/vpe_status__builder.hpp
[2.735s] -- Up-to-date: /home/roboboat/RoboBoat_Cyber_Minority/ROS2_Imp/ros2_foxy/install/vectornav_msgs/include/vectornav_msgs/msg/detail/vpe_status__traits.hpp
[2.736s] -- Up-to-date: /home/roboboat/RoboBoat_Cyber_Minority/ROS2_Imp/ros2_foxy/install/vectornav_msgs/include/vectornav_msgs/msg/detail/imu_group__type_support.hpp
[2.736s] -- Up-to-date: /home/roboboat/RoboBoat_Cyber_Minority/ROS2_Imp/ros2_foxy/install/vectornav_msgs/include/vectornav_msgs/msg/detail/attitude_group__type_support.hpp
[2.736s] -- Up-to-date: /home/roboboat/RoboBoat_Cyber_Minority/ROS2_Imp/ros2_foxy/install/vectornav_msgs/include/vectornav_msgs/msg/detail/common_group__struct.hpp
[2.736s] -- Up-to-date: /home/roboboat/RoboBoat_Cyber_Minority/ROS2_Imp/ros2_foxy/install/vectornav_msgs/include/vectornav_msgs/msg/detail/common_group__builder.hpp
[2.736s] -- Up-to-date: /home/roboboat/RoboBoat_Cyber_Minority/ROS2_Imp/ros2_foxy/install/vectornav_msgs/include/vectornav_msgs/msg/detail/time_status__struct.hpp
[2.736s] -- Up-to-date: /home/roboboat/RoboBoat_Cyber_Minority/ROS2_Imp/ros2_foxy/install/vectornav_msgs/include/vectornav_msgs/msg/detail/attitude_group__builder.hpp
[2.736s] -- Up-to-date: /home/roboboat/RoboBoat_Cyber_Minority/ROS2_Imp/ros2_foxy/install/vectornav_msgs/include/vectornav_msgs/msg/detail/ins_status__traits.hpp
[2.737s] -- Up-to-date: /home/roboboat/RoboBoat_Cyber_Minority/ROS2_Imp/ros2_foxy/install/vectornav_msgs/include/vectornav_msgs/msg/detail/time_utc__builder.hpp
[2.737s] -- Up-to-date: /home/roboboat/RoboBoat_Cyber_Minority/ROS2_Imp/ros2_foxy/install/vectornav_msgs/include/vectornav_msgs/msg/detail/ins_status__builder.hpp
[2.737s] -- Up-to-date: /home/roboboat/RoboBoat_Cyber_Minority/ROS2_Imp/ros2_foxy/install/vectornav_msgs/include/vectornav_msgs/msg/detail/ins_status__type_support.hpp
[2.737s] -- Up-to-date: /home/roboboat/RoboBoat_Cyber_Minority/ROS2_Imp/ros2_foxy/install/vectornav_msgs/include/vectornav_msgs/msg/detail/gps_group__struct.hpp
[2.737s] -- Up-to-date: /home/roboboat/RoboBoat_Cyber_Minority/ROS2_Imp/ros2_foxy/install/vectornav_msgs/include/vectornav_msgs/msg/detail/time_status__builder.hpp
[2.737s] -- Up-to-date: /home/roboboat/RoboBoat_Cyber_Minority/ROS2_Imp/ros2_foxy/install/vectornav_msgs/include/vectornav_msgs/msg/detail/attitude_group__traits.hpp
[2.737s] -- Up-to-date: /home/roboboat/RoboBoat_Cyber_Minority/ROS2_Imp/ros2_foxy/install/vectornav_msgs/include/vectornav_msgs/msg/detail/dop__type_support.hpp
[2.737s] -- Up-to-date: /home/roboboat/RoboBoat_Cyber_Minority/ROS2_Imp/ros2_foxy/install/vectornav_msgs/include/vectornav_msgs/msg/detail/dop__struct.hpp
[2.738s] -- Up-to-date: /home/roboboat/RoboBoat_Cyber_Minority/ROS2_Imp/ros2_foxy/install/vectornav_msgs/include/vectornav_msgs/msg/detail/attitude_group__struct.hpp
[2.738s] -- Up-to-date: /home/roboboat/RoboBoat_Cyber_Minority/ROS2_Imp/ros2_foxy/install/vectornav_msgs/include/vectornav_msgs/msg/detail/time_status__traits.hpp
[2.738s] -- Up-to-date: /home/roboboat/RoboBoat_Cyber_Minority/ROS2_Imp/ros2_foxy/install/vectornav_msgs/include/vectornav_msgs/msg/detail/time_group__builder.hpp
[2.738s] -- Up-to-date: /home/roboboat/RoboBoat_Cyber_Minority/ROS2_Imp/ros2_foxy/install/vectornav_msgs/include/vectornav_msgs/msg/detail/ins_status__struct.hpp
[2.738s] -- Up-to-date: /home/roboboat/RoboBoat_Cyber_Minority/ROS2_Imp/ros2_foxy/install/vectornav_msgs/include/vectornav_msgs/msg/detail/ins_group__struct.hpp
[2.738s] -- Up-to-date: /home/roboboat/RoboBoat_Cyber_Minority/ROS2_Imp/ros2_foxy/install/vectornav_msgs/include/vectornav_msgs/msg/detail/time_group__struct.hpp
[2.738s] -- Up-to-date: /home/roboboat/RoboBoat_Cyber_Minority/ROS2_Imp/ros2_foxy/install/vectornav_msgs/include/vectornav_msgs/msg/detail/ins_group__traits.hpp
[2.738s] -- Up-to-date: /home/roboboat/RoboBoat_Cyber_Minority/ROS2_Imp/ros2_foxy/install/vectornav_msgs/include/vectornav_msgs/msg/ins_status.hpp
[2.739s] -- Up-to-date: /home/roboboat/RoboBoat_Cyber_Minority/ROS2_Imp/ros2_foxy/install/vectornav_msgs/include/vectornav_msgs/msg/vpe_status.hpp
[2.739s] -- Up-to-date: /home/roboboat/RoboBoat_Cyber_Minority/ROS2_Imp/ros2_foxy/install/vectornav_msgs/include/vectornav_msgs/msg/time_status.hpp
[2.739s] -- Up-to-date: /home/roboboat/RoboBoat_Cyber_Minority/ROS2_Imp/ros2_foxy/install/vectornav_msgs/include/vectornav_msgs/msg/rosidl_generator_cpp__visibility_control.hpp
[2.739s] -- Up-to-date: /home/roboboat/RoboBoat_Cyber_Minority/ROS2_Imp/ros2_foxy/install/vectornav_msgs/include/vectornav_msgs/msg/time_utc.hpp
[2.739s] -- Up-to-date: /home/roboboat/RoboBoat_Cyber_Minority/ROS2_Imp/ros2_foxy/install/vectornav_msgs/include/vectornav_msgs/msg/common_group.hpp
[2.739s] -- Up-to-date: /home/roboboat/RoboBoat_Cyber_Minority/ROS2_Imp/ros2_foxy/install/vectornav_msgs/include/vectornav_msgs/msg/dop.hpp
[2.739s] -- Up-to-date: /home/roboboat/RoboBoat_Cyber_Minority/ROS2_Imp/ros2_foxy/install/vectornav_msgs/include/vectornav_msgs/msg/attitude_group.hpp
[2.739s] -- Up-to-date: /home/roboboat/RoboBoat_Cyber_Minority/ROS2_Imp/ros2_foxy/install/vectornav_msgs/include/vectornav_msgs/msg/time_group.hpp
[2.740s] -- Up-to-date: /home/roboboat/RoboBoat_Cyber_Minority/ROS2_Imp/ros2_foxy/install/vectornav_msgs/include/vectornav_msgs
[2.740s] -- Up-to-date: /home/roboboat/RoboBoat_Cyber_Minority/ROS2_Imp/ros2_foxy/install/vectornav_msgs/include/vectornav_msgs/action
[2.740s] -- Up-to-date: /home/roboboat/RoboBoat_Cyber_Minority/ROS2_Imp/ros2_foxy/install/vectornav_msgs/include/vectornav_msgs/action/detail
[2.740s] -- Up-to-date: /home/roboboat/RoboBoat_Cyber_Minority/ROS2_Imp/ros2_foxy/install/vectornav_msgs/include/vectornav_msgs/action/detail/mag_cal__rosidl_typesupport_introspection_cpp.hpp
[2.740s] -- Up-to-date: /home/roboboat/RoboBoat_Cyber_Minority/ROS2_Imp/ros2_foxy/install/vectornav_msgs/include/vectornav_msgs/action/detail/mag_cal__type_support.cpp
[2.740s] -- Up-to-date: /home/roboboat/RoboBoat_Cyber_Minority/ROS2_Imp/ros2_foxy/install/vectornav_msgs/include/vectornav_msgs/msg
[2.740s] -- Up-to-date: /home/roboboat/RoboBoat_Cyber_Minority/ROS2_Imp/ros2_foxy/install/vectornav_msgs/include/vectornav_msgs/msg/detail
[2.740s] -- Up-to-date: /home/roboboat/RoboBoat_Cyber_Minority/ROS2_Imp/ros2_foxy/install/vectornav_msgs/include/vectornav_msgs/msg/detail/ins_status__rosidl_typesupport_introspection_cpp.hpp
[2.741s] -- Up-to-date: /home/roboboat/RoboBoat_Cyber_Minority/ROS2_Imp/ros2_foxy/install/vectornav_msgs/include/vectornav_msgs/msg/detail/imu_group__type_support.cpp
[2.741s] -- Up-to-date: /home/roboboat/RoboBoat_Cyber_Minority/ROS2_Imp/ros2_foxy/install/vectornav_msgs/include/vectornav_msgs/msg/detail/vpe_status__type_support.cpp
[2.741s] -- Up-to-date: /home/roboboat/RoboBoat_Cyber_Minority/ROS2_Imp/ros2_foxy/install/vectornav_msgs/include/vectornav_msgs/msg/detail/ins_group__type_support.cpp
[2.741s] -- Up-to-date: /home/roboboat/RoboBoat_Cyber_Minority/ROS2_Imp/ros2_foxy/install/vectornav_msgs/include/vectornav_msgs/msg/detail/time_utc__type_support.cpp
[2.741s] -- Up-to-date: /home/roboboat/RoboBoat_Cyber_Minority/ROS2_Imp/ros2_foxy/install/vectornav_msgs/include/vectornav_msgs/msg/detail/time_utc__rosidl_typesupport_introspection_cpp.hpp
[2.741s] -- Up-to-date: /home/roboboat/RoboBoat_Cyber_Minority/ROS2_Imp/ros2_foxy/install/vectornav_msgs/include/vectornav_msgs/msg/detail/imu_group__rosidl_typesupport_introspection_cpp.hpp
[2.741s] -- Up-to-date: /home/roboboat/RoboBoat_Cyber_Minority/ROS2_Imp/ros2_foxy/install/vectornav_msgs/include/vectornav_msgs/msg/detail/time_group__type_support.cpp
[2.741s] -- Up-to-date: /home/roboboat/RoboBoat_Cyber_Minority/ROS2_Imp/ros2_foxy/install/vectornav_msgs/include/vectornav_msgs/msg/detail/common_group__rosidl_typesupport_introspection_cpp.hpp
[2.741s] -- Up-to-date: /home/roboboat/RoboBoat_Cyber_Minority/ROS2_Imp/ros2_foxy/install/vectornav_msgs/include/vectornav_msgs/msg/detail/gps_group__rosidl_typesupport_introspection_cpp.hpp
[2.742s] -- Up-to-date: /home/roboboat/RoboBoat_Cyber_Minority/ROS2_Imp/ros2_foxy/install/vectornav_msgs/include/vectornav_msgs/msg/detail/time_group__rosidl_typesupport_introspection_cpp.hpp
[2.742s] -- Up-to-date: /home/roboboat/RoboBoat_Cyber_Minority/ROS2_Imp/ros2_foxy/install/vectornav_msgs/include/vectornav_msgs/msg/detail/attitude_group__type_support.cpp
[2.742s] -- Up-to-date: /home/roboboat/RoboBoat_Cyber_Minority/ROS2_Imp/ros2_foxy/install/vectornav_msgs/include/vectornav_msgs/msg/detail/vpe_status__rosidl_typesupport_introspection_cpp.hpp
[2.742s] -- Up-to-date: /home/roboboat/RoboBoat_Cyber_Minority/ROS2_Imp/ros2_foxy/install/vectornav_msgs/include/vectornav_msgs/msg/detail/ins_status__type_support.cpp
[2.742s] -- Up-to-date: /home/roboboat/RoboBoat_Cyber_Minority/ROS2_Imp/ros2_foxy/install/vectornav_msgs/include/vectornav_msgs/msg/detail/time_status__type_support.cpp
[2.742s] -- Up-to-date: /home/roboboat/RoboBoat_Cyber_Minority/ROS2_Imp/ros2_foxy/install/vectornav_msgs/include/vectornav_msgs/msg/detail/attitude_group__rosidl_typesupport_introspection_cpp.hpp
[2.742s] -- Up-to-date: /home/roboboat/RoboBoat_Cyber_Minority/ROS2_Imp/ros2_foxy/install/vectornav_msgs/include/vectornav_msgs/msg/detail/dop__rosidl_typesupport_introspection_cpp.hpp
[2.742s] -- Up-to-date: /home/roboboat/RoboBoat_Cyber_Minority/ROS2_Imp/ros2_foxy/install/vectornav_msgs/include/vectornav_msgs/msg/detail/common_group__type_support.cpp
[2.743s] -- Up-to-date: /home/roboboat/RoboBoat_Cyber_Minority/ROS2_Imp/ros2_foxy/install/vectornav_msgs/include/vectornav_msgs/msg/detail/time_status__rosidl_typesupport_introspection_cpp.hpp
[2.743s] -- Up-to-date: /home/roboboat/RoboBoat_Cyber_Minority/ROS2_Imp/ros2_foxy/install/vectornav_msgs/include/vectornav_msgs/msg/detail/dop__type_support.cpp
[2.743s] -- Up-to-date: /home/roboboat/RoboBoat_Cyber_Minority/ROS2_Imp/ros2_foxy/install/vectornav_msgs/include/vectornav_msgs/msg/detail/ins_group__rosidl_typesupport_introspection_cpp.hpp
[2.743s] -- Up-to-date: /home/roboboat/RoboBoat_Cyber_Minority/ROS2_Imp/ros2_foxy/install/vectornav_msgs/include/vectornav_msgs/msg/detail/gps_group__type_support.cpp
[2.743s] -- Up-to-date: /home/roboboat/RoboBoat_Cyber_Minority/ROS2_Imp/ros2_foxy/install/vectornav_msgs/lib/libvectornav_msgs__rosidl_typesupport_introspection_cpp.so
[2.743s] -- Up-to-date: /home/roboboat/RoboBoat_Cyber_Minority/ROS2_Imp/ros2_foxy/install/vectornav_msgs/lib/libvectornav_msgs__rosidl_typesupport_cpp.so
[2.743s] -- Up-to-date: /home/roboboat/RoboBoat_Cyber_Minority/ROS2_Imp/ros2_foxy/install/vectornav_msgs/share/vectornav_msgs/environment/pythonpath.sh
[2.743s] -- Installing: /home/roboboat/RoboBoat_Cyber_Minority/ROS2_Imp/ros2_foxy/install/vectornav_msgs/share/vectornav_msgs/environment/pythonpath.dsv
[2.743s] -- Installing: /home/roboboat/RoboBoat_Cyber_Minority/ROS2_Imp/ros2_foxy/install/vectornav_msgs/lib/python3.8/site-packages/vectornav_msgs/__init__.py
[2.768s] Compiling '/home/roboboat/RoboBoat_Cyber_Minority/ROS2_Imp/ros2_foxy/install/vectornav_msgs/lib/python3.8/site-packages/vectornav_msgs/__init__.py'...
[2.777s] -- Up-to-date: /home/roboboat/RoboBoat_Cyber_Minority/ROS2_Imp/ros2_foxy/install/vectornav_msgs/lib/python3.8/site-packages/vectornav_msgs/msg
[2.777s] -- Up-to-date: /home/roboboat/RoboBoat_Cyber_Minority/ROS2_Imp/ros2_foxy/install/vectornav_msgs/lib/python3.8/site-packages/vectornav_msgs/msg/__init__.py
[2.777s] -- Up-to-date: /home/roboboat/RoboBoat_Cyber_Minority/ROS2_Imp/ros2_foxy/install/vectornav_msgs/lib/python3.8/site-packages/vectornav_msgs/msg/_dop_s.c
[2.778s] -- Up-to-date: /home/roboboat/RoboBoat_Cyber_Minority/ROS2_Imp/ros2_foxy/install/vectornav_msgs/lib/python3.8/site-packages/vectornav_msgs/msg/_time_utc_s.c
[2.778s] -- Up-to-date: /home/roboboat/RoboBoat_Cyber_Minority/ROS2_Imp/ros2_foxy/install/vectornav_msgs/lib/python3.8/site-packages/vectornav_msgs/msg/_gps_group.py
[2.778s] -- Up-to-date: /home/roboboat/RoboBoat_Cyber_Minority/ROS2_Imp/ros2_foxy/install/vectornav_msgs/lib/python3.8/site-packages/vectornav_msgs/msg/_ins_status_s.c
[2.778s] -- Up-to-date: /home/roboboat/RoboBoat_Cyber_Minority/ROS2_Imp/ros2_foxy/install/vectornav_msgs/lib/python3.8/site-packages/vectornav_msgs/msg/_common_group.py
[2.778s] -- Up-to-date: /home/roboboat/RoboBoat_Cyber_Minority/ROS2_Imp/ros2_foxy/install/vectornav_msgs/lib/python3.8/site-packages/vectornav_msgs/msg/_time_status.py
[2.778s] -- Up-to-date: /home/roboboat/RoboBoat_Cyber_Minority/ROS2_Imp/ros2_foxy/install/vectornav_msgs/lib/python3.8/site-packages/vectornav_msgs/msg/_attitude_group.py
[2.778s] -- Up-to-date: /home/roboboat/RoboBoat_Cyber_Minority/ROS2_Imp/ros2_foxy/install/vectornav_msgs/lib/python3.8/site-packages/vectornav_msgs/msg/_attitude_group_s.c
[2.778s] -- Up-to-date: /home/roboboat/RoboBoat_Cyber_Minority/ROS2_Imp/ros2_foxy/install/vectornav_msgs/lib/python3.8/site-packages/vectornav_msgs/msg/_common_group_s.c
[2.778s] -- Up-to-date: /home/roboboat/RoboBoat_Cyber_Minority/ROS2_Imp/ros2_foxy/install/vectornav_msgs/lib/python3.8/site-packages/vectornav_msgs/msg/_ins_group.py
[2.778s] -- Up-to-date: /home/roboboat/RoboBoat_Cyber_Minority/ROS2_Imp/ros2_foxy/install/vectornav_msgs/lib/python3.8/site-packages/vectornav_msgs/msg/_ins_group_s.c
[2.779s] -- Up-to-date: /home/roboboat/RoboBoat_Cyber_Minority/ROS2_Imp/ros2_foxy/install/vectornav_msgs/lib/python3.8/site-packages/vectornav_msgs/msg/_vpe_status.py
[2.779s] -- Up-to-date: /home/roboboat/RoboBoat_Cyber_Minority/ROS2_Imp/ros2_foxy/install/vectornav_msgs/lib/python3.8/site-packages/vectornav_msgs/msg/_time_group.py
[2.779s] -- Up-to-date: /home/roboboat/RoboBoat_Cyber_Minority/ROS2_Imp/ros2_foxy/install/vectornav_msgs/lib/python3.8/site-packages/vectornav_msgs/msg/_time_status_s.c
[2.779s] -- Up-to-date: /home/roboboat/RoboBoat_Cyber_Minority/ROS2_Imp/ros2_foxy/install/vectornav_msgs/lib/python3.8/site-packages/vectornav_msgs/msg/_time_utc.py
[2.779s] -- Up-to-date: /home/roboboat/RoboBoat_Cyber_Minority/ROS2_Imp/ros2_foxy/install/vectornav_msgs/lib/python3.8/site-packages/vectornav_msgs/msg/_time_group_s.c
[2.779s] -- Up-to-date: /home/roboboat/RoboBoat_Cyber_Minority/ROS2_Imp/ros2_foxy/install/vectornav_msgs/lib/python3.8/site-packages/vectornav_msgs/msg/_imu_group_s.c
[2.779s] -- Up-to-date: /home/roboboat/RoboBoat_Cyber_Minority/ROS2_Imp/ros2_foxy/install/vectornav_msgs/lib/python3.8/site-packages/vectornav_msgs/msg/_imu_group.py
[2.779s] -- Up-to-date: /home/roboboat/RoboBoat_Cyber_Minority/ROS2_Imp/ros2_foxy/install/vectornav_msgs/lib/python3.8/site-packages/vectornav_msgs/msg/_dop.py
[2.779s] -- Up-to-date: /home/roboboat/RoboBoat_Cyber_Minority/ROS2_Imp/ros2_foxy/install/vectornav_msgs/lib/python3.8/site-packages/vectornav_msgs/msg/_ins_status.py
[2.779s] -- Up-to-date: /home/roboboat/RoboBoat_Cyber_Minority/ROS2_Imp/ros2_foxy/install/vectornav_msgs/lib/python3.8/site-packages/vectornav_msgs/msg/_gps_group_s.c
[2.779s] -- Up-to-date: /home/roboboat/RoboBoat_Cyber_Minority/ROS2_Imp/ros2_foxy/install/vectornav_msgs/lib/python3.8/site-packages/vectornav_msgs/msg/_vpe_status_s.c
[2.779s] -- Up-to-date: /home/roboboat/RoboBoat_Cyber_Minority/ROS2_Imp/ros2_foxy/install/vectornav_msgs/lib/python3.8/site-packages/vectornav_msgs/action
[2.780s] -- Up-to-date: /home/roboboat/RoboBoat_Cyber_Minority/ROS2_Imp/ros2_foxy/install/vectornav_msgs/lib/python3.8/site-packages/vectornav_msgs/action/__init__.py
[2.780s] -- Up-to-date: /home/roboboat/RoboBoat_Cyber_Minority/ROS2_Imp/ros2_foxy/install/vectornav_msgs/lib/python3.8/site-packages/vectornav_msgs/action/_mag_cal.py
[2.780s] -- Up-to-date: /home/roboboat/RoboBoat_Cyber_Minority/ROS2_Imp/ros2_foxy/install/vectornav_msgs/lib/python3.8/site-packages/vectornav_msgs/action/_mag_cal_s.c
[2.780s] -- Up-to-date: /home/roboboat/RoboBoat_Cyber_Minority/ROS2_Imp/ros2_foxy/install/vectornav_msgs/lib/python3.8/site-packages/vectornav_msgs/vectornav_msgs_s__rosidl_typesupport_fastrtps_c.cpython-38-aarch64-linux-gnu.so
[2.780s] -- Up-to-date: /home/roboboat/RoboBoat_Cyber_Minority/ROS2_Imp/ros2_foxy/install/vectornav_msgs/lib/python3.8/site-packages/vectornav_msgs/vectornav_msgs_s__rosidl_typesupport_introspection_c.cpython-38-aarch64-linux-gnu.so
[2.780s] -- Up-to-date: /home/roboboat/RoboBoat_Cyber_Minority/ROS2_Imp/ros2_foxy/install/vectornav_msgs/lib/python3.8/site-packages/vectornav_msgs/vectornav_msgs_s__rosidl_typesupport_c.cpython-38-aarch64-linux-gnu.so
[2.780s] -- Up-to-date: /home/roboboat/RoboBoat_Cyber_Minority/ROS2_Imp/ros2_foxy/install/vectornav_msgs/lib/libvectornav_msgs__python.so
[2.781s] -- Up-to-date: /home/roboboat/RoboBoat_Cyber_Minority/ROS2_Imp/ros2_foxy/install/vectornav_msgs/share/vectornav_msgs/msg/AttitudeGroup.idl
[2.781s] -- Up-to-date: /home/roboboat/RoboBoat_Cyber_Minority/ROS2_Imp/ros2_foxy/install/vectornav_msgs/share/vectornav_msgs/msg/CommonGroup.idl
[2.781s] -- Up-to-date: /home/roboboat/RoboBoat_Cyber_Minority/ROS2_Imp/ros2_foxy/install/vectornav_msgs/share/vectornav_msgs/msg/DOP.idl
[2.781s] -- Up-to-date: /home/roboboat/RoboBoat_Cyber_Minority/ROS2_Imp/ros2_foxy/install/vectornav_msgs/share/vectornav_msgs/msg/GpsGroup.idl
[2.781s] -- Up-to-date: /home/roboboat/RoboBoat_Cyber_Minority/ROS2_Imp/ros2_foxy/install/vectornav_msgs/share/vectornav_msgs/msg/ImuGroup.idl
[2.781s] -- Up-to-date: /home/roboboat/RoboBoat_Cyber_Minority/ROS2_Imp/ros2_foxy/install/vectornav_msgs/share/vectornav_msgs/msg/InsGroup.idl
[2.781s] -- Up-to-date: /home/roboboat/RoboBoat_Cyber_Minority/ROS2_Imp/ros2_foxy/install/vectornav_msgs/share/vectornav_msgs/msg/InsStatus.idl
[2.781s] -- Up-to-date: /home/roboboat/RoboBoat_Cyber_Minority/ROS2_Imp/ros2_foxy/install/vectornav_msgs/share/vectornav_msgs/msg/TimeGroup.idl
[2.782s] -- Up-to-date: /home/roboboat/RoboBoat_Cyber_Minority/ROS2_Imp/ros2_foxy/install/vectornav_msgs/share/vectornav_msgs/msg/TimeStatus.idl
[2.782s] -- Up-to-date: /home/roboboat/RoboBoat_Cyber_Minority/ROS2_Imp/ros2_foxy/install/vectornav_msgs/share/vectornav_msgs/msg/TimeUTC.idl
[2.782s] -- Up-to-date: /home/roboboat/RoboBoat_Cyber_Minority/ROS2_Imp/ros2_foxy/install/vectornav_msgs/share/vectornav_msgs/msg/VpeStatus.idl
[2.782s] -- Up-to-date: /home/roboboat/RoboBoat_Cyber_Minority/ROS2_Imp/ros2_foxy/install/vectornav_msgs/share/vectornav_msgs/action/MagCal.idl
[2.782s] -- Up-to-date: /home/roboboat/RoboBoat_Cyber_Minority/ROS2_Imp/ros2_foxy/install/vectornav_msgs/share/vectornav_msgs/msg/AttitudeGroup.msg
[2.782s] -- Up-to-date: /home/roboboat/RoboBoat_Cyber_Minority/ROS2_Imp/ros2_foxy/install/vectornav_msgs/share/vectornav_msgs/msg/CommonGroup.msg
[2.782s] -- Up-to-date: /home/roboboat/RoboBoat_Cyber_Minority/ROS2_Imp/ros2_foxy/install/vectornav_msgs/share/vectornav_msgs/msg/DOP.msg
[2.782s] -- Up-to-date: /home/roboboat/RoboBoat_Cyber_Minority/ROS2_Imp/ros2_foxy/install/vectornav_msgs/share/vectornav_msgs/msg/GpsGroup.msg
[2.782s] -- Up-to-date: /home/roboboat/RoboBoat_Cyber_Minority/ROS2_Imp/ros2_foxy/install/vectornav_msgs/share/vectornav_msgs/msg/ImuGroup.msg
[2.783s] -- Up-to-date: /home/roboboat/RoboBoat_Cyber_Minority/ROS2_Imp/ros2_foxy/install/vectornav_msgs/share/vectornav_msgs/msg/InsGroup.msg
[2.783s] -- Up-to-date: /home/roboboat/RoboBoat_Cyber_Minority/ROS2_Imp/ros2_foxy/install/vectornav_msgs/share/vectornav_msgs/msg/InsStatus.msg
[2.783s] -- Up-to-date: /home/roboboat/RoboBoat_Cyber_Minority/ROS2_Imp/ros2_foxy/install/vectornav_msgs/share/vectornav_msgs/msg/TimeGroup.msg
[2.783s] -- Up-to-date: /home/roboboat/RoboBoat_Cyber_Minority/ROS2_Imp/ros2_foxy/install/vectornav_msgs/share/vectornav_msgs/msg/TimeStatus.msg
[2.783s] -- Up-to-date: /home/roboboat/RoboBoat_Cyber_Minority/ROS2_Imp/ros2_foxy/install/vectornav_msgs/share/vectornav_msgs/msg/TimeUTC.msg
[2.783s] -- Up-to-date: /home/roboboat/RoboBoat_Cyber_Minority/ROS2_Imp/ros2_foxy/install/vectornav_msgs/share/vectornav_msgs/msg/VpeStatus.msg
[2.783s] -- Up-to-date: /home/roboboat/RoboBoat_Cyber_Minority/ROS2_Imp/ros2_foxy/install/vectornav_msgs/share/vectornav_msgs/action/MagCal.action
[2.783s] -- Up-to-date: /home/roboboat/RoboBoat_Cyber_Minority/ROS2_Imp/ros2_foxy/install/vectornav_msgs/share/ament_index/resource_index/package_run_dependencies/vectornav_msgs
[2.783s] -- Up-to-date: /home/roboboat/RoboBoat_Cyber_Minority/ROS2_Imp/ros2_foxy/install/vectornav_msgs/share/ament_index/resource_index/parent_prefix_path/vectornav_msgs
[2.783s] -- Up-to-date: /home/roboboat/RoboBoat_Cyber_Minority/ROS2_Imp/ros2_foxy/install/vectornav_msgs/share/vectornav_msgs/environment/ament_prefix_path.sh
[2.784s] -- Installing: /home/roboboat/RoboBoat_Cyber_Minority/ROS2_Imp/ros2_foxy/install/vectornav_msgs/share/vectornav_msgs/environment/ament_prefix_path.dsv
[2.784s] -- Up-to-date: /home/roboboat/RoboBoat_Cyber_Minority/ROS2_Imp/ros2_foxy/install/vectornav_msgs/share/vectornav_msgs/environment/path.sh
[2.784s] -- Installing: /home/roboboat/RoboBoat_Cyber_Minority/ROS2_Imp/ros2_foxy/install/vectornav_msgs/share/vectornav_msgs/environment/path.dsv
[2.784s] -- Up-to-date: /home/roboboat/RoboBoat_Cyber_Minority/ROS2_Imp/ros2_foxy/install/vectornav_msgs/share/vectornav_msgs/local_setup.bash
[2.784s] -- Up-to-date: /home/roboboat/RoboBoat_Cyber_Minority/ROS2_Imp/ros2_foxy/install/vectornav_msgs/share/vectornav_msgs/local_setup.sh
[2.784s] -- Up-to-date: /home/roboboat/RoboBoat_Cyber_Minority/ROS2_Imp/ros2_foxy/install/vectornav_msgs/share/vectornav_msgs/local_setup.zsh
[2.784s] -- Installing: /home/roboboat/RoboBoat_Cyber_Minority/ROS2_Imp/ros2_foxy/install/vectornav_msgs/share/vectornav_msgs/local_setup.dsv
[2.785s] -- Installing: /home/roboboat/RoboBoat_Cyber_Minority/ROS2_Imp/ros2_foxy/install/vectornav_msgs/share/vectornav_msgs/package.dsv
[2.785s] -- Up-to-date: /home/roboboat/RoboBoat_Cyber_Minority/ROS2_Imp/ros2_foxy/install/vectornav_msgs/share/ament_index/resource_index/packages/vectornav_msgs
[2.785s] -- Up-to-date: /home/roboboat/RoboBoat_Cyber_Minority/ROS2_Imp/ros2_foxy/install/vectornav_msgs/share/vectornav_msgs/cmake/vectornav_msgs__rosidl_generator_cExport.cmake
[2.785s] -- Installing: /home/roboboat/RoboBoat_Cyber_Minority/ROS2_Imp/ros2_foxy/install/vectornav_msgs/share/vectornav_msgs/cmake/vectornav_msgs__rosidl_generator_cExport-noconfig.cmake
[2.786s] -- Up-to-date: /home/roboboat/RoboBoat_Cyber_Minority/ROS2_Imp/ros2_foxy/install/vectornav_msgs/share/vectornav_msgs/cmake/vectornav_msgs__rosidl_typesupport_introspection_cExport.cmake
[2.786s] -- Installing: /home/roboboat/RoboBoat_Cyber_Minority/ROS2_Imp/ros2_foxy/install/vectornav_msgs/share/vectornav_msgs/cmake/vectornav_msgs__rosidl_typesupport_introspection_cExport-noconfig.cmake
[2.786s] -- Up-to-date: /home/roboboat/RoboBoat_Cyber_Minority/ROS2_Imp/ros2_foxy/install/vectornav_msgs/share/vectornav_msgs/cmake/vectornav_msgs__rosidl_typesupport_cExport.cmake
[2.786s] -- Installing: /home/roboboat/RoboBoat_Cyber_Minority/ROS2_Imp/ros2_foxy/install/vectornav_msgs/share/vectornav_msgs/cmake/vectornav_msgs__rosidl_typesupport_cExport-noconfig.cmake
[2.787s] -- Up-to-date: /home/roboboat/RoboBoat_Cyber_Minority/ROS2_Imp/ros2_foxy/install/vectornav_msgs/share/vectornav_msgs/cmake/vectornav_msgs__rosidl_generator_cppExport.cmake
[2.787s] -- Up-to-date: /home/roboboat/RoboBoat_Cyber_Minority/ROS2_Imp/ros2_foxy/install/vectornav_msgs/share/vectornav_msgs/cmake/vectornav_msgs__rosidl_typesupport_introspection_cppExport.cmake
[2.787s] -- Installing: /home/roboboat/RoboBoat_Cyber_Minority/ROS2_Imp/ros2_foxy/install/vectornav_msgs/share/vectornav_msgs/cmake/vectornav_msgs__rosidl_typesupport_introspection_cppExport-noconfig.cmake
[2.788s] -- Up-to-date: /home/roboboat/RoboBoat_Cyber_Minority/ROS2_Imp/ros2_foxy/install/vectornav_msgs/share/vectornav_msgs/cmake/vectornav_msgs__rosidl_typesupport_cppExport.cmake
[2.788s] -- Installing: /home/roboboat/RoboBoat_Cyber_Minority/ROS2_Imp/ros2_foxy/install/vectornav_msgs/share/vectornav_msgs/cmake/vectornav_msgs__rosidl_typesupport_cppExport-noconfig.cmake
[2.788s] -- Up-to-date: /home/roboboat/RoboBoat_Cyber_Minority/ROS2_Imp/ros2_foxy/install/vectornav_msgs/share/vectornav_msgs/cmake/rosidl_cmake-extras.cmake
[2.788s] -- Up-to-date: /home/roboboat/RoboBoat_Cyber_Minority/ROS2_Imp/ros2_foxy/install/vectornav_msgs/share/vectornav_msgs/cmake/ament_cmake_export_dependencies-extras.cmake
[2.788s] -- Up-to-date: /home/roboboat/RoboBoat_Cyber_Minority/ROS2_Imp/ros2_foxy/install/vectornav_msgs/share/vectornav_msgs/cmake/ament_cmake_export_libraries-extras.cmake
[2.788s] -- Up-to-date: /home/roboboat/RoboBoat_Cyber_Minority/ROS2_Imp/ros2_foxy/install/vectornav_msgs/share/vectornav_msgs/cmake/ament_cmake_export_targets-extras.cmake
[2.788s] -- Up-to-date: /home/roboboat/RoboBoat_Cyber_Minority/ROS2_Imp/ros2_foxy/install/vectornav_msgs/share/vectornav_msgs/cmake/ament_cmake_export_include_directories-extras.cmake
[2.788s] -- Up-to-date: /home/roboboat/RoboBoat_Cyber_Minority/ROS2_Imp/ros2_foxy/install/vectornav_msgs/share/vectornav_msgs/cmake/rosidl_cmake_export_typesupport_libraries-extras.cmake
[2.789s] -- Up-to-date: /home/roboboat/RoboBoat_Cyber_Minority/ROS2_Imp/ros2_foxy/install/vectornav_msgs/share/vectornav_msgs/cmake/rosidl_cmake_export_typesupport_targets-extras.cmake
[2.789s] -- Up-to-date: /home/roboboat/RoboBoat_Cyber_Minority/ROS2_Imp/ros2_foxy/install/vectornav_msgs/share/vectornav_msgs/cmake/vectornav_msgsConfig.cmake
[2.789s] -- Up-to-date: /home/roboboat/RoboBoat_Cyber_Minority/ROS2_Imp/ros2_foxy/install/vectornav_msgs/share/vectornav_msgs/cmake/vectornav_msgsConfig-version.cmake
[2.789s] -- Installing: /home/roboboat/RoboBoat_Cyber_Minority/ROS2_Imp/ros2_foxy/install/vectornav_msgs/share/vectornav_msgs/package.xml
[2.798s] Invoked command in '/home/roboboat/RoboBoat_Cyber_Minority/ROS2_Imp/ros2_foxy/build/vectornav_msgs' returned '0': CMAKE_PREFIX_PATH=${CMAKE_PREFIX_PATH}:/opt/ros/foxy /usr/bin/cmake --install /home/roboboat/RoboBoat_Cyber_Minority/ROS2_Imp/ros2_foxy/build/vectornav_msgs
