[3.403s] DEBUG:colcon:Command line arguments: ['/usr/bin/colcon', 'build']
[3.403s] DEBUG:colcon:Parsed command line arguments: Namespace(allow_overriding=[], ament_cmake_args=None, base_paths=['.'], build_base='build', catkin_cmake_args=None, catkin_skip_building_tests=False, cmake_args=None, cmake_clean_cache=False, cmake_clean_first=False, cmake_force_configure=False, cmake_target=None, cmake_target_skip_unavailable=False, continue_on_error=False, event_handlers=None, executor='parallel', ignore_user_meta=False, install_base='install', log_base=None, log_level=None, main=<bound method BuildVerb.main of <colcon_core.verb.build.BuildVerb object at 0xffffabcdba60>>, merge_install=False, metas=['./colcon.meta'], packages_above=None, packages_above_and_dependencies=None, packages_above_depth=None, packages_end=None, packages_ignore=None, packages_ignore_regex=None, packages_select=None, packages_select_build_failed=False, packages_select_by_dep=None, packages_select_regex=None, packages_select_test_failures=False, packages_skip=None, packages_skip_build_finished=False, packages_skip_by_dep=None, packages_skip_regex=None, packages_skip_test_passed=False, packages_skip_up_to=None, packages_start=None, packages_up_to=None, packages_up_to_regex=None, parallel_workers=12, paths=None, symlink_install=False, test_result_base=None, verb_extension=<colcon_core.verb.build.BuildVerb object at 0xffffabcdba60>, verb_name='build', verb_parser=<colcon_defaults.argument_parser.defaults.DefaultArgumentsDecorator object at 0xffffab94e160>)
[3.551s] Level 1:colcon.colcon_core.package_discovery:discover_packages(colcon_meta) check parameters
[3.552s] Level 1:colcon.colcon_core.package_discovery:discover_packages(recursive) check parameters
[3.552s] Level 1:colcon.colcon_core.package_discovery:discover_packages(ignore) check parameters
[3.552s] Level 1:colcon.colcon_core.package_discovery:discover_packages(path) check parameters
[3.552s] Level 1:colcon.colcon_core.package_discovery:discover_packages(colcon_meta) discover
[3.552s] Level 1:colcon.colcon_core.package_discovery:discover_packages(recursive) discover
[3.552s] INFO:colcon.colcon_core.package_discovery:Crawling recursively for packages in '/home/roboboat/RoboBoat_Cyber_Minority/Comp_2024/GPS_Related_Tasks'
[3.552s] Level 1:colcon.colcon_core.package_identification:_identify(.) by extensions ['ignore', 'ignore_ament_install']
[3.552s] Level 1:colcon.colcon_core.package_identification:_identify(.) by extension 'ignore'
[3.552s] Level 1:colcon.colcon_core.package_identification:_identify(.) by extension 'ignore_ament_install'
[3.553s] Level 1:colcon.colcon_core.package_identification:_identify(.) by extensions ['colcon_pkg']
[3.553s] Level 1:colcon.colcon_core.package_identification:_identify(.) by extension 'colcon_pkg'
[3.553s] Level 1:colcon.colcon_core.package_identification:_identify(.) by extensions ['colcon_meta']
[3.553s] Level 1:colcon.colcon_core.package_identification:_identify(.) by extension 'colcon_meta'
[3.553s] Level 1:colcon.colcon_core.package_identification:_identify(.) by extensions ['ros']
[3.553s] Level 1:colcon.colcon_core.package_identification:_identify(.) by extension 'ros'
[3.574s] Level 1:colcon.colcon_core.package_identification:_identify(.) by extensions ['cmake', 'python']
[3.574s] Level 1:colcon.colcon_core.package_identification:_identify(.) by extension 'cmake'
[3.574s] Level 1:colcon.colcon_core.package_identification:_identify(.) by extension 'python'
[3.574s] Level 1:colcon.colcon_core.package_identification:_identify(.) by extensions ['python_setup_py']
[3.574s] Level 1:colcon.colcon_core.package_identification:_identify(.) by extension 'python_setup_py'
[3.575s] Level 1:colcon.colcon_core.package_identification:_identify(build) by extensions ['ignore', 'ignore_ament_install']
[3.575s] Level 1:colcon.colcon_core.package_identification:_identify(build) by extension 'ignore'
[3.575s] Level 1:colcon.colcon_core.package_identification:_identify(build) ignored
[3.575s] Level 1:colcon.colcon_core.package_identification:_identify(install) by extensions ['ignore', 'ignore_ament_install']
[3.575s] Level 1:colcon.colcon_core.package_identification:_identify(install) by extension 'ignore'
[3.575s] Level 1:colcon.colcon_core.package_identification:_identify(install) ignored
[3.575s] Level 1:colcon.colcon_core.package_identification:_identify(log) by extensions ['ignore', 'ignore_ament_install']
[3.575s] Level 1:colcon.colcon_core.package_identification:_identify(log) by extension 'ignore'
[3.576s] Level 1:colcon.colcon_core.package_identification:_identify(log) ignored
[3.576s] Level 1:colcon.colcon_core.package_identification:_identify(src) by extensions ['ignore', 'ignore_ament_install']
[3.576s] Level 1:colcon.colcon_core.package_identification:_identify(src) by extension 'ignore'
[3.576s] Level 1:colcon.colcon_core.package_identification:_identify(src) by extension 'ignore_ament_install'
[3.576s] Level 1:colcon.colcon_core.package_identification:_identify(src) by extensions ['colcon_pkg']
[3.576s] Level 1:colcon.colcon_core.package_identification:_identify(src) by extension 'colcon_pkg'
[3.576s] Level 1:colcon.colcon_core.package_identification:_identify(src) by extensions ['colcon_meta']
[3.576s] Level 1:colcon.colcon_core.package_identification:_identify(src) by extension 'colcon_meta'
[3.576s] Level 1:colcon.colcon_core.package_identification:_identify(src) by extensions ['ros']
[3.576s] Level 1:colcon.colcon_core.package_identification:_identify(src) by extension 'ros'
[3.576s] Level 1:colcon.colcon_core.package_identification:_identify(src) by extensions ['cmake', 'python']
[3.576s] Level 1:colcon.colcon_core.package_identification:_identify(src) by extension 'cmake'
[3.576s] Level 1:colcon.colcon_core.package_identification:_identify(src) by extension 'python'
[3.577s] Level 1:colcon.colcon_core.package_identification:_identify(src) by extensions ['python_setup_py']
[3.577s] Level 1:colcon.colcon_core.package_identification:_identify(src) by extension 'python_setup_py'
[3.577s] Level 1:colcon.colcon_core.package_identification:_identify(src/finals_tasks) by extensions ['ignore', 'ignore_ament_install']
[3.577s] Level 1:colcon.colcon_core.package_identification:_identify(src/finals_tasks) by extension 'ignore'
[3.577s] Level 1:colcon.colcon_core.package_identification:_identify(src/finals_tasks) by extension 'ignore_ament_install'
[3.577s] Level 1:colcon.colcon_core.package_identification:_identify(src/finals_tasks) by extensions ['colcon_pkg']
[3.577s] Level 1:colcon.colcon_core.package_identification:_identify(src/finals_tasks) by extension 'colcon_pkg'
[3.577s] Level 1:colcon.colcon_core.package_identification:_identify(src/finals_tasks) by extensions ['colcon_meta']
[3.577s] Level 1:colcon.colcon_core.package_identification:_identify(src/finals_tasks) by extension 'colcon_meta'
[3.577s] Level 1:colcon.colcon_core.package_identification:_identify(src/finals_tasks) by extensions ['ros']
[3.577s] Level 1:colcon.colcon_core.package_identification:_identify(src/finals_tasks) by extension 'ros'
[3.581s] DEBUG:colcon.colcon_core.package_identification:Package 'src/finals_tasks' with type 'ros.ament_cmake' and name 'finals_tasks'
[3.581s] Level 1:colcon.colcon_core.package_identification:_identify(src/task1) by extensions ['ignore', 'ignore_ament_install']
[3.581s] Level 1:colcon.colcon_core.package_identification:_identify(src/task1) by extension 'ignore'
[3.581s] Level 1:colcon.colcon_core.package_identification:_identify(src/task1) by extension 'ignore_ament_install'
[3.582s] Level 1:colcon.colcon_core.package_identification:_identify(src/task1) by extensions ['colcon_pkg']
[3.582s] Level 1:colcon.colcon_core.package_identification:_identify(src/task1) by extension 'colcon_pkg'
[3.582s] Level 1:colcon.colcon_core.package_identification:_identify(src/task1) by extensions ['colcon_meta']
[3.582s] Level 1:colcon.colcon_core.package_identification:_identify(src/task1) by extension 'colcon_meta'
[3.582s] Level 1:colcon.colcon_core.package_identification:_identify(src/task1) by extensions ['ros']
[3.582s] Level 1:colcon.colcon_core.package_identification:_identify(src/task1) by extension 'ros'
[3.583s] DEBUG:colcon.colcon_core.package_identification:Package 'src/task1' with type 'ros.ament_cmake' and name 'task1'
[3.583s] Level 1:colcon.colcon_core.package_identification:_identify(src/task2) by extensions ['ignore', 'ignore_ament_install']
[3.583s] Level 1:colcon.colcon_core.package_identification:_identify(src/task2) by extension 'ignore'
[3.583s] Level 1:colcon.colcon_core.package_identification:_identify(src/task2) by extension 'ignore_ament_install'
[3.583s] Level 1:colcon.colcon_core.package_identification:_identify(src/task2) by extensions ['colcon_pkg']
[3.583s] Level 1:colcon.colcon_core.package_identification:_identify(src/task2) by extension 'colcon_pkg'
[3.583s] Level 1:colcon.colcon_core.package_identification:_identify(src/task2) by extensions ['colcon_meta']
[3.583s] Level 1:colcon.colcon_core.package_identification:_identify(src/task2) by extension 'colcon_meta'
[3.583s] Level 1:colcon.colcon_core.package_identification:_identify(src/task2) by extensions ['ros']
[3.583s] Level 1:colcon.colcon_core.package_identification:_identify(src/task2) by extension 'ros'
[3.584s] DEBUG:colcon.colcon_core.package_identification:Package 'src/task2' with type 'ros.ament_cmake' and name 'task2'
[3.584s] Level 1:colcon.colcon_core.package_identification:_identify(src/task8) by extensions ['ignore', 'ignore_ament_install']
[3.584s] Level 1:colcon.colcon_core.package_identification:_identify(src/task8) by extension 'ignore'
[3.584s] Level 1:colcon.colcon_core.package_identification:_identify(src/task8) by extension 'ignore_ament_install'
[3.584s] Level 1:colcon.colcon_core.package_identification:_identify(src/task8) by extensions ['colcon_pkg']
[3.584s] Level 1:colcon.colcon_core.package_identification:_identify(src/task8) by extension 'colcon_pkg'
[3.585s] Level 1:colcon.colcon_core.package_identification:_identify(src/task8) by extensions ['colcon_meta']
[3.585s] Level 1:colcon.colcon_core.package_identification:_identify(src/task8) by extension 'colcon_meta'
[3.585s] Level 1:colcon.colcon_core.package_identification:_identify(src/task8) by extensions ['ros']
[3.585s] Level 1:colcon.colcon_core.package_identification:_identify(src/task8) by extension 'ros'
[3.585s] DEBUG:colcon.colcon_core.package_identification:Package 'src/task8' with type 'ros.ament_cmake' and name 'task8'
[3.585s] Level 1:colcon.colcon_core.package_identification:_identify(src/urg_node) by extensions ['ignore', 'ignore_ament_install']
[3.586s] Level 1:colcon.colcon_core.package_identification:_identify(src/urg_node) by extension 'ignore'
[3.586s] Level 1:colcon.colcon_core.package_identification:_identify(src/urg_node) by extension 'ignore_ament_install'
[3.586s] Level 1:colcon.colcon_core.package_identification:_identify(src/urg_node) by extensions ['colcon_pkg']
[3.586s] Level 1:colcon.colcon_core.package_identification:_identify(src/urg_node) by extension 'colcon_pkg'
[3.586s] Level 1:colcon.colcon_core.package_identification:_identify(src/urg_node) by extensions ['colcon_meta']
[3.586s] Level 1:colcon.colcon_core.package_identification:_identify(src/urg_node) by extension 'colcon_meta'
[3.586s] Level 1:colcon.colcon_core.package_identification:_identify(src/urg_node) by extensions ['ros']
[3.586s] Level 1:colcon.colcon_core.package_identification:_identify(src/urg_node) by extension 'ros'
[3.588s] DEBUG:colcon.colcon_core.package_identification:Package 'src/urg_node' with type 'ros.ament_cmake' and name 'urg_node'
[3.588s] Level 1:colcon.colcon_core.package_identification:_identify(src/vectornav) by extensions ['ignore', 'ignore_ament_install']
[3.588s] Level 1:colcon.colcon_core.package_identification:_identify(src/vectornav) by extension 'ignore'
[3.588s] Level 1:colcon.colcon_core.package_identification:_identify(src/vectornav) by extension 'ignore_ament_install'
[3.588s] Level 1:colcon.colcon_core.package_identification:_identify(src/vectornav) by extensions ['colcon_pkg']
[3.588s] Level 1:colcon.colcon_core.package_identification:_identify(src/vectornav) by extension 'colcon_pkg'
[3.588s] Level 1:colcon.colcon_core.package_identification:_identify(src/vectornav) by extensions ['colcon_meta']
[3.589s] Level 1:colcon.colcon_core.package_identification:_identify(src/vectornav) by extension 'colcon_meta'
[3.589s] Level 1:colcon.colcon_core.package_identification:_identify(src/vectornav) by extensions ['ros']
[3.589s] Level 1:colcon.colcon_core.package_identification:_identify(src/vectornav) by extension 'ros'
[3.589s] Level 1:colcon.colcon_core.package_identification:_identify(src/vectornav) by extensions ['cmake', 'python']
[3.589s] Level 1:colcon.colcon_core.package_identification:_identify(src/vectornav) by extension 'cmake'
[3.589s] Level 1:colcon.colcon_core.package_identification:_identify(src/vectornav) by extension 'python'
[3.589s] Level 1:colcon.colcon_core.package_identification:_identify(src/vectornav) by extensions ['python_setup_py']
[3.589s] Level 1:colcon.colcon_core.package_identification:_identify(src/vectornav) by extension 'python_setup_py'
[3.589s] Level 1:colcon.colcon_core.package_identification:_identify(src/vectornav/vectornav) by extensions ['ignore', 'ignore_ament_install']
[3.589s] Level 1:colcon.colcon_core.package_identification:_identify(src/vectornav/vectornav) by extension 'ignore'
[3.589s] Level 1:colcon.colcon_core.package_identification:_identify(src/vectornav/vectornav) by extension 'ignore_ament_install'
[3.589s] Level 1:colcon.colcon_core.package_identification:_identify(src/vectornav/vectornav) by extensions ['colcon_pkg']
[3.589s] Level 1:colcon.colcon_core.package_identification:_identify(src/vectornav/vectornav) by extension 'colcon_pkg'
[3.590s] Level 1:colcon.colcon_core.package_identification:_identify(src/vectornav/vectornav) by extensions ['colcon_meta']
[3.590s] Level 1:colcon.colcon_core.package_identification:_identify(src/vectornav/vectornav) by extension 'colcon_meta'
[3.590s] Level 1:colcon.colcon_core.package_identification:_identify(src/vectornav/vectornav) by extensions ['ros']
[3.590s] Level 1:colcon.colcon_core.package_identification:_identify(src/vectornav/vectornav) by extension 'ros'
[3.591s] DEBUG:colcon.colcon_core.package_identification:Package 'src/vectornav/vectornav' with type 'ros.ament_cmake' and name 'vectornav'
[3.591s] Level 1:colcon.colcon_core.package_identification:_identify(src/vectornav/vectornav_msgs) by extensions ['ignore', 'ignore_ament_install']
[3.591s] Level 1:colcon.colcon_core.package_identification:_identify(src/vectornav/vectornav_msgs) by extension 'ignore'
[3.591s] Level 1:colcon.colcon_core.package_identification:_identify(src/vectornav/vectornav_msgs) by extension 'ignore_ament_install'
[3.591s] Level 1:colcon.colcon_core.package_identification:_identify(src/vectornav/vectornav_msgs) by extensions ['colcon_pkg']
[3.591s] Level 1:colcon.colcon_core.package_identification:_identify(src/vectornav/vectornav_msgs) by extension 'colcon_pkg'
[3.592s] Level 1:colcon.colcon_core.package_identification:_identify(src/vectornav/vectornav_msgs) by extensions ['colcon_meta']
[3.592s] Level 1:colcon.colcon_core.package_identification:_identify(src/vectornav/vectornav_msgs) by extension 'colcon_meta'
[3.592s] Level 1:colcon.colcon_core.package_identification:_identify(src/vectornav/vectornav_msgs) by extensions ['ros']
[3.592s] Level 1:colcon.colcon_core.package_identification:_identify(src/vectornav/vectornav_msgs) by extension 'ros'
[3.592s] DEBUG:colcon.colcon_core.package_identification:Package 'src/vectornav/vectornav_msgs' with type 'ros.ament_cmake' and name 'vectornav_msgs'
[3.592s] Level 1:colcon.colcon_core.package_discovery:discover_packages(recursive) using defaults
[3.593s] Level 1:colcon.colcon_core.package_discovery:discover_packages(ignore) discover
[3.593s] Level 1:colcon.colcon_core.package_discovery:discover_packages(ignore) using defaults
[3.593s] Level 1:colcon.colcon_core.package_discovery:discover_packages(path) discover
[3.593s] Level 1:colcon.colcon_core.package_discovery:discover_packages(path) using defaults
[3.703s] Level 1:colcon.colcon_core.package_discovery:discover_packages(prefix_path) check parameters
[3.704s] Level 1:colcon.colcon_core.package_discovery:discover_packages(prefix_path) discover
[3.738s] DEBUG:colcon.colcon_installed_package_information.package_discovery:Found 4 installed packages in /home/roboboat/RoboBoat_Cyber_Minority/ROS2_Imp/ros2_foxy/install
[3.755s] DEBUG:colcon.colcon_installed_package_information.package_discovery:Found 260 installed packages in /opt/ros/foxy
[3.757s] Level 1:colcon.colcon_core.package_discovery:discover_packages(prefix_path) using defaults
[3.853s] Level 5:colcon.colcon_core.verb:set package 'finals_tasks' build argument 'cmake_args' from command line to 'None'
[3.853s] Level 5:colcon.colcon_core.verb:set package 'finals_tasks' build argument 'cmake_target' from command line to 'None'
[3.853s] Level 5:colcon.colcon_core.verb:set package 'finals_tasks' build argument 'cmake_target_skip_unavailable' from command line to 'False'
[3.853s] Level 5:colcon.colcon_core.verb:set package 'finals_tasks' build argument 'cmake_clean_cache' from command line to 'False'
[3.853s] Level 5:colcon.colcon_core.verb:set package 'finals_tasks' build argument 'cmake_clean_first' from command line to 'False'
[3.853s] Level 5:colcon.colcon_core.verb:set package 'finals_tasks' build argument 'cmake_force_configure' from command line to 'False'
[3.853s] Level 5:colcon.colcon_core.verb:set package 'finals_tasks' build argument 'ament_cmake_args' from command line to 'None'
[3.854s] Level 5:colcon.colcon_core.verb:set package 'finals_tasks' build argument 'catkin_cmake_args' from command line to 'None'
[3.854s] Level 5:colcon.colcon_core.verb:set package 'finals_tasks' build argument 'catkin_skip_building_tests' from command line to 'False'
[3.854s] DEBUG:colcon.colcon_core.verb:Building package 'finals_tasks' with the following arguments: {'ament_cmake_args': None, 'build_base': '/home/roboboat/RoboBoat_Cyber_Minority/Comp_2024/GPS_Related_Tasks/build/finals_tasks', 'catkin_cmake_args': None, 'catkin_skip_building_tests': False, 'cmake_args': None, 'cmake_clean_cache': False, 'cmake_clean_first': False, 'cmake_force_configure': False, 'cmake_target': None, 'cmake_target_skip_unavailable': False, 'install_base': '/home/roboboat/RoboBoat_Cyber_Minority/Comp_2024/GPS_Related_Tasks/install/finals_tasks', 'merge_install': False, 'path': '/home/roboboat/RoboBoat_Cyber_Minority/Comp_2024/GPS_Related_Tasks/src/finals_tasks', 'symlink_install': False, 'test_result_base': None}
[3.869s] Level 5:colcon.colcon_core.verb:set package 'task2' build argument 'cmake_args' from command line to 'None'
[3.869s] Level 5:colcon.colcon_core.verb:set package 'task2' build argument 'cmake_target' from command line to 'None'
[3.870s] Level 5:colcon.colcon_core.verb:set package 'task2' build argument 'cmake_target_skip_unavailable' from command line to 'False'
[3.870s] Level 5:colcon.colcon_core.verb:set package 'task2' build argument 'cmake_clean_cache' from command line to 'False'
[3.870s] Level 5:colcon.colcon_core.verb:set package 'task2' build argument 'cmake_clean_first' from command line to 'False'
[3.870s] Level 5:colcon.colcon_core.verb:set package 'task2' build argument 'cmake_force_configure' from command line to 'False'
[3.870s] Level 5:colcon.colcon_core.verb:set package 'task2' build argument 'ament_cmake_args' from command line to 'None'
[3.870s] Level 5:colcon.colcon_core.verb:set package 'task2' build argument 'catkin_cmake_args' from command line to 'None'
[3.870s] Level 5:colcon.colcon_core.verb:set package 'task2' build argument 'catkin_skip_building_tests' from command line to 'False'
[3.870s] DEBUG:colcon.colcon_core.verb:Building package 'task2' with the following arguments: {'ament_cmake_args': None, 'build_base': '/home/roboboat/RoboBoat_Cyber_Minority/Comp_2024/GPS_Related_Tasks/build/task2', 'catkin_cmake_args': None, 'catkin_skip_building_tests': False, 'cmake_args': None, 'cmake_clean_cache': False, 'cmake_clean_first': False, 'cmake_force_configure': False, 'cmake_target': None, 'cmake_target_skip_unavailable': False, 'install_base': '/home/roboboat/RoboBoat_Cyber_Minority/Comp_2024/GPS_Related_Tasks/install/task2', 'merge_install': False, 'path': '/home/roboboat/RoboBoat_Cyber_Minority/Comp_2024/GPS_Related_Tasks/src/task2', 'symlink_install': False, 'test_result_base': None}
[3.886s] Level 5:colcon.colcon_core.verb:set package 'task8' build argument 'cmake_args' from command line to 'None'
[3.886s] Level 5:colcon.colcon_core.verb:set package 'task8' build argument 'cmake_target' from command line to 'None'
[3.886s] Level 5:colcon.colcon_core.verb:set package 'task8' build argument 'cmake_target_skip_unavailable' from command line to 'False'
[3.886s] Level 5:colcon.colcon_core.verb:set package 'task8' build argument 'cmake_clean_cache' from command line to 'False'
[3.886s] Level 5:colcon.colcon_core.verb:set package 'task8' build argument 'cmake_clean_first' from command line to 'False'
[3.886s] Level 5:colcon.colcon_core.verb:set package 'task8' build argument 'cmake_force_configure' from command line to 'False'
[3.886s] Level 5:colcon.colcon_core.verb:set package 'task8' build argument 'ament_cmake_args' from command line to 'None'
[3.886s] Level 5:colcon.colcon_core.verb:set package 'task8' build argument 'catkin_cmake_args' from command line to 'None'
[3.886s] Level 5:colcon.colcon_core.verb:set package 'task8' build argument 'catkin_skip_building_tests' from command line to 'False'
[3.886s] DEBUG:colcon.colcon_core.verb:Building package 'task8' with the following arguments: {'ament_cmake_args': None, 'build_base': '/home/roboboat/RoboBoat_Cyber_Minority/Comp_2024/GPS_Related_Tasks/build/task8', 'catkin_cmake_args': None, 'catkin_skip_building_tests': False, 'cmake_args': None, 'cmake_clean_cache': False, 'cmake_clean_first': False, 'cmake_force_configure': False, 'cmake_target': None, 'cmake_target_skip_unavailable': False, 'install_base': '/home/roboboat/RoboBoat_Cyber_Minority/Comp_2024/GPS_Related_Tasks/install/task8', 'merge_install': False, 'path': '/home/roboboat/RoboBoat_Cyber_Minority/Comp_2024/GPS_Related_Tasks/src/task8', 'symlink_install': False, 'test_result_base': None}
[3.902s] Level 5:colcon.colcon_core.verb:set package 'urg_node' build argument 'cmake_args' from command line to 'None'
[3.902s] Level 5:colcon.colcon_core.verb:set package 'urg_node' build argument 'cmake_target' from command line to 'None'
[3.902s] Level 5:colcon.colcon_core.verb:set package 'urg_node' build argument 'cmake_target_skip_unavailable' from command line to 'False'
[3.902s] Level 5:colcon.colcon_core.verb:set package 'urg_node' build argument 'cmake_clean_cache' from command line to 'False'
[3.902s] Level 5:colcon.colcon_core.verb:set package 'urg_node' build argument 'cmake_clean_first' from command line to 'False'
[3.902s] Level 5:colcon.colcon_core.verb:set package 'urg_node' build argument 'cmake_force_configure' from command line to 'False'
[3.902s] Level 5:colcon.colcon_core.verb:set package 'urg_node' build argument 'ament_cmake_args' from command line to 'None'
[3.902s] Level 5:colcon.colcon_core.verb:set package 'urg_node' build argument 'catkin_cmake_args' from command line to 'None'
[3.902s] Level 5:colcon.colcon_core.verb:set package 'urg_node' build argument 'catkin_skip_building_tests' from command line to 'False'
[3.902s] DEBUG:colcon.colcon_core.verb:Building package 'urg_node' with the following arguments: {'ament_cmake_args': None, 'build_base': '/home/roboboat/RoboBoat_Cyber_Minority/Comp_2024/GPS_Related_Tasks/build/urg_node', 'catkin_cmake_args': None, 'catkin_skip_building_tests': False, 'cmake_args': None, 'cmake_clean_cache': False, 'cmake_clean_first': False, 'cmake_force_configure': False, 'cmake_target': None, 'cmake_target_skip_unavailable': False, 'install_base': '/home/roboboat/RoboBoat_Cyber_Minority/Comp_2024/GPS_Related_Tasks/install/urg_node', 'merge_install': False, 'path': '/home/roboboat/RoboBoat_Cyber_Minority/Comp_2024/GPS_Related_Tasks/src/urg_node', 'symlink_install': False, 'test_result_base': None}
[3.918s] Level 5:colcon.colcon_core.verb:set package 'vectornav_msgs' build argument 'cmake_args' from command line to 'None'
[3.918s] Level 5:colcon.colcon_core.verb:set package 'vectornav_msgs' build argument 'cmake_target' from command line to 'None'
[3.918s] Level 5:colcon.colcon_core.verb:set package 'vectornav_msgs' build argument 'cmake_target_skip_unavailable' from command line to 'False'
[3.918s] Level 5:colcon.colcon_core.verb:set package 'vectornav_msgs' build argument 'cmake_clean_cache' from command line to 'False'
[3.918s] Level 5:colcon.colcon_core.verb:set package 'vectornav_msgs' build argument 'cmake_clean_first' from command line to 'False'
[3.918s] Level 5:colcon.colcon_core.verb:set package 'vectornav_msgs' build argument 'cmake_force_configure' from command line to 'False'
[3.918s] Level 5:colcon.colcon_core.verb:set package 'vectornav_msgs' build argument 'ament_cmake_args' from command line to 'None'
[3.918s] Level 5:colcon.colcon_core.verb:set package 'vectornav_msgs' build argument 'catkin_cmake_args' from command line to 'None'
[3.919s] Level 5:colcon.colcon_core.verb:set package 'vectornav_msgs' build argument 'catkin_skip_building_tests' from command line to 'False'
[3.919s] DEBUG:colcon.colcon_core.verb:Building package 'vectornav_msgs' with the following arguments: {'ament_cmake_args': None, 'build_base': '/home/roboboat/RoboBoat_Cyber_Minority/Comp_2024/GPS_Related_Tasks/build/vectornav_msgs', 'catkin_cmake_args': None, 'catkin_skip_building_tests': False, 'cmake_args': None, 'cmake_clean_cache': False, 'cmake_clean_first': False, 'cmake_force_configure': False, 'cmake_target': None, 'cmake_target_skip_unavailable': False, 'install_base': '/home/roboboat/RoboBoat_Cyber_Minority/Comp_2024/GPS_Related_Tasks/install/vectornav_msgs', 'merge_install': False, 'path': '/home/roboboat/RoboBoat_Cyber_Minority/Comp_2024/GPS_Related_Tasks/src/vectornav/vectornav_msgs', 'symlink_install': False, 'test_result_base': None}
[3.934s] Level 5:colcon.colcon_core.verb:set package 'vectornav' build argument 'cmake_args' from command line to 'None'
[3.934s] Level 5:colcon.colcon_core.verb:set package 'vectornav' build argument 'cmake_target' from command line to 'None'
[3.934s] Level 5:colcon.colcon_core.verb:set package 'vectornav' build argument 'cmake_target_skip_unavailable' from command line to 'False'
[3.934s] Level 5:colcon.colcon_core.verb:set package 'vectornav' build argument 'cmake_clean_cache' from command line to 'False'
[3.935s] Level 5:colcon.colcon_core.verb:set package 'vectornav' build argument 'cmake_clean_first' from command line to 'False'
[3.935s] Level 5:colcon.colcon_core.verb:set package 'vectornav' build argument 'cmake_force_configure' from command line to 'False'
[3.935s] Level 5:colcon.colcon_core.verb:set package 'vectornav' build argument 'ament_cmake_args' from command line to 'None'
[3.935s] Level 5:colcon.colcon_core.verb:set package 'vectornav' build argument 'catkin_cmake_args' from command line to 'None'
[3.935s] Level 5:colcon.colcon_core.verb:set package 'vectornav' build argument 'catkin_skip_building_tests' from command line to 'False'
[3.935s] DEBUG:colcon.colcon_core.verb:Building package 'vectornav' with the following arguments: {'ament_cmake_args': None, 'build_base': '/home/roboboat/RoboBoat_Cyber_Minority/Comp_2024/GPS_Related_Tasks/build/vectornav', 'catkin_cmake_args': None, 'catkin_skip_building_tests': False, 'cmake_args': None, 'cmake_clean_cache': False, 'cmake_clean_first': False, 'cmake_force_configure': False, 'cmake_target': None, 'cmake_target_skip_unavailable': False, 'install_base': '/home/roboboat/RoboBoat_Cyber_Minority/Comp_2024/GPS_Related_Tasks/install/vectornav', 'merge_install': False, 'path': '/home/roboboat/RoboBoat_Cyber_Minority/Comp_2024/GPS_Related_Tasks/src/vectornav/vectornav', 'symlink_install': False, 'test_result_base': None}
[3.950s] Level 5:colcon.colcon_core.verb:set package 'task1' build argument 'cmake_args' from command line to 'None'
[3.951s] Level 5:colcon.colcon_core.verb:set package 'task1' build argument 'cmake_target' from command line to 'None'
[3.951s] Level 5:colcon.colcon_core.verb:set package 'task1' build argument 'cmake_target_skip_unavailable' from command line to 'False'
[3.951s] Level 5:colcon.colcon_core.verb:set package 'task1' build argument 'cmake_clean_cache' from command line to 'False'
[3.951s] Level 5:colcon.colcon_core.verb:set package 'task1' build argument 'cmake_clean_first' from command line to 'False'
[3.951s] Level 5:colcon.colcon_core.verb:set package 'task1' build argument 'cmake_force_configure' from command line to 'False'
[3.951s] Level 5:colcon.colcon_core.verb:set package 'task1' build argument 'ament_cmake_args' from command line to 'None'
[3.951s] Level 5:colcon.colcon_core.verb:set package 'task1' build argument 'catkin_cmake_args' from command line to 'None'
[3.951s] Level 5:colcon.colcon_core.verb:set package 'task1' build argument 'catkin_skip_building_tests' from command line to 'False'
[3.951s] DEBUG:colcon.colcon_core.verb:Building package 'task1' with the following arguments: {'ament_cmake_args': None, 'build_base': '/home/roboboat/RoboBoat_Cyber_Minority/Comp_2024/GPS_Related_Tasks/build/task1', 'catkin_cmake_args': None, 'catkin_skip_building_tests': False, 'cmake_args': None, 'cmake_clean_cache': False, 'cmake_clean_first': False, 'cmake_force_configure': False, 'cmake_target': None, 'cmake_target_skip_unavailable': False, 'install_base': '/home/roboboat/RoboBoat_Cyber_Minority/Comp_2024/GPS_Related_Tasks/install/task1', 'merge_install': False, 'path': '/home/roboboat/RoboBoat_Cyber_Minority/Comp_2024/GPS_Related_Tasks/src/task1', 'symlink_install': False, 'test_result_base': None}
[3.966s] INFO:colcon.colcon_core.executor:Executing jobs using 'parallel' executor
[3.984s] DEBUG:colcon.colcon_parallel_executor.executor.parallel:run_until_complete
[3.984s] INFO:colcon.colcon_ros.task.ament_cmake.build:Building ROS package in '/home/roboboat/RoboBoat_Cyber_Minority/Comp_2024/GPS_Related_Tasks/src/vectornav/vectornav_msgs' with build type 'ament_cmake'
[3.984s] INFO:colcon.colcon_cmake.task.cmake.build:Building CMake package in '/home/roboboat/RoboBoat_Cyber_Minority/Comp_2024/GPS_Related_Tasks/src/vectornav/vectornav_msgs'
[4.004s] INFO:colcon.colcon_core.plugin_system:Skipping extension 'colcon_core.shell.bat': Not used on non-Windows systems
[4.004s] INFO:colcon.colcon_core.shell:Skip shell extension 'powershell' for command environment: Not usable outside of PowerShell
[4.004s] DEBUG:colcon.colcon_core.shell:Skip shell extension 'dsv' for command environment
[4.065s] INFO:colcon.colcon_ros.task.ament_cmake.build:Building ROS package in '/home/roboboat/RoboBoat_Cyber_Minority/Comp_2024/GPS_Related_Tasks/src/finals_tasks' with build type 'ament_cmake'
[4.066s] INFO:colcon.colcon_cmake.task.cmake.build:Building CMake package in '/home/roboboat/RoboBoat_Cyber_Minority/Comp_2024/GPS_Related_Tasks/src/finals_tasks'
[4.084s] INFO:colcon.colcon_core.shell:Skip shell extension 'powershell' for command environment: Not usable outside of PowerShell
[4.084s] DEBUG:colcon.colcon_core.shell:Skip shell extension 'dsv' for command environment
[4.144s] INFO:colcon.colcon_ros.task.ament_cmake.build:Building ROS package in '/home/roboboat/RoboBoat_Cyber_Minority/Comp_2024/GPS_Related_Tasks/src/task2' with build type 'ament_cmake'
[4.145s] INFO:colcon.colcon_cmake.task.cmake.build:Building CMake package in '/home/roboboat/RoboBoat_Cyber_Minority/Comp_2024/GPS_Related_Tasks/src/task2'
[4.163s] INFO:colcon.colcon_core.shell:Skip shell extension 'powershell' for command environment: Not usable outside of PowerShell
[4.164s] DEBUG:colcon.colcon_core.shell:Skip shell extension 'dsv' for command environment
[4.228s] INFO:colcon.colcon_ros.task.ament_cmake.build:Building ROS package in '/home/roboboat/RoboBoat_Cyber_Minority/Comp_2024/GPS_Related_Tasks/src/task8' with build type 'ament_cmake'
[4.230s] INFO:colcon.colcon_cmake.task.cmake.build:Building CMake package in '/home/roboboat/RoboBoat_Cyber_Minority/Comp_2024/GPS_Related_Tasks/src/task8'
[4.251s] INFO:colcon.colcon_core.shell:Skip shell extension 'powershell' for command environment: Not usable outside of PowerShell
[4.251s] DEBUG:colcon.colcon_core.shell:Skip shell extension 'dsv' for command environment
[4.312s] INFO:colcon.colcon_ros.task.ament_cmake.build:Building ROS package in '/home/roboboat/RoboBoat_Cyber_Minority/Comp_2024/GPS_Related_Tasks/src/urg_node' with build type 'ament_cmake'
[4.313s] INFO:colcon.colcon_cmake.task.cmake.build:Building CMake package in '/home/roboboat/RoboBoat_Cyber_Minority/Comp_2024/GPS_Related_Tasks/src/urg_node'
[4.332s] INFO:colcon.colcon_core.shell:Skip shell extension 'powershell' for command environment: Not usable outside of PowerShell
[4.332s] DEBUG:colcon.colcon_core.shell:Skip shell extension 'dsv' for command environment
[4.402s] DEBUG:colcon.colcon_core.event_handler.log_command:Invoking command in '/home/roboboat/RoboBoat_Cyber_Minority/Comp_2024/GPS_Related_Tasks/build/vectornav_msgs': CMAKE_PREFIX_PATH=${CMAKE_PREFIX_PATH}:/opt/ros/foxy /usr/bin/cmake --build /home/roboboat/RoboBoat_Cyber_Minority/Comp_2024/GPS_Related_Tasks/build/vectornav_msgs -- -j12 -l12
[4.418s] DEBUG:colcon.colcon_core.event_handler.log_command:Invoking command in '/home/roboboat/RoboBoat_Cyber_Minority/Comp_2024/GPS_Related_Tasks/build/finals_tasks': CMAKE_PREFIX_PATH=${CMAKE_PREFIX_PATH}:/opt/ros/foxy /usr/bin/cmake --build /home/roboboat/RoboBoat_Cyber_Minority/Comp_2024/GPS_Related_Tasks/build/finals_tasks -- -j12 -l12
[4.426s] DEBUG:colcon.colcon_core.event_handler.log_command:Invoking command in '/home/roboboat/RoboBoat_Cyber_Minority/Comp_2024/GPS_Related_Tasks/build/task2': CMAKE_PREFIX_PATH=${CMAKE_PREFIX_PATH}:/opt/ros/foxy /usr/bin/cmake --build /home/roboboat/RoboBoat_Cyber_Minority/Comp_2024/GPS_Related_Tasks/build/task2 -- -j12 -l12
[4.434s] DEBUG:colcon.colcon_core.event_handler.log_command:Invoking command in '/home/roboboat/RoboBoat_Cyber_Minority/Comp_2024/GPS_Related_Tasks/build/task8': CMAKE_PREFIX_PATH=${CMAKE_PREFIX_PATH}:/opt/ros/foxy /usr/bin/cmake --build /home/roboboat/RoboBoat_Cyber_Minority/Comp_2024/GPS_Related_Tasks/build/task8 -- -j12 -l12
[4.452s] DEBUG:colcon.colcon_core.event_handler.log_command:Invoking command in '/home/roboboat/RoboBoat_Cyber_Minority/Comp_2024/GPS_Related_Tasks/build/urg_node': CMAKE_PREFIX_PATH=${CMAKE_PREFIX_PATH}:/opt/ros/foxy /usr/bin/cmake --build /home/roboboat/RoboBoat_Cyber_Minority/Comp_2024/GPS_Related_Tasks/build/urg_node -- -j12 -l12
[4.483s] DEBUG:colcon.colcon_core.event_handler.log_command:Invoked command in '/home/roboboat/RoboBoat_Cyber_Minority/Comp_2024/GPS_Related_Tasks/build/finals_tasks' returned '0': CMAKE_PREFIX_PATH=${CMAKE_PREFIX_PATH}:/opt/ros/foxy /usr/bin/cmake --build /home/roboboat/RoboBoat_Cyber_Minority/Comp_2024/GPS_Related_Tasks/build/finals_tasks -- -j12 -l12
[4.494s] DEBUG:colcon.colcon_core.event_handler.log_command:Invoked command in '/home/roboboat/RoboBoat_Cyber_Minority/Comp_2024/GPS_Related_Tasks/build/task2' returned '0': CMAKE_PREFIX_PATH=${CMAKE_PREFIX_PATH}:/opt/ros/foxy /usr/bin/cmake --build /home/roboboat/RoboBoat_Cyber_Minority/Comp_2024/GPS_Related_Tasks/build/task2 -- -j12 -l12
[4.504s] DEBUG:colcon.colcon_core.event_handler.log_command:Invoked command in '/home/roboboat/RoboBoat_Cyber_Minority/Comp_2024/GPS_Related_Tasks/build/task8' returned '0': CMAKE_PREFIX_PATH=${CMAKE_PREFIX_PATH}:/opt/ros/foxy /usr/bin/cmake --build /home/roboboat/RoboBoat_Cyber_Minority/Comp_2024/GPS_Related_Tasks/build/task8 -- -j12 -l12
[4.551s] DEBUG:colcon.colcon_core.event_handler.log_command:Invoking command in '/home/roboboat/RoboBoat_Cyber_Minority/Comp_2024/GPS_Related_Tasks/build/finals_tasks': CMAKE_PREFIX_PATH=${CMAKE_PREFIX_PATH}:/opt/ros/foxy /usr/bin/cmake --install /home/roboboat/RoboBoat_Cyber_Minority/Comp_2024/GPS_Related_Tasks/build/finals_tasks
[4.560s] DEBUG:colcon.colcon_core.event_handler.log_command:Invoking command in '/home/roboboat/RoboBoat_Cyber_Minority/Comp_2024/GPS_Related_Tasks/build/task2': CMAKE_PREFIX_PATH=${CMAKE_PREFIX_PATH}:/opt/ros/foxy /usr/bin/cmake --install /home/roboboat/RoboBoat_Cyber_Minority/Comp_2024/GPS_Related_Tasks/build/task2
[4.566s] DEBUG:colcon.colcon_core.event_handler.log_command:Invoking command in '/home/roboboat/RoboBoat_Cyber_Minority/Comp_2024/GPS_Related_Tasks/build/task8': CMAKE_PREFIX_PATH=${CMAKE_PREFIX_PATH}:/opt/ros/foxy /usr/bin/cmake --install /home/roboboat/RoboBoat_Cyber_Minority/Comp_2024/GPS_Related_Tasks/build/task8
[4.575s] Level 1:colcon.colcon_core.environment:create_environment_scripts_only(finals_tasks)
[4.580s] DEBUG:colcon.colcon_core.event_handler.log_command:Invoked command in '/home/roboboat/RoboBoat_Cyber_Minority/Comp_2024/GPS_Related_Tasks/build/finals_tasks' returned '0': CMAKE_PREFIX_PATH=${CMAKE_PREFIX_PATH}:/opt/ros/foxy /usr/bin/cmake --install /home/roboboat/RoboBoat_Cyber_Minority/Comp_2024/GPS_Related_Tasks/build/finals_tasks
[4.605s] Level 1:colcon.colcon_core.environment:checking '/home/roboboat/RoboBoat_Cyber_Minority/Comp_2024/GPS_Related_Tasks/install/finals_tasks' for CMake module files
[4.606s] Level 1:colcon.colcon_core.environment:checking '/home/roboboat/RoboBoat_Cyber_Minority/Comp_2024/GPS_Related_Tasks/install/finals_tasks' for CMake config files
[4.606s] Level 1:colcon.colcon_core.shell:create_environment_hook('finals_tasks', 'cmake_prefix_path')
[4.624s] INFO:colcon.colcon_core.shell:Creating environment hook '/home/roboboat/RoboBoat_Cyber_Minority/Comp_2024/GPS_Related_Tasks/install/finals_tasks/share/finals_tasks/hook/cmake_prefix_path.ps1'
[4.625s] INFO:colcon.colcon_core.shell:Creating environment descriptor '/home/roboboat/RoboBoat_Cyber_Minority/Comp_2024/GPS_Related_Tasks/install/finals_tasks/share/finals_tasks/hook/cmake_prefix_path.dsv'
[4.626s] INFO:colcon.colcon_core.shell:Creating environment hook '/home/roboboat/RoboBoat_Cyber_Minority/Comp_2024/GPS_Related_Tasks/install/finals_tasks/share/finals_tasks/hook/cmake_prefix_path.sh'
[4.630s] Level 1:colcon.colcon_core.environment:checking '/home/roboboat/RoboBoat_Cyber_Minority/Comp_2024/GPS_Related_Tasks/install/finals_tasks/bin'
[4.630s] Level 1:colcon.colcon_core.environment:checking '/home/roboboat/RoboBoat_Cyber_Minority/Comp_2024/GPS_Related_Tasks/install/finals_tasks/lib/pkgconfig/finals_tasks.pc'
[4.631s] Level 1:colcon.colcon_core.environment:checking '/home/roboboat/RoboBoat_Cyber_Minority/Comp_2024/GPS_Related_Tasks/install/finals_tasks/lib/python3.8/site-packages'
[4.631s] Level 1:colcon.colcon_core.environment:checking '/home/roboboat/RoboBoat_Cyber_Minority/Comp_2024/GPS_Related_Tasks/install/finals_tasks/bin'
[4.650s] INFO:colcon.colcon_core.shell:Creating package script '/home/roboboat/RoboBoat_Cyber_Minority/Comp_2024/GPS_Related_Tasks/install/finals_tasks/share/finals_tasks/package.ps1'
[4.652s] INFO:colcon.colcon_core.shell:Creating package descriptor '/home/roboboat/RoboBoat_Cyber_Minority/Comp_2024/GPS_Related_Tasks/install/finals_tasks/share/finals_tasks/package.dsv'
[4.654s] INFO:colcon.colcon_core.shell:Creating package script '/home/roboboat/RoboBoat_Cyber_Minority/Comp_2024/GPS_Related_Tasks/install/finals_tasks/share/finals_tasks/package.sh'
[4.657s] INFO:colcon.colcon_core.shell:Creating package script '/home/roboboat/RoboBoat_Cyber_Minority/Comp_2024/GPS_Related_Tasks/install/finals_tasks/share/finals_tasks/package.bash'
[4.658s] INFO:colcon.colcon_core.shell:Creating package script '/home/roboboat/RoboBoat_Cyber_Minority/Comp_2024/GPS_Related_Tasks/install/finals_tasks/share/finals_tasks/package.zsh'
[4.659s] Level 1:colcon.colcon_core.environment:create_file_with_runtime_dependencies(/home/roboboat/RoboBoat_Cyber_Minority/Comp_2024/GPS_Related_Tasks/install/finals_tasks/share/colcon-core/packages/finals_tasks)
[4.669s] Level 1:colcon.colcon_core.environment:create_environment_scripts_only(task2)
[4.670s] DEBUG:colcon.colcon_core.event_handler.log_command:Invoked command in '/home/roboboat/RoboBoat_Cyber_Minority/Comp_2024/GPS_Related_Tasks/build/task2' returned '0': CMAKE_PREFIX_PATH=${CMAKE_PREFIX_PATH}:/opt/ros/foxy /usr/bin/cmake --install /home/roboboat/RoboBoat_Cyber_Minority/Comp_2024/GPS_Related_Tasks/build/task2
[4.690s] Level 1:colcon.colcon_core.environment:checking '/home/roboboat/RoboBoat_Cyber_Minority/Comp_2024/GPS_Related_Tasks/install/task2' for CMake module files
[4.691s] Level 1:colcon.colcon_core.environment:checking '/home/roboboat/RoboBoat_Cyber_Minority/Comp_2024/GPS_Related_Tasks/install/task2' for CMake config files
[4.692s] Level 1:colcon.colcon_core.shell:create_environment_hook('task2', 'cmake_prefix_path')
[4.745s] INFO:colcon.colcon_core.shell:Creating environment hook '/home/roboboat/RoboBoat_Cyber_Minority/Comp_2024/GPS_Related_Tasks/install/task2/share/task2/hook/cmake_prefix_path.ps1'
[4.746s] INFO:colcon.colcon_core.shell:Creating environment descriptor '/home/roboboat/RoboBoat_Cyber_Minority/Comp_2024/GPS_Related_Tasks/install/task2/share/task2/hook/cmake_prefix_path.dsv'
[4.747s] INFO:colcon.colcon_core.shell:Creating environment hook '/home/roboboat/RoboBoat_Cyber_Minority/Comp_2024/GPS_Related_Tasks/install/task2/share/task2/hook/cmake_prefix_path.sh'
[4.749s] Level 1:colcon.colcon_core.environment:checking '/home/roboboat/RoboBoat_Cyber_Minority/Comp_2024/GPS_Related_Tasks/install/task2/bin'
[4.749s] Level 1:colcon.colcon_core.environment:checking '/home/roboboat/RoboBoat_Cyber_Minority/Comp_2024/GPS_Related_Tasks/install/task2/lib/pkgconfig/task2.pc'
[4.749s] Level 1:colcon.colcon_core.environment:checking '/home/roboboat/RoboBoat_Cyber_Minority/Comp_2024/GPS_Related_Tasks/install/task2/lib/python3.8/site-packages'
[4.749s] Level 1:colcon.colcon_core.environment:checking '/home/roboboat/RoboBoat_Cyber_Minority/Comp_2024/GPS_Related_Tasks/install/task2/bin'
[4.768s] INFO:colcon.colcon_core.shell:Creating package script '/home/roboboat/RoboBoat_Cyber_Minority/Comp_2024/GPS_Related_Tasks/install/task2/share/task2/package.ps1'
[4.769s] INFO:colcon.colcon_core.shell:Creating package descriptor '/home/roboboat/RoboBoat_Cyber_Minority/Comp_2024/GPS_Related_Tasks/install/task2/share/task2/package.dsv'
[4.771s] INFO:colcon.colcon_core.shell:Creating package script '/home/roboboat/RoboBoat_Cyber_Minority/Comp_2024/GPS_Related_Tasks/install/task2/share/task2/package.sh'
[4.772s] INFO:colcon.colcon_core.shell:Creating package script '/home/roboboat/RoboBoat_Cyber_Minority/Comp_2024/GPS_Related_Tasks/install/task2/share/task2/package.bash'
[4.772s] INFO:colcon.colcon_core.shell:Creating package script '/home/roboboat/RoboBoat_Cyber_Minority/Comp_2024/GPS_Related_Tasks/install/task2/share/task2/package.zsh'
[4.773s] Level 1:colcon.colcon_core.environment:create_file_with_runtime_dependencies(/home/roboboat/RoboBoat_Cyber_Minority/Comp_2024/GPS_Related_Tasks/install/task2/share/colcon-core/packages/task2)
[4.781s] Level 1:colcon.colcon_core.environment:create_environment_scripts_only(task8)
[4.782s] DEBUG:colcon.colcon_core.event_handler.log_command:Invoked command in '/home/roboboat/RoboBoat_Cyber_Minority/Comp_2024/GPS_Related_Tasks/build/task8' returned '0': CMAKE_PREFIX_PATH=${CMAKE_PREFIX_PATH}:/opt/ros/foxy /usr/bin/cmake --install /home/roboboat/RoboBoat_Cyber_Minority/Comp_2024/GPS_Related_Tasks/build/task8
[4.802s] Level 1:colcon.colcon_core.environment:checking '/home/roboboat/RoboBoat_Cyber_Minority/Comp_2024/GPS_Related_Tasks/install/task8' for CMake module files
[4.803s] Level 1:colcon.colcon_core.environment:checking '/home/roboboat/RoboBoat_Cyber_Minority/Comp_2024/GPS_Related_Tasks/install/task8' for CMake config files
[4.803s] Level 1:colcon.colcon_core.shell:create_environment_hook('task8', 'cmake_prefix_path')
[4.820s] INFO:colcon.colcon_core.shell:Creating environment hook '/home/roboboat/RoboBoat_Cyber_Minority/Comp_2024/GPS_Related_Tasks/install/task8/share/task8/hook/cmake_prefix_path.ps1'
[4.821s] INFO:colcon.colcon_core.shell:Creating environment descriptor '/home/roboboat/RoboBoat_Cyber_Minority/Comp_2024/GPS_Related_Tasks/install/task8/share/task8/hook/cmake_prefix_path.dsv'
[4.822s] INFO:colcon.colcon_core.shell:Creating environment hook '/home/roboboat/RoboBoat_Cyber_Minority/Comp_2024/GPS_Related_Tasks/install/task8/share/task8/hook/cmake_prefix_path.sh'
[4.826s] Level 1:colcon.colcon_core.environment:checking '/home/roboboat/RoboBoat_Cyber_Minority/Comp_2024/GPS_Related_Tasks/install/task8/bin'
[4.826s] Level 1:colcon.colcon_core.environment:checking '/home/roboboat/RoboBoat_Cyber_Minority/Comp_2024/GPS_Related_Tasks/install/task8/lib/pkgconfig/task8.pc'
[4.827s] Level 1:colcon.colcon_core.environment:checking '/home/roboboat/RoboBoat_Cyber_Minority/Comp_2024/GPS_Related_Tasks/install/task8/lib/python3.8/site-packages'
[4.827s] Level 1:colcon.colcon_core.environment:checking '/home/roboboat/RoboBoat_Cyber_Minority/Comp_2024/GPS_Related_Tasks/install/task8/bin'
[4.844s] INFO:colcon.colcon_core.shell:Creating package script '/home/roboboat/RoboBoat_Cyber_Minority/Comp_2024/GPS_Related_Tasks/install/task8/share/task8/package.ps1'
[4.845s] INFO:colcon.colcon_core.shell:Creating package descriptor '/home/roboboat/RoboBoat_Cyber_Minority/Comp_2024/GPS_Related_Tasks/install/task8/share/task8/package.dsv'
[4.846s] INFO:colcon.colcon_core.shell:Creating package script '/home/roboboat/RoboBoat_Cyber_Minority/Comp_2024/GPS_Related_Tasks/install/task8/share/task8/package.sh'
[4.847s] INFO:colcon.colcon_core.shell:Creating package script '/home/roboboat/RoboBoat_Cyber_Minority/Comp_2024/GPS_Related_Tasks/install/task8/share/task8/package.bash'
[4.847s] INFO:colcon.colcon_core.shell:Creating package script '/home/roboboat/RoboBoat_Cyber_Minority/Comp_2024/GPS_Related_Tasks/install/task8/share/task8/package.zsh'
[4.848s] Level 1:colcon.colcon_core.environment:create_file_with_runtime_dependencies(/home/roboboat/RoboBoat_Cyber_Minority/Comp_2024/GPS_Related_Tasks/install/task8/share/colcon-core/packages/task8)
[4.857s] DEBUG:colcon.colcon_core.event_handler.log_command:Invoked command in '/home/roboboat/RoboBoat_Cyber_Minority/Comp_2024/GPS_Related_Tasks/build/urg_node' returned '0': CMAKE_PREFIX_PATH=${CMAKE_PREFIX_PATH}:/opt/ros/foxy /usr/bin/cmake --build /home/roboboat/RoboBoat_Cyber_Minority/Comp_2024/GPS_Related_Tasks/build/urg_node -- -j12 -l12
[4.885s] Level 1:colcon.colcon_core.environment:create_environment_scripts_only(finals_tasks)
[4.902s] Level 1:colcon.colcon_core.environment:checking '/home/roboboat/RoboBoat_Cyber_Minority/Comp_2024/GPS_Related_Tasks/install/finals_tasks' for CMake module files
[4.903s] Level 1:colcon.colcon_core.environment:checking '/home/roboboat/RoboBoat_Cyber_Minority/Comp_2024/GPS_Related_Tasks/install/finals_tasks' for CMake config files
[4.903s] Level 1:colcon.colcon_core.shell:create_environment_hook('finals_tasks', 'cmake_prefix_path')
[4.920s] INFO:colcon.colcon_core.shell:Creating environment hook '/home/roboboat/RoboBoat_Cyber_Minority/Comp_2024/GPS_Related_Tasks/install/finals_tasks/share/finals_tasks/hook/cmake_prefix_path.ps1'
[4.921s] INFO:colcon.colcon_core.shell:Creating environment descriptor '/home/roboboat/RoboBoat_Cyber_Minority/Comp_2024/GPS_Related_Tasks/install/finals_tasks/share/finals_tasks/hook/cmake_prefix_path.dsv'
[4.922s] INFO:colcon.colcon_core.shell:Creating environment hook '/home/roboboat/RoboBoat_Cyber_Minority/Comp_2024/GPS_Related_Tasks/install/finals_tasks/share/finals_tasks/hook/cmake_prefix_path.sh'
[4.926s] Level 1:colcon.colcon_core.environment:checking '/home/roboboat/RoboBoat_Cyber_Minority/Comp_2024/GPS_Related_Tasks/install/finals_tasks/bin'
[4.926s] Level 1:colcon.colcon_core.environment:checking '/home/roboboat/RoboBoat_Cyber_Minority/Comp_2024/GPS_Related_Tasks/install/finals_tasks/lib/pkgconfig/finals_tasks.pc'
[4.927s] Level 1:colcon.colcon_core.environment:checking '/home/roboboat/RoboBoat_Cyber_Minority/Comp_2024/GPS_Related_Tasks/install/finals_tasks/lib/python3.8/site-packages'
[4.951s] Level 1:colcon.colcon_core.environment:checking '/home/roboboat/RoboBoat_Cyber_Minority/Comp_2024/GPS_Related_Tasks/install/finals_tasks/bin'
[4.968s] INFO:colcon.colcon_core.shell:Creating package script '/home/roboboat/RoboBoat_Cyber_Minority/Comp_2024/GPS_Related_Tasks/install/finals_tasks/share/finals_tasks/package.ps1'
[4.969s] INFO:colcon.colcon_core.shell:Creating package descriptor '/home/roboboat/RoboBoat_Cyber_Minority/Comp_2024/GPS_Related_Tasks/install/finals_tasks/share/finals_tasks/package.dsv'
[4.970s] INFO:colcon.colcon_core.shell:Creating package script '/home/roboboat/RoboBoat_Cyber_Minority/Comp_2024/GPS_Related_Tasks/install/finals_tasks/share/finals_tasks/package.sh'
[4.971s] INFO:colcon.colcon_core.shell:Creating package script '/home/roboboat/RoboBoat_Cyber_Minority/Comp_2024/GPS_Related_Tasks/install/finals_tasks/share/finals_tasks/package.bash'
[4.972s] INFO:colcon.colcon_core.shell:Creating package script '/home/roboboat/RoboBoat_Cyber_Minority/Comp_2024/GPS_Related_Tasks/install/finals_tasks/share/finals_tasks/package.zsh'
[4.972s] Level 1:colcon.colcon_core.environment:create_file_with_runtime_dependencies(/home/roboboat/RoboBoat_Cyber_Minority/Comp_2024/GPS_Related_Tasks/install/finals_tasks/share/colcon-core/packages/finals_tasks)
[4.981s] DEBUG:colcon.colcon_core.event_handler.log_command:Invoked command in '/home/roboboat/RoboBoat_Cyber_Minority/Comp_2024/GPS_Related_Tasks/build/vectornav_msgs' returned '0': CMAKE_PREFIX_PATH=${CMAKE_PREFIX_PATH}:/opt/ros/foxy /usr/bin/cmake --build /home/roboboat/RoboBoat_Cyber_Minority/Comp_2024/GPS_Related_Tasks/build/vectornav_msgs -- -j12 -l12
[5.002s] Level 1:colcon.colcon_core.environment:create_environment_scripts_only(task2)
[5.019s] Level 1:colcon.colcon_core.environment:checking '/home/roboboat/RoboBoat_Cyber_Minority/Comp_2024/GPS_Related_Tasks/install/task2' for CMake module files
[5.020s] Level 1:colcon.colcon_core.environment:checking '/home/roboboat/RoboBoat_Cyber_Minority/Comp_2024/GPS_Related_Tasks/install/task2' for CMake config files
[5.021s] Level 1:colcon.colcon_core.shell:create_environment_hook('task2', 'cmake_prefix_path')
[5.037s] INFO:colcon.colcon_core.shell:Creating environment hook '/home/roboboat/RoboBoat_Cyber_Minority/Comp_2024/GPS_Related_Tasks/install/task2/share/task2/hook/cmake_prefix_path.ps1'
[5.038s] INFO:colcon.colcon_core.shell:Creating environment descriptor '/home/roboboat/RoboBoat_Cyber_Minority/Comp_2024/GPS_Related_Tasks/install/task2/share/task2/hook/cmake_prefix_path.dsv'
[5.039s] INFO:colcon.colcon_core.shell:Creating environment hook '/home/roboboat/RoboBoat_Cyber_Minority/Comp_2024/GPS_Related_Tasks/install/task2/share/task2/hook/cmake_prefix_path.sh'
[5.041s] Level 1:colcon.colcon_core.environment:checking '/home/roboboat/RoboBoat_Cyber_Minority/Comp_2024/GPS_Related_Tasks/install/task2/bin'
[5.041s] Level 1:colcon.colcon_core.environment:checking '/home/roboboat/RoboBoat_Cyber_Minority/Comp_2024/GPS_Related_Tasks/install/task2/lib/pkgconfig/task2.pc'
[5.041s] Level 1:colcon.colcon_core.environment:checking '/home/roboboat/RoboBoat_Cyber_Minority/Comp_2024/GPS_Related_Tasks/install/task2/lib/python3.8/site-packages'
[5.042s] Level 1:colcon.colcon_core.environment:checking '/home/roboboat/RoboBoat_Cyber_Minority/Comp_2024/GPS_Related_Tasks/install/task2/bin'
[5.059s] INFO:colcon.colcon_core.shell:Creating package script '/home/roboboat/RoboBoat_Cyber_Minority/Comp_2024/GPS_Related_Tasks/install/task2/share/task2/package.ps1'
[5.060s] INFO:colcon.colcon_core.shell:Creating package descriptor '/home/roboboat/RoboBoat_Cyber_Minority/Comp_2024/GPS_Related_Tasks/install/task2/share/task2/package.dsv'
[5.061s] INFO:colcon.colcon_core.shell:Creating package script '/home/roboboat/RoboBoat_Cyber_Minority/Comp_2024/GPS_Related_Tasks/install/task2/share/task2/package.sh'
[5.063s] INFO:colcon.colcon_core.shell:Creating package script '/home/roboboat/RoboBoat_Cyber_Minority/Comp_2024/GPS_Related_Tasks/install/task2/share/task2/package.bash'
[5.064s] INFO:colcon.colcon_core.shell:Creating package script '/home/roboboat/RoboBoat_Cyber_Minority/Comp_2024/GPS_Related_Tasks/install/task2/share/task2/package.zsh'
[5.066s] Level 1:colcon.colcon_core.environment:create_file_with_runtime_dependencies(/home/roboboat/RoboBoat_Cyber_Minority/Comp_2024/GPS_Related_Tasks/install/task2/share/colcon-core/packages/task2)
[5.090s] Level 1:colcon.colcon_core.environment:create_environment_scripts_only(task8)
[5.107s] Level 1:colcon.colcon_core.environment:checking '/home/roboboat/RoboBoat_Cyber_Minority/Comp_2024/GPS_Related_Tasks/install/task8' for CMake module files
[5.108s] Level 1:colcon.colcon_core.environment:checking '/home/roboboat/RoboBoat_Cyber_Minority/Comp_2024/GPS_Related_Tasks/install/task8' for CMake config files
[5.108s] Level 1:colcon.colcon_core.shell:create_environment_hook('task8', 'cmake_prefix_path')
[5.125s] INFO:colcon.colcon_core.shell:Creating environment hook '/home/roboboat/RoboBoat_Cyber_Minority/Comp_2024/GPS_Related_Tasks/install/task8/share/task8/hook/cmake_prefix_path.ps1'
[5.126s] INFO:colcon.colcon_core.shell:Creating environment descriptor '/home/roboboat/RoboBoat_Cyber_Minority/Comp_2024/GPS_Related_Tasks/install/task8/share/task8/hook/cmake_prefix_path.dsv'
[5.127s] INFO:colcon.colcon_core.shell:Creating environment hook '/home/roboboat/RoboBoat_Cyber_Minority/Comp_2024/GPS_Related_Tasks/install/task8/share/task8/hook/cmake_prefix_path.sh'
[5.128s] Level 1:colcon.colcon_core.environment:checking '/home/roboboat/RoboBoat_Cyber_Minority/Comp_2024/GPS_Related_Tasks/install/task8/bin'
[5.128s] Level 1:colcon.colcon_core.environment:checking '/home/roboboat/RoboBoat_Cyber_Minority/Comp_2024/GPS_Related_Tasks/install/task8/lib/pkgconfig/task8.pc'
[5.129s] Level 1:colcon.colcon_core.environment:checking '/home/roboboat/RoboBoat_Cyber_Minority/Comp_2024/GPS_Related_Tasks/install/task8/lib/python3.8/site-packages'
[5.129s] Level 1:colcon.colcon_core.environment:checking '/home/roboboat/RoboBoat_Cyber_Minority/Comp_2024/GPS_Related_Tasks/install/task8/bin'
[5.147s] INFO:colcon.colcon_core.shell:Creating package script '/home/roboboat/RoboBoat_Cyber_Minority/Comp_2024/GPS_Related_Tasks/install/task8/share/task8/package.ps1'
[5.148s] INFO:colcon.colcon_core.shell:Creating package descriptor '/home/roboboat/RoboBoat_Cyber_Minority/Comp_2024/GPS_Related_Tasks/install/task8/share/task8/package.dsv'
[5.149s] INFO:colcon.colcon_core.shell:Creating package script '/home/roboboat/RoboBoat_Cyber_Minority/Comp_2024/GPS_Related_Tasks/install/task8/share/task8/package.sh'
[5.150s] INFO:colcon.colcon_core.shell:Creating package script '/home/roboboat/RoboBoat_Cyber_Minority/Comp_2024/GPS_Related_Tasks/install/task8/share/task8/package.bash'
[5.150s] INFO:colcon.colcon_core.shell:Creating package script '/home/roboboat/RoboBoat_Cyber_Minority/Comp_2024/GPS_Related_Tasks/install/task8/share/task8/package.zsh'
[5.151s] Level 1:colcon.colcon_core.environment:create_file_with_runtime_dependencies(/home/roboboat/RoboBoat_Cyber_Minority/Comp_2024/GPS_Related_Tasks/install/task8/share/colcon-core/packages/task8)
[5.158s] DEBUG:colcon.colcon_core.event_handler.log_command:Invoking command in '/home/roboboat/RoboBoat_Cyber_Minority/Comp_2024/GPS_Related_Tasks/build/urg_node': CMAKE_PREFIX_PATH=${CMAKE_PREFIX_PATH}:/opt/ros/foxy /usr/bin/cmake --install /home/roboboat/RoboBoat_Cyber_Minority/Comp_2024/GPS_Related_Tasks/build/urg_node
[5.181s] Level 1:colcon.colcon_core.environment:create_environment_scripts_only(urg_node)
[5.182s] DEBUG:colcon.colcon_core.event_handler.log_command:Invoked command in '/home/roboboat/RoboBoat_Cyber_Minority/Comp_2024/GPS_Related_Tasks/build/urg_node' returned '0': CMAKE_PREFIX_PATH=${CMAKE_PREFIX_PATH}:/opt/ros/foxy /usr/bin/cmake --install /home/roboboat/RoboBoat_Cyber_Minority/Comp_2024/GPS_Related_Tasks/build/urg_node
[5.201s] Level 1:colcon.colcon_core.environment:checking '/home/roboboat/RoboBoat_Cyber_Minority/Comp_2024/GPS_Related_Tasks/install/urg_node' for CMake module files
[5.202s] Level 1:colcon.colcon_core.environment:checking '/home/roboboat/RoboBoat_Cyber_Minority/Comp_2024/GPS_Related_Tasks/install/urg_node' for CMake config files
[5.202s] Level 1:colcon.colcon_core.shell:create_environment_hook('urg_node', 'cmake_prefix_path')
[5.219s] INFO:colcon.colcon_core.shell:Creating environment hook '/home/roboboat/RoboBoat_Cyber_Minority/Comp_2024/GPS_Related_Tasks/install/urg_node/share/urg_node/hook/cmake_prefix_path.ps1'
[5.220s] INFO:colcon.colcon_core.shell:Creating environment descriptor '/home/roboboat/RoboBoat_Cyber_Minority/Comp_2024/GPS_Related_Tasks/install/urg_node/share/urg_node/hook/cmake_prefix_path.dsv'
[5.221s] INFO:colcon.colcon_core.shell:Creating environment hook '/home/roboboat/RoboBoat_Cyber_Minority/Comp_2024/GPS_Related_Tasks/install/urg_node/share/urg_node/hook/cmake_prefix_path.sh'
[5.224s] Level 1:colcon.colcon_core.environment:checking '/home/roboboat/RoboBoat_Cyber_Minority/Comp_2024/GPS_Related_Tasks/install/urg_node/lib'
[5.225s] Level 1:colcon.colcon_core.shell:create_environment_hook('urg_node', 'ld_library_path_lib')
[5.249s] INFO:colcon.colcon_core.shell:Creating environment hook '/home/roboboat/RoboBoat_Cyber_Minority/Comp_2024/GPS_Related_Tasks/install/urg_node/share/urg_node/hook/ld_library_path_lib.ps1'
[5.250s] INFO:colcon.colcon_core.shell:Creating environment descriptor '/home/roboboat/RoboBoat_Cyber_Minority/Comp_2024/GPS_Related_Tasks/install/urg_node/share/urg_node/hook/ld_library_path_lib.dsv'
[5.250s] INFO:colcon.colcon_core.shell:Creating environment hook '/home/roboboat/RoboBoat_Cyber_Minority/Comp_2024/GPS_Related_Tasks/install/urg_node/share/urg_node/hook/ld_library_path_lib.sh'
[5.251s] Level 1:colcon.colcon_core.environment:checking '/home/roboboat/RoboBoat_Cyber_Minority/Comp_2024/GPS_Related_Tasks/install/urg_node/bin'
[5.251s] Level 1:colcon.colcon_core.environment:checking '/home/roboboat/RoboBoat_Cyber_Minority/Comp_2024/GPS_Related_Tasks/install/urg_node/lib/pkgconfig/urg_node.pc'
[5.251s] Level 1:colcon.colcon_core.environment:checking '/home/roboboat/RoboBoat_Cyber_Minority/Comp_2024/GPS_Related_Tasks/install/urg_node/lib/python3.8/site-packages'
[5.251s] Level 1:colcon.colcon_core.environment:checking '/home/roboboat/RoboBoat_Cyber_Minority/Comp_2024/GPS_Related_Tasks/install/urg_node/bin'
[5.269s] INFO:colcon.colcon_core.shell:Creating package script '/home/roboboat/RoboBoat_Cyber_Minority/Comp_2024/GPS_Related_Tasks/install/urg_node/share/urg_node/package.ps1'
[5.270s] INFO:colcon.colcon_core.shell:Creating package descriptor '/home/roboboat/RoboBoat_Cyber_Minority/Comp_2024/GPS_Related_Tasks/install/urg_node/share/urg_node/package.dsv'
[5.270s] INFO:colcon.colcon_core.shell:Creating package script '/home/roboboat/RoboBoat_Cyber_Minority/Comp_2024/GPS_Related_Tasks/install/urg_node/share/urg_node/package.sh'
[5.273s] INFO:colcon.colcon_core.shell:Creating package script '/home/roboboat/RoboBoat_Cyber_Minority/Comp_2024/GPS_Related_Tasks/install/urg_node/share/urg_node/package.bash'
[5.275s] INFO:colcon.colcon_core.shell:Creating package script '/home/roboboat/RoboBoat_Cyber_Minority/Comp_2024/GPS_Related_Tasks/install/urg_node/share/urg_node/package.zsh'
[5.275s] Level 1:colcon.colcon_core.environment:create_file_with_runtime_dependencies(/home/roboboat/RoboBoat_Cyber_Minority/Comp_2024/GPS_Related_Tasks/install/urg_node/share/colcon-core/packages/urg_node)
[5.307s] DEBUG:colcon.colcon_core.event_handler.log_command:Invoking command in '/home/roboboat/RoboBoat_Cyber_Minority/Comp_2024/GPS_Related_Tasks/build/vectornav_msgs': CMAKE_PREFIX_PATH=${CMAKE_PREFIX_PATH}:/opt/ros/foxy /usr/bin/cmake --install /home/roboboat/RoboBoat_Cyber_Minority/Comp_2024/GPS_Related_Tasks/build/vectornav_msgs
[5.371s] Level 1:colcon.colcon_core.environment:create_environment_scripts_only(urg_node)
[5.406s] Level 1:colcon.colcon_core.environment:checking '/home/roboboat/RoboBoat_Cyber_Minority/Comp_2024/GPS_Related_Tasks/install/urg_node' for CMake module files
[5.408s] Level 1:colcon.colcon_core.environment:checking '/home/roboboat/RoboBoat_Cyber_Minority/Comp_2024/GPS_Related_Tasks/install/urg_node' for CMake config files
[5.409s] Level 1:colcon.colcon_core.shell:create_environment_hook('urg_node', 'cmake_prefix_path')
[5.427s] INFO:colcon.colcon_core.shell:Creating environment hook '/home/roboboat/RoboBoat_Cyber_Minority/Comp_2024/GPS_Related_Tasks/install/urg_node/share/urg_node/hook/cmake_prefix_path.ps1'
[5.428s] INFO:colcon.colcon_core.shell:Creating environment descriptor '/home/roboboat/RoboBoat_Cyber_Minority/Comp_2024/GPS_Related_Tasks/install/urg_node/share/urg_node/hook/cmake_prefix_path.dsv'
[5.429s] INFO:colcon.colcon_core.shell:Creating environment hook '/home/roboboat/RoboBoat_Cyber_Minority/Comp_2024/GPS_Related_Tasks/install/urg_node/share/urg_node/hook/cmake_prefix_path.sh'
[5.431s] Level 1:colcon.colcon_core.environment:checking '/home/roboboat/RoboBoat_Cyber_Minority/Comp_2024/GPS_Related_Tasks/install/urg_node/lib'
[5.432s] Level 1:colcon.colcon_core.shell:create_environment_hook('urg_node', 'ld_library_path_lib')
[5.453s] INFO:colcon.colcon_core.shell:Creating environment hook '/home/roboboat/RoboBoat_Cyber_Minority/Comp_2024/GPS_Related_Tasks/install/urg_node/share/urg_node/hook/ld_library_path_lib.ps1'
[5.454s] INFO:colcon.colcon_core.shell:Creating environment descriptor '/home/roboboat/RoboBoat_Cyber_Minority/Comp_2024/GPS_Related_Tasks/install/urg_node/share/urg_node/hook/ld_library_path_lib.dsv'
[5.454s] INFO:colcon.colcon_core.shell:Creating environment hook '/home/roboboat/RoboBoat_Cyber_Minority/Comp_2024/GPS_Related_Tasks/install/urg_node/share/urg_node/hook/ld_library_path_lib.sh'
[5.455s] Level 1:colcon.colcon_core.environment:checking '/home/roboboat/RoboBoat_Cyber_Minority/Comp_2024/GPS_Related_Tasks/install/urg_node/bin'
[5.455s] Level 1:colcon.colcon_core.environment:checking '/home/roboboat/RoboBoat_Cyber_Minority/Comp_2024/GPS_Related_Tasks/install/urg_node/lib/pkgconfig/urg_node.pc'
[5.456s] Level 1:colcon.colcon_core.environment:checking '/home/roboboat/RoboBoat_Cyber_Minority/Comp_2024/GPS_Related_Tasks/install/urg_node/lib/python3.8/site-packages'
[5.456s] Level 1:colcon.colcon_core.environment:checking '/home/roboboat/RoboBoat_Cyber_Minority/Comp_2024/GPS_Related_Tasks/install/urg_node/bin'
[5.474s] INFO:colcon.colcon_core.shell:Creating package script '/home/roboboat/RoboBoat_Cyber_Minority/Comp_2024/GPS_Related_Tasks/install/urg_node/share/urg_node/package.ps1'
[5.475s] INFO:colcon.colcon_core.shell:Creating package descriptor '/home/roboboat/RoboBoat_Cyber_Minority/Comp_2024/GPS_Related_Tasks/install/urg_node/share/urg_node/package.dsv'
[5.478s] INFO:colcon.colcon_core.shell:Creating package script '/home/roboboat/RoboBoat_Cyber_Minority/Comp_2024/GPS_Related_Tasks/install/urg_node/share/urg_node/package.sh'
[5.480s] INFO:colcon.colcon_core.shell:Creating package script '/home/roboboat/RoboBoat_Cyber_Minority/Comp_2024/GPS_Related_Tasks/install/urg_node/share/urg_node/package.bash'
[5.481s] INFO:colcon.colcon_core.shell:Creating package script '/home/roboboat/RoboBoat_Cyber_Minority/Comp_2024/GPS_Related_Tasks/install/urg_node/share/urg_node/package.zsh'
[5.482s] Level 1:colcon.colcon_core.environment:create_file_with_runtime_dependencies(/home/roboboat/RoboBoat_Cyber_Minority/Comp_2024/GPS_Related_Tasks/install/urg_node/share/colcon-core/packages/urg_node)
[5.484s] Level 1:colcon.colcon_core.environment:create_environment_scripts_only(vectornav_msgs)
[5.486s] DEBUG:colcon.colcon_core.event_handler.log_command:Invoked command in '/home/roboboat/RoboBoat_Cyber_Minority/Comp_2024/GPS_Related_Tasks/build/vectornav_msgs' returned '0': CMAKE_PREFIX_PATH=${CMAKE_PREFIX_PATH}:/opt/ros/foxy /usr/bin/cmake --install /home/roboboat/RoboBoat_Cyber_Minority/Comp_2024/GPS_Related_Tasks/build/vectornav_msgs
[5.502s] Level 1:colcon.colcon_core.environment:checking '/home/roboboat/RoboBoat_Cyber_Minority/Comp_2024/GPS_Related_Tasks/install/vectornav_msgs' for CMake module files
[5.503s] Level 1:colcon.colcon_core.environment:checking '/home/roboboat/RoboBoat_Cyber_Minority/Comp_2024/GPS_Related_Tasks/install/vectornav_msgs' for CMake config files
[5.504s] Level 1:colcon.colcon_core.shell:create_environment_hook('vectornav_msgs', 'cmake_prefix_path')
[5.520s] INFO:colcon.colcon_core.shell:Creating environment hook '/home/roboboat/RoboBoat_Cyber_Minority/Comp_2024/GPS_Related_Tasks/install/vectornav_msgs/share/vectornav_msgs/hook/cmake_prefix_path.ps1'
[5.521s] INFO:colcon.colcon_core.shell:Creating environment descriptor '/home/roboboat/RoboBoat_Cyber_Minority/Comp_2024/GPS_Related_Tasks/install/vectornav_msgs/share/vectornav_msgs/hook/cmake_prefix_path.dsv'
[5.522s] INFO:colcon.colcon_core.shell:Creating environment hook '/home/roboboat/RoboBoat_Cyber_Minority/Comp_2024/GPS_Related_Tasks/install/vectornav_msgs/share/vectornav_msgs/hook/cmake_prefix_path.sh'
[5.525s] Level 1:colcon.colcon_core.environment:checking '/home/roboboat/RoboBoat_Cyber_Minority/Comp_2024/GPS_Related_Tasks/install/vectornav_msgs/lib'
[5.525s] Level 1:colcon.colcon_core.shell:create_environment_hook('vectornav_msgs', 'ld_library_path_lib')
[5.542s] INFO:colcon.colcon_core.shell:Creating environment hook '/home/roboboat/RoboBoat_Cyber_Minority/Comp_2024/GPS_Related_Tasks/install/vectornav_msgs/share/vectornav_msgs/hook/ld_library_path_lib.ps1'
[5.543s] INFO:colcon.colcon_core.shell:Creating environment descriptor '/home/roboboat/RoboBoat_Cyber_Minority/Comp_2024/GPS_Related_Tasks/install/vectornav_msgs/share/vectornav_msgs/hook/ld_library_path_lib.dsv'
[5.543s] INFO:colcon.colcon_core.shell:Creating environment hook '/home/roboboat/RoboBoat_Cyber_Minority/Comp_2024/GPS_Related_Tasks/install/vectornav_msgs/share/vectornav_msgs/hook/ld_library_path_lib.sh'
[5.546s] Level 1:colcon.colcon_core.environment:checking '/home/roboboat/RoboBoat_Cyber_Minority/Comp_2024/GPS_Related_Tasks/install/vectornav_msgs/bin'
[5.546s] Level 1:colcon.colcon_core.environment:checking '/home/roboboat/RoboBoat_Cyber_Minority/Comp_2024/GPS_Related_Tasks/install/vectornav_msgs/lib/pkgconfig/vectornav_msgs.pc'
[5.548s] Level 1:colcon.colcon_core.environment:checking '/home/roboboat/RoboBoat_Cyber_Minority/Comp_2024/GPS_Related_Tasks/install/vectornav_msgs/lib/python3.8/site-packages'
[5.549s] Level 1:colcon.colcon_core.shell:create_environment_hook('vectornav_msgs', 'pythonpath')
[5.565s] INFO:colcon.colcon_core.shell:Creating environment hook '/home/roboboat/RoboBoat_Cyber_Minority/Comp_2024/GPS_Related_Tasks/install/vectornav_msgs/share/vectornav_msgs/hook/pythonpath.ps1'
[5.566s] INFO:colcon.colcon_core.shell:Creating environment descriptor '/home/roboboat/RoboBoat_Cyber_Minority/Comp_2024/GPS_Related_Tasks/install/vectornav_msgs/share/vectornav_msgs/hook/pythonpath.dsv'
[5.567s] INFO:colcon.colcon_core.shell:Creating environment hook '/home/roboboat/RoboBoat_Cyber_Minority/Comp_2024/GPS_Related_Tasks/install/vectornav_msgs/share/vectornav_msgs/hook/pythonpath.sh'
[5.569s] Level 1:colcon.colcon_core.environment:checking '/home/roboboat/RoboBoat_Cyber_Minority/Comp_2024/GPS_Related_Tasks/install/vectornav_msgs/bin'
[5.586s] INFO:colcon.colcon_core.shell:Creating package script '/home/roboboat/RoboBoat_Cyber_Minority/Comp_2024/GPS_Related_Tasks/install/vectornav_msgs/share/vectornav_msgs/package.ps1'
[5.587s] INFO:colcon.colcon_core.shell:Creating package descriptor '/home/roboboat/RoboBoat_Cyber_Minority/Comp_2024/GPS_Related_Tasks/install/vectornav_msgs/share/vectornav_msgs/package.dsv'
[5.588s] INFO:colcon.colcon_core.shell:Creating package script '/home/roboboat/RoboBoat_Cyber_Minority/Comp_2024/GPS_Related_Tasks/install/vectornav_msgs/share/vectornav_msgs/package.sh'
[5.591s] INFO:colcon.colcon_core.shell:Creating package script '/home/roboboat/RoboBoat_Cyber_Minority/Comp_2024/GPS_Related_Tasks/install/vectornav_msgs/share/vectornav_msgs/package.bash'
[5.593s] INFO:colcon.colcon_core.shell:Creating package script '/home/roboboat/RoboBoat_Cyber_Minority/Comp_2024/GPS_Related_Tasks/install/vectornav_msgs/share/vectornav_msgs/package.zsh'
[5.594s] Level 1:colcon.colcon_core.environment:create_file_with_runtime_dependencies(/home/roboboat/RoboBoat_Cyber_Minority/Comp_2024/GPS_Related_Tasks/install/vectornav_msgs/share/colcon-core/packages/vectornav_msgs)
[5.970s] Level 1:colcon.colcon_core.environment:create_environment_scripts_only(vectornav_msgs)
[5.993s] Level 1:colcon.colcon_core.environment:checking '/home/roboboat/RoboBoat_Cyber_Minority/Comp_2024/GPS_Related_Tasks/install/vectornav_msgs' for CMake module files
[5.994s] Level 1:colcon.colcon_core.environment:checking '/home/roboboat/RoboBoat_Cyber_Minority/Comp_2024/GPS_Related_Tasks/install/vectornav_msgs' for CMake config files
[5.995s] Level 1:colcon.colcon_core.shell:create_environment_hook('vectornav_msgs', 'cmake_prefix_path')
[6.013s] INFO:colcon.colcon_core.shell:Creating environment hook '/home/roboboat/RoboBoat_Cyber_Minority/Comp_2024/GPS_Related_Tasks/install/vectornav_msgs/share/vectornav_msgs/hook/cmake_prefix_path.ps1'
[6.014s] INFO:colcon.colcon_core.shell:Creating environment descriptor '/home/roboboat/RoboBoat_Cyber_Minority/Comp_2024/GPS_Related_Tasks/install/vectornav_msgs/share/vectornav_msgs/hook/cmake_prefix_path.dsv'
[6.015s] INFO:colcon.colcon_core.shell:Creating environment hook '/home/roboboat/RoboBoat_Cyber_Minority/Comp_2024/GPS_Related_Tasks/install/vectornav_msgs/share/vectornav_msgs/hook/cmake_prefix_path.sh'
[6.017s] Level 1:colcon.colcon_core.environment:checking '/home/roboboat/RoboBoat_Cyber_Minority/Comp_2024/GPS_Related_Tasks/install/vectornav_msgs/lib'
[6.017s] Level 1:colcon.colcon_core.shell:create_environment_hook('vectornav_msgs', 'ld_library_path_lib')
[6.036s] INFO:colcon.colcon_core.shell:Creating environment hook '/home/roboboat/RoboBoat_Cyber_Minority/Comp_2024/GPS_Related_Tasks/install/vectornav_msgs/share/vectornav_msgs/hook/ld_library_path_lib.ps1'
[6.037s] INFO:colcon.colcon_core.shell:Creating environment descriptor '/home/roboboat/RoboBoat_Cyber_Minority/Comp_2024/GPS_Related_Tasks/install/vectornav_msgs/share/vectornav_msgs/hook/ld_library_path_lib.dsv'
[6.037s] INFO:colcon.colcon_core.shell:Creating environment hook '/home/roboboat/RoboBoat_Cyber_Minority/Comp_2024/GPS_Related_Tasks/install/vectornav_msgs/share/vectornav_msgs/hook/ld_library_path_lib.sh'
[6.038s] Level 1:colcon.colcon_core.environment:checking '/home/roboboat/RoboBoat_Cyber_Minority/Comp_2024/GPS_Related_Tasks/install/vectornav_msgs/bin'
[6.038s] Level 1:colcon.colcon_core.environment:checking '/home/roboboat/RoboBoat_Cyber_Minority/Comp_2024/GPS_Related_Tasks/install/vectornav_msgs/lib/pkgconfig/vectornav_msgs.pc'
[6.038s] Level 1:colcon.colcon_core.environment:checking '/home/roboboat/RoboBoat_Cyber_Minority/Comp_2024/GPS_Related_Tasks/install/vectornav_msgs/lib/python3.8/site-packages'
[6.038s] Level 1:colcon.colcon_core.shell:create_environment_hook('vectornav_msgs', 'pythonpath')
[6.056s] INFO:colcon.colcon_core.shell:Creating environment hook '/home/roboboat/RoboBoat_Cyber_Minority/Comp_2024/GPS_Related_Tasks/install/vectornav_msgs/share/vectornav_msgs/hook/pythonpath.ps1'
[6.056s] INFO:colcon.colcon_core.shell:Creating environment descriptor '/home/roboboat/RoboBoat_Cyber_Minority/Comp_2024/GPS_Related_Tasks/install/vectornav_msgs/share/vectornav_msgs/hook/pythonpath.dsv'
[6.057s] INFO:colcon.colcon_core.shell:Creating environment hook '/home/roboboat/RoboBoat_Cyber_Minority/Comp_2024/GPS_Related_Tasks/install/vectornav_msgs/share/vectornav_msgs/hook/pythonpath.sh'
[6.059s] Level 1:colcon.colcon_core.environment:checking '/home/roboboat/RoboBoat_Cyber_Minority/Comp_2024/GPS_Related_Tasks/install/vectornav_msgs/bin'
[6.083s] INFO:colcon.colcon_core.shell:Creating package script '/home/roboboat/RoboBoat_Cyber_Minority/Comp_2024/GPS_Related_Tasks/install/vectornav_msgs/share/vectornav_msgs/package.ps1'
[6.084s] INFO:colcon.colcon_core.shell:Creating package descriptor '/home/roboboat/RoboBoat_Cyber_Minority/Comp_2024/GPS_Related_Tasks/install/vectornav_msgs/share/vectornav_msgs/package.dsv'
[6.085s] INFO:colcon.colcon_core.shell:Creating package script '/home/roboboat/RoboBoat_Cyber_Minority/Comp_2024/GPS_Related_Tasks/install/vectornav_msgs/share/vectornav_msgs/package.sh'
[6.086s] INFO:colcon.colcon_core.shell:Creating package script '/home/roboboat/RoboBoat_Cyber_Minority/Comp_2024/GPS_Related_Tasks/install/vectornav_msgs/share/vectornav_msgs/package.bash'
[6.086s] INFO:colcon.colcon_core.shell:Creating package script '/home/roboboat/RoboBoat_Cyber_Minority/Comp_2024/GPS_Related_Tasks/install/vectornav_msgs/share/vectornav_msgs/package.zsh'
[6.087s] Level 1:colcon.colcon_core.environment:create_file_with_runtime_dependencies(/home/roboboat/RoboBoat_Cyber_Minority/Comp_2024/GPS_Related_Tasks/install/vectornav_msgs/share/colcon-core/packages/vectornav_msgs)
[6.087s] INFO:colcon.colcon_ros.task.ament_cmake.build:Building ROS package in '/home/roboboat/RoboBoat_Cyber_Minority/Comp_2024/GPS_Related_Tasks/src/vectornav/vectornav' with build type 'ament_cmake'
[6.088s] INFO:colcon.colcon_cmake.task.cmake.build:Building CMake package in '/home/roboboat/RoboBoat_Cyber_Minority/Comp_2024/GPS_Related_Tasks/src/vectornav/vectornav'
[6.107s] INFO:colcon.colcon_core.shell:Skip shell extension 'powershell' for command environment: Not usable outside of PowerShell
[6.107s] DEBUG:colcon.colcon_core.shell:Skip shell extension 'dsv' for command environment
[6.185s] DEBUG:colcon.colcon_core.event_handler.log_command:Invoking command in '/home/roboboat/RoboBoat_Cyber_Minority/Comp_2024/GPS_Related_Tasks/build/vectornav': AMENT_PREFIX_PATH=/home/roboboat/RoboBoat_Cyber_Minority/Comp_2024/GPS_Related_Tasks/install/vectornav_msgs:${AMENT_PREFIX_PATH} CMAKE_PREFIX_PATH=/home/roboboat/RoboBoat_Cyber_Minority/Comp_2024/GPS_Related_Tasks/install/vectornav_msgs:/home/roboboat/RoboBoat_Cyber_Minority/ROS2_Imp/ros2_foxy/install/vectornav:/home/roboboat/RoboBoat_Cyber_Minority/ROS2_Imp/ros2_foxy/install/vectornav_msgs:/home/roboboat/RoboBoat_Cyber_Minority/ROS2_Imp/ros2_foxy/install/main_control:/home/roboboat/RoboBoat_Cyber_Minority/ROS2_Imp/ros2_foxy/install/detector:/opt/ros/foxy LD_LIBRARY_PATH=/home/roboboat/RoboBoat_Cyber_Minority/Comp_2024/GPS_Related_Tasks/install/vectornav_msgs/lib:${LD_LIBRARY_PATH} PYTHONPATH=/home/roboboat/RoboBoat_Cyber_Minority/Comp_2024/GPS_Related_Tasks/install/vectornav_msgs/lib/python3.8/site-packages:${PYTHONPATH} /usr/bin/cmake --build /home/roboboat/RoboBoat_Cyber_Minority/Comp_2024/GPS_Related_Tasks/build/vectornav -- -j12 -l12
[6.361s] DEBUG:colcon.colcon_core.event_handler.log_command:Invoked command in '/home/roboboat/RoboBoat_Cyber_Minority/Comp_2024/GPS_Related_Tasks/build/vectornav' returned '0': AMENT_PREFIX_PATH=/home/roboboat/RoboBoat_Cyber_Minority/Comp_2024/GPS_Related_Tasks/install/vectornav_msgs:${AMENT_PREFIX_PATH} CMAKE_PREFIX_PATH=/home/roboboat/RoboBoat_Cyber_Minority/Comp_2024/GPS_Related_Tasks/install/vectornav_msgs:/home/roboboat/RoboBoat_Cyber_Minority/ROS2_Imp/ros2_foxy/install/vectornav:/home/roboboat/RoboBoat_Cyber_Minority/ROS2_Imp/ros2_foxy/install/vectornav_msgs:/home/roboboat/RoboBoat_Cyber_Minority/ROS2_Imp/ros2_foxy/install/main_control:/home/roboboat/RoboBoat_Cyber_Minority/ROS2_Imp/ros2_foxy/install/detector:/opt/ros/foxy LD_LIBRARY_PATH=/home/roboboat/RoboBoat_Cyber_Minority/Comp_2024/GPS_Related_Tasks/install/vectornav_msgs/lib:${LD_LIBRARY_PATH} PYTHONPATH=/home/roboboat/RoboBoat_Cyber_Minority/Comp_2024/GPS_Related_Tasks/install/vectornav_msgs/lib/python3.8/site-packages:${PYTHONPATH} /usr/bin/cmake --build /home/roboboat/RoboBoat_Cyber_Minority/Comp_2024/GPS_Related_Tasks/build/vectornav -- -j12 -l12
[6.419s] DEBUG:colcon.colcon_core.event_handler.log_command:Invoking command in '/home/roboboat/RoboBoat_Cyber_Minority/Comp_2024/GPS_Related_Tasks/build/vectornav': AMENT_PREFIX_PATH=/home/roboboat/RoboBoat_Cyber_Minority/Comp_2024/GPS_Related_Tasks/install/vectornav_msgs:${AMENT_PREFIX_PATH} CMAKE_PREFIX_PATH=/home/roboboat/RoboBoat_Cyber_Minority/Comp_2024/GPS_Related_Tasks/install/vectornav_msgs:/home/roboboat/RoboBoat_Cyber_Minority/ROS2_Imp/ros2_foxy/install/vectornav:/home/roboboat/RoboBoat_Cyber_Minority/ROS2_Imp/ros2_foxy/install/vectornav_msgs:/home/roboboat/RoboBoat_Cyber_Minority/ROS2_Imp/ros2_foxy/install/main_control:/home/roboboat/RoboBoat_Cyber_Minority/ROS2_Imp/ros2_foxy/install/detector:/opt/ros/foxy LD_LIBRARY_PATH=/home/roboboat/RoboBoat_Cyber_Minority/Comp_2024/GPS_Related_Tasks/install/vectornav_msgs/lib:${LD_LIBRARY_PATH} PYTHONPATH=/home/roboboat/RoboBoat_Cyber_Minority/Comp_2024/GPS_Related_Tasks/install/vectornav_msgs/lib/python3.8/site-packages:${PYTHONPATH} /usr/bin/cmake --install /home/roboboat/RoboBoat_Cyber_Minority/Comp_2024/GPS_Related_Tasks/build/vectornav
[6.446s] Level 1:colcon.colcon_core.environment:create_environment_scripts_only(vectornav)
[6.470s] DEBUG:colcon.colcon_core.event_handler.log_command:Invoked command in '/home/roboboat/RoboBoat_Cyber_Minority/Comp_2024/GPS_Related_Tasks/build/vectornav' returned '0': AMENT_PREFIX_PATH=/home/roboboat/RoboBoat_Cyber_Minority/Comp_2024/GPS_Related_Tasks/install/vectornav_msgs:${AMENT_PREFIX_PATH} CMAKE_PREFIX_PATH=/home/roboboat/RoboBoat_Cyber_Minority/Comp_2024/GPS_Related_Tasks/install/vectornav_msgs:/home/roboboat/RoboBoat_Cyber_Minority/ROS2_Imp/ros2_foxy/install/vectornav:/home/roboboat/RoboBoat_Cyber_Minority/ROS2_Imp/ros2_foxy/install/vectornav_msgs:/home/roboboat/RoboBoat_Cyber_Minority/ROS2_Imp/ros2_foxy/install/main_control:/home/roboboat/RoboBoat_Cyber_Minority/ROS2_Imp/ros2_foxy/install/detector:/opt/ros/foxy LD_LIBRARY_PATH=/home/roboboat/RoboBoat_Cyber_Minority/Comp_2024/GPS_Related_Tasks/install/vectornav_msgs/lib:${LD_LIBRARY_PATH} PYTHONPATH=/home/roboboat/RoboBoat_Cyber_Minority/Comp_2024/GPS_Related_Tasks/install/vectornav_msgs/lib/python3.8/site-packages:${PYTHONPATH} /usr/bin/cmake --install /home/roboboat/RoboBoat_Cyber_Minority/Comp_2024/GPS_Related_Tasks/build/vectornav
[6.504s] Level 1:colcon.colcon_core.environment:checking '/home/roboboat/RoboBoat_Cyber_Minority/Comp_2024/GPS_Related_Tasks/install/vectornav' for CMake module files
[6.505s] Level 1:colcon.colcon_core.environment:checking '/home/roboboat/RoboBoat_Cyber_Minority/Comp_2024/GPS_Related_Tasks/install/vectornav' for CMake config files
[6.506s] Level 1:colcon.colcon_core.shell:create_environment_hook('vectornav', 'cmake_prefix_path')
[6.528s] INFO:colcon.colcon_core.shell:Creating environment hook '/home/roboboat/RoboBoat_Cyber_Minority/Comp_2024/GPS_Related_Tasks/install/vectornav/share/vectornav/hook/cmake_prefix_path.ps1'
[6.530s] INFO:colcon.colcon_core.shell:Creating environment descriptor '/home/roboboat/RoboBoat_Cyber_Minority/Comp_2024/GPS_Related_Tasks/install/vectornav/share/vectornav/hook/cmake_prefix_path.dsv'
[6.530s] INFO:colcon.colcon_core.shell:Creating environment hook '/home/roboboat/RoboBoat_Cyber_Minority/Comp_2024/GPS_Related_Tasks/install/vectornav/share/vectornav/hook/cmake_prefix_path.sh'
[6.531s] Level 1:colcon.colcon_core.environment:checking '/home/roboboat/RoboBoat_Cyber_Minority/Comp_2024/GPS_Related_Tasks/install/vectornav/lib'
[6.531s] Level 1:colcon.colcon_core.shell:create_environment_hook('vectornav', 'ld_library_path_lib')
[6.553s] INFO:colcon.colcon_core.shell:Creating environment hook '/home/roboboat/RoboBoat_Cyber_Minority/Comp_2024/GPS_Related_Tasks/install/vectornav/share/vectornav/hook/ld_library_path_lib.ps1'
[6.554s] INFO:colcon.colcon_core.shell:Creating environment descriptor '/home/roboboat/RoboBoat_Cyber_Minority/Comp_2024/GPS_Related_Tasks/install/vectornav/share/vectornav/hook/ld_library_path_lib.dsv'
[6.555s] INFO:colcon.colcon_core.shell:Creating environment hook '/home/roboboat/RoboBoat_Cyber_Minority/Comp_2024/GPS_Related_Tasks/install/vectornav/share/vectornav/hook/ld_library_path_lib.sh'
[6.558s] Level 1:colcon.colcon_core.environment:checking '/home/roboboat/RoboBoat_Cyber_Minority/Comp_2024/GPS_Related_Tasks/install/vectornav/bin'
[6.559s] Level 1:colcon.colcon_core.environment:checking '/home/roboboat/RoboBoat_Cyber_Minority/Comp_2024/GPS_Related_Tasks/install/vectornav/lib/pkgconfig/vectornav.pc'
[6.560s] Level 1:colcon.colcon_core.environment:checking '/home/roboboat/RoboBoat_Cyber_Minority/Comp_2024/GPS_Related_Tasks/install/vectornav/lib/python3.8/site-packages'
[6.560s] Level 1:colcon.colcon_core.environment:checking '/home/roboboat/RoboBoat_Cyber_Minority/Comp_2024/GPS_Related_Tasks/install/vectornav/bin'
[6.584s] INFO:colcon.colcon_core.shell:Creating package script '/home/roboboat/RoboBoat_Cyber_Minority/Comp_2024/GPS_Related_Tasks/install/vectornav/share/vectornav/package.ps1'
[6.585s] INFO:colcon.colcon_core.shell:Creating package descriptor '/home/roboboat/RoboBoat_Cyber_Minority/Comp_2024/GPS_Related_Tasks/install/vectornav/share/vectornav/package.dsv'
[6.586s] INFO:colcon.colcon_core.shell:Creating package script '/home/roboboat/RoboBoat_Cyber_Minority/Comp_2024/GPS_Related_Tasks/install/vectornav/share/vectornav/package.sh'
[6.587s] INFO:colcon.colcon_core.shell:Creating package script '/home/roboboat/RoboBoat_Cyber_Minority/Comp_2024/GPS_Related_Tasks/install/vectornav/share/vectornav/package.bash'
[6.587s] INFO:colcon.colcon_core.shell:Creating package script '/home/roboboat/RoboBoat_Cyber_Minority/Comp_2024/GPS_Related_Tasks/install/vectornav/share/vectornav/package.zsh'
[6.588s] Level 1:colcon.colcon_core.environment:create_file_with_runtime_dependencies(/home/roboboat/RoboBoat_Cyber_Minority/Comp_2024/GPS_Related_Tasks/install/vectornav/share/colcon-core/packages/vectornav)
[6.654s] Level 1:colcon.colcon_core.environment:create_environment_scripts_only(vectornav)
[6.671s] Level 1:colcon.colcon_core.environment:checking '/home/roboboat/RoboBoat_Cyber_Minority/Comp_2024/GPS_Related_Tasks/install/vectornav' for CMake module files
[6.672s] Level 1:colcon.colcon_core.environment:checking '/home/roboboat/RoboBoat_Cyber_Minority/Comp_2024/GPS_Related_Tasks/install/vectornav' for CMake config files
[6.672s] Level 1:colcon.colcon_core.shell:create_environment_hook('vectornav', 'cmake_prefix_path')
[6.689s] INFO:colcon.colcon_core.shell:Creating environment hook '/home/roboboat/RoboBoat_Cyber_Minority/Comp_2024/GPS_Related_Tasks/install/vectornav/share/vectornav/hook/cmake_prefix_path.ps1'
[6.690s] INFO:colcon.colcon_core.shell:Creating environment descriptor '/home/roboboat/RoboBoat_Cyber_Minority/Comp_2024/GPS_Related_Tasks/install/vectornav/share/vectornav/hook/cmake_prefix_path.dsv'
[6.690s] INFO:colcon.colcon_core.shell:Creating environment hook '/home/roboboat/RoboBoat_Cyber_Minority/Comp_2024/GPS_Related_Tasks/install/vectornav/share/vectornav/hook/cmake_prefix_path.sh'
[6.694s] Level 1:colcon.colcon_core.environment:checking '/home/roboboat/RoboBoat_Cyber_Minority/Comp_2024/GPS_Related_Tasks/install/vectornav/lib'
[6.694s] Level 1:colcon.colcon_core.shell:create_environment_hook('vectornav', 'ld_library_path_lib')
[6.711s] INFO:colcon.colcon_core.shell:Creating environment hook '/home/roboboat/RoboBoat_Cyber_Minority/Comp_2024/GPS_Related_Tasks/install/vectornav/share/vectornav/hook/ld_library_path_lib.ps1'
[6.712s] INFO:colcon.colcon_core.shell:Creating environment descriptor '/home/roboboat/RoboBoat_Cyber_Minority/Comp_2024/GPS_Related_Tasks/install/vectornav/share/vectornav/hook/ld_library_path_lib.dsv'
[6.712s] INFO:colcon.colcon_core.shell:Creating environment hook '/home/roboboat/RoboBoat_Cyber_Minority/Comp_2024/GPS_Related_Tasks/install/vectornav/share/vectornav/hook/ld_library_path_lib.sh'
[6.715s] Level 1:colcon.colcon_core.environment:checking '/home/roboboat/RoboBoat_Cyber_Minority/Comp_2024/GPS_Related_Tasks/install/vectornav/bin'
[6.716s] Level 1:colcon.colcon_core.environment:checking '/home/roboboat/RoboBoat_Cyber_Minority/Comp_2024/GPS_Related_Tasks/install/vectornav/lib/pkgconfig/vectornav.pc'
[6.717s] Level 1:colcon.colcon_core.environment:checking '/home/roboboat/RoboBoat_Cyber_Minority/Comp_2024/GPS_Related_Tasks/install/vectornav/lib/python3.8/site-packages'
[6.717s] Level 1:colcon.colcon_core.environment:checking '/home/roboboat/RoboBoat_Cyber_Minority/Comp_2024/GPS_Related_Tasks/install/vectornav/bin'
[6.740s] INFO:colcon.colcon_core.shell:Creating package script '/home/roboboat/RoboBoat_Cyber_Minority/Comp_2024/GPS_Related_Tasks/install/vectornav/share/vectornav/package.ps1'
[6.741s] INFO:colcon.colcon_core.shell:Creating package descriptor '/home/roboboat/RoboBoat_Cyber_Minority/Comp_2024/GPS_Related_Tasks/install/vectornav/share/vectornav/package.dsv'
[6.742s] INFO:colcon.colcon_core.shell:Creating package script '/home/roboboat/RoboBoat_Cyber_Minority/Comp_2024/GPS_Related_Tasks/install/vectornav/share/vectornav/package.sh'
[6.742s] INFO:colcon.colcon_core.shell:Creating package script '/home/roboboat/RoboBoat_Cyber_Minority/Comp_2024/GPS_Related_Tasks/install/vectornav/share/vectornav/package.bash'
[6.743s] INFO:colcon.colcon_core.shell:Creating package script '/home/roboboat/RoboBoat_Cyber_Minority/Comp_2024/GPS_Related_Tasks/install/vectornav/share/vectornav/package.zsh'
[6.744s] Level 1:colcon.colcon_core.environment:create_file_with_runtime_dependencies(/home/roboboat/RoboBoat_Cyber_Minority/Comp_2024/GPS_Related_Tasks/install/vectornav/share/colcon-core/packages/vectornav)
[6.744s] INFO:colcon.colcon_ros.task.ament_cmake.build:Building ROS package in '/home/roboboat/RoboBoat_Cyber_Minority/Comp_2024/GPS_Related_Tasks/src/task1' with build type 'ament_cmake'
[6.745s] INFO:colcon.colcon_cmake.task.cmake.build:Building CMake package in '/home/roboboat/RoboBoat_Cyber_Minority/Comp_2024/GPS_Related_Tasks/src/task1'
[6.763s] INFO:colcon.colcon_core.shell:Skip shell extension 'powershell' for command environment: Not usable outside of PowerShell
[6.763s] DEBUG:colcon.colcon_core.shell:Skip shell extension 'dsv' for command environment
[6.843s] DEBUG:colcon.colcon_core.event_handler.log_command:Invoking command in '/home/roboboat/RoboBoat_Cyber_Minority/Comp_2024/GPS_Related_Tasks/build/task1': AMENT_PREFIX_PATH=/home/roboboat/RoboBoat_Cyber_Minority/Comp_2024/GPS_Related_Tasks/install/vectornav:/home/roboboat/RoboBoat_Cyber_Minority/Comp_2024/GPS_Related_Tasks/install/vectornav_msgs:${AMENT_PREFIX_PATH} CMAKE_PREFIX_PATH=/home/roboboat/RoboBoat_Cyber_Minority/Comp_2024/GPS_Related_Tasks/install/vectornav:/home/roboboat/RoboBoat_Cyber_Minority/Comp_2024/GPS_Related_Tasks/install/vectornav_msgs:/home/roboboat/RoboBoat_Cyber_Minority/ROS2_Imp/ros2_foxy/install/vectornav:/home/roboboat/RoboBoat_Cyber_Minority/ROS2_Imp/ros2_foxy/install/vectornav_msgs:/home/roboboat/RoboBoat_Cyber_Minority/ROS2_Imp/ros2_foxy/install/main_control:/home/roboboat/RoboBoat_Cyber_Minority/ROS2_Imp/ros2_foxy/install/detector:/opt/ros/foxy LD_LIBRARY_PATH=/home/roboboat/RoboBoat_Cyber_Minority/Comp_2024/GPS_Related_Tasks/install/vectornav/lib:/home/roboboat/RoboBoat_Cyber_Minority/Comp_2024/GPS_Related_Tasks/install/vectornav_msgs/lib:${LD_LIBRARY_PATH} PYTHONPATH=/home/roboboat/RoboBoat_Cyber_Minority/Comp_2024/GPS_Related_Tasks/install/vectornav_msgs/lib/python3.8/site-packages:${PYTHONPATH} /usr/bin/cmake --build /home/roboboat/RoboBoat_Cyber_Minority/Comp_2024/GPS_Related_Tasks/build/task1 -- -j12 -l12
[7.745s] DEBUG:colcon.colcon_core.event_handler.log_command:Invoked command in '/home/roboboat/RoboBoat_Cyber_Minority/Comp_2024/GPS_Related_Tasks/build/task1' returned '2': AMENT_PREFIX_PATH=/home/roboboat/RoboBoat_Cyber_Minority/Comp_2024/GPS_Related_Tasks/install/vectornav:/home/roboboat/RoboBoat_Cyber_Minority/Comp_2024/GPS_Related_Tasks/install/vectornav_msgs:${AMENT_PREFIX_PATH} CMAKE_PREFIX_PATH=/home/roboboat/RoboBoat_Cyber_Minority/Comp_2024/GPS_Related_Tasks/install/vectornav:/home/roboboat/RoboBoat_Cyber_Minority/Comp_2024/GPS_Related_Tasks/install/vectornav_msgs:/home/roboboat/RoboBoat_Cyber_Minority/ROS2_Imp/ros2_foxy/install/vectornav:/home/roboboat/RoboBoat_Cyber_Minority/ROS2_Imp/ros2_foxy/install/vectornav_msgs:/home/roboboat/RoboBoat_Cyber_Minority/ROS2_Imp/ros2_foxy/install/main_control:/home/roboboat/RoboBoat_Cyber_Minority/ROS2_Imp/ros2_foxy/install/detector:/opt/ros/foxy LD_LIBRARY_PATH=/home/roboboat/RoboBoat_Cyber_Minority/Comp_2024/GPS_Related_Tasks/install/vectornav/lib:/home/roboboat/RoboBoat_Cyber_Minority/Comp_2024/GPS_Related_Tasks/install/vectornav_msgs/lib:${LD_LIBRARY_PATH} PYTHONPATH=/home/roboboat/RoboBoat_Cyber_Minority/Comp_2024/GPS_Related_Tasks/install/vectornav_msgs/lib/python3.8/site-packages:${PYTHONPATH} /usr/bin/cmake --build /home/roboboat/RoboBoat_Cyber_Minority/Comp_2024/GPS_Related_Tasks/build/task1 -- -j12 -l12
[7.830s] Level 1:colcon.colcon_core.environment:create_environment_scripts_only(task1)
[7.848s] Level 1:colcon.colcon_core.environment:checking '/home/roboboat/RoboBoat_Cyber_Minority/Comp_2024/GPS_Related_Tasks/install/task1' for CMake module files
[7.849s] Level 1:colcon.colcon_core.environment:checking '/home/roboboat/RoboBoat_Cyber_Minority/Comp_2024/GPS_Related_Tasks/install/task1' for CMake config files
[7.850s] Level 1:colcon.colcon_core.shell:create_environment_hook('task1', 'cmake_prefix_path')
[7.866s] INFO:colcon.colcon_core.shell:Creating environment hook '/home/roboboat/RoboBoat_Cyber_Minority/Comp_2024/GPS_Related_Tasks/install/task1/share/task1/hook/cmake_prefix_path.ps1'
[7.867s] INFO:colcon.colcon_core.shell:Creating environment descriptor '/home/roboboat/RoboBoat_Cyber_Minority/Comp_2024/GPS_Related_Tasks/install/task1/share/task1/hook/cmake_prefix_path.dsv'
[7.868s] INFO:colcon.colcon_core.shell:Creating environment hook '/home/roboboat/RoboBoat_Cyber_Minority/Comp_2024/GPS_Related_Tasks/install/task1/share/task1/hook/cmake_prefix_path.sh'
[7.871s] Level 1:colcon.colcon_core.environment:checking '/home/roboboat/RoboBoat_Cyber_Minority/Comp_2024/GPS_Related_Tasks/install/task1/bin'
[7.872s] Level 1:colcon.colcon_core.environment:checking '/home/roboboat/RoboBoat_Cyber_Minority/Comp_2024/GPS_Related_Tasks/install/task1/lib/pkgconfig/task1.pc'
[7.872s] Level 1:colcon.colcon_core.environment:checking '/home/roboboat/RoboBoat_Cyber_Minority/Comp_2024/GPS_Related_Tasks/install/task1/lib/python3.8/site-packages'
[7.872s] Level 1:colcon.colcon_core.environment:checking '/home/roboboat/RoboBoat_Cyber_Minority/Comp_2024/GPS_Related_Tasks/install/task1/bin'
[7.889s] INFO:colcon.colcon_core.shell:Creating package script '/home/roboboat/RoboBoat_Cyber_Minority/Comp_2024/GPS_Related_Tasks/install/task1/share/task1/package.ps1'
[7.890s] INFO:colcon.colcon_core.shell:Creating package descriptor '/home/roboboat/RoboBoat_Cyber_Minority/Comp_2024/GPS_Related_Tasks/install/task1/share/task1/package.dsv'
[7.891s] INFO:colcon.colcon_core.shell:Creating package script '/home/roboboat/RoboBoat_Cyber_Minority/Comp_2024/GPS_Related_Tasks/install/task1/share/task1/package.sh'
[7.894s] INFO:colcon.colcon_core.shell:Creating package script '/home/roboboat/RoboBoat_Cyber_Minority/Comp_2024/GPS_Related_Tasks/install/task1/share/task1/package.bash'
[7.896s] INFO:colcon.colcon_core.shell:Creating package script '/home/roboboat/RoboBoat_Cyber_Minority/Comp_2024/GPS_Related_Tasks/install/task1/share/task1/package.zsh'
[7.897s] Level 1:colcon.colcon_core.environment:create_file_with_runtime_dependencies(/home/roboboat/RoboBoat_Cyber_Minority/Comp_2024/GPS_Related_Tasks/install/task1/share/colcon-core/packages/task1)
[7.908s] DEBUG:colcon.colcon_parallel_executor.executor.parallel:closing loop
[7.908s] DEBUG:colcon.colcon_parallel_executor.executor.parallel:loop closed
[7.909s] DEBUG:colcon.colcon_parallel_executor.executor.parallel:run_until_complete finished with '2'
[7.910s] DEBUG:colcon.colcon_core.event_reactor:joining thread
[7.946s] INFO:colcon.colcon_core.plugin_system:Skipping extension 'colcon_notification.desktop_notification.terminal_notifier': Not used on non-Darwin systems
[7.946s] INFO:colcon.colcon_core.plugin_system:Skipping extension 'colcon_notification.desktop_notification.win32': Not used on non-Windows systems
[7.946s] INFO:colcon.colcon_notification.desktop_notification:Sending desktop notification using 'notify2'
[7.987s] DEBUG:colcon.colcon_core.event_reactor:joined thread
[8.007s] INFO:colcon.colcon_core.shell:Creating prefix script '/home/roboboat/RoboBoat_Cyber_Minority/Comp_2024/GPS_Related_Tasks/install/local_setup.ps1'
[8.008s] INFO:colcon.colcon_core.shell:Creating prefix util module '/home/roboboat/RoboBoat_Cyber_Minority/Comp_2024/GPS_Related_Tasks/install/_local_setup_util_ps1.py'
[8.010s] INFO:colcon.colcon_core.shell:Creating prefix chain script '/home/roboboat/RoboBoat_Cyber_Minority/Comp_2024/GPS_Related_Tasks/install/setup.ps1'
[8.029s] INFO:colcon.colcon_core.shell:Creating prefix script '/home/roboboat/RoboBoat_Cyber_Minority/Comp_2024/GPS_Related_Tasks/install/local_setup.sh'
[8.030s] INFO:colcon.colcon_core.shell:Creating prefix util module '/home/roboboat/RoboBoat_Cyber_Minority/Comp_2024/GPS_Related_Tasks/install/_local_setup_util_sh.py'
[8.032s] INFO:colcon.colcon_core.shell:Creating prefix chain script '/home/roboboat/RoboBoat_Cyber_Minority/Comp_2024/GPS_Related_Tasks/install/setup.sh'
[8.050s] INFO:colcon.colcon_core.shell:Creating prefix script '/home/roboboat/RoboBoat_Cyber_Minority/Comp_2024/GPS_Related_Tasks/install/local_setup.bash'
[8.051s] INFO:colcon.colcon_core.shell:Creating prefix chain script '/home/roboboat/RoboBoat_Cyber_Minority/Comp_2024/GPS_Related_Tasks/install/setup.bash'
[8.073s] INFO:colcon.colcon_core.shell:Creating prefix script '/home/roboboat/RoboBoat_Cyber_Minority/Comp_2024/GPS_Related_Tasks/install/local_setup.zsh'
[8.076s] INFO:colcon.colcon_core.shell:Creating prefix chain script '/home/roboboat/RoboBoat_Cyber_Minority/Comp_2024/GPS_Related_Tasks/install/setup.zsh'
