[0.027s] Invoking command in '/home/roboboat/ros2_ws/build/zed_rgb_convert': CMAKE_PREFIX_PATH=/home/roboboat/ros2_ws/install/zed_components:/home/roboboat/ros2_ws/install/zed_interfaces:/home/roboboat/ros2_ws/install/zed_ros2:/home/roboboat/ros2_ws/install/zed_wrapper:/opt/ros/foxy /usr/bin/cmake /home/roboboat/ros2_ws/src/zed-ros2-examples/tutorials/zed_rgb_convert -DCMAKE_BUILD_TYPE=Release -DAMENT_CMAKE_SYMLINK_INSTALL=1 -DCMAKE_INSTALL_PREFIX=/home/roboboat/ros2_ws/install/zed_rgb_convert
[0.098s] -- The C compiler identification is GNU 9.4.0
[0.167s] -- The CXX compiler identification is GNU 9.4.0
[0.169s] -- Check for working C compiler: /usr/bin/cc
[0.259s] -- Check for working C compiler: /usr/bin/cc -- works
[0.260s] -- Detecting C compiler ABI info
[0.356s] -- Detecting C compiler ABI info - done
[0.364s] -- Detecting C compile features
[0.365s] -- Detecting C compile features - done
[0.368s] -- Check for working CXX compiler: /usr/bin/c++
[0.469s] -- Check for working CXX compiler: /usr/bin/c++ -- works
[0.470s] -- Detecting CXX compiler ABI info
[0.572s] -- Detecting CXX compiler ABI info - done
[0.586s] -- Detecting CXX compile features
[0.586s] -- Detecting CXX compile features - done
[0.597s] -- Found OpenCV: /usr (found version "4.5.4") 
[0.601s] -- Looking for sgemm_
[0.689s] -- Looking for sgemm_ - not found
[0.691s] -- Looking for pthread.h
[0.785s] -- Looking for pthread.h - found
[0.785s] -- Performing Test CMAKE_HAVE_LIBC_PTHREAD
[0.885s] -- Performing Test CMAKE_HAVE_LIBC_PTHREAD - Failed
[0.885s] -- Looking for pthread_create in pthreads
[0.964s] -- Looking for pthread_create in pthreads - not found
[0.965s] -- Looking for pthread_create in pthread
[1.062s] -- Looking for pthread_create in pthread - found
[1.063s] -- Found Threads: TRUE  
[1.096s] -- Looking for sgemm_
[1.227s] -- Looking for sgemm_ - found
[1.228s] -- Found BLAS: /usr/lib/aarch64-linux-gnu/libopenblas.so  
[1.251s] -- Found CUDA: /usr/local/cuda (found suitable version "11.8", minimum required is "11.4") 
[1.277s] -- Found CUDA: /usr/local/cuda (found version "11.8") 
[1.279s] -- Found ament_cmake: 0.9.11 (/opt/ros/foxy/share/ament_cmake/cmake)
[1.312s] -- Found PythonInterp: /usr/bin/python3 (found suitable version "3.8.10", minimum required is "3") 
[1.313s] -- Using PYTHON_EXECUTABLE: /usr/bin/python3
[1.578s] -- Override CMake install command with custom implementation using symlinks instead of copying resources
[1.610s] -- Found rcutils: 1.1.4 (/opt/ros/foxy/share/rcutils/cmake)
[1.618s] -- Found rclcpp: 2.4.2 (/opt/ros/foxy/share/rclcpp/cmake)
[1.663s] -- Using all available rosidl_typesupport_c: rosidl_typesupport_fastrtps_c;rosidl_typesupport_introspection_c
[1.671s] -- Found rosidl_adapter: 1.3.0 (/opt/ros/foxy/share/rosidl_adapter/cmake)
[1.814s] -- Found OpenSSL: /usr/lib/aarch64-linux-gnu/libcrypto.so (found version "1.1.1f")  
[1.848s] -- Found FastRTPS: /opt/ros/foxy/include  
[1.963s] -- Using all available rosidl_typesupport_cpp: rosidl_typesupport_fastrtps_cpp;rosidl_typesupport_introspection_cpp
[2.041s] -- Found rmw_implementation_cmake: 1.0.3 (/opt/ros/foxy/share/rmw_implementation_cmake/cmake)
[2.043s] -- Using RMW implementation 'rmw_fastrtps_cpp' as default
[2.249s] -- Found rclcpp_components: 2.4.2 (/opt/ros/foxy/share/rclcpp_components/cmake)
[2.330s] -- Found sensor_msgs: 2.0.5 (/opt/ros/foxy/share/sensor_msgs/cmake)
[2.480s] -- Found image_transport: 2.4.0 (/opt/ros/foxy/share/image_transport/cmake)
[2.531s] -- Found zed_components: 0.2.0 (/home/roboboat/ros2_ws/install/zed_components/share/zed_components/cmake)
[2.950s] -- Found eigen3_cmake_module: 0.1.1 (/opt/ros/foxy/share/eigen3_cmake_module/cmake)
[2.954s] -- Found Eigen3: TRUE (found version "3.3.7") 
[3.806s] -- Found ament_lint_auto: 0.9.7 (/opt/ros/foxy/share/ament_lint_auto/cmake)
[4.231s] -- Added test 'copyright' to check source files copyright and LICENSE
[4.233s] -- Added test 'cppcheck' to perform static code analysis on C / C++ code
[4.233s] -- Configured cppcheck include dirs: /home/roboboat/ros2_ws/src/zed-ros2-examples/tutorials/zed_rgb_convert/src/include;/home/roboboat/ros2_ws/src/zed-ros2-examples/tutorials/zed_rgb_convert/src/component/include
[4.234s] -- Configured cppcheck exclude dirs and/or files: 
[4.235s] -- Added test 'cpplint' to check C / C++ code against the Google style
[4.235s] -- Configured cpplint exclude dirs and/or files: 
[4.236s] -- Added test 'flake8' to check Python code syntax and style conventions
[4.236s] -- Added test 'lint_cmake' to check CMake code style
[4.237s] -- Added test 'pep257' to check Python code against some of the style conventions in PEP 257
[4.238s] -- Added test 'uncrustify' to check C / C++ code style
[4.238s] -- Configured uncrustify additional arguments: 
[4.239s] -- Added test 'xmllint' to check XML markup files
[4.240s] -- Added test 'clang_format' to check C / C++ code style
[4.250s] -- Configuring done
[4.313s] -- Generating done
[4.316s] -- Build files have been written to: /home/roboboat/ros2_ws/build/zed_rgb_convert
[4.338s] Invoked command in '/home/roboboat/ros2_ws/build/zed_rgb_convert' returned '0': CMAKE_PREFIX_PATH=/home/roboboat/ros2_ws/install/zed_components:/home/roboboat/ros2_ws/install/zed_interfaces:/home/roboboat/ros2_ws/install/zed_ros2:/home/roboboat/ros2_ws/install/zed_wrapper:/opt/ros/foxy /usr/bin/cmake /home/roboboat/ros2_ws/src/zed-ros2-examples/tutorials/zed_rgb_convert -DCMAKE_BUILD_TYPE=Release -DAMENT_CMAKE_SYMLINK_INSTALL=1 -DCMAKE_INSTALL_PREFIX=/home/roboboat/ros2_ws/install/zed_rgb_convert
[4.342s] Invoking command in '/home/roboboat/ros2_ws/build/zed_rgb_convert': CMAKE_PREFIX_PATH=/home/roboboat/ros2_ws/install/zed_components:/home/roboboat/ros2_ws/install/zed_interfaces:/home/roboboat/ros2_ws/install/zed_ros2:/home/roboboat/ros2_ws/install/zed_wrapper:/opt/ros/foxy /usr/bin/cmake --build /home/roboboat/ros2_ws/build/zed_rgb_convert -- -j12 -l12
[4.398s] [35m[1mScanning dependencies of target zed_rgb_convert_component[0m
[4.535s] [ 25%] [32mBuilding CXX object CMakeFiles/zed_rgb_convert_component.dir/src/component/src/zed_rgb_convert_component.cpp.o[0m
[12.217s] [ 50%] [32m[1mLinking CXX shared library libzed_rgb_convert_component.so[0m
[12.485s] [ 50%] Built target zed_rgb_convert_component
[12.501s] [35m[1mScanning dependencies of target zed_rgb_convert[0m
[12.586s] [ 75%] [32mBuilding CXX object CMakeFiles/zed_rgb_convert.dir/src/container/zed_rgb_convert.cpp.o[0m
[18.092s] [100%] [32m[1mLinking CXX executable zed_rgb_convert[0m
[18.436s] [100%] Built target zed_rgb_convert
[18.454s] Invoked command in '/home/roboboat/ros2_ws/build/zed_rgb_convert' returned '0': CMAKE_PREFIX_PATH=/home/roboboat/ros2_ws/install/zed_components:/home/roboboat/ros2_ws/install/zed_interfaces:/home/roboboat/ros2_ws/install/zed_ros2:/home/roboboat/ros2_ws/install/zed_wrapper:/opt/ros/foxy /usr/bin/cmake --build /home/roboboat/ros2_ws/build/zed_rgb_convert -- -j12 -l12
[18.488s] Invoking command in '/home/roboboat/ros2_ws/build/zed_rgb_convert': CMAKE_PREFIX_PATH=/home/roboboat/ros2_ws/install/zed_components:/home/roboboat/ros2_ws/install/zed_interfaces:/home/roboboat/ros2_ws/install/zed_ros2:/home/roboboat/ros2_ws/install/zed_wrapper:/opt/ros/foxy /usr/bin/cmake --install /home/roboboat/ros2_ws/build/zed_rgb_convert
[18.501s] -- Install configuration: "Release"
[18.501s] -- Execute custom install script
[18.502s] -- Symlinking: /home/roboboat/ros2_ws/install/zed_rgb_convert/lib/zed_rgb_convert/zed_rgb_convert
[18.514s] -- Symlinking: /home/roboboat/ros2_ws/install/zed_rgb_convert/lib/libzed_rgb_convert_component.so
[18.526s] -- Symlinking: /home/roboboat/ros2_ws/install/zed_rgb_convert/include/zed_rgb_convert//cvt_visibility_control.hpp
[18.538s] -- Symlinking: /home/roboboat/ros2_ws/install/zed_rgb_convert/share/zed_rgb_convert/launch/zed_rgb_convert.launch.py
[18.550s] -- Symlinking: /home/roboboat/ros2_ws/install/zed_rgb_convert/share/zed_rgb_convert/environment/library_path.sh
[18.562s] -- Symlinking: /home/roboboat/ros2_ws/install/zed_rgb_convert/share/zed_rgb_convert/environment/library_path.dsv
[18.574s] -- Symlinking: /home/roboboat/ros2_ws/install/zed_rgb_convert/share/ament_index/resource_index/package_run_dependencies/zed_rgb_convert
[18.585s] -- Symlinking: /home/roboboat/ros2_ws/install/zed_rgb_convert/share/ament_index/resource_index/parent_prefix_path/zed_rgb_convert
[18.597s] -- Symlinking: /home/roboboat/ros2_ws/install/zed_rgb_convert/share/zed_rgb_convert/environment/ament_prefix_path.sh
[18.608s] -- Symlinking: /home/roboboat/ros2_ws/install/zed_rgb_convert/share/zed_rgb_convert/environment/ament_prefix_path.dsv
[18.620s] -- Symlinking: /home/roboboat/ros2_ws/install/zed_rgb_convert/share/zed_rgb_convert/environment/path.sh
[18.631s] -- Symlinking: /home/roboboat/ros2_ws/install/zed_rgb_convert/share/zed_rgb_convert/environment/path.dsv
[18.643s] -- Symlinking: /home/roboboat/ros2_ws/install/zed_rgb_convert/share/zed_rgb_convert/local_setup.bash
[18.655s] -- Symlinking: /home/roboboat/ros2_ws/install/zed_rgb_convert/share/zed_rgb_convert/local_setup.sh
[18.667s] -- Symlinking: /home/roboboat/ros2_ws/install/zed_rgb_convert/share/zed_rgb_convert/local_setup.zsh
[18.679s] -- Symlinking: /home/roboboat/ros2_ws/install/zed_rgb_convert/share/zed_rgb_convert/local_setup.dsv
[18.690s] -- Symlinking: /home/roboboat/ros2_ws/install/zed_rgb_convert/share/zed_rgb_convert/package.dsv
[18.702s] -- Symlinking: /home/roboboat/ros2_ws/install/zed_rgb_convert/share/ament_index/resource_index/packages/zed_rgb_convert
[18.714s] -- Symlinking: /home/roboboat/ros2_ws/install/zed_rgb_convert/share/ament_index/resource_index/rclcpp_components/zed_rgb_convert
[18.725s] -- Symlinking: /home/roboboat/ros2_ws/install/zed_rgb_convert/share/zed_rgb_convert/cmake/ament_cmake_export_include_directories-extras.cmake
[18.737s] -- Symlinking: /home/roboboat/ros2_ws/install/zed_rgb_convert/share/zed_rgb_convert/cmake/ament_cmake_export_libraries-extras.cmake
[18.749s] -- Symlinking: /home/roboboat/ros2_ws/install/zed_rgb_convert/share/zed_rgb_convert/cmake/ament_cmake_export_dependencies-extras.cmake
[18.761s] -- Symlinking: /home/roboboat/ros2_ws/install/zed_rgb_convert/share/zed_rgb_convert/cmake/zed_rgb_convertConfig.cmake
[18.772s] -- Symlinking: /home/roboboat/ros2_ws/install/zed_rgb_convert/share/zed_rgb_convert/cmake/zed_rgb_convertConfig-version.cmake
[18.784s] -- Symlinking: /home/roboboat/ros2_ws/install/zed_rgb_convert/share/zed_rgb_convert/package.xml
[18.801s] Invoked command in '/home/roboboat/ros2_ws/build/zed_rgb_convert' returned '0': CMAKE_PREFIX_PATH=/home/roboboat/ros2_ws/install/zed_components:/home/roboboat/ros2_ws/install/zed_interfaces:/home/roboboat/ros2_ws/install/zed_ros2:/home/roboboat/ros2_ws/install/zed_wrapper:/opt/ros/foxy /usr/bin/cmake --install /home/roboboat/ros2_ws/build/zed_rgb_convert
