[0.104s] Invoking command in '/home/roboboat/RoboBoat_Cyber_Minority/ROS2_Imp/ros2_foxy/src/main_control/build/main_control': CMAKE_PREFIX_PATH=${CMAKE_PREFIX_PATH}:/home/roboboat/ros2_ws/install/Motorcontroller:/opt/ros/foxy /usr/bin/cmake --build /home/roboboat/RoboBoat_Cyber_Minority/ROS2_Imp/ros2_foxy/src/main_control/build/main_control -- -j12 -l12
[0.145s] -- Found ament_cmake: 0.9.12 (/opt/ros/foxy/share/ament_cmake/cmake)
[0.178s] -- Using PYTHON_EXECUTABLE: /usr/bin/python3
[0.487s] -- Found rclcpp: 2.4.3 (/opt/ros/foxy/share/rclcpp/cmake)
[0.579s] -- Using all available rosidl_typesupport_c: rosidl_typesupport_fastrtps_c;rosidl_typesupport_introspection_c
[0.598s] -- Found rosidl_adapter: 1.3.1 (/opt/ros/foxy/share/rosidl_adapter/cmake)
[0.787s] -- Found OpenSSL: /usr/lib/aarch64-linux-gnu/libcrypto.so (found version "1.1.1f")  
[0.832s] -- Found FastRTPS: /opt/ros/foxy/include  
[0.953s] -- Using all available rosidl_typesupport_cpp: rosidl_typesupport_fastrtps_cpp;rosidl_typesupport_introspection_cpp
[1.032s] -- Found rmw_implementation_cmake: 1.0.4 (/opt/ros/foxy/share/rmw_implementation_cmake/cmake)
[1.034s] -- Using RMW implementation 'rmw_fastrtps_cpp' as default
[1.047s] -- Looking for pthread.h
[1.168s] -- Looking for pthread.h - found
[1.168s] -- Performing Test CMAKE_HAVE_LIBC_PTHREAD
[1.342s] -- Performing Test CMAKE_HAVE_LIBC_PTHREAD - Failed
[1.342s] -- Looking for pthread_create in pthreads
[1.462s] -- Looking for pthread_create in pthreads - not found
[1.462s] -- Looking for pthread_create in pthread
[1.589s] -- Looking for pthread_create in pthread - found
[1.590s] -- Found Threads: TRUE  
[1.858s] -- Found rosidl_default_generators: 1.0.1 (/opt/ros/foxy/share/rosidl_default_generators/cmake)
[1.911s] -- Found PythonInterp: /usr/bin/python3 (found version "3.8.10") 
[2.092s] CMake Error at /opt/ros/foxy/share/rosidl_cmake/cmake/rosidl_generate_interfaces.cmake:229 (message):
[2.092s]   Packages installing interfaces must include
[2.092s]   '<member_of_group>rosidl_interface_packages</member_of_group>' in their
[2.092s]   package.xml
[2.092s] Call Stack (most recent call first):
[2.092s]   CMakeLists.txt:28 (rosidl_generate_interfaces)
[2.093s] 
[2.093s] 
[2.095s] -- Configuring incomplete, errors occurred!
[2.096s] See also "/home/roboboat/RoboBoat_Cyber_Minority/ROS2_Imp/ros2_foxy/src/main_control/build/main_control/CMakeFiles/CMakeOutput.log".
[2.096s] See also "/home/roboboat/RoboBoat_Cyber_Minority/ROS2_Imp/ros2_foxy/src/main_control/build/main_control/CMakeFiles/CMakeError.log".
[2.112s] make: *** [Makefile:266: cmake_check_build_system] Error 1
[2.116s] Invoked command in '/home/roboboat/RoboBoat_Cyber_Minority/ROS2_Imp/ros2_foxy/src/main_control/build/main_control' returned '2': CMAKE_PREFIX_PATH=${CMAKE_PREFIX_PATH}:/home/roboboat/ros2_ws/install/Motorcontroller:/opt/ros/foxy /usr/bin/cmake --build /home/roboboat/RoboBoat_Cyber_Minority/ROS2_Imp/ros2_foxy/src/main_control/build/main_control -- -j12 -l12
