[0.190s] Invoking command in '/home/roboboat/RoboBoat_Cyber_Minority/ROS2_Imp/ros2_foxy/build/Main_control': CMAKE_PREFIX_PATH=${CMAKE_PREFIX_PATH}:/home/roboboat/ros2_ws/install/Motorcontroller:/opt/ros/foxy /usr/bin/cmake /home/roboboat/RoboBoat_Cyber_Minority/ROS2_Imp/ros2_foxy/src/Main_control -DCMAKE_INSTALL_PREFIX=/home/roboboat/RoboBoat_Cyber_Minority/ROS2_Imp/ros2_foxy/install/Main_control
[0.280s] -- The C compiler identification is GNU 9.4.0
[0.360s] -- The CXX compiler identification is GNU 9.4.0
[0.366s] -- Check for working C compiler: /usr/bin/cc
[0.485s] -- Check for working C compiler: /usr/bin/cc -- works
[0.486s] -- Detecting C compiler ABI info
[0.600s] -- Detecting C compiler ABI info - done
[0.627s] -- Detecting C compile features
[0.628s] -- Detecting C compile features - done
[0.632s] -- Check for working CXX compiler: /usr/bin/c++
[0.747s] -- Check for working CXX compiler: /usr/bin/c++ -- works
[0.748s] -- Detecting CXX compiler ABI info
[0.880s] -- Detecting CXX compiler ABI info - done
[0.913s] -- Detecting CXX compile features
[0.914s] -- Detecting CXX compile features - done
[0.921s] -- Found ament_cmake: 0.9.12 (/opt/ros/foxy/share/ament_cmake/cmake)
[0.963s] -- Found PythonInterp: /usr/bin/python3 (found suitable version "3.8.10", minimum required is "3") 
[0.964s] -- Using PYTHON_EXECUTABLE: /usr/bin/python3
[1.288s] -- Found ament_lint_auto: 0.9.8 (/opt/ros/foxy/share/ament_lint_auto/cmake)
[1.360s] WARNING: Package name "Main_control" does not follow the naming conventions. It should start with a lower case letter and only contain lower case letters, digits, underscores, and dashes.
[1.406s] -- Added test 'copyright' to check source files copyright and LICENSE
[1.408s] -- Added test 'cppcheck' to perform static code analysis on C / C++ code
[1.408s] -- Configured cppcheck include dirs: $<BUILD_INTERFACE:/home/roboboat/RoboBoat_Cyber_Minority/ROS2_Imp/ros2_foxy/src/Main_control/include>
[1.408s] -- Configured cppcheck exclude dirs and/or files: 
[1.409s] -- Added test 'cpplint' to check C / C++ code against the Google style
[1.409s] -- Configured cpplint exclude dirs and/or files: 
[1.410s] -- Added test 'lint_cmake' to check CMake code style
[1.412s] -- Added test 'uncrustify' to check C / C++ code style
[1.412s] -- Configured uncrustify additional arguments: 
[1.412s] -- Added test 'xmllint' to check XML markup files
[1.416s] -- Configuring done
[1.421s] -- Generating done
[1.422s] -- Build files have been written to: /home/roboboat/RoboBoat_Cyber_Minority/ROS2_Imp/ros2_foxy/build/Main_control
[1.432s] Invoked command in '/home/roboboat/RoboBoat_Cyber_Minority/ROS2_Imp/ros2_foxy/build/Main_control' returned '0': CMAKE_PREFIX_PATH=${CMAKE_PREFIX_PATH}:/home/roboboat/ros2_ws/install/Motorcontroller:/opt/ros/foxy /usr/bin/cmake /home/roboboat/RoboBoat_Cyber_Minority/ROS2_Imp/ros2_foxy/src/Main_control -DCMAKE_INSTALL_PREFIX=/home/roboboat/RoboBoat_Cyber_Minority/ROS2_Imp/ros2_foxy/install/Main_control
[1.438s] Invoking command in '/home/roboboat/RoboBoat_Cyber_Minority/ROS2_Imp/ros2_foxy/build/Main_control': CMAKE_PREFIX_PATH=${CMAKE_PREFIX_PATH}:/home/roboboat/ros2_ws/install/Motorcontroller:/opt/ros/foxy /usr/bin/cmake --build /home/roboboat/RoboBoat_Cyber_Minority/ROS2_Imp/ros2_foxy/build/Main_control -- -j12 -l12
[1.504s] [35m[1mScanning dependencies of target mainControlPublisher[0m
[1.523s] [ 50%] [32mBuilding CXX object CMakeFiles/mainControlPublisher.dir/src/mainControlPublisher.cpp.o[0m
[1.573s] [100%] [32m[1mLinking CXX executable mainControlPublisher[0m
[1.638s] [100%] Built target mainControlPublisher
[1.659s] Invoked command in '/home/roboboat/RoboBoat_Cyber_Minority/ROS2_Imp/ros2_foxy/build/Main_control' returned '0': CMAKE_PREFIX_PATH=${CMAKE_PREFIX_PATH}:/home/roboboat/ros2_ws/install/Motorcontroller:/opt/ros/foxy /usr/bin/cmake --build /home/roboboat/RoboBoat_Cyber_Minority/ROS2_Imp/ros2_foxy/build/Main_control -- -j12 -l12
[1.719s] Invoking command in '/home/roboboat/RoboBoat_Cyber_Minority/ROS2_Imp/ros2_foxy/build/Main_control': CMAKE_PREFIX_PATH=${CMAKE_PREFIX_PATH}:/home/roboboat/ros2_ws/install/Motorcontroller:/opt/ros/foxy /usr/bin/cmake --install /home/roboboat/RoboBoat_Cyber_Minority/ROS2_Imp/ros2_foxy/build/Main_control
[1.735s] -- Install configuration: ""
[1.736s] -- Installing: /home/roboboat/RoboBoat_Cyber_Minority/ROS2_Imp/ros2_foxy/install/Main_control/lib/Main_control/mainControlPublisher
[1.736s] -- Installing: /home/roboboat/RoboBoat_Cyber_Minority/ROS2_Imp/ros2_foxy/install/Main_control/share/ament_index/resource_index/package_run_dependencies/Main_control
[1.736s] -- Installing: /home/roboboat/RoboBoat_Cyber_Minority/ROS2_Imp/ros2_foxy/install/Main_control/share/ament_index/resource_index/parent_prefix_path/Main_control
[1.737s] -- Installing: /home/roboboat/RoboBoat_Cyber_Minority/ROS2_Imp/ros2_foxy/install/Main_control/share/Main_control/environment/ament_prefix_path.sh
[1.737s] -- Installing: /home/roboboat/RoboBoat_Cyber_Minority/ROS2_Imp/ros2_foxy/install/Main_control/share/Main_control/environment/ament_prefix_path.dsv
[1.737s] -- Installing: /home/roboboat/RoboBoat_Cyber_Minority/ROS2_Imp/ros2_foxy/install/Main_control/share/Main_control/environment/path.sh
[1.737s] -- Installing: /home/roboboat/RoboBoat_Cyber_Minority/ROS2_Imp/ros2_foxy/install/Main_control/share/Main_control/environment/path.dsv
[1.737s] -- Installing: /home/roboboat/RoboBoat_Cyber_Minority/ROS2_Imp/ros2_foxy/install/Main_control/share/Main_control/local_setup.bash
[1.738s] -- Installing: /home/roboboat/RoboBoat_Cyber_Minority/ROS2_Imp/ros2_foxy/install/Main_control/share/Main_control/local_setup.sh
[1.738s] -- Installing: /home/roboboat/RoboBoat_Cyber_Minority/ROS2_Imp/ros2_foxy/install/Main_control/share/Main_control/local_setup.zsh
[1.738s] -- Installing: /home/roboboat/RoboBoat_Cyber_Minority/ROS2_Imp/ros2_foxy/install/Main_control/share/Main_control/local_setup.dsv
[1.738s] -- Installing: /home/roboboat/RoboBoat_Cyber_Minority/ROS2_Imp/ros2_foxy/install/Main_control/share/Main_control/package.dsv
[1.738s] -- Installing: /home/roboboat/RoboBoat_Cyber_Minority/ROS2_Imp/ros2_foxy/install/Main_control/share/ament_index/resource_index/packages/Main_control
[1.739s] -- Installing: /home/roboboat/RoboBoat_Cyber_Minority/ROS2_Imp/ros2_foxy/install/Main_control/share/Main_control/cmake/Main_controlConfig.cmake
[1.739s] -- Installing: /home/roboboat/RoboBoat_Cyber_Minority/ROS2_Imp/ros2_foxy/install/Main_control/share/Main_control/cmake/Main_controlConfig-version.cmake
[1.739s] -- Installing: /home/roboboat/RoboBoat_Cyber_Minority/ROS2_Imp/ros2_foxy/install/Main_control/share/Main_control/package.xml
[1.743s] Invoked command in '/home/roboboat/RoboBoat_Cyber_Minority/ROS2_Imp/ros2_foxy/build/Main_control' returned '0': CMAKE_PREFIX_PATH=${CMAKE_PREFIX_PATH}:/home/roboboat/ros2_ws/install/Motorcontroller:/opt/ros/foxy /usr/bin/cmake --install /home/roboboat/RoboBoat_Cyber_Minority/ROS2_Imp/ros2_foxy/build/Main_control
