[0.100s] Invoking command in '/home/roboboat/RoboBoat_Cyber_Minority/ROS2_Imp/ros2_foxy/src/main_control/build/main_control': CMAKE_PREFIX_PATH=${CMAKE_PREFIX_PATH}:/opt/ros/foxy /usr/bin/cmake --build /home/roboboat/RoboBoat_Cyber_Minority/ROS2_Imp/ros2_foxy/src/main_control/build/main_control -- -j12 -l12
[0.173s] -- Found ament_cmake: 0.9.12 (/opt/ros/foxy/share/ament_cmake/cmake)
[0.232s] -- Found PythonInterp: /usr/bin/python3 (found suitable version "3.8.10", minimum required is "3") 
[0.232s] -- Using PYTHON_EXECUTABLE: /usr/bin/python3
[0.588s] -- Found rclcpp: 2.4.3 (/opt/ros/foxy/share/rclcpp/cmake)
[0.691s] -- Using all available rosidl_typesupport_c: rosidl_typesupport_fastrtps_c;rosidl_typesupport_introspection_c
[0.698s] -- Found rosidl_adapter: 1.3.1 (/opt/ros/foxy/share/rosidl_adapter/cmake)
[0.911s] -- Using all available rosidl_typesupport_cpp: rosidl_typesupport_fastrtps_cpp;rosidl_typesupport_introspection_cpp
[0.994s] -- Found rmw_implementation_cmake: 1.0.4 (/opt/ros/foxy/share/rmw_implementation_cmake/cmake)
[0.997s] -- Using RMW implementation 'rmw_fastrtps_cpp' as default
[1.235s] -- Found rosidl_default_generators: 1.0.1 (/opt/ros/foxy/share/rosidl_default_generators/cmake)
[1.286s] -- Found PythonInterp: /usr/bin/python3 (found version "3.8.10") 
[1.530s] -- Found ament_cmake_ros: 0.9.2 (/opt/ros/foxy/share/ament_cmake_ros/cmake)
[1.705s] -- Using all available rosidl_typesupport_c: rosidl_typesupport_fastrtps_c;rosidl_typesupport_introspection_c
[1.716s] -- Using all available rosidl_typesupport_cpp: rosidl_typesupport_fastrtps_cpp;rosidl_typesupport_introspection_cpp
[1.754s] -- Found PythonInterp: /usr/bin/python3 (found suitable version "3.8.10", minimum required is "3.5") 
[1.762s] -- Found python_cmake_module: 0.8.1 (/opt/ros/foxy/share/python_cmake_module/cmake)
[1.821s] -- Using PYTHON_EXECUTABLE: /usr/bin/python3
[1.821s] -- Using PYTHON_INCLUDE_DIRS: /usr/include/python3.8
[1.821s] -- Using PYTHON_LIBRARIES: /usr/lib/aarch64-linux-gnu/libpython3.8.so
[1.890s] -- Found ament_lint_auto: 0.9.8 (/opt/ros/foxy/share/ament_lint_auto/cmake)
[1.928s] -- Added test 'copyright' to check source files copyright and LICENSE
[2.003s] -- Added test 'cppcheck' to perform static code analysis on C / C++ code
[2.005s] -- Configured cppcheck include dirs: $<BUILD_INTERFACE:/home/roboboat/RoboBoat_Cyber_Minority/ROS2_Imp/ros2_foxy/src/main_control/build/main_control/rosidl_generator_c>;/home/roboboat/RoboBoat_Cyber_Minority/ROS2_Imp/ros2_foxy/src/main_control/build/main_control/rosidl_generator_c;/home/roboboat/RoboBoat_Cyber_Minority/ROS2_Imp/ros2_foxy/src/main_control/build/main_control/rosidl_generator_cpp;/home/roboboat/RoboBoat_Cyber_Minority/ROS2_Imp/ros2_foxy/src/main_control/build/main_control/rosidl_typesupport_fastrtps_c;/home/roboboat/RoboBoat_Cyber_Minority/ROS2_Imp/ros2_foxy/src/main_control/build/main_control/rosidl_typesupport_fastrtps_cpp;$<BUILD_INTERFACE:/home/roboboat/RoboBoat_Cyber_Minority/ROS2_Imp/ros2_foxy/src/main_control/build/main_control/rosidl_typesupport_introspection_c>;$<BUILD_INTERFACE:/home/roboboat/RoboBoat_Cyber_Minority/ROS2_Imp/ros2_foxy/src/main_control/build/main_control/rosidl_typesupport_c>;$<BUILD_INTERFACE:/home/roboboat/RoboBoat_Cyber_Minority/ROS2_Imp/ros2_foxy/src/main_control/build/main_control/rosidl_generator_cpp>;/home/roboboat/RoboBoat_Cyber_Minority/ROS2_Imp/ros2_foxy/src/main_control/build/main_control/rosidl_generator_py;$<BUILD_INTERFACE:/home/roboboat/RoboBoat_Cyber_Minority/ROS2_Imp/ros2_foxy/src/main_control/include>
[2.005s] -- Configured cppcheck exclude dirs and/or files: 
[2.048s] -- Added test 'cpplint' to check C / C++ code against the Google style
[2.048s] -- Configured cpplint exclude dirs and/or files: 
[2.060s] -- Added test 'flake8' to check Python code syntax and style conventions
[2.070s] -- Added test 'lint_cmake' to check CMake code style
[2.075s] -- Added test 'pep257' to check Python code against some of the style conventions in PEP 257
[2.112s] -- Added test 'uncrustify' to check C / C++ code style
[2.112s] -- Configured uncrustify additional arguments: 
[2.124s] -- Added test 'xmllint' to check XML markup files
[2.136s] -- Configuring done
[2.214s] -- Generating done
[2.221s] -- Build files have been written to: /home/roboboat/RoboBoat_Cyber_Minority/ROS2_Imp/ros2_foxy/src/main_control/build/main_control
[2.270s] [35m[1mScanning dependencies of target detector_sub[0m
[2.275s] [35m[1mScanning dependencies of target main_control__rosidl_generator_c[0m
[2.276s] [35m[1mScanning dependencies of target main_control_pub[0m
[2.286s] [  2%] Built target main_control__cpp
[2.295s] [  5%] [32mBuilding C object CMakeFiles/main_control__rosidl_generator_c.dir/rosidl_generator_c/main_control/msg/detail/my_custom_msg__functions.c.o[0m
[2.306s] [35m[1mScanning dependencies of target main_control__rosidl_typesupport_fastrtps_cpp[0m
[2.307s] [35m[1mScanning dependencies of target main_control__rosidl_typesupport_cpp[0m
[2.307s] [35m[1mScanning dependencies of target main_control__rosidl_typesupport_introspection_cpp[0m
[2.318s] [  8%] [32mBuilding CXX object CMakeFiles/detector_sub.dir/src/detector_sub.cpp.o[0m
[2.323s] [ 11%] [32mBuilding CXX object CMakeFiles/main_control_pub.dir/src/main_control_pub.cpp.o[0m
[2.351s] [ 20%] [32mBuilding CXX object CMakeFiles/main_control__rosidl_typesupport_cpp.dir/rosidl_typesupport_cpp/main_control/msg/my_custom_msg__type_support.cpp.o[0m
[2.351s] [ 20%] [32mBuilding CXX object CMakeFiles/main_control__rosidl_typesupport_introspection_cpp.dir/rosidl_typesupport_introspection_cpp/main_control/msg/detail/my_custom_msg__type_support.cpp.o[0m
[2.351s] [ 20%] [32mBuilding CXX object CMakeFiles/main_control__rosidl_typesupport_fastrtps_cpp.dir/rosidl_typesupport_fastrtps_cpp/main_control/msg/detail/dds_fastrtps/my_custom_msg__type_support.cpp.o[0m
[2.465s] [ 22%] [32m[1mLinking C shared library libmain_control__rosidl_generator_c.so[0m
[2.518s] [ 25%] Built target main_control__rosidl_generator_c
[2.549s] [35m[1mScanning dependencies of target main_control__rosidl_typesupport_introspection_c[0m
[2.549s] [35m[1mScanning dependencies of target main_control__rosidl_typesupport_c[0m
[2.570s] [ 31%] [32mBuilding CXX object CMakeFiles/main_control__rosidl_typesupport_c.dir/rosidl_typesupport_c/main_control/msg/my_custom_msg__type_support.cpp.o[0m
[2.570s] [ 31%] [32mBuilding C object CMakeFiles/main_control__rosidl_typesupport_introspection_c.dir/rosidl_typesupport_introspection_c/main_control/msg/detail/my_custom_msg__type_support.c.o[0m
[2.628s] [ 34%] [32m[1mLinking CXX shared library libmain_control__rosidl_typesupport_c.so[0m
[2.634s] [ 37%] [32m[1mLinking C shared library libmain_control__rosidl_typesupport_introspection_c.so[0m
[2.684s] [ 40%] Built target main_control__rosidl_typesupport_introspection_c
[2.687s] [ 42%] Built target main_control__rosidl_typesupport_c
[2.813s] [ 45%] [32m[1mLinking CXX shared library libmain_control__rosidl_typesupport_cpp.so[0m
[2.872s] [ 48%] Built target main_control__rosidl_typesupport_cpp
[2.963s] [ 51%] [32m[1mLinking CXX shared library libmain_control__rosidl_typesupport_introspection_cpp.so[0m
[3.077s] [ 54%] Built target main_control__rosidl_typesupport_introspection_cpp
[3.193s] [ 57%] [32m[1mLinking CXX shared library libmain_control__rosidl_typesupport_fastrtps_cpp.so[0m
[3.326s] [ 60%] Built target main_control__rosidl_typesupport_fastrtps_cpp
[3.354s] [35m[1mScanning dependencies of target main_control__rosidl_typesupport_fastrtps_c[0m
[3.375s] [ 62%] [32mBuilding CXX object CMakeFiles/main_control__rosidl_typesupport_fastrtps_c.dir/rosidl_typesupport_fastrtps_c/main_control/msg/detail/my_custom_msg__type_support_c.cpp.o[0m
[3.947s] [ 65%] [32m[1mLinking CXX shared library libmain_control__rosidl_typesupport_fastrtps_c.so[0m
[4.067s] [ 68%] Built target main_control__rosidl_typesupport_fastrtps_c
[4.111s] [ 68%] Built target main_control
[4.150s] [ 71%] Built target main_control__py
[4.181s] [35m[1mScanning dependencies of target main_control__python[0m
[4.204s] [ 74%] [32mBuilding C object CMakeFiles/main_control__python.dir/rosidl_generator_py/main_control/msg/_my_custom_msg_s.c.o[0m
[4.439s] [ 77%] [32m[1mLinking C shared library rosidl_generator_py/main_control/libmain_control__python.so[0m
[4.503s] [ 77%] Built target main_control__python
[4.534s] [35m[1mScanning dependencies of target main_control__rosidl_typesupport_introspection_c__pyext[0m
[4.535s] [35m[1mScanning dependencies of target main_control__rosidl_typesupport_fastrtps_c__pyext[0m
[4.535s] [35m[1mScanning dependencies of target main_control__rosidl_typesupport_c__pyext[0m
[4.559s] [ 85%] [32mBuilding C object CMakeFiles/main_control__rosidl_typesupport_fastrtps_c__pyext.dir/rosidl_generator_py/main_control/_main_control_s.ep.rosidl_typesupport_fastrtps_c.c.o[0m
[4.560s] [ 85%] [32mBuilding C object CMakeFiles/main_control__rosidl_typesupport_introspection_c__pyext.dir/rosidl_generator_py/main_control/_main_control_s.ep.rosidl_typesupport_introspection_c.c.o[0m
[4.560s] [ 85%] [32mBuilding C object CMakeFiles/main_control__rosidl_typesupport_c__pyext.dir/rosidl_generator_py/main_control/_main_control_s.ep.rosidl_typesupport_c.c.o[0m
[4.684s] [ 94%] [32m[1mLinking CXX shared library rosidl_generator_py/main_control/main_control_s__rosidl_typesupport_fastrtps_c.cpython-38-aarch64-linux-gnu.so[0m
[4.684s] [ 94%] [32m[1mLinking C shared library rosidl_generator_py/main_control/main_control_s__rosidl_typesupport_c.cpython-38-aarch64-linux-gnu.so[0m
[4.684s] [ 94%] [32m[1mLinking C shared library rosidl_generator_py/main_control/main_control_s__rosidl_typesupport_introspection_c.cpython-38-aarch64-linux-gnu.so[0m
[4.736s] [ 94%] Built target main_control__rosidl_typesupport_introspection_c__pyext
[4.736s] [ 94%] Built target main_control__rosidl_typesupport_c__pyext
[4.769s] [ 94%] Built target main_control__rosidl_typesupport_fastrtps_c__pyext
[7.258s] [ 97%] [32m[1mLinking CXX executable main_control_pub[0m
[7.506s] [ 97%] Built target main_control_pub
[9.781s] [100%] [32m[1mLinking CXX executable detector_sub[0m
[10.127s] [100%] Built target detector_sub
[10.150s] Invoked command in '/home/roboboat/RoboBoat_Cyber_Minority/ROS2_Imp/ros2_foxy/src/main_control/build/main_control' returned '0': CMAKE_PREFIX_PATH=${CMAKE_PREFIX_PATH}:/opt/ros/foxy /usr/bin/cmake --build /home/roboboat/RoboBoat_Cyber_Minority/ROS2_Imp/ros2_foxy/src/main_control/build/main_control -- -j12 -l12
[10.262s] Invoking command in '/home/roboboat/RoboBoat_Cyber_Minority/ROS2_Imp/ros2_foxy/src/main_control/build/main_control': CMAKE_PREFIX_PATH=${CMAKE_PREFIX_PATH}:/opt/ros/foxy /usr/bin/cmake --install /home/roboboat/RoboBoat_Cyber_Minority/ROS2_Imp/ros2_foxy/src/main_control/build/main_control
[10.281s] -- Install configuration: ""
[10.282s] -- Up-to-date: /home/roboboat/RoboBoat_Cyber_Minority/ROS2_Imp/ros2_foxy/src/main_control/install/main_control/share/ament_index/resource_index/rosidl_interfaces/main_control
[10.282s] -- Up-to-date: /home/roboboat/RoboBoat_Cyber_Minority/ROS2_Imp/ros2_foxy/src/main_control/install/main_control/include/main_control
[10.282s] -- Up-to-date: /home/roboboat/RoboBoat_Cyber_Minority/ROS2_Imp/ros2_foxy/src/main_control/install/main_control/include/main_control/msg
[10.282s] -- Up-to-date: /home/roboboat/RoboBoat_Cyber_Minority/ROS2_Imp/ros2_foxy/src/main_control/install/main_control/include/main_control/msg/my_custom_msg.h
[10.282s] -- Up-to-date: /home/roboboat/RoboBoat_Cyber_Minority/ROS2_Imp/ros2_foxy/src/main_control/install/main_control/include/main_control/msg/detail
[10.282s] -- Up-to-date: /home/roboboat/RoboBoat_Cyber_Minority/ROS2_Imp/ros2_foxy/src/main_control/install/main_control/include/main_control/msg/detail/my_custom_msg__type_support.h
[10.282s] -- Up-to-date: /home/roboboat/RoboBoat_Cyber_Minority/ROS2_Imp/ros2_foxy/src/main_control/install/main_control/include/main_control/msg/detail/my_custom_msg__functions.c
[10.283s] -- Up-to-date: /home/roboboat/RoboBoat_Cyber_Minority/ROS2_Imp/ros2_foxy/src/main_control/install/main_control/include/main_control/msg/detail/my_custom_msg__functions.h
[10.283s] -- Up-to-date: /home/roboboat/RoboBoat_Cyber_Minority/ROS2_Imp/ros2_foxy/src/main_control/install/main_control/include/main_control/msg/detail/my_custom_msg__struct.h
[10.283s] -- Up-to-date: /home/roboboat/RoboBoat_Cyber_Minority/ROS2_Imp/ros2_foxy/src/main_control/install/main_control/include/main_control/msg/rosidl_generator_c__visibility_control.h
[10.283s] -- Installing: /home/roboboat/RoboBoat_Cyber_Minority/ROS2_Imp/ros2_foxy/src/main_control/install/main_control/share/main_control/environment/library_path.sh
[10.283s] -- Installing: /home/roboboat/RoboBoat_Cyber_Minority/ROS2_Imp/ros2_foxy/src/main_control/install/main_control/share/main_control/environment/library_path.dsv
[10.292s] -- Installing: /home/roboboat/RoboBoat_Cyber_Minority/ROS2_Imp/ros2_foxy/src/main_control/install/main_control/lib/libmain_control__rosidl_generator_c.so
[10.293s] -- Set runtime path of "/home/roboboat/RoboBoat_Cyber_Minority/ROS2_Imp/ros2_foxy/src/main_control/install/main_control/lib/libmain_control__rosidl_generator_c.so" to ""
[10.293s] -- Up-to-date: /home/roboboat/RoboBoat_Cyber_Minority/ROS2_Imp/ros2_foxy/src/main_control/install/main_control/include/main_control
[10.293s] -- Up-to-date: /home/roboboat/RoboBoat_Cyber_Minority/ROS2_Imp/ros2_foxy/src/main_control/install/main_control/include/main_control/msg
[10.293s] -- Up-to-date: /home/roboboat/RoboBoat_Cyber_Minority/ROS2_Imp/ros2_foxy/src/main_control/install/main_control/include/main_control/msg/detail
[10.293s] -- Up-to-date: /home/roboboat/RoboBoat_Cyber_Minority/ROS2_Imp/ros2_foxy/src/main_control/install/main_control/include/main_control/msg/detail/my_custom_msg__rosidl_typesupport_fastrtps_c.h
[10.293s] -- Up-to-date: /home/roboboat/RoboBoat_Cyber_Minority/ROS2_Imp/ros2_foxy/src/main_control/install/main_control/include/main_control/msg/rosidl_typesupport_fastrtps_c__visibility_control.h
[10.294s] -- Installing: /home/roboboat/RoboBoat_Cyber_Minority/ROS2_Imp/ros2_foxy/src/main_control/install/main_control/lib/libmain_control__rosidl_typesupport_fastrtps_c.so
[10.294s] -- Set runtime path of "/home/roboboat/RoboBoat_Cyber_Minority/ROS2_Imp/ros2_foxy/src/main_control/install/main_control/lib/libmain_control__rosidl_typesupport_fastrtps_c.so" to ""
[10.294s] -- Up-to-date: /home/roboboat/RoboBoat_Cyber_Minority/ROS2_Imp/ros2_foxy/src/main_control/install/main_control/include/main_control
[10.294s] -- Up-to-date: /home/roboboat/RoboBoat_Cyber_Minority/ROS2_Imp/ros2_foxy/src/main_control/install/main_control/include/main_control/msg
[10.294s] -- Up-to-date: /home/roboboat/RoboBoat_Cyber_Minority/ROS2_Imp/ros2_foxy/src/main_control/install/main_control/include/main_control/msg/detail
[10.295s] -- Installing: /home/roboboat/RoboBoat_Cyber_Minority/ROS2_Imp/ros2_foxy/src/main_control/install/main_control/include/main_control/msg/detail/dds_fastrtps
[10.295s] -- Up-to-date: /home/roboboat/RoboBoat_Cyber_Minority/ROS2_Imp/ros2_foxy/src/main_control/install/main_control/include/main_control/msg/detail/my_custom_msg__rosidl_typesupport_fastrtps_cpp.hpp
[10.295s] -- Up-to-date: /home/roboboat/RoboBoat_Cyber_Minority/ROS2_Imp/ros2_foxy/src/main_control/install/main_control/include/main_control/msg/rosidl_typesupport_fastrtps_cpp__visibility_control.h
[10.296s] -- Installing: /home/roboboat/RoboBoat_Cyber_Minority/ROS2_Imp/ros2_foxy/src/main_control/install/main_control/lib/libmain_control__rosidl_typesupport_fastrtps_cpp.so
[10.296s] -- Set runtime path of "/home/roboboat/RoboBoat_Cyber_Minority/ROS2_Imp/ros2_foxy/src/main_control/install/main_control/lib/libmain_control__rosidl_typesupport_fastrtps_cpp.so" to ""
[10.297s] -- Up-to-date: /home/roboboat/RoboBoat_Cyber_Minority/ROS2_Imp/ros2_foxy/src/main_control/install/main_control/include/main_control
[10.297s] -- Up-to-date: /home/roboboat/RoboBoat_Cyber_Minority/ROS2_Imp/ros2_foxy/src/main_control/install/main_control/include/main_control/msg
[10.297s] -- Up-to-date: /home/roboboat/RoboBoat_Cyber_Minority/ROS2_Imp/ros2_foxy/src/main_control/install/main_control/include/main_control/msg/rosidl_typesupport_introspection_c__visibility_control.h
[10.297s] -- Up-to-date: /home/roboboat/RoboBoat_Cyber_Minority/ROS2_Imp/ros2_foxy/src/main_control/install/main_control/include/main_control/msg/detail
[10.297s] -- Up-to-date: /home/roboboat/RoboBoat_Cyber_Minority/ROS2_Imp/ros2_foxy/src/main_control/install/main_control/include/main_control/msg/detail/my_custom_msg__rosidl_typesupport_introspection_c.h
[10.297s] -- Up-to-date: /home/roboboat/RoboBoat_Cyber_Minority/ROS2_Imp/ros2_foxy/src/main_control/install/main_control/include/main_control/msg/detail/my_custom_msg__type_support.c
[10.298s] -- Installing: /home/roboboat/RoboBoat_Cyber_Minority/ROS2_Imp/ros2_foxy/src/main_control/install/main_control/lib/libmain_control__rosidl_typesupport_introspection_c.so
[10.298s] -- Set runtime path of "/home/roboboat/RoboBoat_Cyber_Minority/ROS2_Imp/ros2_foxy/src/main_control/install/main_control/lib/libmain_control__rosidl_typesupport_introspection_c.so" to ""
[10.298s] -- Installing: /home/roboboat/RoboBoat_Cyber_Minority/ROS2_Imp/ros2_foxy/src/main_control/install/main_control/lib/libmain_control__rosidl_typesupport_c.so
[10.299s] -- Set runtime path of "/home/roboboat/RoboBoat_Cyber_Minority/ROS2_Imp/ros2_foxy/src/main_control/install/main_control/lib/libmain_control__rosidl_typesupport_c.so" to ""
[10.299s] -- Up-to-date: /home/roboboat/RoboBoat_Cyber_Minority/ROS2_Imp/ros2_foxy/src/main_control/install/main_control/include/main_control
[10.299s] -- Up-to-date: /home/roboboat/RoboBoat_Cyber_Minority/ROS2_Imp/ros2_foxy/src/main_control/install/main_control/include/main_control/msg
[10.300s] -- Up-to-date: /home/roboboat/RoboBoat_Cyber_Minority/ROS2_Imp/ros2_foxy/src/main_control/install/main_control/include/main_control/msg/detail
[10.300s] -- Up-to-date: /home/roboboat/RoboBoat_Cyber_Minority/ROS2_Imp/ros2_foxy/src/main_control/install/main_control/include/main_control/msg/detail/my_custom_msg__traits.hpp
[10.300s] -- Up-to-date: /home/roboboat/RoboBoat_Cyber_Minority/ROS2_Imp/ros2_foxy/src/main_control/install/main_control/include/main_control/msg/detail/my_custom_msg__struct.hpp
[10.300s] -- Up-to-date: /home/roboboat/RoboBoat_Cyber_Minority/ROS2_Imp/ros2_foxy/src/main_control/install/main_control/include/main_control/msg/detail/my_custom_msg__type_support.hpp
[10.300s] -- Up-to-date: /home/roboboat/RoboBoat_Cyber_Minority/ROS2_Imp/ros2_foxy/src/main_control/install/main_control/include/main_control/msg/detail/my_custom_msg__builder.hpp
[10.300s] -- Up-to-date: /home/roboboat/RoboBoat_Cyber_Minority/ROS2_Imp/ros2_foxy/src/main_control/install/main_control/include/main_control/msg/rosidl_generator_cpp__visibility_control.hpp
[10.301s] -- Up-to-date: /home/roboboat/RoboBoat_Cyber_Minority/ROS2_Imp/ros2_foxy/src/main_control/install/main_control/include/main_control/msg/my_custom_msg.hpp
[10.301s] -- Up-to-date: /home/roboboat/RoboBoat_Cyber_Minority/ROS2_Imp/ros2_foxy/src/main_control/install/main_control/include/main_control
[10.301s] -- Up-to-date: /home/roboboat/RoboBoat_Cyber_Minority/ROS2_Imp/ros2_foxy/src/main_control/install/main_control/include/main_control/msg
[10.301s] -- Up-to-date: /home/roboboat/RoboBoat_Cyber_Minority/ROS2_Imp/ros2_foxy/src/main_control/install/main_control/include/main_control/msg/detail
[10.301s] -- Up-to-date: /home/roboboat/RoboBoat_Cyber_Minority/ROS2_Imp/ros2_foxy/src/main_control/install/main_control/include/main_control/msg/detail/my_custom_msg__rosidl_typesupport_introspection_cpp.hpp
[10.301s] -- Up-to-date: /home/roboboat/RoboBoat_Cyber_Minority/ROS2_Imp/ros2_foxy/src/main_control/install/main_control/include/main_control/msg/detail/my_custom_msg__type_support.cpp
[10.302s] -- Installing: /home/roboboat/RoboBoat_Cyber_Minority/ROS2_Imp/ros2_foxy/src/main_control/install/main_control/lib/libmain_control__rosidl_typesupport_introspection_cpp.so
[10.302s] -- Set runtime path of "/home/roboboat/RoboBoat_Cyber_Minority/ROS2_Imp/ros2_foxy/src/main_control/install/main_control/lib/libmain_control__rosidl_typesupport_introspection_cpp.so" to ""
[10.302s] -- Installing: /home/roboboat/RoboBoat_Cyber_Minority/ROS2_Imp/ros2_foxy/src/main_control/install/main_control/lib/libmain_control__rosidl_typesupport_cpp.so
[10.303s] -- Set runtime path of "/home/roboboat/RoboBoat_Cyber_Minority/ROS2_Imp/ros2_foxy/src/main_control/install/main_control/lib/libmain_control__rosidl_typesupport_cpp.so" to ""
[10.303s] -- Up-to-date: /home/roboboat/RoboBoat_Cyber_Minority/ROS2_Imp/ros2_foxy/src/main_control/install/main_control/share/main_control/environment/pythonpath.sh
[10.303s] -- Installing: /home/roboboat/RoboBoat_Cyber_Minority/ROS2_Imp/ros2_foxy/src/main_control/install/main_control/share/main_control/environment/pythonpath.dsv
[10.304s] -- Installing: /home/roboboat/RoboBoat_Cyber_Minority/ROS2_Imp/ros2_foxy/src/main_control/install/main_control/lib/python3.8/site-packages/main_control/__init__.py
[10.357s] Compiling '/home/roboboat/RoboBoat_Cyber_Minority/ROS2_Imp/ros2_foxy/src/main_control/install/main_control/lib/python3.8/site-packages/main_control/__init__.py'...
[10.365s] -- Up-to-date: /home/roboboat/RoboBoat_Cyber_Minority/ROS2_Imp/ros2_foxy/src/main_control/install/main_control/lib/python3.8/site-packages/main_control/msg
[10.365s] -- Up-to-date: /home/roboboat/RoboBoat_Cyber_Minority/ROS2_Imp/ros2_foxy/src/main_control/install/main_control/lib/python3.8/site-packages/main_control/msg/__init__.py
[10.365s] -- Up-to-date: /home/roboboat/RoboBoat_Cyber_Minority/ROS2_Imp/ros2_foxy/src/main_control/install/main_control/lib/python3.8/site-packages/main_control/msg/_my_custom_msg_s.c
[10.366s] -- Up-to-date: /home/roboboat/RoboBoat_Cyber_Minority/ROS2_Imp/ros2_foxy/src/main_control/install/main_control/lib/python3.8/site-packages/main_control/msg/_my_custom_msg.py
[10.366s] -- Installing: /home/roboboat/RoboBoat_Cyber_Minority/ROS2_Imp/ros2_foxy/src/main_control/install/main_control/lib/python3.8/site-packages/main_control/main_control_s__rosidl_typesupport_fastrtps_c.cpython-38-aarch64-linux-gnu.so
[10.366s] -- Set runtime path of "/home/roboboat/RoboBoat_Cyber_Minority/ROS2_Imp/ros2_foxy/src/main_control/install/main_control/lib/python3.8/site-packages/main_control/main_control_s__rosidl_typesupport_fastrtps_c.cpython-38-aarch64-linux-gnu.so" to ""
[10.367s] -- Installing: /home/roboboat/RoboBoat_Cyber_Minority/ROS2_Imp/ros2_foxy/src/main_control/install/main_control/lib/python3.8/site-packages/main_control/main_control_s__rosidl_typesupport_introspection_c.cpython-38-aarch64-linux-gnu.so
[10.368s] -- Set runtime path of "/home/roboboat/RoboBoat_Cyber_Minority/ROS2_Imp/ros2_foxy/src/main_control/install/main_control/lib/python3.8/site-packages/main_control/main_control_s__rosidl_typesupport_introspection_c.cpython-38-aarch64-linux-gnu.so" to ""
[10.369s] -- Installing: /home/roboboat/RoboBoat_Cyber_Minority/ROS2_Imp/ros2_foxy/src/main_control/install/main_control/lib/python3.8/site-packages/main_control/main_control_s__rosidl_typesupport_c.cpython-38-aarch64-linux-gnu.so
[10.370s] -- Set runtime path of "/home/roboboat/RoboBoat_Cyber_Minority/ROS2_Imp/ros2_foxy/src/main_control/install/main_control/lib/python3.8/site-packages/main_control/main_control_s__rosidl_typesupport_c.cpython-38-aarch64-linux-gnu.so" to ""
[10.371s] -- Installing: /home/roboboat/RoboBoat_Cyber_Minority/ROS2_Imp/ros2_foxy/src/main_control/install/main_control/lib/libmain_control__python.so
[10.371s] -- Set runtime path of "/home/roboboat/RoboBoat_Cyber_Minority/ROS2_Imp/ros2_foxy/src/main_control/install/main_control/lib/libmain_control__python.so" to ""
[10.372s] -- Up-to-date: /home/roboboat/RoboBoat_Cyber_Minority/ROS2_Imp/ros2_foxy/src/main_control/install/main_control/share/main_control/msg/MyCustomMsg.idl
[10.372s] -- Up-to-date: /home/roboboat/RoboBoat_Cyber_Minority/ROS2_Imp/ros2_foxy/src/main_control/install/main_control/share/main_control/msg/MyCustomMsg.msg
[10.373s] -- Installing: /home/roboboat/RoboBoat_Cyber_Minority/ROS2_Imp/ros2_foxy/src/main_control/install/main_control/lib/main_control/main_control_pub
[10.375s] -- Set runtime path of "/home/roboboat/RoboBoat_Cyber_Minority/ROS2_Imp/ros2_foxy/src/main_control/install/main_control/lib/main_control/main_control_pub" to ""
[10.375s] -- Installing: /home/roboboat/RoboBoat_Cyber_Minority/ROS2_Imp/ros2_foxy/src/main_control/install/main_control/lib/main_control/detector_sub
[10.380s] -- Set runtime path of "/home/roboboat/RoboBoat_Cyber_Minority/ROS2_Imp/ros2_foxy/src/main_control/install/main_control/lib/main_control/detector_sub" to ""
[10.380s] -- Up-to-date: /home/roboboat/RoboBoat_Cyber_Minority/ROS2_Imp/ros2_foxy/src/main_control/install/main_control/share/ament_index/resource_index/package_run_dependencies/main_control
[10.380s] -- Installing: /home/roboboat/RoboBoat_Cyber_Minority/ROS2_Imp/ros2_foxy/src/main_control/install/main_control/share/ament_index/resource_index/parent_prefix_path/main_control
[10.380s] -- Installing: /home/roboboat/RoboBoat_Cyber_Minority/ROS2_Imp/ros2_foxy/src/main_control/install/main_control/share/main_control/environment/ament_prefix_path.sh
[10.381s] -- Installing: /home/roboboat/RoboBoat_Cyber_Minority/ROS2_Imp/ros2_foxy/src/main_control/install/main_control/share/main_control/environment/ament_prefix_path.dsv
[10.381s] -- Installing: /home/roboboat/RoboBoat_Cyber_Minority/ROS2_Imp/ros2_foxy/src/main_control/install/main_control/share/main_control/environment/path.sh
[10.382s] -- Installing: /home/roboboat/RoboBoat_Cyber_Minority/ROS2_Imp/ros2_foxy/src/main_control/install/main_control/share/main_control/environment/path.dsv
[10.382s] -- Up-to-date: /home/roboboat/RoboBoat_Cyber_Minority/ROS2_Imp/ros2_foxy/src/main_control/install/main_control/share/main_control/local_setup.bash
[10.382s] -- Up-to-date: /home/roboboat/RoboBoat_Cyber_Minority/ROS2_Imp/ros2_foxy/src/main_control/install/main_control/share/main_control/local_setup.sh
[10.382s] -- Up-to-date: /home/roboboat/RoboBoat_Cyber_Minority/ROS2_Imp/ros2_foxy/src/main_control/install/main_control/share/main_control/local_setup.zsh
[10.383s] -- Installing: /home/roboboat/RoboBoat_Cyber_Minority/ROS2_Imp/ros2_foxy/src/main_control/install/main_control/share/main_control/local_setup.dsv
[10.383s] -- Installing: /home/roboboat/RoboBoat_Cyber_Minority/ROS2_Imp/ros2_foxy/src/main_control/install/main_control/share/main_control/package.dsv
[10.383s] -- Up-to-date: /home/roboboat/RoboBoat_Cyber_Minority/ROS2_Imp/ros2_foxy/src/main_control/install/main_control/share/ament_index/resource_index/packages/main_control
[10.384s] -- Up-to-date: /home/roboboat/RoboBoat_Cyber_Minority/ROS2_Imp/ros2_foxy/src/main_control/install/main_control/share/main_control/cmake/main_control__rosidl_generator_cExport.cmake
[10.384s] -- Installing: /home/roboboat/RoboBoat_Cyber_Minority/ROS2_Imp/ros2_foxy/src/main_control/install/main_control/share/main_control/cmake/main_control__rosidl_generator_cExport-noconfig.cmake
[10.385s] -- Up-to-date: /home/roboboat/RoboBoat_Cyber_Minority/ROS2_Imp/ros2_foxy/src/main_control/install/main_control/share/main_control/cmake/main_control__rosidl_typesupport_introspection_cExport.cmake
[10.385s] -- Installing: /home/roboboat/RoboBoat_Cyber_Minority/ROS2_Imp/ros2_foxy/src/main_control/install/main_control/share/main_control/cmake/main_control__rosidl_typesupport_introspection_cExport-noconfig.cmake
[10.386s] -- Up-to-date: /home/roboboat/RoboBoat_Cyber_Minority/ROS2_Imp/ros2_foxy/src/main_control/install/main_control/share/main_control/cmake/main_control__rosidl_typesupport_cExport.cmake
[10.386s] -- Installing: /home/roboboat/RoboBoat_Cyber_Minority/ROS2_Imp/ros2_foxy/src/main_control/install/main_control/share/main_control/cmake/main_control__rosidl_typesupport_cExport-noconfig.cmake
[10.387s] -- Up-to-date: /home/roboboat/RoboBoat_Cyber_Minority/ROS2_Imp/ros2_foxy/src/main_control/install/main_control/share/main_control/cmake/main_control__rosidl_generator_cppExport.cmake
[10.388s] -- Up-to-date: /home/roboboat/RoboBoat_Cyber_Minority/ROS2_Imp/ros2_foxy/src/main_control/install/main_control/share/main_control/cmake/main_control__rosidl_typesupport_introspection_cppExport.cmake
[10.388s] -- Installing: /home/roboboat/RoboBoat_Cyber_Minority/ROS2_Imp/ros2_foxy/src/main_control/install/main_control/share/main_control/cmake/main_control__rosidl_typesupport_introspection_cppExport-noconfig.cmake
[10.389s] -- Up-to-date: /home/roboboat/RoboBoat_Cyber_Minority/ROS2_Imp/ros2_foxy/src/main_control/install/main_control/share/main_control/cmake/main_control__rosidl_typesupport_cppExport.cmake
[10.389s] -- Installing: /home/roboboat/RoboBoat_Cyber_Minority/ROS2_Imp/ros2_foxy/src/main_control/install/main_control/share/main_control/cmake/main_control__rosidl_typesupport_cppExport-noconfig.cmake
[10.389s] -- Up-to-date: /home/roboboat/RoboBoat_Cyber_Minority/ROS2_Imp/ros2_foxy/src/main_control/install/main_control/share/main_control/cmake/rosidl_cmake-extras.cmake
[10.390s] -- Up-to-date: /home/roboboat/RoboBoat_Cyber_Minority/ROS2_Imp/ros2_foxy/src/main_control/install/main_control/share/main_control/cmake/ament_cmake_export_dependencies-extras.cmake
[10.390s] -- Up-to-date: /home/roboboat/RoboBoat_Cyber_Minority/ROS2_Imp/ros2_foxy/src/main_control/install/main_control/share/main_control/cmake/ament_cmake_export_libraries-extras.cmake
[10.390s] -- Up-to-date: /home/roboboat/RoboBoat_Cyber_Minority/ROS2_Imp/ros2_foxy/src/main_control/install/main_control/share/main_control/cmake/ament_cmake_export_targets-extras.cmake
[10.390s] -- Up-to-date: /home/roboboat/RoboBoat_Cyber_Minority/ROS2_Imp/ros2_foxy/src/main_control/install/main_control/share/main_control/cmake/ament_cmake_export_include_directories-extras.cmake
[10.391s] -- Up-to-date: /home/roboboat/RoboBoat_Cyber_Minority/ROS2_Imp/ros2_foxy/src/main_control/install/main_control/share/main_control/cmake/rosidl_cmake_export_typesupport_libraries-extras.cmake
[10.391s] -- Up-to-date: /home/roboboat/RoboBoat_Cyber_Minority/ROS2_Imp/ros2_foxy/src/main_control/install/main_control/share/main_control/cmake/rosidl_cmake_export_typesupport_targets-extras.cmake
[10.391s] -- Up-to-date: /home/roboboat/RoboBoat_Cyber_Minority/ROS2_Imp/ros2_foxy/src/main_control/install/main_control/share/main_control/cmake/main_controlConfig.cmake
[10.391s] -- Up-to-date: /home/roboboat/RoboBoat_Cyber_Minority/ROS2_Imp/ros2_foxy/src/main_control/install/main_control/share/main_control/cmake/main_controlConfig-version.cmake
[10.392s] -- Up-to-date: /home/roboboat/RoboBoat_Cyber_Minority/ROS2_Imp/ros2_foxy/src/main_control/install/main_control/share/main_control/package.xml
[10.396s] Invoked command in '/home/roboboat/RoboBoat_Cyber_Minority/ROS2_Imp/ros2_foxy/src/main_control/build/main_control' returned '0': CMAKE_PREFIX_PATH=${CMAKE_PREFIX_PATH}:/opt/ros/foxy /usr/bin/cmake --install /home/roboboat/RoboBoat_Cyber_Minority/ROS2_Imp/ros2_foxy/src/main_control/build/main_control
