[0.041s] Invoking command in '/home/roboboat/ros2_ws/build/zed_tutorial_video': CMAKE_PREFIX_PATH=${CMAKE_PREFIX_PATH}:/opt/ros/foxy /usr/bin/cmake /home/roboboat/ros2_ws/src/zed-ros2-examples/tutorials/zed_video_tutorial -DCMAKE_BUILD_TYPE=Release -DAMENT_CMAKE_SYMLINK_INSTALL=1 -DCMAKE_INSTALL_PREFIX=/home/roboboat/ros2_ws/install/zed_tutorial_video
[0.107s] -- The C compiler identification is GNU 9.4.0
[0.173s] -- The CXX compiler identification is GNU 9.4.0
[0.178s] -- Check for working C compiler: /usr/bin/cc
[0.265s] -- Check for working C compiler: /usr/bin/cc -- works
[0.266s] -- Detecting C compiler ABI info
[0.352s] -- Detecting C compiler ABI info - done
[0.362s] -- Detecting C compile features
[0.363s] -- Detecting C compile features - done
[0.366s] -- Check for working CXX compiler: /usr/bin/c++
[0.464s] -- Check for working CXX compiler: /usr/bin/c++ -- works
[0.466s] -- Detecting CXX compiler ABI info
[0.785s] -- Detecting CXX compiler ABI info - done
[0.801s] -- Detecting CXX compile features
[0.801s] -- Detecting CXX compile features - done
[0.802s] -- Found ament_cmake: 0.9.11 (/opt/ros/foxy/share/ament_cmake/cmake)
[0.834s] -- Found PythonInterp: /usr/bin/python3 (found suitable version "3.8.10", minimum required is "3") 
[0.834s] -- Using PYTHON_EXECUTABLE: /usr/bin/python3
[1.079s] -- Override CMake install command with custom implementation using symlinks instead of copying resources
[1.111s] -- Found rclcpp: 2.4.2 (/opt/ros/foxy/share/rclcpp/cmake)
[1.165s] -- Using all available rosidl_typesupport_c: rosidl_typesupport_fastrtps_c;rosidl_typesupport_introspection_c
[1.174s] -- Found rosidl_adapter: 1.3.0 (/opt/ros/foxy/share/rosidl_adapter/cmake)
[1.281s] -- Found OpenSSL: /usr/lib/aarch64-linux-gnu/libcrypto.so (found version "1.1.1f")  
[1.317s] -- Found FastRTPS: /opt/ros/foxy/include  
[1.418s] -- Using all available rosidl_typesupport_cpp: rosidl_typesupport_fastrtps_cpp;rosidl_typesupport_introspection_cpp
[1.492s] -- Found rmw_implementation_cmake: 1.0.3 (/opt/ros/foxy/share/rmw_implementation_cmake/cmake)
[1.494s] -- Using RMW implementation 'rmw_fastrtps_cpp' as default
[1.495s] -- Looking for pthread.h
[1.591s] -- Looking for pthread.h - found
[1.592s] -- Performing Test CMAKE_HAVE_LIBC_PTHREAD
[1.688s] -- Performing Test CMAKE_HAVE_LIBC_PTHREAD - Failed
[1.690s] -- Looking for pthread_create in pthreads
[1.769s] -- Looking for pthread_create in pthreads - not found
[1.769s] -- Looking for pthread_create in pthread
[1.863s] -- Looking for pthread_create in pthread - found
[1.864s] -- Found Threads: TRUE  
[2.060s] -- Found sensor_msgs: 2.0.5 (/opt/ros/foxy/share/sensor_msgs/cmake)
[2.208s] -- Found ament_lint_auto: 0.9.7 (/opt/ros/foxy/share/ament_lint_auto/cmake)
[2.306s] -- Configuring done
[2.318s] -- Generating done
[2.320s] -- Build files have been written to: /home/roboboat/ros2_ws/build/zed_tutorial_video
[2.339s] Invoked command in '/home/roboboat/ros2_ws/build/zed_tutorial_video' returned '0': CMAKE_PREFIX_PATH=${CMAKE_PREFIX_PATH}:/opt/ros/foxy /usr/bin/cmake /home/roboboat/ros2_ws/src/zed-ros2-examples/tutorials/zed_video_tutorial -DCMAKE_BUILD_TYPE=Release -DAMENT_CMAKE_SYMLINK_INSTALL=1 -DCMAKE_INSTALL_PREFIX=/home/roboboat/ros2_ws/install/zed_tutorial_video
[2.343s] Invoking command in '/home/roboboat/ros2_ws/build/zed_tutorial_video': CMAKE_PREFIX_PATH=${CMAKE_PREFIX_PATH}:/opt/ros/foxy /usr/bin/cmake --build /home/roboboat/ros2_ws/build/zed_tutorial_video -- -j12 -l12
[2.401s] [35m[1mScanning dependencies of target zed_tutorial_video[0m
[2.442s] [ 50%] [32mBuilding CXX object CMakeFiles/zed_tutorial_video.dir/src/zed_video_sub_tutorial.cpp.o[0m
[12.872s] [100%] [32m[1mLinking CXX executable zed_tutorial_video[0m
[13.059s] [100%] Built target zed_tutorial_video
[13.077s] Invoked command in '/home/roboboat/ros2_ws/build/zed_tutorial_video' returned '0': CMAKE_PREFIX_PATH=${CMAKE_PREFIX_PATH}:/opt/ros/foxy /usr/bin/cmake --build /home/roboboat/ros2_ws/build/zed_tutorial_video -- -j12 -l12
[13.115s] Invoking command in '/home/roboboat/ros2_ws/build/zed_tutorial_video': CMAKE_PREFIX_PATH=${CMAKE_PREFIX_PATH}:/opt/ros/foxy /usr/bin/cmake --install /home/roboboat/ros2_ws/build/zed_tutorial_video
[13.128s] -- Install configuration: "Release"
[13.129s] -- Execute custom install script
[13.129s] -- Symlinking: /home/roboboat/ros2_ws/install/zed_tutorial_video/lib/zed_tutorial_video/zed_tutorial_video
[13.143s] -- Symlinking: /home/roboboat/ros2_ws/install/zed_tutorial_video/share/ament_index/resource_index/package_run_dependencies/zed_tutorial_video
[13.157s] -- Symlinking: /home/roboboat/ros2_ws/install/zed_tutorial_video/share/ament_index/resource_index/parent_prefix_path/zed_tutorial_video
[13.170s] -- Symlinking: /home/roboboat/ros2_ws/install/zed_tutorial_video/share/zed_tutorial_video/environment/ament_prefix_path.sh
[13.185s] -- Symlinking: /home/roboboat/ros2_ws/install/zed_tutorial_video/share/zed_tutorial_video/environment/ament_prefix_path.dsv
[13.199s] -- Symlinking: /home/roboboat/ros2_ws/install/zed_tutorial_video/share/zed_tutorial_video/environment/path.sh
[13.211s] -- Symlinking: /home/roboboat/ros2_ws/install/zed_tutorial_video/share/zed_tutorial_video/environment/path.dsv
[13.230s] -- Symlinking: /home/roboboat/ros2_ws/install/zed_tutorial_video/share/zed_tutorial_video/local_setup.bash
[13.239s] -- Symlinking: /home/roboboat/ros2_ws/install/zed_tutorial_video/share/zed_tutorial_video/local_setup.sh
[13.252s] -- Symlinking: /home/roboboat/ros2_ws/install/zed_tutorial_video/share/zed_tutorial_video/local_setup.zsh
[13.266s] -- Symlinking: /home/roboboat/ros2_ws/install/zed_tutorial_video/share/zed_tutorial_video/local_setup.dsv
[13.279s] -- Symlinking: /home/roboboat/ros2_ws/install/zed_tutorial_video/share/zed_tutorial_video/package.dsv
[13.292s] -- Symlinking: /home/roboboat/ros2_ws/install/zed_tutorial_video/share/ament_index/resource_index/packages/zed_tutorial_video
[13.306s] -- Symlinking: /home/roboboat/ros2_ws/install/zed_tutorial_video/share/zed_tutorial_video/cmake/zed_tutorial_videoConfig.cmake
[13.319s] -- Symlinking: /home/roboboat/ros2_ws/install/zed_tutorial_video/share/zed_tutorial_video/cmake/zed_tutorial_videoConfig-version.cmake
[13.332s] -- Symlinking: /home/roboboat/ros2_ws/install/zed_tutorial_video/share/zed_tutorial_video/package.xml
[13.351s] Invoked command in '/home/roboboat/ros2_ws/build/zed_tutorial_video' returned '0': CMAKE_PREFIX_PATH=${CMAKE_PREFIX_PATH}:/opt/ros/foxy /usr/bin/cmake --install /home/roboboat/ros2_ws/build/zed_tutorial_video
