[0.586s] Invoking command in '/home/roboboat/RoboBoat_Cyber_Minority/Comp_2024/GPS_Related_Tasks/build/urg_node': CMAKE_PREFIX_PATH=${CMAKE_PREFIX_PATH}:/opt/ros/foxy /usr/bin/cmake --build /home/roboboat/RoboBoat_Cyber_Minority/Comp_2024/GPS_Related_Tasks/build/urg_node -- -j12 -l12
[0.684s] [ 28%] Built target urg_node_driver
[0.688s] [ 71%] Built target urg_node
[0.735s] [100%] Built target getID
[0.852s] Invoked command in '/home/roboboat/RoboBoat_Cyber_Minority/Comp_2024/GPS_Related_Tasks/build/urg_node' returned '0': CMAKE_PREFIX_PATH=${CMAKE_PREFIX_PATH}:/opt/ros/foxy /usr/bin/cmake --build /home/roboboat/RoboBoat_Cyber_Minority/Comp_2024/GPS_Related_Tasks/build/urg_node -- -j12 -l12
[1.121s] Invoking command in '/home/roboboat/RoboBoat_Cyber_Minority/Comp_2024/GPS_Related_Tasks/build/urg_node': CMAKE_PREFIX_PATH=${CMAKE_PREFIX_PATH}:/opt/ros/foxy /usr/bin/cmake --install /home/roboboat/RoboBoat_Cyber_Minority/Comp_2024/GPS_Related_Tasks/build/urg_node
[1.200s] -- Install configuration: ""
[1.201s] -- Up-to-date: /home/roboboat/RoboBoat_Cyber_Minority/Comp_2024/GPS_Related_Tasks/install/urg_node/lib/urg_node/urg_node_driver
[1.201s] -- Up-to-date: /home/roboboat/RoboBoat_Cyber_Minority/Comp_2024/GPS_Related_Tasks/install/urg_node/lib/liburg_node.so
[1.201s] -- Up-to-date: /home/roboboat/RoboBoat_Cyber_Minority/Comp_2024/GPS_Related_Tasks/install/urg_node/lib/urg_node/getID
[1.202s] -- Up-to-date: /home/roboboat/RoboBoat_Cyber_Minority/Comp_2024/GPS_Related_Tasks/install/urg_node/include
[1.202s] -- Up-to-date: /home/roboboat/RoboBoat_Cyber_Minority/Comp_2024/GPS_Related_Tasks/install/urg_node/include/urg_node
[1.202s] -- Up-to-date: /home/roboboat/RoboBoat_Cyber_Minority/Comp_2024/GPS_Related_Tasks/install/urg_node/include/urg_node/urg_node.hpp
[1.203s] -- Up-to-date: /home/roboboat/RoboBoat_Cyber_Minority/Comp_2024/GPS_Related_Tasks/install/urg_node/include/urg_node/urg_c_wrapper.hpp
[1.203s] -- Up-to-date: /home/roboboat/RoboBoat_Cyber_Minority/Comp_2024/GPS_Related_Tasks/install/urg_node/lib/urg_node/set_urg_ip.py
[1.203s] -- Up-to-date: /home/roboboat/RoboBoat_Cyber_Minority/Comp_2024/GPS_Related_Tasks/install/urg_node/share/urg_node/launch
[1.203s] -- Up-to-date: /home/roboboat/RoboBoat_Cyber_Minority/Comp_2024/GPS_Related_Tasks/install/urg_node/share/urg_node/launch/urg_node_ethernet.yaml
[1.204s] -- Up-to-date: /home/roboboat/RoboBoat_Cyber_Minority/Comp_2024/GPS_Related_Tasks/install/urg_node/share/urg_node/launch/urg_lidar.launch.xml
[1.204s] -- Up-to-date: /home/roboboat/RoboBoat_Cyber_Minority/Comp_2024/GPS_Related_Tasks/install/urg_node/share/urg_node/launch/urg_node_launch.py
[1.205s] -- Up-to-date: /home/roboboat/RoboBoat_Cyber_Minority/Comp_2024/GPS_Related_Tasks/install/urg_node/share/urg_node/launch/urg_node_serial.yaml
[1.205s] -- Up-to-date: /home/roboboat/RoboBoat_Cyber_Minority/Comp_2024/GPS_Related_Tasks/install/urg_node/share/urg_node/launch/hokuyo_laser.urdf
[1.205s] -- Up-to-date: /home/roboboat/RoboBoat_Cyber_Minority/Comp_2024/GPS_Related_Tasks/install/urg_node/share/urg_node/environment/library_path.sh
[1.205s] -- Up-to-date: /home/roboboat/RoboBoat_Cyber_Minority/Comp_2024/GPS_Related_Tasks/install/urg_node/share/urg_node/environment/library_path.dsv
[1.206s] -- Up-to-date: /home/roboboat/RoboBoat_Cyber_Minority/Comp_2024/GPS_Related_Tasks/install/urg_node/share/ament_index/resource_index/package_run_dependencies/urg_node
[1.206s] -- Up-to-date: /home/roboboat/RoboBoat_Cyber_Minority/Comp_2024/GPS_Related_Tasks/install/urg_node/share/ament_index/resource_index/parent_prefix_path/urg_node
[1.206s] -- Up-to-date: /home/roboboat/RoboBoat_Cyber_Minority/Comp_2024/GPS_Related_Tasks/install/urg_node/share/urg_node/environment/ament_prefix_path.sh
[1.207s] -- Up-to-date: /home/roboboat/RoboBoat_Cyber_Minority/Comp_2024/GPS_Related_Tasks/install/urg_node/share/urg_node/environment/ament_prefix_path.dsv
[1.207s] -- Up-to-date: /home/roboboat/RoboBoat_Cyber_Minority/Comp_2024/GPS_Related_Tasks/install/urg_node/share/urg_node/environment/path.sh
[1.207s] -- Up-to-date: /home/roboboat/RoboBoat_Cyber_Minority/Comp_2024/GPS_Related_Tasks/install/urg_node/share/urg_node/environment/path.dsv
[1.208s] -- Up-to-date: /home/roboboat/RoboBoat_Cyber_Minority/Comp_2024/GPS_Related_Tasks/install/urg_node/share/urg_node/local_setup.bash
[1.208s] -- Up-to-date: /home/roboboat/RoboBoat_Cyber_Minority/Comp_2024/GPS_Related_Tasks/install/urg_node/share/urg_node/local_setup.sh
[1.208s] -- Up-to-date: /home/roboboat/RoboBoat_Cyber_Minority/Comp_2024/GPS_Related_Tasks/install/urg_node/share/urg_node/local_setup.zsh
[1.208s] -- Up-to-date: /home/roboboat/RoboBoat_Cyber_Minority/Comp_2024/GPS_Related_Tasks/install/urg_node/share/urg_node/local_setup.dsv
[1.209s] -- Installing: /home/roboboat/RoboBoat_Cyber_Minority/Comp_2024/GPS_Related_Tasks/install/urg_node/share/urg_node/package.dsv
[1.209s] -- Up-to-date: /home/roboboat/RoboBoat_Cyber_Minority/Comp_2024/GPS_Related_Tasks/install/urg_node/share/ament_index/resource_index/packages/urg_node
[1.209s] -- Up-to-date: /home/roboboat/RoboBoat_Cyber_Minority/Comp_2024/GPS_Related_Tasks/install/urg_node/share/ament_index/resource_index/rclcpp_components/urg_node
[1.210s] -- Up-to-date: /home/roboboat/RoboBoat_Cyber_Minority/Comp_2024/GPS_Related_Tasks/install/urg_node/share/urg_node/cmake/ament_cmake_export_dependencies-extras.cmake
[1.210s] -- Up-to-date: /home/roboboat/RoboBoat_Cyber_Minority/Comp_2024/GPS_Related_Tasks/install/urg_node/share/urg_node/cmake/ament_cmake_export_include_directories-extras.cmake
[1.210s] -- Up-to-date: /home/roboboat/RoboBoat_Cyber_Minority/Comp_2024/GPS_Related_Tasks/install/urg_node/share/urg_node/cmake/ament_cmake_export_libraries-extras.cmake
[1.211s] -- Up-to-date: /home/roboboat/RoboBoat_Cyber_Minority/Comp_2024/GPS_Related_Tasks/install/urg_node/share/urg_node/cmake/urg_nodeConfig.cmake
[1.211s] -- Up-to-date: /home/roboboat/RoboBoat_Cyber_Minority/Comp_2024/GPS_Related_Tasks/install/urg_node/share/urg_node/cmake/urg_nodeConfig-version.cmake
[1.211s] -- Up-to-date: /home/roboboat/RoboBoat_Cyber_Minority/Comp_2024/GPS_Related_Tasks/install/urg_node/share/urg_node/package.xml
[1.279s] Invoked command in '/home/roboboat/RoboBoat_Cyber_Minority/Comp_2024/GPS_Related_Tasks/build/urg_node' returned '0': CMAKE_PREFIX_PATH=${CMAKE_PREFIX_PATH}:/opt/ros/foxy /usr/bin/cmake --install /home/roboboat/RoboBoat_Cyber_Minority/Comp_2024/GPS_Related_Tasks/build/urg_node
