[0.108s] Invoking command in '/home/roboboat/RoboBoat_Cyber_Minority/ROS2_Imp/ros2_foxy/build/detector': CMAKE_PREFIX_PATH=${CMAKE_PREFIX_PATH}:/home/roboboat/ros2_ws/install/Motorcontroller:/opt/ros/foxy /usr/bin/cmake --build /home/roboboat/RoboBoat_Cyber_Minority/ROS2_Imp/ros2_foxy/build/detector -- -j12 -l12
[0.147s] -- Found ament_cmake: 0.9.12 (/opt/ros/foxy/share/ament_cmake/cmake)
[0.181s] -- Using PYTHON_EXECUTABLE: /usr/bin/python3
[0.468s] -- Found rclcpp: 2.4.3 (/opt/ros/foxy/share/rclcpp/cmake)
[0.519s] -- Using all available rosidl_typesupport_c: rosidl_typesupport_fastrtps_c;rosidl_typesupport_introspection_c
[0.523s] -- Found rosidl_adapter: 1.3.1 (/opt/ros/foxy/share/rosidl_adapter/cmake)
[0.703s] -- Using all available rosidl_typesupport_cpp: rosidl_typesupport_fastrtps_cpp;rosidl_typesupport_introspection_cpp
[0.751s] -- Found rmw_implementation_cmake: 1.0.4 (/opt/ros/foxy/share/rmw_implementation_cmake/cmake)
[0.754s] -- Using RMW implementation 'rmw_fastrtps_cpp' as default
[0.925s] -- Found rosidl_default_generators: 1.0.1 (/opt/ros/foxy/share/rosidl_default_generators/cmake)
[0.972s] -- Found PythonInterp: /usr/bin/python3 (found version "3.8.10") 
[1.201s] -- Found ament_cmake_ros: 0.9.2 (/opt/ros/foxy/share/ament_cmake_ros/cmake)
[1.383s] -- Using all available rosidl_typesupport_c: rosidl_typesupport_fastrtps_c;rosidl_typesupport_introspection_c
[1.397s] -- Using all available rosidl_typesupport_cpp: rosidl_typesupport_fastrtps_cpp;rosidl_typesupport_introspection_cpp
[1.433s] -- Found PythonInterp: /usr/bin/python3 (found suitable version "3.8.10", minimum required is "3.5") 
[1.444s] -- Found python_cmake_module: 0.8.1 (/opt/ros/foxy/share/python_cmake_module/cmake)
[1.509s] -- Found PythonLibs: /usr/lib/aarch64-linux-gnu/libpython3.8.so (found suitable version "3.8.10", minimum required is "3.5") 
[1.509s] -- Using PYTHON_EXECUTABLE: /usr/bin/python3
[1.510s] -- Using PYTHON_INCLUDE_DIRS: /usr/include/python3.8
[1.510s] -- Using PYTHON_LIBRARIES: /usr/lib/aarch64-linux-gnu/libpython3.8.so
[1.543s] -- Found PythonExtra: .so  
[1.840s] -- Found ament_lint_auto: 0.9.8 (/opt/ros/foxy/share/ament_lint_auto/cmake)
[1.877s] -- Configuring done
[1.938s] -- Generating done
[1.942s] -- Build files have been written to: /home/roboboat/RoboBoat_Cyber_Minority/ROS2_Imp/ros2_foxy/build/detector
[1.994s] [  3%] [34m[1mGenerating C code for ROS interfaces[0m
[1.994s] [35m[1mScanning dependencies of target detector__cpp[0m
[1.994s] [35m[1mScanning dependencies of target detector_node[0m
[2.011s] [  6%] [34m[1mGenerating C++ code for ROS interfaces[0m
[2.170s] [  9%] [32mBuilding CXX object CMakeFiles/detector_node.dir/src/detector_node.cpp.o[0m
[2.346s] [35m[1mScanning dependencies of target detector__rosidl_generator_c[0m
[2.352s] [  9%] Built target detector__cpp
[2.369s] [ 18%] [34m[1mGenerating C++ introspection for ROS interfaces[0m
[2.369s] [ 18%] [34m[1mGenerating C++ type support dispatch for ROS interfaces[0m
[2.369s] [ 18%] [34m[1mGenerating C++ type support for eProsima Fast-RTPS[0m
[2.373s] [ 21%] [32mBuilding C object CMakeFiles/detector__rosidl_generator_c.dir/rosidl_generator_c/detector/msg/detail/yol_ov5helper__functions.c.o[0m
[2.452s] [ 24%] [32m[1mLinking C shared library libdetector__rosidl_generator_c.so[0m
[2.513s] [ 24%] Built target detector__rosidl_generator_c
[2.533s] [ 30%] [34m[1mGenerating C type support dispatch for ROS interfaces[0m
[2.533s] [ 30%] [34m[1mGenerating C introspection for ROS interfaces[0m
[2.680s] [35m[1mScanning dependencies of target detector__rosidl_typesupport_cpp[0m
[2.707s] [ 33%] [32mBuilding CXX object CMakeFiles/detector__rosidl_typesupport_cpp.dir/rosidl_typesupport_cpp/detector/msg/yol_ov5helper__type_support.cpp.o[0m
[2.712s] [35m[1mScanning dependencies of target detector__rosidl_typesupport_introspection_cpp[0m
[2.722s] [35m[1mScanning dependencies of target detector__rosidl_typesupport_fastrtps_cpp[0m
[2.741s] [ 36%] [32mBuilding CXX object CMakeFiles/detector__rosidl_typesupport_introspection_cpp.dir/rosidl_typesupport_introspection_cpp/detector/msg/detail/yol_ov5helper__type_support.cpp.o[0m
[2.750s] [ 39%] [32mBuilding CXX object CMakeFiles/detector__rosidl_typesupport_fastrtps_cpp.dir/rosidl_typesupport_fastrtps_cpp/detector/msg/detail/dds_fastrtps/yol_ov5helper__type_support.cpp.o[0m
[2.860s] [35m[1mScanning dependencies of target detector__rosidl_typesupport_c[0m
[2.888s] [ 42%] [32mBuilding CXX object CMakeFiles/detector__rosidl_typesupport_c.dir/rosidl_typesupport_c/detector/msg/yol_ov5helper__type_support.cpp.o[0m
[2.895s] [35m[1mScanning dependencies of target detector__rosidl_typesupport_introspection_c[0m
[2.923s] [ 45%] [32mBuilding C object CMakeFiles/detector__rosidl_typesupport_introspection_c.dir/rosidl_typesupport_introspection_c/detector/msg/detail/yol_ov5helper__type_support.c.o[0m
[2.937s] [ 48%] [32m[1mLinking CXX shared library libdetector__rosidl_typesupport_c.so[0m
[2.980s] [ 51%] [32m[1mLinking C shared library libdetector__rosidl_typesupport_introspection_c.so[0m
[2.996s] [ 51%] Built target detector__rosidl_typesupport_c
[3.028s] [ 51%] Built target detector__rosidl_typesupport_introspection_c
[3.156s] [ 54%] [32m[1mLinking CXX shared library libdetector__rosidl_typesupport_cpp.so[0m
[3.221s] [ 54%] Built target detector__rosidl_typesupport_cpp
[3.329s] [ 57%] [32m[1mLinking CXX shared library libdetector__rosidl_typesupport_introspection_cpp.so[0m
[3.440s] [ 57%] Built target detector__rosidl_typesupport_introspection_cpp
[3.549s] [ 60%] [32m[1mLinking CXX shared library libdetector__rosidl_typesupport_fastrtps_cpp.so[0m
[3.705s] [ 60%] Built target detector__rosidl_typesupport_fastrtps_cpp
[3.728s] [ 63%] [34m[1mGenerating C type support for eProsima Fast-RTPS[0m
[4.085s] [35m[1mScanning dependencies of target detector__rosidl_typesupport_fastrtps_c[0m
[4.117s] [ 66%] [32mBuilding CXX object CMakeFiles/detector__rosidl_typesupport_fastrtps_c.dir/rosidl_typesupport_fastrtps_c/detector/msg/detail/yol_ov5helper__type_support_c.cpp.o[0m
[4.691s] [ 69%] [32m[1mLinking CXX shared library libdetector__rosidl_typesupport_fastrtps_c.so[0m
[4.819s] [ 69%] Built target detector__rosidl_typesupport_fastrtps_c
[4.836s] [35m[1mScanning dependencies of target detector[0m
[4.853s] [ 69%] Built target detector
[4.871s] [35m[1mScanning dependencies of target detector__py[0m
[4.890s] [ 72%] [34m[1mGenerating Python code for ROS interfaces[0m
[5.602s] [ 72%] Built target detector__py
[5.621s] [35m[1mScanning dependencies of target detector__python[0m
[5.659s] [ 75%] [32mBuilding C object CMakeFiles/detector__python.dir/rosidl_generator_py/detector/msg/_yol_ov5helper_s.c.o[0m
[5.833s] [ 78%] [32m[1mLinking C shared library rosidl_generator_py/detector/libdetector__python.so[0m
[5.901s] [ 78%] Built target detector__python
[5.920s] [35m[1mScanning dependencies of target detector__rosidl_typesupport_introspection_c__pyext[0m
[5.921s] [35m[1mScanning dependencies of target detector__rosidl_typesupport_fastrtps_c__pyext[0m
[5.921s] [35m[1mScanning dependencies of target detector__rosidl_typesupport_c__pyext[0m
[5.955s] [ 87%] [32mBuilding C object CMakeFiles/detector__rosidl_typesupport_fastrtps_c__pyext.dir/rosidl_generator_py/detector/_detector_s.ep.rosidl_typesupport_fastrtps_c.c.o[0m
[5.955s] [ 87%] [32mBuilding C object CMakeFiles/detector__rosidl_typesupport_c__pyext.dir/rosidl_generator_py/detector/_detector_s.ep.rosidl_typesupport_c.c.o[0m
[5.955s] [ 87%] [32mBuilding C object CMakeFiles/detector__rosidl_typesupport_introspection_c__pyext.dir/rosidl_generator_py/detector/_detector_s.ep.rosidl_typesupport_introspection_c.c.o[0m
[6.073s] [ 93%] [32m[1mLinking C shared library rosidl_generator_py/detector/detector_s__rosidl_typesupport_c.cpython-38-aarch64-linux-gnu.so[0m
[6.073s] [ 93%] [32m[1mLinking CXX shared library rosidl_generator_py/detector/detector_s__rosidl_typesupport_fastrtps_c.cpython-38-aarch64-linux-gnu.so[0m
[6.074s] [ 96%] [32m[1mLinking C shared library rosidl_generator_py/detector/detector_s__rosidl_typesupport_introspection_c.cpython-38-aarch64-linux-gnu.so[0m
[6.124s] [ 96%] Built target detector__rosidl_typesupport_introspection_c__pyext
[6.124s] [ 96%] Built target detector__rosidl_typesupport_c__pyext
[6.157s] [ 96%] Built target detector__rosidl_typesupport_fastrtps_c__pyext
[7.083s] [100%] [32m[1mLinking CXX executable detector_node[0m
[7.371s] [100%] Built target detector_node
[7.422s] Invoked command in '/home/roboboat/RoboBoat_Cyber_Minority/ROS2_Imp/ros2_foxy/build/detector' returned '0': CMAKE_PREFIX_PATH=${CMAKE_PREFIX_PATH}:/home/roboboat/ros2_ws/install/Motorcontroller:/opt/ros/foxy /usr/bin/cmake --build /home/roboboat/RoboBoat_Cyber_Minority/ROS2_Imp/ros2_foxy/build/detector -- -j12 -l12
[7.530s] Invoking command in '/home/roboboat/RoboBoat_Cyber_Minority/ROS2_Imp/ros2_foxy/build/detector': CMAKE_PREFIX_PATH=${CMAKE_PREFIX_PATH}:/home/roboboat/ros2_ws/install/Motorcontroller:/opt/ros/foxy /usr/bin/cmake --install /home/roboboat/RoboBoat_Cyber_Minority/ROS2_Imp/ros2_foxy/build/detector
[7.547s] -- Install configuration: ""
[7.548s] -- Installing: /home/roboboat/RoboBoat_Cyber_Minority/ROS2_Imp/ros2_foxy/install/detector/share/ament_index/resource_index/rosidl_interfaces/detector
[7.548s] -- Installing: /home/roboboat/RoboBoat_Cyber_Minority/ROS2_Imp/ros2_foxy/install/detector/include/detector
[7.548s] -- Installing: /home/roboboat/RoboBoat_Cyber_Minority/ROS2_Imp/ros2_foxy/install/detector/include/detector/msg
[7.548s] -- Installing: /home/roboboat/RoboBoat_Cyber_Minority/ROS2_Imp/ros2_foxy/install/detector/include/detector/msg/yol_ov5helper.h
[7.548s] -- Installing: /home/roboboat/RoboBoat_Cyber_Minority/ROS2_Imp/ros2_foxy/install/detector/include/detector/msg/detail
[7.549s] -- Installing: /home/roboboat/RoboBoat_Cyber_Minority/ROS2_Imp/ros2_foxy/install/detector/include/detector/msg/detail/yol_ov5helper__functions.h
[7.549s] -- Installing: /home/roboboat/RoboBoat_Cyber_Minority/ROS2_Imp/ros2_foxy/install/detector/include/detector/msg/detail/yol_ov5helper__functions.c
[7.549s] -- Installing: /home/roboboat/RoboBoat_Cyber_Minority/ROS2_Imp/ros2_foxy/install/detector/include/detector/msg/detail/yol_ov5helper__struct.h
[7.549s] -- Installing: /home/roboboat/RoboBoat_Cyber_Minority/ROS2_Imp/ros2_foxy/install/detector/include/detector/msg/detail/yol_ov5helper__type_support.h
[7.549s] -- Installing: /home/roboboat/RoboBoat_Cyber_Minority/ROS2_Imp/ros2_foxy/install/detector/include/detector/msg/rosidl_generator_c__visibility_control.h
[7.549s] -- Installing: /home/roboboat/RoboBoat_Cyber_Minority/ROS2_Imp/ros2_foxy/install/detector/share/detector/environment/library_path.sh
[7.550s] -- Installing: /home/roboboat/RoboBoat_Cyber_Minority/ROS2_Imp/ros2_foxy/install/detector/share/detector/environment/library_path.dsv
[7.550s] -- Installing: /home/roboboat/RoboBoat_Cyber_Minority/ROS2_Imp/ros2_foxy/install/detector/lib/libdetector__rosidl_generator_c.so
[7.550s] -- Set runtime path of "/home/roboboat/RoboBoat_Cyber_Minority/ROS2_Imp/ros2_foxy/install/detector/lib/libdetector__rosidl_generator_c.so" to ""
[7.551s] -- Up-to-date: /home/roboboat/RoboBoat_Cyber_Minority/ROS2_Imp/ros2_foxy/install/detector/include/detector
[7.551s] -- Up-to-date: /home/roboboat/RoboBoat_Cyber_Minority/ROS2_Imp/ros2_foxy/install/detector/include/detector/msg
[7.551s] -- Up-to-date: /home/roboboat/RoboBoat_Cyber_Minority/ROS2_Imp/ros2_foxy/install/detector/include/detector/msg/detail
[7.551s] -- Installing: /home/roboboat/RoboBoat_Cyber_Minority/ROS2_Imp/ros2_foxy/install/detector/include/detector/msg/detail/yol_ov5helper__rosidl_typesupport_fastrtps_c.h
[7.551s] -- Installing: /home/roboboat/RoboBoat_Cyber_Minority/ROS2_Imp/ros2_foxy/install/detector/include/detector/msg/rosidl_typesupport_fastrtps_c__visibility_control.h
[7.551s] -- Installing: /home/roboboat/RoboBoat_Cyber_Minority/ROS2_Imp/ros2_foxy/install/detector/lib/libdetector__rosidl_typesupport_fastrtps_c.so
[7.552s] -- Set runtime path of "/home/roboboat/RoboBoat_Cyber_Minority/ROS2_Imp/ros2_foxy/install/detector/lib/libdetector__rosidl_typesupport_fastrtps_c.so" to ""
[7.552s] -- Up-to-date: /home/roboboat/RoboBoat_Cyber_Minority/ROS2_Imp/ros2_foxy/install/detector/include/detector
[7.552s] -- Up-to-date: /home/roboboat/RoboBoat_Cyber_Minority/ROS2_Imp/ros2_foxy/install/detector/include/detector/msg
[7.552s] -- Up-to-date: /home/roboboat/RoboBoat_Cyber_Minority/ROS2_Imp/ros2_foxy/install/detector/include/detector/msg/detail
[7.552s] -- Installing: /home/roboboat/RoboBoat_Cyber_Minority/ROS2_Imp/ros2_foxy/install/detector/include/detector/msg/detail/dds_fastrtps
[7.552s] -- Installing: /home/roboboat/RoboBoat_Cyber_Minority/ROS2_Imp/ros2_foxy/install/detector/include/detector/msg/detail/yol_ov5helper__rosidl_typesupport_fastrtps_cpp.hpp
[7.553s] -- Installing: /home/roboboat/RoboBoat_Cyber_Minority/ROS2_Imp/ros2_foxy/install/detector/include/detector/msg/rosidl_typesupport_fastrtps_cpp__visibility_control.h
[7.553s] -- Installing: /home/roboboat/RoboBoat_Cyber_Minority/ROS2_Imp/ros2_foxy/install/detector/lib/libdetector__rosidl_typesupport_fastrtps_cpp.so
[7.553s] -- Set runtime path of "/home/roboboat/RoboBoat_Cyber_Minority/ROS2_Imp/ros2_foxy/install/detector/lib/libdetector__rosidl_typesupport_fastrtps_cpp.so" to ""
[7.553s] -- Up-to-date: /home/roboboat/RoboBoat_Cyber_Minority/ROS2_Imp/ros2_foxy/install/detector/include/detector
[7.554s] -- Up-to-date: /home/roboboat/RoboBoat_Cyber_Minority/ROS2_Imp/ros2_foxy/install/detector/include/detector/msg
[7.554s] -- Installing: /home/roboboat/RoboBoat_Cyber_Minority/ROS2_Imp/ros2_foxy/install/detector/include/detector/msg/rosidl_typesupport_introspection_c__visibility_control.h
[7.554s] -- Up-to-date: /home/roboboat/RoboBoat_Cyber_Minority/ROS2_Imp/ros2_foxy/install/detector/include/detector/msg/detail
[7.554s] -- Installing: /home/roboboat/RoboBoat_Cyber_Minority/ROS2_Imp/ros2_foxy/install/detector/include/detector/msg/detail/yol_ov5helper__type_support.c
[7.554s] -- Installing: /home/roboboat/RoboBoat_Cyber_Minority/ROS2_Imp/ros2_foxy/install/detector/include/detector/msg/detail/yol_ov5helper__rosidl_typesupport_introspection_c.h
[7.554s] -- Installing: /home/roboboat/RoboBoat_Cyber_Minority/ROS2_Imp/ros2_foxy/install/detector/lib/libdetector__rosidl_typesupport_introspection_c.so
[7.554s] -- Set runtime path of "/home/roboboat/RoboBoat_Cyber_Minority/ROS2_Imp/ros2_foxy/install/detector/lib/libdetector__rosidl_typesupport_introspection_c.so" to ""
[7.554s] -- Installing: /home/roboboat/RoboBoat_Cyber_Minority/ROS2_Imp/ros2_foxy/install/detector/lib/libdetector__rosidl_typesupport_c.so
[7.555s] -- Set runtime path of "/home/roboboat/RoboBoat_Cyber_Minority/ROS2_Imp/ros2_foxy/install/detector/lib/libdetector__rosidl_typesupport_c.so" to ""
[7.555s] -- Up-to-date: /home/roboboat/RoboBoat_Cyber_Minority/ROS2_Imp/ros2_foxy/install/detector/include/detector
[7.555s] -- Up-to-date: /home/roboboat/RoboBoat_Cyber_Minority/ROS2_Imp/ros2_foxy/install/detector/include/detector/msg
[7.555s] -- Up-to-date: /home/roboboat/RoboBoat_Cyber_Minority/ROS2_Imp/ros2_foxy/install/detector/include/detector/msg/detail
[7.556s] -- Installing: /home/roboboat/RoboBoat_Cyber_Minority/ROS2_Imp/ros2_foxy/install/detector/include/detector/msg/detail/yol_ov5helper__struct.hpp
[7.556s] -- Installing: /home/roboboat/RoboBoat_Cyber_Minority/ROS2_Imp/ros2_foxy/install/detector/include/detector/msg/detail/yol_ov5helper__traits.hpp
[7.556s] -- Installing: /home/roboboat/RoboBoat_Cyber_Minority/ROS2_Imp/ros2_foxy/install/detector/include/detector/msg/detail/yol_ov5helper__builder.hpp
[7.556s] -- Installing: /home/roboboat/RoboBoat_Cyber_Minority/ROS2_Imp/ros2_foxy/install/detector/include/detector/msg/detail/yol_ov5helper__type_support.hpp
[7.556s] -- Installing: /home/roboboat/RoboBoat_Cyber_Minority/ROS2_Imp/ros2_foxy/install/detector/include/detector/msg/rosidl_generator_cpp__visibility_control.hpp
[7.556s] -- Installing: /home/roboboat/RoboBoat_Cyber_Minority/ROS2_Imp/ros2_foxy/install/detector/include/detector/msg/yol_ov5helper.hpp
[7.557s] -- Up-to-date: /home/roboboat/RoboBoat_Cyber_Minority/ROS2_Imp/ros2_foxy/install/detector/include/detector
[7.557s] -- Up-to-date: /home/roboboat/RoboBoat_Cyber_Minority/ROS2_Imp/ros2_foxy/install/detector/include/detector/msg
[7.557s] -- Up-to-date: /home/roboboat/RoboBoat_Cyber_Minority/ROS2_Imp/ros2_foxy/install/detector/include/detector/msg/detail
[7.557s] -- Installing: /home/roboboat/RoboBoat_Cyber_Minority/ROS2_Imp/ros2_foxy/install/detector/include/detector/msg/detail/yol_ov5helper__type_support.cpp
[7.557s] -- Installing: /home/roboboat/RoboBoat_Cyber_Minority/ROS2_Imp/ros2_foxy/install/detector/include/detector/msg/detail/yol_ov5helper__rosidl_typesupport_introspection_cpp.hpp
[7.557s] -- Installing: /home/roboboat/RoboBoat_Cyber_Minority/ROS2_Imp/ros2_foxy/install/detector/lib/libdetector__rosidl_typesupport_introspection_cpp.so
[7.557s] -- Set runtime path of "/home/roboboat/RoboBoat_Cyber_Minority/ROS2_Imp/ros2_foxy/install/detector/lib/libdetector__rosidl_typesupport_introspection_cpp.so" to ""
[7.557s] -- Installing: /home/roboboat/RoboBoat_Cyber_Minority/ROS2_Imp/ros2_foxy/install/detector/lib/libdetector__rosidl_typesupport_cpp.so
[7.558s] -- Set runtime path of "/home/roboboat/RoboBoat_Cyber_Minority/ROS2_Imp/ros2_foxy/install/detector/lib/libdetector__rosidl_typesupport_cpp.so" to ""
[7.558s] -- Installing: /home/roboboat/RoboBoat_Cyber_Minority/ROS2_Imp/ros2_foxy/install/detector/share/detector/environment/pythonpath.sh
[7.558s] -- Installing: /home/roboboat/RoboBoat_Cyber_Minority/ROS2_Imp/ros2_foxy/install/detector/share/detector/environment/pythonpath.dsv
[7.558s] -- Installing: /home/roboboat/RoboBoat_Cyber_Minority/ROS2_Imp/ros2_foxy/install/detector/lib/python3.8/site-packages/detector/__init__.py
[7.615s] Compiling '/home/roboboat/RoboBoat_Cyber_Minority/ROS2_Imp/ros2_foxy/install/detector/lib/python3.8/site-packages/detector/__init__.py'...
[7.623s] -- Installing: /home/roboboat/RoboBoat_Cyber_Minority/ROS2_Imp/ros2_foxy/install/detector/lib/python3.8/site-packages/detector/msg
[7.623s] -- Installing: /home/roboboat/RoboBoat_Cyber_Minority/ROS2_Imp/ros2_foxy/install/detector/lib/python3.8/site-packages/detector/msg/__init__.py
[7.623s] -- Installing: /home/roboboat/RoboBoat_Cyber_Minority/ROS2_Imp/ros2_foxy/install/detector/lib/python3.8/site-packages/detector/msg/_yol_ov5helper.py
[7.624s] -- Installing: /home/roboboat/RoboBoat_Cyber_Minority/ROS2_Imp/ros2_foxy/install/detector/lib/python3.8/site-packages/detector/msg/_yol_ov5helper_s.c
[7.624s] -- Installing: /home/roboboat/RoboBoat_Cyber_Minority/ROS2_Imp/ros2_foxy/install/detector/lib/python3.8/site-packages/detector/detector_s__rosidl_typesupport_fastrtps_c.cpython-38-aarch64-linux-gnu.so
[7.624s] -- Set runtime path of "/home/roboboat/RoboBoat_Cyber_Minority/ROS2_Imp/ros2_foxy/install/detector/lib/python3.8/site-packages/detector/detector_s__rosidl_typesupport_fastrtps_c.cpython-38-aarch64-linux-gnu.so" to ""
[7.625s] -- Installing: /home/roboboat/RoboBoat_Cyber_Minority/ROS2_Imp/ros2_foxy/install/detector/lib/python3.8/site-packages/detector/detector_s__rosidl_typesupport_introspection_c.cpython-38-aarch64-linux-gnu.so
[7.625s] -- Set runtime path of "/home/roboboat/RoboBoat_Cyber_Minority/ROS2_Imp/ros2_foxy/install/detector/lib/python3.8/site-packages/detector/detector_s__rosidl_typesupport_introspection_c.cpython-38-aarch64-linux-gnu.so" to ""
[7.626s] -- Installing: /home/roboboat/RoboBoat_Cyber_Minority/ROS2_Imp/ros2_foxy/install/detector/lib/python3.8/site-packages/detector/detector_s__rosidl_typesupport_c.cpython-38-aarch64-linux-gnu.so
[7.626s] -- Set runtime path of "/home/roboboat/RoboBoat_Cyber_Minority/ROS2_Imp/ros2_foxy/install/detector/lib/python3.8/site-packages/detector/detector_s__rosidl_typesupport_c.cpython-38-aarch64-linux-gnu.so" to ""
[7.626s] -- Installing: /home/roboboat/RoboBoat_Cyber_Minority/ROS2_Imp/ros2_foxy/install/detector/lib/libdetector__python.so
[7.627s] -- Set runtime path of "/home/roboboat/RoboBoat_Cyber_Minority/ROS2_Imp/ros2_foxy/install/detector/lib/libdetector__python.so" to ""
[7.627s] -- Installing: /home/roboboat/RoboBoat_Cyber_Minority/ROS2_Imp/ros2_foxy/install/detector/share/detector/msg/YOLOv5helper.idl
[7.627s] -- Installing: /home/roboboat/RoboBoat_Cyber_Minority/ROS2_Imp/ros2_foxy/install/detector/share/detector/msg/YOLOv5helper.msg
[7.628s] -- Installing: /home/roboboat/RoboBoat_Cyber_Minority/ROS2_Imp/ros2_foxy/install/detector/share/ament_index/resource_index/package_run_dependencies/detector
[7.628s] -- Installing: /home/roboboat/RoboBoat_Cyber_Minority/ROS2_Imp/ros2_foxy/install/detector/share/ament_index/resource_index/parent_prefix_path/detector
[7.628s] -- Up-to-date: /home/roboboat/RoboBoat_Cyber_Minority/ROS2_Imp/ros2_foxy/install/detector/share/detector/environment/ament_prefix_path.sh
[7.629s] -- Installing: /home/roboboat/RoboBoat_Cyber_Minority/ROS2_Imp/ros2_foxy/install/detector/share/detector/environment/ament_prefix_path.dsv
[7.629s] -- Up-to-date: /home/roboboat/RoboBoat_Cyber_Minority/ROS2_Imp/ros2_foxy/install/detector/share/detector/environment/path.sh
[7.629s] -- Installing: /home/roboboat/RoboBoat_Cyber_Minority/ROS2_Imp/ros2_foxy/install/detector/share/detector/environment/path.dsv
[7.630s] -- Up-to-date: /home/roboboat/RoboBoat_Cyber_Minority/ROS2_Imp/ros2_foxy/install/detector/share/detector/local_setup.bash
[7.630s] -- Installing: /home/roboboat/RoboBoat_Cyber_Minority/ROS2_Imp/ros2_foxy/install/detector/share/detector/local_setup.sh
[7.630s] -- Up-to-date: /home/roboboat/RoboBoat_Cyber_Minority/ROS2_Imp/ros2_foxy/install/detector/share/detector/local_setup.zsh
[7.630s] -- Installing: /home/roboboat/RoboBoat_Cyber_Minority/ROS2_Imp/ros2_foxy/install/detector/share/detector/local_setup.dsv
[7.631s] -- Installing: /home/roboboat/RoboBoat_Cyber_Minority/ROS2_Imp/ros2_foxy/install/detector/share/detector/package.dsv
[7.631s] -- Up-to-date: /home/roboboat/RoboBoat_Cyber_Minority/ROS2_Imp/ros2_foxy/install/detector/share/ament_index/resource_index/packages/detector
[7.631s] -- Installing: /home/roboboat/RoboBoat_Cyber_Minority/ROS2_Imp/ros2_foxy/install/detector/share/detector/cmake/detector__rosidl_generator_cExport.cmake
[7.632s] -- Installing: /home/roboboat/RoboBoat_Cyber_Minority/ROS2_Imp/ros2_foxy/install/detector/share/detector/cmake/detector__rosidl_generator_cExport-noconfig.cmake
[7.632s] -- Installing: /home/roboboat/RoboBoat_Cyber_Minority/ROS2_Imp/ros2_foxy/install/detector/share/detector/cmake/detector__rosidl_typesupport_introspection_cExport.cmake
[7.632s] -- Installing: /home/roboboat/RoboBoat_Cyber_Minority/ROS2_Imp/ros2_foxy/install/detector/share/detector/cmake/detector__rosidl_typesupport_introspection_cExport-noconfig.cmake
[7.632s] -- Installing: /home/roboboat/RoboBoat_Cyber_Minority/ROS2_Imp/ros2_foxy/install/detector/share/detector/cmake/detector__rosidl_typesupport_cExport.cmake
[7.633s] -- Installing: /home/roboboat/RoboBoat_Cyber_Minority/ROS2_Imp/ros2_foxy/install/detector/share/detector/cmake/detector__rosidl_typesupport_cExport-noconfig.cmake
[7.633s] -- Installing: /home/roboboat/RoboBoat_Cyber_Minority/ROS2_Imp/ros2_foxy/install/detector/share/detector/cmake/detector__rosidl_generator_cppExport.cmake
[7.634s] -- Installing: /home/roboboat/RoboBoat_Cyber_Minority/ROS2_Imp/ros2_foxy/install/detector/share/detector/cmake/detector__rosidl_typesupport_introspection_cppExport.cmake
[7.634s] -- Installing: /home/roboboat/RoboBoat_Cyber_Minority/ROS2_Imp/ros2_foxy/install/detector/share/detector/cmake/detector__rosidl_typesupport_introspection_cppExport-noconfig.cmake
[7.634s] -- Installing: /home/roboboat/RoboBoat_Cyber_Minority/ROS2_Imp/ros2_foxy/install/detector/share/detector/cmake/detector__rosidl_typesupport_cppExport.cmake
[7.634s] -- Installing: /home/roboboat/RoboBoat_Cyber_Minority/ROS2_Imp/ros2_foxy/install/detector/share/detector/cmake/detector__rosidl_typesupport_cppExport-noconfig.cmake
[7.634s] -- Installing: /home/roboboat/RoboBoat_Cyber_Minority/ROS2_Imp/ros2_foxy/install/detector/share/detector/cmake/rosidl_cmake-extras.cmake
[7.635s] -- Installing: /home/roboboat/RoboBoat_Cyber_Minority/ROS2_Imp/ros2_foxy/install/detector/share/detector/cmake/ament_cmake_export_dependencies-extras.cmake
[7.635s] -- Installing: /home/roboboat/RoboBoat_Cyber_Minority/ROS2_Imp/ros2_foxy/install/detector/share/detector/cmake/ament_cmake_export_libraries-extras.cmake
[7.635s] -- Installing: /home/roboboat/RoboBoat_Cyber_Minority/ROS2_Imp/ros2_foxy/install/detector/share/detector/cmake/ament_cmake_export_targets-extras.cmake
[7.635s] -- Installing: /home/roboboat/RoboBoat_Cyber_Minority/ROS2_Imp/ros2_foxy/install/detector/share/detector/cmake/ament_cmake_export_include_directories-extras.cmake
[7.636s] -- Installing: /home/roboboat/RoboBoat_Cyber_Minority/ROS2_Imp/ros2_foxy/install/detector/share/detector/cmake/rosidl_cmake_export_typesupport_libraries-extras.cmake
[7.636s] -- Installing: /home/roboboat/RoboBoat_Cyber_Minority/ROS2_Imp/ros2_foxy/install/detector/share/detector/cmake/rosidl_cmake_export_typesupport_targets-extras.cmake
[7.636s] -- Installing: /home/roboboat/RoboBoat_Cyber_Minority/ROS2_Imp/ros2_foxy/install/detector/share/detector/cmake/detectorConfig.cmake
[7.636s] -- Up-to-date: /home/roboboat/RoboBoat_Cyber_Minority/ROS2_Imp/ros2_foxy/install/detector/share/detector/cmake/detectorConfig-version.cmake
[7.636s] -- Installing: /home/roboboat/RoboBoat_Cyber_Minority/ROS2_Imp/ros2_foxy/install/detector/share/detector/package.xml
[7.643s] Invoked command in '/home/roboboat/RoboBoat_Cyber_Minority/ROS2_Imp/ros2_foxy/build/detector' returned '0': CMAKE_PREFIX_PATH=${CMAKE_PREFIX_PATH}:/home/roboboat/ros2_ws/install/Motorcontroller:/opt/ros/foxy /usr/bin/cmake --install /home/roboboat/RoboBoat_Cyber_Minority/ROS2_Imp/ros2_foxy/build/detector
