[0.112s] Invoking command in '/home/roboboat/RoboBoat_Cyber_Minority/ROS2_Imp/ros2_foxy/src/detector/build/detector': CMAKE_PREFIX_PATH=${CMAKE_PREFIX_PATH}:/home/roboboat/ros2_ws/install/Motorcontroller:/opt/ros/foxy /usr/bin/cmake --build /home/roboboat/RoboBoat_Cyber_Minority/ROS2_Imp/ros2_foxy/src/detector/build/detector -- -j12 -l12
[0.186s] [35m[1mScanning dependencies of target detector_node[0m
[0.202s] [  6%] Built target detector__cpp
[0.203s] [ 12%] Built target detector__rosidl_generator_c
[0.239s] [ 33%] Built target detector__rosidl_typesupport_cpp
[0.240s] [ 33%] Built target detector__rosidl_typesupport_introspection_cpp
[0.240s] [ 33%] [32mBuilding CXX object CMakeFiles/detector_node.dir/src/detector_node.cpp.o[0m
[0.244s] [ 42%] Built target detector__rosidl_typesupport_fastrtps_cpp
[0.276s] [ 60%] Built target detector__rosidl_typesupport_introspection_c
[0.276s] [ 60%] Built target detector__rosidl_typesupport_c
[0.286s] [ 69%] Built target detector__rosidl_typesupport_fastrtps_c
[0.323s] [ 69%] Built target detector
[0.361s] [ 72%] Built target detector__py
[0.375s] [01m[K/home/roboboat/RoboBoat_Cyber_Minority/ROS2_Imp/ros2_foxy/src/detector/src/detector_node.cpp:3:10:[m[K [01;31m[Kfatal error: [m[Kdetector/msg/MyCustomMsg.hpp: No such file or directory
[0.375s]     3 | #include [01;31m[K"detector/msg/MyCustomMsg.hpp"[m[K
[0.375s]       |          [01;31m[K^~~~~~~~~~~~~~~~~~~~~~~~~~~~~~[m[K
[0.375s] compilation terminated.
[0.402s] make[2]: *** [CMakeFiles/detector_node.dir/build.make:63: CMakeFiles/detector_node.dir/src/detector_node.cpp.o] Error 1
[0.403s] make[1]: *** [CMakeFiles/Makefile2:155: CMakeFiles/detector_node.dir/all] Error 2
[0.403s] make[1]: *** Waiting for unfinished jobs....
[0.409s] [ 78%] Built target detector__python
[0.411s] make: *** [Makefile:141: all] Error 2
[0.416s] Invoked command in '/home/roboboat/RoboBoat_Cyber_Minority/ROS2_Imp/ros2_foxy/src/detector/build/detector' returned '2': CMAKE_PREFIX_PATH=${CMAKE_PREFIX_PATH}:/home/roboboat/ros2_ws/install/Motorcontroller:/opt/ros/foxy /usr/bin/cmake --build /home/roboboat/RoboBoat_Cyber_Minority/ROS2_Imp/ros2_foxy/src/detector/build/detector -- -j12 -l12
