[0.270s] Invoking command in '/home/roboboat/RoboBoat_Cyber_Minority/Comp_2024/GPS_Related_Tasks/build/task8': CMAKE_PREFIX_PATH=${CMAKE_PREFIX_PATH}:/opt/ros/foxy /usr/bin/cmake --build /home/roboboat/RoboBoat_Cyber_Minority/Comp_2024/GPS_Related_Tasks/build/task8 -- -j12 -l12
[0.345s] Invoked command in '/home/roboboat/RoboBoat_Cyber_Minority/Comp_2024/GPS_Related_Tasks/build/task8' returned '0': CMAKE_PREFIX_PATH=${CMAKE_PREFIX_PATH}:/opt/ros/foxy /usr/bin/cmake --build /home/roboboat/RoboBoat_Cyber_Minority/Comp_2024/GPS_Related_Tasks/build/task8 -- -j12 -l12
[0.411s] Invoking command in '/home/roboboat/RoboBoat_Cyber_Minority/Comp_2024/GPS_Related_Tasks/build/task8': CMAKE_PREFIX_PATH=${CMAKE_PREFIX_PATH}:/opt/ros/foxy /usr/bin/cmake --install /home/roboboat/RoboBoat_Cyber_Minority/Comp_2024/GPS_Related_Tasks/build/task8
[0.427s] -- Install configuration: ""
[0.427s] -- Up-to-date: /home/roboboat/RoboBoat_Cyber_Minority/Comp_2024/GPS_Related_Tasks/install/task8/share/ament_index/resource_index/package_run_dependencies/task8
[0.428s] -- Up-to-date: /home/roboboat/RoboBoat_Cyber_Minority/Comp_2024/GPS_Related_Tasks/install/task8/share/ament_index/resource_index/parent_prefix_path/task8
[0.428s] -- Up-to-date: /home/roboboat/RoboBoat_Cyber_Minority/Comp_2024/GPS_Related_Tasks/install/task8/share/task8/environment/ament_prefix_path.sh
[0.428s] -- Up-to-date: /home/roboboat/RoboBoat_Cyber_Minority/Comp_2024/GPS_Related_Tasks/install/task8/share/task8/environment/ament_prefix_path.dsv
[0.428s] -- Up-to-date: /home/roboboat/RoboBoat_Cyber_Minority/Comp_2024/GPS_Related_Tasks/install/task8/share/task8/environment/path.sh
[0.428s] -- Up-to-date: /home/roboboat/RoboBoat_Cyber_Minority/Comp_2024/GPS_Related_Tasks/install/task8/share/task8/environment/path.dsv
[0.429s] -- Up-to-date: /home/roboboat/RoboBoat_Cyber_Minority/Comp_2024/GPS_Related_Tasks/install/task8/share/task8/local_setup.bash
[0.429s] -- Up-to-date: /home/roboboat/RoboBoat_Cyber_Minority/Comp_2024/GPS_Related_Tasks/install/task8/share/task8/local_setup.sh
[0.429s] -- Up-to-date: /home/roboboat/RoboBoat_Cyber_Minority/Comp_2024/GPS_Related_Tasks/install/task8/share/task8/local_setup.zsh
[0.429s] -- Up-to-date: /home/roboboat/RoboBoat_Cyber_Minority/Comp_2024/GPS_Related_Tasks/install/task8/share/task8/local_setup.dsv
[0.430s] -- Installing: /home/roboboat/RoboBoat_Cyber_Minority/Comp_2024/GPS_Related_Tasks/install/task8/share/task8/package.dsv
[0.430s] -- Up-to-date: /home/roboboat/RoboBoat_Cyber_Minority/Comp_2024/GPS_Related_Tasks/install/task8/share/ament_index/resource_index/packages/task8
[0.430s] -- Up-to-date: /home/roboboat/RoboBoat_Cyber_Minority/Comp_2024/GPS_Related_Tasks/install/task8/share/task8/cmake/task8Config.cmake
[0.430s] -- Up-to-date: /home/roboboat/RoboBoat_Cyber_Minority/Comp_2024/GPS_Related_Tasks/install/task8/share/task8/cmake/task8Config-version.cmake
[0.430s] -- Up-to-date: /home/roboboat/RoboBoat_Cyber_Minority/Comp_2024/GPS_Related_Tasks/install/task8/share/task8/package.xml
[0.666s] Invoked command in '/home/roboboat/RoboBoat_Cyber_Minority/Comp_2024/GPS_Related_Tasks/build/task8' returned '0': CMAKE_PREFIX_PATH=${CMAKE_PREFIX_PATH}:/opt/ros/foxy /usr/bin/cmake --install /home/roboboat/RoboBoat_Cyber_Minority/Comp_2024/GPS_Related_Tasks/build/task8
