[3.434s] DEBUG:colcon:Command line arguments: ['/usr/bin/colcon', 'build']
[3.434s] DEBUG:colcon:Parsed command line arguments: Namespace(allow_overriding=[], ament_cmake_args=None, base_paths=['.'], build_base='build', catkin_cmake_args=None, catkin_skip_building_tests=False, cmake_args=None, cmake_clean_cache=False, cmake_clean_first=False, cmake_force_configure=False, cmake_target=None, cmake_target_skip_unavailable=False, continue_on_error=False, event_handlers=None, executor='parallel', ignore_user_meta=False, install_base='install', log_base=None, log_level=None, main=<bound method BuildVerb.main of <colcon_core.verb.build.BuildVerb object at 0xffffa80a5f40>>, merge_install=False, metas=['./colcon.meta'], packages_above=None, packages_above_and_dependencies=None, packages_above_depth=None, packages_end=None, packages_ignore=None, packages_ignore_regex=None, packages_select=None, packages_select_build_failed=False, packages_select_by_dep=None, packages_select_regex=None, packages_select_test_failures=False, packages_skip=None, packages_skip_build_finished=False, packages_skip_by_dep=None, packages_skip_regex=None, packages_skip_test_passed=False, packages_skip_up_to=None, packages_start=None, packages_up_to=None, packages_up_to_regex=None, parallel_workers=12, paths=None, symlink_install=False, test_result_base=None, verb_extension=<colcon_core.verb.build.BuildVerb object at 0xffffa80a5f40>, verb_name='build', verb_parser=<colcon_defaults.argument_parser.defaults.DefaultArgumentsDecorator object at 0xffffa7d64c40>)
[3.582s] Level 1:colcon.colcon_core.package_discovery:discover_packages(colcon_meta) check parameters
[3.582s] Level 1:colcon.colcon_core.package_discovery:discover_packages(recursive) check parameters
[3.582s] Level 1:colcon.colcon_core.package_discovery:discover_packages(ignore) check parameters
[3.582s] Level 1:colcon.colcon_core.package_discovery:discover_packages(path) check parameters
[3.582s] Level 1:colcon.colcon_core.package_discovery:discover_packages(colcon_meta) discover
[3.583s] Level 1:colcon.colcon_core.package_discovery:discover_packages(recursive) discover
[3.583s] INFO:colcon.colcon_core.package_discovery:Crawling recursively for packages in '/home/roboboat/RoboBoat_Cyber_Minority/ROS2_Imp/ros2_foxy/src/detector'
[3.583s] Level 1:colcon.colcon_core.package_identification:_identify(.) by extensions ['ignore', 'ignore_ament_install']
[3.583s] Level 1:colcon.colcon_core.package_identification:_identify(.) by extension 'ignore'
[3.583s] Level 1:colcon.colcon_core.package_identification:_identify(.) by extension 'ignore_ament_install'
[3.583s] Level 1:colcon.colcon_core.package_identification:_identify(.) by extensions ['colcon_pkg']
[3.583s] Level 1:colcon.colcon_core.package_identification:_identify(.) by extension 'colcon_pkg'
[3.583s] Level 1:colcon.colcon_core.package_identification:_identify(.) by extensions ['colcon_meta']
[3.583s] Level 1:colcon.colcon_core.package_identification:_identify(.) by extension 'colcon_meta'
[3.583s] Level 1:colcon.colcon_core.package_identification:_identify(.) by extensions ['ros']
[3.583s] Level 1:colcon.colcon_core.package_identification:_identify(.) by extension 'ros'
[3.606s] DEBUG:colcon.colcon_core.package_identification:Package '.' with type 'ros.ament_cmake' and name 'detector'
[3.607s] Level 1:colcon.colcon_core.package_discovery:discover_packages(recursive) using defaults
[3.607s] Level 1:colcon.colcon_core.package_discovery:discover_packages(ignore) discover
[3.607s] Level 1:colcon.colcon_core.package_discovery:discover_packages(ignore) using defaults
[3.607s] Level 1:colcon.colcon_core.package_discovery:discover_packages(path) discover
[3.607s] Level 1:colcon.colcon_core.package_discovery:discover_packages(path) using defaults
[3.713s] Level 1:colcon.colcon_core.package_discovery:discover_packages(prefix_path) check parameters
[3.713s] Level 1:colcon.colcon_core.package_discovery:discover_packages(prefix_path) discover
[3.748s] DEBUG:colcon.colcon_installed_package_information.package_discovery:Found 2 installed packages in /home/roboboat/RoboBoat_Cyber_Minority/ROS2_Imp/ros2_foxy/install
[3.764s] DEBUG:colcon.colcon_installed_package_information.package_discovery:Found 17 installed packages in /home/roboboat/ros2_ws/install
[3.781s] DEBUG:colcon.colcon_installed_package_information.package_discovery:Found 260 installed packages in /opt/ros/foxy
[3.783s] Level 1:colcon.colcon_core.package_discovery:discover_packages(prefix_path) using defaults
[3.880s] Level 5:colcon.colcon_core.verb:set package 'detector' build argument 'cmake_args' from command line to 'None'
[3.880s] Level 5:colcon.colcon_core.verb:set package 'detector' build argument 'cmake_target' from command line to 'None'
[3.881s] Level 5:colcon.colcon_core.verb:set package 'detector' build argument 'cmake_target_skip_unavailable' from command line to 'False'
[3.881s] Level 5:colcon.colcon_core.verb:set package 'detector' build argument 'cmake_clean_cache' from command line to 'False'
[3.881s] Level 5:colcon.colcon_core.verb:set package 'detector' build argument 'cmake_clean_first' from command line to 'False'
[3.881s] Level 5:colcon.colcon_core.verb:set package 'detector' build argument 'cmake_force_configure' from command line to 'False'
[3.881s] Level 5:colcon.colcon_core.verb:set package 'detector' build argument 'ament_cmake_args' from command line to 'None'
[3.881s] Level 5:colcon.colcon_core.verb:set package 'detector' build argument 'catkin_cmake_args' from command line to 'None'
[3.881s] Level 5:colcon.colcon_core.verb:set package 'detector' build argument 'catkin_skip_building_tests' from command line to 'False'
[3.881s] DEBUG:colcon.colcon_core.verb:Building package 'detector' with the following arguments: {'ament_cmake_args': None, 'build_base': '/home/roboboat/RoboBoat_Cyber_Minority/ROS2_Imp/ros2_foxy/src/detector/build/detector', 'catkin_cmake_args': None, 'catkin_skip_building_tests': False, 'cmake_args': None, 'cmake_clean_cache': False, 'cmake_clean_first': False, 'cmake_force_configure': False, 'cmake_target': None, 'cmake_target_skip_unavailable': False, 'install_base': '/home/roboboat/RoboBoat_Cyber_Minority/ROS2_Imp/ros2_foxy/src/detector/install/detector', 'merge_install': False, 'path': '/home/roboboat/RoboBoat_Cyber_Minority/ROS2_Imp/ros2_foxy/src/detector', 'symlink_install': False, 'test_result_base': None}
[3.896s] INFO:colcon.colcon_core.executor:Executing jobs using 'parallel' executor
[3.914s] DEBUG:colcon.colcon_parallel_executor.executor.parallel:run_until_complete
[3.914s] INFO:colcon.colcon_ros.task.ament_cmake.build:Building ROS package in '/home/roboboat/RoboBoat_Cyber_Minority/ROS2_Imp/ros2_foxy/src/detector' with build type 'ament_cmake'
[3.915s] INFO:colcon.colcon_cmake.task.cmake.build:Building CMake package in '/home/roboboat/RoboBoat_Cyber_Minority/ROS2_Imp/ros2_foxy/src/detector'
[3.933s] INFO:colcon.colcon_core.plugin_system:Skipping extension 'colcon_core.shell.bat': Not used on non-Windows systems
[3.934s] INFO:colcon.colcon_core.shell:Skip shell extension 'powershell' for command environment: Not usable outside of PowerShell
[3.934s] DEBUG:colcon.colcon_core.shell:Skip shell extension 'dsv' for command environment
[4.017s] DEBUG:colcon.colcon_core.event_handler.log_command:Invoking command in '/home/roboboat/RoboBoat_Cyber_Minority/ROS2_Imp/ros2_foxy/src/detector/build/detector': CMAKE_PREFIX_PATH=${CMAKE_PREFIX_PATH}:/home/roboboat/ros2_ws/install/Motorcontroller:/opt/ros/foxy /usr/bin/cmake --build /home/roboboat/RoboBoat_Cyber_Minority/ROS2_Imp/ros2_foxy/src/detector/build/detector -- -j12 -l12
[5.801s] DEBUG:colcon.colcon_core.event_handler.log_command:Invoked command in '/home/roboboat/RoboBoat_Cyber_Minority/ROS2_Imp/ros2_foxy/src/detector/build/detector' returned '0': CMAKE_PREFIX_PATH=${CMAKE_PREFIX_PATH}:/home/roboboat/ros2_ws/install/Motorcontroller:/opt/ros/foxy /usr/bin/cmake --build /home/roboboat/RoboBoat_Cyber_Minority/ROS2_Imp/ros2_foxy/src/detector/build/detector -- -j12 -l12
[5.919s] DEBUG:colcon.colcon_core.event_handler.log_command:Invoking command in '/home/roboboat/RoboBoat_Cyber_Minority/ROS2_Imp/ros2_foxy/src/detector/build/detector': CMAKE_PREFIX_PATH=${CMAKE_PREFIX_PATH}:/home/roboboat/ros2_ws/install/Motorcontroller:/opt/ros/foxy /usr/bin/cmake --install /home/roboboat/RoboBoat_Cyber_Minority/ROS2_Imp/ros2_foxy/src/detector/build/detector
[6.045s] Level 1:colcon.colcon_core.environment:create_environment_scripts_only(detector)
[6.047s] DEBUG:colcon.colcon_core.event_handler.log_command:Invoked command in '/home/roboboat/RoboBoat_Cyber_Minority/ROS2_Imp/ros2_foxy/src/detector/build/detector' returned '0': CMAKE_PREFIX_PATH=${CMAKE_PREFIX_PATH}:/home/roboboat/ros2_ws/install/Motorcontroller:/opt/ros/foxy /usr/bin/cmake --install /home/roboboat/RoboBoat_Cyber_Minority/ROS2_Imp/ros2_foxy/src/detector/build/detector
[6.083s] Level 1:colcon.colcon_core.environment:checking '/home/roboboat/RoboBoat_Cyber_Minority/ROS2_Imp/ros2_foxy/src/detector/install/detector' for CMake module files
[6.084s] Level 1:colcon.colcon_core.environment:checking '/home/roboboat/RoboBoat_Cyber_Minority/ROS2_Imp/ros2_foxy/src/detector/install/detector' for CMake config files
[6.085s] Level 1:colcon.colcon_core.shell:create_environment_hook('detector', 'cmake_prefix_path')
[6.103s] INFO:colcon.colcon_core.shell:Creating environment hook '/home/roboboat/RoboBoat_Cyber_Minority/ROS2_Imp/ros2_foxy/src/detector/install/detector/share/detector/hook/cmake_prefix_path.ps1'
[6.104s] INFO:colcon.colcon_core.shell:Creating environment descriptor '/home/roboboat/RoboBoat_Cyber_Minority/ROS2_Imp/ros2_foxy/src/detector/install/detector/share/detector/hook/cmake_prefix_path.dsv'
[6.105s] INFO:colcon.colcon_core.shell:Creating environment hook '/home/roboboat/RoboBoat_Cyber_Minority/ROS2_Imp/ros2_foxy/src/detector/install/detector/share/detector/hook/cmake_prefix_path.sh'
[6.109s] Level 1:colcon.colcon_core.environment:checking '/home/roboboat/RoboBoat_Cyber_Minority/ROS2_Imp/ros2_foxy/src/detector/install/detector/lib'
[6.110s] Level 1:colcon.colcon_core.shell:create_environment_hook('detector', 'ld_library_path_lib')
[6.128s] INFO:colcon.colcon_core.shell:Creating environment hook '/home/roboboat/RoboBoat_Cyber_Minority/ROS2_Imp/ros2_foxy/src/detector/install/detector/share/detector/hook/ld_library_path_lib.ps1'
[6.128s] INFO:colcon.colcon_core.shell:Creating environment descriptor '/home/roboboat/RoboBoat_Cyber_Minority/ROS2_Imp/ros2_foxy/src/detector/install/detector/share/detector/hook/ld_library_path_lib.dsv'
[6.129s] INFO:colcon.colcon_core.shell:Creating environment hook '/home/roboboat/RoboBoat_Cyber_Minority/ROS2_Imp/ros2_foxy/src/detector/install/detector/share/detector/hook/ld_library_path_lib.sh'
[6.130s] Level 1:colcon.colcon_core.environment:checking '/home/roboboat/RoboBoat_Cyber_Minority/ROS2_Imp/ros2_foxy/src/detector/install/detector/bin'
[6.131s] Level 1:colcon.colcon_core.environment:checking '/home/roboboat/RoboBoat_Cyber_Minority/ROS2_Imp/ros2_foxy/src/detector/install/detector/lib/pkgconfig/detector.pc'
[6.131s] Level 1:colcon.colcon_core.environment:checking '/home/roboboat/RoboBoat_Cyber_Minority/ROS2_Imp/ros2_foxy/src/detector/install/detector/lib/python3.8/site-packages'
[6.131s] Level 1:colcon.colcon_core.shell:create_environment_hook('detector', 'pythonpath')
[6.147s] INFO:colcon.colcon_core.shell:Creating environment hook '/home/roboboat/RoboBoat_Cyber_Minority/ROS2_Imp/ros2_foxy/src/detector/install/detector/share/detector/hook/pythonpath.ps1'
[6.148s] INFO:colcon.colcon_core.shell:Creating environment descriptor '/home/roboboat/RoboBoat_Cyber_Minority/ROS2_Imp/ros2_foxy/src/detector/install/detector/share/detector/hook/pythonpath.dsv'
[6.149s] INFO:colcon.colcon_core.shell:Creating environment hook '/home/roboboat/RoboBoat_Cyber_Minority/ROS2_Imp/ros2_foxy/src/detector/install/detector/share/detector/hook/pythonpath.sh'
[6.151s] Level 1:colcon.colcon_core.environment:checking '/home/roboboat/RoboBoat_Cyber_Minority/ROS2_Imp/ros2_foxy/src/detector/install/detector/bin'
[6.169s] INFO:colcon.colcon_core.shell:Creating package script '/home/roboboat/RoboBoat_Cyber_Minority/ROS2_Imp/ros2_foxy/src/detector/install/detector/share/detector/package.ps1'
[6.170s] INFO:colcon.colcon_core.shell:Creating package descriptor '/home/roboboat/RoboBoat_Cyber_Minority/ROS2_Imp/ros2_foxy/src/detector/install/detector/share/detector/package.dsv'
[6.174s] INFO:colcon.colcon_core.shell:Creating package script '/home/roboboat/RoboBoat_Cyber_Minority/ROS2_Imp/ros2_foxy/src/detector/install/detector/share/detector/package.sh'
[6.177s] INFO:colcon.colcon_core.shell:Creating package script '/home/roboboat/RoboBoat_Cyber_Minority/ROS2_Imp/ros2_foxy/src/detector/install/detector/share/detector/package.bash'
[6.178s] INFO:colcon.colcon_core.shell:Creating package script '/home/roboboat/RoboBoat_Cyber_Minority/ROS2_Imp/ros2_foxy/src/detector/install/detector/share/detector/package.zsh'
[6.179s] Level 1:colcon.colcon_core.environment:create_file_with_runtime_dependencies(/home/roboboat/RoboBoat_Cyber_Minority/ROS2_Imp/ros2_foxy/src/detector/install/detector/share/colcon-core/packages/detector)
[6.303s] Level 1:colcon.colcon_core.environment:create_environment_scripts_only(detector)
[6.321s] Level 1:colcon.colcon_core.environment:checking '/home/roboboat/RoboBoat_Cyber_Minority/ROS2_Imp/ros2_foxy/src/detector/install/detector' for CMake module files
[6.323s] Level 1:colcon.colcon_core.environment:checking '/home/roboboat/RoboBoat_Cyber_Minority/ROS2_Imp/ros2_foxy/src/detector/install/detector' for CMake config files
[6.324s] Level 1:colcon.colcon_core.shell:create_environment_hook('detector', 'cmake_prefix_path')
[6.340s] INFO:colcon.colcon_core.shell:Creating environment hook '/home/roboboat/RoboBoat_Cyber_Minority/ROS2_Imp/ros2_foxy/src/detector/install/detector/share/detector/hook/cmake_prefix_path.ps1'
[6.341s] INFO:colcon.colcon_core.shell:Creating environment descriptor '/home/roboboat/RoboBoat_Cyber_Minority/ROS2_Imp/ros2_foxy/src/detector/install/detector/share/detector/hook/cmake_prefix_path.dsv'
[6.342s] INFO:colcon.colcon_core.shell:Creating environment hook '/home/roboboat/RoboBoat_Cyber_Minority/ROS2_Imp/ros2_foxy/src/detector/install/detector/share/detector/hook/cmake_prefix_path.sh'
[6.344s] Level 1:colcon.colcon_core.environment:checking '/home/roboboat/RoboBoat_Cyber_Minority/ROS2_Imp/ros2_foxy/src/detector/install/detector/lib'
[6.344s] Level 1:colcon.colcon_core.shell:create_environment_hook('detector', 'ld_library_path_lib')
[6.361s] INFO:colcon.colcon_core.shell:Creating environment hook '/home/roboboat/RoboBoat_Cyber_Minority/ROS2_Imp/ros2_foxy/src/detector/install/detector/share/detector/hook/ld_library_path_lib.ps1'
[6.361s] INFO:colcon.colcon_core.shell:Creating environment descriptor '/home/roboboat/RoboBoat_Cyber_Minority/ROS2_Imp/ros2_foxy/src/detector/install/detector/share/detector/hook/ld_library_path_lib.dsv'
[6.362s] INFO:colcon.colcon_core.shell:Creating environment hook '/home/roboboat/RoboBoat_Cyber_Minority/ROS2_Imp/ros2_foxy/src/detector/install/detector/share/detector/hook/ld_library_path_lib.sh'
[6.363s] Level 1:colcon.colcon_core.environment:checking '/home/roboboat/RoboBoat_Cyber_Minority/ROS2_Imp/ros2_foxy/src/detector/install/detector/bin'
[6.363s] Level 1:colcon.colcon_core.environment:checking '/home/roboboat/RoboBoat_Cyber_Minority/ROS2_Imp/ros2_foxy/src/detector/install/detector/lib/pkgconfig/detector.pc'
[6.363s] Level 1:colcon.colcon_core.environment:checking '/home/roboboat/RoboBoat_Cyber_Minority/ROS2_Imp/ros2_foxy/src/detector/install/detector/lib/python3.8/site-packages'
[6.363s] Level 1:colcon.colcon_core.shell:create_environment_hook('detector', 'pythonpath')
[6.380s] INFO:colcon.colcon_core.shell:Creating environment hook '/home/roboboat/RoboBoat_Cyber_Minority/ROS2_Imp/ros2_foxy/src/detector/install/detector/share/detector/hook/pythonpath.ps1'
[6.380s] INFO:colcon.colcon_core.shell:Creating environment descriptor '/home/roboboat/RoboBoat_Cyber_Minority/ROS2_Imp/ros2_foxy/src/detector/install/detector/share/detector/hook/pythonpath.dsv'
[6.381s] INFO:colcon.colcon_core.shell:Creating environment hook '/home/roboboat/RoboBoat_Cyber_Minority/ROS2_Imp/ros2_foxy/src/detector/install/detector/share/detector/hook/pythonpath.sh'
[6.383s] Level 1:colcon.colcon_core.environment:checking '/home/roboboat/RoboBoat_Cyber_Minority/ROS2_Imp/ros2_foxy/src/detector/install/detector/bin'
[6.399s] INFO:colcon.colcon_core.shell:Creating package script '/home/roboboat/RoboBoat_Cyber_Minority/ROS2_Imp/ros2_foxy/src/detector/install/detector/share/detector/package.ps1'
[6.400s] INFO:colcon.colcon_core.shell:Creating package descriptor '/home/roboboat/RoboBoat_Cyber_Minority/ROS2_Imp/ros2_foxy/src/detector/install/detector/share/detector/package.dsv'
[6.402s] INFO:colcon.colcon_core.shell:Creating package script '/home/roboboat/RoboBoat_Cyber_Minority/ROS2_Imp/ros2_foxy/src/detector/install/detector/share/detector/package.sh'
[6.403s] INFO:colcon.colcon_core.shell:Creating package script '/home/roboboat/RoboBoat_Cyber_Minority/ROS2_Imp/ros2_foxy/src/detector/install/detector/share/detector/package.bash'
[6.403s] INFO:colcon.colcon_core.shell:Creating package script '/home/roboboat/RoboBoat_Cyber_Minority/ROS2_Imp/ros2_foxy/src/detector/install/detector/share/detector/package.zsh'
[6.404s] Level 1:colcon.colcon_core.environment:create_file_with_runtime_dependencies(/home/roboboat/RoboBoat_Cyber_Minority/ROS2_Imp/ros2_foxy/src/detector/install/detector/share/colcon-core/packages/detector)
[6.405s] DEBUG:colcon.colcon_parallel_executor.executor.parallel:closing loop
[6.405s] DEBUG:colcon.colcon_parallel_executor.executor.parallel:loop closed
[6.405s] DEBUG:colcon.colcon_parallel_executor.executor.parallel:run_until_complete finished with '0'
[6.405s] DEBUG:colcon.colcon_core.event_reactor:joining thread
[6.446s] INFO:colcon.colcon_core.plugin_system:Skipping extension 'colcon_notification.desktop_notification.terminal_notifier': Not used on non-Darwin systems
[6.447s] INFO:colcon.colcon_core.plugin_system:Skipping extension 'colcon_notification.desktop_notification.win32': Not used on non-Windows systems
[6.447s] INFO:colcon.colcon_notification.desktop_notification:Sending desktop notification using 'notify2'
[6.483s] DEBUG:colcon.colcon_core.event_reactor:joined thread
[6.503s] INFO:colcon.colcon_core.shell:Creating prefix script '/home/roboboat/RoboBoat_Cyber_Minority/ROS2_Imp/ros2_foxy/src/detector/install/local_setup.ps1'
[6.505s] INFO:colcon.colcon_core.shell:Creating prefix util module '/home/roboboat/RoboBoat_Cyber_Minority/ROS2_Imp/ros2_foxy/src/detector/install/_local_setup_util_ps1.py'
[6.508s] INFO:colcon.colcon_core.shell:Creating prefix chain script '/home/roboboat/RoboBoat_Cyber_Minority/ROS2_Imp/ros2_foxy/src/detector/install/setup.ps1'
[6.528s] INFO:colcon.colcon_core.shell:Creating prefix script '/home/roboboat/RoboBoat_Cyber_Minority/ROS2_Imp/ros2_foxy/src/detector/install/local_setup.sh'
[6.531s] INFO:colcon.colcon_core.shell:Creating prefix util module '/home/roboboat/RoboBoat_Cyber_Minority/ROS2_Imp/ros2_foxy/src/detector/install/_local_setup_util_sh.py'
[6.532s] INFO:colcon.colcon_core.shell:Creating prefix chain script '/home/roboboat/RoboBoat_Cyber_Minority/ROS2_Imp/ros2_foxy/src/detector/install/setup.sh'
[6.552s] INFO:colcon.colcon_core.shell:Creating prefix script '/home/roboboat/RoboBoat_Cyber_Minority/ROS2_Imp/ros2_foxy/src/detector/install/local_setup.bash'
[6.554s] INFO:colcon.colcon_core.shell:Creating prefix chain script '/home/roboboat/RoboBoat_Cyber_Minority/ROS2_Imp/ros2_foxy/src/detector/install/setup.bash'
[6.574s] INFO:colcon.colcon_core.shell:Creating prefix script '/home/roboboat/RoboBoat_Cyber_Minority/ROS2_Imp/ros2_foxy/src/detector/install/local_setup.zsh'
[6.576s] INFO:colcon.colcon_core.shell:Creating prefix chain script '/home/roboboat/RoboBoat_Cyber_Minority/ROS2_Imp/ros2_foxy/src/detector/install/setup.zsh'
