[0.092s] Invoking command in '/home/roboboat/RoboBoat_Cyber_Minority/ROS2_Imp/ros2_foxy/src/build/main_control': AMENT_PREFIX_PATH=/home/roboboat/RoboBoat_Cyber_Minority/ROS2_Imp/ros2_foxy/src/install/detector:${AMENT_PREFIX_PATH} CMAKE_PREFIX_PATH=/home/roboboat/RoboBoat_Cyber_Minority/ROS2_Imp/ros2_foxy/src/install/detector:/home/roboboat/RoboBoat_Cyber_Minority/ROS2_Imp/ros2_foxy/install/main_control:/home/roboboat/RoboBoat_Cyber_Minority/ROS2_Imp/ros2_foxy/install/detector:/opt/ros/foxy LD_LIBRARY_PATH=/home/roboboat/RoboBoat_Cyber_Minority/ROS2_Imp/ros2_foxy/src/install/detector/lib:${LD_LIBRARY_PATH} PYTHONPATH=/home/roboboat/RoboBoat_Cyber_Minority/ROS2_Imp/ros2_foxy/src/install/detector/lib/python3.8/site-packages:${PYTHONPATH} /usr/bin/cmake --build /home/roboboat/RoboBoat_Cyber_Minority/ROS2_Imp/ros2_foxy/src/build/main_control -- -j12 -l12
[0.131s] -- Found ament_cmake: 0.9.12 (/opt/ros/foxy/share/ament_cmake/cmake)
[0.164s] -- Found PythonInterp: /usr/bin/python3 (found suitable version "3.8.10", minimum required is "3") 
[0.164s] -- Using PYTHON_EXECUTABLE: /usr/bin/python3
[0.446s] -- Found rclcpp: 2.4.3 (/opt/ros/foxy/share/rclcpp/cmake)
[0.494s] -- Using all available rosidl_typesupport_c: rosidl_typesupport_fastrtps_c;rosidl_typesupport_introspection_c
[0.498s] -- Found rosidl_adapter: 1.3.1 (/opt/ros/foxy/share/rosidl_adapter/cmake)
[0.661s] -- Using all available rosidl_typesupport_cpp: rosidl_typesupport_fastrtps_cpp;rosidl_typesupport_introspection_cpp
[0.722s] -- Found rmw_implementation_cmake: 1.0.4 (/opt/ros/foxy/share/rmw_implementation_cmake/cmake)
[0.723s] -- Using RMW implementation 'rmw_fastrtps_cpp' as default
[0.896s] -- Found rosidl_default_generators: 1.0.1 (/opt/ros/foxy/share/rosidl_default_generators/cmake)
[0.944s] -- Found PythonInterp: /usr/bin/python3 (found version "3.8.10") 
[1.145s] -- Found ament_cmake_ros: 0.9.2 (/opt/ros/foxy/share/ament_cmake_ros/cmake)
[1.307s] -- Using all available rosidl_typesupport_c: rosidl_typesupport_fastrtps_c;rosidl_typesupport_introspection_c
[1.316s] -- Using all available rosidl_typesupport_cpp: rosidl_typesupport_fastrtps_cpp;rosidl_typesupport_introspection_cpp
[1.352s] -- Found PythonInterp: /usr/bin/python3 (found suitable version "3.8.10", minimum required is "3.5") 
[1.352s] -- Found python_cmake_module: 0.8.1 (/opt/ros/foxy/share/python_cmake_module/cmake)
[1.387s] -- Using PYTHON_EXECUTABLE: /usr/bin/python3
[1.387s] -- Using PYTHON_INCLUDE_DIRS: /usr/include/python3.8
[1.387s] -- Using PYTHON_LIBRARIES: /usr/lib/aarch64-linux-gnu/libpython3.8.so
[1.416s] CMake Error at /opt/ros/foxy/share/ament_cmake_target_dependencies/cmake/ament_target_dependencies.cmake:77 (message):
[1.416s]   ament_target_dependencies() the passed package name 'detector' was not
[1.416s]   found before
[1.416s] Call Stack (most recent call first):
[1.416s]   CMakeLists.txt:42 (ament_target_dependencies)
[1.416s] 
[1.416s] 
[1.419s] -- Configuring incomplete, errors occurred!
[1.419s] See also "/home/roboboat/RoboBoat_Cyber_Minority/ROS2_Imp/ros2_foxy/src/build/main_control/CMakeFiles/CMakeOutput.log".
[1.419s] See also "/home/roboboat/RoboBoat_Cyber_Minority/ROS2_Imp/ros2_foxy/src/build/main_control/CMakeFiles/CMakeError.log".
[1.436s] make: *** [Makefile:792: cmake_check_build_system] Error 1
[1.442s] Invoked command in '/home/roboboat/RoboBoat_Cyber_Minority/ROS2_Imp/ros2_foxy/src/build/main_control' returned '2': AMENT_PREFIX_PATH=/home/roboboat/RoboBoat_Cyber_Minority/ROS2_Imp/ros2_foxy/src/install/detector:${AMENT_PREFIX_PATH} CMAKE_PREFIX_PATH=/home/roboboat/RoboBoat_Cyber_Minority/ROS2_Imp/ros2_foxy/src/install/detector:/home/roboboat/RoboBoat_Cyber_Minority/ROS2_Imp/ros2_foxy/install/main_control:/home/roboboat/RoboBoat_Cyber_Minority/ROS2_Imp/ros2_foxy/install/detector:/opt/ros/foxy LD_LIBRARY_PATH=/home/roboboat/RoboBoat_Cyber_Minority/ROS2_Imp/ros2_foxy/src/install/detector/lib:${LD_LIBRARY_PATH} PYTHONPATH=/home/roboboat/RoboBoat_Cyber_Minority/ROS2_Imp/ros2_foxy/src/install/detector/lib/python3.8/site-packages:${PYTHONPATH} /usr/bin/cmake --build /home/roboboat/RoboBoat_Cyber_Minority/ROS2_Imp/ros2_foxy/src/build/main_control -- -j12 -l12
