[3.599s] DEBUG:colcon:Command line arguments: ['/usr/bin/colcon', 'build']
[3.599s] DEBUG:colcon:Parsed command line arguments: Namespace(allow_overriding=[], ament_cmake_args=None, base_paths=['.'], build_base='build', catkin_cmake_args=None, catkin_skip_building_tests=False, cmake_args=None, cmake_clean_cache=False, cmake_clean_first=False, cmake_force_configure=False, cmake_target=None, cmake_target_skip_unavailable=False, continue_on_error=False, event_handlers=None, executor='parallel', ignore_user_meta=False, install_base='install', log_base=None, log_level=None, main=<bound method BuildVerb.main of <colcon_core.verb.build.BuildVerb object at 0xffff7e93c5b0>>, merge_install=False, metas=['./colcon.meta'], packages_above=None, packages_above_and_dependencies=None, packages_above_depth=None, packages_end=None, packages_ignore=None, packages_ignore_regex=None, packages_select=None, packages_select_build_failed=False, packages_select_by_dep=None, packages_select_regex=None, packages_select_test_failures=False, packages_skip=None, packages_skip_build_finished=False, packages_skip_by_dep=None, packages_skip_regex=None, packages_skip_test_passed=False, packages_skip_up_to=None, packages_start=None, packages_up_to=None, packages_up_to_regex=None, parallel_workers=12, paths=None, symlink_install=False, test_result_base=None, verb_extension=<colcon_core.verb.build.BuildVerb object at 0xffff7e93c5b0>, verb_name='build', verb_parser=<colcon_defaults.argument_parser.defaults.DefaultArgumentsDecorator object at 0xffff7e601f70>)
[3.801s] Level 1:colcon.colcon_core.package_discovery:discover_packages(colcon_meta) check parameters
[3.801s] Level 1:colcon.colcon_core.package_discovery:discover_packages(recursive) check parameters
[3.802s] Level 1:colcon.colcon_core.package_discovery:discover_packages(ignore) check parameters
[3.802s] Level 1:colcon.colcon_core.package_discovery:discover_packages(path) check parameters
[3.802s] Level 1:colcon.colcon_core.package_discovery:discover_packages(colcon_meta) discover
[3.802s] Level 1:colcon.colcon_core.package_discovery:discover_packages(recursive) discover
[3.802s] INFO:colcon.colcon_core.package_discovery:Crawling recursively for packages in '/home/roboboat/RoboBoat_Cyber_Minority/Comp_2024/GPS_Related_Tasks'
[3.802s] Level 1:colcon.colcon_core.package_identification:_identify(.) by extensions ['ignore', 'ignore_ament_install']
[3.802s] Level 1:colcon.colcon_core.package_identification:_identify(.) by extension 'ignore'
[3.802s] Level 1:colcon.colcon_core.package_identification:_identify(.) by extension 'ignore_ament_install'
[3.802s] Level 1:colcon.colcon_core.package_identification:_identify(.) by extensions ['colcon_pkg']
[3.802s] Level 1:colcon.colcon_core.package_identification:_identify(.) by extension 'colcon_pkg'
[3.802s] Level 1:colcon.colcon_core.package_identification:_identify(.) by extensions ['colcon_meta']
[3.802s] Level 1:colcon.colcon_core.package_identification:_identify(.) by extension 'colcon_meta'
[3.803s] Level 1:colcon.colcon_core.package_identification:_identify(.) by extensions ['ros']
[3.803s] Level 1:colcon.colcon_core.package_identification:_identify(.) by extension 'ros'
[3.832s] Level 1:colcon.colcon_core.package_identification:_identify(.) by extensions ['cmake', 'python']
[3.832s] Level 1:colcon.colcon_core.package_identification:_identify(.) by extension 'cmake'
[3.832s] Level 1:colcon.colcon_core.package_identification:_identify(.) by extension 'python'
[3.832s] Level 1:colcon.colcon_core.package_identification:_identify(.) by extensions ['python_setup_py']
[3.832s] Level 1:colcon.colcon_core.package_identification:_identify(.) by extension 'python_setup_py'
[3.832s] Level 1:colcon.colcon_core.package_identification:_identify(build) by extensions ['ignore', 'ignore_ament_install']
[3.832s] Level 1:colcon.colcon_core.package_identification:_identify(build) by extension 'ignore'
[3.833s] Level 1:colcon.colcon_core.package_identification:_identify(build) ignored
[3.833s] Level 1:colcon.colcon_core.package_identification:_identify(install) by extensions ['ignore', 'ignore_ament_install']
[3.833s] Level 1:colcon.colcon_core.package_identification:_identify(install) by extension 'ignore'
[3.833s] Level 1:colcon.colcon_core.package_identification:_identify(install) ignored
[3.833s] Level 1:colcon.colcon_core.package_identification:_identify(log) by extensions ['ignore', 'ignore_ament_install']
[3.833s] Level 1:colcon.colcon_core.package_identification:_identify(log) by extension 'ignore'
[3.833s] Level 1:colcon.colcon_core.package_identification:_identify(log) ignored
[3.834s] Level 1:colcon.colcon_core.package_identification:_identify(scripts) by extensions ['ignore', 'ignore_ament_install']
[3.834s] Level 1:colcon.colcon_core.package_identification:_identify(scripts) by extension 'ignore'
[3.834s] Level 1:colcon.colcon_core.package_identification:_identify(scripts) by extension 'ignore_ament_install'
[3.834s] Level 1:colcon.colcon_core.package_identification:_identify(scripts) by extensions ['colcon_pkg']
[3.834s] Level 1:colcon.colcon_core.package_identification:_identify(scripts) by extension 'colcon_pkg'
[3.834s] Level 1:colcon.colcon_core.package_identification:_identify(scripts) by extensions ['colcon_meta']
[3.834s] Level 1:colcon.colcon_core.package_identification:_identify(scripts) by extension 'colcon_meta'
[3.834s] Level 1:colcon.colcon_core.package_identification:_identify(scripts) by extensions ['ros']
[3.834s] Level 1:colcon.colcon_core.package_identification:_identify(scripts) by extension 'ros'
[3.834s] Level 1:colcon.colcon_core.package_identification:_identify(scripts) by extensions ['cmake', 'python']
[3.834s] Level 1:colcon.colcon_core.package_identification:_identify(scripts) by extension 'cmake'
[3.834s] Level 1:colcon.colcon_core.package_identification:_identify(scripts) by extension 'python'
[3.834s] Level 1:colcon.colcon_core.package_identification:_identify(scripts) by extensions ['python_setup_py']
[3.834s] Level 1:colcon.colcon_core.package_identification:_identify(scripts) by extension 'python_setup_py'
[3.835s] Level 1:colcon.colcon_core.package_identification:_identify(src) by extensions ['ignore', 'ignore_ament_install']
[3.835s] Level 1:colcon.colcon_core.package_identification:_identify(src) by extension 'ignore'
[3.835s] Level 1:colcon.colcon_core.package_identification:_identify(src) by extension 'ignore_ament_install'
[3.835s] Level 1:colcon.colcon_core.package_identification:_identify(src) by extensions ['colcon_pkg']
[3.835s] Level 1:colcon.colcon_core.package_identification:_identify(src) by extension 'colcon_pkg'
[3.835s] Level 1:colcon.colcon_core.package_identification:_identify(src) by extensions ['colcon_meta']
[3.835s] Level 1:colcon.colcon_core.package_identification:_identify(src) by extension 'colcon_meta'
[3.835s] Level 1:colcon.colcon_core.package_identification:_identify(src) by extensions ['ros']
[3.835s] Level 1:colcon.colcon_core.package_identification:_identify(src) by extension 'ros'
[3.835s] Level 1:colcon.colcon_core.package_identification:_identify(src) by extensions ['cmake', 'python']
[3.835s] Level 1:colcon.colcon_core.package_identification:_identify(src) by extension 'cmake'
[3.835s] Level 1:colcon.colcon_core.package_identification:_identify(src) by extension 'python'
[3.835s] Level 1:colcon.colcon_core.package_identification:_identify(src) by extensions ['python_setup_py']
[3.835s] Level 1:colcon.colcon_core.package_identification:_identify(src) by extension 'python_setup_py'
[3.836s] Level 1:colcon.colcon_core.package_identification:_identify(src/finals_tasks) by extensions ['ignore', 'ignore_ament_install']
[3.836s] Level 1:colcon.colcon_core.package_identification:_identify(src/finals_tasks) by extension 'ignore'
[3.836s] Level 1:colcon.colcon_core.package_identification:_identify(src/finals_tasks) by extension 'ignore_ament_install'
[3.836s] Level 1:colcon.colcon_core.package_identification:_identify(src/finals_tasks) by extensions ['colcon_pkg']
[3.836s] Level 1:colcon.colcon_core.package_identification:_identify(src/finals_tasks) by extension 'colcon_pkg'
[3.836s] Level 1:colcon.colcon_core.package_identification:_identify(src/finals_tasks) by extensions ['colcon_meta']
[3.836s] Level 1:colcon.colcon_core.package_identification:_identify(src/finals_tasks) by extension 'colcon_meta'
[3.836s] Level 1:colcon.colcon_core.package_identification:_identify(src/finals_tasks) by extensions ['ros']
[3.836s] Level 1:colcon.colcon_core.package_identification:_identify(src/finals_tasks) by extension 'ros'
[3.847s] DEBUG:colcon.colcon_core.package_identification:Package 'src/finals_tasks' with type 'ros.ament_cmake' and name 'finals_tasks'
[3.847s] Level 1:colcon.colcon_core.package_identification:_identify(src/task1) by extensions ['ignore', 'ignore_ament_install']
[3.847s] Level 1:colcon.colcon_core.package_identification:_identify(src/task1) by extension 'ignore'
[3.847s] Level 1:colcon.colcon_core.package_identification:_identify(src/task1) by extension 'ignore_ament_install'
[3.848s] Level 1:colcon.colcon_core.package_identification:_identify(src/task1) by extensions ['colcon_pkg']
[3.848s] Level 1:colcon.colcon_core.package_identification:_identify(src/task1) by extension 'colcon_pkg'
[3.848s] Level 1:colcon.colcon_core.package_identification:_identify(src/task1) by extensions ['colcon_meta']
[3.848s] Level 1:colcon.colcon_core.package_identification:_identify(src/task1) by extension 'colcon_meta'
[3.848s] Level 1:colcon.colcon_core.package_identification:_identify(src/task1) by extensions ['ros']
[3.848s] Level 1:colcon.colcon_core.package_identification:_identify(src/task1) by extension 'ros'
[3.849s] DEBUG:colcon.colcon_core.package_identification:Package 'src/task1' with type 'ros.ament_cmake' and name 'task1'
[3.849s] Level 1:colcon.colcon_core.package_identification:_identify(src/task2) by extensions ['ignore', 'ignore_ament_install']
[3.849s] Level 1:colcon.colcon_core.package_identification:_identify(src/task2) by extension 'ignore'
[3.849s] Level 1:colcon.colcon_core.package_identification:_identify(src/task2) by extension 'ignore_ament_install'
[3.849s] Level 1:colcon.colcon_core.package_identification:_identify(src/task2) by extensions ['colcon_pkg']
[3.849s] Level 1:colcon.colcon_core.package_identification:_identify(src/task2) by extension 'colcon_pkg'
[3.849s] Level 1:colcon.colcon_core.package_identification:_identify(src/task2) by extensions ['colcon_meta']
[3.850s] Level 1:colcon.colcon_core.package_identification:_identify(src/task2) by extension 'colcon_meta'
[3.850s] Level 1:colcon.colcon_core.package_identification:_identify(src/task2) by extensions ['ros']
[3.850s] Level 1:colcon.colcon_core.package_identification:_identify(src/task2) by extension 'ros'
[3.850s] DEBUG:colcon.colcon_core.package_identification:Package 'src/task2' with type 'ros.ament_cmake' and name 'task2'
[3.851s] Level 1:colcon.colcon_core.package_identification:_identify(src/task8) by extensions ['ignore', 'ignore_ament_install']
[3.851s] Level 1:colcon.colcon_core.package_identification:_identify(src/task8) by extension 'ignore'
[3.851s] Level 1:colcon.colcon_core.package_identification:_identify(src/task8) by extension 'ignore_ament_install'
[3.851s] Level 1:colcon.colcon_core.package_identification:_identify(src/task8) by extensions ['colcon_pkg']
[3.851s] Level 1:colcon.colcon_core.package_identification:_identify(src/task8) by extension 'colcon_pkg'
[3.851s] Level 1:colcon.colcon_core.package_identification:_identify(src/task8) by extensions ['colcon_meta']
[3.851s] Level 1:colcon.colcon_core.package_identification:_identify(src/task8) by extension 'colcon_meta'
[3.851s] Level 1:colcon.colcon_core.package_identification:_identify(src/task8) by extensions ['ros']
[3.851s] Level 1:colcon.colcon_core.package_identification:_identify(src/task8) by extension 'ros'
[3.852s] DEBUG:colcon.colcon_core.package_identification:Package 'src/task8' with type 'ros.ament_cmake' and name 'task8'
[3.852s] Level 1:colcon.colcon_core.package_identification:_identify(src/urg_node) by extensions ['ignore', 'ignore_ament_install']
[3.852s] Level 1:colcon.colcon_core.package_identification:_identify(src/urg_node) by extension 'ignore'
[3.852s] Level 1:colcon.colcon_core.package_identification:_identify(src/urg_node) by extension 'ignore_ament_install'
[3.853s] Level 1:colcon.colcon_core.package_identification:_identify(src/urg_node) by extensions ['colcon_pkg']
[3.853s] Level 1:colcon.colcon_core.package_identification:_identify(src/urg_node) by extension 'colcon_pkg'
[3.853s] Level 1:colcon.colcon_core.package_identification:_identify(src/urg_node) by extensions ['colcon_meta']
[3.853s] Level 1:colcon.colcon_core.package_identification:_identify(src/urg_node) by extension 'colcon_meta'
[3.853s] Level 1:colcon.colcon_core.package_identification:_identify(src/urg_node) by extensions ['ros']
[3.853s] Level 1:colcon.colcon_core.package_identification:_identify(src/urg_node) by extension 'ros'
[3.855s] DEBUG:colcon.colcon_core.package_identification:Package 'src/urg_node' with type 'ros.ament_cmake' and name 'urg_node'
[3.855s] Level 1:colcon.colcon_core.package_identification:_identify(src/vectornav) by extensions ['ignore', 'ignore_ament_install']
[3.855s] Level 1:colcon.colcon_core.package_identification:_identify(src/vectornav) by extension 'ignore'
[3.855s] Level 1:colcon.colcon_core.package_identification:_identify(src/vectornav) by extension 'ignore_ament_install'
[3.855s] Level 1:colcon.colcon_core.package_identification:_identify(src/vectornav) by extensions ['colcon_pkg']
[3.855s] Level 1:colcon.colcon_core.package_identification:_identify(src/vectornav) by extension 'colcon_pkg'
[3.855s] Level 1:colcon.colcon_core.package_identification:_identify(src/vectornav) by extensions ['colcon_meta']
[3.856s] Level 1:colcon.colcon_core.package_identification:_identify(src/vectornav) by extension 'colcon_meta'
[3.856s] Level 1:colcon.colcon_core.package_identification:_identify(src/vectornav) by extensions ['ros']
[3.856s] Level 1:colcon.colcon_core.package_identification:_identify(src/vectornav) by extension 'ros'
[3.856s] Level 1:colcon.colcon_core.package_identification:_identify(src/vectornav) by extensions ['cmake', 'python']
[3.856s] Level 1:colcon.colcon_core.package_identification:_identify(src/vectornav) by extension 'cmake'
[3.856s] Level 1:colcon.colcon_core.package_identification:_identify(src/vectornav) by extension 'python'
[3.856s] Level 1:colcon.colcon_core.package_identification:_identify(src/vectornav) by extensions ['python_setup_py']
[3.856s] Level 1:colcon.colcon_core.package_identification:_identify(src/vectornav) by extension 'python_setup_py'
[3.856s] Level 1:colcon.colcon_core.package_identification:_identify(src/vectornav/vectornav) by extensions ['ignore', 'ignore_ament_install']
[3.856s] Level 1:colcon.colcon_core.package_identification:_identify(src/vectornav/vectornav) by extension 'ignore'
[3.856s] Level 1:colcon.colcon_core.package_identification:_identify(src/vectornav/vectornav) by extension 'ignore_ament_install'
[3.856s] Level 1:colcon.colcon_core.package_identification:_identify(src/vectornav/vectornav) by extensions ['colcon_pkg']
[3.857s] Level 1:colcon.colcon_core.package_identification:_identify(src/vectornav/vectornav) by extension 'colcon_pkg'
[3.857s] Level 1:colcon.colcon_core.package_identification:_identify(src/vectornav/vectornav) by extensions ['colcon_meta']
[3.857s] Level 1:colcon.colcon_core.package_identification:_identify(src/vectornav/vectornav) by extension 'colcon_meta'
[3.857s] Level 1:colcon.colcon_core.package_identification:_identify(src/vectornav/vectornav) by extensions ['ros']
[3.857s] Level 1:colcon.colcon_core.package_identification:_identify(src/vectornav/vectornav) by extension 'ros'
[3.858s] DEBUG:colcon.colcon_core.package_identification:Package 'src/vectornav/vectornav' with type 'ros.ament_cmake' and name 'vectornav'
[3.858s] Level 1:colcon.colcon_core.package_identification:_identify(src/vectornav/vectornav_msgs) by extensions ['ignore', 'ignore_ament_install']
[3.859s] Level 1:colcon.colcon_core.package_identification:_identify(src/vectornav/vectornav_msgs) by extension 'ignore'
[3.859s] Level 1:colcon.colcon_core.package_identification:_identify(src/vectornav/vectornav_msgs) by extension 'ignore_ament_install'
[3.859s] Level 1:colcon.colcon_core.package_identification:_identify(src/vectornav/vectornav_msgs) by extensions ['colcon_pkg']
[3.859s] Level 1:colcon.colcon_core.package_identification:_identify(src/vectornav/vectornav_msgs) by extension 'colcon_pkg'
[3.859s] Level 1:colcon.colcon_core.package_identification:_identify(src/vectornav/vectornav_msgs) by extensions ['colcon_meta']
[3.859s] Level 1:colcon.colcon_core.package_identification:_identify(src/vectornav/vectornav_msgs) by extension 'colcon_meta'
[3.859s] Level 1:colcon.colcon_core.package_identification:_identify(src/vectornav/vectornav_msgs) by extensions ['ros']
[3.859s] Level 1:colcon.colcon_core.package_identification:_identify(src/vectornav/vectornav_msgs) by extension 'ros'
[3.860s] DEBUG:colcon.colcon_core.package_identification:Package 'src/vectornav/vectornav_msgs' with type 'ros.ament_cmake' and name 'vectornav_msgs'
[3.860s] Level 1:colcon.colcon_core.package_discovery:discover_packages(recursive) using defaults
[3.860s] Level 1:colcon.colcon_core.package_discovery:discover_packages(ignore) discover
[3.860s] Level 1:colcon.colcon_core.package_discovery:discover_packages(ignore) using defaults
[3.860s] Level 1:colcon.colcon_core.package_discovery:discover_packages(path) discover
[3.860s] Level 1:colcon.colcon_core.package_discovery:discover_packages(path) using defaults
[3.990s] Level 1:colcon.colcon_core.package_discovery:discover_packages(prefix_path) check parameters
[3.990s] Level 1:colcon.colcon_core.package_discovery:discover_packages(prefix_path) discover
[4.040s] DEBUG:colcon.colcon_installed_package_information.package_discovery:Found 7 installed packages in /home/roboboat/RoboBoat_Cyber_Minority/Comp_2024/GPS_Related_Tasks/install
[4.056s] DEBUG:colcon.colcon_installed_package_information.package_discovery:Found 4 installed packages in /home/roboboat/RoboBoat_Cyber_Minority/ROS2_Imp/ros2_foxy/install
[4.073s] DEBUG:colcon.colcon_installed_package_information.package_discovery:Found 260 installed packages in /opt/ros/foxy
[4.074s] Level 1:colcon.colcon_core.package_discovery:discover_packages(prefix_path) using defaults
[4.203s] Level 5:colcon.colcon_core.verb:set package 'finals_tasks' build argument 'cmake_args' from command line to 'None'
[4.203s] Level 5:colcon.colcon_core.verb:set package 'finals_tasks' build argument 'cmake_target' from command line to 'None'
[4.203s] Level 5:colcon.colcon_core.verb:set package 'finals_tasks' build argument 'cmake_target_skip_unavailable' from command line to 'False'
[4.203s] Level 5:colcon.colcon_core.verb:set package 'finals_tasks' build argument 'cmake_clean_cache' from command line to 'False'
[4.203s] Level 5:colcon.colcon_core.verb:set package 'finals_tasks' build argument 'cmake_clean_first' from command line to 'False'
[4.203s] Level 5:colcon.colcon_core.verb:set package 'finals_tasks' build argument 'cmake_force_configure' from command line to 'False'
[4.203s] Level 5:colcon.colcon_core.verb:set package 'finals_tasks' build argument 'ament_cmake_args' from command line to 'None'
[4.203s] Level 5:colcon.colcon_core.verb:set package 'finals_tasks' build argument 'catkin_cmake_args' from command line to 'None'
[4.203s] Level 5:colcon.colcon_core.verb:set package 'finals_tasks' build argument 'catkin_skip_building_tests' from command line to 'False'
[4.204s] DEBUG:colcon.colcon_core.verb:Building package 'finals_tasks' with the following arguments: {'ament_cmake_args': None, 'build_base': '/home/roboboat/RoboBoat_Cyber_Minority/Comp_2024/GPS_Related_Tasks/build/finals_tasks', 'catkin_cmake_args': None, 'catkin_skip_building_tests': False, 'cmake_args': None, 'cmake_clean_cache': False, 'cmake_clean_first': False, 'cmake_force_configure': False, 'cmake_target': None, 'cmake_target_skip_unavailable': False, 'install_base': '/home/roboboat/RoboBoat_Cyber_Minority/Comp_2024/GPS_Related_Tasks/install/finals_tasks', 'merge_install': False, 'path': '/home/roboboat/RoboBoat_Cyber_Minority/Comp_2024/GPS_Related_Tasks/src/finals_tasks', 'symlink_install': False, 'test_result_base': None}
[4.219s] Level 5:colcon.colcon_core.verb:set package 'task2' build argument 'cmake_args' from command line to 'None'
[4.219s] Level 5:colcon.colcon_core.verb:set package 'task2' build argument 'cmake_target' from command line to 'None'
[4.219s] Level 5:colcon.colcon_core.verb:set package 'task2' build argument 'cmake_target_skip_unavailable' from command line to 'False'
[4.219s] Level 5:colcon.colcon_core.verb:set package 'task2' build argument 'cmake_clean_cache' from command line to 'False'
[4.219s] Level 5:colcon.colcon_core.verb:set package 'task2' build argument 'cmake_clean_first' from command line to 'False'
[4.219s] Level 5:colcon.colcon_core.verb:set package 'task2' build argument 'cmake_force_configure' from command line to 'False'
[4.220s] Level 5:colcon.colcon_core.verb:set package 'task2' build argument 'ament_cmake_args' from command line to 'None'
[4.220s] Level 5:colcon.colcon_core.verb:set package 'task2' build argument 'catkin_cmake_args' from command line to 'None'
[4.220s] Level 5:colcon.colcon_core.verb:set package 'task2' build argument 'catkin_skip_building_tests' from command line to 'False'
[4.220s] DEBUG:colcon.colcon_core.verb:Building package 'task2' with the following arguments: {'ament_cmake_args': None, 'build_base': '/home/roboboat/RoboBoat_Cyber_Minority/Comp_2024/GPS_Related_Tasks/build/task2', 'catkin_cmake_args': None, 'catkin_skip_building_tests': False, 'cmake_args': None, 'cmake_clean_cache': False, 'cmake_clean_first': False, 'cmake_force_configure': False, 'cmake_target': None, 'cmake_target_skip_unavailable': False, 'install_base': '/home/roboboat/RoboBoat_Cyber_Minority/Comp_2024/GPS_Related_Tasks/install/task2', 'merge_install': False, 'path': '/home/roboboat/RoboBoat_Cyber_Minority/Comp_2024/GPS_Related_Tasks/src/task2', 'symlink_install': False, 'test_result_base': None}
[4.235s] Level 5:colcon.colcon_core.verb:set package 'task8' build argument 'cmake_args' from command line to 'None'
[4.235s] Level 5:colcon.colcon_core.verb:set package 'task8' build argument 'cmake_target' from command line to 'None'
[4.235s] Level 5:colcon.colcon_core.verb:set package 'task8' build argument 'cmake_target_skip_unavailable' from command line to 'False'
[4.235s] Level 5:colcon.colcon_core.verb:set package 'task8' build argument 'cmake_clean_cache' from command line to 'False'
[4.235s] Level 5:colcon.colcon_core.verb:set package 'task8' build argument 'cmake_clean_first' from command line to 'False'
[4.235s] Level 5:colcon.colcon_core.verb:set package 'task8' build argument 'cmake_force_configure' from command line to 'False'
[4.235s] Level 5:colcon.colcon_core.verb:set package 'task8' build argument 'ament_cmake_args' from command line to 'None'
[4.235s] Level 5:colcon.colcon_core.verb:set package 'task8' build argument 'catkin_cmake_args' from command line to 'None'
[4.235s] Level 5:colcon.colcon_core.verb:set package 'task8' build argument 'catkin_skip_building_tests' from command line to 'False'
[4.236s] DEBUG:colcon.colcon_core.verb:Building package 'task8' with the following arguments: {'ament_cmake_args': None, 'build_base': '/home/roboboat/RoboBoat_Cyber_Minority/Comp_2024/GPS_Related_Tasks/build/task8', 'catkin_cmake_args': None, 'catkin_skip_building_tests': False, 'cmake_args': None, 'cmake_clean_cache': False, 'cmake_clean_first': False, 'cmake_force_configure': False, 'cmake_target': None, 'cmake_target_skip_unavailable': False, 'install_base': '/home/roboboat/RoboBoat_Cyber_Minority/Comp_2024/GPS_Related_Tasks/install/task8', 'merge_install': False, 'path': '/home/roboboat/RoboBoat_Cyber_Minority/Comp_2024/GPS_Related_Tasks/src/task8', 'symlink_install': False, 'test_result_base': None}
[4.251s] Level 5:colcon.colcon_core.verb:set package 'urg_node' build argument 'cmake_args' from command line to 'None'
[4.251s] Level 5:colcon.colcon_core.verb:set package 'urg_node' build argument 'cmake_target' from command line to 'None'
[4.251s] Level 5:colcon.colcon_core.verb:set package 'urg_node' build argument 'cmake_target_skip_unavailable' from command line to 'False'
[4.251s] Level 5:colcon.colcon_core.verb:set package 'urg_node' build argument 'cmake_clean_cache' from command line to 'False'
[4.251s] Level 5:colcon.colcon_core.verb:set package 'urg_node' build argument 'cmake_clean_first' from command line to 'False'
[4.251s] Level 5:colcon.colcon_core.verb:set package 'urg_node' build argument 'cmake_force_configure' from command line to 'False'
[4.251s] Level 5:colcon.colcon_core.verb:set package 'urg_node' build argument 'ament_cmake_args' from command line to 'None'
[4.251s] Level 5:colcon.colcon_core.verb:set package 'urg_node' build argument 'catkin_cmake_args' from command line to 'None'
[4.251s] Level 5:colcon.colcon_core.verb:set package 'urg_node' build argument 'catkin_skip_building_tests' from command line to 'False'
[4.251s] DEBUG:colcon.colcon_core.verb:Building package 'urg_node' with the following arguments: {'ament_cmake_args': None, 'build_base': '/home/roboboat/RoboBoat_Cyber_Minority/Comp_2024/GPS_Related_Tasks/build/urg_node', 'catkin_cmake_args': None, 'catkin_skip_building_tests': False, 'cmake_args': None, 'cmake_clean_cache': False, 'cmake_clean_first': False, 'cmake_force_configure': False, 'cmake_target': None, 'cmake_target_skip_unavailable': False, 'install_base': '/home/roboboat/RoboBoat_Cyber_Minority/Comp_2024/GPS_Related_Tasks/install/urg_node', 'merge_install': False, 'path': '/home/roboboat/RoboBoat_Cyber_Minority/Comp_2024/GPS_Related_Tasks/src/urg_node', 'symlink_install': False, 'test_result_base': None}
[4.267s] Level 5:colcon.colcon_core.verb:set package 'vectornav_msgs' build argument 'cmake_args' from command line to 'None'
[4.267s] Level 5:colcon.colcon_core.verb:set package 'vectornav_msgs' build argument 'cmake_target' from command line to 'None'
[4.267s] Level 5:colcon.colcon_core.verb:set package 'vectornav_msgs' build argument 'cmake_target_skip_unavailable' from command line to 'False'
[4.267s] Level 5:colcon.colcon_core.verb:set package 'vectornav_msgs' build argument 'cmake_clean_cache' from command line to 'False'
[4.267s] Level 5:colcon.colcon_core.verb:set package 'vectornav_msgs' build argument 'cmake_clean_first' from command line to 'False'
[4.267s] Level 5:colcon.colcon_core.verb:set package 'vectornav_msgs' build argument 'cmake_force_configure' from command line to 'False'
[4.267s] Level 5:colcon.colcon_core.verb:set package 'vectornav_msgs' build argument 'ament_cmake_args' from command line to 'None'
[4.267s] Level 5:colcon.colcon_core.verb:set package 'vectornav_msgs' build argument 'catkin_cmake_args' from command line to 'None'
[4.267s] Level 5:colcon.colcon_core.verb:set package 'vectornav_msgs' build argument 'catkin_skip_building_tests' from command line to 'False'
[4.268s] DEBUG:colcon.colcon_core.verb:Building package 'vectornav_msgs' with the following arguments: {'ament_cmake_args': None, 'build_base': '/home/roboboat/RoboBoat_Cyber_Minority/Comp_2024/GPS_Related_Tasks/build/vectornav_msgs', 'catkin_cmake_args': None, 'catkin_skip_building_tests': False, 'cmake_args': None, 'cmake_clean_cache': False, 'cmake_clean_first': False, 'cmake_force_configure': False, 'cmake_target': None, 'cmake_target_skip_unavailable': False, 'install_base': '/home/roboboat/RoboBoat_Cyber_Minority/Comp_2024/GPS_Related_Tasks/install/vectornav_msgs', 'merge_install': False, 'path': '/home/roboboat/RoboBoat_Cyber_Minority/Comp_2024/GPS_Related_Tasks/src/vectornav/vectornav_msgs', 'symlink_install': False, 'test_result_base': None}
[4.283s] Level 5:colcon.colcon_core.verb:set package 'vectornav' build argument 'cmake_args' from command line to 'None'
[4.283s] Level 5:colcon.colcon_core.verb:set package 'vectornav' build argument 'cmake_target' from command line to 'None'
[4.283s] Level 5:colcon.colcon_core.verb:set package 'vectornav' build argument 'cmake_target_skip_unavailable' from command line to 'False'
[4.283s] Level 5:colcon.colcon_core.verb:set package 'vectornav' build argument 'cmake_clean_cache' from command line to 'False'
[4.283s] Level 5:colcon.colcon_core.verb:set package 'vectornav' build argument 'cmake_clean_first' from command line to 'False'
[4.283s] Level 5:colcon.colcon_core.verb:set package 'vectornav' build argument 'cmake_force_configure' from command line to 'False'
[4.283s] Level 5:colcon.colcon_core.verb:set package 'vectornav' build argument 'ament_cmake_args' from command line to 'None'
[4.284s] Level 5:colcon.colcon_core.verb:set package 'vectornav' build argument 'catkin_cmake_args' from command line to 'None'
[4.284s] Level 5:colcon.colcon_core.verb:set package 'vectornav' build argument 'catkin_skip_building_tests' from command line to 'False'
[4.284s] DEBUG:colcon.colcon_core.verb:Building package 'vectornav' with the following arguments: {'ament_cmake_args': None, 'build_base': '/home/roboboat/RoboBoat_Cyber_Minority/Comp_2024/GPS_Related_Tasks/build/vectornav', 'catkin_cmake_args': None, 'catkin_skip_building_tests': False, 'cmake_args': None, 'cmake_clean_cache': False, 'cmake_clean_first': False, 'cmake_force_configure': False, 'cmake_target': None, 'cmake_target_skip_unavailable': False, 'install_base': '/home/roboboat/RoboBoat_Cyber_Minority/Comp_2024/GPS_Related_Tasks/install/vectornav', 'merge_install': False, 'path': '/home/roboboat/RoboBoat_Cyber_Minority/Comp_2024/GPS_Related_Tasks/src/vectornav/vectornav', 'symlink_install': False, 'test_result_base': None}
[4.299s] Level 5:colcon.colcon_core.verb:set package 'task1' build argument 'cmake_args' from command line to 'None'
[4.299s] Level 5:colcon.colcon_core.verb:set package 'task1' build argument 'cmake_target' from command line to 'None'
[4.299s] Level 5:colcon.colcon_core.verb:set package 'task1' build argument 'cmake_target_skip_unavailable' from command line to 'False'
[4.299s] Level 5:colcon.colcon_core.verb:set package 'task1' build argument 'cmake_clean_cache' from command line to 'False'
[4.299s] Level 5:colcon.colcon_core.verb:set package 'task1' build argument 'cmake_clean_first' from command line to 'False'
[4.299s] Level 5:colcon.colcon_core.verb:set package 'task1' build argument 'cmake_force_configure' from command line to 'False'
[4.299s] Level 5:colcon.colcon_core.verb:set package 'task1' build argument 'ament_cmake_args' from command line to 'None'
[4.299s] Level 5:colcon.colcon_core.verb:set package 'task1' build argument 'catkin_cmake_args' from command line to 'None'
[4.300s] Level 5:colcon.colcon_core.verb:set package 'task1' build argument 'catkin_skip_building_tests' from command line to 'False'
[4.300s] DEBUG:colcon.colcon_core.verb:Building package 'task1' with the following arguments: {'ament_cmake_args': None, 'build_base': '/home/roboboat/RoboBoat_Cyber_Minority/Comp_2024/GPS_Related_Tasks/build/task1', 'catkin_cmake_args': None, 'catkin_skip_building_tests': False, 'cmake_args': None, 'cmake_clean_cache': False, 'cmake_clean_first': False, 'cmake_force_configure': False, 'cmake_target': None, 'cmake_target_skip_unavailable': False, 'install_base': '/home/roboboat/RoboBoat_Cyber_Minority/Comp_2024/GPS_Related_Tasks/install/task1', 'merge_install': False, 'path': '/home/roboboat/RoboBoat_Cyber_Minority/Comp_2024/GPS_Related_Tasks/src/task1', 'symlink_install': False, 'test_result_base': None}
[4.315s] INFO:colcon.colcon_core.executor:Executing jobs using 'parallel' executor
[4.332s] DEBUG:colcon.colcon_parallel_executor.executor.parallel:run_until_complete
[4.332s] INFO:colcon.colcon_ros.task.ament_cmake.build:Building ROS package in '/home/roboboat/RoboBoat_Cyber_Minority/Comp_2024/GPS_Related_Tasks/src/vectornav/vectornav_msgs' with build type 'ament_cmake'
[4.333s] INFO:colcon.colcon_cmake.task.cmake.build:Building CMake package in '/home/roboboat/RoboBoat_Cyber_Minority/Comp_2024/GPS_Related_Tasks/src/vectornav/vectornav_msgs'
[4.382s] INFO:colcon.colcon_core.plugin_system:Skipping extension 'colcon_core.shell.bat': Not used on non-Windows systems
[4.383s] INFO:colcon.colcon_core.shell:Skip shell extension 'powershell' for command environment: Not usable outside of PowerShell
[4.383s] DEBUG:colcon.colcon_core.shell:Skip shell extension 'dsv' for command environment
[4.464s] INFO:colcon.colcon_ros.task.ament_cmake.build:Building ROS package in '/home/roboboat/RoboBoat_Cyber_Minority/Comp_2024/GPS_Related_Tasks/src/finals_tasks' with build type 'ament_cmake'
[4.465s] INFO:colcon.colcon_cmake.task.cmake.build:Building CMake package in '/home/roboboat/RoboBoat_Cyber_Minority/Comp_2024/GPS_Related_Tasks/src/finals_tasks'
[4.483s] INFO:colcon.colcon_core.shell:Skip shell extension 'powershell' for command environment: Not usable outside of PowerShell
[4.483s] DEBUG:colcon.colcon_core.shell:Skip shell extension 'dsv' for command environment
[4.561s] INFO:colcon.colcon_ros.task.ament_cmake.build:Building ROS package in '/home/roboboat/RoboBoat_Cyber_Minority/Comp_2024/GPS_Related_Tasks/src/task2' with build type 'ament_cmake'
[4.562s] INFO:colcon.colcon_cmake.task.cmake.build:Building CMake package in '/home/roboboat/RoboBoat_Cyber_Minority/Comp_2024/GPS_Related_Tasks/src/task2'
[4.583s] INFO:colcon.colcon_core.shell:Skip shell extension 'powershell' for command environment: Not usable outside of PowerShell
[4.584s] DEBUG:colcon.colcon_core.shell:Skip shell extension 'dsv' for command environment
[4.673s] INFO:colcon.colcon_ros.task.ament_cmake.build:Building ROS package in '/home/roboboat/RoboBoat_Cyber_Minority/Comp_2024/GPS_Related_Tasks/src/task8' with build type 'ament_cmake'
[4.673s] INFO:colcon.colcon_cmake.task.cmake.build:Building CMake package in '/home/roboboat/RoboBoat_Cyber_Minority/Comp_2024/GPS_Related_Tasks/src/task8'
[4.691s] INFO:colcon.colcon_core.shell:Skip shell extension 'powershell' for command environment: Not usable outside of PowerShell
[4.691s] DEBUG:colcon.colcon_core.shell:Skip shell extension 'dsv' for command environment
[4.768s] INFO:colcon.colcon_ros.task.ament_cmake.build:Building ROS package in '/home/roboboat/RoboBoat_Cyber_Minority/Comp_2024/GPS_Related_Tasks/src/urg_node' with build type 'ament_cmake'
[4.769s] INFO:colcon.colcon_cmake.task.cmake.build:Building CMake package in '/home/roboboat/RoboBoat_Cyber_Minority/Comp_2024/GPS_Related_Tasks/src/urg_node'
[4.790s] INFO:colcon.colcon_core.shell:Skip shell extension 'powershell' for command environment: Not usable outside of PowerShell
[4.790s] DEBUG:colcon.colcon_core.shell:Skip shell extension 'dsv' for command environment
[4.874s] DEBUG:colcon.colcon_core.event_handler.log_command:Invoking command in '/home/roboboat/RoboBoat_Cyber_Minority/Comp_2024/GPS_Related_Tasks/build/vectornav_msgs': CMAKE_PREFIX_PATH=${CMAKE_PREFIX_PATH}:/opt/ros/foxy /usr/bin/cmake --build /home/roboboat/RoboBoat_Cyber_Minority/Comp_2024/GPS_Related_Tasks/build/vectornav_msgs -- -j12 -l12
[4.891s] DEBUG:colcon.colcon_core.event_handler.log_command:Invoking command in '/home/roboboat/RoboBoat_Cyber_Minority/Comp_2024/GPS_Related_Tasks/build/finals_tasks': CMAKE_PREFIX_PATH=${CMAKE_PREFIX_PATH}:/opt/ros/foxy /usr/bin/cmake --build /home/roboboat/RoboBoat_Cyber_Minority/Comp_2024/GPS_Related_Tasks/build/finals_tasks -- -j12 -l12
[4.900s] DEBUG:colcon.colcon_core.event_handler.log_command:Invoking command in '/home/roboboat/RoboBoat_Cyber_Minority/Comp_2024/GPS_Related_Tasks/build/task2': CMAKE_PREFIX_PATH=${CMAKE_PREFIX_PATH}:/opt/ros/foxy /usr/bin/cmake --build /home/roboboat/RoboBoat_Cyber_Minority/Comp_2024/GPS_Related_Tasks/build/task2 -- -j12 -l12
[4.909s] DEBUG:colcon.colcon_core.event_handler.log_command:Invoking command in '/home/roboboat/RoboBoat_Cyber_Minority/Comp_2024/GPS_Related_Tasks/build/task8': CMAKE_PREFIX_PATH=${CMAKE_PREFIX_PATH}:/opt/ros/foxy /usr/bin/cmake --build /home/roboboat/RoboBoat_Cyber_Minority/Comp_2024/GPS_Related_Tasks/build/task8 -- -j12 -l12
[4.924s] DEBUG:colcon.colcon_core.event_handler.log_command:Invoking command in '/home/roboboat/RoboBoat_Cyber_Minority/Comp_2024/GPS_Related_Tasks/build/urg_node': CMAKE_PREFIX_PATH=${CMAKE_PREFIX_PATH}:/opt/ros/foxy /usr/bin/cmake --build /home/roboboat/RoboBoat_Cyber_Minority/Comp_2024/GPS_Related_Tasks/build/urg_node -- -j12 -l12
[4.979s] DEBUG:colcon.colcon_core.event_handler.log_command:Invoked command in '/home/roboboat/RoboBoat_Cyber_Minority/Comp_2024/GPS_Related_Tasks/build/finals_tasks' returned '0': CMAKE_PREFIX_PATH=${CMAKE_PREFIX_PATH}:/opt/ros/foxy /usr/bin/cmake --build /home/roboboat/RoboBoat_Cyber_Minority/Comp_2024/GPS_Related_Tasks/build/finals_tasks -- -j12 -l12
[4.988s] DEBUG:colcon.colcon_core.event_handler.log_command:Invoked command in '/home/roboboat/RoboBoat_Cyber_Minority/Comp_2024/GPS_Related_Tasks/build/task2' returned '0': CMAKE_PREFIX_PATH=${CMAKE_PREFIX_PATH}:/opt/ros/foxy /usr/bin/cmake --build /home/roboboat/RoboBoat_Cyber_Minority/Comp_2024/GPS_Related_Tasks/build/task2 -- -j12 -l12
[4.995s] DEBUG:colcon.colcon_core.event_handler.log_command:Invoked command in '/home/roboboat/RoboBoat_Cyber_Minority/Comp_2024/GPS_Related_Tasks/build/task8' returned '0': CMAKE_PREFIX_PATH=${CMAKE_PREFIX_PATH}:/opt/ros/foxy /usr/bin/cmake --build /home/roboboat/RoboBoat_Cyber_Minority/Comp_2024/GPS_Related_Tasks/build/task8 -- -j12 -l12
[5.046s] DEBUG:colcon.colcon_core.event_handler.log_command:Invoking command in '/home/roboboat/RoboBoat_Cyber_Minority/Comp_2024/GPS_Related_Tasks/build/finals_tasks': CMAKE_PREFIX_PATH=${CMAKE_PREFIX_PATH}:/opt/ros/foxy /usr/bin/cmake --install /home/roboboat/RoboBoat_Cyber_Minority/Comp_2024/GPS_Related_Tasks/build/finals_tasks
[5.055s] DEBUG:colcon.colcon_core.event_handler.log_command:Invoking command in '/home/roboboat/RoboBoat_Cyber_Minority/Comp_2024/GPS_Related_Tasks/build/task2': CMAKE_PREFIX_PATH=${CMAKE_PREFIX_PATH}:/opt/ros/foxy /usr/bin/cmake --install /home/roboboat/RoboBoat_Cyber_Minority/Comp_2024/GPS_Related_Tasks/build/task2
[5.064s] DEBUG:colcon.colcon_core.event_handler.log_command:Invoking command in '/home/roboboat/RoboBoat_Cyber_Minority/Comp_2024/GPS_Related_Tasks/build/task8': CMAKE_PREFIX_PATH=${CMAKE_PREFIX_PATH}:/opt/ros/foxy /usr/bin/cmake --install /home/roboboat/RoboBoat_Cyber_Minority/Comp_2024/GPS_Related_Tasks/build/task8
[5.070s] Level 1:colcon.colcon_core.environment:create_environment_scripts_only(finals_tasks)
[5.072s] DEBUG:colcon.colcon_core.event_handler.log_command:Invoked command in '/home/roboboat/RoboBoat_Cyber_Minority/Comp_2024/GPS_Related_Tasks/build/finals_tasks' returned '0': CMAKE_PREFIX_PATH=${CMAKE_PREFIX_PATH}:/opt/ros/foxy /usr/bin/cmake --install /home/roboboat/RoboBoat_Cyber_Minority/Comp_2024/GPS_Related_Tasks/build/finals_tasks
[5.147s] Level 1:colcon.colcon_core.environment:checking '/home/roboboat/RoboBoat_Cyber_Minority/Comp_2024/GPS_Related_Tasks/install/finals_tasks' for CMake module files
[5.148s] Level 1:colcon.colcon_core.environment:checking '/home/roboboat/RoboBoat_Cyber_Minority/Comp_2024/GPS_Related_Tasks/install/finals_tasks' for CMake config files
[5.149s] Level 1:colcon.colcon_core.shell:create_environment_hook('finals_tasks', 'cmake_prefix_path')
[5.167s] INFO:colcon.colcon_core.shell:Creating environment hook '/home/roboboat/RoboBoat_Cyber_Minority/Comp_2024/GPS_Related_Tasks/install/finals_tasks/share/finals_tasks/hook/cmake_prefix_path.ps1'
[5.175s] INFO:colcon.colcon_core.shell:Creating environment descriptor '/home/roboboat/RoboBoat_Cyber_Minority/Comp_2024/GPS_Related_Tasks/install/finals_tasks/share/finals_tasks/hook/cmake_prefix_path.dsv'
[5.176s] INFO:colcon.colcon_core.shell:Creating environment hook '/home/roboboat/RoboBoat_Cyber_Minority/Comp_2024/GPS_Related_Tasks/install/finals_tasks/share/finals_tasks/hook/cmake_prefix_path.sh'
[5.178s] Level 1:colcon.colcon_core.environment:checking '/home/roboboat/RoboBoat_Cyber_Minority/Comp_2024/GPS_Related_Tasks/install/finals_tasks/bin'
[5.178s] Level 1:colcon.colcon_core.environment:checking '/home/roboboat/RoboBoat_Cyber_Minority/Comp_2024/GPS_Related_Tasks/install/finals_tasks/lib/pkgconfig/finals_tasks.pc'
[5.179s] Level 1:colcon.colcon_core.environment:checking '/home/roboboat/RoboBoat_Cyber_Minority/Comp_2024/GPS_Related_Tasks/install/finals_tasks/lib/python3.8/site-packages'
[5.179s] Level 1:colcon.colcon_core.environment:checking '/home/roboboat/RoboBoat_Cyber_Minority/Comp_2024/GPS_Related_Tasks/install/finals_tasks/bin'
[5.197s] INFO:colcon.colcon_core.shell:Creating package script '/home/roboboat/RoboBoat_Cyber_Minority/Comp_2024/GPS_Related_Tasks/install/finals_tasks/share/finals_tasks/package.ps1'
[5.204s] INFO:colcon.colcon_core.shell:Creating package descriptor '/home/roboboat/RoboBoat_Cyber_Minority/Comp_2024/GPS_Related_Tasks/install/finals_tasks/share/finals_tasks/package.dsv'
[5.206s] INFO:colcon.colcon_core.shell:Creating package script '/home/roboboat/RoboBoat_Cyber_Minority/Comp_2024/GPS_Related_Tasks/install/finals_tasks/share/finals_tasks/package.sh'
[5.207s] INFO:colcon.colcon_core.shell:Creating package script '/home/roboboat/RoboBoat_Cyber_Minority/Comp_2024/GPS_Related_Tasks/install/finals_tasks/share/finals_tasks/package.bash'
[5.209s] INFO:colcon.colcon_core.shell:Creating package script '/home/roboboat/RoboBoat_Cyber_Minority/Comp_2024/GPS_Related_Tasks/install/finals_tasks/share/finals_tasks/package.zsh'
[5.211s] Level 1:colcon.colcon_core.environment:create_file_with_runtime_dependencies(/home/roboboat/RoboBoat_Cyber_Minority/Comp_2024/GPS_Related_Tasks/install/finals_tasks/share/colcon-core/packages/finals_tasks)
[5.221s] Level 1:colcon.colcon_core.environment:create_environment_scripts_only(task2)
[5.222s] DEBUG:colcon.colcon_core.event_handler.log_command:Invoked command in '/home/roboboat/RoboBoat_Cyber_Minority/Comp_2024/GPS_Related_Tasks/build/task2' returned '0': CMAKE_PREFIX_PATH=${CMAKE_PREFIX_PATH}:/opt/ros/foxy /usr/bin/cmake --install /home/roboboat/RoboBoat_Cyber_Minority/Comp_2024/GPS_Related_Tasks/build/task2
[5.241s] Level 1:colcon.colcon_core.environment:checking '/home/roboboat/RoboBoat_Cyber_Minority/Comp_2024/GPS_Related_Tasks/install/task2' for CMake module files
[5.242s] Level 1:colcon.colcon_core.environment:checking '/home/roboboat/RoboBoat_Cyber_Minority/Comp_2024/GPS_Related_Tasks/install/task2' for CMake config files
[5.243s] Level 1:colcon.colcon_core.shell:create_environment_hook('task2', 'cmake_prefix_path')
[5.260s] INFO:colcon.colcon_core.shell:Creating environment hook '/home/roboboat/RoboBoat_Cyber_Minority/Comp_2024/GPS_Related_Tasks/install/task2/share/task2/hook/cmake_prefix_path.ps1'
[5.261s] INFO:colcon.colcon_core.shell:Creating environment descriptor '/home/roboboat/RoboBoat_Cyber_Minority/Comp_2024/GPS_Related_Tasks/install/task2/share/task2/hook/cmake_prefix_path.dsv'
[5.261s] INFO:colcon.colcon_core.shell:Creating environment hook '/home/roboboat/RoboBoat_Cyber_Minority/Comp_2024/GPS_Related_Tasks/install/task2/share/task2/hook/cmake_prefix_path.sh'
[5.263s] Level 1:colcon.colcon_core.environment:checking '/home/roboboat/RoboBoat_Cyber_Minority/Comp_2024/GPS_Related_Tasks/install/task2/bin'
[5.263s] Level 1:colcon.colcon_core.environment:checking '/home/roboboat/RoboBoat_Cyber_Minority/Comp_2024/GPS_Related_Tasks/install/task2/lib/pkgconfig/task2.pc'
[5.264s] Level 1:colcon.colcon_core.environment:checking '/home/roboboat/RoboBoat_Cyber_Minority/Comp_2024/GPS_Related_Tasks/install/task2/lib/python3.8/site-packages'
[5.264s] Level 1:colcon.colcon_core.environment:checking '/home/roboboat/RoboBoat_Cyber_Minority/Comp_2024/GPS_Related_Tasks/install/task2/bin'
[5.282s] INFO:colcon.colcon_core.shell:Creating package script '/home/roboboat/RoboBoat_Cyber_Minority/Comp_2024/GPS_Related_Tasks/install/task2/share/task2/package.ps1'
[5.283s] INFO:colcon.colcon_core.shell:Creating package descriptor '/home/roboboat/RoboBoat_Cyber_Minority/Comp_2024/GPS_Related_Tasks/install/task2/share/task2/package.dsv'
[5.285s] INFO:colcon.colcon_core.shell:Creating package script '/home/roboboat/RoboBoat_Cyber_Minority/Comp_2024/GPS_Related_Tasks/install/task2/share/task2/package.sh'
[5.286s] INFO:colcon.colcon_core.shell:Creating package script '/home/roboboat/RoboBoat_Cyber_Minority/Comp_2024/GPS_Related_Tasks/install/task2/share/task2/package.bash'
[5.286s] INFO:colcon.colcon_core.shell:Creating package script '/home/roboboat/RoboBoat_Cyber_Minority/Comp_2024/GPS_Related_Tasks/install/task2/share/task2/package.zsh'
[5.287s] Level 1:colcon.colcon_core.environment:create_file_with_runtime_dependencies(/home/roboboat/RoboBoat_Cyber_Minority/Comp_2024/GPS_Related_Tasks/install/task2/share/colcon-core/packages/task2)
[5.295s] Level 1:colcon.colcon_core.environment:create_environment_scripts_only(task8)
[5.297s] DEBUG:colcon.colcon_core.event_handler.log_command:Invoked command in '/home/roboboat/RoboBoat_Cyber_Minority/Comp_2024/GPS_Related_Tasks/build/task8' returned '0': CMAKE_PREFIX_PATH=${CMAKE_PREFIX_PATH}:/opt/ros/foxy /usr/bin/cmake --install /home/roboboat/RoboBoat_Cyber_Minority/Comp_2024/GPS_Related_Tasks/build/task8
[5.315s] Level 1:colcon.colcon_core.environment:checking '/home/roboboat/RoboBoat_Cyber_Minority/Comp_2024/GPS_Related_Tasks/install/task8' for CMake module files
[5.316s] Level 1:colcon.colcon_core.environment:checking '/home/roboboat/RoboBoat_Cyber_Minority/Comp_2024/GPS_Related_Tasks/install/task8' for CMake config files
[5.317s] Level 1:colcon.colcon_core.shell:create_environment_hook('task8', 'cmake_prefix_path')
[5.335s] INFO:colcon.colcon_core.shell:Creating environment hook '/home/roboboat/RoboBoat_Cyber_Minority/Comp_2024/GPS_Related_Tasks/install/task8/share/task8/hook/cmake_prefix_path.ps1'
[5.336s] INFO:colcon.colcon_core.shell:Creating environment descriptor '/home/roboboat/RoboBoat_Cyber_Minority/Comp_2024/GPS_Related_Tasks/install/task8/share/task8/hook/cmake_prefix_path.dsv'
[5.336s] INFO:colcon.colcon_core.shell:Creating environment hook '/home/roboboat/RoboBoat_Cyber_Minority/Comp_2024/GPS_Related_Tasks/install/task8/share/task8/hook/cmake_prefix_path.sh'
[5.337s] Level 1:colcon.colcon_core.environment:checking '/home/roboboat/RoboBoat_Cyber_Minority/Comp_2024/GPS_Related_Tasks/install/task8/bin'
[5.337s] Level 1:colcon.colcon_core.environment:checking '/home/roboboat/RoboBoat_Cyber_Minority/Comp_2024/GPS_Related_Tasks/install/task8/lib/pkgconfig/task8.pc'
[5.337s] Level 1:colcon.colcon_core.environment:checking '/home/roboboat/RoboBoat_Cyber_Minority/Comp_2024/GPS_Related_Tasks/install/task8/lib/python3.8/site-packages'
[5.338s] Level 1:colcon.colcon_core.environment:checking '/home/roboboat/RoboBoat_Cyber_Minority/Comp_2024/GPS_Related_Tasks/install/task8/bin'
[5.355s] INFO:colcon.colcon_core.shell:Creating package script '/home/roboboat/RoboBoat_Cyber_Minority/Comp_2024/GPS_Related_Tasks/install/task8/share/task8/package.ps1'
[5.355s] INFO:colcon.colcon_core.shell:Creating package descriptor '/home/roboboat/RoboBoat_Cyber_Minority/Comp_2024/GPS_Related_Tasks/install/task8/share/task8/package.dsv'
[5.356s] INFO:colcon.colcon_core.shell:Creating package script '/home/roboboat/RoboBoat_Cyber_Minority/Comp_2024/GPS_Related_Tasks/install/task8/share/task8/package.sh'
[5.357s] INFO:colcon.colcon_core.shell:Creating package script '/home/roboboat/RoboBoat_Cyber_Minority/Comp_2024/GPS_Related_Tasks/install/task8/share/task8/package.bash'
[5.357s] INFO:colcon.colcon_core.shell:Creating package script '/home/roboboat/RoboBoat_Cyber_Minority/Comp_2024/GPS_Related_Tasks/install/task8/share/task8/package.zsh'
[5.358s] Level 1:colcon.colcon_core.environment:create_file_with_runtime_dependencies(/home/roboboat/RoboBoat_Cyber_Minority/Comp_2024/GPS_Related_Tasks/install/task8/share/colcon-core/packages/task8)
[5.367s] DEBUG:colcon.colcon_core.event_handler.log_command:Invoked command in '/home/roboboat/RoboBoat_Cyber_Minority/Comp_2024/GPS_Related_Tasks/build/urg_node' returned '0': CMAKE_PREFIX_PATH=${CMAKE_PREFIX_PATH}:/opt/ros/foxy /usr/bin/cmake --build /home/roboboat/RoboBoat_Cyber_Minority/Comp_2024/GPS_Related_Tasks/build/urg_node -- -j12 -l12
[5.394s] Level 1:colcon.colcon_core.environment:create_environment_scripts_only(finals_tasks)
[5.411s] Level 1:colcon.colcon_core.environment:checking '/home/roboboat/RoboBoat_Cyber_Minority/Comp_2024/GPS_Related_Tasks/install/finals_tasks' for CMake module files
[5.412s] Level 1:colcon.colcon_core.environment:checking '/home/roboboat/RoboBoat_Cyber_Minority/Comp_2024/GPS_Related_Tasks/install/finals_tasks' for CMake config files
[5.413s] Level 1:colcon.colcon_core.shell:create_environment_hook('finals_tasks', 'cmake_prefix_path')
[5.431s] INFO:colcon.colcon_core.shell:Creating environment hook '/home/roboboat/RoboBoat_Cyber_Minority/Comp_2024/GPS_Related_Tasks/install/finals_tasks/share/finals_tasks/hook/cmake_prefix_path.ps1'
[5.432s] INFO:colcon.colcon_core.shell:Creating environment descriptor '/home/roboboat/RoboBoat_Cyber_Minority/Comp_2024/GPS_Related_Tasks/install/finals_tasks/share/finals_tasks/hook/cmake_prefix_path.dsv'
[5.433s] INFO:colcon.colcon_core.shell:Creating environment hook '/home/roboboat/RoboBoat_Cyber_Minority/Comp_2024/GPS_Related_Tasks/install/finals_tasks/share/finals_tasks/hook/cmake_prefix_path.sh'
[5.434s] Level 1:colcon.colcon_core.environment:checking '/home/roboboat/RoboBoat_Cyber_Minority/Comp_2024/GPS_Related_Tasks/install/finals_tasks/bin'
[5.434s] Level 1:colcon.colcon_core.environment:checking '/home/roboboat/RoboBoat_Cyber_Minority/Comp_2024/GPS_Related_Tasks/install/finals_tasks/lib/pkgconfig/finals_tasks.pc'
[5.435s] Level 1:colcon.colcon_core.environment:checking '/home/roboboat/RoboBoat_Cyber_Minority/Comp_2024/GPS_Related_Tasks/install/finals_tasks/lib/python3.8/site-packages'
[5.435s] Level 1:colcon.colcon_core.environment:checking '/home/roboboat/RoboBoat_Cyber_Minority/Comp_2024/GPS_Related_Tasks/install/finals_tasks/bin'
[5.452s] INFO:colcon.colcon_core.shell:Creating package script '/home/roboboat/RoboBoat_Cyber_Minority/Comp_2024/GPS_Related_Tasks/install/finals_tasks/share/finals_tasks/package.ps1'
[5.453s] INFO:colcon.colcon_core.shell:Creating package descriptor '/home/roboboat/RoboBoat_Cyber_Minority/Comp_2024/GPS_Related_Tasks/install/finals_tasks/share/finals_tasks/package.dsv'
[5.454s] INFO:colcon.colcon_core.shell:Creating package script '/home/roboboat/RoboBoat_Cyber_Minority/Comp_2024/GPS_Related_Tasks/install/finals_tasks/share/finals_tasks/package.sh'
[5.454s] INFO:colcon.colcon_core.shell:Creating package script '/home/roboboat/RoboBoat_Cyber_Minority/Comp_2024/GPS_Related_Tasks/install/finals_tasks/share/finals_tasks/package.bash'
[5.455s] INFO:colcon.colcon_core.shell:Creating package script '/home/roboboat/RoboBoat_Cyber_Minority/Comp_2024/GPS_Related_Tasks/install/finals_tasks/share/finals_tasks/package.zsh'
[5.455s] Level 1:colcon.colcon_core.environment:create_file_with_runtime_dependencies(/home/roboboat/RoboBoat_Cyber_Minority/Comp_2024/GPS_Related_Tasks/install/finals_tasks/share/colcon-core/packages/finals_tasks)
[5.475s] Level 1:colcon.colcon_core.environment:create_environment_scripts_only(task2)
[5.492s] Level 1:colcon.colcon_core.environment:checking '/home/roboboat/RoboBoat_Cyber_Minority/Comp_2024/GPS_Related_Tasks/install/task2' for CMake module files
[5.492s] Level 1:colcon.colcon_core.environment:checking '/home/roboboat/RoboBoat_Cyber_Minority/Comp_2024/GPS_Related_Tasks/install/task2' for CMake config files
[5.492s] Level 1:colcon.colcon_core.shell:create_environment_hook('task2', 'cmake_prefix_path')
[5.509s] INFO:colcon.colcon_core.shell:Creating environment hook '/home/roboboat/RoboBoat_Cyber_Minority/Comp_2024/GPS_Related_Tasks/install/task2/share/task2/hook/cmake_prefix_path.ps1'
[5.510s] INFO:colcon.colcon_core.shell:Creating environment descriptor '/home/roboboat/RoboBoat_Cyber_Minority/Comp_2024/GPS_Related_Tasks/install/task2/share/task2/hook/cmake_prefix_path.dsv'
[5.510s] INFO:colcon.colcon_core.shell:Creating environment hook '/home/roboboat/RoboBoat_Cyber_Minority/Comp_2024/GPS_Related_Tasks/install/task2/share/task2/hook/cmake_prefix_path.sh'
[5.511s] Level 1:colcon.colcon_core.environment:checking '/home/roboboat/RoboBoat_Cyber_Minority/Comp_2024/GPS_Related_Tasks/install/task2/bin'
[5.511s] Level 1:colcon.colcon_core.environment:checking '/home/roboboat/RoboBoat_Cyber_Minority/Comp_2024/GPS_Related_Tasks/install/task2/lib/pkgconfig/task2.pc'
[5.511s] Level 1:colcon.colcon_core.environment:checking '/home/roboboat/RoboBoat_Cyber_Minority/Comp_2024/GPS_Related_Tasks/install/task2/lib/python3.8/site-packages'
[5.512s] Level 1:colcon.colcon_core.environment:checking '/home/roboboat/RoboBoat_Cyber_Minority/Comp_2024/GPS_Related_Tasks/install/task2/bin'
[5.529s] INFO:colcon.colcon_core.shell:Creating package script '/home/roboboat/RoboBoat_Cyber_Minority/Comp_2024/GPS_Related_Tasks/install/task2/share/task2/package.ps1'
[5.530s] INFO:colcon.colcon_core.shell:Creating package descriptor '/home/roboboat/RoboBoat_Cyber_Minority/Comp_2024/GPS_Related_Tasks/install/task2/share/task2/package.dsv'
[5.530s] INFO:colcon.colcon_core.shell:Creating package script '/home/roboboat/RoboBoat_Cyber_Minority/Comp_2024/GPS_Related_Tasks/install/task2/share/task2/package.sh'
[5.531s] INFO:colcon.colcon_core.shell:Creating package script '/home/roboboat/RoboBoat_Cyber_Minority/Comp_2024/GPS_Related_Tasks/install/task2/share/task2/package.bash'
[5.531s] INFO:colcon.colcon_core.shell:Creating package script '/home/roboboat/RoboBoat_Cyber_Minority/Comp_2024/GPS_Related_Tasks/install/task2/share/task2/package.zsh'
[5.532s] Level 1:colcon.colcon_core.environment:create_file_with_runtime_dependencies(/home/roboboat/RoboBoat_Cyber_Minority/Comp_2024/GPS_Related_Tasks/install/task2/share/colcon-core/packages/task2)
[5.551s] Level 1:colcon.colcon_core.environment:create_environment_scripts_only(task8)
[5.568s] Level 1:colcon.colcon_core.environment:checking '/home/roboboat/RoboBoat_Cyber_Minority/Comp_2024/GPS_Related_Tasks/install/task8' for CMake module files
[5.569s] Level 1:colcon.colcon_core.environment:checking '/home/roboboat/RoboBoat_Cyber_Minority/Comp_2024/GPS_Related_Tasks/install/task8' for CMake config files
[5.569s] Level 1:colcon.colcon_core.shell:create_environment_hook('task8', 'cmake_prefix_path')
[5.586s] INFO:colcon.colcon_core.shell:Creating environment hook '/home/roboboat/RoboBoat_Cyber_Minority/Comp_2024/GPS_Related_Tasks/install/task8/share/task8/hook/cmake_prefix_path.ps1'
[5.587s] INFO:colcon.colcon_core.shell:Creating environment descriptor '/home/roboboat/RoboBoat_Cyber_Minority/Comp_2024/GPS_Related_Tasks/install/task8/share/task8/hook/cmake_prefix_path.dsv'
[5.587s] INFO:colcon.colcon_core.shell:Creating environment hook '/home/roboboat/RoboBoat_Cyber_Minority/Comp_2024/GPS_Related_Tasks/install/task8/share/task8/hook/cmake_prefix_path.sh'
[5.590s] Level 1:colcon.colcon_core.environment:checking '/home/roboboat/RoboBoat_Cyber_Minority/Comp_2024/GPS_Related_Tasks/install/task8/bin'
[5.590s] Level 1:colcon.colcon_core.environment:checking '/home/roboboat/RoboBoat_Cyber_Minority/Comp_2024/GPS_Related_Tasks/install/task8/lib/pkgconfig/task8.pc'
[5.591s] Level 1:colcon.colcon_core.environment:checking '/home/roboboat/RoboBoat_Cyber_Minority/Comp_2024/GPS_Related_Tasks/install/task8/lib/python3.8/site-packages'
[5.592s] Level 1:colcon.colcon_core.environment:checking '/home/roboboat/RoboBoat_Cyber_Minority/Comp_2024/GPS_Related_Tasks/install/task8/bin'
[5.609s] INFO:colcon.colcon_core.shell:Creating package script '/home/roboboat/RoboBoat_Cyber_Minority/Comp_2024/GPS_Related_Tasks/install/task8/share/task8/package.ps1'
[5.610s] INFO:colcon.colcon_core.shell:Creating package descriptor '/home/roboboat/RoboBoat_Cyber_Minority/Comp_2024/GPS_Related_Tasks/install/task8/share/task8/package.dsv'
[5.611s] INFO:colcon.colcon_core.shell:Creating package script '/home/roboboat/RoboBoat_Cyber_Minority/Comp_2024/GPS_Related_Tasks/install/task8/share/task8/package.sh'
[5.612s] INFO:colcon.colcon_core.shell:Creating package script '/home/roboboat/RoboBoat_Cyber_Minority/Comp_2024/GPS_Related_Tasks/install/task8/share/task8/package.bash'
[5.612s] INFO:colcon.colcon_core.shell:Creating package script '/home/roboboat/RoboBoat_Cyber_Minority/Comp_2024/GPS_Related_Tasks/install/task8/share/task8/package.zsh'
[5.613s] Level 1:colcon.colcon_core.environment:create_file_with_runtime_dependencies(/home/roboboat/RoboBoat_Cyber_Minority/Comp_2024/GPS_Related_Tasks/install/task8/share/colcon-core/packages/task8)
[5.621s] DEBUG:colcon.colcon_core.event_handler.log_command:Invoking command in '/home/roboboat/RoboBoat_Cyber_Minority/Comp_2024/GPS_Related_Tasks/build/urg_node': CMAKE_PREFIX_PATH=${CMAKE_PREFIX_PATH}:/opt/ros/foxy /usr/bin/cmake --install /home/roboboat/RoboBoat_Cyber_Minority/Comp_2024/GPS_Related_Tasks/build/urg_node
[5.641s] Level 1:colcon.colcon_core.environment:create_environment_scripts_only(urg_node)
[5.642s] DEBUG:colcon.colcon_core.event_handler.log_command:Invoked command in '/home/roboboat/RoboBoat_Cyber_Minority/Comp_2024/GPS_Related_Tasks/build/urg_node' returned '0': CMAKE_PREFIX_PATH=${CMAKE_PREFIX_PATH}:/opt/ros/foxy /usr/bin/cmake --install /home/roboboat/RoboBoat_Cyber_Minority/Comp_2024/GPS_Related_Tasks/build/urg_node
[5.661s] Level 1:colcon.colcon_core.environment:checking '/home/roboboat/RoboBoat_Cyber_Minority/Comp_2024/GPS_Related_Tasks/install/urg_node' for CMake module files
[5.662s] Level 1:colcon.colcon_core.environment:checking '/home/roboboat/RoboBoat_Cyber_Minority/Comp_2024/GPS_Related_Tasks/install/urg_node' for CMake config files
[5.662s] Level 1:colcon.colcon_core.shell:create_environment_hook('urg_node', 'cmake_prefix_path')
[5.679s] INFO:colcon.colcon_core.shell:Creating environment hook '/home/roboboat/RoboBoat_Cyber_Minority/Comp_2024/GPS_Related_Tasks/install/urg_node/share/urg_node/hook/cmake_prefix_path.ps1'
[5.680s] INFO:colcon.colcon_core.shell:Creating environment descriptor '/home/roboboat/RoboBoat_Cyber_Minority/Comp_2024/GPS_Related_Tasks/install/urg_node/share/urg_node/hook/cmake_prefix_path.dsv'
[5.681s] INFO:colcon.colcon_core.shell:Creating environment hook '/home/roboboat/RoboBoat_Cyber_Minority/Comp_2024/GPS_Related_Tasks/install/urg_node/share/urg_node/hook/cmake_prefix_path.sh'
[5.682s] Level 1:colcon.colcon_core.environment:checking '/home/roboboat/RoboBoat_Cyber_Minority/Comp_2024/GPS_Related_Tasks/install/urg_node/lib'
[5.682s] Level 1:colcon.colcon_core.shell:create_environment_hook('urg_node', 'ld_library_path_lib')
[5.699s] INFO:colcon.colcon_core.shell:Creating environment hook '/home/roboboat/RoboBoat_Cyber_Minority/Comp_2024/GPS_Related_Tasks/install/urg_node/share/urg_node/hook/ld_library_path_lib.ps1'
[5.700s] INFO:colcon.colcon_core.shell:Creating environment descriptor '/home/roboboat/RoboBoat_Cyber_Minority/Comp_2024/GPS_Related_Tasks/install/urg_node/share/urg_node/hook/ld_library_path_lib.dsv'
[5.700s] INFO:colcon.colcon_core.shell:Creating environment hook '/home/roboboat/RoboBoat_Cyber_Minority/Comp_2024/GPS_Related_Tasks/install/urg_node/share/urg_node/hook/ld_library_path_lib.sh'
[5.701s] Level 1:colcon.colcon_core.environment:checking '/home/roboboat/RoboBoat_Cyber_Minority/Comp_2024/GPS_Related_Tasks/install/urg_node/bin'
[5.701s] Level 1:colcon.colcon_core.environment:checking '/home/roboboat/RoboBoat_Cyber_Minority/Comp_2024/GPS_Related_Tasks/install/urg_node/lib/pkgconfig/urg_node.pc'
[5.701s] Level 1:colcon.colcon_core.environment:checking '/home/roboboat/RoboBoat_Cyber_Minority/Comp_2024/GPS_Related_Tasks/install/urg_node/lib/python3.8/site-packages'
[5.702s] Level 1:colcon.colcon_core.environment:checking '/home/roboboat/RoboBoat_Cyber_Minority/Comp_2024/GPS_Related_Tasks/install/urg_node/bin'
[5.718s] INFO:colcon.colcon_core.shell:Creating package script '/home/roboboat/RoboBoat_Cyber_Minority/Comp_2024/GPS_Related_Tasks/install/urg_node/share/urg_node/package.ps1'
[5.719s] INFO:colcon.colcon_core.shell:Creating package descriptor '/home/roboboat/RoboBoat_Cyber_Minority/Comp_2024/GPS_Related_Tasks/install/urg_node/share/urg_node/package.dsv'
[5.720s] INFO:colcon.colcon_core.shell:Creating package script '/home/roboboat/RoboBoat_Cyber_Minority/Comp_2024/GPS_Related_Tasks/install/urg_node/share/urg_node/package.sh'
[5.723s] INFO:colcon.colcon_core.shell:Creating package script '/home/roboboat/RoboBoat_Cyber_Minority/Comp_2024/GPS_Related_Tasks/install/urg_node/share/urg_node/package.bash'
[5.724s] INFO:colcon.colcon_core.shell:Creating package script '/home/roboboat/RoboBoat_Cyber_Minority/Comp_2024/GPS_Related_Tasks/install/urg_node/share/urg_node/package.zsh'
[5.725s] Level 1:colcon.colcon_core.environment:create_file_with_runtime_dependencies(/home/roboboat/RoboBoat_Cyber_Minority/Comp_2024/GPS_Related_Tasks/install/urg_node/share/colcon-core/packages/urg_node)
[5.794s] Level 1:colcon.colcon_core.environment:create_environment_scripts_only(urg_node)
[5.811s] Level 1:colcon.colcon_core.environment:checking '/home/roboboat/RoboBoat_Cyber_Minority/Comp_2024/GPS_Related_Tasks/install/urg_node' for CMake module files
[5.812s] Level 1:colcon.colcon_core.environment:checking '/home/roboboat/RoboBoat_Cyber_Minority/Comp_2024/GPS_Related_Tasks/install/urg_node' for CMake config files
[5.812s] Level 1:colcon.colcon_core.shell:create_environment_hook('urg_node', 'cmake_prefix_path')
[5.830s] INFO:colcon.colcon_core.shell:Creating environment hook '/home/roboboat/RoboBoat_Cyber_Minority/Comp_2024/GPS_Related_Tasks/install/urg_node/share/urg_node/hook/cmake_prefix_path.ps1'
[5.831s] INFO:colcon.colcon_core.shell:Creating environment descriptor '/home/roboboat/RoboBoat_Cyber_Minority/Comp_2024/GPS_Related_Tasks/install/urg_node/share/urg_node/hook/cmake_prefix_path.dsv'
[5.831s] INFO:colcon.colcon_core.shell:Creating environment hook '/home/roboboat/RoboBoat_Cyber_Minority/Comp_2024/GPS_Related_Tasks/install/urg_node/share/urg_node/hook/cmake_prefix_path.sh'
[5.834s] Level 1:colcon.colcon_core.environment:checking '/home/roboboat/RoboBoat_Cyber_Minority/Comp_2024/GPS_Related_Tasks/install/urg_node/lib'
[5.834s] Level 1:colcon.colcon_core.shell:create_environment_hook('urg_node', 'ld_library_path_lib')
[5.852s] INFO:colcon.colcon_core.shell:Creating environment hook '/home/roboboat/RoboBoat_Cyber_Minority/Comp_2024/GPS_Related_Tasks/install/urg_node/share/urg_node/hook/ld_library_path_lib.ps1'
[5.853s] INFO:colcon.colcon_core.shell:Creating environment descriptor '/home/roboboat/RoboBoat_Cyber_Minority/Comp_2024/GPS_Related_Tasks/install/urg_node/share/urg_node/hook/ld_library_path_lib.dsv'
[5.854s] INFO:colcon.colcon_core.shell:Creating environment hook '/home/roboboat/RoboBoat_Cyber_Minority/Comp_2024/GPS_Related_Tasks/install/urg_node/share/urg_node/hook/ld_library_path_lib.sh'
[5.854s] Level 1:colcon.colcon_core.environment:checking '/home/roboboat/RoboBoat_Cyber_Minority/Comp_2024/GPS_Related_Tasks/install/urg_node/bin'
[5.854s] Level 1:colcon.colcon_core.environment:checking '/home/roboboat/RoboBoat_Cyber_Minority/Comp_2024/GPS_Related_Tasks/install/urg_node/lib/pkgconfig/urg_node.pc'
[5.855s] Level 1:colcon.colcon_core.environment:checking '/home/roboboat/RoboBoat_Cyber_Minority/Comp_2024/GPS_Related_Tasks/install/urg_node/lib/python3.8/site-packages'
[5.855s] Level 1:colcon.colcon_core.environment:checking '/home/roboboat/RoboBoat_Cyber_Minority/Comp_2024/GPS_Related_Tasks/install/urg_node/bin'
[5.872s] INFO:colcon.colcon_core.shell:Creating package script '/home/roboboat/RoboBoat_Cyber_Minority/Comp_2024/GPS_Related_Tasks/install/urg_node/share/urg_node/package.ps1'
[5.874s] INFO:colcon.colcon_core.shell:Creating package descriptor '/home/roboboat/RoboBoat_Cyber_Minority/Comp_2024/GPS_Related_Tasks/install/urg_node/share/urg_node/package.dsv'
[5.875s] INFO:colcon.colcon_core.shell:Creating package script '/home/roboboat/RoboBoat_Cyber_Minority/Comp_2024/GPS_Related_Tasks/install/urg_node/share/urg_node/package.sh'
[5.876s] INFO:colcon.colcon_core.shell:Creating package script '/home/roboboat/RoboBoat_Cyber_Minority/Comp_2024/GPS_Related_Tasks/install/urg_node/share/urg_node/package.bash'
[5.877s] INFO:colcon.colcon_core.shell:Creating package script '/home/roboboat/RoboBoat_Cyber_Minority/Comp_2024/GPS_Related_Tasks/install/urg_node/share/urg_node/package.zsh'
[5.877s] Level 1:colcon.colcon_core.environment:create_file_with_runtime_dependencies(/home/roboboat/RoboBoat_Cyber_Minority/Comp_2024/GPS_Related_Tasks/install/urg_node/share/colcon-core/packages/urg_node)
[23.012s] DEBUG:colcon.colcon_core.event_handler.log_command:Invoked command in '/home/roboboat/RoboBoat_Cyber_Minority/Comp_2024/GPS_Related_Tasks/build/vectornav_msgs' returned '0': CMAKE_PREFIX_PATH=${CMAKE_PREFIX_PATH}:/opt/ros/foxy /usr/bin/cmake --build /home/roboboat/RoboBoat_Cyber_Minority/Comp_2024/GPS_Related_Tasks/build/vectornav_msgs -- -j12 -l12
[23.421s] DEBUG:colcon.colcon_core.event_handler.log_command:Invoking command in '/home/roboboat/RoboBoat_Cyber_Minority/Comp_2024/GPS_Related_Tasks/build/vectornav_msgs': CMAKE_PREFIX_PATH=${CMAKE_PREFIX_PATH}:/opt/ros/foxy /usr/bin/cmake --install /home/roboboat/RoboBoat_Cyber_Minority/Comp_2024/GPS_Related_Tasks/build/vectornav_msgs
[23.596s] Level 1:colcon.colcon_core.environment:create_environment_scripts_only(vectornav_msgs)
[23.605s] DEBUG:colcon.colcon_core.event_handler.log_command:Invoked command in '/home/roboboat/RoboBoat_Cyber_Minority/Comp_2024/GPS_Related_Tasks/build/vectornav_msgs' returned '0': CMAKE_PREFIX_PATH=${CMAKE_PREFIX_PATH}:/opt/ros/foxy /usr/bin/cmake --install /home/roboboat/RoboBoat_Cyber_Minority/Comp_2024/GPS_Related_Tasks/build/vectornav_msgs
[23.647s] Level 1:colcon.colcon_core.environment:checking '/home/roboboat/RoboBoat_Cyber_Minority/Comp_2024/GPS_Related_Tasks/install/vectornav_msgs' for CMake module files
[23.648s] Level 1:colcon.colcon_core.environment:checking '/home/roboboat/RoboBoat_Cyber_Minority/Comp_2024/GPS_Related_Tasks/install/vectornav_msgs' for CMake config files
[23.649s] Level 1:colcon.colcon_core.shell:create_environment_hook('vectornav_msgs', 'cmake_prefix_path')
[23.675s] INFO:colcon.colcon_core.shell:Creating environment hook '/home/roboboat/RoboBoat_Cyber_Minority/Comp_2024/GPS_Related_Tasks/install/vectornav_msgs/share/vectornav_msgs/hook/cmake_prefix_path.ps1'
[23.677s] INFO:colcon.colcon_core.shell:Creating environment descriptor '/home/roboboat/RoboBoat_Cyber_Minority/Comp_2024/GPS_Related_Tasks/install/vectornav_msgs/share/vectornav_msgs/hook/cmake_prefix_path.dsv'
[23.677s] INFO:colcon.colcon_core.shell:Creating environment hook '/home/roboboat/RoboBoat_Cyber_Minority/Comp_2024/GPS_Related_Tasks/install/vectornav_msgs/share/vectornav_msgs/hook/cmake_prefix_path.sh'
[23.679s] Level 1:colcon.colcon_core.environment:checking '/home/roboboat/RoboBoat_Cyber_Minority/Comp_2024/GPS_Related_Tasks/install/vectornav_msgs/lib'
[23.679s] Level 1:colcon.colcon_core.shell:create_environment_hook('vectornav_msgs', 'ld_library_path_lib')
[23.702s] INFO:colcon.colcon_core.shell:Creating environment hook '/home/roboboat/RoboBoat_Cyber_Minority/Comp_2024/GPS_Related_Tasks/install/vectornav_msgs/share/vectornav_msgs/hook/ld_library_path_lib.ps1'
[23.703s] INFO:colcon.colcon_core.shell:Creating environment descriptor '/home/roboboat/RoboBoat_Cyber_Minority/Comp_2024/GPS_Related_Tasks/install/vectornav_msgs/share/vectornav_msgs/hook/ld_library_path_lib.dsv'
[23.703s] INFO:colcon.colcon_core.shell:Creating environment hook '/home/roboboat/RoboBoat_Cyber_Minority/Comp_2024/GPS_Related_Tasks/install/vectornav_msgs/share/vectornav_msgs/hook/ld_library_path_lib.sh'
[23.704s] Level 1:colcon.colcon_core.environment:checking '/home/roboboat/RoboBoat_Cyber_Minority/Comp_2024/GPS_Related_Tasks/install/vectornav_msgs/bin'
[23.704s] Level 1:colcon.colcon_core.environment:checking '/home/roboboat/RoboBoat_Cyber_Minority/Comp_2024/GPS_Related_Tasks/install/vectornav_msgs/lib/pkgconfig/vectornav_msgs.pc'
[23.705s] Level 1:colcon.colcon_core.environment:checking '/home/roboboat/RoboBoat_Cyber_Minority/Comp_2024/GPS_Related_Tasks/install/vectornav_msgs/lib/python3.8/site-packages'
[23.705s] Level 1:colcon.colcon_core.shell:create_environment_hook('vectornav_msgs', 'pythonpath')
[23.723s] INFO:colcon.colcon_core.shell:Creating environment hook '/home/roboboat/RoboBoat_Cyber_Minority/Comp_2024/GPS_Related_Tasks/install/vectornav_msgs/share/vectornav_msgs/hook/pythonpath.ps1'
[23.723s] INFO:colcon.colcon_core.shell:Creating environment descriptor '/home/roboboat/RoboBoat_Cyber_Minority/Comp_2024/GPS_Related_Tasks/install/vectornav_msgs/share/vectornav_msgs/hook/pythonpath.dsv'
[23.724s] INFO:colcon.colcon_core.shell:Creating environment hook '/home/roboboat/RoboBoat_Cyber_Minority/Comp_2024/GPS_Related_Tasks/install/vectornav_msgs/share/vectornav_msgs/hook/pythonpath.sh'
[23.726s] Level 1:colcon.colcon_core.environment:checking '/home/roboboat/RoboBoat_Cyber_Minority/Comp_2024/GPS_Related_Tasks/install/vectornav_msgs/bin'
[23.751s] INFO:colcon.colcon_core.shell:Creating package script '/home/roboboat/RoboBoat_Cyber_Minority/Comp_2024/GPS_Related_Tasks/install/vectornav_msgs/share/vectornav_msgs/package.ps1'
[23.752s] INFO:colcon.colcon_core.shell:Creating package descriptor '/home/roboboat/RoboBoat_Cyber_Minority/Comp_2024/GPS_Related_Tasks/install/vectornav_msgs/share/vectornav_msgs/package.dsv'
[23.752s] INFO:colcon.colcon_core.shell:Creating package script '/home/roboboat/RoboBoat_Cyber_Minority/Comp_2024/GPS_Related_Tasks/install/vectornav_msgs/share/vectornav_msgs/package.sh'
[23.753s] INFO:colcon.colcon_core.shell:Creating package script '/home/roboboat/RoboBoat_Cyber_Minority/Comp_2024/GPS_Related_Tasks/install/vectornav_msgs/share/vectornav_msgs/package.bash'
[23.754s] INFO:colcon.colcon_core.shell:Creating package script '/home/roboboat/RoboBoat_Cyber_Minority/Comp_2024/GPS_Related_Tasks/install/vectornav_msgs/share/vectornav_msgs/package.zsh'
[23.754s] Level 1:colcon.colcon_core.environment:create_file_with_runtime_dependencies(/home/roboboat/RoboBoat_Cyber_Minority/Comp_2024/GPS_Related_Tasks/install/vectornav_msgs/share/colcon-core/packages/vectornav_msgs)
[24.176s] Level 1:colcon.colcon_core.environment:create_environment_scripts_only(vectornav_msgs)
[24.196s] Level 1:colcon.colcon_core.environment:checking '/home/roboboat/RoboBoat_Cyber_Minority/Comp_2024/GPS_Related_Tasks/install/vectornav_msgs' for CMake module files
[24.197s] Level 1:colcon.colcon_core.environment:checking '/home/roboboat/RoboBoat_Cyber_Minority/Comp_2024/GPS_Related_Tasks/install/vectornav_msgs' for CMake config files
[24.198s] Level 1:colcon.colcon_core.shell:create_environment_hook('vectornav_msgs', 'cmake_prefix_path')
[24.215s] INFO:colcon.colcon_core.shell:Creating environment hook '/home/roboboat/RoboBoat_Cyber_Minority/Comp_2024/GPS_Related_Tasks/install/vectornav_msgs/share/vectornav_msgs/hook/cmake_prefix_path.ps1'
[24.216s] INFO:colcon.colcon_core.shell:Creating environment descriptor '/home/roboboat/RoboBoat_Cyber_Minority/Comp_2024/GPS_Related_Tasks/install/vectornav_msgs/share/vectornav_msgs/hook/cmake_prefix_path.dsv'
[24.217s] INFO:colcon.colcon_core.shell:Creating environment hook '/home/roboboat/RoboBoat_Cyber_Minority/Comp_2024/GPS_Related_Tasks/install/vectornav_msgs/share/vectornav_msgs/hook/cmake_prefix_path.sh'
[24.220s] Level 1:colcon.colcon_core.environment:checking '/home/roboboat/RoboBoat_Cyber_Minority/Comp_2024/GPS_Related_Tasks/install/vectornav_msgs/lib'
[24.220s] Level 1:colcon.colcon_core.shell:create_environment_hook('vectornav_msgs', 'ld_library_path_lib')
[24.237s] INFO:colcon.colcon_core.shell:Creating environment hook '/home/roboboat/RoboBoat_Cyber_Minority/Comp_2024/GPS_Related_Tasks/install/vectornav_msgs/share/vectornav_msgs/hook/ld_library_path_lib.ps1'
[24.238s] INFO:colcon.colcon_core.shell:Creating environment descriptor '/home/roboboat/RoboBoat_Cyber_Minority/Comp_2024/GPS_Related_Tasks/install/vectornav_msgs/share/vectornav_msgs/hook/ld_library_path_lib.dsv'
[24.239s] INFO:colcon.colcon_core.shell:Creating environment hook '/home/roboboat/RoboBoat_Cyber_Minority/Comp_2024/GPS_Related_Tasks/install/vectornav_msgs/share/vectornav_msgs/hook/ld_library_path_lib.sh'
[24.239s] Level 1:colcon.colcon_core.environment:checking '/home/roboboat/RoboBoat_Cyber_Minority/Comp_2024/GPS_Related_Tasks/install/vectornav_msgs/bin'
[24.239s] Level 1:colcon.colcon_core.environment:checking '/home/roboboat/RoboBoat_Cyber_Minority/Comp_2024/GPS_Related_Tasks/install/vectornav_msgs/lib/pkgconfig/vectornav_msgs.pc'
[24.240s] Level 1:colcon.colcon_core.environment:checking '/home/roboboat/RoboBoat_Cyber_Minority/Comp_2024/GPS_Related_Tasks/install/vectornav_msgs/lib/python3.8/site-packages'
[24.240s] Level 1:colcon.colcon_core.shell:create_environment_hook('vectornav_msgs', 'pythonpath')
[24.257s] INFO:colcon.colcon_core.shell:Creating environment hook '/home/roboboat/RoboBoat_Cyber_Minority/Comp_2024/GPS_Related_Tasks/install/vectornav_msgs/share/vectornav_msgs/hook/pythonpath.ps1'
[24.257s] INFO:colcon.colcon_core.shell:Creating environment descriptor '/home/roboboat/RoboBoat_Cyber_Minority/Comp_2024/GPS_Related_Tasks/install/vectornav_msgs/share/vectornav_msgs/hook/pythonpath.dsv'
[24.258s] INFO:colcon.colcon_core.shell:Creating environment hook '/home/roboboat/RoboBoat_Cyber_Minority/Comp_2024/GPS_Related_Tasks/install/vectornav_msgs/share/vectornav_msgs/hook/pythonpath.sh'
[24.261s] Level 1:colcon.colcon_core.environment:checking '/home/roboboat/RoboBoat_Cyber_Minority/Comp_2024/GPS_Related_Tasks/install/vectornav_msgs/bin'
[24.280s] INFO:colcon.colcon_core.shell:Creating package script '/home/roboboat/RoboBoat_Cyber_Minority/Comp_2024/GPS_Related_Tasks/install/vectornav_msgs/share/vectornav_msgs/package.ps1'
[24.281s] INFO:colcon.colcon_core.shell:Creating package descriptor '/home/roboboat/RoboBoat_Cyber_Minority/Comp_2024/GPS_Related_Tasks/install/vectornav_msgs/share/vectornav_msgs/package.dsv'
[24.284s] INFO:colcon.colcon_core.shell:Creating package script '/home/roboboat/RoboBoat_Cyber_Minority/Comp_2024/GPS_Related_Tasks/install/vectornav_msgs/share/vectornav_msgs/package.sh'
[24.286s] INFO:colcon.colcon_core.shell:Creating package script '/home/roboboat/RoboBoat_Cyber_Minority/Comp_2024/GPS_Related_Tasks/install/vectornav_msgs/share/vectornav_msgs/package.bash'
[24.288s] INFO:colcon.colcon_core.shell:Creating package script '/home/roboboat/RoboBoat_Cyber_Minority/Comp_2024/GPS_Related_Tasks/install/vectornav_msgs/share/vectornav_msgs/package.zsh'
[24.289s] Level 1:colcon.colcon_core.environment:create_file_with_runtime_dependencies(/home/roboboat/RoboBoat_Cyber_Minority/Comp_2024/GPS_Related_Tasks/install/vectornav_msgs/share/colcon-core/packages/vectornav_msgs)
[24.289s] INFO:colcon.colcon_ros.task.ament_cmake.build:Building ROS package in '/home/roboboat/RoboBoat_Cyber_Minority/Comp_2024/GPS_Related_Tasks/src/vectornav/vectornav' with build type 'ament_cmake'
[24.290s] INFO:colcon.colcon_cmake.task.cmake.build:Building CMake package in '/home/roboboat/RoboBoat_Cyber_Minority/Comp_2024/GPS_Related_Tasks/src/vectornav/vectornav'
[24.308s] INFO:colcon.colcon_core.shell:Skip shell extension 'powershell' for command environment: Not usable outside of PowerShell
[24.308s] DEBUG:colcon.colcon_core.shell:Skip shell extension 'dsv' for command environment
[24.411s] DEBUG:colcon.colcon_core.event_handler.log_command:Invoking command in '/home/roboboat/RoboBoat_Cyber_Minority/Comp_2024/GPS_Related_Tasks/build/vectornav': CMAKE_PREFIX_PATH=/home/roboboat/RoboBoat_Cyber_Minority/Comp_2024/GPS_Related_Tasks/install/vectornav_msgs:/home/roboboat/RoboBoat_Cyber_Minority/Comp_2024/GPS_Related_Tasks/install/task1:/home/roboboat/RoboBoat_Cyber_Minority/Comp_2024/GPS_Related_Tasks/install/vectornav:/home/roboboat/RoboBoat_Cyber_Minority/Comp_2024/GPS_Related_Tasks/install/urg_node:/home/roboboat/RoboBoat_Cyber_Minority/Comp_2024/GPS_Related_Tasks/install/task8:/home/roboboat/RoboBoat_Cyber_Minority/Comp_2024/GPS_Related_Tasks/install/task2:/home/roboboat/RoboBoat_Cyber_Minority/Comp_2024/GPS_Related_Tasks/install/finals_tasks:/home/roboboat/RoboBoat_Cyber_Minority/ROS2_Imp/ros2_foxy/install/vectornav:/home/roboboat/RoboBoat_Cyber_Minority/ROS2_Imp/ros2_foxy/install/vectornav_msgs:/home/roboboat/RoboBoat_Cyber_Minority/ROS2_Imp/ros2_foxy/install/main_control:/home/roboboat/RoboBoat_Cyber_Minority/ROS2_Imp/ros2_foxy/install/detector:/opt/ros/foxy LD_LIBRARY_PATH=/home/roboboat/RoboBoat_Cyber_Minority/Comp_2024/GPS_Related_Tasks/install/vectornav_msgs/lib:/home/roboboat/RoboBoat_Cyber_Minority/Comp_2024/GPS_Related_Tasks/install/vectornav/lib:/home/roboboat/RoboBoat_Cyber_Minority/Comp_2024/GPS_Related_Tasks/install/urg_node/lib:/home/roboboat/RoboBoat_Cyber_Minority/ROS2_Imp/ros2_foxy/install/vectornav/lib:/home/roboboat/RoboBoat_Cyber_Minority/ROS2_Imp/ros2_foxy/install/vectornav_msgs/lib:/home/roboboat/RoboBoat_Cyber_Minority/ROS2_Imp/ros2_foxy/install/main_control/lib:/home/roboboat/RoboBoat_Cyber_Minority/ROS2_Imp/ros2_foxy/install/detector/lib:/opt/ros/foxy/opt/yaml_cpp_vendor/lib:/opt/ros/foxy/opt/rviz_ogre_vendor/lib:/opt/ros/foxy/lib/aarch64-linux-gnu:/opt/ros/foxy/lib PYTHONPATH=/home/roboboat/RoboBoat_Cyber_Minority/Comp_2024/GPS_Related_Tasks/install/vectornav_msgs/lib/python3.8/site-packages:/home/roboboat/RoboBoat_Cyber_Minority/Comp_2024/GPS_Related_Tasks/install/task1/lib/python3.8/site-packages:/home/roboboat/RoboBoat_Cyber_Minority/ROS2_Imp/ros2_foxy/install/vectornav_msgs/lib/python3.8/site-packages:/home/roboboat/RoboBoat_Cyber_Minority/ROS2_Imp/ros2_foxy/install/main_control/lib/python3.8/site-packages:/home/roboboat/RoboBoat_Cyber_Minority/ROS2_Imp/ros2_foxy/install/detector/lib/python3.8/site-packages:/opt/ros/foxy/lib/python3.8/site-packages /usr/bin/cmake --build /home/roboboat/RoboBoat_Cyber_Minority/Comp_2024/GPS_Related_Tasks/build/vectornav -- -j12 -l12
[39.244s] DEBUG:colcon.colcon_core.event_handler.log_command:Invoked command in '/home/roboboat/RoboBoat_Cyber_Minority/Comp_2024/GPS_Related_Tasks/build/vectornav' returned '2': CMAKE_PREFIX_PATH=/home/roboboat/RoboBoat_Cyber_Minority/Comp_2024/GPS_Related_Tasks/install/vectornav_msgs:/home/roboboat/RoboBoat_Cyber_Minority/Comp_2024/GPS_Related_Tasks/install/task1:/home/roboboat/RoboBoat_Cyber_Minority/Comp_2024/GPS_Related_Tasks/install/vectornav:/home/roboboat/RoboBoat_Cyber_Minority/Comp_2024/GPS_Related_Tasks/install/urg_node:/home/roboboat/RoboBoat_Cyber_Minority/Comp_2024/GPS_Related_Tasks/install/task8:/home/roboboat/RoboBoat_Cyber_Minority/Comp_2024/GPS_Related_Tasks/install/task2:/home/roboboat/RoboBoat_Cyber_Minority/Comp_2024/GPS_Related_Tasks/install/finals_tasks:/home/roboboat/RoboBoat_Cyber_Minority/ROS2_Imp/ros2_foxy/install/vectornav:/home/roboboat/RoboBoat_Cyber_Minority/ROS2_Imp/ros2_foxy/install/vectornav_msgs:/home/roboboat/RoboBoat_Cyber_Minority/ROS2_Imp/ros2_foxy/install/main_control:/home/roboboat/RoboBoat_Cyber_Minority/ROS2_Imp/ros2_foxy/install/detector:/opt/ros/foxy LD_LIBRARY_PATH=/home/roboboat/RoboBoat_Cyber_Minority/Comp_2024/GPS_Related_Tasks/install/vectornav_msgs/lib:/home/roboboat/RoboBoat_Cyber_Minority/Comp_2024/GPS_Related_Tasks/install/vectornav/lib:/home/roboboat/RoboBoat_Cyber_Minority/Comp_2024/GPS_Related_Tasks/install/urg_node/lib:/home/roboboat/RoboBoat_Cyber_Minority/ROS2_Imp/ros2_foxy/install/vectornav/lib:/home/roboboat/RoboBoat_Cyber_Minority/ROS2_Imp/ros2_foxy/install/vectornav_msgs/lib:/home/roboboat/RoboBoat_Cyber_Minority/ROS2_Imp/ros2_foxy/install/main_control/lib:/home/roboboat/RoboBoat_Cyber_Minority/ROS2_Imp/ros2_foxy/install/detector/lib:/opt/ros/foxy/opt/yaml_cpp_vendor/lib:/opt/ros/foxy/opt/rviz_ogre_vendor/lib:/opt/ros/foxy/lib/aarch64-linux-gnu:/opt/ros/foxy/lib PYTHONPATH=/home/roboboat/RoboBoat_Cyber_Minority/Comp_2024/GPS_Related_Tasks/install/vectornav_msgs/lib/python3.8/site-packages:/home/roboboat/RoboBoat_Cyber_Minority/Comp_2024/GPS_Related_Tasks/install/task1/lib/python3.8/site-packages:/home/roboboat/RoboBoat_Cyber_Minority/ROS2_Imp/ros2_foxy/install/vectornav_msgs/lib/python3.8/site-packages:/home/roboboat/RoboBoat_Cyber_Minority/ROS2_Imp/ros2_foxy/install/main_control/lib/python3.8/site-packages:/home/roboboat/RoboBoat_Cyber_Minority/ROS2_Imp/ros2_foxy/install/detector/lib/python3.8/site-packages:/opt/ros/foxy/lib/python3.8/site-packages /usr/bin/cmake --build /home/roboboat/RoboBoat_Cyber_Minority/Comp_2024/GPS_Related_Tasks/build/vectornav -- -j12 -l12
[39.343s] Level 1:colcon.colcon_core.environment:create_environment_scripts_only(vectornav)
[39.364s] Level 1:colcon.colcon_core.environment:checking '/home/roboboat/RoboBoat_Cyber_Minority/Comp_2024/GPS_Related_Tasks/install/vectornav' for CMake module files
[39.365s] Level 1:colcon.colcon_core.environment:checking '/home/roboboat/RoboBoat_Cyber_Minority/Comp_2024/GPS_Related_Tasks/install/vectornav' for CMake config files
[39.365s] Level 1:colcon.colcon_core.shell:create_environment_hook('vectornav', 'cmake_prefix_path')
[39.382s] INFO:colcon.colcon_core.shell:Creating environment hook '/home/roboboat/RoboBoat_Cyber_Minority/Comp_2024/GPS_Related_Tasks/install/vectornav/share/vectornav/hook/cmake_prefix_path.ps1'
[39.383s] INFO:colcon.colcon_core.shell:Creating environment descriptor '/home/roboboat/RoboBoat_Cyber_Minority/Comp_2024/GPS_Related_Tasks/install/vectornav/share/vectornav/hook/cmake_prefix_path.dsv'
[39.383s] INFO:colcon.colcon_core.shell:Creating environment hook '/home/roboboat/RoboBoat_Cyber_Minority/Comp_2024/GPS_Related_Tasks/install/vectornav/share/vectornav/hook/cmake_prefix_path.sh'
[39.386s] Level 1:colcon.colcon_core.environment:checking '/home/roboboat/RoboBoat_Cyber_Minority/Comp_2024/GPS_Related_Tasks/install/vectornav/lib'
[39.386s] Level 1:colcon.colcon_core.shell:create_environment_hook('vectornav', 'ld_library_path_lib')
[39.402s] INFO:colcon.colcon_core.shell:Creating environment hook '/home/roboboat/RoboBoat_Cyber_Minority/Comp_2024/GPS_Related_Tasks/install/vectornav/share/vectornav/hook/ld_library_path_lib.ps1'
[39.403s] INFO:colcon.colcon_core.shell:Creating environment descriptor '/home/roboboat/RoboBoat_Cyber_Minority/Comp_2024/GPS_Related_Tasks/install/vectornav/share/vectornav/hook/ld_library_path_lib.dsv'
[39.403s] INFO:colcon.colcon_core.shell:Creating environment hook '/home/roboboat/RoboBoat_Cyber_Minority/Comp_2024/GPS_Related_Tasks/install/vectornav/share/vectornav/hook/ld_library_path_lib.sh'
[39.404s] Level 1:colcon.colcon_core.environment:checking '/home/roboboat/RoboBoat_Cyber_Minority/Comp_2024/GPS_Related_Tasks/install/vectornav/bin'
[39.404s] Level 1:colcon.colcon_core.environment:checking '/home/roboboat/RoboBoat_Cyber_Minority/Comp_2024/GPS_Related_Tasks/install/vectornav/lib/pkgconfig/vectornav.pc'
[39.404s] Level 1:colcon.colcon_core.environment:checking '/home/roboboat/RoboBoat_Cyber_Minority/Comp_2024/GPS_Related_Tasks/install/vectornav/lib/python3.8/site-packages'
[39.405s] Level 1:colcon.colcon_core.environment:checking '/home/roboboat/RoboBoat_Cyber_Minority/Comp_2024/GPS_Related_Tasks/install/vectornav/bin'
[39.421s] INFO:colcon.colcon_core.shell:Creating package script '/home/roboboat/RoboBoat_Cyber_Minority/Comp_2024/GPS_Related_Tasks/install/vectornav/share/vectornav/package.ps1'
[39.422s] INFO:colcon.colcon_core.shell:Creating package descriptor '/home/roboboat/RoboBoat_Cyber_Minority/Comp_2024/GPS_Related_Tasks/install/vectornav/share/vectornav/package.dsv'
[39.425s] INFO:colcon.colcon_core.shell:Creating package script '/home/roboboat/RoboBoat_Cyber_Minority/Comp_2024/GPS_Related_Tasks/install/vectornav/share/vectornav/package.sh'
[39.429s] INFO:colcon.colcon_core.shell:Creating package script '/home/roboboat/RoboBoat_Cyber_Minority/Comp_2024/GPS_Related_Tasks/install/vectornav/share/vectornav/package.bash'
[39.430s] INFO:colcon.colcon_core.shell:Creating package script '/home/roboboat/RoboBoat_Cyber_Minority/Comp_2024/GPS_Related_Tasks/install/vectornav/share/vectornav/package.zsh'
[39.431s] Level 1:colcon.colcon_core.environment:create_file_with_runtime_dependencies(/home/roboboat/RoboBoat_Cyber_Minority/Comp_2024/GPS_Related_Tasks/install/vectornav/share/colcon-core/packages/vectornav)
[39.441s] DEBUG:colcon.colcon_parallel_executor.executor.parallel:closing loop
[39.441s] DEBUG:colcon.colcon_parallel_executor.executor.parallel:loop closed
[39.442s] DEBUG:colcon.colcon_parallel_executor.executor.parallel:run_until_complete finished with '2'
[39.442s] DEBUG:colcon.colcon_core.event_reactor:joining thread
[39.525s] INFO:colcon.colcon_core.plugin_system:Skipping extension 'colcon_notification.desktop_notification.terminal_notifier': Not used on non-Darwin systems
[39.525s] INFO:colcon.colcon_core.plugin_system:Skipping extension 'colcon_notification.desktop_notification.win32': Not used on non-Windows systems
[39.525s] INFO:colcon.colcon_notification.desktop_notification:Sending desktop notification using 'notify2'
[39.590s] DEBUG:colcon.colcon_core.event_reactor:joined thread
[39.610s] INFO:colcon.colcon_core.shell:Creating prefix script '/home/roboboat/RoboBoat_Cyber_Minority/Comp_2024/GPS_Related_Tasks/install/local_setup.ps1'
[39.612s] INFO:colcon.colcon_core.shell:Creating prefix util module '/home/roboboat/RoboBoat_Cyber_Minority/Comp_2024/GPS_Related_Tasks/install/_local_setup_util_ps1.py'
[39.616s] INFO:colcon.colcon_core.shell:Creating prefix chain script '/home/roboboat/RoboBoat_Cyber_Minority/Comp_2024/GPS_Related_Tasks/install/setup.ps1'
[39.646s] INFO:colcon.colcon_core.shell:Creating prefix script '/home/roboboat/RoboBoat_Cyber_Minority/Comp_2024/GPS_Related_Tasks/install/local_setup.sh'
[39.647s] INFO:colcon.colcon_core.shell:Creating prefix util module '/home/roboboat/RoboBoat_Cyber_Minority/Comp_2024/GPS_Related_Tasks/install/_local_setup_util_sh.py'
[39.648s] INFO:colcon.colcon_core.shell:Creating prefix chain script '/home/roboboat/RoboBoat_Cyber_Minority/Comp_2024/GPS_Related_Tasks/install/setup.sh'
[39.673s] INFO:colcon.colcon_core.shell:Creating prefix script '/home/roboboat/RoboBoat_Cyber_Minority/Comp_2024/GPS_Related_Tasks/install/local_setup.bash'
[39.674s] INFO:colcon.colcon_core.shell:Creating prefix chain script '/home/roboboat/RoboBoat_Cyber_Minority/Comp_2024/GPS_Related_Tasks/install/setup.bash'
[39.700s] INFO:colcon.colcon_core.shell:Creating prefix script '/home/roboboat/RoboBoat_Cyber_Minority/Comp_2024/GPS_Related_Tasks/install/local_setup.zsh'
[39.701s] INFO:colcon.colcon_core.shell:Creating prefix chain script '/home/roboboat/RoboBoat_Cyber_Minority/Comp_2024/GPS_Related_Tasks/install/setup.zsh'
