[3.884s] DEBUG:colcon:Command line arguments: ['/usr/bin/colcon', 'build']
[3.885s] DEBUG:colcon:Parsed command line arguments: Namespace(allow_overriding=[], ament_cmake_args=None, base_paths=['.'], build_base='build', catkin_cmake_args=None, catkin_skip_building_tests=False, cmake_args=None, cmake_clean_cache=False, cmake_clean_first=False, cmake_force_configure=False, cmake_target=None, cmake_target_skip_unavailable=False, continue_on_error=False, event_handlers=None, executor='parallel', ignore_user_meta=False, install_base='install', log_base=None, log_level=None, main=<bound method BuildVerb.main of <colcon_core.verb.build.BuildVerb object at 0xffff7e614880>>, merge_install=False, metas=['./colcon.meta'], packages_above=None, packages_above_and_dependencies=None, packages_above_depth=None, packages_end=None, packages_ignore=None, packages_ignore_regex=None, packages_select=None, packages_select_build_failed=False, packages_select_by_dep=None, packages_select_regex=None, packages_select_test_failures=False, packages_skip=None, packages_skip_build_finished=False, packages_skip_by_dep=None, packages_skip_regex=None, packages_skip_test_passed=False, packages_skip_up_to=None, packages_start=None, packages_up_to=None, packages_up_to_regex=None, parallel_workers=12, paths=None, symlink_install=False, test_result_base=None, verb_extension=<colcon_core.verb.build.BuildVerb object at 0xffff7e614880>, verb_name='build', verb_parser=<colcon_defaults.argument_parser.defaults.DefaultArgumentsDecorator object at 0xffff7e2b7460>)
[4.111s] Level 1:colcon.colcon_core.package_discovery:discover_packages(colcon_meta) check parameters
[4.111s] Level 1:colcon.colcon_core.package_discovery:discover_packages(recursive) check parameters
[4.111s] Level 1:colcon.colcon_core.package_discovery:discover_packages(ignore) check parameters
[4.111s] Level 1:colcon.colcon_core.package_discovery:discover_packages(path) check parameters
[4.112s] Level 1:colcon.colcon_core.package_discovery:discover_packages(colcon_meta) discover
[4.112s] Level 1:colcon.colcon_core.package_discovery:discover_packages(recursive) discover
[4.112s] INFO:colcon.colcon_core.package_discovery:Crawling recursively for packages in '/home/roboboat/RoboBoat_Cyber_Minority/ROS2_Imp/ros2_foxy/src/vectornav'
[4.112s] Level 1:colcon.colcon_core.package_identification:_identify(.) by extensions ['ignore', 'ignore_ament_install']
[4.112s] Level 1:colcon.colcon_core.package_identification:_identify(.) by extension 'ignore'
[4.112s] Level 1:colcon.colcon_core.package_identification:_identify(.) by extension 'ignore_ament_install'
[4.112s] Level 1:colcon.colcon_core.package_identification:_identify(.) by extensions ['colcon_pkg']
[4.112s] Level 1:colcon.colcon_core.package_identification:_identify(.) by extension 'colcon_pkg'
[4.112s] Level 1:colcon.colcon_core.package_identification:_identify(.) by extensions ['colcon_meta']
[4.112s] Level 1:colcon.colcon_core.package_identification:_identify(.) by extension 'colcon_meta'
[4.113s] Level 1:colcon.colcon_core.package_identification:_identify(.) by extensions ['ros']
[4.113s] Level 1:colcon.colcon_core.package_identification:_identify(.) by extension 'ros'
[4.144s] Level 1:colcon.colcon_core.package_identification:_identify(.) by extensions ['cmake', 'python']
[4.144s] Level 1:colcon.colcon_core.package_identification:_identify(.) by extension 'cmake'
[4.144s] Level 1:colcon.colcon_core.package_identification:_identify(.) by extension 'python'
[4.144s] Level 1:colcon.colcon_core.package_identification:_identify(.) by extensions ['python_setup_py']
[4.144s] Level 1:colcon.colcon_core.package_identification:_identify(.) by extension 'python_setup_py'
[4.144s] Level 1:colcon.colcon_core.package_identification:_identify(build) by extensions ['ignore', 'ignore_ament_install']
[4.144s] Level 1:colcon.colcon_core.package_identification:_identify(build) by extension 'ignore'
[4.144s] Level 1:colcon.colcon_core.package_identification:_identify(build) ignored
[4.145s] Level 1:colcon.colcon_core.package_identification:_identify(install) by extensions ['ignore', 'ignore_ament_install']
[4.145s] Level 1:colcon.colcon_core.package_identification:_identify(install) by extension 'ignore'
[4.145s] Level 1:colcon.colcon_core.package_identification:_identify(install) ignored
[4.145s] Level 1:colcon.colcon_core.package_identification:_identify(log) by extensions ['ignore', 'ignore_ament_install']
[4.145s] Level 1:colcon.colcon_core.package_identification:_identify(log) by extension 'ignore'
[4.145s] Level 1:colcon.colcon_core.package_identification:_identify(log) ignored
[4.145s] Level 1:colcon.colcon_core.package_identification:_identify(vectornav) by extensions ['ignore', 'ignore_ament_install']
[4.145s] Level 1:colcon.colcon_core.package_identification:_identify(vectornav) by extension 'ignore'
[4.146s] Level 1:colcon.colcon_core.package_identification:_identify(vectornav) by extension 'ignore_ament_install'
[4.146s] Level 1:colcon.colcon_core.package_identification:_identify(vectornav) by extensions ['colcon_pkg']
[4.146s] Level 1:colcon.colcon_core.package_identification:_identify(vectornav) by extension 'colcon_pkg'
[4.146s] Level 1:colcon.colcon_core.package_identification:_identify(vectornav) by extensions ['colcon_meta']
[4.146s] Level 1:colcon.colcon_core.package_identification:_identify(vectornav) by extension 'colcon_meta'
[4.146s] Level 1:colcon.colcon_core.package_identification:_identify(vectornav) by extensions ['ros']
[4.146s] Level 1:colcon.colcon_core.package_identification:_identify(vectornav) by extension 'ros'
[4.157s] DEBUG:colcon.colcon_core.package_identification:Package 'vectornav' with type 'ros.ament_cmake' and name 'vectornav'
[4.157s] Level 1:colcon.colcon_core.package_identification:_identify(vectornav_msgs) by extensions ['ignore', 'ignore_ament_install']
[4.157s] Level 1:colcon.colcon_core.package_identification:_identify(vectornav_msgs) by extension 'ignore'
[4.158s] Level 1:colcon.colcon_core.package_identification:_identify(vectornav_msgs) by extension 'ignore_ament_install'
[4.158s] Level 1:colcon.colcon_core.package_identification:_identify(vectornav_msgs) by extensions ['colcon_pkg']
[4.158s] Level 1:colcon.colcon_core.package_identification:_identify(vectornav_msgs) by extension 'colcon_pkg'
[4.158s] Level 1:colcon.colcon_core.package_identification:_identify(vectornav_msgs) by extensions ['colcon_meta']
[4.158s] Level 1:colcon.colcon_core.package_identification:_identify(vectornav_msgs) by extension 'colcon_meta'
[4.158s] Level 1:colcon.colcon_core.package_identification:_identify(vectornav_msgs) by extensions ['ros']
[4.158s] Level 1:colcon.colcon_core.package_identification:_identify(vectornav_msgs) by extension 'ros'
[4.159s] DEBUG:colcon.colcon_core.package_identification:Package 'vectornav_msgs' with type 'ros.ament_cmake' and name 'vectornav_msgs'
[4.159s] Level 1:colcon.colcon_core.package_discovery:discover_packages(recursive) using defaults
[4.159s] Level 1:colcon.colcon_core.package_discovery:discover_packages(ignore) discover
[4.159s] Level 1:colcon.colcon_core.package_discovery:discover_packages(ignore) using defaults
[4.159s] Level 1:colcon.colcon_core.package_discovery:discover_packages(path) discover
[4.159s] Level 1:colcon.colcon_core.package_discovery:discover_packages(path) using defaults
[4.298s] Level 1:colcon.colcon_core.package_discovery:discover_packages(prefix_path) check parameters
[4.298s] Level 1:colcon.colcon_core.package_discovery:discover_packages(prefix_path) discover
[4.348s] DEBUG:colcon.colcon_installed_package_information.package_discovery:Found 4 installed packages in /home/roboboat/RoboBoat_Cyber_Minority/ROS2_Imp/ros2_foxy/install
[4.366s] DEBUG:colcon.colcon_installed_package_information.package_discovery:Found 256 installed packages in /opt/ros/foxy
[4.367s] Level 1:colcon.colcon_core.package_discovery:discover_packages(prefix_path) using defaults
[4.500s] Level 5:colcon.colcon_core.verb:set package 'vectornav_msgs' build argument 'cmake_args' from command line to 'None'
[4.500s] Level 5:colcon.colcon_core.verb:set package 'vectornav_msgs' build argument 'cmake_target' from command line to 'None'
[4.500s] Level 5:colcon.colcon_core.verb:set package 'vectornav_msgs' build argument 'cmake_target_skip_unavailable' from command line to 'False'
[4.500s] Level 5:colcon.colcon_core.verb:set package 'vectornav_msgs' build argument 'cmake_clean_cache' from command line to 'False'
[4.500s] Level 5:colcon.colcon_core.verb:set package 'vectornav_msgs' build argument 'cmake_clean_first' from command line to 'False'
[4.501s] Level 5:colcon.colcon_core.verb:set package 'vectornav_msgs' build argument 'cmake_force_configure' from command line to 'False'
[4.501s] Level 5:colcon.colcon_core.verb:set package 'vectornav_msgs' build argument 'ament_cmake_args' from command line to 'None'
[4.501s] Level 5:colcon.colcon_core.verb:set package 'vectornav_msgs' build argument 'catkin_cmake_args' from command line to 'None'
[4.501s] Level 5:colcon.colcon_core.verb:set package 'vectornav_msgs' build argument 'catkin_skip_building_tests' from command line to 'False'
[4.501s] DEBUG:colcon.colcon_core.verb:Building package 'vectornav_msgs' with the following arguments: {'ament_cmake_args': None, 'build_base': '/home/roboboat/RoboBoat_Cyber_Minority/ROS2_Imp/ros2_foxy/src/vectornav/build/vectornav_msgs', 'catkin_cmake_args': None, 'catkin_skip_building_tests': False, 'cmake_args': None, 'cmake_clean_cache': False, 'cmake_clean_first': False, 'cmake_force_configure': False, 'cmake_target': None, 'cmake_target_skip_unavailable': False, 'install_base': '/home/roboboat/RoboBoat_Cyber_Minority/ROS2_Imp/ros2_foxy/src/vectornav/install/vectornav_msgs', 'merge_install': False, 'path': '/home/roboboat/RoboBoat_Cyber_Minority/ROS2_Imp/ros2_foxy/src/vectornav/vectornav_msgs', 'symlink_install': False, 'test_result_base': None}
[4.517s] Level 5:colcon.colcon_core.verb:set package 'vectornav' build argument 'cmake_args' from command line to 'None'
[4.517s] Level 5:colcon.colcon_core.verb:set package 'vectornav' build argument 'cmake_target' from command line to 'None'
[4.517s] Level 5:colcon.colcon_core.verb:set package 'vectornav' build argument 'cmake_target_skip_unavailable' from command line to 'False'
[4.517s] Level 5:colcon.colcon_core.verb:set package 'vectornav' build argument 'cmake_clean_cache' from command line to 'False'
[4.517s] Level 5:colcon.colcon_core.verb:set package 'vectornav' build argument 'cmake_clean_first' from command line to 'False'
[4.517s] Level 5:colcon.colcon_core.verb:set package 'vectornav' build argument 'cmake_force_configure' from command line to 'False'
[4.517s] Level 5:colcon.colcon_core.verb:set package 'vectornav' build argument 'ament_cmake_args' from command line to 'None'
[4.517s] Level 5:colcon.colcon_core.verb:set package 'vectornav' build argument 'catkin_cmake_args' from command line to 'None'
[4.517s] Level 5:colcon.colcon_core.verb:set package 'vectornav' build argument 'catkin_skip_building_tests' from command line to 'False'
[4.517s] DEBUG:colcon.colcon_core.verb:Building package 'vectornav' with the following arguments: {'ament_cmake_args': None, 'build_base': '/home/roboboat/RoboBoat_Cyber_Minority/ROS2_Imp/ros2_foxy/src/vectornav/build/vectornav', 'catkin_cmake_args': None, 'catkin_skip_building_tests': False, 'cmake_args': None, 'cmake_clean_cache': False, 'cmake_clean_first': False, 'cmake_force_configure': False, 'cmake_target': None, 'cmake_target_skip_unavailable': False, 'install_base': '/home/roboboat/RoboBoat_Cyber_Minority/ROS2_Imp/ros2_foxy/src/vectornav/install/vectornav', 'merge_install': False, 'path': '/home/roboboat/RoboBoat_Cyber_Minority/ROS2_Imp/ros2_foxy/src/vectornav/vectornav', 'symlink_install': False, 'test_result_base': None}
[4.533s] INFO:colcon.colcon_core.executor:Executing jobs using 'parallel' executor
[4.551s] DEBUG:colcon.colcon_parallel_executor.executor.parallel:run_until_complete
[4.551s] INFO:colcon.colcon_ros.task.ament_cmake.build:Building ROS package in '/home/roboboat/RoboBoat_Cyber_Minority/ROS2_Imp/ros2_foxy/src/vectornav/vectornav_msgs' with build type 'ament_cmake'
[4.552s] INFO:colcon.colcon_cmake.task.cmake.build:Building CMake package in '/home/roboboat/RoboBoat_Cyber_Minority/ROS2_Imp/ros2_foxy/src/vectornav/vectornav_msgs'
[4.582s] INFO:colcon.colcon_core.plugin_system:Skipping extension 'colcon_core.shell.bat': Not used on non-Windows systems
[4.583s] INFO:colcon.colcon_core.shell:Skip shell extension 'powershell' for command environment: Not usable outside of PowerShell
[4.583s] DEBUG:colcon.colcon_core.shell:Skip shell extension 'dsv' for command environment
[4.654s] DEBUG:colcon.colcon_core.event_handler.log_command:Invoking command in '/home/roboboat/RoboBoat_Cyber_Minority/ROS2_Imp/ros2_foxy/src/vectornav/build/vectornav_msgs': CMAKE_PREFIX_PATH=${CMAKE_PREFIX_PATH}:/opt/ros/foxy /usr/bin/cmake /home/roboboat/RoboBoat_Cyber_Minority/ROS2_Imp/ros2_foxy/src/vectornav/vectornav_msgs -DCMAKE_INSTALL_PREFIX=/home/roboboat/RoboBoat_Cyber_Minority/ROS2_Imp/ros2_foxy/src/vectornav/install/vectornav_msgs
[8.948s] DEBUG:colcon.colcon_core.event_handler.log_command:Invoked command in '/home/roboboat/RoboBoat_Cyber_Minority/ROS2_Imp/ros2_foxy/src/vectornav/build/vectornav_msgs' returned '0': CMAKE_PREFIX_PATH=${CMAKE_PREFIX_PATH}:/opt/ros/foxy /usr/bin/cmake /home/roboboat/RoboBoat_Cyber_Minority/ROS2_Imp/ros2_foxy/src/vectornav/vectornav_msgs -DCMAKE_INSTALL_PREFIX=/home/roboboat/RoboBoat_Cyber_Minority/ROS2_Imp/ros2_foxy/src/vectornav/install/vectornav_msgs
[8.954s] DEBUG:colcon.colcon_core.event_handler.log_command:Invoking command in '/home/roboboat/RoboBoat_Cyber_Minority/ROS2_Imp/ros2_foxy/src/vectornav/build/vectornav_msgs': CMAKE_PREFIX_PATH=${CMAKE_PREFIX_PATH}:/opt/ros/foxy /usr/bin/cmake --build /home/roboboat/RoboBoat_Cyber_Minority/ROS2_Imp/ros2_foxy/src/vectornav/build/vectornav_msgs -- -j12 -l12
[24.956s] DEBUG:colcon.colcon_core.event_handler.log_command:Invoked command in '/home/roboboat/RoboBoat_Cyber_Minority/ROS2_Imp/ros2_foxy/src/vectornav/build/vectornav_msgs' returned '0': CMAKE_PREFIX_PATH=${CMAKE_PREFIX_PATH}:/opt/ros/foxy /usr/bin/cmake --build /home/roboboat/RoboBoat_Cyber_Minority/ROS2_Imp/ros2_foxy/src/vectornav/build/vectornav_msgs -- -j12 -l12
[25.347s] DEBUG:colcon.colcon_core.event_handler.log_command:Invoking command in '/home/roboboat/RoboBoat_Cyber_Minority/ROS2_Imp/ros2_foxy/src/vectornav/build/vectornav_msgs': CMAKE_PREFIX_PATH=${CMAKE_PREFIX_PATH}:/opt/ros/foxy /usr/bin/cmake --install /home/roboboat/RoboBoat_Cyber_Minority/ROS2_Imp/ros2_foxy/src/vectornav/build/vectornav_msgs
[25.490s] Level 1:colcon.colcon_core.environment:create_environment_scripts_only(vectornav_msgs)
[25.491s] DEBUG:colcon.colcon_core.event_handler.log_command:Invoked command in '/home/roboboat/RoboBoat_Cyber_Minority/ROS2_Imp/ros2_foxy/src/vectornav/build/vectornav_msgs' returned '0': CMAKE_PREFIX_PATH=${CMAKE_PREFIX_PATH}:/opt/ros/foxy /usr/bin/cmake --install /home/roboboat/RoboBoat_Cyber_Minority/ROS2_Imp/ros2_foxy/src/vectornav/build/vectornav_msgs
[25.559s] Level 1:colcon.colcon_core.environment:checking '/home/roboboat/RoboBoat_Cyber_Minority/ROS2_Imp/ros2_foxy/src/vectornav/install/vectornav_msgs' for CMake module files
[25.561s] Level 1:colcon.colcon_core.environment:checking '/home/roboboat/RoboBoat_Cyber_Minority/ROS2_Imp/ros2_foxy/src/vectornav/install/vectornav_msgs' for CMake config files
[25.562s] Level 1:colcon.colcon_core.shell:create_environment_hook('vectornav_msgs', 'cmake_prefix_path')
[25.591s] INFO:colcon.colcon_core.shell:Creating environment hook '/home/roboboat/RoboBoat_Cyber_Minority/ROS2_Imp/ros2_foxy/src/vectornav/install/vectornav_msgs/share/vectornav_msgs/hook/cmake_prefix_path.ps1'
[25.614s] INFO:colcon.colcon_core.shell:Creating environment descriptor '/home/roboboat/RoboBoat_Cyber_Minority/ROS2_Imp/ros2_foxy/src/vectornav/install/vectornav_msgs/share/vectornav_msgs/hook/cmake_prefix_path.dsv'
[25.616s] INFO:colcon.colcon_core.shell:Creating environment hook '/home/roboboat/RoboBoat_Cyber_Minority/ROS2_Imp/ros2_foxy/src/vectornav/install/vectornav_msgs/share/vectornav_msgs/hook/cmake_prefix_path.sh'
[25.618s] Level 1:colcon.colcon_core.environment:checking '/home/roboboat/RoboBoat_Cyber_Minority/ROS2_Imp/ros2_foxy/src/vectornav/install/vectornav_msgs/lib'
[25.618s] Level 1:colcon.colcon_core.shell:create_environment_hook('vectornav_msgs', 'ld_library_path_lib')
[25.641s] INFO:colcon.colcon_core.shell:Creating environment hook '/home/roboboat/RoboBoat_Cyber_Minority/ROS2_Imp/ros2_foxy/src/vectornav/install/vectornav_msgs/share/vectornav_msgs/hook/ld_library_path_lib.ps1'
[25.642s] INFO:colcon.colcon_core.shell:Creating environment descriptor '/home/roboboat/RoboBoat_Cyber_Minority/ROS2_Imp/ros2_foxy/src/vectornav/install/vectornav_msgs/share/vectornav_msgs/hook/ld_library_path_lib.dsv'
[25.642s] INFO:colcon.colcon_core.shell:Creating environment hook '/home/roboboat/RoboBoat_Cyber_Minority/ROS2_Imp/ros2_foxy/src/vectornav/install/vectornav_msgs/share/vectornav_msgs/hook/ld_library_path_lib.sh'
[25.643s] Level 1:colcon.colcon_core.environment:checking '/home/roboboat/RoboBoat_Cyber_Minority/ROS2_Imp/ros2_foxy/src/vectornav/install/vectornav_msgs/bin'
[25.643s] Level 1:colcon.colcon_core.environment:checking '/home/roboboat/RoboBoat_Cyber_Minority/ROS2_Imp/ros2_foxy/src/vectornav/install/vectornav_msgs/lib/pkgconfig/vectornav_msgs.pc'
[25.643s] Level 1:colcon.colcon_core.environment:checking '/home/roboboat/RoboBoat_Cyber_Minority/ROS2_Imp/ros2_foxy/src/vectornav/install/vectornav_msgs/lib/python3.8/site-packages'
[25.643s] Level 1:colcon.colcon_core.shell:create_environment_hook('vectornav_msgs', 'pythonpath')
[25.660s] INFO:colcon.colcon_core.shell:Creating environment hook '/home/roboboat/RoboBoat_Cyber_Minority/ROS2_Imp/ros2_foxy/src/vectornav/install/vectornav_msgs/share/vectornav_msgs/hook/pythonpath.ps1'
[25.661s] INFO:colcon.colcon_core.shell:Creating environment descriptor '/home/roboboat/RoboBoat_Cyber_Minority/ROS2_Imp/ros2_foxy/src/vectornav/install/vectornav_msgs/share/vectornav_msgs/hook/pythonpath.dsv'
[25.661s] INFO:colcon.colcon_core.shell:Creating environment hook '/home/roboboat/RoboBoat_Cyber_Minority/ROS2_Imp/ros2_foxy/src/vectornav/install/vectornav_msgs/share/vectornav_msgs/hook/pythonpath.sh'
[25.662s] Level 1:colcon.colcon_core.environment:checking '/home/roboboat/RoboBoat_Cyber_Minority/ROS2_Imp/ros2_foxy/src/vectornav/install/vectornav_msgs/bin'
[25.678s] INFO:colcon.colcon_core.shell:Creating package script '/home/roboboat/RoboBoat_Cyber_Minority/ROS2_Imp/ros2_foxy/src/vectornav/install/vectornav_msgs/share/vectornav_msgs/package.ps1'
[25.687s] INFO:colcon.colcon_core.shell:Creating package descriptor '/home/roboboat/RoboBoat_Cyber_Minority/ROS2_Imp/ros2_foxy/src/vectornav/install/vectornav_msgs/share/vectornav_msgs/package.dsv'
[25.688s] INFO:colcon.colcon_core.shell:Creating package script '/home/roboboat/RoboBoat_Cyber_Minority/ROS2_Imp/ros2_foxy/src/vectornav/install/vectornav_msgs/share/vectornav_msgs/package.sh'
[25.690s] INFO:colcon.colcon_core.shell:Creating package script '/home/roboboat/RoboBoat_Cyber_Minority/ROS2_Imp/ros2_foxy/src/vectornav/install/vectornav_msgs/share/vectornav_msgs/package.bash'
[25.691s] INFO:colcon.colcon_core.shell:Creating package script '/home/roboboat/RoboBoat_Cyber_Minority/ROS2_Imp/ros2_foxy/src/vectornav/install/vectornav_msgs/share/vectornav_msgs/package.zsh'
[25.693s] Level 1:colcon.colcon_core.environment:create_file_with_runtime_dependencies(/home/roboboat/RoboBoat_Cyber_Minority/ROS2_Imp/ros2_foxy/src/vectornav/install/vectornav_msgs/share/colcon-core/packages/vectornav_msgs)
[26.092s] Level 1:colcon.colcon_core.environment:create_environment_scripts_only(vectornav_msgs)
[26.118s] Level 1:colcon.colcon_core.environment:checking '/home/roboboat/RoboBoat_Cyber_Minority/ROS2_Imp/ros2_foxy/src/vectornav/install/vectornav_msgs' for CMake module files
[26.119s] Level 1:colcon.colcon_core.environment:checking '/home/roboboat/RoboBoat_Cyber_Minority/ROS2_Imp/ros2_foxy/src/vectornav/install/vectornav_msgs' for CMake config files
[26.119s] Level 1:colcon.colcon_core.shell:create_environment_hook('vectornav_msgs', 'cmake_prefix_path')
[26.136s] INFO:colcon.colcon_core.shell:Creating environment hook '/home/roboboat/RoboBoat_Cyber_Minority/ROS2_Imp/ros2_foxy/src/vectornav/install/vectornav_msgs/share/vectornav_msgs/hook/cmake_prefix_path.ps1'
[26.137s] INFO:colcon.colcon_core.shell:Creating environment descriptor '/home/roboboat/RoboBoat_Cyber_Minority/ROS2_Imp/ros2_foxy/src/vectornav/install/vectornav_msgs/share/vectornav_msgs/hook/cmake_prefix_path.dsv'
[26.138s] INFO:colcon.colcon_core.shell:Creating environment hook '/home/roboboat/RoboBoat_Cyber_Minority/ROS2_Imp/ros2_foxy/src/vectornav/install/vectornav_msgs/share/vectornav_msgs/hook/cmake_prefix_path.sh'
[26.140s] Level 1:colcon.colcon_core.environment:checking '/home/roboboat/RoboBoat_Cyber_Minority/ROS2_Imp/ros2_foxy/src/vectornav/install/vectornav_msgs/lib'
[26.140s] Level 1:colcon.colcon_core.shell:create_environment_hook('vectornav_msgs', 'ld_library_path_lib')
[26.157s] INFO:colcon.colcon_core.shell:Creating environment hook '/home/roboboat/RoboBoat_Cyber_Minority/ROS2_Imp/ros2_foxy/src/vectornav/install/vectornav_msgs/share/vectornav_msgs/hook/ld_library_path_lib.ps1'
[26.157s] INFO:colcon.colcon_core.shell:Creating environment descriptor '/home/roboboat/RoboBoat_Cyber_Minority/ROS2_Imp/ros2_foxy/src/vectornav/install/vectornav_msgs/share/vectornav_msgs/hook/ld_library_path_lib.dsv'
[26.158s] INFO:colcon.colcon_core.shell:Creating environment hook '/home/roboboat/RoboBoat_Cyber_Minority/ROS2_Imp/ros2_foxy/src/vectornav/install/vectornav_msgs/share/vectornav_msgs/hook/ld_library_path_lib.sh'
[26.158s] Level 1:colcon.colcon_core.environment:checking '/home/roboboat/RoboBoat_Cyber_Minority/ROS2_Imp/ros2_foxy/src/vectornav/install/vectornav_msgs/bin'
[26.159s] Level 1:colcon.colcon_core.environment:checking '/home/roboboat/RoboBoat_Cyber_Minority/ROS2_Imp/ros2_foxy/src/vectornav/install/vectornav_msgs/lib/pkgconfig/vectornav_msgs.pc'
[26.159s] Level 1:colcon.colcon_core.environment:checking '/home/roboboat/RoboBoat_Cyber_Minority/ROS2_Imp/ros2_foxy/src/vectornav/install/vectornav_msgs/lib/python3.8/site-packages'
[26.160s] Level 1:colcon.colcon_core.shell:create_environment_hook('vectornav_msgs', 'pythonpath')
[26.176s] INFO:colcon.colcon_core.shell:Creating environment hook '/home/roboboat/RoboBoat_Cyber_Minority/ROS2_Imp/ros2_foxy/src/vectornav/install/vectornav_msgs/share/vectornav_msgs/hook/pythonpath.ps1'
[26.177s] INFO:colcon.colcon_core.shell:Creating environment descriptor '/home/roboboat/RoboBoat_Cyber_Minority/ROS2_Imp/ros2_foxy/src/vectornav/install/vectornav_msgs/share/vectornav_msgs/hook/pythonpath.dsv'
[26.178s] INFO:colcon.colcon_core.shell:Creating environment hook '/home/roboboat/RoboBoat_Cyber_Minority/ROS2_Imp/ros2_foxy/src/vectornav/install/vectornav_msgs/share/vectornav_msgs/hook/pythonpath.sh'
[26.180s] Level 1:colcon.colcon_core.environment:checking '/home/roboboat/RoboBoat_Cyber_Minority/ROS2_Imp/ros2_foxy/src/vectornav/install/vectornav_msgs/bin'
[26.204s] INFO:colcon.colcon_core.shell:Creating package script '/home/roboboat/RoboBoat_Cyber_Minority/ROS2_Imp/ros2_foxy/src/vectornav/install/vectornav_msgs/share/vectornav_msgs/package.ps1'
[26.205s] INFO:colcon.colcon_core.shell:Creating package descriptor '/home/roboboat/RoboBoat_Cyber_Minority/ROS2_Imp/ros2_foxy/src/vectornav/install/vectornav_msgs/share/vectornav_msgs/package.dsv'
[26.206s] INFO:colcon.colcon_core.shell:Creating package script '/home/roboboat/RoboBoat_Cyber_Minority/ROS2_Imp/ros2_foxy/src/vectornav/install/vectornav_msgs/share/vectornav_msgs/package.sh'
[26.206s] INFO:colcon.colcon_core.shell:Creating package script '/home/roboboat/RoboBoat_Cyber_Minority/ROS2_Imp/ros2_foxy/src/vectornav/install/vectornav_msgs/share/vectornav_msgs/package.bash'
[26.207s] INFO:colcon.colcon_core.shell:Creating package script '/home/roboboat/RoboBoat_Cyber_Minority/ROS2_Imp/ros2_foxy/src/vectornav/install/vectornav_msgs/share/vectornav_msgs/package.zsh'
[26.208s] Level 1:colcon.colcon_core.environment:create_file_with_runtime_dependencies(/home/roboboat/RoboBoat_Cyber_Minority/ROS2_Imp/ros2_foxy/src/vectornav/install/vectornav_msgs/share/colcon-core/packages/vectornav_msgs)
[26.208s] INFO:colcon.colcon_ros.task.ament_cmake.build:Building ROS package in '/home/roboboat/RoboBoat_Cyber_Minority/ROS2_Imp/ros2_foxy/src/vectornav/vectornav' with build type 'ament_cmake'
[26.209s] INFO:colcon.colcon_cmake.task.cmake.build:Building CMake package in '/home/roboboat/RoboBoat_Cyber_Minority/ROS2_Imp/ros2_foxy/src/vectornav/vectornav'
[26.228s] INFO:colcon.colcon_core.shell:Skip shell extension 'powershell' for command environment: Not usable outside of PowerShell
[26.228s] DEBUG:colcon.colcon_core.shell:Skip shell extension 'dsv' for command environment
[26.299s] DEBUG:colcon.colcon_core.event_handler.log_command:Invoking command in '/home/roboboat/RoboBoat_Cyber_Minority/ROS2_Imp/ros2_foxy/src/vectornav/build/vectornav': AMENT_PREFIX_PATH=/home/roboboat/RoboBoat_Cyber_Minority/ROS2_Imp/ros2_foxy/src/vectornav/install/vectornav_msgs:${AMENT_PREFIX_PATH} CMAKE_PREFIX_PATH=/home/roboboat/RoboBoat_Cyber_Minority/ROS2_Imp/ros2_foxy/src/vectornav/install/vectornav_msgs:/home/roboboat/RoboBoat_Cyber_Minority/ROS2_Imp/ros2_foxy/install/vectornav:/home/roboboat/RoboBoat_Cyber_Minority/ROS2_Imp/ros2_foxy/install/vectornav_msgs:/home/roboboat/RoboBoat_Cyber_Minority/ROS2_Imp/ros2_foxy/install/main_control:/home/roboboat/RoboBoat_Cyber_Minority/ROS2_Imp/ros2_foxy/install/detector:/opt/ros/foxy LD_LIBRARY_PATH=/home/roboboat/RoboBoat_Cyber_Minority/ROS2_Imp/ros2_foxy/src/vectornav/install/vectornav_msgs/lib:${LD_LIBRARY_PATH} PYTHONPATH=/home/roboboat/RoboBoat_Cyber_Minority/ROS2_Imp/ros2_foxy/src/vectornav/install/vectornav_msgs/lib/python3.8/site-packages:${PYTHONPATH} /usr/bin/cmake /home/roboboat/RoboBoat_Cyber_Minority/ROS2_Imp/ros2_foxy/src/vectornav/vectornav -DCMAKE_INSTALL_PREFIX=/home/roboboat/RoboBoat_Cyber_Minority/ROS2_Imp/ros2_foxy/src/vectornav/install/vectornav
[30.069s] DEBUG:colcon.colcon_core.event_handler.log_command:Invoked command in '/home/roboboat/RoboBoat_Cyber_Minority/ROS2_Imp/ros2_foxy/src/vectornav/build/vectornav' returned '0': AMENT_PREFIX_PATH=/home/roboboat/RoboBoat_Cyber_Minority/ROS2_Imp/ros2_foxy/src/vectornav/install/vectornav_msgs:${AMENT_PREFIX_PATH} CMAKE_PREFIX_PATH=/home/roboboat/RoboBoat_Cyber_Minority/ROS2_Imp/ros2_foxy/src/vectornav/install/vectornav_msgs:/home/roboboat/RoboBoat_Cyber_Minority/ROS2_Imp/ros2_foxy/install/vectornav:/home/roboboat/RoboBoat_Cyber_Minority/ROS2_Imp/ros2_foxy/install/vectornav_msgs:/home/roboboat/RoboBoat_Cyber_Minority/ROS2_Imp/ros2_foxy/install/main_control:/home/roboboat/RoboBoat_Cyber_Minority/ROS2_Imp/ros2_foxy/install/detector:/opt/ros/foxy LD_LIBRARY_PATH=/home/roboboat/RoboBoat_Cyber_Minority/ROS2_Imp/ros2_foxy/src/vectornav/install/vectornav_msgs/lib:${LD_LIBRARY_PATH} PYTHONPATH=/home/roboboat/RoboBoat_Cyber_Minority/ROS2_Imp/ros2_foxy/src/vectornav/install/vectornav_msgs/lib/python3.8/site-packages:${PYTHONPATH} /usr/bin/cmake /home/roboboat/RoboBoat_Cyber_Minority/ROS2_Imp/ros2_foxy/src/vectornav/vectornav -DCMAKE_INSTALL_PREFIX=/home/roboboat/RoboBoat_Cyber_Minority/ROS2_Imp/ros2_foxy/src/vectornav/install/vectornav
[30.075s] DEBUG:colcon.colcon_core.event_handler.log_command:Invoking command in '/home/roboboat/RoboBoat_Cyber_Minority/ROS2_Imp/ros2_foxy/src/vectornav/build/vectornav': AMENT_PREFIX_PATH=/home/roboboat/RoboBoat_Cyber_Minority/ROS2_Imp/ros2_foxy/src/vectornav/install/vectornav_msgs:${AMENT_PREFIX_PATH} CMAKE_PREFIX_PATH=/home/roboboat/RoboBoat_Cyber_Minority/ROS2_Imp/ros2_foxy/src/vectornav/install/vectornav_msgs:/home/roboboat/RoboBoat_Cyber_Minority/ROS2_Imp/ros2_foxy/install/vectornav:/home/roboboat/RoboBoat_Cyber_Minority/ROS2_Imp/ros2_foxy/install/vectornav_msgs:/home/roboboat/RoboBoat_Cyber_Minority/ROS2_Imp/ros2_foxy/install/main_control:/home/roboboat/RoboBoat_Cyber_Minority/ROS2_Imp/ros2_foxy/install/detector:/opt/ros/foxy LD_LIBRARY_PATH=/home/roboboat/RoboBoat_Cyber_Minority/ROS2_Imp/ros2_foxy/src/vectornav/install/vectornav_msgs/lib:${LD_LIBRARY_PATH} PYTHONPATH=/home/roboboat/RoboBoat_Cyber_Minority/ROS2_Imp/ros2_foxy/src/vectornav/install/vectornav_msgs/lib/python3.8/site-packages:${PYTHONPATH} /usr/bin/cmake --build /home/roboboat/RoboBoat_Cyber_Minority/ROS2_Imp/ros2_foxy/src/vectornav/build/vectornav -- -j12 -l12
[32.002s] DEBUG:colcon.colcon_core.event_handler.log_command:Invoked command in '/home/roboboat/RoboBoat_Cyber_Minority/ROS2_Imp/ros2_foxy/src/vectornav/build/vectornav' returned '2': AMENT_PREFIX_PATH=/home/roboboat/RoboBoat_Cyber_Minority/ROS2_Imp/ros2_foxy/src/vectornav/install/vectornav_msgs:${AMENT_PREFIX_PATH} CMAKE_PREFIX_PATH=/home/roboboat/RoboBoat_Cyber_Minority/ROS2_Imp/ros2_foxy/src/vectornav/install/vectornav_msgs:/home/roboboat/RoboBoat_Cyber_Minority/ROS2_Imp/ros2_foxy/install/vectornav:/home/roboboat/RoboBoat_Cyber_Minority/ROS2_Imp/ros2_foxy/install/vectornav_msgs:/home/roboboat/RoboBoat_Cyber_Minority/ROS2_Imp/ros2_foxy/install/main_control:/home/roboboat/RoboBoat_Cyber_Minority/ROS2_Imp/ros2_foxy/install/detector:/opt/ros/foxy LD_LIBRARY_PATH=/home/roboboat/RoboBoat_Cyber_Minority/ROS2_Imp/ros2_foxy/src/vectornav/install/vectornav_msgs/lib:${LD_LIBRARY_PATH} PYTHONPATH=/home/roboboat/RoboBoat_Cyber_Minority/ROS2_Imp/ros2_foxy/src/vectornav/install/vectornav_msgs/lib/python3.8/site-packages:${PYTHONPATH} /usr/bin/cmake --build /home/roboboat/RoboBoat_Cyber_Minority/ROS2_Imp/ros2_foxy/src/vectornav/build/vectornav -- -j12 -l12
[32.092s] Level 1:colcon.colcon_core.environment:create_environment_scripts_only(vectornav)
[32.114s] Level 1:colcon.colcon_core.environment:checking '/home/roboboat/RoboBoat_Cyber_Minority/ROS2_Imp/ros2_foxy/src/vectornav/install/vectornav' for CMake module files
[32.114s] Level 1:colcon.colcon_core.environment:checking '/home/roboboat/RoboBoat_Cyber_Minority/ROS2_Imp/ros2_foxy/src/vectornav/install/vectornav' for CMake config files
[32.115s] Level 1:colcon.colcon_core.environment:checking '/home/roboboat/RoboBoat_Cyber_Minority/ROS2_Imp/ros2_foxy/src/vectornav/install/vectornav/bin'
[32.115s] Level 1:colcon.colcon_core.environment:checking '/home/roboboat/RoboBoat_Cyber_Minority/ROS2_Imp/ros2_foxy/src/vectornav/install/vectornav/lib/pkgconfig/vectornav.pc'
[32.116s] Level 1:colcon.colcon_core.environment:checking '/home/roboboat/RoboBoat_Cyber_Minority/ROS2_Imp/ros2_foxy/src/vectornav/install/vectornav/lib/python3.8/site-packages'
[32.116s] Level 1:colcon.colcon_core.environment:checking '/home/roboboat/RoboBoat_Cyber_Minority/ROS2_Imp/ros2_foxy/src/vectornav/install/vectornav/bin'
[32.133s] INFO:colcon.colcon_core.shell:Creating package script '/home/roboboat/RoboBoat_Cyber_Minority/ROS2_Imp/ros2_foxy/src/vectornav/install/vectornav/share/vectornav/package.ps1'
[32.134s] INFO:colcon.colcon_core.shell:Creating package descriptor '/home/roboboat/RoboBoat_Cyber_Minority/ROS2_Imp/ros2_foxy/src/vectornav/install/vectornav/share/vectornav/package.dsv'
[32.134s] INFO:colcon.colcon_core.shell:Creating package script '/home/roboboat/RoboBoat_Cyber_Minority/ROS2_Imp/ros2_foxy/src/vectornav/install/vectornav/share/vectornav/package.sh'
[32.135s] INFO:colcon.colcon_core.shell:Creating package script '/home/roboboat/RoboBoat_Cyber_Minority/ROS2_Imp/ros2_foxy/src/vectornav/install/vectornav/share/vectornav/package.bash'
[32.135s] INFO:colcon.colcon_core.shell:Creating package script '/home/roboboat/RoboBoat_Cyber_Minority/ROS2_Imp/ros2_foxy/src/vectornav/install/vectornav/share/vectornav/package.zsh'
[32.136s] Level 1:colcon.colcon_core.environment:create_file_with_runtime_dependencies(/home/roboboat/RoboBoat_Cyber_Minority/ROS2_Imp/ros2_foxy/src/vectornav/install/vectornav/share/colcon-core/packages/vectornav)
[32.147s] DEBUG:colcon.colcon_parallel_executor.executor.parallel:closing loop
[32.147s] DEBUG:colcon.colcon_parallel_executor.executor.parallel:loop closed
[32.147s] DEBUG:colcon.colcon_parallel_executor.executor.parallel:run_until_complete finished with '2'
[32.147s] DEBUG:colcon.colcon_core.event_reactor:joining thread
[32.215s] INFO:colcon.colcon_core.plugin_system:Skipping extension 'colcon_notification.desktop_notification.terminal_notifier': Not used on non-Darwin systems
[32.215s] INFO:colcon.colcon_core.plugin_system:Skipping extension 'colcon_notification.desktop_notification.win32': Not used on non-Windows systems
[32.215s] INFO:colcon.colcon_notification.desktop_notification:Sending desktop notification using 'notify2'
[32.267s] DEBUG:colcon.colcon_core.event_reactor:joined thread
[32.287s] INFO:colcon.colcon_core.shell:Creating prefix script '/home/roboboat/RoboBoat_Cyber_Minority/ROS2_Imp/ros2_foxy/src/vectornav/install/local_setup.ps1'
[32.290s] INFO:colcon.colcon_core.shell:Creating prefix util module '/home/roboboat/RoboBoat_Cyber_Minority/ROS2_Imp/ros2_foxy/src/vectornav/install/_local_setup_util_ps1.py'
[32.292s] INFO:colcon.colcon_core.shell:Creating prefix chain script '/home/roboboat/RoboBoat_Cyber_Minority/ROS2_Imp/ros2_foxy/src/vectornav/install/setup.ps1'
[32.317s] INFO:colcon.colcon_core.shell:Creating prefix script '/home/roboboat/RoboBoat_Cyber_Minority/ROS2_Imp/ros2_foxy/src/vectornav/install/local_setup.sh'
[32.318s] INFO:colcon.colcon_core.shell:Creating prefix util module '/home/roboboat/RoboBoat_Cyber_Minority/ROS2_Imp/ros2_foxy/src/vectornav/install/_local_setup_util_sh.py'
[32.319s] INFO:colcon.colcon_core.shell:Creating prefix chain script '/home/roboboat/RoboBoat_Cyber_Minority/ROS2_Imp/ros2_foxy/src/vectornav/install/setup.sh'
[32.344s] INFO:colcon.colcon_core.shell:Creating prefix script '/home/roboboat/RoboBoat_Cyber_Minority/ROS2_Imp/ros2_foxy/src/vectornav/install/local_setup.bash'
[32.345s] INFO:colcon.colcon_core.shell:Creating prefix chain script '/home/roboboat/RoboBoat_Cyber_Minority/ROS2_Imp/ros2_foxy/src/vectornav/install/setup.bash'
[32.369s] INFO:colcon.colcon_core.shell:Creating prefix script '/home/roboboat/RoboBoat_Cyber_Minority/ROS2_Imp/ros2_foxy/src/vectornav/install/local_setup.zsh'
[32.370s] INFO:colcon.colcon_core.shell:Creating prefix chain script '/home/roboboat/RoboBoat_Cyber_Minority/ROS2_Imp/ros2_foxy/src/vectornav/install/setup.zsh'
