[0.044s] Invoking command in '/home/roboboat/ros2_ws/build/zed_ros2': CMAKE_PREFIX_PATH=/home/roboboat/ros2_ws/install/zed_wrapper:/home/roboboat/ros2_ws/install/zed_components:/home/roboboat/ros2_ws/install/zed_interfaces:/home/roboboat/ros2_ws/install/zed_ros2:/opt/ros/foxy /usr/bin/cmake --build /home/roboboat/ros2_ws/build/zed_ros2 -- -j12 -l12
[0.633s] Invoked command in '/home/roboboat/ros2_ws/build/zed_ros2' returned '0': CMAKE_PREFIX_PATH=/home/roboboat/ros2_ws/install/zed_wrapper:/home/roboboat/ros2_ws/install/zed_components:/home/roboboat/ros2_ws/install/zed_interfaces:/home/roboboat/ros2_ws/install/zed_ros2:/opt/ros/foxy /usr/bin/cmake --build /home/roboboat/ros2_ws/build/zed_ros2 -- -j12 -l12
[0.677s] Invoking command in '/home/roboboat/ros2_ws/build/zed_ros2': CMAKE_PREFIX_PATH=/home/roboboat/ros2_ws/install/zed_wrapper:/home/roboboat/ros2_ws/install/zed_components:/home/roboboat/ros2_ws/install/zed_interfaces:/home/roboboat/ros2_ws/install/zed_ros2:/opt/ros/foxy /usr/bin/cmake --install /home/roboboat/ros2_ws/build/zed_ros2
[0.695s] -- Install configuration: "Release"
[0.696s] -- Execute custom install script
[0.696s] -- Up-to-date symlink: /home/roboboat/ros2_ws/install/zed_ros2/share/ament_index/resource_index/package_run_dependencies/zed_ros2
[0.696s] -- Up-to-date symlink: /home/roboboat/ros2_ws/install/zed_ros2/share/ament_index/resource_index/parent_prefix_path/zed_ros2
[0.696s] -- Up-to-date symlink: /home/roboboat/ros2_ws/install/zed_ros2/share/zed_ros2/environment/ament_prefix_path.sh
[0.697s] -- Up-to-date symlink: /home/roboboat/ros2_ws/install/zed_ros2/share/zed_ros2/environment/ament_prefix_path.dsv
[0.699s] -- Up-to-date symlink: /home/roboboat/ros2_ws/install/zed_ros2/share/zed_ros2/environment/path.sh
[0.699s] -- Up-to-date symlink: /home/roboboat/ros2_ws/install/zed_ros2/share/zed_ros2/environment/path.dsv
[0.699s] -- Up-to-date symlink: /home/roboboat/ros2_ws/install/zed_ros2/share/zed_ros2/local_setup.bash
[0.699s] -- Up-to-date symlink: /home/roboboat/ros2_ws/install/zed_ros2/share/zed_ros2/local_setup.sh
[0.699s] -- Up-to-date symlink: /home/roboboat/ros2_ws/install/zed_ros2/share/zed_ros2/local_setup.zsh
[0.700s] -- Up-to-date symlink: /home/roboboat/ros2_ws/install/zed_ros2/share/zed_ros2/local_setup.dsv
[0.700s] -- Symlinking: /home/roboboat/ros2_ws/install/zed_ros2/share/zed_ros2/package.dsv
[0.709s] -- Up-to-date symlink: /home/roboboat/ros2_ws/install/zed_ros2/share/ament_index/resource_index/packages/zed_ros2
[0.709s] -- Up-to-date symlink: /home/roboboat/ros2_ws/install/zed_ros2/share/zed_ros2/cmake/zed_ros2Config.cmake
[0.709s] -- Up-to-date symlink: /home/roboboat/ros2_ws/install/zed_ros2/share/zed_ros2/cmake/zed_ros2Config-version.cmake
[0.709s] -- Up-to-date symlink: /home/roboboat/ros2_ws/install/zed_ros2/share/zed_ros2/package.xml
[0.714s] Invoked command in '/home/roboboat/ros2_ws/build/zed_ros2' returned '0': CMAKE_PREFIX_PATH=/home/roboboat/ros2_ws/install/zed_wrapper:/home/roboboat/ros2_ws/install/zed_components:/home/roboboat/ros2_ws/install/zed_interfaces:/home/roboboat/ros2_ws/install/zed_ros2:/opt/ros/foxy /usr/bin/cmake --install /home/roboboat/ros2_ws/build/zed_ros2
