[0.592s] Invoking command in '/home/roboboat/RoboBoat_Cyber_Minority/ROS2_Imp/ros2_ws/src/Motorcontroller': PYTHONPATH=/home/roboboat/RoboBoat_Cyber_Minority/ROS2_Imp/ros2_ws/build/Motorcontroller/prefix_override:/home/roboboat/RoboBoat_Cyber_Minority/ROS2_Imp/ros2_ws/install/Motorcontroller/lib/python3.10/site-packages:${PYTHONPATH} /usr/bin/python3 setup.py egg_info --egg-base ../../build/Motorcontroller build --build-base /home/roboboat/RoboBoat_Cyber_Minority/ROS2_Imp/ros2_ws/build/Motorcontroller/build install --record /home/roboboat/RoboBoat_Cyber_Minority/ROS2_Imp/ros2_ws/build/Motorcontroller/install.log --install-scripts $base/lib/Motorcontroller --single-version-externally-managed
[0.770s] /usr/lib/python3/dist-packages/setuptools/dist.py:723: UserWarning: Usage of dash-separated 'script-dir' will not be supported in future versions. Please use the underscore name 'script_dir' instead
[0.770s]   warnings.warn(
[0.776s] running egg_info
[0.776s] creating ../../build/Motorcontroller/Motorcontroller.egg-info
[0.776s] writing ../../build/Motorcontroller/Motorcontroller.egg-info/PKG-INFO
[0.777s] writing dependency_links to ../../build/Motorcontroller/Motorcontroller.egg-info/dependency_links.txt
[0.777s] writing entry points to ../../build/Motorcontroller/Motorcontroller.egg-info/entry_points.txt
[0.777s] writing requirements to ../../build/Motorcontroller/Motorcontroller.egg-info/requires.txt
[0.777s] writing top-level names to ../../build/Motorcontroller/Motorcontroller.egg-info/top_level.txt
[0.777s] writing manifest file '../../build/Motorcontroller/Motorcontroller.egg-info/SOURCES.txt'
[0.778s] reading manifest file '../../build/Motorcontroller/Motorcontroller.egg-info/SOURCES.txt'
[0.779s] writing manifest file '../../build/Motorcontroller/Motorcontroller.egg-info/SOURCES.txt'
[0.779s] running build
[0.779s] running build_py
[0.779s] creating /home/roboboat/RoboBoat_Cyber_Minority/ROS2_Imp/ros2_ws/build/Motorcontroller/build
[0.779s] creating /home/roboboat/RoboBoat_Cyber_Minority/ROS2_Imp/ros2_ws/build/Motorcontroller/build/lib
[0.779s] creating /home/roboboat/RoboBoat_Cyber_Minority/ROS2_Imp/ros2_ws/build/Motorcontroller/build/lib/Motorcontroller
[0.780s] copying Motorcontroller/__init__.py -> /home/roboboat/RoboBoat_Cyber_Minority/ROS2_Imp/ros2_ws/build/Motorcontroller/build/lib/Motorcontroller
[0.780s] running install
[0.780s] /usr/lib/python3/dist-packages/setuptools/command/install.py:34: SetuptoolsDeprecationWarning: setup.py install is deprecated. Use build and pip and other standards-based tools.
[0.780s]   warnings.warn(
[0.780s] running install_lib
[0.781s] creating /home/roboboat/RoboBoat_Cyber_Minority/ROS2_Imp/ros2_ws/install/Motorcontroller/lib/python3.10/site-packages/Motorcontroller
[0.781s] copying /home/roboboat/RoboBoat_Cyber_Minority/ROS2_Imp/ros2_ws/build/Motorcontroller/build/lib/Motorcontroller/__init__.py -> /home/roboboat/RoboBoat_Cyber_Minority/ROS2_Imp/ros2_ws/install/Motorcontroller/lib/python3.10/site-packages/Motorcontroller
[0.781s] byte-compiling /home/roboboat/RoboBoat_Cyber_Minority/ROS2_Imp/ros2_ws/install/Motorcontroller/lib/python3.10/site-packages/Motorcontroller/__init__.py to __init__.cpython-310.pyc
[0.781s] running install_data
[0.782s] creating /home/roboboat/RoboBoat_Cyber_Minority/ROS2_Imp/ros2_ws/install/Motorcontroller/share/ament_index
[0.782s] creating /home/roboboat/RoboBoat_Cyber_Minority/ROS2_Imp/ros2_ws/install/Motorcontroller/share/ament_index/resource_index
[0.782s] creating /home/roboboat/RoboBoat_Cyber_Minority/ROS2_Imp/ros2_ws/install/Motorcontroller/share/ament_index/resource_index/packages
[0.782s] copying resource/Motorcontroller -> /home/roboboat/RoboBoat_Cyber_Minority/ROS2_Imp/ros2_ws/install/Motorcontroller/share/ament_index/resource_index/packages
[0.782s] copying package.xml -> /home/roboboat/RoboBoat_Cyber_Minority/ROS2_Imp/ros2_ws/install/Motorcontroller/share/Motorcontroller
[0.782s] running install_egg_info
[0.783s] Copying ../../build/Motorcontroller/Motorcontroller.egg-info to /home/roboboat/RoboBoat_Cyber_Minority/ROS2_Imp/ros2_ws/install/Motorcontroller/lib/python3.10/site-packages/Motorcontroller-0.0.0-py3.10.egg-info
[0.784s] running install_scripts
[0.801s] writing list of installed files to '/home/roboboat/RoboBoat_Cyber_Minority/ROS2_Imp/ros2_ws/build/Motorcontroller/install.log'
[0.817s] Invoked command in '/home/roboboat/RoboBoat_Cyber_Minority/ROS2_Imp/ros2_ws/src/Motorcontroller' returned '0': PYTHONPATH=/home/roboboat/RoboBoat_Cyber_Minority/ROS2_Imp/ros2_ws/build/Motorcontroller/prefix_override:/home/roboboat/RoboBoat_Cyber_Minority/ROS2_Imp/ros2_ws/install/Motorcontroller/lib/python3.10/site-packages:${PYTHONPATH} /usr/bin/python3 setup.py egg_info --egg-base ../../build/Motorcontroller build --build-base /home/roboboat/RoboBoat_Cyber_Minority/ROS2_Imp/ros2_ws/build/Motorcontroller/build install --record /home/roboboat/RoboBoat_Cyber_Minority/ROS2_Imp/ros2_ws/build/Motorcontroller/install.log --install-scripts $base/lib/Motorcontroller --single-version-externally-managed
