[0.165s] Invoking command in '/home/roboboat/RoboBoat_Cyber_Minority/ROS2_Imp/ros2_foxy/build/detector': CMAKE_PREFIX_PATH=${CMAKE_PREFIX_PATH}:/opt/ros/foxy /usr/bin/cmake --build /home/roboboat/RoboBoat_Cyber_Minority/ROS2_Imp/ros2_foxy/build/detector -- -j12 -l12
[0.219s] -- Found ament_cmake: 0.9.12 (/opt/ros/foxy/share/ament_cmake/cmake)
[0.253s] -- Found PythonInterp: /usr/bin/python3 (found suitable version "3.8.10", minimum required is "3") 
[0.254s] -- Using PYTHON_EXECUTABLE: /usr/bin/python3
[0.569s] -- Found rclcpp: 2.4.3 (/opt/ros/foxy/share/rclcpp/cmake)
[0.621s] -- Using all available rosidl_typesupport_c: rosidl_typesupport_fastrtps_c;rosidl_typesupport_introspection_c
[0.625s] -- Found rosidl_adapter: 1.3.1 (/opt/ros/foxy/share/rosidl_adapter/cmake)
[0.789s] -- Using all available rosidl_typesupport_cpp: rosidl_typesupport_fastrtps_cpp;rosidl_typesupport_introspection_cpp
[0.850s] -- Found rmw_implementation_cmake: 1.0.4 (/opt/ros/foxy/share/rmw_implementation_cmake/cmake)
[0.852s] -- Using RMW implementation 'rmw_fastrtps_cpp' as default
[1.028s] -- Found rosidl_default_generators: 1.0.1 (/opt/ros/foxy/share/rosidl_default_generators/cmake)
[1.039s] -- Found main_control: 0.0.0 (/home/roboboat/RoboBoat_Cyber_Minority/ROS2_Imp/ros2_foxy/install/main_control/share/main_control/cmake)
[1.099s] -- Found PythonInterp: /usr/bin/python3 (found version "3.8.10") 
[1.310s] -- Found ament_cmake_ros: 0.9.2 (/opt/ros/foxy/share/ament_cmake_ros/cmake)
[1.472s] -- Using all available rosidl_typesupport_c: rosidl_typesupport_fastrtps_c;rosidl_typesupport_introspection_c
[1.481s] -- Using all available rosidl_typesupport_cpp: rosidl_typesupport_fastrtps_cpp;rosidl_typesupport_introspection_cpp
[1.521s] -- Found PythonInterp: /usr/bin/python3 (found suitable version "3.8.10", minimum required is "3.5") 
[1.522s] -- Found python_cmake_module: 0.8.1 (/opt/ros/foxy/share/python_cmake_module/cmake)
[1.559s] -- Using PYTHON_EXECUTABLE: /usr/bin/python3
[1.559s] -- Using PYTHON_INCLUDE_DIRS: /usr/include/python3.8
[1.559s] -- Using PYTHON_LIBRARIES: /usr/lib/aarch64-linux-gnu/libpython3.8.so
[1.595s] -- Found ament_lint_auto: 0.9.8 (/opt/ros/foxy/share/ament_lint_auto/cmake)
[1.620s] -- Configuring done
[1.690s] -- Generating done
[1.696s] -- Build files have been written to: /home/roboboat/RoboBoat_Cyber_Minority/ROS2_Imp/ros2_foxy/build/detector
[1.763s] [  3%] Built target detector__cpp
[1.775s] [ 12%] Built target detector__rosidl_generator_c
[1.785s] [ 18%] Built target detector_node
[1.803s] [ 36%] Built target detector__rosidl_typesupport_introspection_cpp
[1.803s] [ 36%] Built target detector__rosidl_typesupport_cpp
[1.806s] [ 45%] Built target detector__rosidl_typesupport_fastrtps_cpp
[1.824s] [ 63%] Built target detector__rosidl_typesupport_c
[1.824s] [ 63%] Built target detector__rosidl_typesupport_introspection_c
[1.860s] [ 72%] Built target detector__rosidl_typesupport_fastrtps_c
[1.904s] [ 72%] Built target detector
[1.944s] [ 75%] Built target detector__py
[1.979s] [35m[1mScanning dependencies of target detector__python[0m
[2.004s] [ 78%] [32mBuilding C object CMakeFiles/detector__python.dir/rosidl_generator_py/detector/msg/_my_custom_msg_detector_s.c.o[0m
[2.193s] [ 81%] [32m[1mLinking C shared library rosidl_generator_py/detector/libdetector__python.so[0m
[2.274s] [ 81%] Built target detector__python
[2.306s] [35m[1mScanning dependencies of target detector__rosidl_typesupport_c__pyext[0m
[2.306s] [35m[1mScanning dependencies of target detector__rosidl_typesupport_introspection_c__pyext[0m
[2.306s] [35m[1mScanning dependencies of target detector__rosidl_typesupport_fastrtps_c__pyext[0m
[2.334s] [ 90%] [32mBuilding C object CMakeFiles/detector__rosidl_typesupport_introspection_c__pyext.dir/rosidl_generator_py/detector/_detector_s.ep.rosidl_typesupport_introspection_c.c.o[0m
[2.335s] [ 90%] [32mBuilding C object CMakeFiles/detector__rosidl_typesupport_c__pyext.dir/rosidl_generator_py/detector/_detector_s.ep.rosidl_typesupport_c.c.o[0m
[2.335s] [ 90%] [32mBuilding C object CMakeFiles/detector__rosidl_typesupport_fastrtps_c__pyext.dir/rosidl_generator_py/detector/_detector_s.ep.rosidl_typesupport_fastrtps_c.c.o[0m
[2.464s] [ 93%] [32m[1mLinking C shared library rosidl_generator_py/detector/detector_s__rosidl_typesupport_c.cpython-38-aarch64-linux-gnu.so[0m
[2.468s] [100%] [32m[1mLinking C shared library rosidl_generator_py/detector/detector_s__rosidl_typesupport_introspection_c.cpython-38-aarch64-linux-gnu.so[0m
[2.468s] [100%] [32m[1mLinking CXX shared library rosidl_generator_py/detector/detector_s__rosidl_typesupport_fastrtps_c.cpython-38-aarch64-linux-gnu.so[0m
[2.512s] [100%] Built target detector__rosidl_typesupport_c__pyext
[2.524s] [100%] Built target detector__rosidl_typesupport_introspection_c__pyext
[2.563s] [100%] Built target detector__rosidl_typesupport_fastrtps_c__pyext
