[0.193s] Invoking command in '/home/roboboat/RoboBoat_Cyber_Minority/ROS2_Imp/ros2_foxy/src/build/detector': CMAKE_PREFIX_PATH=${CMAKE_PREFIX_PATH}:/home/roboboat/ros2_ws/install/Motorcontroller:/opt/ros/foxy /usr/bin/cmake /home/roboboat/RoboBoat_Cyber_Minority/ROS2_Imp/ros2_foxy/src/detector -DCMAKE_INSTALL_PREFIX=/home/roboboat/RoboBoat_Cyber_Minority/ROS2_Imp/ros2_foxy/src/install/detector
[0.286s] -- The C compiler identification is GNU 9.4.0
[0.374s] -- The CXX compiler identification is GNU 9.4.0
[0.380s] -- Check for working C compiler: /usr/bin/cc
[0.496s] -- Check for working C compiler: /usr/bin/cc -- works
[0.496s] -- Detecting C compiler ABI info
[0.609s] -- Detecting C compiler ABI info - done
[0.642s] -- Detecting C compile features
[0.643s] -- Detecting C compile features - done
[0.648s] -- Check for working CXX compiler: /usr/bin/c++
[0.782s] -- Check for working CXX compiler: /usr/bin/c++ -- works
[0.784s] -- Detecting CXX compiler ABI info
[0.915s] -- Detecting CXX compiler ABI info - done
[0.939s] -- Detecting CXX compile features
[0.939s] -- Detecting CXX compile features - done
[0.945s] -- Found ament_cmake: 0.9.12 (/opt/ros/foxy/share/ament_cmake/cmake)
[0.993s] -- Found PythonInterp: /usr/bin/python3 (found suitable version "3.8.10", minimum required is "3") 
[0.993s] -- Using PYTHON_EXECUTABLE: /usr/bin/python3
[1.324s] -- Found rclcpp: 2.4.3 (/opt/ros/foxy/share/rclcpp/cmake)
[1.396s] -- Using all available rosidl_typesupport_c: rosidl_typesupport_fastrtps_c;rosidl_typesupport_introspection_c
[1.408s] -- Found rosidl_adapter: 1.3.1 (/opt/ros/foxy/share/rosidl_adapter/cmake)
[1.567s] -- Found OpenSSL: /usr/lib/aarch64-linux-gnu/libcrypto.so (found version "1.1.1f")  
[1.610s] -- Found FastRTPS: /opt/ros/foxy/include  
[1.728s] -- Using all available rosidl_typesupport_cpp: rosidl_typesupport_fastrtps_cpp;rosidl_typesupport_introspection_cpp
[1.810s] -- Found rmw_implementation_cmake: 1.0.4 (/opt/ros/foxy/share/rmw_implementation_cmake/cmake)
[1.812s] -- Using RMW implementation 'rmw_fastrtps_cpp' as default
[1.814s] -- Looking for pthread.h
[1.932s] -- Looking for pthread.h - found
[1.932s] -- Performing Test CMAKE_HAVE_LIBC_PTHREAD
[2.069s] -- Performing Test CMAKE_HAVE_LIBC_PTHREAD - Failed
[2.070s] -- Looking for pthread_create in pthreads
[2.182s] -- Looking for pthread_create in pthreads - not found
[2.182s] -- Looking for pthread_create in pthread
[2.324s] -- Looking for pthread_create in pthread - found
[2.326s] -- Found Threads: TRUE  
[2.536s] -- Found rosidl_default_generators: 1.0.1 (/opt/ros/foxy/share/rosidl_default_generators/cmake)
[2.589s] -- Found PythonInterp: /usr/bin/python3 (found version "3.8.10") 
[2.788s] -- Found ament_cmake_ros: 0.9.2 (/opt/ros/foxy/share/ament_cmake_ros/cmake)
[2.944s] -- Using all available rosidl_typesupport_c: rosidl_typesupport_fastrtps_c;rosidl_typesupport_introspection_c
[2.955s] -- Using all available rosidl_typesupport_cpp: rosidl_typesupport_fastrtps_cpp;rosidl_typesupport_introspection_cpp
[2.996s] -- Found PythonInterp: /usr/bin/python3 (found suitable version "3.8.10", minimum required is "3.5") 
[2.999s] -- Found python_cmake_module: 0.8.1 (/opt/ros/foxy/share/python_cmake_module/cmake)
[3.044s] -- Found PythonLibs: /usr/lib/aarch64-linux-gnu/libpython3.8.so (found suitable version "3.8.10", minimum required is "3.5") 
[3.045s] -- Using PYTHON_EXECUTABLE: /usr/bin/python3
[3.045s] -- Using PYTHON_INCLUDE_DIRS: /usr/include/python3.8
[3.045s] -- Using PYTHON_LIBRARIES: /usr/lib/aarch64-linux-gnu/libpython3.8.so
[3.080s] -- Found PythonExtra: .so  
[3.320s] -- Found ament_lint_auto: 0.9.8 (/opt/ros/foxy/share/ament_lint_auto/cmake)
[3.337s] -- Configuring done
[3.383s] -- Generating done
[3.387s] -- Build files have been written to: /home/roboboat/RoboBoat_Cyber_Minority/ROS2_Imp/ros2_foxy/src/build/detector
[3.413s] Invoked command in '/home/roboboat/RoboBoat_Cyber_Minority/ROS2_Imp/ros2_foxy/src/build/detector' returned '0': CMAKE_PREFIX_PATH=${CMAKE_PREFIX_PATH}:/home/roboboat/ros2_ws/install/Motorcontroller:/opt/ros/foxy /usr/bin/cmake /home/roboboat/RoboBoat_Cyber_Minority/ROS2_Imp/ros2_foxy/src/detector -DCMAKE_INSTALL_PREFIX=/home/roboboat/RoboBoat_Cyber_Minority/ROS2_Imp/ros2_foxy/src/install/detector
[3.419s] Invoking command in '/home/roboboat/RoboBoat_Cyber_Minority/ROS2_Imp/ros2_foxy/src/build/detector': CMAKE_PREFIX_PATH=${CMAKE_PREFIX_PATH}:/home/roboboat/ros2_ws/install/Motorcontroller:/opt/ros/foxy /usr/bin/cmake --build /home/roboboat/RoboBoat_Cyber_Minority/ROS2_Imp/ros2_foxy/src/build/detector -- -j12 -l12
[3.492s] [  3%] [34m[1mGenerating C code for ROS interfaces[0m
[3.492s] [35m[1mScanning dependencies of target detector__cpp[0m
[3.492s] [35m[1mScanning dependencies of target detector_node[0m
[3.511s] [  6%] [34m[1mGenerating C++ code for ROS interfaces[0m
[3.548s] [  9%] [32mBuilding CXX object CMakeFiles/detector_node.dir/src/detector_node.cpp.o[0m
[3.846s] [35m[1mScanning dependencies of target detector__rosidl_generator_c[0m
[3.863s] [  9%] Built target detector__cpp
[3.872s] [ 12%] [32mBuilding C object CMakeFiles/detector__rosidl_generator_c.dir/rosidl_generator_c/detector/msg/detail/my_custom_msg__functions.c.o[0m
[3.881s] [ 21%] [34m[1mGenerating C++ type support for eProsima Fast-RTPS[0m
[3.882s] [ 21%] [34m[1mGenerating C++ introspection for ROS interfaces[0m
[3.882s] [ 21%] [34m[1mGenerating C++ type support dispatch for ROS interfaces[0m
[3.962s] [ 24%] [32m[1mLinking C shared library libdetector__rosidl_generator_c.so[0m
[4.023s] [ 24%] Built target detector__rosidl_generator_c
[4.047s] [ 30%] [34m[1mGenerating C type support dispatch for ROS interfaces[0m
[4.047s] [ 30%] [34m[1mGenerating C introspection for ROS interfaces[0m
[4.231s] [35m[1mScanning dependencies of target detector__rosidl_typesupport_cpp[0m
[4.260s] [ 33%] [32mBuilding CXX object CMakeFiles/detector__rosidl_typesupport_cpp.dir/rosidl_typesupport_cpp/detector/msg/my_custom_msg__type_support.cpp.o[0m
[4.273s] [35m[1mScanning dependencies of target detector__rosidl_typesupport_introspection_cpp[0m
[4.279s] [35m[1mScanning dependencies of target detector__rosidl_typesupport_fastrtps_cpp[0m
[4.306s] [ 36%] [32mBuilding CXX object CMakeFiles/detector__rosidl_typesupport_introspection_cpp.dir/rosidl_typesupport_introspection_cpp/detector/msg/detail/my_custom_msg__type_support.cpp.o[0m
[4.315s] [ 39%] [32mBuilding CXX object CMakeFiles/detector__rosidl_typesupport_fastrtps_cpp.dir/rosidl_typesupport_fastrtps_cpp/detector/msg/detail/dds_fastrtps/my_custom_msg__type_support.cpp.o[0m
[4.380s] [35m[1mScanning dependencies of target detector__rosidl_typesupport_c[0m
[4.409s] [ 42%] [32mBuilding CXX object CMakeFiles/detector__rosidl_typesupport_c.dir/rosidl_typesupport_c/detector/msg/my_custom_msg__type_support.cpp.o[0m
[4.451s] [35m[1mScanning dependencies of target detector__rosidl_typesupport_introspection_c[0m
[4.473s] [ 45%] [32mBuilding C object CMakeFiles/detector__rosidl_typesupport_introspection_c.dir/rosidl_typesupport_introspection_c/detector/msg/detail/my_custom_msg__type_support.c.o[0m
[4.487s] [ 48%] [32m[1mLinking CXX shared library libdetector__rosidl_typesupport_c.so[0m
[4.536s] [ 51%] [32m[1mLinking C shared library libdetector__rosidl_typesupport_introspection_c.so[0m
[4.556s] [ 51%] Built target detector__rosidl_typesupport_c
[4.592s] [ 51%] Built target detector__rosidl_typesupport_introspection_c
[4.760s] [ 54%] [32m[1mLinking CXX shared library libdetector__rosidl_typesupport_cpp.so[0m
[4.834s] [ 54%] Built target detector__rosidl_typesupport_cpp
[4.962s] [ 57%] [32m[1mLinking CXX shared library libdetector__rosidl_typesupport_introspection_cpp.so[0m
[5.093s] [ 57%] Built target detector__rosidl_typesupport_introspection_cpp
[5.200s] [ 60%] [32m[1mLinking CXX shared library libdetector__rosidl_typesupport_fastrtps_cpp.so[0m
[5.342s] [ 60%] Built target detector__rosidl_typesupport_fastrtps_cpp
[5.363s] [ 63%] [34m[1mGenerating C type support for eProsima Fast-RTPS[0m
[5.700s] [35m[1mScanning dependencies of target detector__rosidl_typesupport_fastrtps_c[0m
[5.726s] [ 66%] [32mBuilding CXX object CMakeFiles/detector__rosidl_typesupport_fastrtps_c.dir/rosidl_typesupport_fastrtps_c/detector/msg/detail/my_custom_msg__type_support_c.cpp.o[0m
[6.314s] [ 69%] [32m[1mLinking CXX shared library libdetector__rosidl_typesupport_fastrtps_c.so[0m
[6.445s] [ 69%] Built target detector__rosidl_typesupport_fastrtps_c
[6.463s] [35m[1mScanning dependencies of target detector[0m
[6.481s] [ 69%] Built target detector
[6.500s] [35m[1mScanning dependencies of target detector__py[0m
[6.519s] [ 72%] [34m[1mGenerating Python code for ROS interfaces[0m
[7.068s] [ 72%] Built target detector__py
[7.089s] [35m[1mScanning dependencies of target detector__python[0m
[7.119s] [ 75%] [32mBuilding C object CMakeFiles/detector__python.dir/rosidl_generator_py/detector/msg/_my_custom_msg_s.c.o[0m
[7.304s] [ 78%] [32m[1mLinking C shared library rosidl_generator_py/detector/libdetector__python.so[0m
[7.364s] [ 78%] Built target detector__python
[7.386s] [35m[1mScanning dependencies of target detector__rosidl_typesupport_introspection_c__pyext[0m
[7.386s] [35m[1mScanning dependencies of target detector__rosidl_typesupport_c__pyext[0m
[7.387s] [35m[1mScanning dependencies of target detector__rosidl_typesupport_fastrtps_c__pyext[0m
[7.416s] [ 84%] [32mBuilding C object CMakeFiles/detector__rosidl_typesupport_fastrtps_c__pyext.dir/rosidl_generator_py/detector/_detector_s.ep.rosidl_typesupport_fastrtps_c.c.o[0m
[7.416s] [ 84%] [32mBuilding C object CMakeFiles/detector__rosidl_typesupport_c__pyext.dir/rosidl_generator_py/detector/_detector_s.ep.rosidl_typesupport_c.c.o[0m
[7.419s] [ 87%] [32mBuilding C object CMakeFiles/detector__rosidl_typesupport_introspection_c__pyext.dir/rosidl_generator_py/detector/_detector_s.ep.rosidl_typesupport_introspection_c.c.o[0m
[7.537s] [ 96%] [32m[1mLinking C shared library rosidl_generator_py/detector/detector_s__rosidl_typesupport_introspection_c.cpython-38-aarch64-linux-gnu.so[0m
[7.537s] [ 96%] [32m[1mLinking CXX shared library rosidl_generator_py/detector/detector_s__rosidl_typesupport_fastrtps_c.cpython-38-aarch64-linux-gnu.so[0m
[7.537s] [ 96%] [32m[1mLinking C shared library rosidl_generator_py/detector/detector_s__rosidl_typesupport_c.cpython-38-aarch64-linux-gnu.so[0m
[7.593s] [ 96%] Built target detector__rosidl_typesupport_introspection_c__pyext
[7.593s] [ 96%] Built target detector__rosidl_typesupport_c__pyext
[7.632s] [ 96%] Built target detector__rosidl_typesupport_fastrtps_c__pyext
[8.851s] [100%] [32m[1mLinking CXX executable detector_node[0m
[9.104s] [100%] Built target detector_node
[9.128s] Invoked command in '/home/roboboat/RoboBoat_Cyber_Minority/ROS2_Imp/ros2_foxy/src/build/detector' returned '0': CMAKE_PREFIX_PATH=${CMAKE_PREFIX_PATH}:/home/roboboat/ros2_ws/install/Motorcontroller:/opt/ros/foxy /usr/bin/cmake --build /home/roboboat/RoboBoat_Cyber_Minority/ROS2_Imp/ros2_foxy/src/build/detector -- -j12 -l12
[9.244s] Invoking command in '/home/roboboat/RoboBoat_Cyber_Minority/ROS2_Imp/ros2_foxy/src/build/detector': CMAKE_PREFIX_PATH=${CMAKE_PREFIX_PATH}:/home/roboboat/ros2_ws/install/Motorcontroller:/opt/ros/foxy /usr/bin/cmake --install /home/roboboat/RoboBoat_Cyber_Minority/ROS2_Imp/ros2_foxy/src/build/detector
[9.269s] -- Install configuration: ""
[9.270s] -- Installing: /home/roboboat/RoboBoat_Cyber_Minority/ROS2_Imp/ros2_foxy/src/install/detector/share/ament_index/resource_index/rosidl_interfaces/detector
[9.270s] -- Installing: /home/roboboat/RoboBoat_Cyber_Minority/ROS2_Imp/ros2_foxy/src/install/detector/include/detector
[9.270s] -- Installing: /home/roboboat/RoboBoat_Cyber_Minority/ROS2_Imp/ros2_foxy/src/install/detector/include/detector/msg
[9.270s] -- Installing: /home/roboboat/RoboBoat_Cyber_Minority/ROS2_Imp/ros2_foxy/src/install/detector/include/detector/msg/my_custom_msg.h
[9.270s] -- Installing: /home/roboboat/RoboBoat_Cyber_Minority/ROS2_Imp/ros2_foxy/src/install/detector/include/detector/msg/detail
[9.270s] -- Installing: /home/roboboat/RoboBoat_Cyber_Minority/ROS2_Imp/ros2_foxy/src/install/detector/include/detector/msg/detail/my_custom_msg__type_support.h
[9.271s] -- Installing: /home/roboboat/RoboBoat_Cyber_Minority/ROS2_Imp/ros2_foxy/src/install/detector/include/detector/msg/detail/my_custom_msg__functions.c
[9.271s] -- Installing: /home/roboboat/RoboBoat_Cyber_Minority/ROS2_Imp/ros2_foxy/src/install/detector/include/detector/msg/detail/my_custom_msg__functions.h
[9.271s] -- Installing: /home/roboboat/RoboBoat_Cyber_Minority/ROS2_Imp/ros2_foxy/src/install/detector/include/detector/msg/detail/my_custom_msg__struct.h
[9.271s] -- Installing: /home/roboboat/RoboBoat_Cyber_Minority/ROS2_Imp/ros2_foxy/src/install/detector/include/detector/msg/rosidl_generator_c__visibility_control.h
[9.271s] -- Installing: /home/roboboat/RoboBoat_Cyber_Minority/ROS2_Imp/ros2_foxy/src/install/detector/share/detector/environment/library_path.sh
[9.271s] -- Installing: /home/roboboat/RoboBoat_Cyber_Minority/ROS2_Imp/ros2_foxy/src/install/detector/share/detector/environment/library_path.dsv
[9.272s] -- Installing: /home/roboboat/RoboBoat_Cyber_Minority/ROS2_Imp/ros2_foxy/src/install/detector/lib/libdetector__rosidl_generator_c.so
[9.272s] -- Set runtime path of "/home/roboboat/RoboBoat_Cyber_Minority/ROS2_Imp/ros2_foxy/src/install/detector/lib/libdetector__rosidl_generator_c.so" to ""
[9.272s] -- Up-to-date: /home/roboboat/RoboBoat_Cyber_Minority/ROS2_Imp/ros2_foxy/src/install/detector/include/detector
[9.272s] -- Up-to-date: /home/roboboat/RoboBoat_Cyber_Minority/ROS2_Imp/ros2_foxy/src/install/detector/include/detector/msg
[9.273s] -- Up-to-date: /home/roboboat/RoboBoat_Cyber_Minority/ROS2_Imp/ros2_foxy/src/install/detector/include/detector/msg/detail
[9.273s] -- Installing: /home/roboboat/RoboBoat_Cyber_Minority/ROS2_Imp/ros2_foxy/src/install/detector/include/detector/msg/detail/my_custom_msg__rosidl_typesupport_fastrtps_c.h
[9.273s] -- Installing: /home/roboboat/RoboBoat_Cyber_Minority/ROS2_Imp/ros2_foxy/src/install/detector/include/detector/msg/rosidl_typesupport_fastrtps_c__visibility_control.h
[9.273s] -- Installing: /home/roboboat/RoboBoat_Cyber_Minority/ROS2_Imp/ros2_foxy/src/install/detector/lib/libdetector__rosidl_typesupport_fastrtps_c.so
[9.273s] -- Set runtime path of "/home/roboboat/RoboBoat_Cyber_Minority/ROS2_Imp/ros2_foxy/src/install/detector/lib/libdetector__rosidl_typesupport_fastrtps_c.so" to ""
[9.273s] -- Up-to-date: /home/roboboat/RoboBoat_Cyber_Minority/ROS2_Imp/ros2_foxy/src/install/detector/include/detector
[9.274s] -- Up-to-date: /home/roboboat/RoboBoat_Cyber_Minority/ROS2_Imp/ros2_foxy/src/install/detector/include/detector/msg
[9.274s] -- Up-to-date: /home/roboboat/RoboBoat_Cyber_Minority/ROS2_Imp/ros2_foxy/src/install/detector/include/detector/msg/detail
[9.274s] -- Installing: /home/roboboat/RoboBoat_Cyber_Minority/ROS2_Imp/ros2_foxy/src/install/detector/include/detector/msg/detail/dds_fastrtps
[9.274s] -- Installing: /home/roboboat/RoboBoat_Cyber_Minority/ROS2_Imp/ros2_foxy/src/install/detector/include/detector/msg/detail/my_custom_msg__rosidl_typesupport_fastrtps_cpp.hpp
[9.274s] -- Installing: /home/roboboat/RoboBoat_Cyber_Minority/ROS2_Imp/ros2_foxy/src/install/detector/include/detector/msg/rosidl_typesupport_fastrtps_cpp__visibility_control.h
[9.274s] -- Installing: /home/roboboat/RoboBoat_Cyber_Minority/ROS2_Imp/ros2_foxy/src/install/detector/lib/libdetector__rosidl_typesupport_fastrtps_cpp.so
[9.275s] -- Set runtime path of "/home/roboboat/RoboBoat_Cyber_Minority/ROS2_Imp/ros2_foxy/src/install/detector/lib/libdetector__rosidl_typesupport_fastrtps_cpp.so" to ""
[9.275s] -- Up-to-date: /home/roboboat/RoboBoat_Cyber_Minority/ROS2_Imp/ros2_foxy/src/install/detector/include/detector
[9.275s] -- Up-to-date: /home/roboboat/RoboBoat_Cyber_Minority/ROS2_Imp/ros2_foxy/src/install/detector/include/detector/msg
[9.275s] -- Installing: /home/roboboat/RoboBoat_Cyber_Minority/ROS2_Imp/ros2_foxy/src/install/detector/include/detector/msg/rosidl_typesupport_introspection_c__visibility_control.h
[9.275s] -- Up-to-date: /home/roboboat/RoboBoat_Cyber_Minority/ROS2_Imp/ros2_foxy/src/install/detector/include/detector/msg/detail
[9.275s] -- Installing: /home/roboboat/RoboBoat_Cyber_Minority/ROS2_Imp/ros2_foxy/src/install/detector/include/detector/msg/detail/my_custom_msg__rosidl_typesupport_introspection_c.h
[9.275s] -- Installing: /home/roboboat/RoboBoat_Cyber_Minority/ROS2_Imp/ros2_foxy/src/install/detector/include/detector/msg/detail/my_custom_msg__type_support.c
[9.275s] -- Installing: /home/roboboat/RoboBoat_Cyber_Minority/ROS2_Imp/ros2_foxy/src/install/detector/lib/libdetector__rosidl_typesupport_introspection_c.so
[9.276s] -- Set runtime path of "/home/roboboat/RoboBoat_Cyber_Minority/ROS2_Imp/ros2_foxy/src/install/detector/lib/libdetector__rosidl_typesupport_introspection_c.so" to ""
[9.276s] -- Installing: /home/roboboat/RoboBoat_Cyber_Minority/ROS2_Imp/ros2_foxy/src/install/detector/lib/libdetector__rosidl_typesupport_c.so
[9.276s] -- Set runtime path of "/home/roboboat/RoboBoat_Cyber_Minority/ROS2_Imp/ros2_foxy/src/install/detector/lib/libdetector__rosidl_typesupport_c.so" to ""
[9.277s] -- Up-to-date: /home/roboboat/RoboBoat_Cyber_Minority/ROS2_Imp/ros2_foxy/src/install/detector/include/detector
[9.277s] -- Up-to-date: /home/roboboat/RoboBoat_Cyber_Minority/ROS2_Imp/ros2_foxy/src/install/detector/include/detector/msg
[9.277s] -- Up-to-date: /home/roboboat/RoboBoat_Cyber_Minority/ROS2_Imp/ros2_foxy/src/install/detector/include/detector/msg/detail
[9.277s] -- Installing: /home/roboboat/RoboBoat_Cyber_Minority/ROS2_Imp/ros2_foxy/src/install/detector/include/detector/msg/detail/my_custom_msg__traits.hpp
[9.277s] -- Installing: /home/roboboat/RoboBoat_Cyber_Minority/ROS2_Imp/ros2_foxy/src/install/detector/include/detector/msg/detail/my_custom_msg__struct.hpp
[9.277s] -- Installing: /home/roboboat/RoboBoat_Cyber_Minority/ROS2_Imp/ros2_foxy/src/install/detector/include/detector/msg/detail/my_custom_msg__type_support.hpp
[9.277s] -- Installing: /home/roboboat/RoboBoat_Cyber_Minority/ROS2_Imp/ros2_foxy/src/install/detector/include/detector/msg/detail/my_custom_msg__builder.hpp
[9.277s] -- Installing: /home/roboboat/RoboBoat_Cyber_Minority/ROS2_Imp/ros2_foxy/src/install/detector/include/detector/msg/rosidl_generator_cpp__visibility_control.hpp
[9.277s] -- Installing: /home/roboboat/RoboBoat_Cyber_Minority/ROS2_Imp/ros2_foxy/src/install/detector/include/detector/msg/my_custom_msg.hpp
[9.278s] -- Up-to-date: /home/roboboat/RoboBoat_Cyber_Minority/ROS2_Imp/ros2_foxy/src/install/detector/include/detector
[9.278s] -- Up-to-date: /home/roboboat/RoboBoat_Cyber_Minority/ROS2_Imp/ros2_foxy/src/install/detector/include/detector/msg
[9.278s] -- Up-to-date: /home/roboboat/RoboBoat_Cyber_Minority/ROS2_Imp/ros2_foxy/src/install/detector/include/detector/msg/detail
[9.278s] -- Installing: /home/roboboat/RoboBoat_Cyber_Minority/ROS2_Imp/ros2_foxy/src/install/detector/include/detector/msg/detail/my_custom_msg__rosidl_typesupport_introspection_cpp.hpp
[9.278s] -- Installing: /home/roboboat/RoboBoat_Cyber_Minority/ROS2_Imp/ros2_foxy/src/install/detector/include/detector/msg/detail/my_custom_msg__type_support.cpp
[9.278s] -- Installing: /home/roboboat/RoboBoat_Cyber_Minority/ROS2_Imp/ros2_foxy/src/install/detector/lib/libdetector__rosidl_typesupport_introspection_cpp.so
[9.279s] -- Set runtime path of "/home/roboboat/RoboBoat_Cyber_Minority/ROS2_Imp/ros2_foxy/src/install/detector/lib/libdetector__rosidl_typesupport_introspection_cpp.so" to ""
[9.279s] -- Installing: /home/roboboat/RoboBoat_Cyber_Minority/ROS2_Imp/ros2_foxy/src/install/detector/lib/libdetector__rosidl_typesupport_cpp.so
[9.279s] -- Set runtime path of "/home/roboboat/RoboBoat_Cyber_Minority/ROS2_Imp/ros2_foxy/src/install/detector/lib/libdetector__rosidl_typesupport_cpp.so" to ""
[9.279s] -- Installing: /home/roboboat/RoboBoat_Cyber_Minority/ROS2_Imp/ros2_foxy/src/install/detector/share/detector/environment/pythonpath.sh
[9.280s] -- Installing: /home/roboboat/RoboBoat_Cyber_Minority/ROS2_Imp/ros2_foxy/src/install/detector/share/detector/environment/pythonpath.dsv
[9.280s] -- Installing: /home/roboboat/RoboBoat_Cyber_Minority/ROS2_Imp/ros2_foxy/src/install/detector/lib/python3.8/site-packages/detector/__init__.py
[9.330s] Compiling '/home/roboboat/RoboBoat_Cyber_Minority/ROS2_Imp/ros2_foxy/src/install/detector/lib/python3.8/site-packages/detector/__init__.py'...
[9.342s] -- Installing: /home/roboboat/RoboBoat_Cyber_Minority/ROS2_Imp/ros2_foxy/src/install/detector/lib/python3.8/site-packages/detector/msg
[9.344s] -- Installing: /home/roboboat/RoboBoat_Cyber_Minority/ROS2_Imp/ros2_foxy/src/install/detector/lib/python3.8/site-packages/detector/msg/__init__.py
[9.344s] -- Installing: /home/roboboat/RoboBoat_Cyber_Minority/ROS2_Imp/ros2_foxy/src/install/detector/lib/python3.8/site-packages/detector/msg/_my_custom_msg_s.c
[9.344s] -- Installing: /home/roboboat/RoboBoat_Cyber_Minority/ROS2_Imp/ros2_foxy/src/install/detector/lib/python3.8/site-packages/detector/msg/_my_custom_msg.py
[9.344s] -- Installing: /home/roboboat/RoboBoat_Cyber_Minority/ROS2_Imp/ros2_foxy/src/install/detector/lib/python3.8/site-packages/detector/detector_s__rosidl_typesupport_fastrtps_c.cpython-38-aarch64-linux-gnu.so
[9.344s] -- Set runtime path of "/home/roboboat/RoboBoat_Cyber_Minority/ROS2_Imp/ros2_foxy/src/install/detector/lib/python3.8/site-packages/detector/detector_s__rosidl_typesupport_fastrtps_c.cpython-38-aarch64-linux-gnu.so" to ""
[9.344s] -- Installing: /home/roboboat/RoboBoat_Cyber_Minority/ROS2_Imp/ros2_foxy/src/install/detector/lib/python3.8/site-packages/detector/detector_s__rosidl_typesupport_introspection_c.cpython-38-aarch64-linux-gnu.so
[9.344s] -- Set runtime path of "/home/roboboat/RoboBoat_Cyber_Minority/ROS2_Imp/ros2_foxy/src/install/detector/lib/python3.8/site-packages/detector/detector_s__rosidl_typesupport_introspection_c.cpython-38-aarch64-linux-gnu.so" to ""
[9.345s] -- Installing: /home/roboboat/RoboBoat_Cyber_Minority/ROS2_Imp/ros2_foxy/src/install/detector/lib/python3.8/site-packages/detector/detector_s__rosidl_typesupport_c.cpython-38-aarch64-linux-gnu.so
[9.345s] -- Set runtime path of "/home/roboboat/RoboBoat_Cyber_Minority/ROS2_Imp/ros2_foxy/src/install/detector/lib/python3.8/site-packages/detector/detector_s__rosidl_typesupport_c.cpython-38-aarch64-linux-gnu.so" to ""
[9.345s] -- Installing: /home/roboboat/RoboBoat_Cyber_Minority/ROS2_Imp/ros2_foxy/src/install/detector/lib/libdetector__python.so
[9.345s] -- Set runtime path of "/home/roboboat/RoboBoat_Cyber_Minority/ROS2_Imp/ros2_foxy/src/install/detector/lib/libdetector__python.so" to ""
[9.345s] -- Installing: /home/roboboat/RoboBoat_Cyber_Minority/ROS2_Imp/ros2_foxy/src/install/detector/share/detector/msg/MyCustomMsg.idl
[9.345s] -- Installing: /home/roboboat/RoboBoat_Cyber_Minority/ROS2_Imp/ros2_foxy/src/install/detector/share/detector/msg/MyCustomMsg.msg
[9.345s] -- Up-to-date: /home/roboboat/RoboBoat_Cyber_Minority/ROS2_Imp/ros2_foxy/src/install/detector/include
[9.345s] -- Up-to-date: /home/roboboat/RoboBoat_Cyber_Minority/ROS2_Imp/ros2_foxy/src/install/detector/include/detector
[9.346s] -- Installing: /home/roboboat/RoboBoat_Cyber_Minority/ROS2_Imp/ros2_foxy/src/install/detector/include/detector/.YOLOv5Detection.hpp.swp
[9.346s] -- Installing: /home/roboboat/RoboBoat_Cyber_Minority/ROS2_Imp/ros2_foxy/src/install/detector/share/ament_index/resource_index/package_run_dependencies/detector
[9.346s] -- Installing: /home/roboboat/RoboBoat_Cyber_Minority/ROS2_Imp/ros2_foxy/src/install/detector/share/ament_index/resource_index/parent_prefix_path/detector
[9.346s] -- Installing: /home/roboboat/RoboBoat_Cyber_Minority/ROS2_Imp/ros2_foxy/src/install/detector/share/detector/environment/ament_prefix_path.sh
[9.346s] -- Installing: /home/roboboat/RoboBoat_Cyber_Minority/ROS2_Imp/ros2_foxy/src/install/detector/share/detector/environment/ament_prefix_path.dsv
[9.346s] -- Installing: /home/roboboat/RoboBoat_Cyber_Minority/ROS2_Imp/ros2_foxy/src/install/detector/share/detector/environment/path.sh
[9.346s] -- Installing: /home/roboboat/RoboBoat_Cyber_Minority/ROS2_Imp/ros2_foxy/src/install/detector/share/detector/environment/path.dsv
[9.346s] -- Installing: /home/roboboat/RoboBoat_Cyber_Minority/ROS2_Imp/ros2_foxy/src/install/detector/share/detector/local_setup.bash
[9.346s] -- Installing: /home/roboboat/RoboBoat_Cyber_Minority/ROS2_Imp/ros2_foxy/src/install/detector/share/detector/local_setup.sh
[9.347s] -- Installing: /home/roboboat/RoboBoat_Cyber_Minority/ROS2_Imp/ros2_foxy/src/install/detector/share/detector/local_setup.zsh
[9.347s] -- Installing: /home/roboboat/RoboBoat_Cyber_Minority/ROS2_Imp/ros2_foxy/src/install/detector/share/detector/local_setup.dsv
[9.347s] -- Installing: /home/roboboat/RoboBoat_Cyber_Minority/ROS2_Imp/ros2_foxy/src/install/detector/share/detector/package.dsv
[9.347s] -- Installing: /home/roboboat/RoboBoat_Cyber_Minority/ROS2_Imp/ros2_foxy/src/install/detector/share/ament_index/resource_index/packages/detector
[9.347s] -- Installing: /home/roboboat/RoboBoat_Cyber_Minority/ROS2_Imp/ros2_foxy/src/install/detector/share/detector/cmake/detector__rosidl_generator_cExport.cmake
[9.347s] -- Installing: /home/roboboat/RoboBoat_Cyber_Minority/ROS2_Imp/ros2_foxy/src/install/detector/share/detector/cmake/detector__rosidl_generator_cExport-noconfig.cmake
[9.347s] -- Installing: /home/roboboat/RoboBoat_Cyber_Minority/ROS2_Imp/ros2_foxy/src/install/detector/share/detector/cmake/detector__rosidl_typesupport_introspection_cExport.cmake
[9.347s] -- Installing: /home/roboboat/RoboBoat_Cyber_Minority/ROS2_Imp/ros2_foxy/src/install/detector/share/detector/cmake/detector__rosidl_typesupport_introspection_cExport-noconfig.cmake
[9.347s] -- Installing: /home/roboboat/RoboBoat_Cyber_Minority/ROS2_Imp/ros2_foxy/src/install/detector/share/detector/cmake/detector__rosidl_typesupport_cExport.cmake
[9.347s] -- Installing: /home/roboboat/RoboBoat_Cyber_Minority/ROS2_Imp/ros2_foxy/src/install/detector/share/detector/cmake/detector__rosidl_typesupport_cExport-noconfig.cmake
[9.347s] -- Installing: /home/roboboat/RoboBoat_Cyber_Minority/ROS2_Imp/ros2_foxy/src/install/detector/share/detector/cmake/detector__rosidl_generator_cppExport.cmake
[9.348s] -- Installing: /home/roboboat/RoboBoat_Cyber_Minority/ROS2_Imp/ros2_foxy/src/install/detector/share/detector/cmake/detector__rosidl_typesupport_introspection_cppExport.cmake
[9.348s] -- Installing: /home/roboboat/RoboBoat_Cyber_Minority/ROS2_Imp/ros2_foxy/src/install/detector/share/detector/cmake/detector__rosidl_typesupport_introspection_cppExport-noconfig.cmake
[9.348s] -- Installing: /home/roboboat/RoboBoat_Cyber_Minority/ROS2_Imp/ros2_foxy/src/install/detector/share/detector/cmake/detector__rosidl_typesupport_cppExport.cmake
[9.348s] -- Installing: /home/roboboat/RoboBoat_Cyber_Minority/ROS2_Imp/ros2_foxy/src/install/detector/share/detector/cmake/detector__rosidl_typesupport_cppExport-noconfig.cmake
[9.348s] -- Installing: /home/roboboat/RoboBoat_Cyber_Minority/ROS2_Imp/ros2_foxy/src/install/detector/share/detector/cmake/rosidl_cmake-extras.cmake
[9.349s] -- Installing: /home/roboboat/RoboBoat_Cyber_Minority/ROS2_Imp/ros2_foxy/src/install/detector/share/detector/cmake/ament_cmake_export_dependencies-extras.cmake
[9.349s] -- Installing: /home/roboboat/RoboBoat_Cyber_Minority/ROS2_Imp/ros2_foxy/src/install/detector/share/detector/cmake/ament_cmake_export_libraries-extras.cmake
[9.349s] -- Installing: /home/roboboat/RoboBoat_Cyber_Minority/ROS2_Imp/ros2_foxy/src/install/detector/share/detector/cmake/ament_cmake_export_targets-extras.cmake
[9.349s] -- Installing: /home/roboboat/RoboBoat_Cyber_Minority/ROS2_Imp/ros2_foxy/src/install/detector/share/detector/cmake/ament_cmake_export_include_directories-extras.cmake
[9.349s] -- Installing: /home/roboboat/RoboBoat_Cyber_Minority/ROS2_Imp/ros2_foxy/src/install/detector/share/detector/cmake/rosidl_cmake_export_typesupport_libraries-extras.cmake
[9.350s] -- Installing: /home/roboboat/RoboBoat_Cyber_Minority/ROS2_Imp/ros2_foxy/src/install/detector/share/detector/cmake/rosidl_cmake_export_typesupport_targets-extras.cmake
[9.350s] -- Installing: /home/roboboat/RoboBoat_Cyber_Minority/ROS2_Imp/ros2_foxy/src/install/detector/share/detector/cmake/detectorConfig.cmake
[9.350s] -- Installing: /home/roboboat/RoboBoat_Cyber_Minority/ROS2_Imp/ros2_foxy/src/install/detector/share/detector/cmake/detectorConfig-version.cmake
[9.350s] -- Installing: /home/roboboat/RoboBoat_Cyber_Minority/ROS2_Imp/ros2_foxy/src/install/detector/share/detector/package.xml
[9.355s] Invoked command in '/home/roboboat/RoboBoat_Cyber_Minority/ROS2_Imp/ros2_foxy/src/build/detector' returned '0': CMAKE_PREFIX_PATH=${CMAKE_PREFIX_PATH}:/home/roboboat/ros2_ws/install/Motorcontroller:/opt/ros/foxy /usr/bin/cmake --install /home/roboboat/RoboBoat_Cyber_Minority/ROS2_Imp/ros2_foxy/src/build/detector
