[1.920s] Invoking command in '/home/roboboat/RoboBoat_Cyber_Minority/Comp_2024/GPS_Related_Tasks/src/task1': PYTHONPATH=/home/roboboat/RoboBoat_Cyber_Minority/Comp_2024/GPS_Related_Tasks/build/task1/prefix_override:/home/roboboat/RoboBoat_Cyber_Minority/Comp_2024/GPS_Related_Tasks/install/task1/lib/python3.8/site-packages:${PYTHONPATH} /usr/bin/python3 setup.py egg_info --egg-base ../../build/task1 build --build-base /home/roboboat/RoboBoat_Cyber_Minority/Comp_2024/GPS_Related_Tasks/build/task1/build install --record /home/roboboat/RoboBoat_Cyber_Minority/Comp_2024/GPS_Related_Tasks/build/task1/install.log --install-scripts $base/lib/task1 --single-version-externally-managed
[2.107s] /home/roboboat/.local/lib/python3.8/site-packages/setuptools/dist.py:788: UserWarning: Usage of dash-separated 'script-dir' will not be supported in future versions. Please use the underscore name 'script_dir' instead
[2.108s]   warnings.warn(
[2.246s] running egg_info
[2.247s] creating ../../build/task1/task1.egg-info
[2.271s] writing ../../build/task1/task1.egg-info/PKG-INFO
[2.271s] writing dependency_links to ../../build/task1/task1.egg-info/dependency_links.txt
[2.271s] writing requirements to ../../build/task1/task1.egg-info/requires.txt
[2.271s] writing top-level names to ../../build/task1/task1.egg-info/top_level.txt
[2.437s] writing manifest file '../../build/task1/task1.egg-info/SOURCES.txt'
[2.486s] reading manifest file '../../build/task1/task1.egg-info/SOURCES.txt'
[2.486s] writing manifest file '../../build/task1/task1.egg-info/SOURCES.txt'
[2.487s] running build
[2.487s] running build_py
[2.487s] creating /home/roboboat/RoboBoat_Cyber_Minority/Comp_2024/GPS_Related_Tasks/build/task1/build
[2.487s] creating /home/roboboat/RoboBoat_Cyber_Minority/Comp_2024/GPS_Related_Tasks/build/task1/build/lib
[2.487s] creating /home/roboboat/RoboBoat_Cyber_Minority/Comp_2024/GPS_Related_Tasks/build/task1/build/lib/task1
[2.488s] copying task1/__init__.py -> /home/roboboat/RoboBoat_Cyber_Minority/Comp_2024/GPS_Related_Tasks/build/task1/build/lib/task1
[2.491s] running install
[2.498s] /home/roboboat/.local/lib/python3.8/site-packages/setuptools/command/install.py:34: SetuptoolsDeprecationWarning: setup.py install is deprecated. Use build and pip and other standards-based tools.
[2.498s]   warnings.warn(
[2.502s] running install_lib
[2.526s] creating /home/roboboat/RoboBoat_Cyber_Minority/Comp_2024/GPS_Related_Tasks/install/task1/lib/python3.8/site-packages/task1
[2.527s] copying /home/roboboat/RoboBoat_Cyber_Minority/Comp_2024/GPS_Related_Tasks/build/task1/build/lib/task1/__init__.py -> /home/roboboat/RoboBoat_Cyber_Minority/Comp_2024/GPS_Related_Tasks/install/task1/lib/python3.8/site-packages/task1
[2.527s] byte-compiling /home/roboboat/RoboBoat_Cyber_Minority/Comp_2024/GPS_Related_Tasks/install/task1/lib/python3.8/site-packages/task1/__init__.py to __init__.cpython-38.pyc
[2.528s] running install_data
[2.549s] creating /home/roboboat/RoboBoat_Cyber_Minority/Comp_2024/GPS_Related_Tasks/install/task1/share/ament_index
[2.550s] creating /home/roboboat/RoboBoat_Cyber_Minority/Comp_2024/GPS_Related_Tasks/install/task1/share/ament_index/resource_index
[2.551s] creating /home/roboboat/RoboBoat_Cyber_Minority/Comp_2024/GPS_Related_Tasks/install/task1/share/ament_index/resource_index/packages
[2.551s] copying resource/task1 -> /home/roboboat/RoboBoat_Cyber_Minority/Comp_2024/GPS_Related_Tasks/install/task1/share/ament_index/resource_index/packages
[2.552s] copying package.xml -> /home/roboboat/RoboBoat_Cyber_Minority/Comp_2024/GPS_Related_Tasks/install/task1/share/task1
[2.553s] running install_egg_info
[2.573s] Copying ../../build/task1/task1.egg-info to /home/roboboat/RoboBoat_Cyber_Minority/Comp_2024/GPS_Related_Tasks/install/task1/lib/python3.8/site-packages/task1-0.0.0-py3.8.egg-info
[2.574s] running install_scripts
[2.667s] writing list of installed files to '/home/roboboat/RoboBoat_Cyber_Minority/Comp_2024/GPS_Related_Tasks/build/task1/install.log'
[2.802s] Invoked command in '/home/roboboat/RoboBoat_Cyber_Minority/Comp_2024/GPS_Related_Tasks/src/task1' returned '0': PYTHONPATH=/home/roboboat/RoboBoat_Cyber_Minority/Comp_2024/GPS_Related_Tasks/build/task1/prefix_override:/home/roboboat/RoboBoat_Cyber_Minority/Comp_2024/GPS_Related_Tasks/install/task1/lib/python3.8/site-packages:${PYTHONPATH} /usr/bin/python3 setup.py egg_info --egg-base ../../build/task1 build --build-base /home/roboboat/RoboBoat_Cyber_Minority/Comp_2024/GPS_Related_Tasks/build/task1/build install --record /home/roboboat/RoboBoat_Cyber_Minority/Comp_2024/GPS_Related_Tasks/build/task1/install.log --install-scripts $base/lib/task1 --single-version-externally-managed
