[0.083s] Invoking command in '/home/roboboat/RoboBoat_Cyber_Minority/ROS2_Imp/ros2_foxy/src/detector/build/detector': CMAKE_PREFIX_PATH=${CMAKE_PREFIX_PATH}:/opt/ros/foxy /usr/bin/cmake --build /home/roboboat/RoboBoat_Cyber_Minority/ROS2_Imp/ros2_foxy/src/detector/build/detector -- -j12 -l12
[0.171s] [  9%] Built target detector__cpp
[0.172s] [ 12%] Built target detector__rosidl_generator_c
[0.184s] [ 18%] Built target detector_node
[0.203s] [ 36%] Built target detector__rosidl_typesupport_cpp
[0.203s] [ 36%] Built target detector__rosidl_typesupport_introspection_cpp
[0.207s] [ 45%] Built target detector__rosidl_typesupport_fastrtps_cpp
[0.217s] [ 63%] Built target detector__rosidl_typesupport_c
[0.218s] [ 63%] Built target detector__rosidl_typesupport_introspection_c
[0.252s] [ 72%] Built target detector__rosidl_typesupport_fastrtps_c
[0.284s] [ 72%] Built target detector
[0.316s] [ 75%] Built target detector__py
[0.368s] [ 81%] Built target detector__python
[0.412s] [100%] Built target detector__rosidl_typesupport_introspection_c__pyext
[0.412s] [100%] Built target detector__rosidl_typesupport_c__pyext
[0.412s] [100%] Built target detector__rosidl_typesupport_fastrtps_c__pyext
[0.438s] Invoked command in '/home/roboboat/RoboBoat_Cyber_Minority/ROS2_Imp/ros2_foxy/src/detector/build/detector' returned '0': CMAKE_PREFIX_PATH=${CMAKE_PREFIX_PATH}:/opt/ros/foxy /usr/bin/cmake --build /home/roboboat/RoboBoat_Cyber_Minority/ROS2_Imp/ros2_foxy/src/detector/build/detector -- -j12 -l12
[0.552s] Invoking command in '/home/roboboat/RoboBoat_Cyber_Minority/ROS2_Imp/ros2_foxy/src/detector/build/detector': CMAKE_PREFIX_PATH=${CMAKE_PREFIX_PATH}:/opt/ros/foxy /usr/bin/cmake --install /home/roboboat/RoboBoat_Cyber_Minority/ROS2_Imp/ros2_foxy/src/detector/build/detector
[0.568s] -- Install configuration: ""
[0.568s] -- Execute custom install script
[0.569s] -- Up-to-date symlink: /home/roboboat/RoboBoat_Cyber_Minority/ROS2_Imp/ros2_foxy/src/detector/install/detector/lib/detector/detector_node
[0.570s] -- Up-to-date symlink: /home/roboboat/RoboBoat_Cyber_Minority/ROS2_Imp/ros2_foxy/src/detector/install/detector/share/ament_index/resource_index/rosidl_interfaces/detector
[0.570s] -- Up-to-date symlink: /home/roboboat/RoboBoat_Cyber_Minority/ROS2_Imp/ros2_foxy/src/detector/install/detector/include/detector/msg/detail/my_custom_msg__functions.h
[0.571s] -- Up-to-date symlink: /home/roboboat/RoboBoat_Cyber_Minority/ROS2_Imp/ros2_foxy/src/detector/install/detector/include/detector/msg/detail/my_custom_msg__struct.h
[0.571s] -- Up-to-date symlink: /home/roboboat/RoboBoat_Cyber_Minority/ROS2_Imp/ros2_foxy/src/detector/install/detector/include/detector/msg/detail/my_custom_msg__type_support.h
[0.571s] -- Up-to-date symlink: /home/roboboat/RoboBoat_Cyber_Minority/ROS2_Imp/ros2_foxy/src/detector/install/detector/include/detector/msg/detail/yol_ov5helper__functions.h
[0.571s] -- Up-to-date symlink: /home/roboboat/RoboBoat_Cyber_Minority/ROS2_Imp/ros2_foxy/src/detector/install/detector/include/detector/msg/detail/yol_ov5helper__struct.h
[0.572s] -- Up-to-date symlink: /home/roboboat/RoboBoat_Cyber_Minority/ROS2_Imp/ros2_foxy/src/detector/install/detector/include/detector/msg/detail/yol_ov5helper__type_support.h
[0.572s] -- Up-to-date symlink: /home/roboboat/RoboBoat_Cyber_Minority/ROS2_Imp/ros2_foxy/src/detector/install/detector/include/detector/msg/my_custom_msg.h
[0.572s] -- Up-to-date symlink: /home/roboboat/RoboBoat_Cyber_Minority/ROS2_Imp/ros2_foxy/src/detector/install/detector/include/detector/msg/rosidl_generator_c__visibility_control.h
[0.572s] -- Up-to-date symlink: /home/roboboat/RoboBoat_Cyber_Minority/ROS2_Imp/ros2_foxy/src/detector/install/detector/include/detector/msg/yol_ov5helper.h
[0.573s] -- Up-to-date symlink: /home/roboboat/RoboBoat_Cyber_Minority/ROS2_Imp/ros2_foxy/src/detector/install/detector/share/detector/environment/library_path.sh
[0.573s] -- Up-to-date symlink: /home/roboboat/RoboBoat_Cyber_Minority/ROS2_Imp/ros2_foxy/src/detector/install/detector/share/detector/environment/library_path.dsv
[0.574s] -- Up-to-date symlink: /home/roboboat/RoboBoat_Cyber_Minority/ROS2_Imp/ros2_foxy/src/detector/install/detector/include/detector/msg/detail/my_custom_msg__rosidl_typesupport_fastrtps_c.h
[0.574s] -- Up-to-date symlink: /home/roboboat/RoboBoat_Cyber_Minority/ROS2_Imp/ros2_foxy/src/detector/install/detector/include/detector/msg/detail/yol_ov5helper__rosidl_typesupport_fastrtps_c.h
[0.574s] -- Up-to-date symlink: /home/roboboat/RoboBoat_Cyber_Minority/ROS2_Imp/ros2_foxy/src/detector/install/detector/include/detector/msg/rosidl_typesupport_fastrtps_c__visibility_control.h
[0.575s] -- Up-to-date symlink: /home/roboboat/RoboBoat_Cyber_Minority/ROS2_Imp/ros2_foxy/src/detector/install/detector/lib/libdetector__rosidl_typesupport_fastrtps_c.so
[0.576s] -- Up-to-date symlink: /home/roboboat/RoboBoat_Cyber_Minority/ROS2_Imp/ros2_foxy/src/detector/install/detector/include/detector/msg/detail/my_custom_msg__rosidl_typesupport_fastrtps_cpp.hpp
[0.576s] -- Up-to-date symlink: /home/roboboat/RoboBoat_Cyber_Minority/ROS2_Imp/ros2_foxy/src/detector/install/detector/include/detector/msg/detail/yol_ov5helper__rosidl_typesupport_fastrtps_cpp.hpp
[0.576s] -- Up-to-date symlink: /home/roboboat/RoboBoat_Cyber_Minority/ROS2_Imp/ros2_foxy/src/detector/install/detector/include/detector/msg/rosidl_typesupport_fastrtps_cpp__visibility_control.h
[0.577s] -- Up-to-date symlink: /home/roboboat/RoboBoat_Cyber_Minority/ROS2_Imp/ros2_foxy/src/detector/install/detector/lib/libdetector__rosidl_typesupport_fastrtps_cpp.so
[0.578s] -- Up-to-date symlink: /home/roboboat/RoboBoat_Cyber_Minority/ROS2_Imp/ros2_foxy/src/detector/install/detector/include/detector/msg/detail/my_custom_msg__rosidl_typesupport_introspection_c.h
[0.578s] -- Up-to-date symlink: /home/roboboat/RoboBoat_Cyber_Minority/ROS2_Imp/ros2_foxy/src/detector/install/detector/include/detector/msg/detail/yol_ov5helper__rosidl_typesupport_introspection_c.h
[0.578s] -- Up-to-date symlink: /home/roboboat/RoboBoat_Cyber_Minority/ROS2_Imp/ros2_foxy/src/detector/install/detector/include/detector/msg/rosidl_typesupport_introspection_c__visibility_control.h
[0.579s] -- Up-to-date symlink: /home/roboboat/RoboBoat_Cyber_Minority/ROS2_Imp/ros2_foxy/src/detector/install/detector/include/detector/msg/detail/my_custom_msg__builder.hpp
[0.579s] -- Up-to-date symlink: /home/roboboat/RoboBoat_Cyber_Minority/ROS2_Imp/ros2_foxy/src/detector/install/detector/include/detector/msg/detail/my_custom_msg__struct.hpp
[0.579s] -- Up-to-date symlink: /home/roboboat/RoboBoat_Cyber_Minority/ROS2_Imp/ros2_foxy/src/detector/install/detector/include/detector/msg/detail/my_custom_msg__traits.hpp
[0.580s] -- Up-to-date symlink: /home/roboboat/RoboBoat_Cyber_Minority/ROS2_Imp/ros2_foxy/src/detector/install/detector/include/detector/msg/detail/my_custom_msg__type_support.hpp
[0.580s] -- Up-to-date symlink: /home/roboboat/RoboBoat_Cyber_Minority/ROS2_Imp/ros2_foxy/src/detector/install/detector/include/detector/msg/detail/yol_ov5helper__builder.hpp
[0.580s] -- Up-to-date symlink: /home/roboboat/RoboBoat_Cyber_Minority/ROS2_Imp/ros2_foxy/src/detector/install/detector/include/detector/msg/detail/yol_ov5helper__struct.hpp
[0.580s] -- Up-to-date symlink: /home/roboboat/RoboBoat_Cyber_Minority/ROS2_Imp/ros2_foxy/src/detector/install/detector/include/detector/msg/detail/yol_ov5helper__traits.hpp
[0.581s] -- Up-to-date symlink: /home/roboboat/RoboBoat_Cyber_Minority/ROS2_Imp/ros2_foxy/src/detector/install/detector/include/detector/msg/detail/yol_ov5helper__type_support.hpp
[0.581s] -- Up-to-date symlink: /home/roboboat/RoboBoat_Cyber_Minority/ROS2_Imp/ros2_foxy/src/detector/install/detector/include/detector/msg/my_custom_msg.hpp
[0.581s] -- Up-to-date symlink: /home/roboboat/RoboBoat_Cyber_Minority/ROS2_Imp/ros2_foxy/src/detector/install/detector/include/detector/msg/rosidl_generator_cpp__visibility_control.hpp
[0.581s] -- Up-to-date symlink: /home/roboboat/RoboBoat_Cyber_Minority/ROS2_Imp/ros2_foxy/src/detector/install/detector/include/detector/msg/yol_ov5helper.hpp
[0.582s] -- Up-to-date symlink: /home/roboboat/RoboBoat_Cyber_Minority/ROS2_Imp/ros2_foxy/src/detector/install/detector/include/detector/msg/detail/my_custom_msg__rosidl_typesupport_introspection_cpp.hpp
[0.582s] -- Up-to-date symlink: /home/roboboat/RoboBoat_Cyber_Minority/ROS2_Imp/ros2_foxy/src/detector/install/detector/include/detector/msg/detail/yol_ov5helper__rosidl_typesupport_introspection_cpp.hpp
[0.583s] -- Up-to-date symlink: /home/roboboat/RoboBoat_Cyber_Minority/ROS2_Imp/ros2_foxy/src/detector/install/detector/share/detector/environment/pythonpath.sh
[0.583s] -- Up-to-date symlink: /home/roboboat/RoboBoat_Cyber_Minority/ROS2_Imp/ros2_foxy/src/detector/install/detector/share/detector/environment/pythonpath.dsv
[0.583s] -- Up-to-date symlink: /home/roboboat/RoboBoat_Cyber_Minority/ROS2_Imp/ros2_foxy/src/detector/install/detector/lib/python3.8/site-packages/detector/__init__.py
[0.584s] -- Up-to-date symlink: /home/roboboat/RoboBoat_Cyber_Minority/ROS2_Imp/ros2_foxy/src/detector/install/detector/lib/python3.8/site-packages/detector/msg/__init__.py
[0.584s] -- Up-to-date symlink: /home/roboboat/RoboBoat_Cyber_Minority/ROS2_Imp/ros2_foxy/src/detector/install/detector/lib/python3.8/site-packages/detector/msg/_my_custom_msg.py
[0.585s] -- Up-to-date symlink: /home/roboboat/RoboBoat_Cyber_Minority/ROS2_Imp/ros2_foxy/src/detector/install/detector/lib/python3.8/site-packages/detector/msg/_yol_ov5helper.py
[0.585s] -- Up-to-date symlink: /home/roboboat/RoboBoat_Cyber_Minority/ROS2_Imp/ros2_foxy/src/detector/install/detector/lib/python3.8/site-packages/detector/detector_s__rosidl_typesupport_fastrtps_c.cpython-38-aarch64-linux-gnu.so
[0.586s] -- Up-to-date symlink: /home/roboboat/RoboBoat_Cyber_Minority/ROS2_Imp/ros2_foxy/src/detector/install/detector/lib/python3.8/site-packages/detector/detector_s__rosidl_typesupport_introspection_c.cpython-38-aarch64-linux-gnu.so
[0.586s] -- Up-to-date symlink: /home/roboboat/RoboBoat_Cyber_Minority/ROS2_Imp/ros2_foxy/src/detector/install/detector/lib/python3.8/site-packages/detector/detector_s__rosidl_typesupport_c.cpython-38-aarch64-linux-gnu.so
[0.587s] -- Up-to-date symlink: /home/roboboat/RoboBoat_Cyber_Minority/ROS2_Imp/ros2_foxy/src/detector/install/detector/lib/libdetector__python.so
[0.587s] -- Up-to-date symlink: /home/roboboat/RoboBoat_Cyber_Minority/ROS2_Imp/ros2_foxy/src/detector/install/detector/share/detector/msg/MyCustomMsg.idl
[0.588s] -- Up-to-date symlink: /home/roboboat/RoboBoat_Cyber_Minority/ROS2_Imp/ros2_foxy/src/detector/install/detector/share/detector/msg/MyCustomMsg.msg
[0.588s] -- Up-to-date symlink: /home/roboboat/RoboBoat_Cyber_Minority/ROS2_Imp/ros2_foxy/src/detector/install/detector/include/detector/.YOLOv5Detection.hpp.swp
[0.589s] -- Up-to-date symlink: /home/roboboat/RoboBoat_Cyber_Minority/ROS2_Imp/ros2_foxy/src/detector/install/detector/share/ament_index/resource_index/package_run_dependencies/detector
[0.589s] -- Up-to-date symlink: /home/roboboat/RoboBoat_Cyber_Minority/ROS2_Imp/ros2_foxy/src/detector/install/detector/share/ament_index/resource_index/parent_prefix_path/detector
[0.589s] -- Up-to-date symlink: /home/roboboat/RoboBoat_Cyber_Minority/ROS2_Imp/ros2_foxy/src/detector/install/detector/share/detector/environment/ament_prefix_path.sh
[0.590s] -- Up-to-date symlink: /home/roboboat/RoboBoat_Cyber_Minority/ROS2_Imp/ros2_foxy/src/detector/install/detector/share/detector/environment/ament_prefix_path.dsv
[0.590s] -- Up-to-date symlink: /home/roboboat/RoboBoat_Cyber_Minority/ROS2_Imp/ros2_foxy/src/detector/install/detector/share/detector/environment/path.sh
[0.591s] -- Up-to-date symlink: /home/roboboat/RoboBoat_Cyber_Minority/ROS2_Imp/ros2_foxy/src/detector/install/detector/share/detector/environment/path.dsv
[0.591s] -- Up-to-date symlink: /home/roboboat/RoboBoat_Cyber_Minority/ROS2_Imp/ros2_foxy/src/detector/install/detector/share/detector/local_setup.bash
[0.591s] -- Up-to-date symlink: /home/roboboat/RoboBoat_Cyber_Minority/ROS2_Imp/ros2_foxy/src/detector/install/detector/share/detector/local_setup.sh
[0.592s] -- Up-to-date symlink: /home/roboboat/RoboBoat_Cyber_Minority/ROS2_Imp/ros2_foxy/src/detector/install/detector/share/detector/local_setup.zsh
[0.592s] -- Up-to-date symlink: /home/roboboat/RoboBoat_Cyber_Minority/ROS2_Imp/ros2_foxy/src/detector/install/detector/share/detector/local_setup.dsv
[0.592s] -- Symlinking: /home/roboboat/RoboBoat_Cyber_Minority/ROS2_Imp/ros2_foxy/src/detector/install/detector/share/detector/package.dsv
[0.607s] -- Up-to-date symlink: /home/roboboat/RoboBoat_Cyber_Minority/ROS2_Imp/ros2_foxy/src/detector/install/detector/share/ament_index/resource_index/packages/detector
[0.607s] -- Up-to-date symlink: /home/roboboat/RoboBoat_Cyber_Minority/ROS2_Imp/ros2_foxy/src/detector/install/detector/share/detector/cmake/rosidl_cmake-extras.cmake
[0.608s] -- Up-to-date symlink: /home/roboboat/RoboBoat_Cyber_Minority/ROS2_Imp/ros2_foxy/src/detector/install/detector/share/detector/cmake/ament_cmake_export_dependencies-extras.cmake
[0.608s] -- Up-to-date symlink: /home/roboboat/RoboBoat_Cyber_Minority/ROS2_Imp/ros2_foxy/src/detector/install/detector/share/detector/cmake/ament_cmake_export_libraries-extras.cmake
[0.609s] -- Up-to-date symlink: /home/roboboat/RoboBoat_Cyber_Minority/ROS2_Imp/ros2_foxy/src/detector/install/detector/share/detector/cmake/ament_cmake_export_targets-extras.cmake
[0.609s] -- Up-to-date symlink: /home/roboboat/RoboBoat_Cyber_Minority/ROS2_Imp/ros2_foxy/src/detector/install/detector/share/detector/cmake/ament_cmake_export_include_directories-extras.cmake
[0.609s] -- Up-to-date symlink: /home/roboboat/RoboBoat_Cyber_Minority/ROS2_Imp/ros2_foxy/src/detector/install/detector/share/detector/cmake/rosidl_cmake_export_typesupport_libraries-extras.cmake
[0.609s] -- Up-to-date symlink: /home/roboboat/RoboBoat_Cyber_Minority/ROS2_Imp/ros2_foxy/src/detector/install/detector/share/detector/cmake/rosidl_cmake_export_typesupport_targets-extras.cmake
[0.610s] -- Up-to-date symlink: /home/roboboat/RoboBoat_Cyber_Minority/ROS2_Imp/ros2_foxy/src/detector/install/detector/share/detector/cmake/detectorConfig.cmake
[0.610s] -- Up-to-date symlink: /home/roboboat/RoboBoat_Cyber_Minority/ROS2_Imp/ros2_foxy/src/detector/install/detector/share/detector/cmake/detectorConfig-version.cmake
[0.610s] -- Up-to-date symlink: /home/roboboat/RoboBoat_Cyber_Minority/ROS2_Imp/ros2_foxy/src/detector/install/detector/share/detector/package.xml
[0.611s] -- Up-to-date: /home/roboboat/RoboBoat_Cyber_Minority/ROS2_Imp/ros2_foxy/src/detector/install/detector/lib/libdetector__rosidl_generator_c.so
[0.611s] -- Up-to-date: /home/roboboat/RoboBoat_Cyber_Minority/ROS2_Imp/ros2_foxy/src/detector/install/detector/lib/libdetector__rosidl_typesupport_introspection_c.so
[0.612s] -- Up-to-date: /home/roboboat/RoboBoat_Cyber_Minority/ROS2_Imp/ros2_foxy/src/detector/install/detector/lib/libdetector__rosidl_typesupport_c.so
[0.612s] -- Up-to-date: /home/roboboat/RoboBoat_Cyber_Minority/ROS2_Imp/ros2_foxy/src/detector/install/detector/lib/libdetector__rosidl_typesupport_introspection_cpp.so
[0.613s] -- Up-to-date: /home/roboboat/RoboBoat_Cyber_Minority/ROS2_Imp/ros2_foxy/src/detector/install/detector/lib/libdetector__rosidl_typesupport_cpp.so
[0.664s] -- Up-to-date: /home/roboboat/RoboBoat_Cyber_Minority/ROS2_Imp/ros2_foxy/src/detector/install/detector/share/detector/cmake/detector__rosidl_generator_cExport.cmake
[0.665s] -- Up-to-date: /home/roboboat/RoboBoat_Cyber_Minority/ROS2_Imp/ros2_foxy/src/detector/install/detector/share/detector/cmake/detector__rosidl_generator_cExport-noconfig.cmake
[0.665s] -- Up-to-date: /home/roboboat/RoboBoat_Cyber_Minority/ROS2_Imp/ros2_foxy/src/detector/install/detector/share/detector/cmake/detector__rosidl_typesupport_introspection_cExport.cmake
[0.665s] -- Up-to-date: /home/roboboat/RoboBoat_Cyber_Minority/ROS2_Imp/ros2_foxy/src/detector/install/detector/share/detector/cmake/detector__rosidl_typesupport_introspection_cExport-noconfig.cmake
[0.666s] -- Up-to-date: /home/roboboat/RoboBoat_Cyber_Minority/ROS2_Imp/ros2_foxy/src/detector/install/detector/share/detector/cmake/detector__rosidl_typesupport_cExport.cmake
[0.666s] -- Up-to-date: /home/roboboat/RoboBoat_Cyber_Minority/ROS2_Imp/ros2_foxy/src/detector/install/detector/share/detector/cmake/detector__rosidl_typesupport_cExport-noconfig.cmake
[0.666s] -- Up-to-date: /home/roboboat/RoboBoat_Cyber_Minority/ROS2_Imp/ros2_foxy/src/detector/install/detector/share/detector/cmake/detector__rosidl_generator_cppExport.cmake
[0.667s] -- Up-to-date: /home/roboboat/RoboBoat_Cyber_Minority/ROS2_Imp/ros2_foxy/src/detector/install/detector/share/detector/cmake/detector__rosidl_typesupport_introspection_cppExport.cmake
[0.667s] -- Up-to-date: /home/roboboat/RoboBoat_Cyber_Minority/ROS2_Imp/ros2_foxy/src/detector/install/detector/share/detector/cmake/detector__rosidl_typesupport_introspection_cppExport-noconfig.cmake
[0.667s] -- Up-to-date: /home/roboboat/RoboBoat_Cyber_Minority/ROS2_Imp/ros2_foxy/src/detector/install/detector/share/detector/cmake/detector__rosidl_typesupport_cppExport.cmake
[0.667s] -- Up-to-date: /home/roboboat/RoboBoat_Cyber_Minority/ROS2_Imp/ros2_foxy/src/detector/install/detector/share/detector/cmake/detector__rosidl_typesupport_cppExport-noconfig.cmake
[0.672s] Invoked command in '/home/roboboat/RoboBoat_Cyber_Minority/ROS2_Imp/ros2_foxy/src/detector/build/detector' returned '0': CMAKE_PREFIX_PATH=${CMAKE_PREFIX_PATH}:/opt/ros/foxy /usr/bin/cmake --install /home/roboboat/RoboBoat_Cyber_Minority/ROS2_Imp/ros2_foxy/src/detector/build/detector
