Determining if the function sgemm_ exists failed with the following output:
Change Dir: /home/roboboat/ros2_ws/build/zed_wrapper/CMakeFiles/CMakeTmp

Run Build Command(s):/usr/bin/make cmTC_fee3e/fast && /usr/bin/make -f CMakeFiles/cmTC_fee3e.dir/build.make CMakeFiles/cmTC_fee3e.dir/build
make[1]: Entering directory '/home/roboboat/ros2_ws/build/zed_wrapper/CMakeFiles/CMakeTmp'
Building C object CMakeFiles/cmTC_fee3e.dir/CheckFunctionExists.c.o
/usr/bin/cc   -DCHECK_FUNCTION_EXISTS=sgemm_   -o CMakeFiles/cmTC_fee3e.dir/CheckFunctionExists.c.o   -c /usr/share/cmake-3.16/Modules/CheckFunctionExists.c
Linking C executable cmTC_fee3e
/usr/bin/cmake -E cmake_link_script CMakeFiles/cmTC_fee3e.dir/link.txt --verbose=1
/usr/bin/cc  -DCHECK_FUNCTION_EXISTS=sgemm_    CMakeFiles/cmTC_fee3e.dir/CheckFunctionExists.c.o  -o cmTC_fee3e 
/usr/bin/ld: CMakeFiles/cmTC_fee3e.dir/CheckFunctionExists.c.o: in function `main':
CheckFunctionExists.c:(.text+0x10): undefined reference to `sgemm_'
collect2: error: ld returned 1 exit status
make[1]: *** [CMakeFiles/cmTC_fee3e.dir/build.make:87: cmTC_fee3e] Error 1
make[1]: Leaving directory '/home/roboboat/ros2_ws/build/zed_wrapper/CMakeFiles/CMakeTmp'
make: *** [Makefile:121: cmTC_fee3e/fast] Error 2



Performing C SOURCE FILE Test CMAKE_HAVE_LIBC_PTHREAD failed with the following output:
Change Dir: /home/roboboat/ros2_ws/build/zed_wrapper/CMakeFiles/CMakeTmp

Run Build Command(s):/usr/bin/make cmTC_41390/fast && /usr/bin/make -f CMakeFiles/cmTC_41390.dir/build.make CMakeFiles/cmTC_41390.dir/build
make[1]: Entering directory '/home/roboboat/ros2_ws/build/zed_wrapper/CMakeFiles/CMakeTmp'
Building C object CMakeFiles/cmTC_41390.dir/src.c.o
/usr/bin/cc   -DCMAKE_HAVE_LIBC_PTHREAD   -o CMakeFiles/cmTC_41390.dir/src.c.o   -c /home/roboboat/ros2_ws/build/zed_wrapper/CMakeFiles/CMakeTmp/src.c
Linking C executable cmTC_41390
/usr/bin/cmake -E cmake_link_script CMakeFiles/cmTC_41390.dir/link.txt --verbose=1
/usr/bin/cc  -DCMAKE_HAVE_LIBC_PTHREAD    CMakeFiles/cmTC_41390.dir/src.c.o  -o cmTC_41390 
/usr/bin/ld: CMakeFiles/cmTC_41390.dir/src.c.o: in function `main':
src.c:(.text+0x48): undefined reference to `pthread_create'
/usr/bin/ld: src.c:(.text+0x50): undefined reference to `pthread_detach'
/usr/bin/ld: src.c:(.text+0x5c): undefined reference to `pthread_join'
collect2: error: ld returned 1 exit status
make[1]: *** [CMakeFiles/cmTC_41390.dir/build.make:87: cmTC_41390] Error 1
make[1]: Leaving directory '/home/roboboat/ros2_ws/build/zed_wrapper/CMakeFiles/CMakeTmp'
make: *** [Makefile:121: cmTC_41390/fast] Error 2


Source file was:
#include <pthread.h>

void* test_func(void* data)
{
  return data;
}

int main(void)
{
  pthread_t thread;
  pthread_create(&thread, NULL, test_func, NULL);
  pthread_detach(thread);
  pthread_join(thread, NULL);
  pthread_atfork(NULL, NULL, NULL);
  pthread_exit(NULL);

  return 0;
}

Determining if the function pthread_create exists in the pthreads failed with the following output:
Change Dir: /home/roboboat/ros2_ws/build/zed_wrapper/CMakeFiles/CMakeTmp

Run Build Command(s):/usr/bin/make cmTC_82392/fast && /usr/bin/make -f CMakeFiles/cmTC_82392.dir/build.make CMakeFiles/cmTC_82392.dir/build
make[1]: Entering directory '/home/roboboat/ros2_ws/build/zed_wrapper/CMakeFiles/CMakeTmp'
Building C object CMakeFiles/cmTC_82392.dir/CheckFunctionExists.c.o
/usr/bin/cc   -DCHECK_FUNCTION_EXISTS=pthread_create   -o CMakeFiles/cmTC_82392.dir/CheckFunctionExists.c.o   -c /usr/share/cmake-3.16/Modules/CheckFunctionExists.c
Linking C executable cmTC_82392
/usr/bin/cmake -E cmake_link_script CMakeFiles/cmTC_82392.dir/link.txt --verbose=1
/usr/bin/cc  -DCHECK_FUNCTION_EXISTS=pthread_create    CMakeFiles/cmTC_82392.dir/CheckFunctionExists.c.o  -o cmTC_82392  -lpthreads 
/usr/bin/ld: cannot find -lpthreads
collect2: error: ld returned 1 exit status
make[1]: *** [CMakeFiles/cmTC_82392.dir/build.make:87: cmTC_82392] Error 1
make[1]: Leaving directory '/home/roboboat/ros2_ws/build/zed_wrapper/CMakeFiles/CMakeTmp'
make: *** [Makefile:121: cmTC_82392/fast] Error 2



