[0.017s] Invoking command in '/home/roboboat/ros2_ws/build/zed_ros2': AMENT_PREFIX_PATH=/home/roboboat/ros2_ws/install/zed_wrapper:/home/roboboat/ros2_ws/install/zed_components:/home/roboboat/ros2_ws/install/zed_interfaces:${AMENT_PREFIX_PATH} CMAKE_PREFIX_PATH=/home/roboboat/ros2_ws/install/zed_wrapper:/home/roboboat/ros2_ws/install/zed_components:/home/roboboat/ros2_ws/install/zed_interfaces:/opt/ros/foxy LD_LIBRARY_PATH=/home/roboboat/ros2_ws/install/zed_components/lib:/home/roboboat/ros2_ws/install/zed_interfaces/lib:${LD_LIBRARY_PATH} PYTHONPATH=/home/roboboat/ros2_ws/install/zed_interfaces/lib/python3.8/site-packages:${PYTHONPATH} /usr/bin/cmake /home/roboboat/ros2_ws/src/zed-ros2-wrapper/zed_ros2 -DCMAKE_BUILD_TYPE=Release -DAMENT_CMAKE_SYMLINK_INSTALL=1 -DCMAKE_INSTALL_PREFIX=/home/roboboat/ros2_ws/install/zed_ros2
[0.037s] -- Found ament_cmake: 0.9.11 (/opt/ros/foxy/share/ament_cmake/cmake)
[0.067s] -- Found PythonInterp: /usr/bin/python3 (found suitable version "3.8.10", minimum required is "3") 
[0.067s] -- Using PYTHON_EXECUTABLE: /usr/bin/python3
[0.304s] -- Override CMake install command with custom implementation using symlinks instead of copying resources
[0.330s] -- Found ament_lint_auto: 0.9.7 (/opt/ros/foxy/share/ament_lint_auto/cmake)
[0.420s] -- Added test 'copyright' to check source files copyright and LICENSE
[0.421s] -- Added test 'lint_cmake' to check CMake code style
[0.422s] -- Added test 'xmllint' to check XML markup files
[0.424s] -- Configuring done
[0.426s] -- Generating done
[0.427s] -- Build files have been written to: /home/roboboat/ros2_ws/build/zed_ros2
[0.432s] Invoked command in '/home/roboboat/ros2_ws/build/zed_ros2' returned '0': AMENT_PREFIX_PATH=/home/roboboat/ros2_ws/install/zed_wrapper:/home/roboboat/ros2_ws/install/zed_components:/home/roboboat/ros2_ws/install/zed_interfaces:${AMENT_PREFIX_PATH} CMAKE_PREFIX_PATH=/home/roboboat/ros2_ws/install/zed_wrapper:/home/roboboat/ros2_ws/install/zed_components:/home/roboboat/ros2_ws/install/zed_interfaces:/opt/ros/foxy LD_LIBRARY_PATH=/home/roboboat/ros2_ws/install/zed_components/lib:/home/roboboat/ros2_ws/install/zed_interfaces/lib:${LD_LIBRARY_PATH} PYTHONPATH=/home/roboboat/ros2_ws/install/zed_interfaces/lib/python3.8/site-packages:${PYTHONPATH} /usr/bin/cmake /home/roboboat/ros2_ws/src/zed-ros2-wrapper/zed_ros2 -DCMAKE_BUILD_TYPE=Release -DAMENT_CMAKE_SYMLINK_INSTALL=1 -DCMAKE_INSTALL_PREFIX=/home/roboboat/ros2_ws/install/zed_ros2
[0.435s] Invoking command in '/home/roboboat/ros2_ws/build/zed_ros2': AMENT_PREFIX_PATH=/home/roboboat/ros2_ws/install/zed_wrapper:/home/roboboat/ros2_ws/install/zed_components:/home/roboboat/ros2_ws/install/zed_interfaces:${AMENT_PREFIX_PATH} CMAKE_PREFIX_PATH=/home/roboboat/ros2_ws/install/zed_wrapper:/home/roboboat/ros2_ws/install/zed_components:/home/roboboat/ros2_ws/install/zed_interfaces:/opt/ros/foxy LD_LIBRARY_PATH=/home/roboboat/ros2_ws/install/zed_components/lib:/home/roboboat/ros2_ws/install/zed_interfaces/lib:${LD_LIBRARY_PATH} PYTHONPATH=/home/roboboat/ros2_ws/install/zed_interfaces/lib/python3.8/site-packages:${PYTHONPATH} /usr/bin/cmake --build /home/roboboat/ros2_ws/build/zed_ros2 -- -j12 -l12
[0.484s] Invoked command in '/home/roboboat/ros2_ws/build/zed_ros2' returned '0': AMENT_PREFIX_PATH=/home/roboboat/ros2_ws/install/zed_wrapper:/home/roboboat/ros2_ws/install/zed_components:/home/roboboat/ros2_ws/install/zed_interfaces:${AMENT_PREFIX_PATH} CMAKE_PREFIX_PATH=/home/roboboat/ros2_ws/install/zed_wrapper:/home/roboboat/ros2_ws/install/zed_components:/home/roboboat/ros2_ws/install/zed_interfaces:/opt/ros/foxy LD_LIBRARY_PATH=/home/roboboat/ros2_ws/install/zed_components/lib:/home/roboboat/ros2_ws/install/zed_interfaces/lib:${LD_LIBRARY_PATH} PYTHONPATH=/home/roboboat/ros2_ws/install/zed_interfaces/lib/python3.8/site-packages:${PYTHONPATH} /usr/bin/cmake --build /home/roboboat/ros2_ws/build/zed_ros2 -- -j12 -l12
[0.510s] Invoking command in '/home/roboboat/ros2_ws/build/zed_ros2': AMENT_PREFIX_PATH=/home/roboboat/ros2_ws/install/zed_wrapper:/home/roboboat/ros2_ws/install/zed_components:/home/roboboat/ros2_ws/install/zed_interfaces:${AMENT_PREFIX_PATH} CMAKE_PREFIX_PATH=/home/roboboat/ros2_ws/install/zed_wrapper:/home/roboboat/ros2_ws/install/zed_components:/home/roboboat/ros2_ws/install/zed_interfaces:/opt/ros/foxy LD_LIBRARY_PATH=/home/roboboat/ros2_ws/install/zed_components/lib:/home/roboboat/ros2_ws/install/zed_interfaces/lib:${LD_LIBRARY_PATH} PYTHONPATH=/home/roboboat/ros2_ws/install/zed_interfaces/lib/python3.8/site-packages:${PYTHONPATH} /usr/bin/cmake --install /home/roboboat/ros2_ws/build/zed_ros2
[0.521s] -- Install configuration: "Release"
[0.522s] -- Execute custom install script
[0.522s] -- Symlinking: /home/roboboat/ros2_ws/install/zed_ros2/share/ament_index/resource_index/package_run_dependencies/zed_ros2
[0.534s] -- Symlinking: /home/roboboat/ros2_ws/install/zed_ros2/share/ament_index/resource_index/parent_prefix_path/zed_ros2
[0.545s] -- Symlinking: /home/roboboat/ros2_ws/install/zed_ros2/share/zed_ros2/environment/ament_prefix_path.sh
[0.556s] -- Symlinking: /home/roboboat/ros2_ws/install/zed_ros2/share/zed_ros2/environment/ament_prefix_path.dsv
[0.567s] -- Symlinking: /home/roboboat/ros2_ws/install/zed_ros2/share/zed_ros2/environment/path.sh
[0.578s] -- Symlinking: /home/roboboat/ros2_ws/install/zed_ros2/share/zed_ros2/environment/path.dsv
[0.588s] -- Symlinking: /home/roboboat/ros2_ws/install/zed_ros2/share/zed_ros2/local_setup.bash
[0.599s] -- Symlinking: /home/roboboat/ros2_ws/install/zed_ros2/share/zed_ros2/local_setup.sh
[0.610s] -- Symlinking: /home/roboboat/ros2_ws/install/zed_ros2/share/zed_ros2/local_setup.zsh
[0.621s] -- Symlinking: /home/roboboat/ros2_ws/install/zed_ros2/share/zed_ros2/local_setup.dsv
[0.632s] -- Symlinking: /home/roboboat/ros2_ws/install/zed_ros2/share/zed_ros2/package.dsv
[0.644s] -- Symlinking: /home/roboboat/ros2_ws/install/zed_ros2/share/ament_index/resource_index/packages/zed_ros2
[0.655s] -- Symlinking: /home/roboboat/ros2_ws/install/zed_ros2/share/zed_ros2/cmake/zed_ros2Config.cmake
[0.665s] -- Symlinking: /home/roboboat/ros2_ws/install/zed_ros2/share/zed_ros2/cmake/zed_ros2Config-version.cmake
[0.676s] -- Symlinking: /home/roboboat/ros2_ws/install/zed_ros2/share/zed_ros2/package.xml
[0.693s] Invoked command in '/home/roboboat/ros2_ws/build/zed_ros2' returned '0': AMENT_PREFIX_PATH=/home/roboboat/ros2_ws/install/zed_wrapper:/home/roboboat/ros2_ws/install/zed_components:/home/roboboat/ros2_ws/install/zed_interfaces:${AMENT_PREFIX_PATH} CMAKE_PREFIX_PATH=/home/roboboat/ros2_ws/install/zed_wrapper:/home/roboboat/ros2_ws/install/zed_components:/home/roboboat/ros2_ws/install/zed_interfaces:/opt/ros/foxy LD_LIBRARY_PATH=/home/roboboat/ros2_ws/install/zed_components/lib:/home/roboboat/ros2_ws/install/zed_interfaces/lib:${LD_LIBRARY_PATH} PYTHONPATH=/home/roboboat/ros2_ws/install/zed_interfaces/lib/python3.8/site-packages:${PYTHONPATH} /usr/bin/cmake --install /home/roboboat/ros2_ws/build/zed_ros2
