[  9%] Built target detector__cpp
[ 12%] Built target detector__rosidl_generator_c
[ 15%] [32mBuilding CXX object CMakeFiles/detector_node.dir/src/detector_node.cpp.o[0m
[ 33%] Built target detector__rosidl_typesupport_introspection_cpp
[ 33%] Built target detector__rosidl_typesupport_cpp
[ 42%] Built target detector__rosidl_typesupport_fastrtps_cpp
[ 48%] [34m[1mGenerating C type support dispatch for ROS interfaces[0m
[ 48%] [34m[1mGenerating C introspection for ROS interfaces[0m
[ 51%] [34m[1mGenerating C type support for eProsima Fast-RTPS[0m
[35m[1mScanning dependencies of target detector__rosidl_typesupport_c[0m
[ 54%] [32mBuilding CXX object CMakeFiles/detector__rosidl_typesupport_c.dir/rosidl_typesupport_c/detector/msg/yol_ov5helper__type_support.cpp.o[0m
[35m[1mScanning dependencies of target detector__rosidl_typesupport_fastrtps_c[0m
[35m[1mScanning dependencies of target detector__rosidl_typesupport_introspection_c[0m
[ 60%] [32mBuilding CXX object CMakeFiles/detector__rosidl_typesupport_fastrtps_c.dir/rosidl_typesupport_fastrtps_c/detector/msg/detail/yol_ov5helper__type_support_c.cpp.o[0m
[ 60%] [32mBuilding C object CMakeFiles/detector__rosidl_typesupport_introspection_c.dir/rosidl_typesupport_introspection_c/detector/msg/detail/yol_ov5helper__type_support.c.o[0m
[ 63%] [32m[1mLinking CXX shared library libdetector__rosidl_typesupport_c.so[0m
[ 66%] [32m[1mLinking C shared library libdetector__rosidl_typesupport_introspection_c.so[0m
[ 66%] Built target detector__rosidl_typesupport_c
[ 66%] Built target detector__rosidl_typesupport_introspection_c
[ 69%] [32m[1mLinking CXX shared library libdetector__rosidl_typesupport_fastrtps_c.so[0m
[ 69%] Built target detector__rosidl_typesupport_fastrtps_c
