[0.148s] Invoking command in '/home/roboboat/RoboBoat_Cyber_Minority/Comp_2024/GPS_Related_Tasks/build/urg_node': CMAKE_PREFIX_PATH=${CMAKE_PREFIX_PATH}:/opt/ros/foxy /usr/bin/cmake --build /home/roboboat/RoboBoat_Cyber_Minority/Comp_2024/GPS_Related_Tasks/build/urg_node -- -j12 -l12
[0.248s] [ 28%] Built target urg_node_driver
[0.256s] [ 71%] Built target urg_node
[0.328s] [100%] Built target getID
[0.564s] Invoked command in '/home/roboboat/RoboBoat_Cyber_Minority/Comp_2024/GPS_Related_Tasks/build/urg_node' returned '0': CMAKE_PREFIX_PATH=${CMAKE_PREFIX_PATH}:/opt/ros/foxy /usr/bin/cmake --build /home/roboboat/RoboBoat_Cyber_Minority/Comp_2024/GPS_Related_Tasks/build/urg_node -- -j12 -l12
[0.851s] Invoking command in '/home/roboboat/RoboBoat_Cyber_Minority/Comp_2024/GPS_Related_Tasks/build/urg_node': CMAKE_PREFIX_PATH=${CMAKE_PREFIX_PATH}:/opt/ros/foxy /usr/bin/cmake --install /home/roboboat/RoboBoat_Cyber_Minority/Comp_2024/GPS_Related_Tasks/build/urg_node
[0.866s] -- Install configuration: ""
[0.867s] -- Up-to-date: /home/roboboat/RoboBoat_Cyber_Minority/Comp_2024/GPS_Related_Tasks/install/urg_node/lib/urg_node/urg_node_driver
[0.867s] -- Up-to-date: /home/roboboat/RoboBoat_Cyber_Minority/Comp_2024/GPS_Related_Tasks/install/urg_node/lib/liburg_node.so
[0.867s] -- Up-to-date: /home/roboboat/RoboBoat_Cyber_Minority/Comp_2024/GPS_Related_Tasks/install/urg_node/lib/urg_node/getID
[0.867s] -- Up-to-date: /home/roboboat/RoboBoat_Cyber_Minority/Comp_2024/GPS_Related_Tasks/install/urg_node/include
[0.868s] -- Up-to-date: /home/roboboat/RoboBoat_Cyber_Minority/Comp_2024/GPS_Related_Tasks/install/urg_node/include/urg_node
[0.868s] -- Up-to-date: /home/roboboat/RoboBoat_Cyber_Minority/Comp_2024/GPS_Related_Tasks/install/urg_node/include/urg_node/urg_node.hpp
[0.868s] -- Up-to-date: /home/roboboat/RoboBoat_Cyber_Minority/Comp_2024/GPS_Related_Tasks/install/urg_node/include/urg_node/urg_c_wrapper.hpp
[0.868s] -- Up-to-date: /home/roboboat/RoboBoat_Cyber_Minority/Comp_2024/GPS_Related_Tasks/install/urg_node/lib/urg_node/set_urg_ip.py
[0.868s] -- Up-to-date: /home/roboboat/RoboBoat_Cyber_Minority/Comp_2024/GPS_Related_Tasks/install/urg_node/share/urg_node/launch
[0.868s] -- Up-to-date: /home/roboboat/RoboBoat_Cyber_Minority/Comp_2024/GPS_Related_Tasks/install/urg_node/share/urg_node/launch/urg_node_ethernet.yaml
[0.869s] -- Up-to-date: /home/roboboat/RoboBoat_Cyber_Minority/Comp_2024/GPS_Related_Tasks/install/urg_node/share/urg_node/launch/urg_lidar.launch.xml
[0.869s] -- Up-to-date: /home/roboboat/RoboBoat_Cyber_Minority/Comp_2024/GPS_Related_Tasks/install/urg_node/share/urg_node/launch/urg_node_launch.py
[0.869s] -- Up-to-date: /home/roboboat/RoboBoat_Cyber_Minority/Comp_2024/GPS_Related_Tasks/install/urg_node/share/urg_node/launch/urg_node_serial.yaml
[0.869s] -- Up-to-date: /home/roboboat/RoboBoat_Cyber_Minority/Comp_2024/GPS_Related_Tasks/install/urg_node/share/urg_node/launch/hokuyo_laser.urdf
[0.869s] -- Up-to-date: /home/roboboat/RoboBoat_Cyber_Minority/Comp_2024/GPS_Related_Tasks/install/urg_node/share/urg_node/environment/library_path.sh
[0.869s] -- Up-to-date: /home/roboboat/RoboBoat_Cyber_Minority/Comp_2024/GPS_Related_Tasks/install/urg_node/share/urg_node/environment/library_path.dsv
[0.870s] -- Up-to-date: /home/roboboat/RoboBoat_Cyber_Minority/Comp_2024/GPS_Related_Tasks/install/urg_node/share/ament_index/resource_index/package_run_dependencies/urg_node
[0.870s] -- Up-to-date: /home/roboboat/RoboBoat_Cyber_Minority/Comp_2024/GPS_Related_Tasks/install/urg_node/share/ament_index/resource_index/parent_prefix_path/urg_node
[0.870s] -- Up-to-date: /home/roboboat/RoboBoat_Cyber_Minority/Comp_2024/GPS_Related_Tasks/install/urg_node/share/urg_node/environment/ament_prefix_path.sh
[0.870s] -- Up-to-date: /home/roboboat/RoboBoat_Cyber_Minority/Comp_2024/GPS_Related_Tasks/install/urg_node/share/urg_node/environment/ament_prefix_path.dsv
[0.870s] -- Up-to-date: /home/roboboat/RoboBoat_Cyber_Minority/Comp_2024/GPS_Related_Tasks/install/urg_node/share/urg_node/environment/path.sh
[0.870s] -- Up-to-date: /home/roboboat/RoboBoat_Cyber_Minority/Comp_2024/GPS_Related_Tasks/install/urg_node/share/urg_node/environment/path.dsv
[0.870s] -- Up-to-date: /home/roboboat/RoboBoat_Cyber_Minority/Comp_2024/GPS_Related_Tasks/install/urg_node/share/urg_node/local_setup.bash
[0.871s] -- Up-to-date: /home/roboboat/RoboBoat_Cyber_Minority/Comp_2024/GPS_Related_Tasks/install/urg_node/share/urg_node/local_setup.sh
[0.871s] -- Up-to-date: /home/roboboat/RoboBoat_Cyber_Minority/Comp_2024/GPS_Related_Tasks/install/urg_node/share/urg_node/local_setup.zsh
[0.871s] -- Up-to-date: /home/roboboat/RoboBoat_Cyber_Minority/Comp_2024/GPS_Related_Tasks/install/urg_node/share/urg_node/local_setup.dsv
[0.871s] -- Installing: /home/roboboat/RoboBoat_Cyber_Minority/Comp_2024/GPS_Related_Tasks/install/urg_node/share/urg_node/package.dsv
[0.871s] -- Up-to-date: /home/roboboat/RoboBoat_Cyber_Minority/Comp_2024/GPS_Related_Tasks/install/urg_node/share/ament_index/resource_index/packages/urg_node
[0.871s] -- Up-to-date: /home/roboboat/RoboBoat_Cyber_Minority/Comp_2024/GPS_Related_Tasks/install/urg_node/share/ament_index/resource_index/rclcpp_components/urg_node
[0.871s] -- Up-to-date: /home/roboboat/RoboBoat_Cyber_Minority/Comp_2024/GPS_Related_Tasks/install/urg_node/share/urg_node/cmake/ament_cmake_export_dependencies-extras.cmake
[0.871s] -- Up-to-date: /home/roboboat/RoboBoat_Cyber_Minority/Comp_2024/GPS_Related_Tasks/install/urg_node/share/urg_node/cmake/ament_cmake_export_include_directories-extras.cmake
[0.872s] -- Up-to-date: /home/roboboat/RoboBoat_Cyber_Minority/Comp_2024/GPS_Related_Tasks/install/urg_node/share/urg_node/cmake/ament_cmake_export_libraries-extras.cmake
[0.872s] -- Up-to-date: /home/roboboat/RoboBoat_Cyber_Minority/Comp_2024/GPS_Related_Tasks/install/urg_node/share/urg_node/cmake/urg_nodeConfig.cmake
[0.872s] -- Up-to-date: /home/roboboat/RoboBoat_Cyber_Minority/Comp_2024/GPS_Related_Tasks/install/urg_node/share/urg_node/cmake/urg_nodeConfig-version.cmake
[0.872s] -- Up-to-date: /home/roboboat/RoboBoat_Cyber_Minority/Comp_2024/GPS_Related_Tasks/install/urg_node/share/urg_node/package.xml
[0.878s] Invoked command in '/home/roboboat/RoboBoat_Cyber_Minority/Comp_2024/GPS_Related_Tasks/build/urg_node' returned '0': CMAKE_PREFIX_PATH=${CMAKE_PREFIX_PATH}:/opt/ros/foxy /usr/bin/cmake --install /home/roboboat/RoboBoat_Cyber_Minority/Comp_2024/GPS_Related_Tasks/build/urg_node
