[0.106s] Invoking command in '/home/roboboat/RoboBoat_Cyber_Minority/ROS2_Imp/ros2_foxy/build/main_control': CMAKE_PREFIX_PATH=${CMAKE_PREFIX_PATH}:/opt/ros/foxy /usr/bin/cmake --build /home/roboboat/RoboBoat_Cyber_Minority/ROS2_Imp/ros2_foxy/build/main_control -- -j12 -l12
[0.174s] [35m[1mScanning dependencies of target detector_sub[0m
[0.188s] [  2%] Built target main_control__cpp
[0.189s] [ 11%] Built target main_control__rosidl_generator_c
[0.201s] [ 17%] Built target main_control_pub
[0.215s] [ 20%] [32mBuilding CXX object CMakeFiles/detector_sub.dir/src/detector_sub.cpp.o[0m
[0.225s] [ 40%] Built target main_control__rosidl_typesupport_cpp
[0.225s] [ 40%] Built target main_control__rosidl_typesupport_introspection_c
[0.225s] [ 45%] Built target main_control__rosidl_typesupport_c
[0.225s] [ 54%] Built target main_control__rosidl_typesupport_introspection_cpp
[0.228s] [ 62%] Built target main_control__rosidl_typesupport_fastrtps_cpp
[0.265s] [ 71%] Built target main_control__rosidl_typesupport_fastrtps_c
[0.297s] [ 71%] Built target main_control
[0.328s] [ 74%] Built target main_control__py
[0.367s] [ 80%] Built target main_control__python
[0.406s] [ 85%] Built target main_control__rosidl_typesupport_c__pyext
[0.407s] [ 91%] Built target main_control__rosidl_typesupport_fastrtps_c__pyext
[0.408s] [ 97%] Built target main_control__rosidl_typesupport_introspection_c__pyext
[7.542s] [100%] [32m[1mLinking CXX executable detector_sub[0m
[7.894s] [100%] Built target detector_sub
[7.950s] Invoked command in '/home/roboboat/RoboBoat_Cyber_Minority/ROS2_Imp/ros2_foxy/build/main_control' returned '0': CMAKE_PREFIX_PATH=${CMAKE_PREFIX_PATH}:/opt/ros/foxy /usr/bin/cmake --build /home/roboboat/RoboBoat_Cyber_Minority/ROS2_Imp/ros2_foxy/build/main_control -- -j12 -l12
[8.043s] Invoking command in '/home/roboboat/RoboBoat_Cyber_Minority/ROS2_Imp/ros2_foxy/build/main_control': CMAKE_PREFIX_PATH=${CMAKE_PREFIX_PATH}:/opt/ros/foxy /usr/bin/cmake --install /home/roboboat/RoboBoat_Cyber_Minority/ROS2_Imp/ros2_foxy/build/main_control
[8.067s] -- Install configuration: ""
[8.068s] -- Up-to-date: /home/roboboat/RoboBoat_Cyber_Minority/ROS2_Imp/ros2_foxy/install/main_control/share/ament_index/resource_index/rosidl_interfaces/main_control
[8.069s] -- Up-to-date: /home/roboboat/RoboBoat_Cyber_Minority/ROS2_Imp/ros2_foxy/install/main_control/include/main_control
[8.069s] -- Up-to-date: /home/roboboat/RoboBoat_Cyber_Minority/ROS2_Imp/ros2_foxy/install/main_control/include/main_control/msg
[8.069s] -- Up-to-date: /home/roboboat/RoboBoat_Cyber_Minority/ROS2_Imp/ros2_foxy/install/main_control/include/main_control/msg/my_custom_msg_mc.h
[8.070s] -- Up-to-date: /home/roboboat/RoboBoat_Cyber_Minority/ROS2_Imp/ros2_foxy/install/main_control/include/main_control/msg/my_custom_msg.h
[8.070s] -- Up-to-date: /home/roboboat/RoboBoat_Cyber_Minority/ROS2_Imp/ros2_foxy/install/main_control/include/main_control/msg/detail
[8.071s] -- Up-to-date: /home/roboboat/RoboBoat_Cyber_Minority/ROS2_Imp/ros2_foxy/install/main_control/include/main_control/msg/detail/my_custom_msg_mc__functions.h
[8.071s] -- Up-to-date: /home/roboboat/RoboBoat_Cyber_Minority/ROS2_Imp/ros2_foxy/install/main_control/include/main_control/msg/detail/my_custom_msg_mc__type_support.h
[8.071s] -- Up-to-date: /home/roboboat/RoboBoat_Cyber_Minority/ROS2_Imp/ros2_foxy/install/main_control/include/main_control/msg/detail/my_custom_msg__type_support.h
[8.072s] -- Up-to-date: /home/roboboat/RoboBoat_Cyber_Minority/ROS2_Imp/ros2_foxy/install/main_control/include/main_control/msg/detail/my_custom_msg__functions.c
[8.072s] -- Up-to-date: /home/roboboat/RoboBoat_Cyber_Minority/ROS2_Imp/ros2_foxy/install/main_control/include/main_control/msg/detail/my_custom_msg_mc__struct.h
[8.073s] -- Up-to-date: /home/roboboat/RoboBoat_Cyber_Minority/ROS2_Imp/ros2_foxy/install/main_control/include/main_control/msg/detail/my_custom_msg__functions.h
[8.073s] -- Up-to-date: /home/roboboat/RoboBoat_Cyber_Minority/ROS2_Imp/ros2_foxy/install/main_control/include/main_control/msg/detail/my_custom_msg_mc__functions.c
[8.073s] -- Up-to-date: /home/roboboat/RoboBoat_Cyber_Minority/ROS2_Imp/ros2_foxy/install/main_control/include/main_control/msg/detail/my_custom_msg__struct.h
[8.073s] -- Up-to-date: /home/roboboat/RoboBoat_Cyber_Minority/ROS2_Imp/ros2_foxy/install/main_control/include/main_control/msg/rosidl_generator_c__visibility_control.h
[8.074s] -- Up-to-date: /home/roboboat/RoboBoat_Cyber_Minority/ROS2_Imp/ros2_foxy/install/main_control/share/main_control/environment/library_path.sh
[8.074s] -- Up-to-date: /home/roboboat/RoboBoat_Cyber_Minority/ROS2_Imp/ros2_foxy/install/main_control/share/main_control/environment/library_path.dsv
[8.074s] -- Up-to-date: /home/roboboat/RoboBoat_Cyber_Minority/ROS2_Imp/ros2_foxy/install/main_control/lib/libmain_control__rosidl_generator_c.so
[8.074s] -- Up-to-date: /home/roboboat/RoboBoat_Cyber_Minority/ROS2_Imp/ros2_foxy/install/main_control/include/main_control
[8.075s] -- Up-to-date: /home/roboboat/RoboBoat_Cyber_Minority/ROS2_Imp/ros2_foxy/install/main_control/include/main_control/msg
[8.075s] -- Up-to-date: /home/roboboat/RoboBoat_Cyber_Minority/ROS2_Imp/ros2_foxy/install/main_control/include/main_control/msg/detail
[8.075s] -- Up-to-date: /home/roboboat/RoboBoat_Cyber_Minority/ROS2_Imp/ros2_foxy/install/main_control/include/main_control/msg/detail/my_custom_msg_mc__rosidl_typesupport_fastrtps_c.h
[8.076s] -- Up-to-date: /home/roboboat/RoboBoat_Cyber_Minority/ROS2_Imp/ros2_foxy/install/main_control/include/main_control/msg/detail/my_custom_msg__rosidl_typesupport_fastrtps_c.h
[8.076s] -- Up-to-date: /home/roboboat/RoboBoat_Cyber_Minority/ROS2_Imp/ros2_foxy/install/main_control/include/main_control/msg/rosidl_typesupport_fastrtps_c__visibility_control.h
[8.076s] -- Up-to-date: /home/roboboat/RoboBoat_Cyber_Minority/ROS2_Imp/ros2_foxy/install/main_control/lib/libmain_control__rosidl_typesupport_fastrtps_c.so
[8.076s] -- Up-to-date: /home/roboboat/RoboBoat_Cyber_Minority/ROS2_Imp/ros2_foxy/install/main_control/include/main_control
[8.076s] -- Up-to-date: /home/roboboat/RoboBoat_Cyber_Minority/ROS2_Imp/ros2_foxy/install/main_control/include/main_control/msg
[8.077s] -- Up-to-date: /home/roboboat/RoboBoat_Cyber_Minority/ROS2_Imp/ros2_foxy/install/main_control/include/main_control/msg/detail
[8.077s] -- Up-to-date: /home/roboboat/RoboBoat_Cyber_Minority/ROS2_Imp/ros2_foxy/install/main_control/include/main_control/msg/detail/my_custom_msg_mc__rosidl_typesupport_fastrtps_cpp.hpp
[8.077s] -- Up-to-date: /home/roboboat/RoboBoat_Cyber_Minority/ROS2_Imp/ros2_foxy/install/main_control/include/main_control/msg/detail/dds_fastrtps
[8.077s] -- Up-to-date: /home/roboboat/RoboBoat_Cyber_Minority/ROS2_Imp/ros2_foxy/install/main_control/include/main_control/msg/detail/my_custom_msg__rosidl_typesupport_fastrtps_cpp.hpp
[8.078s] -- Up-to-date: /home/roboboat/RoboBoat_Cyber_Minority/ROS2_Imp/ros2_foxy/install/main_control/include/main_control/msg/rosidl_typesupport_fastrtps_cpp__visibility_control.h
[8.078s] -- Up-to-date: /home/roboboat/RoboBoat_Cyber_Minority/ROS2_Imp/ros2_foxy/install/main_control/lib/libmain_control__rosidl_typesupport_fastrtps_cpp.so
[8.078s] -- Up-to-date: /home/roboboat/RoboBoat_Cyber_Minority/ROS2_Imp/ros2_foxy/install/main_control/include/main_control
[8.078s] -- Up-to-date: /home/roboboat/RoboBoat_Cyber_Minority/ROS2_Imp/ros2_foxy/install/main_control/include/main_control/msg
[8.078s] -- Up-to-date: /home/roboboat/RoboBoat_Cyber_Minority/ROS2_Imp/ros2_foxy/install/main_control/include/main_control/msg/rosidl_typesupport_introspection_c__visibility_control.h
[8.079s] -- Up-to-date: /home/roboboat/RoboBoat_Cyber_Minority/ROS2_Imp/ros2_foxy/install/main_control/include/main_control/msg/detail
[8.079s] -- Up-to-date: /home/roboboat/RoboBoat_Cyber_Minority/ROS2_Imp/ros2_foxy/install/main_control/include/main_control/msg/detail/my_custom_msg_mc__rosidl_typesupport_introspection_c.h
[8.079s] -- Up-to-date: /home/roboboat/RoboBoat_Cyber_Minority/ROS2_Imp/ros2_foxy/install/main_control/include/main_control/msg/detail/my_custom_msg__rosidl_typesupport_introspection_c.h
[8.079s] -- Up-to-date: /home/roboboat/RoboBoat_Cyber_Minority/ROS2_Imp/ros2_foxy/install/main_control/include/main_control/msg/detail/my_custom_msg_mc__type_support.c
[8.080s] -- Up-to-date: /home/roboboat/RoboBoat_Cyber_Minority/ROS2_Imp/ros2_foxy/install/main_control/include/main_control/msg/detail/my_custom_msg__type_support.c
[8.080s] -- Up-to-date: /home/roboboat/RoboBoat_Cyber_Minority/ROS2_Imp/ros2_foxy/install/main_control/lib/libmain_control__rosidl_typesupport_introspection_c.so
[8.080s] -- Up-to-date: /home/roboboat/RoboBoat_Cyber_Minority/ROS2_Imp/ros2_foxy/install/main_control/lib/libmain_control__rosidl_typesupport_c.so
[8.080s] -- Up-to-date: /home/roboboat/RoboBoat_Cyber_Minority/ROS2_Imp/ros2_foxy/install/main_control/include/main_control
[8.081s] -- Up-to-date: /home/roboboat/RoboBoat_Cyber_Minority/ROS2_Imp/ros2_foxy/install/main_control/include/main_control/msg
[8.081s] -- Up-to-date: /home/roboboat/RoboBoat_Cyber_Minority/ROS2_Imp/ros2_foxy/install/main_control/include/main_control/msg/my_custom_msg_mc.hpp
[8.081s] -- Up-to-date: /home/roboboat/RoboBoat_Cyber_Minority/ROS2_Imp/ros2_foxy/install/main_control/include/main_control/msg/detail
[8.081s] -- Up-to-date: /home/roboboat/RoboBoat_Cyber_Minority/ROS2_Imp/ros2_foxy/install/main_control/include/main_control/msg/detail/my_custom_msg_mc__builder.hpp
[8.081s] -- Up-to-date: /home/roboboat/RoboBoat_Cyber_Minority/ROS2_Imp/ros2_foxy/install/main_control/include/main_control/msg/detail/my_custom_msg_mc__traits.hpp
[8.082s] -- Up-to-date: /home/roboboat/RoboBoat_Cyber_Minority/ROS2_Imp/ros2_foxy/install/main_control/include/main_control/msg/detail/my_custom_msg_mc__type_support.hpp
[8.082s] -- Up-to-date: /home/roboboat/RoboBoat_Cyber_Minority/ROS2_Imp/ros2_foxy/install/main_control/include/main_control/msg/detail/my_custom_msg__traits.hpp
[8.082s] -- Up-to-date: /home/roboboat/RoboBoat_Cyber_Minority/ROS2_Imp/ros2_foxy/install/main_control/include/main_control/msg/detail/my_custom_msg__struct.hpp
[8.082s] -- Up-to-date: /home/roboboat/RoboBoat_Cyber_Minority/ROS2_Imp/ros2_foxy/install/main_control/include/main_control/msg/detail/my_custom_msg__type_support.hpp
[8.083s] -- Up-to-date: /home/roboboat/RoboBoat_Cyber_Minority/ROS2_Imp/ros2_foxy/install/main_control/include/main_control/msg/detail/my_custom_msg_mc__struct.hpp
[8.083s] -- Up-to-date: /home/roboboat/RoboBoat_Cyber_Minority/ROS2_Imp/ros2_foxy/install/main_control/include/main_control/msg/detail/my_custom_msg__builder.hpp
[8.083s] -- Up-to-date: /home/roboboat/RoboBoat_Cyber_Minority/ROS2_Imp/ros2_foxy/install/main_control/include/main_control/msg/rosidl_generator_cpp__visibility_control.hpp
[8.083s] -- Up-to-date: /home/roboboat/RoboBoat_Cyber_Minority/ROS2_Imp/ros2_foxy/install/main_control/include/main_control/msg/my_custom_msg.hpp
[8.083s] -- Up-to-date: /home/roboboat/RoboBoat_Cyber_Minority/ROS2_Imp/ros2_foxy/install/main_control/include/main_control
[8.084s] -- Up-to-date: /home/roboboat/RoboBoat_Cyber_Minority/ROS2_Imp/ros2_foxy/install/main_control/include/main_control/msg
[8.084s] -- Up-to-date: /home/roboboat/RoboBoat_Cyber_Minority/ROS2_Imp/ros2_foxy/install/main_control/include/main_control/msg/detail
[8.084s] -- Up-to-date: /home/roboboat/RoboBoat_Cyber_Minority/ROS2_Imp/ros2_foxy/install/main_control/include/main_control/msg/detail/my_custom_msg__rosidl_typesupport_introspection_cpp.hpp
[8.084s] -- Up-to-date: /home/roboboat/RoboBoat_Cyber_Minority/ROS2_Imp/ros2_foxy/install/main_control/include/main_control/msg/detail/my_custom_msg__type_support.cpp
[8.085s] -- Up-to-date: /home/roboboat/RoboBoat_Cyber_Minority/ROS2_Imp/ros2_foxy/install/main_control/include/main_control/msg/detail/my_custom_msg_mc__type_support.cpp
[8.085s] -- Up-to-date: /home/roboboat/RoboBoat_Cyber_Minority/ROS2_Imp/ros2_foxy/install/main_control/include/main_control/msg/detail/my_custom_msg_mc__rosidl_typesupport_introspection_cpp.hpp
[8.085s] -- Up-to-date: /home/roboboat/RoboBoat_Cyber_Minority/ROS2_Imp/ros2_foxy/install/main_control/lib/libmain_control__rosidl_typesupport_introspection_cpp.so
[8.085s] -- Up-to-date: /home/roboboat/RoboBoat_Cyber_Minority/ROS2_Imp/ros2_foxy/install/main_control/lib/libmain_control__rosidl_typesupport_cpp.so
[8.085s] -- Up-to-date: /home/roboboat/RoboBoat_Cyber_Minority/ROS2_Imp/ros2_foxy/install/main_control/share/main_control/environment/pythonpath.sh
[8.086s] -- Up-to-date: /home/roboboat/RoboBoat_Cyber_Minority/ROS2_Imp/ros2_foxy/install/main_control/share/main_control/environment/pythonpath.dsv
[8.086s] -- Up-to-date: /home/roboboat/RoboBoat_Cyber_Minority/ROS2_Imp/ros2_foxy/install/main_control/lib/python3.8/site-packages/main_control/__init__.py
[8.124s] -- Up-to-date: /home/roboboat/RoboBoat_Cyber_Minority/ROS2_Imp/ros2_foxy/install/main_control/lib/python3.8/site-packages/main_control/msg
[8.124s] -- Up-to-date: /home/roboboat/RoboBoat_Cyber_Minority/ROS2_Imp/ros2_foxy/install/main_control/lib/python3.8/site-packages/main_control/msg/__init__.py
[8.124s] -- Up-to-date: /home/roboboat/RoboBoat_Cyber_Minority/ROS2_Imp/ros2_foxy/install/main_control/lib/python3.8/site-packages/main_control/msg/_my_custom_msg_mc.py
[8.125s] -- Up-to-date: /home/roboboat/RoboBoat_Cyber_Minority/ROS2_Imp/ros2_foxy/install/main_control/lib/python3.8/site-packages/main_control/msg/_my_custom_msg_s.c
[8.125s] -- Up-to-date: /home/roboboat/RoboBoat_Cyber_Minority/ROS2_Imp/ros2_foxy/install/main_control/lib/python3.8/site-packages/main_control/msg/_my_custom_msg.py
[8.125s] -- Up-to-date: /home/roboboat/RoboBoat_Cyber_Minority/ROS2_Imp/ros2_foxy/install/main_control/lib/python3.8/site-packages/main_control/msg/_my_custom_msg_mc_s.c
[8.125s] -- Up-to-date: /home/roboboat/RoboBoat_Cyber_Minority/ROS2_Imp/ros2_foxy/install/main_control/lib/python3.8/site-packages/main_control/main_control_s__rosidl_typesupport_fastrtps_c.cpython-38-aarch64-linux-gnu.so
[8.126s] -- Up-to-date: /home/roboboat/RoboBoat_Cyber_Minority/ROS2_Imp/ros2_foxy/install/main_control/lib/python3.8/site-packages/main_control/main_control_s__rosidl_typesupport_introspection_c.cpython-38-aarch64-linux-gnu.so
[8.126s] -- Up-to-date: /home/roboboat/RoboBoat_Cyber_Minority/ROS2_Imp/ros2_foxy/install/main_control/lib/python3.8/site-packages/main_control/main_control_s__rosidl_typesupport_c.cpython-38-aarch64-linux-gnu.so
[8.126s] -- Up-to-date: /home/roboboat/RoboBoat_Cyber_Minority/ROS2_Imp/ros2_foxy/install/main_control/lib/libmain_control__python.so
[8.127s] -- Up-to-date: /home/roboboat/RoboBoat_Cyber_Minority/ROS2_Imp/ros2_foxy/install/main_control/share/main_control/msg/MyCustomMsgMC.idl
[8.127s] -- Up-to-date: /home/roboboat/RoboBoat_Cyber_Minority/ROS2_Imp/ros2_foxy/install/main_control/share/main_control/msg/MyCustomMsgMC.msg
[8.127s] -- Up-to-date: /home/roboboat/RoboBoat_Cyber_Minority/ROS2_Imp/ros2_foxy/install/main_control/lib/main_control/main_control_pub
[8.127s] -- Installing: /home/roboboat/RoboBoat_Cyber_Minority/ROS2_Imp/ros2_foxy/install/main_control/lib/main_control/detector_sub
[8.130s] -- Set runtime path of "/home/roboboat/RoboBoat_Cyber_Minority/ROS2_Imp/ros2_foxy/install/main_control/lib/main_control/detector_sub" to ""
[8.131s] -- Up-to-date: /home/roboboat/RoboBoat_Cyber_Minority/ROS2_Imp/ros2_foxy/install/main_control/share/ament_index/resource_index/package_run_dependencies/main_control
[8.131s] -- Up-to-date: /home/roboboat/RoboBoat_Cyber_Minority/ROS2_Imp/ros2_foxy/install/main_control/share/ament_index/resource_index/parent_prefix_path/main_control
[8.131s] -- Up-to-date: /home/roboboat/RoboBoat_Cyber_Minority/ROS2_Imp/ros2_foxy/install/main_control/share/main_control/environment/ament_prefix_path.sh
[8.132s] -- Up-to-date: /home/roboboat/RoboBoat_Cyber_Minority/ROS2_Imp/ros2_foxy/install/main_control/share/main_control/environment/ament_prefix_path.dsv
[8.132s] -- Up-to-date: /home/roboboat/RoboBoat_Cyber_Minority/ROS2_Imp/ros2_foxy/install/main_control/share/main_control/environment/path.sh
[8.132s] -- Up-to-date: /home/roboboat/RoboBoat_Cyber_Minority/ROS2_Imp/ros2_foxy/install/main_control/share/main_control/environment/path.dsv
[8.133s] -- Up-to-date: /home/roboboat/RoboBoat_Cyber_Minority/ROS2_Imp/ros2_foxy/install/main_control/share/main_control/local_setup.bash
[8.133s] -- Up-to-date: /home/roboboat/RoboBoat_Cyber_Minority/ROS2_Imp/ros2_foxy/install/main_control/share/main_control/local_setup.sh
[8.134s] -- Up-to-date: /home/roboboat/RoboBoat_Cyber_Minority/ROS2_Imp/ros2_foxy/install/main_control/share/main_control/local_setup.zsh
[8.134s] -- Up-to-date: /home/roboboat/RoboBoat_Cyber_Minority/ROS2_Imp/ros2_foxy/install/main_control/share/main_control/local_setup.dsv
[8.134s] -- Installing: /home/roboboat/RoboBoat_Cyber_Minority/ROS2_Imp/ros2_foxy/install/main_control/share/main_control/package.dsv
[8.134s] -- Up-to-date: /home/roboboat/RoboBoat_Cyber_Minority/ROS2_Imp/ros2_foxy/install/main_control/share/ament_index/resource_index/packages/main_control
[8.135s] -- Up-to-date: /home/roboboat/RoboBoat_Cyber_Minority/ROS2_Imp/ros2_foxy/install/main_control/share/main_control/cmake/main_control__rosidl_generator_cExport.cmake
[8.135s] -- Up-to-date: /home/roboboat/RoboBoat_Cyber_Minority/ROS2_Imp/ros2_foxy/install/main_control/share/main_control/cmake/main_control__rosidl_generator_cExport-noconfig.cmake
[8.135s] -- Up-to-date: /home/roboboat/RoboBoat_Cyber_Minority/ROS2_Imp/ros2_foxy/install/main_control/share/main_control/cmake/main_control__rosidl_typesupport_introspection_cExport.cmake
[8.135s] -- Up-to-date: /home/roboboat/RoboBoat_Cyber_Minority/ROS2_Imp/ros2_foxy/install/main_control/share/main_control/cmake/main_control__rosidl_typesupport_introspection_cExport-noconfig.cmake
[8.136s] -- Up-to-date: /home/roboboat/RoboBoat_Cyber_Minority/ROS2_Imp/ros2_foxy/install/main_control/share/main_control/cmake/main_control__rosidl_typesupport_cExport.cmake
[8.136s] -- Up-to-date: /home/roboboat/RoboBoat_Cyber_Minority/ROS2_Imp/ros2_foxy/install/main_control/share/main_control/cmake/main_control__rosidl_typesupport_cExport-noconfig.cmake
[8.136s] -- Up-to-date: /home/roboboat/RoboBoat_Cyber_Minority/ROS2_Imp/ros2_foxy/install/main_control/share/main_control/cmake/main_control__rosidl_generator_cppExport.cmake
[8.136s] -- Up-to-date: /home/roboboat/RoboBoat_Cyber_Minority/ROS2_Imp/ros2_foxy/install/main_control/share/main_control/cmake/main_control__rosidl_typesupport_introspection_cppExport.cmake
[8.137s] -- Up-to-date: /home/roboboat/RoboBoat_Cyber_Minority/ROS2_Imp/ros2_foxy/install/main_control/share/main_control/cmake/main_control__rosidl_typesupport_introspection_cppExport-noconfig.cmake
[8.137s] -- Up-to-date: /home/roboboat/RoboBoat_Cyber_Minority/ROS2_Imp/ros2_foxy/install/main_control/share/main_control/cmake/main_control__rosidl_typesupport_cppExport.cmake
[8.137s] -- Up-to-date: /home/roboboat/RoboBoat_Cyber_Minority/ROS2_Imp/ros2_foxy/install/main_control/share/main_control/cmake/main_control__rosidl_typesupport_cppExport-noconfig.cmake
[8.137s] -- Up-to-date: /home/roboboat/RoboBoat_Cyber_Minority/ROS2_Imp/ros2_foxy/install/main_control/share/main_control/cmake/rosidl_cmake-extras.cmake
[8.137s] -- Up-to-date: /home/roboboat/RoboBoat_Cyber_Minority/ROS2_Imp/ros2_foxy/install/main_control/share/main_control/cmake/ament_cmake_export_dependencies-extras.cmake
[8.138s] -- Up-to-date: /home/roboboat/RoboBoat_Cyber_Minority/ROS2_Imp/ros2_foxy/install/main_control/share/main_control/cmake/ament_cmake_export_libraries-extras.cmake
[8.138s] -- Up-to-date: /home/roboboat/RoboBoat_Cyber_Minority/ROS2_Imp/ros2_foxy/install/main_control/share/main_control/cmake/ament_cmake_export_targets-extras.cmake
[8.138s] -- Up-to-date: /home/roboboat/RoboBoat_Cyber_Minority/ROS2_Imp/ros2_foxy/install/main_control/share/main_control/cmake/ament_cmake_export_include_directories-extras.cmake
[8.138s] -- Up-to-date: /home/roboboat/RoboBoat_Cyber_Minority/ROS2_Imp/ros2_foxy/install/main_control/share/main_control/cmake/rosidl_cmake_export_typesupport_libraries-extras.cmake
[8.139s] -- Up-to-date: /home/roboboat/RoboBoat_Cyber_Minority/ROS2_Imp/ros2_foxy/install/main_control/share/main_control/cmake/rosidl_cmake_export_typesupport_targets-extras.cmake
[8.139s] -- Up-to-date: /home/roboboat/RoboBoat_Cyber_Minority/ROS2_Imp/ros2_foxy/install/main_control/share/main_control/cmake/main_controlConfig.cmake
[8.139s] -- Up-to-date: /home/roboboat/RoboBoat_Cyber_Minority/ROS2_Imp/ros2_foxy/install/main_control/share/main_control/cmake/main_controlConfig-version.cmake
[8.139s] -- Up-to-date: /home/roboboat/RoboBoat_Cyber_Minority/ROS2_Imp/ros2_foxy/install/main_control/share/main_control/package.xml
[8.144s] Invoked command in '/home/roboboat/RoboBoat_Cyber_Minority/ROS2_Imp/ros2_foxy/build/main_control' returned '0': CMAKE_PREFIX_PATH=${CMAKE_PREFIX_PATH}:/opt/ros/foxy /usr/bin/cmake --install /home/roboboat/RoboBoat_Cyber_Minority/ROS2_Imp/ros2_foxy/build/main_control
