[0.089s] Invoking command in '/home/roboboat/RoboBoat_Cyber_Minority/ROS2_Imp/ros2_ws/build/HyperNav_Comms': CMAKE_PREFIX_PATH=/opt/ros/humble /usr/bin/cmake /home/roboboat/RoboBoat_Cyber_Minority/ROS2_Imp/ros2_ws/src/HyperNav_Comms -DCMAKE_INSTALL_PREFIX=/home/roboboat/RoboBoat_Cyber_Minority/ROS2_Imp/ros2_ws/install/HyperNav_Comms
[0.140s] -- The C compiler identification is GNU 11.4.0
[0.213s] -- The CXX compiler identification is GNU 11.4.0
[0.220s] -- Detecting C compiler ABI info
[0.279s] -- Detecting C compiler ABI info - done
[0.285s] -- Check for working C compiler: /usr/bin/cc - skipped
[0.285s] -- Detecting C compile features
[0.286s] -- Detecting C compile features - done
[0.288s] -- Detecting CXX compiler ABI info
[0.358s] -- Detecting CXX compiler ABI info - done
[0.372s] -- Check for working CXX compiler: /usr/bin/c++ - skipped
[0.372s] -- Detecting CXX compile features
[0.373s] -- Detecting CXX compile features - done
[0.376s] -- Found ament_cmake: 1.3.5 (/opt/ros/humble/share/ament_cmake/cmake)
[0.513s] -- Found Python3: /usr/bin/python3.10 (found version "3.10.12") found components: Interpreter 
[0.586s] -- Found ament_lint_auto: 0.12.8 (/opt/ros/humble/share/ament_lint_auto/cmake)
[0.629s] WARNING: Package name "HyperNav_Comms" does not follow the naming conventions. It should start with a lower case letter and only contain lower case letters, digits, underscores, and dashes.
[0.750s] -- Added test 'cppcheck' to perform static code analysis on C / C++ code
[0.750s] -- Configured cppcheck include dirs: 
[0.750s] -- Configured cppcheck exclude dirs and/or files: 
[0.761s] -- Added test 'flake8' to check Python code syntax and style conventions
[0.783s] -- Added test 'lint_cmake' to check CMake code style
[0.794s] -- Added test 'pep257' to check Python code against some of the docstring style conventions in PEP 257
[0.887s] -- Added test 'uncrustify' to check C / C++ code style
[0.887s] -- Configured uncrustify additional arguments: 
[0.898s] -- Added test 'xmllint' to check XML markup files
[0.899s] -- Configuring done
[0.901s] -- Generating done
[0.902s] -- Build files have been written to: /home/roboboat/RoboBoat_Cyber_Minority/ROS2_Imp/ros2_ws/build/HyperNav_Comms
[0.907s] Invoked command in '/home/roboboat/RoboBoat_Cyber_Minority/ROS2_Imp/ros2_ws/build/HyperNav_Comms' returned '0': CMAKE_PREFIX_PATH=/opt/ros/humble /usr/bin/cmake /home/roboboat/RoboBoat_Cyber_Minority/ROS2_Imp/ros2_ws/src/HyperNav_Comms -DCMAKE_INSTALL_PREFIX=/home/roboboat/RoboBoat_Cyber_Minority/ROS2_Imp/ros2_ws/install/HyperNav_Comms
[0.907s] Invoking command in '/home/roboboat/RoboBoat_Cyber_Minority/ROS2_Imp/ros2_ws/build/HyperNav_Comms': CMAKE_PREFIX_PATH=/opt/ros/humble /usr/bin/cmake --build /home/roboboat/RoboBoat_Cyber_Minority/ROS2_Imp/ros2_ws/build/HyperNav_Comms -- -j12 -l12
[0.938s] Invoked command in '/home/roboboat/RoboBoat_Cyber_Minority/ROS2_Imp/ros2_ws/build/HyperNav_Comms' returned '0': CMAKE_PREFIX_PATH=/opt/ros/humble /usr/bin/cmake --build /home/roboboat/RoboBoat_Cyber_Minority/ROS2_Imp/ros2_ws/build/HyperNav_Comms -- -j12 -l12
[0.963s] Invoking command in '/home/roboboat/RoboBoat_Cyber_Minority/ROS2_Imp/ros2_ws/build/HyperNav_Comms': CMAKE_PREFIX_PATH=/opt/ros/humble /usr/bin/cmake --install /home/roboboat/RoboBoat_Cyber_Minority/ROS2_Imp/ros2_ws/build/HyperNav_Comms
[0.969s] -- Install configuration: ""
[0.969s] -- Installing: /home/roboboat/RoboBoat_Cyber_Minority/ROS2_Imp/ros2_ws/install/HyperNav_Comms/share/ament_index/resource_index/package_run_dependencies/HyperNav_Comms
[0.970s] -- Installing: /home/roboboat/RoboBoat_Cyber_Minority/ROS2_Imp/ros2_ws/install/HyperNav_Comms/share/ament_index/resource_index/parent_prefix_path/HyperNav_Comms
[0.970s] -- Installing: /home/roboboat/RoboBoat_Cyber_Minority/ROS2_Imp/ros2_ws/install/HyperNav_Comms/share/HyperNav_Comms/environment/ament_prefix_path.sh
[0.970s] -- Installing: /home/roboboat/RoboBoat_Cyber_Minority/ROS2_Imp/ros2_ws/install/HyperNav_Comms/share/HyperNav_Comms/environment/ament_prefix_path.dsv
[0.970s] -- Installing: /home/roboboat/RoboBoat_Cyber_Minority/ROS2_Imp/ros2_ws/install/HyperNav_Comms/share/HyperNav_Comms/environment/path.sh
[0.970s] -- Installing: /home/roboboat/RoboBoat_Cyber_Minority/ROS2_Imp/ros2_ws/install/HyperNav_Comms/share/HyperNav_Comms/environment/path.dsv
[0.970s] -- Installing: /home/roboboat/RoboBoat_Cyber_Minority/ROS2_Imp/ros2_ws/install/HyperNav_Comms/share/HyperNav_Comms/local_setup.bash
[0.970s] -- Installing: /home/roboboat/RoboBoat_Cyber_Minority/ROS2_Imp/ros2_ws/install/HyperNav_Comms/share/HyperNav_Comms/local_setup.sh
[0.971s] -- Installing: /home/roboboat/RoboBoat_Cyber_Minority/ROS2_Imp/ros2_ws/install/HyperNav_Comms/share/HyperNav_Comms/local_setup.zsh
[0.971s] -- Installing: /home/roboboat/RoboBoat_Cyber_Minority/ROS2_Imp/ros2_ws/install/HyperNav_Comms/share/HyperNav_Comms/local_setup.dsv
[0.971s] -- Installing: /home/roboboat/RoboBoat_Cyber_Minority/ROS2_Imp/ros2_ws/install/HyperNav_Comms/share/HyperNav_Comms/package.dsv
[0.971s] -- Installing: /home/roboboat/RoboBoat_Cyber_Minority/ROS2_Imp/ros2_ws/install/HyperNav_Comms/share/ament_index/resource_index/packages/HyperNav_Comms
[0.971s] -- Installing: /home/roboboat/RoboBoat_Cyber_Minority/ROS2_Imp/ros2_ws/install/HyperNav_Comms/share/HyperNav_Comms/cmake/HyperNav_CommsConfig.cmake
[0.971s] -- Installing: /home/roboboat/RoboBoat_Cyber_Minority/ROS2_Imp/ros2_ws/install/HyperNav_Comms/share/HyperNav_Comms/cmake/HyperNav_CommsConfig-version.cmake
[0.971s] -- Installing: /home/roboboat/RoboBoat_Cyber_Minority/ROS2_Imp/ros2_ws/install/HyperNav_Comms/share/HyperNav_Comms/package.xml
[0.973s] Invoked command in '/home/roboboat/RoboBoat_Cyber_Minority/ROS2_Imp/ros2_ws/build/HyperNav_Comms' returned '0': CMAKE_PREFIX_PATH=/opt/ros/humble /usr/bin/cmake --install /home/roboboat/RoboBoat_Cyber_Minority/ROS2_Imp/ros2_ws/build/HyperNav_Comms
