-- Found ament_cmake: 0.9.12 (/opt/ros/foxy/share/ament_cmake/cmake)
-- Found PythonInterp: /usr/bin/python3 (found suitable version "3.8.10", minimum required is "3") 
-- Using PYTHON_EXECUTABLE: /usr/bin/python3
-- Found rclcpp: 2.4.3 (/opt/ros/foxy/share/rclcpp/cmake)
-- Using all available rosidl_typesupport_c: rosidl_typesupport_fastrtps_c;rosidl_typesupport_introspection_c
-- Found rosidl_adapter: 1.3.1 (/opt/ros/foxy/share/rosidl_adapter/cmake)
-- Using all available rosidl_typesupport_cpp: rosidl_typesupport_fastrtps_cpp;rosidl_typesupport_introspection_cpp
-- Found rmw_implementation_cmake: 1.0.4 (/opt/ros/foxy/share/rmw_implementation_cmake/cmake)
-- Using RMW implementation 'rmw_fastrtps_cpp' as default
-- Found rosidl_default_generators: 1.0.1 (/opt/ros/foxy/share/rosidl_default_generators/cmake)
-- Found detector: 0.0.0 (/home/roboboat/RoboBoat_Cyber_Minority/ROS2_Imp/ros2_foxy/src/install/detector/share/detector/cmake)
-- Found PythonInterp: /usr/bin/python3 (found version "3.8.10") 
-- Found ament_cmake_ros: 0.9.2 (/opt/ros/foxy/share/ament_cmake_ros/cmake)
-- Using all available rosidl_typesupport_c: rosidl_typesupport_fastrtps_c;rosidl_typesupport_introspection_c
-- Using all available rosidl_typesupport_cpp: rosidl_typesupport_fastrtps_cpp;rosidl_typesupport_introspection_cpp
-- Found PythonInterp: /usr/bin/python3 (found suitable version "3.8.10", minimum required is "3.5") 
-- Found python_cmake_module: 0.8.1 (/opt/ros/foxy/share/python_cmake_module/cmake)
-- Using PYTHON_EXECUTABLE: /usr/bin/python3
-- Using PYTHON_INCLUDE_DIRS: /usr/include/python3.8
-- Using PYTHON_LIBRARIES: /usr/lib/aarch64-linux-gnu/libpython3.8.so
-- Found ament_lint_auto: 0.9.8 (/opt/ros/foxy/share/ament_lint_auto/cmake)
-- Added test 'copyright' to check source files copyright and LICENSE
-- Added test 'cppcheck' to perform static code analysis on C / C++ code
-- Configured cppcheck include dirs: $<BUILD_INTERFACE:/home/roboboat/RoboBoat_Cyber_Minority/ROS2_Imp/ros2_foxy/src/main_control/include>
-- Configured cppcheck exclude dirs and/or files: 
-- Added test 'cpplint' to check C / C++ code against the Google style
-- Configured cpplint exclude dirs and/or files: 
-- Added test 'flake8' to check Python code syntax and style conventions
-- Added test 'lint_cmake' to check CMake code style
-- Added test 'pep257' to check Python code against some of the style conventions in PEP 257
-- Added test 'uncrustify' to check C / C++ code style
-- Configured uncrustify additional arguments: 
-- Added test 'xmllint' to check XML markup files
-- Configuring done
-- Generating done
-- Build files have been written to: /home/roboboat/RoboBoat_Cyber_Minority/ROS2_Imp/ros2_foxy/src/build/main_control
[35m[1mScanning dependencies of target detector_sub[0m
[35m[1mScanning dependencies of target main_control__cpp[0m
[  2%] [34m[1mGenerating C code for ROS interfaces[0m
[  5%] [34m[1mGenerating C++ code for ROS interfaces[0m
[35m[1mScanning dependencies of target main_control_pub[0m
[  8%] [32mBuilding CXX object CMakeFiles/detector_sub.dir/src/detector_sub.cpp.o[0m
[ 11%] [32mBuilding CXX object CMakeFiles/main_control_pub.dir/src/main_control_pub.cpp.o[0m
[ 11%] Built target main_control__cpp
[35m[1mScanning dependencies of target main_control__rosidl_generator_c[0m
[ 20%] [34m[1mGenerating C++ type support dispatch for ROS interfaces[0m
[ 20%] [34m[1mGenerating C++ introspection for ROS interfaces[0m
[ 20%] [34m[1mGenerating C++ type support for eProsima Fast-RTPS[0m
[ 22%] [32mBuilding C object CMakeFiles/main_control__rosidl_generator_c.dir/rosidl_generator_c/main_control/msg/detail/my_custom_msg_mc__functions.c.o[0m
[ 25%] [32m[1mLinking C shared library libmain_control__rosidl_generator_c.so[0m
[ 25%] Built target main_control__rosidl_generator_c
[ 31%] [34m[1mGenerating C type support dispatch for ROS interfaces[0m
[ 31%] [34m[1mGenerating C introspection for ROS interfaces[0m
[35m[1mScanning dependencies of target main_control__rosidl_typesupport_cpp[0m
[ 34%] [32mBuilding CXX object CMakeFiles/main_control__rosidl_typesupport_cpp.dir/rosidl_typesupport_cpp/main_control/msg/my_custom_msg_mc__type_support.cpp.o[0m
[35m[1mScanning dependencies of target main_control__rosidl_typesupport_introspection_cpp[0m
[35m[1mScanning dependencies of target main_control__rosidl_typesupport_fastrtps_cpp[0m
[ 37%] [32mBuilding CXX object CMakeFiles/main_control__rosidl_typesupport_introspection_cpp.dir/rosidl_typesupport_introspection_cpp/main_control/msg/detail/my_custom_msg_mc__type_support.cpp.o[0m
[ 40%] [32mBuilding CXX object CMakeFiles/main_control__rosidl_typesupport_fastrtps_cpp.dir/rosidl_typesupport_fastrtps_cpp/main_control/msg/detail/dds_fastrtps/my_custom_msg_mc__type_support.cpp.o[0m
[35m[1mScanning dependencies of target main_control__rosidl_typesupport_c[0m
[ 42%] [32mBuilding CXX object CMakeFiles/main_control__rosidl_typesupport_c.dir/rosidl_typesupport_c/main_control/msg/my_custom_msg_mc__type_support.cpp.o[0m
[35m[1mScanning dependencies of target main_control__rosidl_typesupport_introspection_c[0m
[ 45%] [32mBuilding C object CMakeFiles/main_control__rosidl_typesupport_introspection_c.dir/rosidl_typesupport_introspection_c/main_control/msg/detail/my_custom_msg_mc__type_support.c.o[0m
[ 48%] [32m[1mLinking CXX shared library libmain_control__rosidl_typesupport_c.so[0m
[ 51%] [32m[1mLinking C shared library libmain_control__rosidl_typesupport_introspection_c.so[0m
[ 51%] Built target main_control__rosidl_typesupport_c
[ 51%] Built target main_control__rosidl_typesupport_introspection_c
[ 54%] [32m[1mLinking CXX shared library libmain_control__rosidl_typesupport_cpp.so[0m
[ 54%] Built target main_control__rosidl_typesupport_cpp
[ 57%] [32m[1mLinking CXX shared library libmain_control__rosidl_typesupport_introspection_cpp.so[0m
[ 57%] Built target main_control__rosidl_typesupport_introspection_cpp
[ 60%] [32m[1mLinking CXX shared library libmain_control__rosidl_typesupport_fastrtps_cpp.so[0m
[ 60%] Built target main_control__rosidl_typesupport_fastrtps_cpp
[ 62%] [34m[1mGenerating C type support for eProsima Fast-RTPS[0m
[35m[1mScanning dependencies of target main_control__rosidl_typesupport_fastrtps_c[0m
[ 65%] [32mBuilding CXX object CMakeFiles/main_control__rosidl_typesupport_fastrtps_c.dir/rosidl_typesupport_fastrtps_c/main_control/msg/detail/my_custom_msg_mc__type_support_c.cpp.o[0m
[ 68%] [32m[1mLinking CXX shared library libmain_control__rosidl_typesupport_fastrtps_c.so[0m
[ 68%] Built target main_control__rosidl_typesupport_fastrtps_c
[ 68%] Built target main_control
[35m[1mScanning dependencies of target main_control__py[0m
[ 71%] [34m[1mGenerating Python code for ROS interfaces[0m
[ 71%] Built target main_control__py
[35m[1mScanning dependencies of target main_control__python[0m
[ 74%] [32mBuilding C object CMakeFiles/main_control__python.dir/rosidl_generator_py/main_control/msg/_my_custom_msg_mc_s.c.o[0m
[ 77%] [32m[1mLinking C shared library rosidl_generator_py/main_control/libmain_control__python.so[0m
[ 77%] Built target main_control__python
[35m[1mScanning dependencies of target main_control__rosidl_typesupport_c__pyext[0m
[35m[1mScanning dependencies of target main_control__rosidl_typesupport_introspection_c__pyext[0m
[35m[1mScanning dependencies of target main_control__rosidl_typesupport_fastrtps_c__pyext[0m
[ 85%] [32mBuilding C object CMakeFiles/main_control__rosidl_typesupport_c__pyext.dir/rosidl_generator_py/main_control/_main_control_s.ep.rosidl_typesupport_c.c.o[0m
[ 85%] [32mBuilding C object CMakeFiles/main_control__rosidl_typesupport_introspection_c__pyext.dir/rosidl_generator_py/main_control/_main_control_s.ep.rosidl_typesupport_introspection_c.c.o[0m
[ 85%] [32mBuilding C object CMakeFiles/main_control__rosidl_typesupport_fastrtps_c__pyext.dir/rosidl_generator_py/main_control/_main_control_s.ep.rosidl_typesupport_fastrtps_c.c.o[0m
[ 94%] [32m[1mLinking CXX shared library rosidl_generator_py/main_control/main_control_s__rosidl_typesupport_fastrtps_c.cpython-38-aarch64-linux-gnu.so[0m
[ 94%] [32m[1mLinking C shared library rosidl_generator_py/main_control/main_control_s__rosidl_typesupport_introspection_c.cpython-38-aarch64-linux-gnu.so[0m
[ 94%] [32m[1mLinking C shared library rosidl_generator_py/main_control/main_control_s__rosidl_typesupport_c.cpython-38-aarch64-linux-gnu.so[0m
[ 94%] Built target main_control__rosidl_typesupport_introspection_c__pyext
[ 94%] Built target main_control__rosidl_typesupport_c__pyext
[ 94%] Built target main_control__rosidl_typesupport_fastrtps_c__pyext
[ 97%] [32m[1mLinking CXX executable main_control_pub[0m
[ 97%] Built target main_control_pub
[100%] [32m[1mLinking CXX executable detector_sub[0m
[100%] Built target detector_sub
-- Install configuration: ""
-- Installing: /home/roboboat/RoboBoat_Cyber_Minority/ROS2_Imp/ros2_foxy/src/install/main_control/share/ament_index/resource_index/rosidl_interfaces/main_control
-- Up-to-date: /home/roboboat/RoboBoat_Cyber_Minority/ROS2_Imp/ros2_foxy/src/install/main_control/include/main_control
-- Up-to-date: /home/roboboat/RoboBoat_Cyber_Minority/ROS2_Imp/ros2_foxy/src/install/main_control/include/main_control/msg
-- Installing: /home/roboboat/RoboBoat_Cyber_Minority/ROS2_Imp/ros2_foxy/src/install/main_control/include/main_control/msg/my_custom_msg_mc.h
-- Up-to-date: /home/roboboat/RoboBoat_Cyber_Minority/ROS2_Imp/ros2_foxy/src/install/main_control/include/main_control/msg/my_custom_msg.h
-- Up-to-date: /home/roboboat/RoboBoat_Cyber_Minority/ROS2_Imp/ros2_foxy/src/install/main_control/include/main_control/msg/detail
-- Installing: /home/roboboat/RoboBoat_Cyber_Minority/ROS2_Imp/ros2_foxy/src/install/main_control/include/main_control/msg/detail/my_custom_msg_mc__functions.h
-- Installing: /home/roboboat/RoboBoat_Cyber_Minority/ROS2_Imp/ros2_foxy/src/install/main_control/include/main_control/msg/detail/my_custom_msg_mc__type_support.h
-- Up-to-date: /home/roboboat/RoboBoat_Cyber_Minority/ROS2_Imp/ros2_foxy/src/install/main_control/include/main_control/msg/detail/my_custom_msg__type_support.h
-- Up-to-date: /home/roboboat/RoboBoat_Cyber_Minority/ROS2_Imp/ros2_foxy/src/install/main_control/include/main_control/msg/detail/my_custom_msg__functions.c
-- Installing: /home/roboboat/RoboBoat_Cyber_Minority/ROS2_Imp/ros2_foxy/src/install/main_control/include/main_control/msg/detail/my_custom_msg_mc__struct.h
-- Up-to-date: /home/roboboat/RoboBoat_Cyber_Minority/ROS2_Imp/ros2_foxy/src/install/main_control/include/main_control/msg/detail/my_custom_msg__functions.h
-- Installing: /home/roboboat/RoboBoat_Cyber_Minority/ROS2_Imp/ros2_foxy/src/install/main_control/include/main_control/msg/detail/my_custom_msg_mc__functions.c
-- Up-to-date: /home/roboboat/RoboBoat_Cyber_Minority/ROS2_Imp/ros2_foxy/src/install/main_control/include/main_control/msg/detail/my_custom_msg__struct.h
-- Up-to-date: /home/roboboat/RoboBoat_Cyber_Minority/ROS2_Imp/ros2_foxy/src/install/main_control/include/main_control/msg/rosidl_generator_c__visibility_control.h
-- Installing: /home/roboboat/RoboBoat_Cyber_Minority/ROS2_Imp/ros2_foxy/src/install/main_control/share/main_control/environment/library_path.sh
-- Installing: /home/roboboat/RoboBoat_Cyber_Minority/ROS2_Imp/ros2_foxy/src/install/main_control/share/main_control/environment/library_path.dsv
-- Installing: /home/roboboat/RoboBoat_Cyber_Minority/ROS2_Imp/ros2_foxy/src/install/main_control/lib/libmain_control__rosidl_generator_c.so
-- Set runtime path of "/home/roboboat/RoboBoat_Cyber_Minority/ROS2_Imp/ros2_foxy/src/install/main_control/lib/libmain_control__rosidl_generator_c.so" to ""
-- Up-to-date: /home/roboboat/RoboBoat_Cyber_Minority/ROS2_Imp/ros2_foxy/src/install/main_control/include/main_control
-- Up-to-date: /home/roboboat/RoboBoat_Cyber_Minority/ROS2_Imp/ros2_foxy/src/install/main_control/include/main_control/msg
-- Up-to-date: /home/roboboat/RoboBoat_Cyber_Minority/ROS2_Imp/ros2_foxy/src/install/main_control/include/main_control/msg/detail
-- Installing: /home/roboboat/RoboBoat_Cyber_Minority/ROS2_Imp/ros2_foxy/src/install/main_control/include/main_control/msg/detail/my_custom_msg_mc__rosidl_typesupport_fastrtps_c.h
-- Up-to-date: /home/roboboat/RoboBoat_Cyber_Minority/ROS2_Imp/ros2_foxy/src/install/main_control/include/main_control/msg/detail/my_custom_msg__rosidl_typesupport_fastrtps_c.h
-- Up-to-date: /home/roboboat/RoboBoat_Cyber_Minority/ROS2_Imp/ros2_foxy/src/install/main_control/include/main_control/msg/rosidl_typesupport_fastrtps_c__visibility_control.h
-- Installing: /home/roboboat/RoboBoat_Cyber_Minority/ROS2_Imp/ros2_foxy/src/install/main_control/lib/libmain_control__rosidl_typesupport_fastrtps_c.so
-- Set runtime path of "/home/roboboat/RoboBoat_Cyber_Minority/ROS2_Imp/ros2_foxy/src/install/main_control/lib/libmain_control__rosidl_typesupport_fastrtps_c.so" to ""
-- Up-to-date: /home/roboboat/RoboBoat_Cyber_Minority/ROS2_Imp/ros2_foxy/src/install/main_control/include/main_control
-- Up-to-date: /home/roboboat/RoboBoat_Cyber_Minority/ROS2_Imp/ros2_foxy/src/install/main_control/include/main_control/msg
-- Up-to-date: /home/roboboat/RoboBoat_Cyber_Minority/ROS2_Imp/ros2_foxy/src/install/main_control/include/main_control/msg/detail
-- Installing: /home/roboboat/RoboBoat_Cyber_Minority/ROS2_Imp/ros2_foxy/src/install/main_control/include/main_control/msg/detail/my_custom_msg_mc__rosidl_typesupport_fastrtps_cpp.hpp
-- Installing: /home/roboboat/RoboBoat_Cyber_Minority/ROS2_Imp/ros2_foxy/src/install/main_control/include/main_control/msg/detail/dds_fastrtps
-- Up-to-date: /home/roboboat/RoboBoat_Cyber_Minority/ROS2_Imp/ros2_foxy/src/install/main_control/include/main_control/msg/detail/my_custom_msg__rosidl_typesupport_fastrtps_cpp.hpp
-- Up-to-date: /home/roboboat/RoboBoat_Cyber_Minority/ROS2_Imp/ros2_foxy/src/install/main_control/include/main_control/msg/rosidl_typesupport_fastrtps_cpp__visibility_control.h
-- Installing: /home/roboboat/RoboBoat_Cyber_Minority/ROS2_Imp/ros2_foxy/src/install/main_control/lib/libmain_control__rosidl_typesupport_fastrtps_cpp.so
-- Set runtime path of "/home/roboboat/RoboBoat_Cyber_Minority/ROS2_Imp/ros2_foxy/src/install/main_control/lib/libmain_control__rosidl_typesupport_fastrtps_cpp.so" to ""
-- Up-to-date: /home/roboboat/RoboBoat_Cyber_Minority/ROS2_Imp/ros2_foxy/src/install/main_control/include/main_control
-- Up-to-date: /home/roboboat/RoboBoat_Cyber_Minority/ROS2_Imp/ros2_foxy/src/install/main_control/include/main_control/msg
-- Up-to-date: /home/roboboat/RoboBoat_Cyber_Minority/ROS2_Imp/ros2_foxy/src/install/main_control/include/main_control/msg/rosidl_typesupport_introspection_c__visibility_control.h
-- Up-to-date: /home/roboboat/RoboBoat_Cyber_Minority/ROS2_Imp/ros2_foxy/src/install/main_control/include/main_control/msg/detail
-- Installing: /home/roboboat/RoboBoat_Cyber_Minority/ROS2_Imp/ros2_foxy/src/install/main_control/include/main_control/msg/detail/my_custom_msg_mc__rosidl_typesupport_introspection_c.h
-- Up-to-date: /home/roboboat/RoboBoat_Cyber_Minority/ROS2_Imp/ros2_foxy/src/install/main_control/include/main_control/msg/detail/my_custom_msg__rosidl_typesupport_introspection_c.h
-- Installing: /home/roboboat/RoboBoat_Cyber_Minority/ROS2_Imp/ros2_foxy/src/install/main_control/include/main_control/msg/detail/my_custom_msg_mc__type_support.c
-- Up-to-date: /home/roboboat/RoboBoat_Cyber_Minority/ROS2_Imp/ros2_foxy/src/install/main_control/include/main_control/msg/detail/my_custom_msg__type_support.c
-- Installing: /home/roboboat/RoboBoat_Cyber_Minority/ROS2_Imp/ros2_foxy/src/install/main_control/lib/libmain_control__rosidl_typesupport_introspection_c.so
-- Set runtime path of "/home/roboboat/RoboBoat_Cyber_Minority/ROS2_Imp/ros2_foxy/src/install/main_control/lib/libmain_control__rosidl_typesupport_introspection_c.so" to ""
-- Installing: /home/roboboat/RoboBoat_Cyber_Minority/ROS2_Imp/ros2_foxy/src/install/main_control/lib/libmain_control__rosidl_typesupport_c.so
-- Set runtime path of "/home/roboboat/RoboBoat_Cyber_Minority/ROS2_Imp/ros2_foxy/src/install/main_control/lib/libmain_control__rosidl_typesupport_c.so" to ""
-- Up-to-date: /home/roboboat/RoboBoat_Cyber_Minority/ROS2_Imp/ros2_foxy/src/install/main_control/include/main_control
-- Up-to-date: /home/roboboat/RoboBoat_Cyber_Minority/ROS2_Imp/ros2_foxy/src/install/main_control/include/main_control/msg
-- Installing: /home/roboboat/RoboBoat_Cyber_Minority/ROS2_Imp/ros2_foxy/src/install/main_control/include/main_control/msg/my_custom_msg_mc.hpp
-- Up-to-date: /home/roboboat/RoboBoat_Cyber_Minority/ROS2_Imp/ros2_foxy/src/install/main_control/include/main_control/msg/detail
-- Installing: /home/roboboat/RoboBoat_Cyber_Minority/ROS2_Imp/ros2_foxy/src/install/main_control/include/main_control/msg/detail/my_custom_msg_mc__builder.hpp
-- Installing: /home/roboboat/RoboBoat_Cyber_Minority/ROS2_Imp/ros2_foxy/src/install/main_control/include/main_control/msg/detail/my_custom_msg_mc__traits.hpp
-- Installing: /home/roboboat/RoboBoat_Cyber_Minority/ROS2_Imp/ros2_foxy/src/install/main_control/include/main_control/msg/detail/my_custom_msg_mc__type_support.hpp
-- Up-to-date: /home/roboboat/RoboBoat_Cyber_Minority/ROS2_Imp/ros2_foxy/src/install/main_control/include/main_control/msg/detail/my_custom_msg__traits.hpp
-- Up-to-date: /home/roboboat/RoboBoat_Cyber_Minority/ROS2_Imp/ros2_foxy/src/install/main_control/include/main_control/msg/detail/my_custom_msg__struct.hpp
-- Up-to-date: /home/roboboat/RoboBoat_Cyber_Minority/ROS2_Imp/ros2_foxy/src/install/main_control/include/main_control/msg/detail/my_custom_msg__type_support.hpp
-- Installing: /home/roboboat/RoboBoat_Cyber_Minority/ROS2_Imp/ros2_foxy/src/install/main_control/include/main_control/msg/detail/my_custom_msg_mc__struct.hpp
-- Up-to-date: /home/roboboat/RoboBoat_Cyber_Minority/ROS2_Imp/ros2_foxy/src/install/main_control/include/main_control/msg/detail/my_custom_msg__builder.hpp
-- Up-to-date: /home/roboboat/RoboBoat_Cyber_Minority/ROS2_Imp/ros2_foxy/src/install/main_control/include/main_control/msg/rosidl_generator_cpp__visibility_control.hpp
-- Up-to-date: /home/roboboat/RoboBoat_Cyber_Minority/ROS2_Imp/ros2_foxy/src/install/main_control/include/main_control/msg/my_custom_msg.hpp
-- Up-to-date: /home/roboboat/RoboBoat_Cyber_Minority/ROS2_Imp/ros2_foxy/src/install/main_control/include/main_control
-- Up-to-date: /home/roboboat/RoboBoat_Cyber_Minority/ROS2_Imp/ros2_foxy/src/install/main_control/include/main_control/msg
-- Up-to-date: /home/roboboat/RoboBoat_Cyber_Minority/ROS2_Imp/ros2_foxy/src/install/main_control/include/main_control/msg/detail
-- Up-to-date: /home/roboboat/RoboBoat_Cyber_Minority/ROS2_Imp/ros2_foxy/src/install/main_control/include/main_control/msg/detail/my_custom_msg__rosidl_typesupport_introspection_cpp.hpp
-- Up-to-date: /home/roboboat/RoboBoat_Cyber_Minority/ROS2_Imp/ros2_foxy/src/install/main_control/include/main_control/msg/detail/my_custom_msg__type_support.cpp
-- Installing: /home/roboboat/RoboBoat_Cyber_Minority/ROS2_Imp/ros2_foxy/src/install/main_control/include/main_control/msg/detail/my_custom_msg_mc__type_support.cpp
-- Installing: /home/roboboat/RoboBoat_Cyber_Minority/ROS2_Imp/ros2_foxy/src/install/main_control/include/main_control/msg/detail/my_custom_msg_mc__rosidl_typesupport_introspection_cpp.hpp
-- Installing: /home/roboboat/RoboBoat_Cyber_Minority/ROS2_Imp/ros2_foxy/src/install/main_control/lib/libmain_control__rosidl_typesupport_introspection_cpp.so
-- Set runtime path of "/home/roboboat/RoboBoat_Cyber_Minority/ROS2_Imp/ros2_foxy/src/install/main_control/lib/libmain_control__rosidl_typesupport_introspection_cpp.so" to ""
-- Installing: /home/roboboat/RoboBoat_Cyber_Minority/ROS2_Imp/ros2_foxy/src/install/main_control/lib/libmain_control__rosidl_typesupport_cpp.so
-- Set runtime path of "/home/roboboat/RoboBoat_Cyber_Minority/ROS2_Imp/ros2_foxy/src/install/main_control/lib/libmain_control__rosidl_typesupport_cpp.so" to ""
-- Up-to-date: /home/roboboat/RoboBoat_Cyber_Minority/ROS2_Imp/ros2_foxy/src/install/main_control/share/main_control/environment/pythonpath.sh
-- Installing: /home/roboboat/RoboBoat_Cyber_Minority/ROS2_Imp/ros2_foxy/src/install/main_control/share/main_control/environment/pythonpath.dsv
-- Installing: /home/roboboat/RoboBoat_Cyber_Minority/ROS2_Imp/ros2_foxy/src/install/main_control/lib/python3.8/site-packages/main_control/__init__.py
Compiling '/home/roboboat/RoboBoat_Cyber_Minority/ROS2_Imp/ros2_foxy/src/install/main_control/lib/python3.8/site-packages/main_control/__init__.py'...
-- Up-to-date: /home/roboboat/RoboBoat_Cyber_Minority/ROS2_Imp/ros2_foxy/src/install/main_control/lib/python3.8/site-packages/main_control/msg
-- Installing: /home/roboboat/RoboBoat_Cyber_Minority/ROS2_Imp/ros2_foxy/src/install/main_control/lib/python3.8/site-packages/main_control/msg/__init__.py
-- Installing: /home/roboboat/RoboBoat_Cyber_Minority/ROS2_Imp/ros2_foxy/src/install/main_control/lib/python3.8/site-packages/main_control/msg/_my_custom_msg_mc.py
-- Up-to-date: /home/roboboat/RoboBoat_Cyber_Minority/ROS2_Imp/ros2_foxy/src/install/main_control/lib/python3.8/site-packages/main_control/msg/_my_custom_msg_s.c
-- Up-to-date: /home/roboboat/RoboBoat_Cyber_Minority/ROS2_Imp/ros2_foxy/src/install/main_control/lib/python3.8/site-packages/main_control/msg/_my_custom_msg.py
-- Installing: /home/roboboat/RoboBoat_Cyber_Minority/ROS2_Imp/ros2_foxy/src/install/main_control/lib/python3.8/site-packages/main_control/msg/_my_custom_msg_mc_s.c
-- Installing: /home/roboboat/RoboBoat_Cyber_Minority/ROS2_Imp/ros2_foxy/src/install/main_control/lib/python3.8/site-packages/main_control/main_control_s__rosidl_typesupport_fastrtps_c.cpython-38-aarch64-linux-gnu.so
-- Set runtime path of "/home/roboboat/RoboBoat_Cyber_Minority/ROS2_Imp/ros2_foxy/src/install/main_control/lib/python3.8/site-packages/main_control/main_control_s__rosidl_typesupport_fastrtps_c.cpython-38-aarch64-linux-gnu.so" to ""
-- Installing: /home/roboboat/RoboBoat_Cyber_Minority/ROS2_Imp/ros2_foxy/src/install/main_control/lib/python3.8/site-packages/main_control/main_control_s__rosidl_typesupport_introspection_c.cpython-38-aarch64-linux-gnu.so
-- Set runtime path of "/home/roboboat/RoboBoat_Cyber_Minority/ROS2_Imp/ros2_foxy/src/install/main_control/lib/python3.8/site-packages/main_control/main_control_s__rosidl_typesupport_introspection_c.cpython-38-aarch64-linux-gnu.so" to ""
-- Installing: /home/roboboat/RoboBoat_Cyber_Minority/ROS2_Imp/ros2_foxy/src/install/main_control/lib/python3.8/site-packages/main_control/main_control_s__rosidl_typesupport_c.cpython-38-aarch64-linux-gnu.so
-- Set runtime path of "/home/roboboat/RoboBoat_Cyber_Minority/ROS2_Imp/ros2_foxy/src/install/main_control/lib/python3.8/site-packages/main_control/main_control_s__rosidl_typesupport_c.cpython-38-aarch64-linux-gnu.so" to ""
-- Installing: /home/roboboat/RoboBoat_Cyber_Minority/ROS2_Imp/ros2_foxy/src/install/main_control/lib/libmain_control__python.so
-- Set runtime path of "/home/roboboat/RoboBoat_Cyber_Minority/ROS2_Imp/ros2_foxy/src/install/main_control/lib/libmain_control__python.so" to ""
-- Installing: /home/roboboat/RoboBoat_Cyber_Minority/ROS2_Imp/ros2_foxy/src/install/main_control/share/main_control/msg/MyCustomMsgMC.idl
-- Installing: /home/roboboat/RoboBoat_Cyber_Minority/ROS2_Imp/ros2_foxy/src/install/main_control/share/main_control/msg/MyCustomMsgMC.msg
-- Installing: /home/roboboat/RoboBoat_Cyber_Minority/ROS2_Imp/ros2_foxy/src/install/main_control/lib/main_control/main_control_pub
-- Set runtime path of "/home/roboboat/RoboBoat_Cyber_Minority/ROS2_Imp/ros2_foxy/src/install/main_control/lib/main_control/main_control_pub" to ""
-- Installing: /home/roboboat/RoboBoat_Cyber_Minority/ROS2_Imp/ros2_foxy/src/install/main_control/lib/main_control/detector_sub
-- Set runtime path of "/home/roboboat/RoboBoat_Cyber_Minority/ROS2_Imp/ros2_foxy/src/install/main_control/lib/main_control/detector_sub" to ""
-- Installing: /home/roboboat/RoboBoat_Cyber_Minority/ROS2_Imp/ros2_foxy/src/install/main_control/share/ament_index/resource_index/package_run_dependencies/main_control
-- Installing: /home/roboboat/RoboBoat_Cyber_Minority/ROS2_Imp/ros2_foxy/src/install/main_control/share/ament_index/resource_index/parent_prefix_path/main_control
-- Installing: /home/roboboat/RoboBoat_Cyber_Minority/ROS2_Imp/ros2_foxy/src/install/main_control/share/main_control/environment/ament_prefix_path.sh
-- Installing: /home/roboboat/RoboBoat_Cyber_Minority/ROS2_Imp/ros2_foxy/src/install/main_control/share/main_control/environment/ament_prefix_path.dsv
-- Installing: /home/roboboat/RoboBoat_Cyber_Minority/ROS2_Imp/ros2_foxy/src/install/main_control/share/main_control/environment/path.sh
-- Installing: /home/roboboat/RoboBoat_Cyber_Minority/ROS2_Imp/ros2_foxy/src/install/main_control/share/main_control/environment/path.dsv
-- Up-to-date: /home/roboboat/RoboBoat_Cyber_Minority/ROS2_Imp/ros2_foxy/src/install/main_control/share/main_control/local_setup.bash
-- Up-to-date: /home/roboboat/RoboBoat_Cyber_Minority/ROS2_Imp/ros2_foxy/src/install/main_control/share/main_control/local_setup.sh
-- Up-to-date: /home/roboboat/RoboBoat_Cyber_Minority/ROS2_Imp/ros2_foxy/src/install/main_control/share/main_control/local_setup.zsh
-- Installing: /home/roboboat/RoboBoat_Cyber_Minority/ROS2_Imp/ros2_foxy/src/install/main_control/share/main_control/local_setup.dsv
-- Installing: /home/roboboat/RoboBoat_Cyber_Minority/ROS2_Imp/ros2_foxy/src/install/main_control/share/main_control/package.dsv
-- Up-to-date: /home/roboboat/RoboBoat_Cyber_Minority/ROS2_Imp/ros2_foxy/src/install/main_control/share/ament_index/resource_index/packages/main_control
-- Up-to-date: /home/roboboat/RoboBoat_Cyber_Minority/ROS2_Imp/ros2_foxy/src/install/main_control/share/main_control/cmake/main_control__rosidl_generator_cExport.cmake
-- Installing: /home/roboboat/RoboBoat_Cyber_Minority/ROS2_Imp/ros2_foxy/src/install/main_control/share/main_control/cmake/main_control__rosidl_generator_cExport-noconfig.cmake
-- Up-to-date: /home/roboboat/RoboBoat_Cyber_Minority/ROS2_Imp/ros2_foxy/src/install/main_control/share/main_control/cmake/main_control__rosidl_typesupport_introspection_cExport.cmake
-- Installing: /home/roboboat/RoboBoat_Cyber_Minority/ROS2_Imp/ros2_foxy/src/install/main_control/share/main_control/cmake/main_control__rosidl_typesupport_introspection_cExport-noconfig.cmake
-- Up-to-date: /home/roboboat/RoboBoat_Cyber_Minority/ROS2_Imp/ros2_foxy/src/install/main_control/share/main_control/cmake/main_control__rosidl_typesupport_cExport.cmake
-- Installing: /home/roboboat/RoboBoat_Cyber_Minority/ROS2_Imp/ros2_foxy/src/install/main_control/share/main_control/cmake/main_control__rosidl_typesupport_cExport-noconfig.cmake
-- Up-to-date: /home/roboboat/RoboBoat_Cyber_Minority/ROS2_Imp/ros2_foxy/src/install/main_control/share/main_control/cmake/main_control__rosidl_generator_cppExport.cmake
-- Up-to-date: /home/roboboat/RoboBoat_Cyber_Minority/ROS2_Imp/ros2_foxy/src/install/main_control/share/main_control/cmake/main_control__rosidl_typesupport_introspection_cppExport.cmake
-- Installing: /home/roboboat/RoboBoat_Cyber_Minority/ROS2_Imp/ros2_foxy/src/install/main_control/share/main_control/cmake/main_control__rosidl_typesupport_introspection_cppExport-noconfig.cmake
-- Up-to-date: /home/roboboat/RoboBoat_Cyber_Minority/ROS2_Imp/ros2_foxy/src/install/main_control/share/main_control/cmake/main_control__rosidl_typesupport_cppExport.cmake
-- Installing: /home/roboboat/RoboBoat_Cyber_Minority/ROS2_Imp/ros2_foxy/src/install/main_control/share/main_control/cmake/main_control__rosidl_typesupport_cppExport-noconfig.cmake
-- Installing: /home/roboboat/RoboBoat_Cyber_Minority/ROS2_Imp/ros2_foxy/src/install/main_control/share/main_control/cmake/rosidl_cmake-extras.cmake
-- Up-to-date: /home/roboboat/RoboBoat_Cyber_Minority/ROS2_Imp/ros2_foxy/src/install/main_control/share/main_control/cmake/ament_cmake_export_dependencies-extras.cmake
-- Up-to-date: /home/roboboat/RoboBoat_Cyber_Minority/ROS2_Imp/ros2_foxy/src/install/main_control/share/main_control/cmake/ament_cmake_export_libraries-extras.cmake
-- Up-to-date: /home/roboboat/RoboBoat_Cyber_Minority/ROS2_Imp/ros2_foxy/src/install/main_control/share/main_control/cmake/ament_cmake_export_targets-extras.cmake
-- Up-to-date: /home/roboboat/RoboBoat_Cyber_Minority/ROS2_Imp/ros2_foxy/src/install/main_control/share/main_control/cmake/ament_cmake_export_include_directories-extras.cmake
-- Up-to-date: /home/roboboat/RoboBoat_Cyber_Minority/ROS2_Imp/ros2_foxy/src/install/main_control/share/main_control/cmake/rosidl_cmake_export_typesupport_libraries-extras.cmake
-- Up-to-date: /home/roboboat/RoboBoat_Cyber_Minority/ROS2_Imp/ros2_foxy/src/install/main_control/share/main_control/cmake/rosidl_cmake_export_typesupport_targets-extras.cmake
-- Up-to-date: /home/roboboat/RoboBoat_Cyber_Minority/ROS2_Imp/ros2_foxy/src/install/main_control/share/main_control/cmake/main_controlConfig.cmake
-- Up-to-date: /home/roboboat/RoboBoat_Cyber_Minority/ROS2_Imp/ros2_foxy/src/install/main_control/share/main_control/cmake/main_controlConfig-version.cmake
-- Installing: /home/roboboat/RoboBoat_Cyber_Minority/ROS2_Imp/ros2_foxy/src/install/main_control/share/main_control/package.xml
