[  6%] Built target detector__cpp
[ 12%] Built target detector__rosidl_generator_c
[ 30%] Built target detector__rosidl_typesupport_introspection_cpp
[ 30%] Built target detector__rosidl_typesupport_cpp
[ 39%] Built target detector__rosidl_typesupport_fastrtps_cpp
[ 57%] Built target detector__rosidl_typesupport_c
[ 57%] Built target detector__rosidl_typesupport_introspection_c
[ 66%] Built target detector__rosidl_typesupport_fastrtps_c
[ 66%] Built target detector
[35m[1mScanning dependencies of target detector_node[0m
[ 69%] Built target detector__py
[ 72%] [32mBuilding CXX object CMakeFiles/detector_node.dir/src/detector_node.cpp.o[0m
[ 78%] Built target detector__python
[ 84%] Built target detector__rosidl_typesupport_introspection_c__pyext
[ 90%] Built target detector__rosidl_typesupport_fastrtps_c__pyext
[ 96%] Built target detector__rosidl_typesupport_c__pyext
[100%] [32m[1mLinking CXX executable detector_node[0m
[100%] Built target detector_node
-- Install configuration: ""
-- Execute custom install script
-- Up-to-date symlink: /home/roboboat/RoboBoat_Cyber_Minority/ROS2_Imp/ros2_foxy/src/detector/install/detector/share/ament_index/resource_index/rosidl_interfaces/detector
-- Up-to-date symlink: /home/roboboat/RoboBoat_Cyber_Minority/ROS2_Imp/ros2_foxy/src/detector/install/detector/include/detector/msg/detail/yol_ov5helper__functions.h
-- Up-to-date symlink: /home/roboboat/RoboBoat_Cyber_Minority/ROS2_Imp/ros2_foxy/src/detector/install/detector/include/detector/msg/detail/yol_ov5helper__struct.h
-- Up-to-date symlink: /home/roboboat/RoboBoat_Cyber_Minority/ROS2_Imp/ros2_foxy/src/detector/install/detector/include/detector/msg/detail/yol_ov5helper__type_support.h
-- Up-to-date symlink: /home/roboboat/RoboBoat_Cyber_Minority/ROS2_Imp/ros2_foxy/src/detector/install/detector/include/detector/msg/rosidl_generator_c__visibility_control.h
-- Up-to-date symlink: /home/roboboat/RoboBoat_Cyber_Minority/ROS2_Imp/ros2_foxy/src/detector/install/detector/include/detector/msg/yol_ov5helper.h
-- Up-to-date symlink: /home/roboboat/RoboBoat_Cyber_Minority/ROS2_Imp/ros2_foxy/src/detector/install/detector/share/detector/environment/library_path.sh
-- Up-to-date symlink: /home/roboboat/RoboBoat_Cyber_Minority/ROS2_Imp/ros2_foxy/src/detector/install/detector/share/detector/environment/library_path.dsv
-- Up-to-date symlink: /home/roboboat/RoboBoat_Cyber_Minority/ROS2_Imp/ros2_foxy/src/detector/install/detector/include/detector/msg/detail/yol_ov5helper__rosidl_typesupport_fastrtps_c.h
-- Up-to-date symlink: /home/roboboat/RoboBoat_Cyber_Minority/ROS2_Imp/ros2_foxy/src/detector/install/detector/include/detector/msg/rosidl_typesupport_fastrtps_c__visibility_control.h
-- Up-to-date symlink: /home/roboboat/RoboBoat_Cyber_Minority/ROS2_Imp/ros2_foxy/src/detector/install/detector/lib/libdetector__rosidl_typesupport_fastrtps_c.so
-- Up-to-date symlink: /home/roboboat/RoboBoat_Cyber_Minority/ROS2_Imp/ros2_foxy/src/detector/install/detector/include/detector/msg/detail/yol_ov5helper__rosidl_typesupport_fastrtps_cpp.hpp
-- Up-to-date symlink: /home/roboboat/RoboBoat_Cyber_Minority/ROS2_Imp/ros2_foxy/src/detector/install/detector/include/detector/msg/rosidl_typesupport_fastrtps_cpp__visibility_control.h
-- Up-to-date symlink: /home/roboboat/RoboBoat_Cyber_Minority/ROS2_Imp/ros2_foxy/src/detector/install/detector/lib/libdetector__rosidl_typesupport_fastrtps_cpp.so
-- Up-to-date symlink: /home/roboboat/RoboBoat_Cyber_Minority/ROS2_Imp/ros2_foxy/src/detector/install/detector/include/detector/msg/detail/yol_ov5helper__rosidl_typesupport_introspection_c.h
-- Up-to-date symlink: /home/roboboat/RoboBoat_Cyber_Minority/ROS2_Imp/ros2_foxy/src/detector/install/detector/include/detector/msg/rosidl_typesupport_introspection_c__visibility_control.h
-- Up-to-date symlink: /home/roboboat/RoboBoat_Cyber_Minority/ROS2_Imp/ros2_foxy/src/detector/install/detector/include/detector/msg/detail/yol_ov5helper__builder.hpp
-- Up-to-date symlink: /home/roboboat/RoboBoat_Cyber_Minority/ROS2_Imp/ros2_foxy/src/detector/install/detector/include/detector/msg/detail/yol_ov5helper__struct.hpp
-- Up-to-date symlink: /home/roboboat/RoboBoat_Cyber_Minority/ROS2_Imp/ros2_foxy/src/detector/install/detector/include/detector/msg/detail/yol_ov5helper__traits.hpp
-- Up-to-date symlink: /home/roboboat/RoboBoat_Cyber_Minority/ROS2_Imp/ros2_foxy/src/detector/install/detector/include/detector/msg/detail/yol_ov5helper__type_support.hpp
-- Up-to-date symlink: /home/roboboat/RoboBoat_Cyber_Minority/ROS2_Imp/ros2_foxy/src/detector/install/detector/include/detector/msg/rosidl_generator_cpp__visibility_control.hpp
-- Up-to-date symlink: /home/roboboat/RoboBoat_Cyber_Minority/ROS2_Imp/ros2_foxy/src/detector/install/detector/include/detector/msg/yol_ov5helper.hpp
-- Up-to-date symlink: /home/roboboat/RoboBoat_Cyber_Minority/ROS2_Imp/ros2_foxy/src/detector/install/detector/include/detector/msg/detail/yol_ov5helper__rosidl_typesupport_introspection_cpp.hpp
-- Up-to-date symlink: /home/roboboat/RoboBoat_Cyber_Minority/ROS2_Imp/ros2_foxy/src/detector/install/detector/share/detector/environment/pythonpath.sh
-- Up-to-date symlink: /home/roboboat/RoboBoat_Cyber_Minority/ROS2_Imp/ros2_foxy/src/detector/install/detector/share/detector/environment/pythonpath.dsv
-- Up-to-date symlink: /home/roboboat/RoboBoat_Cyber_Minority/ROS2_Imp/ros2_foxy/src/detector/install/detector/lib/python3.8/site-packages/detector/__init__.py
-- Up-to-date symlink: /home/roboboat/RoboBoat_Cyber_Minority/ROS2_Imp/ros2_foxy/src/detector/install/detector/lib/python3.8/site-packages/detector/msg/__init__.py
-- Up-to-date symlink: /home/roboboat/RoboBoat_Cyber_Minority/ROS2_Imp/ros2_foxy/src/detector/install/detector/lib/python3.8/site-packages/detector/msg/_yol_ov5helper.py
-- Up-to-date symlink: /home/roboboat/RoboBoat_Cyber_Minority/ROS2_Imp/ros2_foxy/src/detector/install/detector/lib/python3.8/site-packages/detector/detector_s__rosidl_typesupport_fastrtps_c.cpython-38-aarch64-linux-gnu.so
-- Up-to-date symlink: /home/roboboat/RoboBoat_Cyber_Minority/ROS2_Imp/ros2_foxy/src/detector/install/detector/lib/python3.8/site-packages/detector/detector_s__rosidl_typesupport_introspection_c.cpython-38-aarch64-linux-gnu.so
-- Up-to-date symlink: /home/roboboat/RoboBoat_Cyber_Minority/ROS2_Imp/ros2_foxy/src/detector/install/detector/lib/python3.8/site-packages/detector/detector_s__rosidl_typesupport_c.cpython-38-aarch64-linux-gnu.so
-- Up-to-date symlink: /home/roboboat/RoboBoat_Cyber_Minority/ROS2_Imp/ros2_foxy/src/detector/install/detector/lib/libdetector__python.so
-- Up-to-date symlink: /home/roboboat/RoboBoat_Cyber_Minority/ROS2_Imp/ros2_foxy/src/detector/install/detector/share/detector/msg/YOLOv5helper.idl
-- Up-to-date symlink: /home/roboboat/RoboBoat_Cyber_Minority/ROS2_Imp/ros2_foxy/src/detector/install/detector/share/detector/msg/YOLOv5helper.msg
-- Up-to-date symlink: /home/roboboat/RoboBoat_Cyber_Minority/ROS2_Imp/ros2_foxy/src/detector/install/detector/share/ament_index/resource_index/package_run_dependencies/detector
-- Up-to-date symlink: /home/roboboat/RoboBoat_Cyber_Minority/ROS2_Imp/ros2_foxy/src/detector/install/detector/share/ament_index/resource_index/parent_prefix_path/detector
-- Up-to-date symlink: /home/roboboat/RoboBoat_Cyber_Minority/ROS2_Imp/ros2_foxy/src/detector/install/detector/share/detector/environment/ament_prefix_path.sh
-- Up-to-date symlink: /home/roboboat/RoboBoat_Cyber_Minority/ROS2_Imp/ros2_foxy/src/detector/install/detector/share/detector/environment/ament_prefix_path.dsv
-- Up-to-date symlink: /home/roboboat/RoboBoat_Cyber_Minority/ROS2_Imp/ros2_foxy/src/detector/install/detector/share/detector/environment/path.sh
-- Up-to-date symlink: /home/roboboat/RoboBoat_Cyber_Minority/ROS2_Imp/ros2_foxy/src/detector/install/detector/share/detector/environment/path.dsv
-- Up-to-date symlink: /home/roboboat/RoboBoat_Cyber_Minority/ROS2_Imp/ros2_foxy/src/detector/install/detector/share/detector/local_setup.bash
-- Up-to-date symlink: /home/roboboat/RoboBoat_Cyber_Minority/ROS2_Imp/ros2_foxy/src/detector/install/detector/share/detector/local_setup.sh
-- Up-to-date symlink: /home/roboboat/RoboBoat_Cyber_Minority/ROS2_Imp/ros2_foxy/src/detector/install/detector/share/detector/local_setup.zsh
-- Up-to-date symlink: /home/roboboat/RoboBoat_Cyber_Minority/ROS2_Imp/ros2_foxy/src/detector/install/detector/share/detector/local_setup.dsv
-- Symlinking: /home/roboboat/RoboBoat_Cyber_Minority/ROS2_Imp/ros2_foxy/src/detector/install/detector/share/detector/package.dsv
-- Up-to-date symlink: /home/roboboat/RoboBoat_Cyber_Minority/ROS2_Imp/ros2_foxy/src/detector/install/detector/share/ament_index/resource_index/packages/detector
-- Up-to-date symlink: /home/roboboat/RoboBoat_Cyber_Minority/ROS2_Imp/ros2_foxy/src/detector/install/detector/share/detector/cmake/rosidl_cmake-extras.cmake
-- Up-to-date symlink: /home/roboboat/RoboBoat_Cyber_Minority/ROS2_Imp/ros2_foxy/src/detector/install/detector/share/detector/cmake/ament_cmake_export_dependencies-extras.cmake
-- Up-to-date symlink: /home/roboboat/RoboBoat_Cyber_Minority/ROS2_Imp/ros2_foxy/src/detector/install/detector/share/detector/cmake/ament_cmake_export_libraries-extras.cmake
-- Up-to-date symlink: /home/roboboat/RoboBoat_Cyber_Minority/ROS2_Imp/ros2_foxy/src/detector/install/detector/share/detector/cmake/ament_cmake_export_targets-extras.cmake
-- Up-to-date symlink: /home/roboboat/RoboBoat_Cyber_Minority/ROS2_Imp/ros2_foxy/src/detector/install/detector/share/detector/cmake/ament_cmake_export_include_directories-extras.cmake
-- Up-to-date symlink: /home/roboboat/RoboBoat_Cyber_Minority/ROS2_Imp/ros2_foxy/src/detector/install/detector/share/detector/cmake/rosidl_cmake_export_typesupport_libraries-extras.cmake
-- Up-to-date symlink: /home/roboboat/RoboBoat_Cyber_Minority/ROS2_Imp/ros2_foxy/src/detector/install/detector/share/detector/cmake/rosidl_cmake_export_typesupport_targets-extras.cmake
-- Up-to-date symlink: /home/roboboat/RoboBoat_Cyber_Minority/ROS2_Imp/ros2_foxy/src/detector/install/detector/share/detector/cmake/detectorConfig.cmake
-- Up-to-date symlink: /home/roboboat/RoboBoat_Cyber_Minority/ROS2_Imp/ros2_foxy/src/detector/install/detector/share/detector/cmake/detectorConfig-version.cmake
-- Up-to-date symlink: /home/roboboat/RoboBoat_Cyber_Minority/ROS2_Imp/ros2_foxy/src/detector/install/detector/share/detector/package.xml
-- Up-to-date: /home/roboboat/RoboBoat_Cyber_Minority/ROS2_Imp/ros2_foxy/src/detector/install/detector/lib/libdetector__rosidl_generator_c.so
-- Up-to-date: /home/roboboat/RoboBoat_Cyber_Minority/ROS2_Imp/ros2_foxy/src/detector/install/detector/lib/libdetector__rosidl_typesupport_introspection_c.so
-- Up-to-date: /home/roboboat/RoboBoat_Cyber_Minority/ROS2_Imp/ros2_foxy/src/detector/install/detector/lib/libdetector__rosidl_typesupport_c.so
-- Up-to-date: /home/roboboat/RoboBoat_Cyber_Minority/ROS2_Imp/ros2_foxy/src/detector/install/detector/lib/libdetector__rosidl_typesupport_introspection_cpp.so
-- Up-to-date: /home/roboboat/RoboBoat_Cyber_Minority/ROS2_Imp/ros2_foxy/src/detector/install/detector/lib/libdetector__rosidl_typesupport_cpp.so
-- Up-to-date: /home/roboboat/RoboBoat_Cyber_Minority/ROS2_Imp/ros2_foxy/src/detector/install/detector/share/detector/cmake/detector__rosidl_generator_cExport.cmake
-- Up-to-date: /home/roboboat/RoboBoat_Cyber_Minority/ROS2_Imp/ros2_foxy/src/detector/install/detector/share/detector/cmake/detector__rosidl_generator_cExport-noconfig.cmake
-- Up-to-date: /home/roboboat/RoboBoat_Cyber_Minority/ROS2_Imp/ros2_foxy/src/detector/install/detector/share/detector/cmake/detector__rosidl_typesupport_introspection_cExport.cmake
-- Up-to-date: /home/roboboat/RoboBoat_Cyber_Minority/ROS2_Imp/ros2_foxy/src/detector/install/detector/share/detector/cmake/detector__rosidl_typesupport_introspection_cExport-noconfig.cmake
-- Up-to-date: /home/roboboat/RoboBoat_Cyber_Minority/ROS2_Imp/ros2_foxy/src/detector/install/detector/share/detector/cmake/detector__rosidl_typesupport_cExport.cmake
-- Up-to-date: /home/roboboat/RoboBoat_Cyber_Minority/ROS2_Imp/ros2_foxy/src/detector/install/detector/share/detector/cmake/detector__rosidl_typesupport_cExport-noconfig.cmake
-- Up-to-date: /home/roboboat/RoboBoat_Cyber_Minority/ROS2_Imp/ros2_foxy/src/detector/install/detector/share/detector/cmake/detector__rosidl_generator_cppExport.cmake
-- Up-to-date: /home/roboboat/RoboBoat_Cyber_Minority/ROS2_Imp/ros2_foxy/src/detector/install/detector/share/detector/cmake/detector__rosidl_typesupport_introspection_cppExport.cmake
-- Up-to-date: /home/roboboat/RoboBoat_Cyber_Minority/ROS2_Imp/ros2_foxy/src/detector/install/detector/share/detector/cmake/detector__rosidl_typesupport_introspection_cppExport-noconfig.cmake
-- Up-to-date: /home/roboboat/RoboBoat_Cyber_Minority/ROS2_Imp/ros2_foxy/src/detector/install/detector/share/detector/cmake/detector__rosidl_typesupport_cppExport.cmake
-- Up-to-date: /home/roboboat/RoboBoat_Cyber_Minority/ROS2_Imp/ros2_foxy/src/detector/install/detector/share/detector/cmake/detector__rosidl_typesupport_cppExport-noconfig.cmake
